{"assetPair":"ETHBUSD","data":{"price":"2731.08000000","symbol":"ETHBUSD"},"level":"info","message":"Latest price","service":"api-d27bc23-binance-ETHBUSD","timestamp":"2022-03-04T13:00:53.021Z"}
{"assetPair":"ETHBUSD","data":{"price":"2723.33000000","symbol":"ETHBUSD"},"level":"info","message":"Latest price","service":"api-d27bc23-binance-ETHBUSD","timestamp":"2022-03-04T13:03:53.061Z"}
{"assetPair":"ETHBUSD","data":{"price":"2725.90000000","symbol":"ETHBUSD"},"level":"info","message":"Latest price","service":"api-d27bc23-binance-ETHBUSD","timestamp":"2022-03-04T13:06:53.099Z"}
{"assetPair":"ETHBUSD","data":{"price":"2727.55000000","symbol":"ETHBUSD"},"level":"info","message":"Latest price","service":"api-d27bc23-binance-ETHBUSD","timestamp":"2022-03-04T13:09:53.130Z"}
{"assetPair":"ETHBUSD","data":{"price":"2728.33000000","symbol":"ETHBUSD"},"level":"info","message":"Latest price","service":"api-d27bc23-binance-ETHBUSD","timestamp":"2022-03-04T13:12:53.170Z"}
{"assetPair":"ETHBUSD","data":{"price":"2725.14000000","symbol":"ETHBUSD"},"level":"info","message":"Latest price","service":"api-d27bc23-binance-ETHBUSD","timestamp":"2022-03-04T13:15:53.211Z"}
{"assetPair":"ETHBUSD","data":{"price":"2723.66000000","symbol":"ETHBUSD"},"level":"info","message":"Latest price","service":"api-d27bc23-binance-ETHBUSD","timestamp":"2022-03-04T13:18:53.251Z"}
{"assetPair":"ETHBUSD","data":{"price":"2724.71000000","symbol":"ETHBUSD"},"level":"info","message":"Latest price","service":"api-d27bc23-binance-ETHBUSD","timestamp":"2022-03-04T13:21:53.291Z"}
{"assetPair":"ETHBUSD","data":{"price":"2725.08000000","symbol":"ETHBUSD"},"level":"info","message":"Latest price","service":"api-d27bc23-binance-ETHBUSD","timestamp":"2022-03-04T13:24:53.333Z"}
{"assetPair":"ETHBUSD","data":{"price":"2726.93000000","symbol":"ETHBUSD"},"level":"info","message":"Latest price","service":"api-d27bc23-binance-ETHBUSD","timestamp":"2022-03-04T13:27:53.416Z"}
{"assetPair":"ETHBUSD","data":{"price":"2745.07000000","symbol":"ETHBUSD"},"level":"info","message":"Latest price","service":"api-d27bc23-binance-ETHBUSD","timestamp":"2022-03-04T13:30:53.463Z"}
{"assetPair":"ETHBUSD","data":{"price":"2744.58000000","symbol":"ETHBUSD"},"level":"info","message":"Latest price","service":"api-d27bc23-binance-ETHBUSD","timestamp":"2022-03-04T13:33:53.551Z"}
{"assetPair":"ETHBUSD","data":{"price":"2729.82000000","symbol":"ETHBUSD"},"level":"info","message":"Latest price","service":"api-d27bc23-binance-ETHBUSD","timestamp":"2022-03-04T13:36:53.586Z"}
{"assetPair":"ETHBUSD","data":{"price":"2727.44000000","symbol":"ETHBUSD"},"level":"info","message":"Latest price","service":"api-d27bc23-binance-ETHBUSD","timestamp":"2022-03-04T13:39:53.619Z"}
{"assetPair":"ETHBUSD","data":{"price":"2727.94000000","symbol":"ETHBUSD"},"level":"info","message":"Latest price","service":"api-d27bc23-binance-ETHBUSD","timestamp":"2022-03-04T13:42:53.659Z"}
{"assetPair":"ETHBUSD","data":{"price":"2729.53000000","symbol":"ETHBUSD"},"level":"info","message":"Latest price","service":"api-d27bc23-binance-ETHBUSD","timestamp":"2022-03-04T13:45:53.709Z"}
{"assetPair":"ETHBUSD","data":{"price":"2726.14000000","symbol":"ETHBUSD"},"level":"info","message":"Latest price","service":"api-d27bc23-binance-ETHBUSD","timestamp":"2022-03-04T13:48:53.770Z"}
{"assetPair":"ETHBUSD","data":{"price":"2725.38000000","symbol":"ETHBUSD"},"level":"info","message":"Latest price","service":"api-d27bc23-binance-ETHBUSD","timestamp":"2022-03-04T13:51:53.859Z"}
{"assetPair":"ETHBUSD","data":{"price":"2720.92000000","symbol":"ETHBUSD"},"level":"info","message":"Latest price","service":"api-d27bc23-binance-ETHBUSD","timestamp":"2022-03-04T13:54:53.902Z"}
{"assetPair":"ETHBUSD","data":{"price":"2718.13000000","symbol":"ETHBUSD"},"level":"info","message":"Latest price","service":"api-d27bc23-binance-ETHBUSD","timestamp":"2022-03-04T13:57:53.966Z"}
{"assetPair":"ETHBUSD","data":{"price":"2721.24000000","symbol":"ETHBUSD"},"level":"info","message":"Latest price","service":"api-d27bc23-binance-ETHBUSD","timestamp":"2022-03-04T14:00:54.053Z"}
{"assetPair":"ETHBUSD","data":{"price":"2722.63000000","symbol":"ETHBUSD"},"level":"info","message":"Latest price","service":"api-d27bc23-binance-ETHBUSD","timestamp":"2022-03-04T14:03:54.136Z"}
{"assetPair":"ETHBUSD","data":{"price":"2716.69000000","symbol":"ETHBUSD"},"level":"info","message":"Latest price","service":"api-d27bc23-binance-ETHBUSD","timestamp":"2022-03-04T14:06:54.196Z"}
{"assetPair":"ETHBUSD","data":{"price":"2711.11000000","symbol":"ETHBUSD"},"level":"info","message":"Latest price","service":"api-d27bc23-binance-ETHBUSD","timestamp":"2022-03-04T14:09:54.237Z"}
{"assetPair":"ETHBUSD","data":{"price":"2711.68000000","symbol":"ETHBUSD"},"level":"info","message":"Latest price","service":"api-d27bc23-binance-ETHBUSD","timestamp":"2022-03-04T14:12:54.280Z"}
{"assetPair":"ETHBUSD","data":{"price":"2702.59000000","symbol":"ETHBUSD"},"level":"info","message":"Latest price","service":"api-d27bc23-binance-ETHBUSD","timestamp":"2022-03-04T14:15:54.364Z"}
{"assetPair":"ETHBUSD","data":{"price":"2705.07000000","symbol":"ETHBUSD"},"level":"info","message":"Latest price","service":"api-d27bc23-binance-ETHBUSD","timestamp":"2022-03-04T14:18:54.449Z"}
{"assetPair":"ETHBUSD","data":{"price":"2708.58000000","symbol":"ETHBUSD"},"level":"info","message":"Latest price","service":"api-d27bc23-binance-ETHBUSD","timestamp":"2022-03-04T14:21:54.529Z"}
{"assetPair":"ETHBUSD","data":{"price":"2708.01000000","symbol":"ETHBUSD"},"level":"info","message":"Latest price","service":"api-d27bc23-binance-ETHBUSD","timestamp":"2022-03-04T14:24:54.565Z"}
{"assetPair":"ETHBUSD","data":{"price":"2705.83000000","symbol":"ETHBUSD"},"level":"info","message":"Latest price","service":"api-d27bc23-binance-ETHBUSD","timestamp":"2022-03-04T14:27:54.604Z"}
{"assetPair":"ETHBUSD","data":{"price":"2708.70000000","symbol":"ETHBUSD"},"level":"info","message":"Latest price","service":"api-d27bc23-binance-ETHBUSD","timestamp":"2022-03-04T14:30:54.642Z"}
{"assetPair":"ETHBUSD","data":{"price":"2692.92000000","symbol":"ETHBUSD"},"level":"info","message":"Latest price","service":"api-d27bc23-binance-ETHBUSD","timestamp":"2022-03-04T14:33:54.681Z"}
{"assetPair":"ETHBUSD","data":{"price":"2701.30000000","symbol":"ETHBUSD"},"level":"info","message":"Latest price","service":"api-d27bc23-binance-ETHBUSD","timestamp":"2022-03-04T14:36:54.764Z"}
{"assetPair":"ETHBUSD","data":{"price":"2701.85000000","symbol":"ETHBUSD"},"level":"info","message":"Latest price","service":"api-d27bc23-binance-ETHBUSD","timestamp":"2022-03-04T14:39:54.819Z"}
{"assetPair":"ETHBUSD","data":{"price":"2692.83000000","symbol":"ETHBUSD"},"level":"info","message":"Latest price","service":"api-d27bc23-binance-ETHBUSD","timestamp":"2022-03-04T14:42:54.856Z"}
{"assetPair":"ETHBUSD","data":{"price":"2685.90000000","symbol":"ETHBUSD"},"level":"info","message":"Latest price","service":"api-d27bc23-binance-ETHBUSD","timestamp":"2022-03-04T14:45:54.894Z"}
{"assetPair":"ETHBUSD","data":{"price":"2679.59000000","symbol":"ETHBUSD"},"level":"info","message":"Latest price","service":"api-d27bc23-binance-ETHBUSD","timestamp":"2022-03-04T14:48:54.931Z"}
{"assetPair":"ETHBUSD","data":{"price":"2678.84000000","symbol":"ETHBUSD"},"level":"info","message":"Latest price","service":"api-d27bc23-binance-ETHBUSD","timestamp":"2022-03-04T14:51:54.996Z"}
{"assetPair":"ETHBUSD","data":{"price":"2679.74000000","symbol":"ETHBUSD"},"level":"info","message":"Latest price","service":"api-d27bc23-binance-ETHBUSD","timestamp":"2022-03-04T14:54:55.042Z"}
{"assetPair":"ETHBUSD","data":{"price":"2687.90000000","symbol":"ETHBUSD"},"level":"info","message":"Latest price","service":"api-d27bc23-binance-ETHBUSD","timestamp":"2022-03-04T14:57:55.070Z"}
{"assetPair":"ETHBUSD","data":{"price":"2708.33000000","symbol":"ETHBUSD"},"level":"info","message":"Latest price","service":"api-d27bc23-binance-ETHBUSD","timestamp":"2022-03-04T15:00:55.114Z"}
{"assetPair":"ETHBUSD","data":{"price":"2694.27000000","symbol":"ETHBUSD"},"level":"info","message":"Latest price","service":"api-d27bc23-binance-ETHBUSD","timestamp":"2022-03-04T15:03:55.157Z"}
{"assetPair":"ETHBUSD","data":{"price":"2689.14000000","symbol":"ETHBUSD"},"level":"info","message":"Latest price","service":"api-d27bc23-binance-ETHBUSD","timestamp":"2022-03-04T15:06:55.190Z"}
{"assetPair":"ETHBUSD","data":{"price":"2692.95000000","symbol":"ETHBUSD"},"level":"info","message":"Latest price","service":"api-d27bc23-binance-ETHBUSD","timestamp":"2022-03-04T15:09:55.242Z"}
{"assetPair":"ETHBUSD","data":{"price":"2683.27000000","symbol":"ETHBUSD"},"level":"info","message":"Latest price","service":"api-d27bc23-binance-ETHBUSD","timestamp":"2022-03-04T15:12:55.281Z"}
{"assetPair":"ETHBUSD","data":{"price":"2684.57000000","symbol":"ETHBUSD"},"level":"info","message":"Latest price","service":"api-d27bc23-binance-ETHBUSD","timestamp":"2022-03-04T15:15:55.316Z"}
{"assetPair":"ETHBUSD","data":{"price":"2672.79000000","symbol":"ETHBUSD"},"level":"info","message":"Latest price","service":"api-d27bc23-binance-ETHBUSD","timestamp":"2022-03-04T15:18:55.349Z"}
{"assetPair":"ETHBUSD","data":{"price":"2680.00000000","symbol":"ETHBUSD"},"level":"info","message":"Latest price","service":"api-d27bc23-binance-ETHBUSD","timestamp":"2022-03-04T15:21:55.386Z"}
{"assetPair":"ETHBUSD","data":{"price":"2678.65000000","symbol":"ETHBUSD"},"level":"info","message":"Latest price","service":"api-d27bc23-binance-ETHBUSD","timestamp":"2022-03-04T15:24:55.420Z"}
{"assetPair":"ETHBUSD","data":{"price":"2684.37000000","symbol":"ETHBUSD"},"level":"info","message":"Latest price","service":"api-d27bc23-binance-ETHBUSD","timestamp":"2022-03-04T15:27:55.455Z"}
{"assetPair":"ETHBUSD","data":{"price":"2680.15000000","symbol":"ETHBUSD"},"level":"info","message":"Latest price","service":"api-d27bc23-binance-ETHBUSD","timestamp":"2022-03-04T15:30:55.496Z"}
{"assetPair":"ETHBUSD","data":{"price":"2678.86000000","symbol":"ETHBUSD"},"level":"info","message":"Latest price","service":"api-d27bc23-binance-ETHBUSD","timestamp":"2022-03-04T15:33:55.540Z"}
{"assetPair":"ETHBUSD","data":{"price":"2685.78000000","symbol":"ETHBUSD"},"level":"info","message":"Latest price","service":"api-d27bc23-binance-ETHBUSD","timestamp":"2022-03-04T15:36:55.599Z"}
{"assetPair":"ETHBUSD","data":{"price":"2681.42000000","symbol":"ETHBUSD"},"level":"info","message":"Latest price","service":"api-d27bc23-binance-ETHBUSD","timestamp":"2022-03-04T15:39:55.696Z"}
{"assetPair":"ETHBUSD","data":{"price":"2677.01000000","symbol":"ETHBUSD"},"level":"info","message":"Latest price","service":"api-d27bc23-binance-ETHBUSD","timestamp":"2022-03-04T15:42:55.735Z"}
{"assetPair":"ETHBUSD","data":{"price":"2672.34000000","symbol":"ETHBUSD"},"level":"info","message":"Latest price","service":"api-d27bc23-binance-ETHBUSD","timestamp":"2022-03-04T15:45:55.768Z"}
{"assetPair":"ETHBUSD","data":{"price":"2675.98000000","symbol":"ETHBUSD"},"level":"info","message":"Latest price","service":"api-d27bc23-binance-ETHBUSD","timestamp":"2022-03-04T15:48:55.825Z"}
{"assetPair":"ETHBUSD","data":{"price":"2675.25000000","symbol":"ETHBUSD"},"level":"info","message":"Latest price","service":"api-d27bc23-binance-ETHBUSD","timestamp":"2022-03-04T15:51:55.863Z"}
{"assetPair":"ETHBUSD","data":{"price":"2678.58000000","symbol":"ETHBUSD"},"level":"info","message":"Latest price","service":"api-d27bc23-binance-ETHBUSD","timestamp":"2022-03-04T15:54:55.897Z"}
{"assetPair":"ETHBUSD","data":{"price":"2677.37000000","symbol":"ETHBUSD"},"level":"info","message":"Latest price","service":"api-d27bc23-binance-ETHBUSD","timestamp":"2022-03-04T15:57:55.936Z"}
{"assetPair":"ETHBUSD","data":{"price":"2675.68000000","symbol":"ETHBUSD"},"level":"info","message":"Latest price","service":"api-d27bc23-binance-ETHBUSD","timestamp":"2022-03-04T16:00:55.971Z"}
{"assetPair":"ETHBUSD","data":{"price":"2663.83000000","symbol":"ETHBUSD"},"level":"info","message":"Latest price","service":"api-d27bc23-binance-ETHBUSD","timestamp":"2022-03-04T16:03:56.030Z"}
{"assetPair":"ETHBUSD","data":{"price":"2666.34000000","symbol":"ETHBUSD"},"level":"info","message":"Latest price","service":"api-d27bc23-binance-ETHBUSD","timestamp":"2022-03-04T16:06:56.109Z"}
{"assetPair":"ETHBUSD","data":{"price":"2663.65000000","symbol":"ETHBUSD"},"level":"info","message":"Latest price","service":"api-d27bc23-binance-ETHBUSD","timestamp":"2022-03-04T16:09:56.142Z"}
{"assetPair":"ETHBUSD","data":{"price":"2656.61000000","symbol":"ETHBUSD"},"level":"info","message":"Latest price","service":"api-d27bc23-binance-ETHBUSD","timestamp":"2022-03-04T16:12:56.174Z"}
{"assetPair":"ETHBUSD","data":{"price":"2667.29000000","symbol":"ETHBUSD"},"level":"info","message":"Latest price","service":"api-d27bc23-binance-ETHBUSD","timestamp":"2022-03-04T16:15:56.211Z"}
{"assetPair":"ETHBUSD","data":{"price":"2672.00000000","symbol":"ETHBUSD"},"level":"info","message":"Latest price","service":"api-d27bc23-binance-ETHBUSD","timestamp":"2022-03-04T16:18:56.274Z"}
{"assetPair":"ETHBUSD","data":{"price":"2664.01000000","symbol":"ETHBUSD"},"level":"info","message":"Latest price","service":"api-d27bc23-binance-ETHBUSD","timestamp":"2022-03-04T16:21:56.392Z"}
{"assetPair":"ETHBUSD","data":{"price":"2666.97000000","symbol":"ETHBUSD"},"level":"info","message":"Latest price","service":"api-d27bc23-binance-ETHBUSD","timestamp":"2022-03-04T16:24:56.456Z"}
{"assetPair":"ETHBUSD","data":{"price":"2666.90000000","symbol":"ETHBUSD"},"level":"info","message":"Latest price","service":"api-d27bc23-binance-ETHBUSD","timestamp":"2022-03-04T16:27:56.513Z"}
{"assetPair":"ETHBUSD","data":{"price":"2665.41000000","symbol":"ETHBUSD"},"level":"info","message":"Latest price","service":"api-d27bc23-binance-ETHBUSD","timestamp":"2022-03-04T16:30:56.546Z"}
{"assetPair":"ETHBUSD","data":{"price":"2654.61000000","symbol":"ETHBUSD"},"level":"info","message":"Latest price","service":"api-d27bc23-binance-ETHBUSD","timestamp":"2022-03-04T16:33:56.581Z"}
{"assetPair":"ETHBUSD","data":{"price":"2664.93000000","symbol":"ETHBUSD"},"level":"info","message":"Latest price","service":"api-d27bc23-binance-ETHBUSD","timestamp":"2022-03-04T16:36:56.621Z"}
{"assetPair":"ETHBUSD","data":{"price":"2676.38000000","symbol":"ETHBUSD"},"level":"info","message":"Latest price","service":"api-d27bc23-binance-ETHBUSD","timestamp":"2022-03-04T16:39:56.659Z"}
{"assetPair":"ETHBUSD","data":{"price":"2674.90000000","symbol":"ETHBUSD"},"level":"info","message":"Latest price","service":"api-d27bc23-binance-ETHBUSD","timestamp":"2022-03-04T16:42:56.695Z"}
{"assetPair":"ETHBUSD","data":{"price":"2677.17000000","symbol":"ETHBUSD"},"level":"info","message":"Latest price","service":"api-d27bc23-binance-ETHBUSD","timestamp":"2022-03-04T16:45:56.730Z"}
{"assetPair":"ETHBUSD","data":{"price":"2683.68000000","symbol":"ETHBUSD"},"level":"info","message":"Latest price","service":"api-d27bc23-binance-ETHBUSD","timestamp":"2022-03-04T16:48:56.774Z"}
{"assetPair":"ETHBUSD","data":{"price":"2680.37000000","symbol":"ETHBUSD"},"level":"info","message":"Latest price","service":"api-d27bc23-binance-ETHBUSD","timestamp":"2022-03-04T16:51:56.839Z"}
{"assetPair":"ETHBUSD","data":{"price":"2680.95000000","symbol":"ETHBUSD"},"level":"info","message":"Latest price","service":"api-d27bc23-binance-ETHBUSD","timestamp":"2022-03-04T16:54:56.882Z"}
{"assetPair":"ETHBUSD","data":{"price":"2676.51000000","symbol":"ETHBUSD"},"level":"info","message":"Latest price","service":"api-d27bc23-binance-ETHBUSD","timestamp":"2022-03-04T16:57:56.950Z"}
{"assetPair":"ETHBUSD","data":{"price":"2672.30000000","symbol":"ETHBUSD"},"level":"info","message":"Latest price","service":"api-d27bc23-binance-ETHBUSD","timestamp":"2022-03-04T17:00:56.991Z"}
{"assetPair":"ETHBUSD","data":{"price":"2676.08000000","symbol":"ETHBUSD"},"level":"info","message":"Latest price","service":"api-d27bc23-binance-ETHBUSD","timestamp":"2022-03-04T17:03:57.050Z"}
{"assetPair":"ETHBUSD","data":{"price":"2683.58000000","symbol":"ETHBUSD"},"level":"info","message":"Latest price","service":"api-d27bc23-binance-ETHBUSD","timestamp":"2022-03-04T17:06:57.099Z"}
{"assetPair":"ETHBUSD","data":{"price":"2682.03000000","symbol":"ETHBUSD"},"level":"info","message":"Latest price","service":"api-d27bc23-binance-ETHBUSD","timestamp":"2022-03-04T17:09:57.137Z"}
{"assetPair":"ETHBUSD","data":{"price":"2689.58000000","symbol":"ETHBUSD"},"level":"info","message":"Latest price","service":"api-d27bc23-binance-ETHBUSD","timestamp":"2022-03-04T17:12:57.174Z"}
{"assetPair":"ETHBUSD","data":{"price":"2693.99000000","symbol":"ETHBUSD"},"level":"info","message":"Latest price","service":"api-d27bc23-binance-ETHBUSD","timestamp":"2022-03-04T17:15:57.216Z"}
{"assetPair":"ETHBUSD","data":{"price":"2690.57000000","symbol":"ETHBUSD"},"level":"info","message":"Latest price","service":"api-d27bc23-binance-ETHBUSD","timestamp":"2022-03-04T17:18:57.272Z"}
{"assetPair":"ETHBUSD","data":{"price":"2689.63000000","symbol":"ETHBUSD"},"level":"info","message":"Latest price","service":"api-d27bc23-binance-ETHBUSD","timestamp":"2022-03-04T17:21:57.304Z"}
{"assetPair":"ETHBUSD","data":{"price":"2687.74000000","symbol":"ETHBUSD"},"level":"info","message":"Latest price","service":"api-d27bc23-binance-ETHBUSD","timestamp":"2022-03-04T17:24:57.345Z"}
{"assetPair":"ETHBUSD","data":{"price":"2686.24000000","symbol":"ETHBUSD"},"level":"info","message":"Latest price","service":"api-d27bc23-binance-ETHBUSD","timestamp":"2022-03-04T17:27:57.392Z"}
{"assetPair":"ETHBUSD","data":{"price":"2689.88000000","symbol":"ETHBUSD"},"level":"info","message":"Latest price","service":"api-d27bc23-binance-ETHBUSD","timestamp":"2022-03-04T17:30:57.435Z"}
{"assetPair":"ETHBUSD","data":{"price":"2686.91000000","symbol":"ETHBUSD"},"level":"info","message":"Latest price","service":"api-d27bc23-binance-ETHBUSD","timestamp":"2022-03-04T17:33:57.497Z"}
{"assetPair":"ETHBUSD","data":{"price":"2689.93000000","symbol":"ETHBUSD"},"level":"info","message":"Latest price","service":"api-d27bc23-binance-ETHBUSD","timestamp":"2022-03-04T17:36:57.535Z"}
{"assetPair":"ETHBUSD","data":{"price":"2690.65000000","symbol":"ETHBUSD"},"level":"info","message":"Latest price","service":"api-d27bc23-binance-ETHBUSD","timestamp":"2022-03-04T17:39:57.601Z"}
{"assetPair":"ETHBUSD","data":{"price":"2689.30000000","symbol":"ETHBUSD"},"level":"info","message":"Latest price","service":"api-d27bc23-binance-ETHBUSD","timestamp":"2022-03-04T17:42:57.646Z"}
{"assetPair":"ETHBUSD","data":{"price":"2681.72000000","symbol":"ETHBUSD"},"level":"info","message":"Latest price","service":"api-d27bc23-binance-ETHBUSD","timestamp":"2022-03-04T17:45:57.684Z"}
{"assetPair":"ETHBUSD","data":{"price":"2683.74000000","symbol":"ETHBUSD"},"level":"info","message":"Latest price","service":"api-d27bc23-binance-ETHBUSD","timestamp":"2022-03-04T17:48:57.722Z"}
{"assetPair":"ETHBUSD","data":{"price":"2685.00000000","symbol":"ETHBUSD"},"level":"info","message":"Latest price","service":"api-d27bc23-binance-ETHBUSD","timestamp":"2022-03-04T17:51:57.826Z"}
{"assetPair":"ETHBUSD","data":{"price":"2689.50000000","symbol":"ETHBUSD"},"level":"info","message":"Latest price","service":"api-d27bc23-binance-ETHBUSD","timestamp":"2022-03-04T17:54:57.870Z"}
{"assetPair":"ETHBUSD","data":{"price":"2692.02000000","symbol":"ETHBUSD"},"level":"info","message":"Latest price","service":"api-d27bc23-binance-ETHBUSD","timestamp":"2022-03-04T17:57:57.908Z"}
{"assetPair":"ETHBUSD","data":{"price":"2693.65000000","symbol":"ETHBUSD"},"level":"info","message":"Latest price","service":"api-d27bc23-binance-ETHBUSD","timestamp":"2022-03-04T18:00:57.955Z"}
{"assetPair":"ETHBUSD","data":{"price":"2695.43000000","symbol":"ETHBUSD"},"level":"info","message":"Latest price","service":"api-d27bc23-binance-ETHBUSD","timestamp":"2022-03-04T18:03:57.996Z"}
{"assetPair":"ETHBUSD","data":{"price":"2696.26000000","symbol":"ETHBUSD"},"level":"info","message":"Latest price","service":"api-d27bc23-binance-ETHBUSD","timestamp":"2022-03-04T18:06:58.034Z"}
{"assetPair":"ETHBUSD","data":{"price":"2693.42000000","symbol":"ETHBUSD"},"level":"info","message":"Latest price","service":"api-d27bc23-binance-ETHBUSD","timestamp":"2022-03-04T18:09:58.066Z"}
{"assetPair":"ETHBUSD","data":{"price":"2688.41000000","symbol":"ETHBUSD"},"level":"info","message":"Latest price","service":"api-d27bc23-binance-ETHBUSD","timestamp":"2022-03-04T18:12:58.103Z"}
{"assetPair":"ETHBUSD","data":{"price":"2690.22000000","symbol":"ETHBUSD"},"level":"info","message":"Latest price","service":"api-d27bc23-binance-ETHBUSD","timestamp":"2022-03-04T18:15:58.151Z"}
{"assetPair":"ETHBUSD","data":{"price":"2685.42000000","symbol":"ETHBUSD"},"level":"info","message":"Latest price","service":"api-d27bc23-binance-ETHBUSD","timestamp":"2022-03-04T18:18:58.192Z"}
{"assetPair":"ETHBUSD","data":{"price":"2688.22000000","symbol":"ETHBUSD"},"level":"info","message":"Latest price","service":"api-d27bc23-binance-ETHBUSD","timestamp":"2022-03-04T18:21:58.230Z"}
{"assetPair":"ETHBUSD","data":{"price":"2683.68000000","symbol":"ETHBUSD"},"level":"info","message":"Latest price","service":"api-d27bc23-binance-ETHBUSD","timestamp":"2022-03-04T18:24:58.259Z"}
{"assetPair":"ETHBUSD","data":{"price":"2685.71000000","symbol":"ETHBUSD"},"level":"info","message":"Latest price","service":"api-d27bc23-binance-ETHBUSD","timestamp":"2022-03-04T18:27:58.298Z"}
{"assetPair":"ETHBUSD","data":{"price":"2684.94000000","symbol":"ETHBUSD"},"level":"info","message":"Latest price","service":"api-d27bc23-binance-ETHBUSD","timestamp":"2022-03-04T18:30:58.336Z"}
{"assetPair":"ETHBUSD","data":{"price":"2689.91000000","symbol":"ETHBUSD"},"level":"info","message":"Latest price","service":"api-d27bc23-binance-ETHBUSD","timestamp":"2022-03-04T18:33:58.371Z"}
{"assetPair":"ETHBUSD","data":{"price":"2687.64000000","symbol":"ETHBUSD"},"level":"info","message":"Latest price","service":"api-d27bc23-binance-ETHBUSD","timestamp":"2022-03-04T18:36:58.400Z"}
{"assetPair":"ETHBUSD","data":{"price":"2689.30000000","symbol":"ETHBUSD"},"level":"info","message":"Latest price","service":"api-d27bc23-binance-ETHBUSD","timestamp":"2022-03-04T18:39:58.473Z"}
{"assetPair":"ETHBUSD","data":{"price":"2672.92000000","symbol":"ETHBUSD"},"level":"info","message":"Latest price","service":"api-d27bc23-binance-ETHBUSD","timestamp":"2022-03-04T18:42:58.540Z"}
{"assetPair":"ETHBUSD","data":{"price":"2676.18000000","symbol":"ETHBUSD"},"level":"info","message":"Latest price","service":"api-d27bc23-binance-ETHBUSD","timestamp":"2022-03-04T18:45:58.575Z"}
{"assetPair":"ETHBUSD","data":{"price":"2676.70000000","symbol":"ETHBUSD"},"level":"info","message":"Latest price","service":"api-d27bc23-binance-ETHBUSD","timestamp":"2022-03-04T18:48:58.636Z"}
{"assetPair":"ETHBUSD","data":{"price":"2677.24000000","symbol":"ETHBUSD"},"level":"info","message":"Latest price","service":"api-d27bc23-binance-ETHBUSD","timestamp":"2022-03-04T18:51:58.672Z"}
{"assetPair":"ETHBUSD","data":{"price":"2674.34000000","symbol":"ETHBUSD"},"level":"info","message":"Latest price","service":"api-d27bc23-binance-ETHBUSD","timestamp":"2022-03-04T18:54:58.707Z"}
{"assetPair":"ETHBUSD","data":{"price":"2675.35000000","symbol":"ETHBUSD"},"level":"info","message":"Latest price","service":"api-d27bc23-binance-ETHBUSD","timestamp":"2022-03-04T18:57:58.739Z"}
{"assetPair":"ETHBUSD","data":{"price":"2673.57000000","symbol":"ETHBUSD"},"level":"info","message":"Latest price","service":"api-d27bc23-binance-ETHBUSD","timestamp":"2022-03-04T19:00:58.778Z"}
{"assetPair":"ETHBUSD","data":{"price":"2664.46000000","symbol":"ETHBUSD"},"level":"info","message":"Latest price","service":"api-d27bc23-binance-ETHBUSD","timestamp":"2022-03-04T19:03:58.813Z"}
{"assetPair":"ETHBUSD","data":{"price":"2660.97000000","symbol":"ETHBUSD"},"level":"info","message":"Latest price","service":"api-d27bc23-binance-ETHBUSD","timestamp":"2022-03-04T19:06:58.874Z"}
{"assetPair":"ETHBUSD","data":{"price":"2648.56000000","symbol":"ETHBUSD"},"level":"info","message":"Latest price","service":"api-d27bc23-binance-ETHBUSD","timestamp":"2022-03-04T19:09:58.908Z"}
{"assetPair":"ETHBUSD","data":{"price":"2631.05000000","symbol":"ETHBUSD"},"level":"info","message":"Latest price","service":"api-d27bc23-binance-ETHBUSD","timestamp":"2022-03-04T19:12:58.948Z"}
{"assetPair":"ETHBUSD","data":{"price":"2634.66000000","symbol":"ETHBUSD"},"level":"info","message":"Latest price","service":"api-d27bc23-binance-ETHBUSD","timestamp":"2022-03-04T19:15:58.993Z"}
{"assetPair":"ETHBUSD","data":{"price":"2634.66000000","symbol":"ETHBUSD"},"level":"info","message":"Latest price","service":"api-d27bc23-binance-ETHBUSD","timestamp":"2022-03-04T19:18:59.030Z"}
{"assetPair":"ETHBUSD","data":{"price":"2635.19000000","symbol":"ETHBUSD"},"level":"info","message":"Latest price","service":"api-d27bc23-binance-ETHBUSD","timestamp":"2022-03-04T19:21:59.056Z"}
{"assetPair":"ETHBUSD","data":{"price":"2634.40000000","symbol":"ETHBUSD"},"level":"info","message":"Latest price","service":"api-d27bc23-binance-ETHBUSD","timestamp":"2022-03-04T19:24:59.133Z"}
{"assetPair":"ETHBUSD","data":{"price":"2634.68000000","symbol":"ETHBUSD"},"level":"info","message":"Latest price","service":"api-d27bc23-binance-ETHBUSD","timestamp":"2022-03-04T19:27:59.194Z"}
{"assetPair":"ETHBUSD","data":{"price":"2636.89000000","symbol":"ETHBUSD"},"level":"info","message":"Latest price","service":"api-d27bc23-binance-ETHBUSD","timestamp":"2022-03-04T19:30:59.228Z"}
{"assetPair":"ETHBUSD","data":{"price":"2637.63000000","symbol":"ETHBUSD"},"level":"info","message":"Latest price","service":"api-d27bc23-binance-ETHBUSD","timestamp":"2022-03-04T19:33:59.264Z"}
{"assetPair":"ETHBUSD","data":{"price":"2636.01000000","symbol":"ETHBUSD"},"level":"info","message":"Latest price","service":"api-d27bc23-binance-ETHBUSD","timestamp":"2022-03-04T19:36:59.293Z"}
{"assetPair":"ETHBUSD","data":{"price":"2633.79000000","symbol":"ETHBUSD"},"level":"info","message":"Latest price","service":"api-d27bc23-binance-ETHBUSD","timestamp":"2022-03-04T19:39:59.325Z"}
{"assetPair":"ETHBUSD","data":{"price":"2628.27000000","symbol":"ETHBUSD"},"level":"info","message":"Latest price","service":"api-d27bc23-binance-ETHBUSD","timestamp":"2022-03-04T19:42:59.394Z"}
{"assetPair":"ETHBUSD","data":{"price":"2626.29000000","symbol":"ETHBUSD"},"level":"info","message":"Latest price","service":"api-d27bc23-binance-ETHBUSD","timestamp":"2022-03-04T19:45:59.426Z"}
{"assetPair":"ETHBUSD","data":{"price":"2625.96000000","symbol":"ETHBUSD"},"level":"info","message":"Latest price","service":"api-d27bc23-binance-ETHBUSD","timestamp":"2022-03-04T19:48:59.459Z"}
{"assetPair":"ETHBUSD","data":{"price":"2627.34000000","symbol":"ETHBUSD"},"level":"info","message":"Latest price","service":"api-d27bc23-binance-ETHBUSD","timestamp":"2022-03-04T19:51:59.499Z"}
{"assetPair":"ETHBUSD","data":{"price":"2624.23000000","symbol":"ETHBUSD"},"level":"info","message":"Latest price","service":"api-d27bc23-binance-ETHBUSD","timestamp":"2022-03-04T19:54:59.531Z"}
{"assetPair":"ETHBUSD","data":{"price":"2621.00000000","symbol":"ETHBUSD"},"level":"info","message":"Latest price","service":"api-d27bc23-binance-ETHBUSD","timestamp":"2022-03-04T19:57:59.561Z"}
{"assetPair":"ETHBUSD","data":{"price":"2615.02000000","symbol":"ETHBUSD"},"level":"info","message":"Latest price","service":"api-d27bc23-binance-ETHBUSD","timestamp":"2022-03-04T20:00:59.622Z"}
{"assetPair":"ETHBUSD","data":{"price":"2625.53000000","symbol":"ETHBUSD"},"level":"info","message":"Latest price","service":"api-d27bc23-binance-ETHBUSD","timestamp":"2022-03-04T20:03:59.659Z"}
{"assetPair":"ETHBUSD","data":{"price":"2625.90000000","symbol":"ETHBUSD"},"level":"info","message":"Latest price","service":"api-d27bc23-binance-ETHBUSD","timestamp":"2022-03-04T20:06:59.696Z"}
{"assetPair":"ETHBUSD","data":{"price":"2624.34000000","symbol":"ETHBUSD"},"level":"info","message":"Latest price","service":"api-d27bc23-binance-ETHBUSD","timestamp":"2022-03-04T20:09:59.743Z"}
{"assetPair":"ETHBUSD","data":{"price":"2621.00000000","symbol":"ETHBUSD"},"level":"info","message":"Latest price","service":"api-d27bc23-binance-ETHBUSD","timestamp":"2022-03-04T20:12:59.814Z"}
{"assetPair":"ETHBUSD","data":{"price":"2607.15000000","symbol":"ETHBUSD"},"level":"info","message":"Latest price","service":"api-d27bc23-binance-ETHBUSD","timestamp":"2022-03-04T20:15:59.858Z"}
{"balance":{"asset":"ETH","free":"0.00901810","locked":"0.00000000"},"level":"info","message":"Binance balance","service":"api-d27bc23-binance-ETHBUSD","timestamp":"2022-03-04T20:15:59.897Z"}
{"correctedPrice":"2607.15","correctedQty":"0.0090","forAsset":"BUSD","level":"info","message":"Initiating SELL","price":"2607.15000000","quantity":"0.00901810","sellAsset":"ETH","service":"api-d27bc23-binance-ETHBUSD","timestamp":"2022-03-04T20:15:59.930Z"}
{"data":{"clientOrderId":"wwiGAVwqsX94Dof0DJxxLp","cummulativeQuoteQty":"0.00000000","executedQty":"0.00000000","fills":[],"orderId":4279667625,"orderListId":-1,"origQty":"0.00900000","price":"2607.15000000","side":"SELL","status":"NEW","symbol":"ETHBUSD","timeInForce":"GTC","transactTime":1646424959954,"type":"LIMIT"},"level":"info","message":"SELL success","service":"api-d27bc23-binance-ETHBUSD","timestamp":"2022-03-04T20:15:59.957Z"}
{"level":"info","message":"Checking order status","origClientOrderId":"wwiGAVwqsX94Dof0DJxxLp","service":"api-d27bc23-binance-ETHBUSD","symbol":"ETHBUSD","timestamp":"2022-03-04T20:18:59.984Z"}
{"data":{"clientOrderId":"wwiGAVwqsX94Dof0DJxxLp","cummulativeQuoteQty":"23.46435000","executedQty":"0.00900000","icebergQty":"0.00000000","isWorking":true,"orderId":4279667625,"orderListId":-1,"origQty":"0.00900000","origQuoteOrderQty":"0.00000000","price":"2607.15000000","side":"SELL","status":"FILLED","stopPrice":"0.00000000","symbol":"ETHBUSD","time":1646424959954,"timeInForce":"GTC","type":"LIMIT","updateTime":1646424959980},"level":"info","message":"Order status","service":"api-d27bc23-binance-ETHBUSD","timestamp":"2022-03-04T20:19:00.012Z"}
{"assetPair":"ETHBUSD","data":{"price":"2606.83000000","symbol":"ETHBUSD"},"level":"info","message":"Latest price","service":"api-d27bc23-binance-ETHBUSD","timestamp":"2022-03-04T20:19:00.036Z"}
{"assetPair":"ETHBUSD","data":{"price":"2605.40000000","symbol":"ETHBUSD"},"level":"info","message":"Latest price","service":"api-d27bc23-binance-ETHBUSD","timestamp":"2022-03-04T20:22:00.063Z"}
{"assetPair":"ETHBUSD","data":{"price":"2602.55000000","symbol":"ETHBUSD"},"level":"info","message":"Latest price","service":"api-d27bc23-binance-ETHBUSD","timestamp":"2022-03-04T20:25:00.085Z"}
{"assetPair":"ETHBUSD","data":{"price":"2608.07000000","symbol":"ETHBUSD"},"level":"info","message":"Latest price","service":"api-d27bc23-binance-ETHBUSD","timestamp":"2022-03-04T20:28:00.116Z"}
{"assetPair":"ETHBUSD","data":{"price":"2608.00000000","symbol":"ETHBUSD"},"level":"info","message":"Latest price","service":"api-d27bc23-binance-ETHBUSD","timestamp":"2022-03-04T20:31:00.195Z"}
{"assetPair":"ETHBUSD","data":{"price":"2606.53000000","symbol":"ETHBUSD"},"level":"info","message":"Latest price","service":"api-d27bc23-binance-ETHBUSD","timestamp":"2022-03-04T20:34:00.223Z"}
{"assetPair":"ETHBUSD","data":{"price":"2610.36000000","symbol":"ETHBUSD"},"level":"info","message":"Latest price","service":"api-d27bc23-binance-ETHBUSD","timestamp":"2022-03-04T20:37:00.251Z"}
{"assetPair":"ETHBUSD","data":{"price":"2605.11000000","symbol":"ETHBUSD"},"level":"info","message":"Latest price","service":"api-d27bc23-binance-ETHBUSD","timestamp":"2022-03-04T20:40:00.273Z"}
{"assetPair":"ETHBUSD","data":{"price":"2619.38000000","symbol":"ETHBUSD"},"level":"info","message":"Latest price","service":"api-d27bc23-binance-ETHBUSD","timestamp":"2022-03-04T20:43:00.304Z"}
{"assetPair":"ETHBUSD","data":{"price":"2616.38000000","symbol":"ETHBUSD"},"level":"info","message":"Latest price","service":"api-d27bc23-binance-ETHBUSD","timestamp":"2022-03-04T20:46:00.330Z"}
{"assetPair":"ETHBUSD","data":{"price":"2611.79000000","symbol":"ETHBUSD"},"level":"info","message":"Latest price","service":"api-d27bc23-binance-ETHBUSD","timestamp":"2022-03-04T20:49:00.361Z"}
{"assetPair":"ETHBUSD","data":{"price":"2613.14000000","symbol":"ETHBUSD"},"level":"info","message":"Latest price","service":"api-d27bc23-binance-ETHBUSD","timestamp":"2022-03-04T20:52:00.412Z"}
{"assetPair":"ETHBUSD","data":{"price":"2620.00000000","symbol":"ETHBUSD"},"level":"info","message":"Latest price","service":"api-d27bc23-binance-ETHBUSD","timestamp":"2022-03-04T20:55:00.446Z"}
{"assetPair":"ETHBUSD","data":{"price":"2617.91000000","symbol":"ETHBUSD"},"level":"info","message":"Latest price","service":"api-d27bc23-binance-ETHBUSD","timestamp":"2022-03-04T20:58:00.484Z"}
{"assetPair":"ETHBUSD","data":{"price":"2620.27000000","symbol":"ETHBUSD"},"level":"info","message":"Latest price","service":"api-d27bc23-binance-ETHBUSD","timestamp":"2022-03-04T21:01:00.517Z"}
{"assetPair":"ETHBUSD","data":{"price":"2609.83000000","symbol":"ETHBUSD"},"level":"info","message":"Latest price","service":"api-d27bc23-binance-ETHBUSD","timestamp":"2022-03-04T21:04:00.558Z"}
{"assetPair":"ETHBUSD","data":{"price":"2611.93000000","symbol":"ETHBUSD"},"level":"info","message":"Latest price","service":"api-d27bc23-binance-ETHBUSD","timestamp":"2022-03-04T21:07:00.620Z"}
{"assetPair":"ETHBUSD","data":{"price":"2610.98000000","symbol":"ETHBUSD"},"level":"info","message":"Latest price","service":"api-d27bc23-binance-ETHBUSD","timestamp":"2022-03-04T21:10:00.656Z"}
{"assetPair":"ETHBUSD","data":{"price":"2608.84000000","symbol":"ETHBUSD"},"level":"info","message":"Latest price","service":"api-d27bc23-binance-ETHBUSD","timestamp":"2022-03-04T21:13:00.733Z"}
{"assetPair":"ETHBUSD","data":{"price":"2609.78000000","symbol":"ETHBUSD"},"level":"info","message":"Latest price","service":"api-d27bc23-binance-ETHBUSD","timestamp":"2022-03-04T21:16:00.759Z"}
{"assetPair":"ETHBUSD","data":{"price":"2606.22000000","symbol":"ETHBUSD"},"level":"info","message":"Latest price","service":"api-d27bc23-binance-ETHBUSD","timestamp":"2022-03-04T21:19:00.832Z"}
{"assetPair":"ETHBUSD","data":{"price":"2611.63000000","symbol":"ETHBUSD"},"level":"info","message":"Latest price","service":"api-d27bc23-binance-ETHBUSD","timestamp":"2022-03-04T21:22:00.863Z"}
{"assetPair":"ETHBUSD","data":{"price":"2613.52000000","symbol":"ETHBUSD"},"level":"info","message":"Latest price","service":"api-d27bc23-binance-ETHBUSD","timestamp":"2022-03-04T21:25:00.942Z"}
{"assetPair":"ETHBUSD","data":{"price":"2613.78000000","symbol":"ETHBUSD"},"level":"info","message":"Latest price","service":"api-d27bc23-binance-ETHBUSD","timestamp":"2022-03-04T21:28:00.975Z"}
{"assetPair":"ETHBUSD","data":{"price":"2611.40000000","symbol":"ETHBUSD"},"level":"info","message":"Latest price","service":"api-d27bc23-binance-ETHBUSD","timestamp":"2022-03-04T21:31:01.004Z"}
{"assetPair":"ETHBUSD","data":{"price":"2611.42000000","symbol":"ETHBUSD"},"level":"info","message":"Latest price","service":"api-d27bc23-binance-ETHBUSD","timestamp":"2022-03-04T21:34:01.043Z"}
{"assetPair":"ETHBUSD","data":{"price":"2610.98000000","symbol":"ETHBUSD"},"level":"info","message":"Latest price","service":"api-d27bc23-binance-ETHBUSD","timestamp":"2022-03-04T21:37:01.079Z"}
{"assetPair":"ETHBUSD","data":{"price":"2618.09000000","symbol":"ETHBUSD"},"level":"info","message":"Latest price","service":"api-d27bc23-binance-ETHBUSD","timestamp":"2022-03-04T21:40:01.109Z"}
{"balance":{"asset":"BUSD","free":"86.87296970","locked":"0.00000000"},"level":"info","message":"Binance balance","service":"api-d27bc23-binance-ETHBUSD","timestamp":"2022-03-04T21:40:01.132Z"}
{"buyAsset":"ETH","correctedPrice":"2618.09","correctedQty":"0.0094","level":"info","message":"Initiating BUY","price":"2618.09","quantity":"0.00945345652746849803","service":"api-d27bc23-binance-ETHBUSD","timestamp":"2022-03-04T21:40:01.133Z","withAsset":"BUSD"}
{"data":{"clientOrderId":"xvXJItKeffL2t3jaCUOL66","cummulativeQuoteQty":"0.00000000","executedQty":"0.00000000","fills":[],"orderId":4280109559,"orderListId":-1,"origQty":"0.00940000","price":"2618.09000000","side":"BUY","status":"NEW","symbol":"ETHBUSD","timeInForce":"GTC","transactTime":1646430001160,"type":"LIMIT"},"level":"info","message":"BUY success","service":"api-d27bc23-binance-ETHBUSD","timestamp":"2022-03-04T21:40:01.165Z"}
{"level":"info","message":"Checking order status","origClientOrderId":"xvXJItKeffL2t3jaCUOL66","service":"api-d27bc23-binance-ETHBUSD","symbol":"ETHBUSD","timestamp":"2022-03-04T21:43:01.169Z"}
{"data":{"clientOrderId":"xvXJItKeffL2t3jaCUOL66","cummulativeQuoteQty":"0.00000000","executedQty":"0.00000000","icebergQty":"0.00000000","isWorking":true,"orderId":4280109559,"orderListId":-1,"origQty":"0.00940000","origQuoteOrderQty":"0.00000000","price":"2618.09000000","side":"BUY","status":"NEW","stopPrice":"0.00000000","symbol":"ETHBUSD","time":1646430001160,"timeInForce":"GTC","type":"LIMIT","updateTime":1646430001160},"level":"info","message":"Order status","service":"api-d27bc23-binance-ETHBUSD","timestamp":"2022-03-04T21:43:01.206Z"}
{"level":"info","message":"Checking order status","origClientOrderId":"xvXJItKeffL2t3jaCUOL66","service":"api-d27bc23-binance-ETHBUSD","symbol":"ETHBUSD","timestamp":"2022-03-04T21:48:01.208Z"}
{"data":{"clientOrderId":"xvXJItKeffL2t3jaCUOL66","cummulativeQuoteQty":"0.00000000","executedQty":"0.00000000","icebergQty":"0.00000000","isWorking":true,"orderId":4280109559,"orderListId":-1,"origQty":"0.00940000","origQuoteOrderQty":"0.00000000","price":"2618.09000000","side":"BUY","status":"NEW","stopPrice":"0.00000000","symbol":"ETHBUSD","time":1646430001160,"timeInForce":"GTC","type":"LIMIT","updateTime":1646430001160},"level":"info","message":"Order status","service":"api-d27bc23-binance-ETHBUSD","timestamp":"2022-03-04T21:48:01.238Z"}
{"level":"info","message":"Checking order status","origClientOrderId":"xvXJItKeffL2t3jaCUOL66","service":"api-d27bc23-binance-ETHBUSD","symbol":"ETHBUSD","timestamp":"2022-03-04T21:53:01.241Z"}
{"data":{"clientOrderId":"xvXJItKeffL2t3jaCUOL66","cummulativeQuoteQty":"24.61004600","executedQty":"0.00940000","icebergQty":"0.00000000","isWorking":true,"orderId":4280109559,"orderListId":-1,"origQty":"0.00940000","origQuoteOrderQty":"0.00000000","price":"2618.09000000","side":"BUY","status":"FILLED","stopPrice":"0.00000000","symbol":"ETHBUSD","time":1646430001160,"timeInForce":"GTC","type":"LIMIT","updateTime":1646430719766},"level":"info","message":"Order status","service":"api-d27bc23-binance-ETHBUSD","timestamp":"2022-03-04T21:53:01.269Z"}
{"assetPair":"ETHBUSD","data":{"price":"2615.43000000","symbol":"ETHBUSD"},"level":"info","message":"Latest price","service":"api-d27bc23-binance-ETHBUSD","timestamp":"2022-03-04T21:53:01.296Z"}
{"assetPair":"ETHBUSD","data":{"price":"2608.79000000","symbol":"ETHBUSD"},"level":"info","message":"Latest price","service":"api-d27bc23-binance-ETHBUSD","timestamp":"2022-03-04T21:56:01.326Z"}
{"assetPair":"ETHBUSD","data":{"price":"2609.45000000","symbol":"ETHBUSD"},"level":"info","message":"Latest price","service":"api-d27bc23-binance-ETHBUSD","timestamp":"2022-03-04T21:59:01.353Z"}
{"assetPair":"ETHBUSD","data":{"price":"2610.32000000","symbol":"ETHBUSD"},"level":"info","message":"Latest price","service":"api-d27bc23-binance-ETHBUSD","timestamp":"2022-03-04T22:02:01.388Z"}
{"assetPair":"ETHBUSD","data":{"price":"2610.46000000","symbol":"ETHBUSD"},"level":"info","message":"Latest price","service":"api-d27bc23-binance-ETHBUSD","timestamp":"2022-03-04T22:05:01.416Z"}
{"assetPair":"ETHBUSD","data":{"price":"2610.89000000","symbol":"ETHBUSD"},"level":"info","message":"Latest price","service":"api-d27bc23-binance-ETHBUSD","timestamp":"2022-03-04T22:08:01.441Z"}
{"assetPair":"ETHBUSD","data":{"price":"2608.33000000","symbol":"ETHBUSD"},"level":"info","message":"Latest price","service":"api-d27bc23-binance-ETHBUSD","timestamp":"2022-03-04T22:11:01.492Z"}
{"assetPair":"ETHBUSD","data":{"price":"2607.49000000","symbol":"ETHBUSD"},"level":"info","message":"Latest price","service":"api-d27bc23-binance-ETHBUSD","timestamp":"2022-03-04T22:14:01.521Z"}
{"assetPair":"ETHBUSD","data":{"price":"2602.94000000","symbol":"ETHBUSD"},"level":"info","message":"Latest price","service":"api-d27bc23-binance-ETHBUSD","timestamp":"2022-03-04T22:17:01.570Z"}
{"assetPair":"ETHBUSD","data":{"price":"2600.34000000","symbol":"ETHBUSD"},"level":"info","message":"Latest price","service":"api-d27bc23-binance-ETHBUSD","timestamp":"2022-03-04T22:20:01.598Z"}
{"assetPair":"ETHBUSD","data":{"price":"2597.96000000","symbol":"ETHBUSD"},"level":"info","message":"Latest price","service":"api-d27bc23-binance-ETHBUSD","timestamp":"2022-03-04T22:23:01.620Z"}
{"assetPair":"ETHBUSD","data":{"price":"2598.00000000","symbol":"ETHBUSD"},"level":"info","message":"Latest price","service":"api-d27bc23-binance-ETHBUSD","timestamp":"2022-03-04T22:26:01.655Z"}
{"assetPair":"ETHBUSD","data":{"price":"2589.86000000","symbol":"ETHBUSD"},"level":"info","message":"Latest price","service":"api-d27bc23-binance-ETHBUSD","timestamp":"2022-03-04T22:29:01.675Z"}
{"assetPair":"ETHBUSD","data":{"price":"2584.47000000","symbol":"ETHBUSD"},"level":"info","message":"Latest price","service":"api-d27bc23-binance-ETHBUSD","timestamp":"2022-03-04T22:32:01.705Z"}
{"assetPair":"ETHBUSD","data":{"price":"2589.82000000","symbol":"ETHBUSD"},"level":"info","message":"Latest price","service":"api-d27bc23-binance-ETHBUSD","timestamp":"2022-03-04T22:35:01.757Z"}
{"assetPair":"ETHBUSD","data":{"price":"2598.53000000","symbol":"ETHBUSD"},"level":"info","message":"Latest price","service":"api-d27bc23-binance-ETHBUSD","timestamp":"2022-03-04T22:38:01.805Z"}
{"assetPair":"ETHBUSD","data":{"price":"2592.64000000","symbol":"ETHBUSD"},"level":"info","message":"Latest price","service":"api-d27bc23-binance-ETHBUSD","timestamp":"2022-03-04T22:41:01.830Z"}
{"assetPair":"ETHBUSD","data":{"price":"2599.33000000","symbol":"ETHBUSD"},"level":"info","message":"Latest price","service":"api-d27bc23-binance-ETHBUSD","timestamp":"2022-03-04T22:44:01.855Z"}
{"assetPair":"ETHBUSD","data":{"price":"2599.23000000","symbol":"ETHBUSD"},"level":"info","message":"Latest price","service":"api-d27bc23-binance-ETHBUSD","timestamp":"2022-03-04T22:47:01.882Z"}
{"assetPair":"ETHBUSD","data":{"price":"2599.51000000","symbol":"ETHBUSD"},"level":"info","message":"Latest price","service":"api-d27bc23-binance-ETHBUSD","timestamp":"2022-03-04T22:50:01.914Z"}
{"assetPair":"ETHBUSD","data":{"price":"2607.22000000","symbol":"ETHBUSD"},"level":"info","message":"Latest price","service":"api-d27bc23-binance-ETHBUSD","timestamp":"2022-03-04T22:53:01.940Z"}
{"assetPair":"ETHBUSD","data":{"price":"2613.95000000","symbol":"ETHBUSD"},"level":"info","message":"Latest price","service":"api-d27bc23-binance-ETHBUSD","timestamp":"2022-03-04T22:56:01.975Z"}
{"assetPair":"ETHBUSD","data":{"price":"2613.75000000","symbol":"ETHBUSD"},"level":"info","message":"Latest price","service":"api-d27bc23-binance-ETHBUSD","timestamp":"2022-03-04T22:59:02.002Z"}
{"assetPair":"ETHBUSD","data":{"price":"2616.24000000","symbol":"ETHBUSD"},"level":"info","message":"Latest price","service":"api-d27bc23-binance-ETHBUSD","timestamp":"2022-03-04T23:02:02.033Z"}
{"assetPair":"ETHBUSD","data":{"price":"2615.27000000","symbol":"ETHBUSD"},"level":"info","message":"Latest price","service":"api-d27bc23-binance-ETHBUSD","timestamp":"2022-03-04T23:05:02.060Z"}
{"assetPair":"ETHBUSD","data":{"price":"2612.81000000","symbol":"ETHBUSD"},"level":"info","message":"Latest price","service":"api-d27bc23-binance-ETHBUSD","timestamp":"2022-03-04T23:08:02.113Z"}
{"assetPair":"ETHBUSD","data":{"price":"2613.62000000","symbol":"ETHBUSD"},"level":"info","message":"Latest price","service":"api-d27bc23-binance-ETHBUSD","timestamp":"2022-03-04T23:11:02.140Z"}
{"assetPair":"ETHBUSD","data":{"price":"2611.90000000","symbol":"ETHBUSD"},"level":"info","message":"Latest price","service":"api-d27bc23-binance-ETHBUSD","timestamp":"2022-03-04T23:14:02.221Z"}
{"assetPair":"ETHBUSD","data":{"price":"2618.72000000","symbol":"ETHBUSD"},"level":"info","message":"Latest price","service":"api-d27bc23-binance-ETHBUSD","timestamp":"2022-03-04T23:17:02.249Z"}
{"assetPair":"ETHBUSD","data":{"price":"2607.14000000","symbol":"ETHBUSD"},"level":"info","message":"Latest price","service":"api-d27bc23-binance-ETHBUSD","timestamp":"2022-03-04T23:20:02.324Z"}
{"assetPair":"ETHBUSD","data":{"price":"2614.93000000","symbol":"ETHBUSD"},"level":"info","message":"Latest price","service":"api-d27bc23-binance-ETHBUSD","timestamp":"2022-03-04T23:23:02.378Z"}
{"assetPair":"ETHBUSD","data":{"price":"2616.17000000","symbol":"ETHBUSD"},"level":"info","message":"Latest price","service":"api-d27bc23-binance-ETHBUSD","timestamp":"2022-03-04T23:26:02.405Z"}
{"assetPair":"ETHBUSD","data":{"price":"2616.00000000","symbol":"ETHBUSD"},"level":"info","message":"Latest price","service":"api-d27bc23-binance-ETHBUSD","timestamp":"2022-03-04T23:29:02.433Z"}
{"assetPair":"ETHBUSD","data":{"price":"2616.56000000","symbol":"ETHBUSD"},"level":"info","message":"Latest price","service":"api-d27bc23-binance-ETHBUSD","timestamp":"2022-03-04T23:32:02.483Z"}
{"assetPair":"ETHBUSD","data":{"price":"2620.18000000","symbol":"ETHBUSD"},"level":"info","message":"Latest price","service":"api-d27bc23-binance-ETHBUSD","timestamp":"2022-03-04T23:35:02.507Z"}
{"assetPair":"ETHBUSD","data":{"price":"2618.99000000","symbol":"ETHBUSD"},"level":"info","message":"Latest price","service":"api-d27bc23-binance-ETHBUSD","timestamp":"2022-03-04T23:38:02.533Z"}
{"assetPair":"ETHBUSD","data":{"price":"2619.50000000","symbol":"ETHBUSD"},"level":"info","message":"Latest price","service":"api-d27bc23-binance-ETHBUSD","timestamp":"2022-03-04T23:41:02.566Z"}
{"assetPair":"ETHBUSD","data":{"price":"2624.19000000","symbol":"ETHBUSD"},"level":"info","message":"Latest price","service":"api-d27bc23-binance-ETHBUSD","timestamp":"2022-03-04T23:44:02.608Z"}
{"assetPair":"ETHBUSD","data":{"price":"2619.30000000","symbol":"ETHBUSD"},"level":"info","message":"Latest price","service":"api-d27bc23-binance-ETHBUSD","timestamp":"2022-03-04T23:47:02.633Z"}
{"assetPair":"ETHBUSD","data":{"price":"2614.99000000","symbol":"ETHBUSD"},"level":"info","message":"Latest price","service":"api-d27bc23-binance-ETHBUSD","timestamp":"2022-03-04T23:50:02.662Z"}
{"assetPair":"ETHBUSD","data":{"price":"2614.50000000","symbol":"ETHBUSD"},"level":"info","message":"Latest price","service":"api-d27bc23-binance-ETHBUSD","timestamp":"2022-03-04T23:53:02.697Z"}
{"assetPair":"ETHBUSD","data":{"price":"2616.25000000","symbol":"ETHBUSD"},"level":"info","message":"Latest price","service":"api-d27bc23-binance-ETHBUSD","timestamp":"2022-03-04T23:56:02.721Z"}
{"assetPair":"ETHBUSD","data":{"price":"2621.53000000","symbol":"ETHBUSD"},"level":"info","message":"Latest price","service":"api-d27bc23-binance-ETHBUSD","timestamp":"2022-03-04T23:59:02.749Z"}
{"assetPair":"ETHBUSD","data":{"price":"2618.64000000","symbol":"ETHBUSD"},"level":"info","message":"Latest price","service":"api-d27bc23-binance-ETHBUSD","timestamp":"2022-03-05T00:02:02.773Z"}
{"assetPair":"ETHBUSD","data":{"price":"2618.12000000","symbol":"ETHBUSD"},"level":"info","message":"Latest price","service":"api-d27bc23-binance-ETHBUSD","timestamp":"2022-03-05T00:05:02.800Z"}
{"assetPair":"ETHBUSD","data":{"price":"2615.28000000","symbol":"ETHBUSD"},"level":"info","message":"Latest price","service":"api-d27bc23-binance-ETHBUSD","timestamp":"2022-03-05T00:08:02.869Z"}
{"assetPair":"ETHBUSD","data":{"price":"2615.85000000","symbol":"ETHBUSD"},"level":"info","message":"Latest price","service":"api-d27bc23-binance-ETHBUSD","timestamp":"2022-03-05T00:11:02.900Z"}
{"assetPair":"ETHBUSD","data":{"price":"2615.59000000","symbol":"ETHBUSD"},"level":"info","message":"Latest price","service":"api-d27bc23-binance-ETHBUSD","timestamp":"2022-03-05T00:14:02.927Z"}
{"assetPair":"ETHBUSD","data":{"price":"2610.21000000","symbol":"ETHBUSD"},"level":"info","message":"Latest price","service":"api-d27bc23-binance-ETHBUSD","timestamp":"2022-03-05T00:17:02.954Z"}
{"assetPair":"ETHBUSD","data":{"price":"2614.70000000","symbol":"ETHBUSD"},"level":"info","message":"Latest price","service":"api-d27bc23-binance-ETHBUSD","timestamp":"2022-03-05T00:20:03.004Z"}
{"assetPair":"ETHBUSD","data":{"price":"2615.70000000","symbol":"ETHBUSD"},"level":"info","message":"Latest price","service":"api-d27bc23-binance-ETHBUSD","timestamp":"2022-03-05T00:23:03.032Z"}
{"assetPair":"ETHBUSD","data":{"price":"2618.90000000","symbol":"ETHBUSD"},"level":"info","message":"Latest price","service":"api-d27bc23-binance-ETHBUSD","timestamp":"2022-03-05T00:26:03.071Z"}
{"assetPair":"ETHBUSD","data":{"price":"2617.98000000","symbol":"ETHBUSD"},"level":"info","message":"Latest price","service":"api-d27bc23-binance-ETHBUSD","timestamp":"2022-03-05T00:29:03.126Z"}
{"assetPair":"ETHBUSD","data":{"price":"2614.28000000","symbol":"ETHBUSD"},"level":"info","message":"Latest price","service":"api-d27bc23-binance-ETHBUSD","timestamp":"2022-03-05T00:32:03.156Z"}
{"assetPair":"ETHBUSD","data":{"price":"2608.46000000","symbol":"ETHBUSD"},"level":"info","message":"Latest price","service":"api-d27bc23-binance-ETHBUSD","timestamp":"2022-03-05T00:35:03.180Z"}
{"assetPair":"ETHBUSD","data":{"price":"2610.05000000","symbol":"ETHBUSD"},"level":"info","message":"Latest price","service":"api-d27bc23-binance-ETHBUSD","timestamp":"2022-03-05T00:38:03.206Z"}
{"assetPair":"ETHBUSD","data":{"price":"2605.65000000","symbol":"ETHBUSD"},"level":"info","message":"Latest price","service":"api-d27bc23-binance-ETHBUSD","timestamp":"2022-03-05T00:41:03.227Z"}
{"assetPair":"ETHBUSD","data":{"price":"2602.17000000","symbol":"ETHBUSD"},"level":"info","message":"Latest price","service":"api-d27bc23-binance-ETHBUSD","timestamp":"2022-03-05T00:44:03.279Z"}
{"assetPair":"ETHBUSD","data":{"price":"2599.64000000","symbol":"ETHBUSD"},"level":"info","message":"Latest price","service":"api-d27bc23-binance-ETHBUSD","timestamp":"2022-03-05T00:47:03.336Z"}
{"assetPair":"ETHBUSD","data":{"price":"2603.36000000","symbol":"ETHBUSD"},"level":"info","message":"Latest price","service":"api-d27bc23-binance-ETHBUSD","timestamp":"2022-03-05T00:50:03.395Z"}
{"assetPair":"ETHBUSD","data":{"price":"2609.61000000","symbol":"ETHBUSD"},"level":"info","message":"Latest price","service":"api-d27bc23-binance-ETHBUSD","timestamp":"2022-03-05T00:53:03.466Z"}
{"assetPair":"ETHBUSD","data":{"price":"2608.64000000","symbol":"ETHBUSD"},"level":"info","message":"Latest price","service":"api-d27bc23-binance-ETHBUSD","timestamp":"2022-03-05T00:56:03.519Z"}
{"assetPair":"ETHBUSD","data":{"price":"2599.71000000","symbol":"ETHBUSD"},"level":"info","message":"Latest price","service":"api-d27bc23-binance-ETHBUSD","timestamp":"2022-03-05T00:59:03.546Z"}
{"assetPair":"ETHBUSD","data":{"price":"2599.21000000","symbol":"ETHBUSD"},"level":"info","message":"Latest price","service":"api-d27bc23-binance-ETHBUSD","timestamp":"2022-03-05T01:02:03.567Z"}
{"assetPair":"ETHBUSD","data":{"price":"2605.17000000","symbol":"ETHBUSD"},"level":"info","message":"Latest price","service":"api-d27bc23-binance-ETHBUSD","timestamp":"2022-03-05T01:05:03.621Z"}
{"assetPair":"ETHBUSD","data":{"price":"2607.96000000","symbol":"ETHBUSD"},"level":"info","message":"Latest price","service":"api-d27bc23-binance-ETHBUSD","timestamp":"2022-03-05T01:08:03.657Z"}
{"assetPair":"ETHBUSD","data":{"price":"2611.27000000","symbol":"ETHBUSD"},"level":"info","message":"Latest price","service":"api-d27bc23-binance-ETHBUSD","timestamp":"2022-03-05T01:11:03.682Z"}
{"assetPair":"ETHBUSD","data":{"price":"2612.94000000","symbol":"ETHBUSD"},"level":"info","message":"Latest price","service":"api-d27bc23-binance-ETHBUSD","timestamp":"2022-03-05T01:14:03.708Z"}
{"assetPair":"ETHBUSD","data":{"price":"2610.27000000","symbol":"ETHBUSD"},"level":"info","message":"Latest price","service":"api-d27bc23-binance-ETHBUSD","timestamp":"2022-03-05T01:17:03.735Z"}
{"assetPair":"ETHBUSD","data":{"price":"2611.90000000","symbol":"ETHBUSD"},"level":"info","message":"Latest price","service":"api-d27bc23-binance-ETHBUSD","timestamp":"2022-03-05T01:20:03.776Z"}
{"assetPair":"ETHBUSD","data":{"price":"2614.16000000","symbol":"ETHBUSD"},"level":"info","message":"Latest price","service":"api-d27bc23-binance-ETHBUSD","timestamp":"2022-03-05T01:23:03.805Z"}
{"assetPair":"ETHBUSD","data":{"price":"2613.95000000","symbol":"ETHBUSD"},"level":"info","message":"Latest price","service":"api-d27bc23-binance-ETHBUSD","timestamp":"2022-03-05T01:26:03.857Z"}
{"assetPair":"ETHBUSD","data":{"price":"2608.76000000","symbol":"ETHBUSD"},"level":"info","message":"Latest price","service":"api-d27bc23-binance-ETHBUSD","timestamp":"2022-03-05T01:29:03.893Z"}
{"assetPair":"ETHBUSD","data":{"price":"2607.94000000","symbol":"ETHBUSD"},"level":"info","message":"Latest price","service":"api-d27bc23-binance-ETHBUSD","timestamp":"2022-03-05T01:32:03.915Z"}
{"assetPair":"ETHBUSD","data":{"price":"2608.44000000","symbol":"ETHBUSD"},"level":"info","message":"Latest price","service":"api-d27bc23-binance-ETHBUSD","timestamp":"2022-03-05T01:35:03.948Z"}
{"assetPair":"ETHBUSD","data":{"price":"2600.15000000","symbol":"ETHBUSD"},"level":"info","message":"Latest price","service":"api-d27bc23-binance-ETHBUSD","timestamp":"2022-03-05T01:38:03.977Z"}
{"assetPair":"ETHBUSD","data":{"price":"2610.87000000","symbol":"ETHBUSD"},"level":"info","message":"Latest price","service":"api-d27bc23-binance-ETHBUSD","timestamp":"2022-03-05T01:41:04.000Z"}
{"assetPair":"ETHBUSD","data":{"price":"2612.36000000","symbol":"ETHBUSD"},"level":"info","message":"Latest price","service":"api-d27bc23-binance-ETHBUSD","timestamp":"2022-03-05T01:44:04.024Z"}
{"assetPair":"ETHBUSD","data":{"price":"2614.03000000","symbol":"ETHBUSD"},"level":"info","message":"Latest price","service":"api-d27bc23-binance-ETHBUSD","timestamp":"2022-03-05T01:47:04.051Z"}
{"assetPair":"ETHBUSD","data":{"price":"2611.64000000","symbol":"ETHBUSD"},"level":"info","message":"Latest price","service":"api-d27bc23-binance-ETHBUSD","timestamp":"2022-03-05T01:50:04.076Z"}
{"assetPair":"ETHBUSD","data":{"price":"2610.73000000","symbol":"ETHBUSD"},"level":"info","message":"Latest price","service":"api-d27bc23-binance-ETHBUSD","timestamp":"2022-03-05T01:53:04.105Z"}
{"assetPair":"ETHBUSD","data":{"price":"2610.71000000","symbol":"ETHBUSD"},"level":"info","message":"Latest price","service":"api-d27bc23-binance-ETHBUSD","timestamp":"2022-03-05T01:56:04.134Z"}
{"assetPair":"ETHBUSD","data":{"price":"2611.97000000","symbol":"ETHBUSD"},"level":"info","message":"Latest price","service":"api-d27bc23-binance-ETHBUSD","timestamp":"2022-03-05T01:59:04.193Z"}
{"assetPair":"ETHBUSD","data":{"price":"2613.75000000","symbol":"ETHBUSD"},"level":"info","message":"Latest price","service":"api-d27bc23-binance-ETHBUSD","timestamp":"2022-03-05T02:02:04.218Z"}
{"assetPair":"ETHBUSD","data":{"price":"2610.62000000","symbol":"ETHBUSD"},"level":"info","message":"Latest price","service":"api-d27bc23-binance-ETHBUSD","timestamp":"2022-03-05T02:05:04.252Z"}
{"assetPair":"ETHBUSD","data":{"price":"2615.18000000","symbol":"ETHBUSD"},"level":"info","message":"Latest price","service":"api-d27bc23-binance-ETHBUSD","timestamp":"2022-03-05T02:08:04.281Z"}
{"assetPair":"ETHBUSD","data":{"price":"2618.44000000","symbol":"ETHBUSD"},"level":"info","message":"Latest price","service":"api-d27bc23-binance-ETHBUSD","timestamp":"2022-03-05T02:11:04.312Z"}
{"assetPair":"ETHBUSD","data":{"price":"2619.34000000","symbol":"ETHBUSD"},"level":"info","message":"Latest price","service":"api-d27bc23-binance-ETHBUSD","timestamp":"2022-03-05T02:14:04.384Z"}
{"assetPair":"ETHBUSD","data":{"price":"2619.43000000","symbol":"ETHBUSD"},"level":"info","message":"Latest price","service":"api-d27bc23-binance-ETHBUSD","timestamp":"2022-03-05T02:17:04.414Z"}
{"assetPair":"ETHBUSD","data":{"price":"2617.73000000","symbol":"ETHBUSD"},"level":"info","message":"Latest price","service":"api-d27bc23-binance-ETHBUSD","timestamp":"2022-03-05T02:20:04.437Z"}
{"assetPair":"ETHBUSD","data":{"price":"2613.96000000","symbol":"ETHBUSD"},"level":"info","message":"Latest price","service":"api-d27bc23-binance-ETHBUSD","timestamp":"2022-03-05T02:23:04.459Z"}
{"assetPair":"ETHBUSD","data":{"price":"2610.03000000","symbol":"ETHBUSD"},"level":"info","message":"Latest price","service":"api-d27bc23-binance-ETHBUSD","timestamp":"2022-03-05T02:26:04.486Z"}
{"assetPair":"ETHBUSD","data":{"price":"2610.97000000","symbol":"ETHBUSD"},"level":"info","message":"Latest price","service":"api-d27bc23-binance-ETHBUSD","timestamp":"2022-03-05T02:29:04.551Z"}
{"assetPair":"ETHBUSD","data":{"price":"2612.19000000","symbol":"ETHBUSD"},"level":"info","message":"Latest price","service":"api-d27bc23-binance-ETHBUSD","timestamp":"2022-03-05T02:32:04.575Z"}
{"assetPair":"ETHBUSD","data":{"price":"2609.73000000","symbol":"ETHBUSD"},"level":"info","message":"Latest price","service":"api-d27bc23-binance-ETHBUSD","timestamp":"2022-03-05T02:35:04.602Z"}
{"assetPair":"ETHBUSD","data":{"price":"2612.30000000","symbol":"ETHBUSD"},"level":"info","message":"Latest price","service":"api-d27bc23-binance-ETHBUSD","timestamp":"2022-03-05T02:38:04.672Z"}
{"assetPair":"ETHBUSD","data":{"price":"2608.82000000","symbol":"ETHBUSD"},"level":"info","message":"Latest price","service":"api-d27bc23-binance-ETHBUSD","timestamp":"2022-03-05T02:41:04.703Z"}
{"assetPair":"ETHBUSD","data":{"price":"2610.34000000","symbol":"ETHBUSD"},"level":"info","message":"Latest price","service":"api-d27bc23-binance-ETHBUSD","timestamp":"2022-03-05T02:44:04.754Z"}
{"assetPair":"ETHBUSD","data":{"price":"2611.30000000","symbol":"ETHBUSD"},"level":"info","message":"Latest price","service":"api-d27bc23-binance-ETHBUSD","timestamp":"2022-03-05T02:47:04.792Z"}
{"assetPair":"ETHBUSD","data":{"price":"2611.18000000","symbol":"ETHBUSD"},"level":"info","message":"Latest price","service":"api-d27bc23-binance-ETHBUSD","timestamp":"2022-03-05T02:50:04.824Z"}
{"assetPair":"ETHBUSD","data":{"price":"2612.57000000","symbol":"ETHBUSD"},"level":"info","message":"Latest price","service":"api-d27bc23-binance-ETHBUSD","timestamp":"2022-03-05T02:53:04.857Z"}
{"assetPair":"ETHBUSD","data":{"price":"2615.93000000","symbol":"ETHBUSD"},"level":"info","message":"Latest price","service":"api-d27bc23-binance-ETHBUSD","timestamp":"2022-03-05T02:56:04.898Z"}
{"assetPair":"ETHBUSD","data":{"price":"2614.36000000","symbol":"ETHBUSD"},"level":"info","message":"Latest price","service":"api-d27bc23-binance-ETHBUSD","timestamp":"2022-03-05T02:59:04.926Z"}
{"assetPair":"ETHBUSD","data":{"price":"2614.21000000","symbol":"ETHBUSD"},"level":"info","message":"Latest price","service":"api-d27bc23-binance-ETHBUSD","timestamp":"2022-03-05T03:02:04.948Z"}
{"assetPair":"ETHBUSD","data":{"price":"2617.86000000","symbol":"ETHBUSD"},"level":"info","message":"Latest price","service":"api-d27bc23-binance-ETHBUSD","timestamp":"2022-03-05T03:05:04.977Z"}
{"assetPair":"ETHBUSD","data":{"price":"2614.65000000","symbol":"ETHBUSD"},"level":"info","message":"Latest price","service":"api-d27bc23-binance-ETHBUSD","timestamp":"2022-03-05T03:08:05.005Z"}
{"assetPair":"ETHBUSD","data":{"price":"2613.27000000","symbol":"ETHBUSD"},"level":"info","message":"Latest price","service":"api-d27bc23-binance-ETHBUSD","timestamp":"2022-03-05T03:11:05.028Z"}
{"assetPair":"ETHBUSD","data":{"price":"2613.42000000","symbol":"ETHBUSD"},"level":"info","message":"Latest price","service":"api-d27bc23-binance-ETHBUSD","timestamp":"2022-03-05T03:14:05.056Z"}
{"assetPair":"ETHBUSD","data":{"price":"2618.08000000","symbol":"ETHBUSD"},"level":"info","message":"Latest price","service":"api-d27bc23-binance-ETHBUSD","timestamp":"2022-03-05T03:17:05.085Z"}
{"assetPair":"ETHBUSD","data":{"price":"2618.88000000","symbol":"ETHBUSD"},"level":"info","message":"Latest price","service":"api-d27bc23-binance-ETHBUSD","timestamp":"2022-03-05T03:20:05.110Z"}
{"assetPair":"ETHBUSD","data":{"price":"2619.60000000","symbol":"ETHBUSD"},"level":"info","message":"Latest price","service":"api-d27bc23-binance-ETHBUSD","timestamp":"2022-03-05T03:23:05.161Z"}
{"assetPair":"ETHBUSD","data":{"price":"2623.60000000","symbol":"ETHBUSD"},"level":"info","message":"Latest price","service":"api-d27bc23-binance-ETHBUSD","timestamp":"2022-03-05T03:26:05.228Z"}
{"assetPair":"ETHBUSD","data":{"price":"2623.98000000","symbol":"ETHBUSD"},"level":"info","message":"Latest price","service":"api-d27bc23-binance-ETHBUSD","timestamp":"2022-03-05T03:29:05.251Z"}
{"assetPair":"ETHBUSD","data":{"price":"2624.12000000","symbol":"ETHBUSD"},"level":"info","message":"Latest price","service":"api-d27bc23-binance-ETHBUSD","timestamp":"2022-03-05T03:32:05.281Z"}
{"assetPair":"ETHBUSD","data":{"price":"2628.43000000","symbol":"ETHBUSD"},"level":"info","message":"Latest price","service":"api-d27bc23-binance-ETHBUSD","timestamp":"2022-03-05T03:35:05.309Z"}
{"assetPair":"ETHBUSD","data":{"price":"2628.63000000","symbol":"ETHBUSD"},"level":"info","message":"Latest price","service":"api-d27bc23-binance-ETHBUSD","timestamp":"2022-03-05T03:38:05.329Z"}
{"assetPair":"ETHBUSD","data":{"price":"2629.00000000","symbol":"ETHBUSD"},"level":"info","message":"Latest price","service":"api-d27bc23-binance-ETHBUSD","timestamp":"2022-03-05T03:41:05.365Z"}
{"assetPair":"ETHBUSD","data":{"price":"2628.92000000","symbol":"ETHBUSD"},"level":"info","message":"Latest price","service":"api-d27bc23-binance-ETHBUSD","timestamp":"2022-03-05T03:44:05.392Z"}
{"assetPair":"ETHBUSD","data":{"price":"2630.01000000","symbol":"ETHBUSD"},"level":"info","message":"Latest price","service":"api-d27bc23-binance-ETHBUSD","timestamp":"2022-03-05T03:47:05.449Z"}
{"assetPair":"ETHBUSD","data":{"price":"2628.73000000","symbol":"ETHBUSD"},"level":"info","message":"Latest price","service":"api-d27bc23-binance-ETHBUSD","timestamp":"2022-03-05T03:50:05.481Z"}
{"assetPair":"ETHBUSD","data":{"price":"2626.73000000","symbol":"ETHBUSD"},"level":"info","message":"Latest price","service":"api-d27bc23-binance-ETHBUSD","timestamp":"2022-03-05T03:53:05.508Z"}
{"assetPair":"ETHBUSD","data":{"price":"2626.00000000","symbol":"ETHBUSD"},"level":"info","message":"Latest price","service":"api-d27bc23-binance-ETHBUSD","timestamp":"2022-03-05T03:56:05.571Z"}
{"assetPair":"ETHBUSD","data":{"price":"2626.30000000","symbol":"ETHBUSD"},"level":"info","message":"Latest price","service":"api-d27bc23-binance-ETHBUSD","timestamp":"2022-03-05T03:59:05.599Z"}
{"assetPair":"ETHBUSD","data":{"price":"2626.22000000","symbol":"ETHBUSD"},"level":"info","message":"Latest price","service":"api-d27bc23-binance-ETHBUSD","timestamp":"2022-03-05T04:02:05.636Z"}
{"assetPair":"ETHBUSD","data":{"price":"2624.49000000","symbol":"ETHBUSD"},"level":"info","message":"Latest price","service":"api-d27bc23-binance-ETHBUSD","timestamp":"2022-03-05T04:05:05.692Z"}
{"assetPair":"ETHBUSD","data":{"price":"2622.16000000","symbol":"ETHBUSD"},"level":"info","message":"Latest price","service":"api-d27bc23-binance-ETHBUSD","timestamp":"2022-03-05T04:08:05.716Z"}
{"assetPair":"ETHBUSD","data":{"price":"2621.07000000","symbol":"ETHBUSD"},"level":"info","message":"Latest price","service":"api-d27bc23-binance-ETHBUSD","timestamp":"2022-03-05T04:11:05.743Z"}
{"assetPair":"ETHBUSD","data":{"price":"2620.95000000","symbol":"ETHBUSD"},"level":"info","message":"Latest price","service":"api-d27bc23-binance-ETHBUSD","timestamp":"2022-03-05T04:14:05.773Z"}
{"assetPair":"ETHBUSD","data":{"price":"2620.18000000","symbol":"ETHBUSD"},"level":"info","message":"Latest price","service":"api-d27bc23-binance-ETHBUSD","timestamp":"2022-03-05T04:17:05.800Z"}
{"assetPair":"ETHBUSD","data":{"price":"2618.08000000","symbol":"ETHBUSD"},"level":"info","message":"Latest price","service":"api-d27bc23-binance-ETHBUSD","timestamp":"2022-03-05T04:20:05.833Z"}
{"assetPair":"ETHBUSD","data":{"price":"2619.55000000","symbol":"ETHBUSD"},"level":"info","message":"Latest price","service":"api-d27bc23-binance-ETHBUSD","timestamp":"2022-03-05T04:23:05.858Z"}
{"assetPair":"ETHBUSD","data":{"price":"2619.13000000","symbol":"ETHBUSD"},"level":"info","message":"Latest price","service":"api-d27bc23-binance-ETHBUSD","timestamp":"2022-03-05T04:26:05.887Z"}
{"assetPair":"ETHBUSD","data":{"price":"2618.85000000","symbol":"ETHBUSD"},"level":"info","message":"Latest price","service":"api-d27bc23-binance-ETHBUSD","timestamp":"2022-03-05T04:29:05.998Z"}
{"assetPair":"ETHBUSD","data":{"price":"2619.99000000","symbol":"ETHBUSD"},"level":"info","message":"Latest price","service":"api-d27bc23-binance-ETHBUSD","timestamp":"2022-03-05T04:32:06.021Z"}
{"assetPair":"ETHBUSD","data":{"price":"2614.29000000","symbol":"ETHBUSD"},"level":"info","message":"Latest price","service":"api-d27bc23-binance-ETHBUSD","timestamp":"2022-03-05T04:35:06.050Z"}
{"assetPair":"ETHBUSD","data":{"price":"2617.71000000","symbol":"ETHBUSD"},"level":"info","message":"Latest price","service":"api-d27bc23-binance-ETHBUSD","timestamp":"2022-03-05T04:38:06.082Z"}
{"assetPair":"ETHBUSD","data":{"price":"2624.61000000","symbol":"ETHBUSD"},"level":"info","message":"Latest price","service":"api-d27bc23-binance-ETHBUSD","timestamp":"2022-03-05T04:41:06.109Z"}
{"assetPair":"ETHBUSD","data":{"price":"2625.55000000","symbol":"ETHBUSD"},"level":"info","message":"Latest price","service":"api-d27bc23-binance-ETHBUSD","timestamp":"2022-03-05T04:44:06.136Z"}
{"assetPair":"ETHBUSD","data":{"price":"2620.58000000","symbol":"ETHBUSD"},"level":"info","message":"Latest price","service":"api-d27bc23-binance-ETHBUSD","timestamp":"2022-03-05T04:47:06.186Z"}
{"assetPair":"ETHBUSD","data":{"price":"2620.73000000","symbol":"ETHBUSD"},"level":"info","message":"Latest price","service":"api-d27bc23-binance-ETHBUSD","timestamp":"2022-03-05T04:50:06.216Z"}
{"assetPair":"ETHBUSD","data":{"price":"2621.30000000","symbol":"ETHBUSD"},"level":"info","message":"Latest price","service":"api-d27bc23-binance-ETHBUSD","timestamp":"2022-03-05T04:53:06.241Z"}
{"assetPair":"ETHBUSD","data":{"price":"2618.86000000","symbol":"ETHBUSD"},"level":"info","message":"Latest price","service":"api-d27bc23-binance-ETHBUSD","timestamp":"2022-03-05T04:56:06.267Z"}
{"assetPair":"ETHBUSD","data":{"price":"2619.16000000","symbol":"ETHBUSD"},"level":"info","message":"Latest price","service":"api-d27bc23-binance-ETHBUSD","timestamp":"2022-03-05T04:59:06.295Z"}
{"assetPair":"ETHBUSD","data":{"price":"2618.17000000","symbol":"ETHBUSD"},"level":"info","message":"Latest price","service":"api-d27bc23-binance-ETHBUSD","timestamp":"2022-03-05T05:02:06.326Z"}
{"assetPair":"ETHBUSD","data":{"price":"2617.71000000","symbol":"ETHBUSD"},"level":"info","message":"Latest price","service":"api-d27bc23-binance-ETHBUSD","timestamp":"2022-03-05T05:05:06.358Z"}
{"assetPair":"ETHBUSD","data":{"price":"2621.24000000","symbol":"ETHBUSD"},"level":"info","message":"Latest price","service":"api-d27bc23-binance-ETHBUSD","timestamp":"2022-03-05T05:08:06.385Z"}
{"assetPair":"ETHBUSD","data":{"price":"2620.41000000","symbol":"ETHBUSD"},"level":"info","message":"Latest price","service":"api-d27bc23-binance-ETHBUSD","timestamp":"2022-03-05T05:11:06.419Z"}
{"assetPair":"ETHBUSD","data":{"price":"2617.38000000","symbol":"ETHBUSD"},"level":"info","message":"Latest price","service":"api-d27bc23-binance-ETHBUSD","timestamp":"2022-03-05T05:14:06.446Z"}
{"assetPair":"ETHBUSD","data":{"price":"2618.91000000","symbol":"ETHBUSD"},"level":"info","message":"Latest price","service":"api-d27bc23-binance-ETHBUSD","timestamp":"2022-03-05T05:17:06.479Z"}
{"assetPair":"ETHBUSD","data":{"price":"2623.49000000","symbol":"ETHBUSD"},"level":"info","message":"Latest price","service":"api-d27bc23-binance-ETHBUSD","timestamp":"2022-03-05T05:20:06.512Z"}
{"assetPair":"ETHBUSD","data":{"price":"2623.36000000","symbol":"ETHBUSD"},"level":"info","message":"Latest price","service":"api-d27bc23-binance-ETHBUSD","timestamp":"2022-03-05T05:23:06.538Z"}
{"assetPair":"ETHBUSD","data":{"price":"2625.70000000","symbol":"ETHBUSD"},"level":"info","message":"Latest price","service":"api-d27bc23-binance-ETHBUSD","timestamp":"2022-03-05T05:26:06.570Z"}
{"assetPair":"ETHBUSD","data":{"price":"2624.50000000","symbol":"ETHBUSD"},"level":"info","message":"Latest price","service":"api-d27bc23-binance-ETHBUSD","timestamp":"2022-03-05T05:29:06.780Z"}
{"assetPair":"ETHBUSD","data":{"price":"2624.10000000","symbol":"ETHBUSD"},"level":"info","message":"Latest price","service":"api-d27bc23-binance-ETHBUSD","timestamp":"2022-03-05T05:32:06.829Z"}
{"assetPair":"ETHBUSD","data":{"price":"2625.17000000","symbol":"ETHBUSD"},"level":"info","message":"Latest price","service":"api-d27bc23-binance-ETHBUSD","timestamp":"2022-03-05T05:35:06.868Z"}
{"assetPair":"ETHBUSD","data":{"price":"2625.73000000","symbol":"ETHBUSD"},"level":"info","message":"Latest price","service":"api-d27bc23-binance-ETHBUSD","timestamp":"2022-03-05T05:38:06.893Z"}
{"assetPair":"ETHBUSD","data":{"price":"2620.03000000","symbol":"ETHBUSD"},"level":"info","message":"Latest price","service":"api-d27bc23-binance-ETHBUSD","timestamp":"2022-03-05T05:41:06.919Z"}
{"assetPair":"ETHBUSD","data":{"price":"2617.49000000","symbol":"ETHBUSD"},"level":"info","message":"Latest price","service":"api-d27bc23-binance-ETHBUSD","timestamp":"2022-03-05T05:44:06.948Z"}
{"assetPair":"ETHBUSD","data":{"price":"2619.75000000","symbol":"ETHBUSD"},"level":"info","message":"Latest price","service":"api-d27bc23-binance-ETHBUSD","timestamp":"2022-03-05T05:47:06.975Z"}
{"assetPair":"ETHBUSD","data":{"price":"2622.03000000","symbol":"ETHBUSD"},"level":"info","message":"Latest price","service":"api-d27bc23-binance-ETHBUSD","timestamp":"2022-03-05T05:50:07.000Z"}
{"assetPair":"ETHBUSD","data":{"price":"2620.47000000","symbol":"ETHBUSD"},"level":"info","message":"Latest price","service":"api-d27bc23-binance-ETHBUSD","timestamp":"2022-03-05T05:53:07.065Z"}
{"assetPair":"ETHBUSD","data":{"price":"2619.66000000","symbol":"ETHBUSD"},"level":"info","message":"Latest price","service":"api-d27bc23-binance-ETHBUSD","timestamp":"2022-03-05T05:56:07.088Z"}
{"assetPair":"ETHBUSD","data":{"price":"2622.63000000","symbol":"ETHBUSD"},"level":"info","message":"Latest price","service":"api-d27bc23-binance-ETHBUSD","timestamp":"2022-03-05T05:59:07.120Z"}
{"assetPair":"ETHBUSD","data":{"price":"2627.49000000","symbol":"ETHBUSD"},"level":"info","message":"Latest price","service":"api-d27bc23-binance-ETHBUSD","timestamp":"2022-03-05T06:02:07.150Z"}
{"assetPair":"ETHBUSD","data":{"price":"2624.49000000","symbol":"ETHBUSD"},"level":"info","message":"Latest price","service":"api-d27bc23-binance-ETHBUSD","timestamp":"2022-03-05T06:05:07.219Z"}
{"assetPair":"ETHBUSD","data":{"price":"2626.45000000","symbol":"ETHBUSD"},"level":"info","message":"Latest price","service":"api-d27bc23-binance-ETHBUSD","timestamp":"2022-03-05T06:08:07.280Z"}
{"assetPair":"ETHBUSD","data":{"price":"2625.96000000","symbol":"ETHBUSD"},"level":"info","message":"Latest price","service":"api-d27bc23-binance-ETHBUSD","timestamp":"2022-03-05T06:11:07.313Z"}
{"assetPair":"ETHBUSD","data":{"price":"2628.51000000","symbol":"ETHBUSD"},"level":"info","message":"Latest price","service":"api-d27bc23-binance-ETHBUSD","timestamp":"2022-03-05T06:14:07.335Z"}
{"assetPair":"ETHBUSD","data":{"price":"2630.25000000","symbol":"ETHBUSD"},"level":"info","message":"Latest price","service":"api-d27bc23-binance-ETHBUSD","timestamp":"2022-03-05T06:17:07.362Z"}
{"assetPair":"ETHBUSD","data":{"price":"2630.19000000","symbol":"ETHBUSD"},"level":"info","message":"Latest price","service":"api-d27bc23-binance-ETHBUSD","timestamp":"2022-03-05T06:20:07.390Z"}
{"assetPair":"ETHBUSD","data":{"price":"2627.41000000","symbol":"ETHBUSD"},"level":"info","message":"Latest price","service":"api-d27bc23-binance-ETHBUSD","timestamp":"2022-03-05T06:23:07.441Z"}
{"assetPair":"ETHBUSD","data":{"price":"2629.61000000","symbol":"ETHBUSD"},"level":"info","message":"Latest price","service":"api-d27bc23-binance-ETHBUSD","timestamp":"2022-03-05T06:26:07.492Z"}
{"assetPair":"ETHBUSD","data":{"price":"2627.21000000","symbol":"ETHBUSD"},"level":"info","message":"Latest price","service":"api-d27bc23-binance-ETHBUSD","timestamp":"2022-03-05T06:29:07.516Z"}
{"assetPair":"ETHBUSD","data":{"price":"2626.41000000","symbol":"ETHBUSD"},"level":"info","message":"Latest price","service":"api-d27bc23-binance-ETHBUSD","timestamp":"2022-03-05T06:32:07.540Z"}
{"assetPair":"ETHBUSD","data":{"price":"2627.12000000","symbol":"ETHBUSD"},"level":"info","message":"Latest price","service":"api-d27bc23-binance-ETHBUSD","timestamp":"2022-03-05T06:35:07.568Z"}
{"assetPair":"ETHBUSD","data":{"price":"2630.76000000","symbol":"ETHBUSD"},"level":"info","message":"Latest price","service":"api-d27bc23-binance-ETHBUSD","timestamp":"2022-03-05T06:38:07.594Z"}
{"assetPair":"ETHBUSD","data":{"price":"2627.02000000","symbol":"ETHBUSD"},"level":"info","message":"Latest price","service":"api-d27bc23-binance-ETHBUSD","timestamp":"2022-03-05T06:41:07.622Z"}
{"assetPair":"ETHBUSD","data":{"price":"2627.31000000","symbol":"ETHBUSD"},"level":"info","message":"Latest price","service":"api-d27bc23-binance-ETHBUSD","timestamp":"2022-03-05T06:44:07.649Z"}
{"assetPair":"ETHBUSD","data":{"price":"2625.16000000","symbol":"ETHBUSD"},"level":"info","message":"Latest price","service":"api-d27bc23-binance-ETHBUSD","timestamp":"2022-03-05T06:47:07.676Z"}
{"assetPair":"ETHBUSD","data":{"price":"2624.88000000","symbol":"ETHBUSD"},"level":"info","message":"Latest price","service":"api-d27bc23-binance-ETHBUSD","timestamp":"2022-03-05T06:50:07.707Z"}
{"assetPair":"ETHBUSD","data":{"price":"2623.23000000","symbol":"ETHBUSD"},"level":"info","message":"Latest price","service":"api-d27bc23-binance-ETHBUSD","timestamp":"2022-03-05T06:53:07.738Z"}
{"assetPair":"ETHBUSD","data":{"price":"2624.09000000","symbol":"ETHBUSD"},"level":"info","message":"Latest price","service":"api-d27bc23-binance-ETHBUSD","timestamp":"2022-03-05T06:56:07.766Z"}
{"assetPair":"ETHBUSD","data":{"price":"2624.62000000","symbol":"ETHBUSD"},"level":"info","message":"Latest price","service":"api-d27bc23-binance-ETHBUSD","timestamp":"2022-03-05T06:59:07.800Z"}
{"assetPair":"ETHBUSD","data":{"price":"2623.44000000","symbol":"ETHBUSD"},"level":"info","message":"Latest price","service":"api-d27bc23-binance-ETHBUSD","timestamp":"2022-03-05T07:02:07.827Z"}
{"assetPair":"ETHBUSD","data":{"price":"2625.49000000","symbol":"ETHBUSD"},"level":"info","message":"Latest price","service":"api-d27bc23-binance-ETHBUSD","timestamp":"2022-03-05T07:05:07.895Z"}
{"assetPair":"ETHBUSD","data":{"price":"2624.32000000","symbol":"ETHBUSD"},"level":"info","message":"Latest price","service":"api-d27bc23-binance-ETHBUSD","timestamp":"2022-03-05T07:08:07.922Z"}
{"assetPair":"ETHBUSD","data":{"price":"2627.89000000","symbol":"ETHBUSD"},"level":"info","message":"Latest price","service":"api-d27bc23-binance-ETHBUSD","timestamp":"2022-03-05T07:11:07.971Z"}
{"assetPair":"ETHBUSD","data":{"price":"2630.68000000","symbol":"ETHBUSD"},"level":"info","message":"Latest price","service":"api-d27bc23-binance-ETHBUSD","timestamp":"2022-03-05T07:14:08.025Z"}
{"assetPair":"ETHBUSD","data":{"price":"2631.00000000","symbol":"ETHBUSD"},"level":"info","message":"Latest price","service":"api-d27bc23-binance-ETHBUSD","timestamp":"2022-03-05T07:17:08.062Z"}
{"assetPair":"ETHBUSD","data":{"price":"2635.10000000","symbol":"ETHBUSD"},"level":"info","message":"Latest price","service":"api-d27bc23-binance-ETHBUSD","timestamp":"2022-03-05T07:20:08.090Z"}
{"assetPair":"ETHBUSD","data":{"price":"2635.70000000","symbol":"ETHBUSD"},"level":"info","message":"Latest price","service":"api-d27bc23-binance-ETHBUSD","timestamp":"2022-03-05T07:23:08.123Z"}
{"assetPair":"ETHBUSD","data":{"price":"2637.44000000","symbol":"ETHBUSD"},"level":"info","message":"Latest price","service":"api-d27bc23-binance-ETHBUSD","timestamp":"2022-03-05T07:26:08.182Z"}
{"assetPair":"ETHBUSD","data":{"price":"2636.68000000","symbol":"ETHBUSD"},"level":"info","message":"Latest price","service":"api-d27bc23-binance-ETHBUSD","timestamp":"2022-03-05T07:29:08.215Z"}
{"assetPair":"ETHBUSD","data":{"price":"2634.11000000","symbol":"ETHBUSD"},"level":"info","message":"Latest price","service":"api-d27bc23-binance-ETHBUSD","timestamp":"2022-03-05T07:32:08.245Z"}
{"assetPair":"ETHBUSD","data":{"price":"2633.58000000","symbol":"ETHBUSD"},"level":"info","message":"Latest price","service":"api-d27bc23-binance-ETHBUSD","timestamp":"2022-03-05T07:35:08.272Z"}
{"assetPair":"ETHBUSD","data":{"price":"2634.54000000","symbol":"ETHBUSD"},"level":"info","message":"Latest price","service":"api-d27bc23-binance-ETHBUSD","timestamp":"2022-03-05T07:38:08.352Z"}
{"assetPair":"ETHBUSD","data":{"price":"2636.50000000","symbol":"ETHBUSD"},"level":"info","message":"Latest price","service":"api-d27bc23-binance-ETHBUSD","timestamp":"2022-03-05T07:41:08.378Z"}
{"assetPair":"ETHBUSD","data":{"price":"2638.08000000","symbol":"ETHBUSD"},"level":"info","message":"Latest price","service":"api-d27bc23-binance-ETHBUSD","timestamp":"2022-03-05T07:44:08.400Z"}
{"assetPair":"ETHBUSD","data":{"price":"2638.51000000","symbol":"ETHBUSD"},"level":"info","message":"Latest price","service":"api-d27bc23-binance-ETHBUSD","timestamp":"2022-03-05T07:47:08.424Z"}
{"assetPair":"ETHBUSD","data":{"price":"2641.30000000","symbol":"ETHBUSD"},"level":"info","message":"Latest price","service":"api-d27bc23-binance-ETHBUSD","timestamp":"2022-03-05T07:50:08.450Z"}
{"assetPair":"ETHBUSD","data":{"price":"2638.47000000","symbol":"ETHBUSD"},"level":"info","message":"Latest price","service":"api-d27bc23-binance-ETHBUSD","timestamp":"2022-03-05T07:53:08.477Z"}
{"assetPair":"ETHBUSD","data":{"price":"2636.35000000","symbol":"ETHBUSD"},"level":"info","message":"Latest price","service":"api-d27bc23-binance-ETHBUSD","timestamp":"2022-03-05T07:56:08.501Z"}
{"assetPair":"ETHBUSD","data":{"price":"2637.20000000","symbol":"ETHBUSD"},"level":"info","message":"Latest price","service":"api-d27bc23-binance-ETHBUSD","timestamp":"2022-03-05T07:59:08.527Z"}
{"assetPair":"ETHBUSD","data":{"price":"2637.40000000","symbol":"ETHBUSD"},"level":"info","message":"Latest price","service":"api-d27bc23-binance-ETHBUSD","timestamp":"2022-03-05T08:02:08.558Z"}
{"assetPair":"ETHBUSD","data":{"price":"2636.94000000","symbol":"ETHBUSD"},"level":"info","message":"Latest price","service":"api-d27bc23-binance-ETHBUSD","timestamp":"2022-03-05T08:05:08.595Z"}
{"assetPair":"ETHBUSD","data":{"price":"2638.87000000","symbol":"ETHBUSD"},"level":"info","message":"Latest price","service":"api-d27bc23-binance-ETHBUSD","timestamp":"2022-03-05T08:08:08.675Z"}
{"assetPair":"ETHBUSD","data":{"price":"2636.50000000","symbol":"ETHBUSD"},"level":"info","message":"Latest price","service":"api-d27bc23-binance-ETHBUSD","timestamp":"2022-03-05T08:11:08.752Z"}
{"assetPair":"ETHBUSD","data":{"price":"2636.35000000","symbol":"ETHBUSD"},"level":"info","message":"Latest price","service":"api-d27bc23-binance-ETHBUSD","timestamp":"2022-03-05T08:14:08.804Z"}
{"assetPair":"ETHBUSD","data":{"price":"2637.58000000","symbol":"ETHBUSD"},"level":"info","message":"Latest price","service":"api-d27bc23-binance-ETHBUSD","timestamp":"2022-03-05T08:17:08.881Z"}
{"assetPair":"ETHBUSD","data":{"price":"2640.00000000","symbol":"ETHBUSD"},"level":"info","message":"Latest price","service":"api-d27bc23-binance-ETHBUSD","timestamp":"2022-03-05T08:20:08.934Z"}
{"assetPair":"ETHBUSD","data":{"price":"2639.15000000","symbol":"ETHBUSD"},"level":"info","message":"Latest price","service":"api-d27bc23-binance-ETHBUSD","timestamp":"2022-03-05T08:23:08.993Z"}
{"assetPair":"ETHBUSD","data":{"price":"2635.82000000","symbol":"ETHBUSD"},"level":"info","message":"Latest price","service":"api-d27bc23-binance-ETHBUSD","timestamp":"2022-03-05T08:26:09.015Z"}
{"assetPair":"ETHBUSD","data":{"price":"2634.11000000","symbol":"ETHBUSD"},"level":"info","message":"Latest price","service":"api-d27bc23-binance-ETHBUSD","timestamp":"2022-03-05T08:29:09.117Z"}
{"assetPair":"ETHBUSD","data":{"price":"2637.34000000","symbol":"ETHBUSD"},"level":"info","message":"Latest price","service":"api-d27bc23-binance-ETHBUSD","timestamp":"2022-03-05T08:32:09.141Z"}
{"assetPair":"ETHBUSD","data":{"price":"2638.00000000","symbol":"ETHBUSD"},"level":"info","message":"Latest price","service":"api-d27bc23-binance-ETHBUSD","timestamp":"2022-03-05T08:35:09.169Z"}
{"assetPair":"ETHBUSD","data":{"price":"2639.13000000","symbol":"ETHBUSD"},"level":"info","message":"Latest price","service":"api-d27bc23-binance-ETHBUSD","timestamp":"2022-03-05T08:38:09.199Z"}
{"assetPair":"ETHBUSD","data":{"price":"2639.44000000","symbol":"ETHBUSD"},"level":"info","message":"Latest price","service":"api-d27bc23-binance-ETHBUSD","timestamp":"2022-03-05T08:41:09.239Z"}
{"assetPair":"ETHBUSD","data":{"price":"2647.84000000","symbol":"ETHBUSD"},"level":"info","message":"Latest price","service":"api-d27bc23-binance-ETHBUSD","timestamp":"2022-03-05T08:44:09.266Z"}
{"assetPair":"ETHBUSD","data":{"price":"2651.07000000","symbol":"ETHBUSD"},"level":"info","message":"Latest price","service":"api-d27bc23-binance-ETHBUSD","timestamp":"2022-03-05T08:47:09.287Z"}
{"assetPair":"ETHBUSD","data":{"price":"2653.00000000","symbol":"ETHBUSD"},"level":"info","message":"Latest price","service":"api-d27bc23-binance-ETHBUSD","timestamp":"2022-03-05T08:50:09.318Z"}
{"assetPair":"ETHBUSD","data":{"price":"2651.88000000","symbol":"ETHBUSD"},"level":"info","message":"Latest price","service":"api-d27bc23-binance-ETHBUSD","timestamp":"2022-03-05T08:53:09.350Z"}
{"assetPair":"ETHBUSD","data":{"price":"2650.02000000","symbol":"ETHBUSD"},"level":"info","message":"Latest price","service":"api-d27bc23-binance-ETHBUSD","timestamp":"2022-03-05T08:56:09.388Z"}
{"assetPair":"ETHBUSD","data":{"price":"2651.14000000","symbol":"ETHBUSD"},"level":"info","message":"Latest price","service":"api-d27bc23-binance-ETHBUSD","timestamp":"2022-03-05T08:59:09.420Z"}
{"assetPair":"ETHBUSD","data":{"price":"2648.51000000","symbol":"ETHBUSD"},"level":"info","message":"Latest price","service":"api-d27bc23-binance-ETHBUSD","timestamp":"2022-03-05T09:02:09.497Z"}
{"assetPair":"ETHBUSD","data":{"price":"2643.86000000","symbol":"ETHBUSD"},"level":"info","message":"Latest price","service":"api-d27bc23-binance-ETHBUSD","timestamp":"2022-03-05T09:05:09.526Z"}
{"assetPair":"ETHBUSD","data":{"price":"2644.27000000","symbol":"ETHBUSD"},"level":"info","message":"Latest price","service":"api-d27bc23-binance-ETHBUSD","timestamp":"2022-03-05T09:08:09.554Z"}
{"assetPair":"ETHBUSD","data":{"price":"2644.00000000","symbol":"ETHBUSD"},"level":"info","message":"Latest price","service":"api-d27bc23-binance-ETHBUSD","timestamp":"2022-03-05T09:11:09.599Z"}
{"assetPair":"ETHBUSD","data":{"price":"2644.37000000","symbol":"ETHBUSD"},"level":"info","message":"Latest price","service":"api-d27bc23-binance-ETHBUSD","timestamp":"2022-03-05T09:14:09.651Z"}
{"assetPair":"ETHBUSD","data":{"price":"2646.60000000","symbol":"ETHBUSD"},"level":"info","message":"Latest price","service":"api-d27bc23-binance-ETHBUSD","timestamp":"2022-03-05T09:17:09.672Z"}
{"assetPair":"ETHBUSD","data":{"price":"2646.14000000","symbol":"ETHBUSD"},"level":"info","message":"Latest price","service":"api-d27bc23-binance-ETHBUSD","timestamp":"2022-03-05T09:20:09.704Z"}
{"assetPair":"ETHBUSD","data":{"price":"2649.19000000","symbol":"ETHBUSD"},"level":"info","message":"Latest price","service":"api-d27bc23-binance-ETHBUSD","timestamp":"2022-03-05T09:23:09.733Z"}
{"assetPair":"ETHBUSD","data":{"price":"2656.85000000","symbol":"ETHBUSD"},"level":"info","message":"Latest price","service":"api-d27bc23-binance-ETHBUSD","timestamp":"2022-03-05T09:26:09.783Z"}
{"assetPair":"ETHBUSD","data":{"price":"2654.95000000","symbol":"ETHBUSD"},"level":"info","message":"Latest price","service":"api-d27bc23-binance-ETHBUSD","timestamp":"2022-03-05T09:29:09.809Z"}
{"assetPair":"ETHBUSD","data":{"price":"2652.57000000","symbol":"ETHBUSD"},"level":"info","message":"Latest price","service":"api-d27bc23-binance-ETHBUSD","timestamp":"2022-03-05T09:32:09.831Z"}
{"assetPair":"ETHBUSD","data":{"price":"2651.12000000","symbol":"ETHBUSD"},"level":"info","message":"Latest price","service":"api-d27bc23-binance-ETHBUSD","timestamp":"2022-03-05T09:35:09.858Z"}
{"assetPair":"ETHBUSD","data":{"price":"2649.30000000","symbol":"ETHBUSD"},"level":"info","message":"Latest price","service":"api-d27bc23-binance-ETHBUSD","timestamp":"2022-03-05T09:38:09.913Z"}
{"assetPair":"ETHBUSD","data":{"price":"2650.99000000","symbol":"ETHBUSD"},"level":"info","message":"Latest price","service":"api-d27bc23-binance-ETHBUSD","timestamp":"2022-03-05T09:41:09.943Z"}
{"assetPair":"ETHBUSD","data":{"price":"2652.15000000","symbol":"ETHBUSD"},"level":"info","message":"Latest price","service":"api-d27bc23-binance-ETHBUSD","timestamp":"2022-03-05T09:44:09.969Z"}
{"assetPair":"ETHBUSD","data":{"price":"2648.88000000","symbol":"ETHBUSD"},"level":"info","message":"Latest price","service":"api-d27bc23-binance-ETHBUSD","timestamp":"2022-03-05T09:47:09.993Z"}
{"assetPair":"ETHBUSD","data":{"price":"2648.69000000","symbol":"ETHBUSD"},"level":"info","message":"Latest price","service":"api-d27bc23-binance-ETHBUSD","timestamp":"2022-03-05T09:50:10.015Z"}
{"assetPair":"ETHBUSD","data":{"price":"2648.01000000","symbol":"ETHBUSD"},"level":"info","message":"Latest price","service":"api-d27bc23-binance-ETHBUSD","timestamp":"2022-03-05T09:53:10.050Z"}
{"assetPair":"ETHBUSD","data":{"price":"2648.21000000","symbol":"ETHBUSD"},"level":"info","message":"Latest price","service":"api-d27bc23-binance-ETHBUSD","timestamp":"2022-03-05T09:56:10.113Z"}
{"assetPair":"ETHBUSD","data":{"price":"2648.37000000","symbol":"ETHBUSD"},"level":"info","message":"Latest price","service":"api-d27bc23-binance-ETHBUSD","timestamp":"2022-03-05T09:59:10.141Z"}
{"assetPair":"ETHBUSD","data":{"price":"2651.85000000","symbol":"ETHBUSD"},"level":"info","message":"Latest price","service":"api-d27bc23-binance-ETHBUSD","timestamp":"2022-03-05T10:02:10.190Z"}
{"assetPair":"ETHBUSD","data":{"price":"2651.70000000","symbol":"ETHBUSD"},"level":"info","message":"Latest price","service":"api-d27bc23-binance-ETHBUSD","timestamp":"2022-03-05T10:05:10.217Z"}
{"assetPair":"ETHBUSD","data":{"price":"2638.26000000","symbol":"ETHBUSD"},"level":"info","message":"Latest price","service":"api-d27bc23-binance-ETHBUSD","timestamp":"2022-03-05T10:08:10.243Z"}
{"assetPair":"ETHBUSD","data":{"price":"2642.75000000","symbol":"ETHBUSD"},"level":"info","message":"Latest price","service":"api-d27bc23-binance-ETHBUSD","timestamp":"2022-03-05T10:11:10.269Z"}
{"assetPair":"ETHBUSD","data":{"price":"2650.11000000","symbol":"ETHBUSD"},"level":"info","message":"Latest price","service":"api-d27bc23-binance-ETHBUSD","timestamp":"2022-03-05T10:14:10.294Z"}
{"assetPair":"ETHBUSD","data":{"price":"2650.54000000","symbol":"ETHBUSD"},"level":"info","message":"Latest price","service":"api-d27bc23-binance-ETHBUSD","timestamp":"2022-03-05T10:17:10.325Z"}
{"assetPair":"ETHBUSD","data":{"price":"2652.39000000","symbol":"ETHBUSD"},"level":"info","message":"Latest price","service":"api-d27bc23-binance-ETHBUSD","timestamp":"2022-03-05T10:20:10.350Z"}
{"assetPair":"ETHBUSD","data":{"price":"2647.04000000","symbol":"ETHBUSD"},"level":"info","message":"Latest price","service":"api-d27bc23-binance-ETHBUSD","timestamp":"2022-03-05T10:23:10.374Z"}
{"assetPair":"ETHBUSD","data":{"price":"2641.84000000","symbol":"ETHBUSD"},"level":"info","message":"Latest price","service":"api-d27bc23-binance-ETHBUSD","timestamp":"2022-03-05T10:26:10.398Z"}
{"assetPair":"ETHBUSD","data":{"price":"2637.00000000","symbol":"ETHBUSD"},"level":"info","message":"Latest price","service":"api-d27bc23-binance-ETHBUSD","timestamp":"2022-03-05T10:29:10.466Z"}
{"assetPair":"ETHBUSD","data":{"price":"2640.52000000","symbol":"ETHBUSD"},"level":"info","message":"Latest price","service":"api-d27bc23-binance-ETHBUSD","timestamp":"2022-03-05T10:32:10.492Z"}
{"assetPair":"ETHBUSD","data":{"price":"2641.43000000","symbol":"ETHBUSD"},"level":"info","message":"Latest price","service":"api-d27bc23-binance-ETHBUSD","timestamp":"2022-03-05T10:35:10.524Z"}
{"assetPair":"ETHBUSD","data":{"price":"2641.19000000","symbol":"ETHBUSD"},"level":"info","message":"Latest price","service":"api-d27bc23-binance-ETHBUSD","timestamp":"2022-03-05T10:38:10.550Z"}
{"assetPair":"ETHBUSD","data":{"price":"2642.39000000","symbol":"ETHBUSD"},"level":"info","message":"Latest price","service":"api-d27bc23-binance-ETHBUSD","timestamp":"2022-03-05T10:41:10.632Z"}
{"assetPair":"ETHBUSD","data":{"price":"2642.23000000","symbol":"ETHBUSD"},"level":"info","message":"Latest price","service":"api-d27bc23-binance-ETHBUSD","timestamp":"2022-03-05T10:44:10.700Z"}
{"assetPair":"ETHBUSD","data":{"price":"2642.28000000","symbol":"ETHBUSD"},"level":"info","message":"Latest price","service":"api-d27bc23-binance-ETHBUSD","timestamp":"2022-03-05T10:47:10.725Z"}
{"assetPair":"ETHBUSD","data":{"price":"2644.05000000","symbol":"ETHBUSD"},"level":"info","message":"Latest price","service":"api-d27bc23-binance-ETHBUSD","timestamp":"2022-03-05T10:50:10.759Z"}
{"assetPair":"ETHBUSD","data":{"price":"2647.48000000","symbol":"ETHBUSD"},"level":"info","message":"Latest price","service":"api-d27bc23-binance-ETHBUSD","timestamp":"2022-03-05T10:53:10.788Z"}
{"assetPair":"ETHBUSD","data":{"price":"2645.16000000","symbol":"ETHBUSD"},"level":"info","message":"Latest price","service":"api-d27bc23-binance-ETHBUSD","timestamp":"2022-03-05T10:56:10.838Z"}
{"assetPair":"ETHBUSD","data":{"price":"2648.35000000","symbol":"ETHBUSD"},"level":"info","message":"Latest price","service":"api-d27bc23-binance-ETHBUSD","timestamp":"2022-03-05T10:59:10.867Z"}
{"assetPair":"ETHBUSD","data":{"price":"2646.68000000","symbol":"ETHBUSD"},"level":"info","message":"Latest price","service":"api-d27bc23-binance-ETHBUSD","timestamp":"2022-03-05T11:02:10.895Z"}
{"assetPair":"ETHBUSD","data":{"price":"2649.00000000","symbol":"ETHBUSD"},"level":"info","message":"Latest price","service":"api-d27bc23-binance-ETHBUSD","timestamp":"2022-03-05T11:05:10.918Z"}
{"assetPair":"ETHBUSD","data":{"price":"2649.24000000","symbol":"ETHBUSD"},"level":"info","message":"Latest price","service":"api-d27bc23-binance-ETHBUSD","timestamp":"2022-03-05T11:08:10.977Z"}
{"assetPair":"ETHBUSD","data":{"price":"2653.00000000","symbol":"ETHBUSD"},"level":"info","message":"Latest price","service":"api-d27bc23-binance-ETHBUSD","timestamp":"2022-03-05T11:11:11.000Z"}
{"assetPair":"ETHBUSD","data":{"price":"2653.23000000","symbol":"ETHBUSD"},"level":"info","message":"Latest price","service":"api-d27bc23-binance-ETHBUSD","timestamp":"2022-03-05T11:14:11.023Z"}
{"assetPair":"ETHBUSD","data":{"price":"2649.12000000","symbol":"ETHBUSD"},"level":"info","message":"Latest price","service":"api-d27bc23-binance-ETHBUSD","timestamp":"2022-03-05T11:17:11.051Z"}
{"assetPair":"ETHBUSD","data":{"price":"2653.76000000","symbol":"ETHBUSD"},"level":"info","message":"Latest price","service":"api-d27bc23-binance-ETHBUSD","timestamp":"2022-03-05T11:20:11.083Z"}
{"assetPair":"ETHBUSD","data":{"price":"2655.04000000","symbol":"ETHBUSD"},"level":"info","message":"Latest price","service":"api-d27bc23-binance-ETHBUSD","timestamp":"2022-03-05T11:23:11.112Z"}
{"assetPair":"ETHBUSD","data":{"price":"2655.41000000","symbol":"ETHBUSD"},"level":"info","message":"Latest price","service":"api-d27bc23-binance-ETHBUSD","timestamp":"2022-03-05T11:26:11.149Z"}
{"assetPair":"ETHBUSD","data":{"price":"2652.00000000","symbol":"ETHBUSD"},"level":"info","message":"Latest price","service":"api-d27bc23-binance-ETHBUSD","timestamp":"2022-03-05T11:29:11.182Z"}
{"assetPair":"ETHBUSD","data":{"price":"2649.32000000","symbol":"ETHBUSD"},"level":"info","message":"Latest price","service":"api-d27bc23-binance-ETHBUSD","timestamp":"2022-03-05T11:32:11.209Z"}
{"assetPair":"ETHBUSD","data":{"price":"2647.66000000","symbol":"ETHBUSD"},"level":"info","message":"Latest price","service":"api-d27bc23-binance-ETHBUSD","timestamp":"2022-03-05T11:35:11.239Z"}
{"assetPair":"ETHBUSD","data":{"price":"2648.89000000","symbol":"ETHBUSD"},"level":"info","message":"Latest price","service":"api-d27bc23-binance-ETHBUSD","timestamp":"2022-03-05T11:38:11.263Z"}
{"assetPair":"ETHBUSD","data":{"price":"2648.39000000","symbol":"ETHBUSD"},"level":"info","message":"Latest price","service":"api-d27bc23-binance-ETHBUSD","timestamp":"2022-03-05T11:41:11.289Z"}
{"assetPair":"ETHBUSD","data":{"price":"2650.28000000","symbol":"ETHBUSD"},"level":"info","message":"Latest price","service":"api-d27bc23-binance-ETHBUSD","timestamp":"2022-03-05T11:44:11.346Z"}
{"assetPair":"ETHBUSD","data":{"price":"2648.05000000","symbol":"ETHBUSD"},"level":"info","message":"Latest price","service":"api-d27bc23-binance-ETHBUSD","timestamp":"2022-03-05T11:47:11.371Z"}
{"assetPair":"ETHBUSD","data":{"price":"2648.60000000","symbol":"ETHBUSD"},"level":"info","message":"Latest price","service":"api-d27bc23-binance-ETHBUSD","timestamp":"2022-03-05T11:50:11.408Z"}
{"assetPair":"ETHBUSD","data":{"price":"2650.00000000","symbol":"ETHBUSD"},"level":"info","message":"Latest price","service":"api-d27bc23-binance-ETHBUSD","timestamp":"2022-03-05T11:53:11.478Z"}
{"assetPair":"ETHBUSD","data":{"price":"2651.18000000","symbol":"ETHBUSD"},"level":"info","message":"Latest price","service":"api-d27bc23-binance-ETHBUSD","timestamp":"2022-03-05T11:56:11.515Z"}
{"assetPair":"ETHBUSD","data":{"price":"2649.64000000","symbol":"ETHBUSD"},"level":"info","message":"Latest price","service":"api-d27bc23-binance-ETHBUSD","timestamp":"2022-03-05T11:59:11.546Z"}
{"assetPair":"ETHBUSD","data":{"price":"2649.35000000","symbol":"ETHBUSD"},"level":"info","message":"Latest price","service":"api-d27bc23-binance-ETHBUSD","timestamp":"2022-03-05T12:02:11.611Z"}
{"assetPair":"ETHBUSD","data":{"price":"2656.07000000","symbol":"ETHBUSD"},"level":"info","message":"Latest price","service":"api-d27bc23-binance-ETHBUSD","timestamp":"2022-03-05T12:05:11.641Z"}
{"assetPair":"ETHBUSD","data":{"price":"2666.00000000","symbol":"ETHBUSD"},"level":"info","message":"Latest price","service":"api-d27bc23-binance-ETHBUSD","timestamp":"2022-03-05T12:08:11.709Z"}
{"assetPair":"ETHBUSD","data":{"price":"2655.67000000","symbol":"ETHBUSD"},"level":"info","message":"Latest price","service":"api-d27bc23-binance-ETHBUSD","timestamp":"2022-03-05T12:11:11.739Z"}
{"assetPair":"ETHBUSD","data":{"price":"2654.98000000","symbol":"ETHBUSD"},"level":"info","message":"Latest price","service":"api-d27bc23-binance-ETHBUSD","timestamp":"2022-03-05T12:14:11.794Z"}
{"assetPair":"ETHBUSD","data":{"price":"2657.60000000","symbol":"ETHBUSD"},"level":"info","message":"Latest price","service":"api-d27bc23-binance-ETHBUSD","timestamp":"2022-03-05T12:17:11.815Z"}
{"assetPair":"ETHBUSD","data":{"price":"2663.57000000","symbol":"ETHBUSD"},"level":"info","message":"Latest price","service":"api-d27bc23-binance-ETHBUSD","timestamp":"2022-03-05T12:20:11.848Z"}
{"assetPair":"ETHBUSD","data":{"price":"2664.57000000","symbol":"ETHBUSD"},"level":"info","message":"Latest price","service":"api-d27bc23-binance-ETHBUSD","timestamp":"2022-03-05T12:23:11.880Z"}
{"assetPair":"ETHBUSD","data":{"price":"2660.76000000","symbol":"ETHBUSD"},"level":"info","message":"Latest price","service":"api-d27bc23-binance-ETHBUSD","timestamp":"2022-03-05T12:26:11.917Z"}
{"assetPair":"ETHBUSD","data":{"price":"2660.61000000","symbol":"ETHBUSD"},"level":"info","message":"Latest price","service":"api-d27bc23-binance-ETHBUSD","timestamp":"2022-03-05T12:29:11.939Z"}
{"assetPair":"ETHBUSD","data":{"price":"2661.40000000","symbol":"ETHBUSD"},"level":"info","message":"Latest price","service":"api-d27bc23-binance-ETHBUSD","timestamp":"2022-03-05T12:32:11.981Z"}
{"assetPair":"ETHBUSD","data":{"price":"2662.42000000","symbol":"ETHBUSD"},"level":"info","message":"Latest price","service":"api-d27bc23-binance-ETHBUSD","timestamp":"2022-03-05T12:35:12.007Z"}
{"assetPair":"ETHBUSD","data":{"price":"2665.34000000","symbol":"ETHBUSD"},"level":"info","message":"Latest price","service":"api-d27bc23-binance-ETHBUSD","timestamp":"2022-03-05T12:38:12.058Z"}
{"assetPair":"ETHBUSD","data":{"price":"2662.04000000","symbol":"ETHBUSD"},"level":"info","message":"Latest price","service":"api-d27bc23-binance-ETHBUSD","timestamp":"2022-03-05T12:41:12.086Z"}
{"assetPair":"ETHBUSD","data":{"price":"2662.62000000","symbol":"ETHBUSD"},"level":"info","message":"Latest price","service":"api-d27bc23-binance-ETHBUSD","timestamp":"2022-03-05T12:44:12.117Z"}
{"assetPair":"ETHBUSD","data":{"price":"2659.92000000","symbol":"ETHBUSD"},"level":"info","message":"Latest price","service":"api-d27bc23-binance-ETHBUSD","timestamp":"2022-03-05T12:47:12.144Z"}
{"assetPair":"ETHBUSD","data":{"price":"2663.58000000","symbol":"ETHBUSD"},"level":"info","message":"Latest price","service":"api-d27bc23-binance-ETHBUSD","timestamp":"2022-03-05T12:50:12.175Z"}
{"assetPair":"ETHBUSD","data":{"price":"2660.99000000","symbol":"ETHBUSD"},"level":"info","message":"Latest price","service":"api-d27bc23-binance-ETHBUSD","timestamp":"2022-03-05T12:53:12.211Z"}
{"assetPair":"ETHBUSD","data":{"price":"2657.75000000","symbol":"ETHBUSD"},"level":"info","message":"Latest price","service":"api-d27bc23-binance-ETHBUSD","timestamp":"2022-03-05T12:56:12.242Z"}
{"assetPair":"ETHBUSD","data":{"price":"2657.13000000","symbol":"ETHBUSD"},"level":"info","message":"Latest price","service":"api-d27bc23-binance-ETHBUSD","timestamp":"2022-03-05T12:59:12.267Z"}
