{"assetPair":"ETHBUSD","data":{"price":"2820.95000000","symbol":"ETHBUSD"},"level":"info","message":"Latest price","service":"api-d27bc23-binance-ETHBUSD","timestamp":"2022-02-27T13:02:58.815Z"}
{"assetPair":"ETHBUSD","data":{"price":"2822.13000000","symbol":"ETHBUSD"},"level":"info","message":"Latest price","service":"api-d27bc23-binance-ETHBUSD","timestamp":"2022-02-27T13:05:58.854Z"}
{"assetPair":"ETHBUSD","data":{"price":"2823.57000000","symbol":"ETHBUSD"},"level":"info","message":"Latest price","service":"api-d27bc23-binance-ETHBUSD","timestamp":"2022-02-27T13:08:58.910Z"}
{"assetPair":"ETHBUSD","data":{"price":"2826.00000000","symbol":"ETHBUSD"},"level":"info","message":"Latest price","service":"api-d27bc23-binance-ETHBUSD","timestamp":"2022-02-27T13:11:58.940Z"}
{"assetPair":"ETHBUSD","data":{"price":"2828.50000000","symbol":"ETHBUSD"},"level":"info","message":"Latest price","service":"api-d27bc23-binance-ETHBUSD","timestamp":"2022-02-27T13:14:59.022Z"}
{"assetPair":"ETHBUSD","data":{"price":"2826.80000000","symbol":"ETHBUSD"},"level":"info","message":"Latest price","service":"api-d27bc23-binance-ETHBUSD","timestamp":"2022-02-27T13:17:59.058Z"}
{"assetPair":"ETHBUSD","data":{"price":"2814.24000000","symbol":"ETHBUSD"},"level":"info","message":"Latest price","service":"api-d27bc23-binance-ETHBUSD","timestamp":"2022-02-27T13:20:59.098Z"}
{"assetPair":"ETHBUSD","data":{"price":"2815.91000000","symbol":"ETHBUSD"},"level":"info","message":"Latest price","service":"api-d27bc23-binance-ETHBUSD","timestamp":"2022-02-27T13:23:59.135Z"}
{"assetPair":"ETHBUSD","data":{"price":"2815.57000000","symbol":"ETHBUSD"},"level":"info","message":"Latest price","service":"api-d27bc23-binance-ETHBUSD","timestamp":"2022-02-27T13:26:59.170Z"}
{"assetPair":"ETHBUSD","data":{"price":"2804.85000000","symbol":"ETHBUSD"},"level":"info","message":"Latest price","service":"api-d27bc23-binance-ETHBUSD","timestamp":"2022-02-27T13:29:59.236Z"}
{"assetPair":"ETHBUSD","data":{"price":"2803.40000000","symbol":"ETHBUSD"},"level":"info","message":"Latest price","service":"api-d27bc23-binance-ETHBUSD","timestamp":"2022-02-27T13:32:59.268Z"}
{"assetPair":"ETHBUSD","data":{"price":"2772.92000000","symbol":"ETHBUSD"},"level":"info","message":"Latest price","service":"api-d27bc23-binance-ETHBUSD","timestamp":"2022-02-27T13:35:59.328Z"}
{"assetPair":"ETHBUSD","data":{"price":"2766.56000000","symbol":"ETHBUSD"},"level":"info","message":"Latest price","service":"api-d27bc23-binance-ETHBUSD","timestamp":"2022-02-27T13:38:59.369Z"}
{"assetPair":"ETHBUSD","data":{"price":"2765.87000000","symbol":"ETHBUSD"},"level":"info","message":"Latest price","service":"api-d27bc23-binance-ETHBUSD","timestamp":"2022-02-27T13:41:59.399Z"}
{"assetPair":"ETHBUSD","data":{"price":"2751.27000000","symbol":"ETHBUSD"},"level":"info","message":"Latest price","service":"api-d27bc23-binance-ETHBUSD","timestamp":"2022-02-27T13:44:59.438Z"}
{"assetPair":"ETHBUSD","data":{"price":"2753.82000000","symbol":"ETHBUSD"},"level":"info","message":"Latest price","service":"api-d27bc23-binance-ETHBUSD","timestamp":"2022-02-27T13:47:59.480Z"}
{"assetPair":"ETHBUSD","data":{"price":"2750.43000000","symbol":"ETHBUSD"},"level":"info","message":"Latest price","service":"api-d27bc23-binance-ETHBUSD","timestamp":"2022-02-27T13:50:59.514Z"}
{"assetPair":"ETHBUSD","data":{"price":"2767.87000000","symbol":"ETHBUSD"},"level":"info","message":"Latest price","service":"api-d27bc23-binance-ETHBUSD","timestamp":"2022-02-27T13:53:59.550Z"}
{"assetPair":"ETHBUSD","data":{"price":"2766.19000000","symbol":"ETHBUSD"},"level":"info","message":"Latest price","service":"api-d27bc23-binance-ETHBUSD","timestamp":"2022-02-27T13:56:59.612Z"}
{"assetPair":"ETHBUSD","data":{"price":"2780.74000000","symbol":"ETHBUSD"},"level":"info","message":"Latest price","service":"api-d27bc23-binance-ETHBUSD","timestamp":"2022-02-27T13:59:59.650Z"}
{"balance":{"asset":"BUSD","free":"68.25069104","locked":"0.00000000"},"level":"info","message":"Binance balance","service":"api-d27bc23-binance-ETHBUSD","timestamp":"2022-02-27T13:59:59.689Z"}
{"buyAsset":"ETH","correctedPrice":"2780.74","correctedQty":"0.0089","level":"info","message":"Initiating BUY","price":"2780.74","quantity":"0.00890050849773801218","service":"api-d27bc23-binance-ETHBUSD","timestamp":"2022-02-27T13:59:59.690Z","withAsset":"BUSD"}
{"data":{"clientOrderId":"4HU000m56DsdsmQj5kblGY","cummulativeQuoteQty":"24.74858600","executedQty":"0.00890000","fills":[{"commission":"0.00000890","commissionAsset":"ETH","price":"2780.74000000","qty":"0.00890000","tradeId":271032519}],"orderId":4234825116,"orderListId":-1,"origQty":"0.00890000","price":"2780.74000000","side":"BUY","status":"FILLED","symbol":"ETHBUSD","timeInForce":"GTC","transactTime":1645970399716,"type":"LIMIT"},"level":"info","message":"BUY success","service":"api-d27bc23-binance-ETHBUSD","timestamp":"2022-02-27T13:59:59.719Z"}
{"level":"info","message":"Checking order status","origClientOrderId":"4HU000m56DsdsmQj5kblGY","service":"api-d27bc23-binance-ETHBUSD","symbol":"ETHBUSD","timestamp":"2022-02-27T14:02:59.723Z"}
{"data":{"clientOrderId":"4HU000m56DsdsmQj5kblGY","cummulativeQuoteQty":"24.74858600","executedQty":"0.00890000","icebergQty":"0.00000000","isWorking":true,"orderId":4234825116,"orderListId":-1,"origQty":"0.00890000","origQuoteOrderQty":"0.00000000","price":"2780.74000000","side":"BUY","status":"FILLED","stopPrice":"0.00000000","symbol":"ETHBUSD","time":1645970399716,"timeInForce":"GTC","type":"LIMIT","updateTime":1645970399716},"level":"info","message":"Order status","service":"api-d27bc23-binance-ETHBUSD","timestamp":"2022-02-27T14:02:59.757Z"}
{"assetPair":"ETHBUSD","data":{"price":"2778.00000000","symbol":"ETHBUSD"},"level":"info","message":"Latest price","service":"api-d27bc23-binance-ETHBUSD","timestamp":"2022-02-27T14:02:59.782Z"}
{"assetPair":"ETHBUSD","data":{"price":"2768.86000000","symbol":"ETHBUSD"},"level":"info","message":"Latest price","service":"api-d27bc23-binance-ETHBUSD","timestamp":"2022-02-27T14:05:59.874Z"}
{"assetPair":"ETHBUSD","data":{"price":"2763.53000000","symbol":"ETHBUSD"},"level":"info","message":"Latest price","service":"api-d27bc23-binance-ETHBUSD","timestamp":"2022-02-27T14:08:59.936Z"}
{"assetPair":"ETHBUSD","data":{"price":"2763.99000000","symbol":"ETHBUSD"},"level":"info","message":"Latest price","service":"api-d27bc23-binance-ETHBUSD","timestamp":"2022-02-27T14:11:59.967Z"}
{"assetPair":"ETHBUSD","data":{"price":"2767.07000000","symbol":"ETHBUSD"},"level":"info","message":"Latest price","service":"api-d27bc23-binance-ETHBUSD","timestamp":"2022-02-27T14:15:00.042Z"}
{"assetPair":"ETHBUSD","data":{"price":"2770.05000000","symbol":"ETHBUSD"},"level":"info","message":"Latest price","service":"api-d27bc23-binance-ETHBUSD","timestamp":"2022-02-27T14:18:00.076Z"}
{"assetPair":"ETHBUSD","data":{"price":"2772.00000000","symbol":"ETHBUSD"},"level":"info","message":"Latest price","service":"api-d27bc23-binance-ETHBUSD","timestamp":"2022-02-27T14:21:00.141Z"}
{"assetPair":"ETHBUSD","data":{"price":"2775.07000000","symbol":"ETHBUSD"},"level":"info","message":"Latest price","service":"api-d27bc23-binance-ETHBUSD","timestamp":"2022-02-27T14:24:00.193Z"}
{"assetPair":"ETHBUSD","data":{"price":"2777.85000000","symbol":"ETHBUSD"},"level":"info","message":"Latest price","service":"api-d27bc23-binance-ETHBUSD","timestamp":"2022-02-27T14:27:00.226Z"}
{"assetPair":"ETHBUSD","data":{"price":"2765.38000000","symbol":"ETHBUSD"},"level":"info","message":"Latest price","service":"api-d27bc23-binance-ETHBUSD","timestamp":"2022-02-27T14:30:00.256Z"}
{"assetPair":"ETHBUSD","data":{"price":"2767.92000000","symbol":"ETHBUSD"},"level":"info","message":"Latest price","service":"api-d27bc23-binance-ETHBUSD","timestamp":"2022-02-27T14:33:00.294Z"}
{"assetPair":"ETHBUSD","data":{"price":"2754.23000000","symbol":"ETHBUSD"},"level":"info","message":"Latest price","service":"api-d27bc23-binance-ETHBUSD","timestamp":"2022-02-27T14:36:00.326Z"}
{"assetPair":"ETHBUSD","data":{"price":"2760.05000000","symbol":"ETHBUSD"},"level":"info","message":"Latest price","service":"api-d27bc23-binance-ETHBUSD","timestamp":"2022-02-27T14:39:00.374Z"}
{"assetPair":"ETHBUSD","data":{"price":"2761.21000000","symbol":"ETHBUSD"},"level":"info","message":"Latest price","service":"api-d27bc23-binance-ETHBUSD","timestamp":"2022-02-27T14:42:00.434Z"}
{"assetPair":"ETHBUSD","data":{"price":"2771.95000000","symbol":"ETHBUSD"},"level":"info","message":"Latest price","service":"api-d27bc23-binance-ETHBUSD","timestamp":"2022-02-27T14:45:00.472Z"}
{"assetPair":"ETHBUSD","data":{"price":"2767.95000000","symbol":"ETHBUSD"},"level":"info","message":"Latest price","service":"api-d27bc23-binance-ETHBUSD","timestamp":"2022-02-27T14:48:00.573Z"}
{"assetPair":"ETHBUSD","data":{"price":"2761.16000000","symbol":"ETHBUSD"},"level":"info","message":"Latest price","service":"api-d27bc23-binance-ETHBUSD","timestamp":"2022-02-27T14:51:00.607Z"}
{"assetPair":"ETHBUSD","data":{"price":"2750.37000000","symbol":"ETHBUSD"},"level":"info","message":"Latest price","service":"api-d27bc23-binance-ETHBUSD","timestamp":"2022-02-27T14:54:00.644Z"}
{"assetPair":"ETHBUSD","data":{"price":"2755.50000000","symbol":"ETHBUSD"},"level":"info","message":"Latest price","service":"api-d27bc23-binance-ETHBUSD","timestamp":"2022-02-27T14:57:00.717Z"}
{"assetPair":"ETHBUSD","data":{"price":"2762.37000000","symbol":"ETHBUSD"},"level":"info","message":"Latest price","service":"api-d27bc23-binance-ETHBUSD","timestamp":"2022-02-27T15:00:00.752Z"}
{"assetPair":"ETHBUSD","data":{"price":"2759.48000000","symbol":"ETHBUSD"},"level":"info","message":"Latest price","service":"api-d27bc23-binance-ETHBUSD","timestamp":"2022-02-27T15:03:00.786Z"}
{"assetPair":"ETHBUSD","data":{"price":"2760.81000000","symbol":"ETHBUSD"},"level":"info","message":"Latest price","service":"api-d27bc23-binance-ETHBUSD","timestamp":"2022-02-27T15:06:00.823Z"}
{"assetPair":"ETHBUSD","data":{"price":"2761.64000000","symbol":"ETHBUSD"},"level":"info","message":"Latest price","service":"api-d27bc23-binance-ETHBUSD","timestamp":"2022-02-27T15:09:00.880Z"}
{"assetPair":"ETHBUSD","data":{"price":"2760.10000000","symbol":"ETHBUSD"},"level":"info","message":"Latest price","service":"api-d27bc23-binance-ETHBUSD","timestamp":"2022-02-27T15:12:00.913Z"}
{"assetPair":"ETHBUSD","data":{"price":"2763.13000000","symbol":"ETHBUSD"},"level":"info","message":"Latest price","service":"api-d27bc23-binance-ETHBUSD","timestamp":"2022-02-27T15:15:00.945Z"}
{"assetPair":"ETHBUSD","data":{"price":"2774.07000000","symbol":"ETHBUSD"},"level":"info","message":"Latest price","service":"api-d27bc23-binance-ETHBUSD","timestamp":"2022-02-27T15:18:00.986Z"}
{"assetPair":"ETHBUSD","data":{"price":"2774.87000000","symbol":"ETHBUSD"},"level":"info","message":"Latest price","service":"api-d27bc23-binance-ETHBUSD","timestamp":"2022-02-27T15:21:01.050Z"}
{"assetPair":"ETHBUSD","data":{"price":"2791.92000000","symbol":"ETHBUSD"},"level":"info","message":"Latest price","service":"api-d27bc23-binance-ETHBUSD","timestamp":"2022-02-27T15:24:01.089Z"}
{"assetPair":"ETHBUSD","data":{"price":"2814.39000000","symbol":"ETHBUSD"},"level":"info","message":"Latest price","service":"api-d27bc23-binance-ETHBUSD","timestamp":"2022-02-27T15:27:01.123Z"}
{"assetPair":"ETHBUSD","data":{"price":"2812.25000000","symbol":"ETHBUSD"},"level":"info","message":"Latest price","service":"api-d27bc23-binance-ETHBUSD","timestamp":"2022-02-27T15:30:01.154Z"}
{"assetPair":"ETHBUSD","data":{"price":"2808.52000000","symbol":"ETHBUSD"},"level":"info","message":"Latest price","service":"api-d27bc23-binance-ETHBUSD","timestamp":"2022-02-27T15:33:01.192Z"}
{"assetPair":"ETHBUSD","data":{"price":"2802.18000000","symbol":"ETHBUSD"},"level":"info","message":"Latest price","service":"api-d27bc23-binance-ETHBUSD","timestamp":"2022-02-27T15:36:01.229Z"}
{"assetPair":"ETHBUSD","data":{"price":"2792.18000000","symbol":"ETHBUSD"},"level":"info","message":"Latest price","service":"api-d27bc23-binance-ETHBUSD","timestamp":"2022-02-27T15:39:01.290Z"}
{"assetPair":"ETHBUSD","data":{"price":"2791.19000000","symbol":"ETHBUSD"},"level":"info","message":"Latest price","service":"api-d27bc23-binance-ETHBUSD","timestamp":"2022-02-27T15:42:01.323Z"}
{"assetPair":"ETHBUSD","data":{"price":"2792.29000000","symbol":"ETHBUSD"},"level":"info","message":"Latest price","service":"api-d27bc23-binance-ETHBUSD","timestamp":"2022-02-27T15:45:01.366Z"}
{"assetPair":"ETHBUSD","data":{"price":"2796.10000000","symbol":"ETHBUSD"},"level":"info","message":"Latest price","service":"api-d27bc23-binance-ETHBUSD","timestamp":"2022-02-27T15:48:01.399Z"}
{"assetPair":"ETHBUSD","data":{"price":"2800.71000000","symbol":"ETHBUSD"},"level":"info","message":"Latest price","service":"api-d27bc23-binance-ETHBUSD","timestamp":"2022-02-27T15:51:01.434Z"}
{"assetPair":"ETHBUSD","data":{"price":"2798.97000000","symbol":"ETHBUSD"},"level":"info","message":"Latest price","service":"api-d27bc23-binance-ETHBUSD","timestamp":"2022-02-27T15:54:01.467Z"}
{"assetPair":"ETHBUSD","data":{"price":"2809.18000000","symbol":"ETHBUSD"},"level":"info","message":"Latest price","service":"api-d27bc23-binance-ETHBUSD","timestamp":"2022-02-27T15:57:01.523Z"}
{"assetPair":"ETHBUSD","data":{"price":"2809.56000000","symbol":"ETHBUSD"},"level":"info","message":"Latest price","service":"api-d27bc23-binance-ETHBUSD","timestamp":"2022-02-27T16:00:01.579Z"}
{"assetPair":"ETHBUSD","data":{"price":"2802.88000000","symbol":"ETHBUSD"},"level":"info","message":"Latest price","service":"api-d27bc23-binance-ETHBUSD","timestamp":"2022-02-27T16:03:01.612Z"}
{"assetPair":"ETHBUSD","data":{"price":"2797.33000000","symbol":"ETHBUSD"},"level":"info","message":"Latest price","service":"api-d27bc23-binance-ETHBUSD","timestamp":"2022-02-27T16:06:01.650Z"}
{"assetPair":"ETHBUSD","data":{"price":"2791.49000000","symbol":"ETHBUSD"},"level":"info","message":"Latest price","service":"api-d27bc23-binance-ETHBUSD","timestamp":"2022-02-27T16:09:01.703Z"}
{"assetPair":"ETHBUSD","data":{"price":"2790.37000000","symbol":"ETHBUSD"},"level":"info","message":"Latest price","service":"api-d27bc23-binance-ETHBUSD","timestamp":"2022-02-27T16:12:01.737Z"}
{"assetPair":"ETHBUSD","data":{"price":"2783.95000000","symbol":"ETHBUSD"},"level":"info","message":"Latest price","service":"api-d27bc23-binance-ETHBUSD","timestamp":"2022-02-27T16:15:01.774Z"}
{"assetPair":"ETHBUSD","data":{"price":"2780.83000000","symbol":"ETHBUSD"},"level":"info","message":"Latest price","service":"api-d27bc23-binance-ETHBUSD","timestamp":"2022-02-27T16:18:01.807Z"}
{"assetPair":"ETHBUSD","data":{"price":"2784.04000000","symbol":"ETHBUSD"},"level":"info","message":"Latest price","service":"api-d27bc23-binance-ETHBUSD","timestamp":"2022-02-27T16:21:01.838Z"}
{"assetPair":"ETHBUSD","data":{"price":"2784.35000000","symbol":"ETHBUSD"},"level":"info","message":"Latest price","service":"api-d27bc23-binance-ETHBUSD","timestamp":"2022-02-27T16:24:01.907Z"}
{"assetPair":"ETHBUSD","data":{"price":"2779.50000000","symbol":"ETHBUSD"},"level":"info","message":"Latest price","service":"api-d27bc23-binance-ETHBUSD","timestamp":"2022-02-27T16:27:01.941Z"}
{"assetPair":"ETHBUSD","data":{"price":"2769.73000000","symbol":"ETHBUSD"},"level":"info","message":"Latest price","service":"api-d27bc23-binance-ETHBUSD","timestamp":"2022-02-27T16:30:01.991Z"}
{"assetPair":"ETHBUSD","data":{"price":"2772.96000000","symbol":"ETHBUSD"},"level":"info","message":"Latest price","service":"api-d27bc23-binance-ETHBUSD","timestamp":"2022-02-27T16:33:02.025Z"}
{"assetPair":"ETHBUSD","data":{"price":"2773.07000000","symbol":"ETHBUSD"},"level":"info","message":"Latest price","service":"api-d27bc23-binance-ETHBUSD","timestamp":"2022-02-27T16:36:02.060Z"}
{"assetPair":"ETHBUSD","data":{"price":"2775.60000000","symbol":"ETHBUSD"},"level":"info","message":"Latest price","service":"api-d27bc23-binance-ETHBUSD","timestamp":"2022-02-27T16:39:02.096Z"}
{"assetPair":"ETHBUSD","data":{"price":"2772.38000000","symbol":"ETHBUSD"},"level":"info","message":"Latest price","service":"api-d27bc23-binance-ETHBUSD","timestamp":"2022-02-27T16:42:02.132Z"}
{"assetPair":"ETHBUSD","data":{"price":"2769.08000000","symbol":"ETHBUSD"},"level":"info","message":"Latest price","service":"api-d27bc23-binance-ETHBUSD","timestamp":"2022-02-27T16:45:02.209Z"}
{"assetPair":"ETHBUSD","data":{"price":"2769.62000000","symbol":"ETHBUSD"},"level":"info","message":"Latest price","service":"api-d27bc23-binance-ETHBUSD","timestamp":"2022-02-27T16:48:02.245Z"}
{"assetPair":"ETHBUSD","data":{"price":"2773.35000000","symbol":"ETHBUSD"},"level":"info","message":"Latest price","service":"api-d27bc23-binance-ETHBUSD","timestamp":"2022-02-27T16:51:02.323Z"}
{"assetPair":"ETHBUSD","data":{"price":"2769.09000000","symbol":"ETHBUSD"},"level":"info","message":"Latest price","service":"api-d27bc23-binance-ETHBUSD","timestamp":"2022-02-27T16:54:02.352Z"}
{"assetPair":"ETHBUSD","data":{"price":"2771.43000000","symbol":"ETHBUSD"},"level":"info","message":"Latest price","service":"api-d27bc23-binance-ETHBUSD","timestamp":"2022-02-27T16:57:02.382Z"}
{"assetPair":"ETHBUSD","data":{"price":"2777.80000000","symbol":"ETHBUSD"},"level":"info","message":"Latest price","service":"api-d27bc23-binance-ETHBUSD","timestamp":"2022-02-27T17:00:02.419Z"}
{"assetPair":"ETHBUSD","data":{"price":"2776.64000000","symbol":"ETHBUSD"},"level":"info","message":"Latest price","service":"api-d27bc23-binance-ETHBUSD","timestamp":"2022-02-27T17:03:02.519Z"}
{"assetPair":"ETHBUSD","data":{"price":"2779.09000000","symbol":"ETHBUSD"},"level":"info","message":"Latest price","service":"api-d27bc23-binance-ETHBUSD","timestamp":"2022-02-27T17:06:02.550Z"}
{"assetPair":"ETHBUSD","data":{"price":"2776.01000000","symbol":"ETHBUSD"},"level":"info","message":"Latest price","service":"api-d27bc23-binance-ETHBUSD","timestamp":"2022-02-27T17:09:02.617Z"}
{"assetPair":"ETHBUSD","data":{"price":"2772.50000000","symbol":"ETHBUSD"},"level":"info","message":"Latest price","service":"api-d27bc23-binance-ETHBUSD","timestamp":"2022-02-27T17:12:02.653Z"}
{"assetPair":"ETHBUSD","data":{"price":"2768.90000000","symbol":"ETHBUSD"},"level":"info","message":"Latest price","service":"api-d27bc23-binance-ETHBUSD","timestamp":"2022-02-27T17:15:02.728Z"}
{"assetPair":"ETHBUSD","data":{"price":"2770.85000000","symbol":"ETHBUSD"},"level":"info","message":"Latest price","service":"api-d27bc23-binance-ETHBUSD","timestamp":"2022-02-27T17:18:02.763Z"}
{"assetPair":"ETHBUSD","data":{"price":"2770.03000000","symbol":"ETHBUSD"},"level":"info","message":"Latest price","service":"api-d27bc23-binance-ETHBUSD","timestamp":"2022-02-27T17:21:02.792Z"}
{"assetPair":"ETHBUSD","data":{"price":"2770.78000000","symbol":"ETHBUSD"},"level":"info","message":"Latest price","service":"api-d27bc23-binance-ETHBUSD","timestamp":"2022-02-27T17:24:02.863Z"}
{"assetPair":"ETHBUSD","data":{"price":"2766.86000000","symbol":"ETHBUSD"},"level":"info","message":"Latest price","service":"api-d27bc23-binance-ETHBUSD","timestamp":"2022-02-27T17:27:02.898Z"}
{"assetPair":"ETHBUSD","data":{"price":"2770.08000000","symbol":"ETHBUSD"},"level":"info","message":"Latest price","service":"api-d27bc23-binance-ETHBUSD","timestamp":"2022-02-27T17:30:02.960Z"}
{"assetPair":"ETHBUSD","data":{"price":"2772.50000000","symbol":"ETHBUSD"},"level":"info","message":"Latest price","service":"api-d27bc23-binance-ETHBUSD","timestamp":"2022-02-27T17:33:03.029Z"}
{"assetPair":"ETHBUSD","data":{"price":"2771.76000000","symbol":"ETHBUSD"},"level":"info","message":"Latest price","service":"api-d27bc23-binance-ETHBUSD","timestamp":"2022-02-27T17:36:03.062Z"}
{"assetPair":"ETHBUSD","data":{"price":"2768.56000000","symbol":"ETHBUSD"},"level":"info","message":"Latest price","service":"api-d27bc23-binance-ETHBUSD","timestamp":"2022-02-27T17:39:03.101Z"}
{"assetPair":"ETHBUSD","data":{"price":"2770.38000000","symbol":"ETHBUSD"},"level":"info","message":"Latest price","service":"api-d27bc23-binance-ETHBUSD","timestamp":"2022-02-27T17:42:03.170Z"}
{"assetPair":"ETHBUSD","data":{"price":"2766.85000000","symbol":"ETHBUSD"},"level":"info","message":"Latest price","service":"api-d27bc23-binance-ETHBUSD","timestamp":"2022-02-27T17:45:03.202Z"}
{"assetPair":"ETHBUSD","data":{"price":"2770.00000000","symbol":"ETHBUSD"},"level":"info","message":"Latest price","service":"api-d27bc23-binance-ETHBUSD","timestamp":"2022-02-27T17:48:03.242Z"}
{"assetPair":"ETHBUSD","data":{"price":"2770.45000000","symbol":"ETHBUSD"},"level":"info","message":"Latest price","service":"api-d27bc23-binance-ETHBUSD","timestamp":"2022-02-27T17:51:03.276Z"}
{"assetPair":"ETHBUSD","data":{"price":"2769.56000000","symbol":"ETHBUSD"},"level":"info","message":"Latest price","service":"api-d27bc23-binance-ETHBUSD","timestamp":"2022-02-27T17:54:03.307Z"}
{"assetPair":"ETHBUSD","data":{"price":"2768.26000000","symbol":"ETHBUSD"},"level":"info","message":"Latest price","service":"api-d27bc23-binance-ETHBUSD","timestamp":"2022-02-27T17:57:03.342Z"}
{"assetPair":"ETHBUSD","data":{"price":"2766.00000000","symbol":"ETHBUSD"},"level":"info","message":"Latest price","service":"api-d27bc23-binance-ETHBUSD","timestamp":"2022-02-27T18:00:03.378Z"}
{"assetPair":"ETHBUSD","data":{"price":"2758.85000000","symbol":"ETHBUSD"},"level":"info","message":"Latest price","service":"api-d27bc23-binance-ETHBUSD","timestamp":"2022-02-27T18:03:03.480Z"}
{"assetPair":"ETHBUSD","data":{"price":"2747.07000000","symbol":"ETHBUSD"},"level":"info","message":"Latest price","service":"api-d27bc23-binance-ETHBUSD","timestamp":"2022-02-27T18:06:03.514Z"}
{"assetPair":"ETHBUSD","data":{"price":"2748.03000000","symbol":"ETHBUSD"},"level":"info","message":"Latest price","service":"api-d27bc23-binance-ETHBUSD","timestamp":"2022-02-27T18:09:03.556Z"}
{"assetPair":"ETHBUSD","data":{"price":"2745.66000000","symbol":"ETHBUSD"},"level":"info","message":"Latest price","service":"api-d27bc23-binance-ETHBUSD","timestamp":"2022-02-27T18:12:03.590Z"}
{"assetPair":"ETHBUSD","data":{"price":"2752.70000000","symbol":"ETHBUSD"},"level":"info","message":"Latest price","service":"api-d27bc23-binance-ETHBUSD","timestamp":"2022-02-27T18:15:03.628Z"}
{"assetPair":"ETHBUSD","data":{"price":"2754.74000000","symbol":"ETHBUSD"},"level":"info","message":"Latest price","service":"api-d27bc23-binance-ETHBUSD","timestamp":"2022-02-27T18:18:03.664Z"}
{"assetPair":"ETHBUSD","data":{"price":"2757.82000000","symbol":"ETHBUSD"},"level":"info","message":"Latest price","service":"api-d27bc23-binance-ETHBUSD","timestamp":"2022-02-27T18:21:03.746Z"}
{"assetPair":"ETHBUSD","data":{"price":"2765.53000000","symbol":"ETHBUSD"},"level":"info","message":"Latest price","service":"api-d27bc23-binance-ETHBUSD","timestamp":"2022-02-27T18:24:03.786Z"}
{"assetPair":"ETHBUSD","data":{"price":"2762.71000000","symbol":"ETHBUSD"},"level":"info","message":"Latest price","service":"api-d27bc23-binance-ETHBUSD","timestamp":"2022-02-27T18:27:03.828Z"}
{"assetPair":"ETHBUSD","data":{"price":"2762.18000000","symbol":"ETHBUSD"},"level":"info","message":"Latest price","service":"api-d27bc23-binance-ETHBUSD","timestamp":"2022-02-27T18:30:03.862Z"}
{"assetPair":"ETHBUSD","data":{"price":"2756.35000000","symbol":"ETHBUSD"},"level":"info","message":"Latest price","service":"api-d27bc23-binance-ETHBUSD","timestamp":"2022-02-27T18:33:03.901Z"}
{"assetPair":"ETHBUSD","data":{"price":"2758.59000000","symbol":"ETHBUSD"},"level":"info","message":"Latest price","service":"api-d27bc23-binance-ETHBUSD","timestamp":"2022-02-27T18:36:03.988Z"}
{"assetPair":"ETHBUSD","data":{"price":"2761.71000000","symbol":"ETHBUSD"},"level":"info","message":"Latest price","service":"api-d27bc23-binance-ETHBUSD","timestamp":"2022-02-27T18:39:04.042Z"}
{"assetPair":"ETHBUSD","data":{"price":"2760.41000000","symbol":"ETHBUSD"},"level":"info","message":"Latest price","service":"api-d27bc23-binance-ETHBUSD","timestamp":"2022-02-27T18:42:04.074Z"}
{"assetPair":"ETHBUSD","data":{"price":"2757.99000000","symbol":"ETHBUSD"},"level":"info","message":"Latest price","service":"api-d27bc23-binance-ETHBUSD","timestamp":"2022-02-27T18:45:04.137Z"}
{"assetPair":"ETHBUSD","data":{"price":"2754.20000000","symbol":"ETHBUSD"},"level":"info","message":"Latest price","service":"api-d27bc23-binance-ETHBUSD","timestamp":"2022-02-27T18:48:04.180Z"}
{"assetPair":"ETHBUSD","data":{"price":"2748.58000000","symbol":"ETHBUSD"},"level":"info","message":"Latest price","service":"api-d27bc23-binance-ETHBUSD","timestamp":"2022-02-27T18:51:04.282Z"}
{"assetPair":"ETHBUSD","data":{"price":"2737.89000000","symbol":"ETHBUSD"},"level":"info","message":"Latest price","service":"api-d27bc23-binance-ETHBUSD","timestamp":"2022-02-27T18:54:04.337Z"}
{"assetPair":"ETHBUSD","data":{"price":"2738.78000000","symbol":"ETHBUSD"},"level":"info","message":"Latest price","service":"api-d27bc23-binance-ETHBUSD","timestamp":"2022-02-27T18:57:04.428Z"}
{"assetPair":"ETHBUSD","data":{"price":"2737.20000000","symbol":"ETHBUSD"},"level":"info","message":"Latest price","service":"api-d27bc23-binance-ETHBUSD","timestamp":"2022-02-27T19:00:04.464Z"}
{"assetPair":"ETHBUSD","data":{"price":"2747.23000000","symbol":"ETHBUSD"},"level":"info","message":"Latest price","service":"api-d27bc23-binance-ETHBUSD","timestamp":"2022-02-27T19:03:04.502Z"}
{"assetPair":"ETHBUSD","data":{"price":"2744.26000000","symbol":"ETHBUSD"},"level":"info","message":"Latest price","service":"api-d27bc23-binance-ETHBUSD","timestamp":"2022-02-27T19:06:04.534Z"}
{"assetPair":"ETHBUSD","data":{"price":"2746.77000000","symbol":"ETHBUSD"},"level":"info","message":"Latest price","service":"api-d27bc23-binance-ETHBUSD","timestamp":"2022-02-27T19:09:04.596Z"}
{"assetPair":"ETHBUSD","data":{"price":"2747.50000000","symbol":"ETHBUSD"},"level":"info","message":"Latest price","service":"api-d27bc23-binance-ETHBUSD","timestamp":"2022-02-27T19:12:04.631Z"}
{"assetPair":"ETHBUSD","data":{"price":"2737.97000000","symbol":"ETHBUSD"},"level":"info","message":"Latest price","service":"api-d27bc23-binance-ETHBUSD","timestamp":"2022-02-27T19:15:04.671Z"}
{"assetPair":"ETHBUSD","data":{"price":"2720.50000000","symbol":"ETHBUSD"},"level":"info","message":"Latest price","service":"api-d27bc23-binance-ETHBUSD","timestamp":"2022-02-27T19:18:04.703Z"}
{"assetPair":"ETHBUSD","data":{"price":"2716.14000000","symbol":"ETHBUSD"},"level":"info","message":"Latest price","service":"api-d27bc23-binance-ETHBUSD","timestamp":"2022-02-27T19:21:04.763Z"}
{"assetPair":"ETHBUSD","data":{"price":"2706.23000000","symbol":"ETHBUSD"},"level":"info","message":"Latest price","service":"api-d27bc23-binance-ETHBUSD","timestamp":"2022-02-27T19:24:04.799Z"}
{"assetPair":"ETHBUSD","data":{"price":"2702.30000000","symbol":"ETHBUSD"},"level":"info","message":"Latest price","service":"api-d27bc23-binance-ETHBUSD","timestamp":"2022-02-27T19:27:04.867Z"}
{"assetPair":"ETHBUSD","data":{"price":"2689.71000000","symbol":"ETHBUSD"},"level":"info","message":"Latest price","service":"api-d27bc23-binance-ETHBUSD","timestamp":"2022-02-27T19:30:04.924Z"}
{"assetPair":"ETHBUSD","data":{"price":"2674.45000000","symbol":"ETHBUSD"},"level":"info","message":"Latest price","service":"api-d27bc23-binance-ETHBUSD","timestamp":"2022-02-27T19:33:04.965Z"}
{"assetPair":"ETHBUSD","data":{"price":"2651.05000000","symbol":"ETHBUSD"},"level":"info","message":"Latest price","service":"api-d27bc23-binance-ETHBUSD","timestamp":"2022-02-27T19:36:05.009Z"}
{"assetPair":"ETHBUSD","data":{"price":"2656.16000000","symbol":"ETHBUSD"},"level":"info","message":"Latest price","service":"api-d27bc23-binance-ETHBUSD","timestamp":"2022-02-27T19:39:05.041Z"}
{"assetPair":"ETHBUSD","data":{"price":"2656.01000000","symbol":"ETHBUSD"},"level":"info","message":"Latest price","service":"api-d27bc23-binance-ETHBUSD","timestamp":"2022-02-27T19:42:05.075Z"}
{"assetPair":"ETHBUSD","data":{"price":"2651.98000000","symbol":"ETHBUSD"},"level":"info","message":"Latest price","service":"api-d27bc23-binance-ETHBUSD","timestamp":"2022-02-27T19:45:05.104Z"}
{"assetPair":"ETHBUSD","data":{"price":"2621.80000000","symbol":"ETHBUSD"},"level":"info","message":"Latest price","service":"api-d27bc23-binance-ETHBUSD","timestamp":"2022-02-27T19:48:05.179Z"}
{"balance":{"asset":"ETH","free":"0.00896220","locked":"0.00000000"},"level":"info","message":"Binance balance","service":"api-d27bc23-binance-ETHBUSD","timestamp":"2022-02-27T19:48:05.205Z"}
{"correctedPrice":"2621.80","correctedQty":"0.0089","forAsset":"BUSD","level":"info","message":"Initiating SELL","price":"2621.80000000","quantity":"0.00896220","sellAsset":"ETH","service":"api-d27bc23-binance-ETHBUSD","timestamp":"2022-02-27T19:48:05.206Z"}
{"data":{"clientOrderId":"9GmC41HAYBREP2mnbtQzSG","cummulativeQuoteQty":"0.00000000","executedQty":"0.00000000","fills":[],"orderId":4236999623,"orderListId":-1,"origQty":"0.00890000","price":"2621.80000000","side":"SELL","status":"NEW","symbol":"ETHBUSD","timeInForce":"GTC","transactTime":1645991285235,"type":"LIMIT"},"level":"info","message":"SELL success","service":"api-d27bc23-binance-ETHBUSD","timestamp":"2022-02-27T19:48:05.841Z"}
{"level":"info","message":"Checking order status","origClientOrderId":"9GmC41HAYBREP2mnbtQzSG","service":"api-d27bc23-binance-ETHBUSD","symbol":"ETHBUSD","timestamp":"2022-02-27T19:51:05.844Z"}
{"data":{"clientOrderId":"9GmC41HAYBREP2mnbtQzSG","cummulativeQuoteQty":"23.33402000","executedQty":"0.00890000","icebergQty":"0.00000000","isWorking":true,"orderId":4236999623,"orderListId":-1,"origQty":"0.00890000","origQuoteOrderQty":"0.00000000","price":"2621.80000000","side":"SELL","status":"FILLED","stopPrice":"0.00000000","symbol":"ETHBUSD","time":1645991285235,"timeInForce":"GTC","type":"LIMIT","updateTime":1645991285591},"level":"info","message":"Order status","service":"api-d27bc23-binance-ETHBUSD","timestamp":"2022-02-27T19:51:05.884Z"}
{"assetPair":"ETHBUSD","data":{"price":"2629.93000000","symbol":"ETHBUSD"},"level":"info","message":"Latest price","service":"api-d27bc23-binance-ETHBUSD","timestamp":"2022-02-27T19:51:05.918Z"}
{"assetPair":"ETHBUSD","data":{"price":"2628.00000000","symbol":"ETHBUSD"},"level":"info","message":"Latest price","service":"api-d27bc23-binance-ETHBUSD","timestamp":"2022-02-27T19:54:05.957Z"}
{"assetPair":"ETHBUSD","data":{"price":"2623.22000000","symbol":"ETHBUSD"},"level":"info","message":"Latest price","service":"api-d27bc23-binance-ETHBUSD","timestamp":"2022-02-27T19:57:06.001Z"}
{"assetPair":"ETHBUSD","data":{"price":"2603.86000000","symbol":"ETHBUSD"},"level":"info","message":"Latest price","service":"api-d27bc23-binance-ETHBUSD","timestamp":"2022-02-27T20:00:06.037Z"}
{"assetPair":"ETHBUSD","data":{"price":"2626.23000000","symbol":"ETHBUSD"},"level":"info","message":"Latest price","service":"api-d27bc23-binance-ETHBUSD","timestamp":"2022-02-27T20:03:06.068Z"}
{"assetPair":"ETHBUSD","data":{"price":"2597.55000000","symbol":"ETHBUSD"},"level":"info","message":"Latest price","service":"api-d27bc23-binance-ETHBUSD","timestamp":"2022-02-27T20:06:06.103Z"}
{"assetPair":"ETHBUSD","data":{"price":"2614.50000000","symbol":"ETHBUSD"},"level":"info","message":"Latest price","service":"api-d27bc23-binance-ETHBUSD","timestamp":"2022-02-27T20:09:06.137Z"}
{"assetPair":"ETHBUSD","data":{"price":"2614.80000000","symbol":"ETHBUSD"},"level":"info","message":"Latest price","service":"api-d27bc23-binance-ETHBUSD","timestamp":"2022-02-27T20:12:06.167Z"}
{"assetPair":"ETHBUSD","data":{"price":"2598.69000000","symbol":"ETHBUSD"},"level":"info","message":"Latest price","service":"api-d27bc23-binance-ETHBUSD","timestamp":"2022-02-27T20:15:06.225Z"}
{"assetPair":"ETHBUSD","data":{"price":"2611.04000000","symbol":"ETHBUSD"},"level":"info","message":"Latest price","service":"api-d27bc23-binance-ETHBUSD","timestamp":"2022-02-27T20:18:06.258Z"}
{"assetPair":"ETHBUSD","data":{"price":"2599.95000000","symbol":"ETHBUSD"},"level":"info","message":"Latest price","service":"api-d27bc23-binance-ETHBUSD","timestamp":"2022-02-27T20:21:06.323Z"}
{"assetPair":"ETHBUSD","data":{"price":"2600.77000000","symbol":"ETHBUSD"},"level":"info","message":"Latest price","service":"api-d27bc23-binance-ETHBUSD","timestamp":"2022-02-27T20:24:06.360Z"}
{"assetPair":"ETHBUSD","data":{"price":"2596.55000000","symbol":"ETHBUSD"},"level":"info","message":"Latest price","service":"api-d27bc23-binance-ETHBUSD","timestamp":"2022-02-27T20:27:06.439Z"}
{"assetPair":"ETHBUSD","data":{"price":"2611.92000000","symbol":"ETHBUSD"},"level":"info","message":"Latest price","service":"api-d27bc23-binance-ETHBUSD","timestamp":"2022-02-27T20:30:06.474Z"}
{"assetPair":"ETHBUSD","data":{"price":"2615.56000000","symbol":"ETHBUSD"},"level":"info","message":"Latest price","service":"api-d27bc23-binance-ETHBUSD","timestamp":"2022-02-27T20:33:06.554Z"}
{"assetPair":"ETHBUSD","data":{"price":"2616.28000000","symbol":"ETHBUSD"},"level":"info","message":"Latest price","service":"api-d27bc23-binance-ETHBUSD","timestamp":"2022-02-27T20:36:06.588Z"}
{"assetPair":"ETHBUSD","data":{"price":"2626.79000000","symbol":"ETHBUSD"},"level":"info","message":"Latest price","service":"api-d27bc23-binance-ETHBUSD","timestamp":"2022-02-27T20:39:06.616Z"}
{"balance":{"asset":"BUSD","free":"63.62874094","locked":"0.00000000"},"level":"info","message":"Binance balance","service":"api-d27bc23-binance-ETHBUSD","timestamp":"2022-02-27T20:39:06.645Z"}
{"buyAsset":"ETH","correctedPrice":"2626.79","correctedQty":"0.0094","level":"info","message":"Initiating BUY","price":"2626.79","quantity":"0.00942214642205886272","service":"api-d27bc23-binance-ETHBUSD","timestamp":"2022-02-27T20:39:06.646Z","withAsset":"BUSD"}
{"data":{"clientOrderId":"bUAzx168JDBDZAxNBfCRvI","cummulativeQuoteQty":"24.69182600","executedQty":"0.00940000","fills":[{"commission":"0.00000940","commissionAsset":"ETH","price":"2626.79000000","qty":"0.00940000","tradeId":271185787}],"orderId":4237466397,"orderListId":-1,"origQty":"0.00940000","price":"2626.79000000","side":"BUY","status":"FILLED","symbol":"ETHBUSD","timeInForce":"GTC","transactTime":1645994346672,"type":"LIMIT"},"level":"info","message":"BUY success","service":"api-d27bc23-binance-ETHBUSD","timestamp":"2022-02-27T20:39:06.677Z"}
{"level":"info","message":"Checking order status","origClientOrderId":"bUAzx168JDBDZAxNBfCRvI","service":"api-d27bc23-binance-ETHBUSD","symbol":"ETHBUSD","timestamp":"2022-02-27T20:42:06.679Z"}
{"data":{"clientOrderId":"bUAzx168JDBDZAxNBfCRvI","cummulativeQuoteQty":"24.69182600","executedQty":"0.00940000","icebergQty":"0.00000000","isWorking":true,"orderId":4237466397,"orderListId":-1,"origQty":"0.00940000","origQuoteOrderQty":"0.00000000","price":"2626.79000000","side":"BUY","status":"FILLED","stopPrice":"0.00000000","symbol":"ETHBUSD","time":1645994346672,"timeInForce":"GTC","type":"LIMIT","updateTime":1645994346672},"level":"info","message":"Order status","service":"api-d27bc23-binance-ETHBUSD","timestamp":"2022-02-27T20:42:06.742Z"}
{"assetPair":"ETHBUSD","data":{"price":"2624.50000000","symbol":"ETHBUSD"},"level":"info","message":"Latest price","service":"api-d27bc23-binance-ETHBUSD","timestamp":"2022-02-27T20:42:06.788Z"}
{"assetPair":"ETHBUSD","data":{"price":"2626.59000000","symbol":"ETHBUSD"},"level":"info","message":"Latest price","service":"api-d27bc23-binance-ETHBUSD","timestamp":"2022-02-27T20:45:06.845Z"}
{"assetPair":"ETHBUSD","data":{"price":"2644.49000000","symbol":"ETHBUSD"},"level":"info","message":"Latest price","service":"api-d27bc23-binance-ETHBUSD","timestamp":"2022-02-27T20:48:06.878Z"}
{"assetPair":"ETHBUSD","data":{"price":"2646.93000000","symbol":"ETHBUSD"},"level":"info","message":"Latest price","service":"api-d27bc23-binance-ETHBUSD","timestamp":"2022-02-27T20:51:06.915Z"}
{"assetPair":"ETHBUSD","data":{"price":"2641.98000000","symbol":"ETHBUSD"},"level":"info","message":"Latest price","service":"api-d27bc23-binance-ETHBUSD","timestamp":"2022-02-27T20:54:06.952Z"}
{"assetPair":"ETHBUSD","data":{"price":"2640.94000000","symbol":"ETHBUSD"},"level":"info","message":"Latest price","service":"api-d27bc23-binance-ETHBUSD","timestamp":"2022-02-27T20:57:06.984Z"}
{"assetPair":"ETHBUSD","data":{"price":"2631.65000000","symbol":"ETHBUSD"},"level":"info","message":"Latest price","service":"api-d27bc23-binance-ETHBUSD","timestamp":"2022-02-27T21:00:07.044Z"}
{"assetPair":"ETHBUSD","data":{"price":"2627.75000000","symbol":"ETHBUSD"},"level":"info","message":"Latest price","service":"api-d27bc23-binance-ETHBUSD","timestamp":"2022-02-27T21:03:07.127Z"}
{"assetPair":"ETHBUSD","data":{"price":"2611.00000000","symbol":"ETHBUSD"},"level":"info","message":"Latest price","service":"api-d27bc23-binance-ETHBUSD","timestamp":"2022-02-27T21:06:07.163Z"}
{"assetPair":"ETHBUSD","data":{"price":"2601.89000000","symbol":"ETHBUSD"},"level":"info","message":"Latest price","service":"api-d27bc23-binance-ETHBUSD","timestamp":"2022-02-27T21:09:07.227Z"}
{"assetPair":"ETHBUSD","data":{"price":"2600.61000000","symbol":"ETHBUSD"},"level":"info","message":"Latest price","service":"api-d27bc23-binance-ETHBUSD","timestamp":"2022-02-27T21:12:07.259Z"}
{"assetPair":"ETHBUSD","data":{"price":"2590.00000000","symbol":"ETHBUSD"},"level":"info","message":"Latest price","service":"api-d27bc23-binance-ETHBUSD","timestamp":"2022-02-27T21:15:07.296Z"}
{"assetPair":"ETHBUSD","data":{"price":"2581.03000000","symbol":"ETHBUSD"},"level":"info","message":"Latest price","service":"api-d27bc23-binance-ETHBUSD","timestamp":"2022-02-27T21:18:07.336Z"}
{"assetPair":"ETHBUSD","data":{"price":"2582.99000000","symbol":"ETHBUSD"},"level":"info","message":"Latest price","service":"api-d27bc23-binance-ETHBUSD","timestamp":"2022-02-27T21:21:07.375Z"}
{"assetPair":"ETHBUSD","data":{"price":"2589.45000000","symbol":"ETHBUSD"},"level":"info","message":"Latest price","service":"api-d27bc23-binance-ETHBUSD","timestamp":"2022-02-27T21:24:07.413Z"}
{"assetPair":"ETHBUSD","data":{"price":"2592.36000000","symbol":"ETHBUSD"},"level":"info","message":"Latest price","service":"api-d27bc23-binance-ETHBUSD","timestamp":"2022-02-27T21:27:07.450Z"}
{"assetPair":"ETHBUSD","data":{"price":"2599.35000000","symbol":"ETHBUSD"},"level":"info","message":"Latest price","service":"api-d27bc23-binance-ETHBUSD","timestamp":"2022-02-27T21:30:07.539Z"}
{"assetPair":"ETHBUSD","data":{"price":"2609.32000000","symbol":"ETHBUSD"},"level":"info","message":"Latest price","service":"api-d27bc23-binance-ETHBUSD","timestamp":"2022-02-27T21:33:07.578Z"}
{"assetPair":"ETHBUSD","data":{"price":"2599.37000000","symbol":"ETHBUSD"},"level":"info","message":"Latest price","service":"api-d27bc23-binance-ETHBUSD","timestamp":"2022-02-27T21:36:07.637Z"}
{"assetPair":"ETHBUSD","data":{"price":"2604.87000000","symbol":"ETHBUSD"},"level":"info","message":"Latest price","service":"api-d27bc23-binance-ETHBUSD","timestamp":"2022-02-27T21:39:07.690Z"}
{"assetPair":"ETHBUSD","data":{"price":"2604.44000000","symbol":"ETHBUSD"},"level":"info","message":"Latest price","service":"api-d27bc23-binance-ETHBUSD","timestamp":"2022-02-27T21:42:07.751Z"}
{"assetPair":"ETHBUSD","data":{"price":"2602.98000000","symbol":"ETHBUSD"},"level":"info","message":"Latest price","service":"api-d27bc23-binance-ETHBUSD","timestamp":"2022-02-27T21:45:07.810Z"}
{"assetPair":"ETHBUSD","data":{"price":"2609.15000000","symbol":"ETHBUSD"},"level":"info","message":"Latest price","service":"api-d27bc23-binance-ETHBUSD","timestamp":"2022-02-27T21:48:07.843Z"}
{"assetPair":"ETHBUSD","data":{"price":"2610.39000000","symbol":"ETHBUSD"},"level":"info","message":"Latest price","service":"api-d27bc23-binance-ETHBUSD","timestamp":"2022-02-27T21:51:07.878Z"}
{"assetPair":"ETHBUSD","data":{"price":"2616.00000000","symbol":"ETHBUSD"},"level":"info","message":"Latest price","service":"api-d27bc23-binance-ETHBUSD","timestamp":"2022-02-27T21:54:07.912Z"}
{"assetPair":"ETHBUSD","data":{"price":"2608.11000000","symbol":"ETHBUSD"},"level":"info","message":"Latest price","service":"api-d27bc23-binance-ETHBUSD","timestamp":"2022-02-27T21:57:07.949Z"}
{"assetPair":"ETHBUSD","data":{"price":"2600.98000000","symbol":"ETHBUSD"},"level":"info","message":"Latest price","service":"api-d27bc23-binance-ETHBUSD","timestamp":"2022-02-27T22:00:08.030Z"}
{"assetPair":"ETHBUSD","data":{"price":"2607.71000000","symbol":"ETHBUSD"},"level":"info","message":"Latest price","service":"api-d27bc23-binance-ETHBUSD","timestamp":"2022-02-27T22:03:08.070Z"}
{"assetPair":"ETHBUSD","data":{"price":"2606.75000000","symbol":"ETHBUSD"},"level":"info","message":"Latest price","service":"api-d27bc23-binance-ETHBUSD","timestamp":"2022-02-27T22:06:08.100Z"}
{"assetPair":"ETHBUSD","data":{"price":"2613.89000000","symbol":"ETHBUSD"},"level":"info","message":"Latest price","service":"api-d27bc23-binance-ETHBUSD","timestamp":"2022-02-27T22:09:08.135Z"}
{"assetPair":"ETHBUSD","data":{"price":"2612.59000000","symbol":"ETHBUSD"},"level":"info","message":"Latest price","service":"api-d27bc23-binance-ETHBUSD","timestamp":"2022-02-27T22:12:08.176Z"}
{"assetPair":"ETHBUSD","data":{"price":"2614.65000000","symbol":"ETHBUSD"},"level":"info","message":"Latest price","service":"api-d27bc23-binance-ETHBUSD","timestamp":"2022-02-27T22:15:08.206Z"}
{"assetPair":"ETHBUSD","data":{"price":"2614.20000000","symbol":"ETHBUSD"},"level":"info","message":"Latest price","service":"api-d27bc23-binance-ETHBUSD","timestamp":"2022-02-27T22:18:08.246Z"}
{"assetPair":"ETHBUSD","data":{"price":"2615.72000000","symbol":"ETHBUSD"},"level":"info","message":"Latest price","service":"api-d27bc23-binance-ETHBUSD","timestamp":"2022-02-27T22:21:08.349Z"}
{"assetPair":"ETHBUSD","data":{"price":"2620.41000000","symbol":"ETHBUSD"},"level":"info","message":"Latest price","service":"api-d27bc23-binance-ETHBUSD","timestamp":"2022-02-27T22:24:08.421Z"}
{"assetPair":"ETHBUSD","data":{"price":"2622.25000000","symbol":"ETHBUSD"},"level":"info","message":"Latest price","service":"api-d27bc23-binance-ETHBUSD","timestamp":"2022-02-27T22:27:08.456Z"}
{"assetPair":"ETHBUSD","data":{"price":"2619.31000000","symbol":"ETHBUSD"},"level":"info","message":"Latest price","service":"api-d27bc23-binance-ETHBUSD","timestamp":"2022-02-27T22:30:08.490Z"}
{"assetPair":"ETHBUSD","data":{"price":"2625.48000000","symbol":"ETHBUSD"},"level":"info","message":"Latest price","service":"api-d27bc23-binance-ETHBUSD","timestamp":"2022-02-27T22:33:08.530Z"}
{"assetPair":"ETHBUSD","data":{"price":"2626.60000000","symbol":"ETHBUSD"},"level":"info","message":"Latest price","service":"api-d27bc23-binance-ETHBUSD","timestamp":"2022-02-27T22:36:08.568Z"}
{"assetPair":"ETHBUSD","data":{"price":"2630.91000000","symbol":"ETHBUSD"},"level":"info","message":"Latest price","service":"api-d27bc23-binance-ETHBUSD","timestamp":"2022-02-27T22:39:08.685Z"}
{"assetPair":"ETHBUSD","data":{"price":"2627.17000000","symbol":"ETHBUSD"},"level":"info","message":"Latest price","service":"api-d27bc23-binance-ETHBUSD","timestamp":"2022-02-27T22:42:08.725Z"}
{"assetPair":"ETHBUSD","data":{"price":"2628.22000000","symbol":"ETHBUSD"},"level":"info","message":"Latest price","service":"api-d27bc23-binance-ETHBUSD","timestamp":"2022-02-27T22:45:08.761Z"}
{"assetPair":"ETHBUSD","data":{"price":"2614.51000000","symbol":"ETHBUSD"},"level":"info","message":"Latest price","service":"api-d27bc23-binance-ETHBUSD","timestamp":"2022-02-27T22:48:08.807Z"}
{"assetPair":"ETHBUSD","data":{"price":"2611.30000000","symbol":"ETHBUSD"},"level":"info","message":"Latest price","service":"api-d27bc23-binance-ETHBUSD","timestamp":"2022-02-27T22:51:08.835Z"}
{"assetPair":"ETHBUSD","data":{"price":"2608.97000000","symbol":"ETHBUSD"},"level":"info","message":"Latest price","service":"api-d27bc23-binance-ETHBUSD","timestamp":"2022-02-27T22:54:08.895Z"}
{"assetPair":"ETHBUSD","data":{"price":"2614.03000000","symbol":"ETHBUSD"},"level":"info","message":"Latest price","service":"api-d27bc23-binance-ETHBUSD","timestamp":"2022-02-27T22:57:08.928Z"}
{"assetPair":"ETHBUSD","data":{"price":"2628.23000000","symbol":"ETHBUSD"},"level":"info","message":"Latest price","service":"api-d27bc23-binance-ETHBUSD","timestamp":"2022-02-27T23:00:08.967Z"}
{"assetPair":"ETHBUSD","data":{"price":"2596.85000000","symbol":"ETHBUSD"},"level":"info","message":"Latest price","service":"api-d27bc23-binance-ETHBUSD","timestamp":"2022-02-27T23:03:08.997Z"}
{"assetPair":"ETHBUSD","data":{"price":"2593.83000000","symbol":"ETHBUSD"},"level":"info","message":"Latest price","service":"api-d27bc23-binance-ETHBUSD","timestamp":"2022-02-27T23:06:09.026Z"}
{"assetPair":"ETHBUSD","data":{"price":"2592.93000000","symbol":"ETHBUSD"},"level":"info","message":"Latest price","service":"api-d27bc23-binance-ETHBUSD","timestamp":"2022-02-27T23:09:09.063Z"}
{"assetPair":"ETHBUSD","data":{"price":"2604.64000000","symbol":"ETHBUSD"},"level":"info","message":"Latest price","service":"api-d27bc23-binance-ETHBUSD","timestamp":"2022-02-27T23:12:09.093Z"}
{"assetPair":"ETHBUSD","data":{"price":"2601.15000000","symbol":"ETHBUSD"},"level":"info","message":"Latest price","service":"api-d27bc23-binance-ETHBUSD","timestamp":"2022-02-27T23:15:09.192Z"}
{"assetPair":"ETHBUSD","data":{"price":"2615.25000000","symbol":"ETHBUSD"},"level":"info","message":"Latest price","service":"api-d27bc23-binance-ETHBUSD","timestamp":"2022-02-27T23:18:09.234Z"}
{"assetPair":"ETHBUSD","data":{"price":"2608.53000000","symbol":"ETHBUSD"},"level":"info","message":"Latest price","service":"api-d27bc23-binance-ETHBUSD","timestamp":"2022-02-27T23:21:09.269Z"}
{"assetPair":"ETHBUSD","data":{"price":"2594.48000000","symbol":"ETHBUSD"},"level":"info","message":"Latest price","service":"api-d27bc23-binance-ETHBUSD","timestamp":"2022-02-27T23:24:09.306Z"}
{"assetPair":"ETHBUSD","data":{"price":"2588.29000000","symbol":"ETHBUSD"},"level":"info","message":"Latest price","service":"api-d27bc23-binance-ETHBUSD","timestamp":"2022-02-27T23:27:09.332Z"}
{"assetPair":"ETHBUSD","data":{"price":"2602.70000000","symbol":"ETHBUSD"},"level":"info","message":"Latest price","service":"api-d27bc23-binance-ETHBUSD","timestamp":"2022-02-27T23:30:09.369Z"}
{"assetPair":"ETHBUSD","data":{"price":"2603.39000000","symbol":"ETHBUSD"},"level":"info","message":"Latest price","service":"api-d27bc23-binance-ETHBUSD","timestamp":"2022-02-27T23:33:09.401Z"}
{"assetPair":"ETHBUSD","data":{"price":"2614.13000000","symbol":"ETHBUSD"},"level":"info","message":"Latest price","service":"api-d27bc23-binance-ETHBUSD","timestamp":"2022-02-27T23:36:09.439Z"}
{"assetPair":"ETHBUSD","data":{"price":"2614.20000000","symbol":"ETHBUSD"},"level":"info","message":"Latest price","service":"api-d27bc23-binance-ETHBUSD","timestamp":"2022-02-27T23:39:09.501Z"}
{"assetPair":"ETHBUSD","data":{"price":"2614.11000000","symbol":"ETHBUSD"},"level":"info","message":"Latest price","service":"api-d27bc23-binance-ETHBUSD","timestamp":"2022-02-27T23:42:09.535Z"}
{"assetPair":"ETHBUSD","data":{"price":"2627.49000000","symbol":"ETHBUSD"},"level":"info","message":"Latest price","service":"api-d27bc23-binance-ETHBUSD","timestamp":"2022-02-27T23:45:09.563Z"}
{"assetPair":"ETHBUSD","data":{"price":"2630.40000000","symbol":"ETHBUSD"},"level":"info","message":"Latest price","service":"api-d27bc23-binance-ETHBUSD","timestamp":"2022-02-27T23:48:09.600Z"}
{"assetPair":"ETHBUSD","data":{"price":"2622.84000000","symbol":"ETHBUSD"},"level":"info","message":"Latest price","service":"api-d27bc23-binance-ETHBUSD","timestamp":"2022-02-27T23:51:09.634Z"}
{"assetPair":"ETHBUSD","data":{"price":"2625.55000000","symbol":"ETHBUSD"},"level":"info","message":"Latest price","service":"api-d27bc23-binance-ETHBUSD","timestamp":"2022-02-27T23:54:09.669Z"}
{"assetPair":"ETHBUSD","data":{"price":"2622.78000000","symbol":"ETHBUSD"},"level":"info","message":"Latest price","service":"api-d27bc23-binance-ETHBUSD","timestamp":"2022-02-27T23:57:09.707Z"}
{"assetPair":"ETHBUSD","data":{"price":"2616.81000000","symbol":"ETHBUSD"},"level":"info","message":"Latest price","service":"api-d27bc23-binance-ETHBUSD","timestamp":"2022-02-28T00:00:09.743Z"}
{"assetPair":"ETHBUSD","data":{"price":"2605.62000000","symbol":"ETHBUSD"},"level":"info","message":"Latest price","service":"api-d27bc23-binance-ETHBUSD","timestamp":"2022-02-28T00:03:09.779Z"}
{"assetPair":"ETHBUSD","data":{"price":"2618.84000000","symbol":"ETHBUSD"},"level":"info","message":"Latest price","service":"api-d27bc23-binance-ETHBUSD","timestamp":"2022-02-28T00:06:09.826Z"}
{"assetPair":"ETHBUSD","data":{"price":"2614.29000000","symbol":"ETHBUSD"},"level":"info","message":"Latest price","service":"api-d27bc23-binance-ETHBUSD","timestamp":"2022-02-28T00:09:09.860Z"}
{"assetPair":"ETHBUSD","data":{"price":"2613.85000000","symbol":"ETHBUSD"},"level":"info","message":"Latest price","service":"api-d27bc23-binance-ETHBUSD","timestamp":"2022-02-28T00:12:09.889Z"}
{"assetPair":"ETHBUSD","data":{"price":"2618.40000000","symbol":"ETHBUSD"},"level":"info","message":"Latest price","service":"api-d27bc23-binance-ETHBUSD","timestamp":"2022-02-28T00:15:09.963Z"}
{"assetPair":"ETHBUSD","data":{"price":"2614.02000000","symbol":"ETHBUSD"},"level":"info","message":"Latest price","service":"api-d27bc23-binance-ETHBUSD","timestamp":"2022-02-28T00:18:09.999Z"}
{"assetPair":"ETHBUSD","data":{"price":"2603.56000000","symbol":"ETHBUSD"},"level":"info","message":"Latest price","service":"api-d27bc23-binance-ETHBUSD","timestamp":"2022-02-28T00:21:10.039Z"}
{"assetPair":"ETHBUSD","data":{"price":"2605.69000000","symbol":"ETHBUSD"},"level":"info","message":"Latest price","service":"api-d27bc23-binance-ETHBUSD","timestamp":"2022-02-28T00:24:10.074Z"}
{"assetPair":"ETHBUSD","data":{"price":"2601.40000000","symbol":"ETHBUSD"},"level":"info","message":"Latest price","service":"api-d27bc23-binance-ETHBUSD","timestamp":"2022-02-28T00:27:10.100Z"}
{"assetPair":"ETHBUSD","data":{"price":"2598.50000000","symbol":"ETHBUSD"},"level":"info","message":"Latest price","service":"api-d27bc23-binance-ETHBUSD","timestamp":"2022-02-28T00:30:10.133Z"}
{"assetPair":"ETHBUSD","data":{"price":"2600.27000000","symbol":"ETHBUSD"},"level":"info","message":"Latest price","service":"api-d27bc23-binance-ETHBUSD","timestamp":"2022-02-28T00:33:10.188Z"}
{"assetPair":"ETHBUSD","data":{"price":"2596.27000000","symbol":"ETHBUSD"},"level":"info","message":"Latest price","service":"api-d27bc23-binance-ETHBUSD","timestamp":"2022-02-28T00:36:10.228Z"}
{"assetPair":"ETHBUSD","data":{"price":"2602.74000000","symbol":"ETHBUSD"},"level":"info","message":"Latest price","service":"api-d27bc23-binance-ETHBUSD","timestamp":"2022-02-28T00:39:10.262Z"}
{"assetPair":"ETHBUSD","data":{"price":"2602.94000000","symbol":"ETHBUSD"},"level":"info","message":"Latest price","service":"api-d27bc23-binance-ETHBUSD","timestamp":"2022-02-28T00:42:10.308Z"}
{"assetPair":"ETHBUSD","data":{"price":"2615.87000000","symbol":"ETHBUSD"},"level":"info","message":"Latest price","service":"api-d27bc23-binance-ETHBUSD","timestamp":"2022-02-28T00:45:10.341Z"}
{"assetPair":"ETHBUSD","data":{"price":"2607.58000000","symbol":"ETHBUSD"},"level":"info","message":"Latest price","service":"api-d27bc23-binance-ETHBUSD","timestamp":"2022-02-28T00:48:10.402Z"}
{"assetPair":"ETHBUSD","data":{"price":"2610.50000000","symbol":"ETHBUSD"},"level":"info","message":"Latest price","service":"api-d27bc23-binance-ETHBUSD","timestamp":"2022-02-28T00:51:10.447Z"}
{"assetPair":"ETHBUSD","data":{"price":"2607.06000000","symbol":"ETHBUSD"},"level":"info","message":"Latest price","service":"api-d27bc23-binance-ETHBUSD","timestamp":"2022-02-28T00:54:10.486Z"}
{"assetPair":"ETHBUSD","data":{"price":"2601.60000000","symbol":"ETHBUSD"},"level":"info","message":"Latest price","service":"api-d27bc23-binance-ETHBUSD","timestamp":"2022-02-28T00:57:10.531Z"}
{"assetPair":"ETHBUSD","data":{"price":"2609.98000000","symbol":"ETHBUSD"},"level":"info","message":"Latest price","service":"api-d27bc23-binance-ETHBUSD","timestamp":"2022-02-28T01:00:10.571Z"}
{"assetPair":"ETHBUSD","data":{"price":"2608.36000000","symbol":"ETHBUSD"},"level":"info","message":"Latest price","service":"api-d27bc23-binance-ETHBUSD","timestamp":"2022-02-28T01:03:10.603Z"}
{"assetPair":"ETHBUSD","data":{"price":"2612.73000000","symbol":"ETHBUSD"},"level":"info","message":"Latest price","service":"api-d27bc23-binance-ETHBUSD","timestamp":"2022-02-28T01:06:10.666Z"}
{"assetPair":"ETHBUSD","data":{"price":"2625.55000000","symbol":"ETHBUSD"},"level":"info","message":"Latest price","service":"api-d27bc23-binance-ETHBUSD","timestamp":"2022-02-28T01:09:10.695Z"}
{"assetPair":"ETHBUSD","data":{"price":"2629.59000000","symbol":"ETHBUSD"},"level":"info","message":"Latest price","service":"api-d27bc23-binance-ETHBUSD","timestamp":"2022-02-28T01:12:10.777Z"}
{"assetPair":"ETHBUSD","data":{"price":"2636.16000000","symbol":"ETHBUSD"},"level":"info","message":"Latest price","service":"api-d27bc23-binance-ETHBUSD","timestamp":"2022-02-28T01:15:10.807Z"}
{"assetPair":"ETHBUSD","data":{"price":"2635.20000000","symbol":"ETHBUSD"},"level":"info","message":"Latest price","service":"api-d27bc23-binance-ETHBUSD","timestamp":"2022-02-28T01:18:10.838Z"}
{"assetPair":"ETHBUSD","data":{"price":"2650.24000000","symbol":"ETHBUSD"},"level":"info","message":"Latest price","service":"api-d27bc23-binance-ETHBUSD","timestamp":"2022-02-28T01:21:10.908Z"}
{"assetPair":"ETHBUSD","data":{"price":"2652.32000000","symbol":"ETHBUSD"},"level":"info","message":"Latest price","service":"api-d27bc23-binance-ETHBUSD","timestamp":"2022-02-28T01:24:10.943Z"}
{"assetPair":"ETHBUSD","data":{"price":"2645.12000000","symbol":"ETHBUSD"},"level":"info","message":"Latest price","service":"api-d27bc23-binance-ETHBUSD","timestamp":"2022-02-28T01:27:10.983Z"}
{"assetPair":"ETHBUSD","data":{"price":"2660.66000000","symbol":"ETHBUSD"},"level":"info","message":"Latest price","service":"api-d27bc23-binance-ETHBUSD","timestamp":"2022-02-28T01:30:11.013Z"}
{"assetPair":"ETHBUSD","data":{"price":"2665.14000000","symbol":"ETHBUSD"},"level":"info","message":"Latest price","service":"api-d27bc23-binance-ETHBUSD","timestamp":"2022-02-28T01:33:11.051Z"}
{"assetPair":"ETHBUSD","data":{"price":"2672.78000000","symbol":"ETHBUSD"},"level":"info","message":"Latest price","service":"api-d27bc23-binance-ETHBUSD","timestamp":"2022-02-28T01:36:11.099Z"}
{"assetPair":"ETHBUSD","data":{"price":"2663.55000000","symbol":"ETHBUSD"},"level":"info","message":"Latest price","service":"api-d27bc23-binance-ETHBUSD","timestamp":"2022-02-28T01:39:11.174Z"}
{"assetPair":"ETHBUSD","data":{"price":"2666.84000000","symbol":"ETHBUSD"},"level":"info","message":"Latest price","service":"api-d27bc23-binance-ETHBUSD","timestamp":"2022-02-28T01:42:11.211Z"}
{"assetPair":"ETHBUSD","data":{"price":"2668.62000000","symbol":"ETHBUSD"},"level":"info","message":"Latest price","service":"api-d27bc23-binance-ETHBUSD","timestamp":"2022-02-28T01:45:11.254Z"}
{"assetPair":"ETHBUSD","data":{"price":"2676.97000000","symbol":"ETHBUSD"},"level":"info","message":"Latest price","service":"api-d27bc23-binance-ETHBUSD","timestamp":"2022-02-28T01:48:11.300Z"}
{"assetPair":"ETHBUSD","data":{"price":"2673.23000000","symbol":"ETHBUSD"},"level":"info","message":"Latest price","service":"api-d27bc23-binance-ETHBUSD","timestamp":"2022-02-28T01:51:11.333Z"}
{"assetPair":"ETHBUSD","data":{"price":"2663.85000000","symbol":"ETHBUSD"},"level":"info","message":"Latest price","service":"api-d27bc23-binance-ETHBUSD","timestamp":"2022-02-28T01:54:11.370Z"}
{"assetPair":"ETHBUSD","data":{"price":"2655.13000000","symbol":"ETHBUSD"},"level":"info","message":"Latest price","service":"api-d27bc23-binance-ETHBUSD","timestamp":"2022-02-28T01:57:11.401Z"}
{"assetPair":"ETHBUSD","data":{"price":"2647.40000000","symbol":"ETHBUSD"},"level":"info","message":"Latest price","service":"api-d27bc23-binance-ETHBUSD","timestamp":"2022-02-28T02:00:11.446Z"}
{"assetPair":"ETHBUSD","data":{"price":"2650.37000000","symbol":"ETHBUSD"},"level":"info","message":"Latest price","service":"api-d27bc23-binance-ETHBUSD","timestamp":"2022-02-28T02:03:11.485Z"}
{"assetPair":"ETHBUSD","data":{"price":"2653.79000000","symbol":"ETHBUSD"},"level":"info","message":"Latest price","service":"api-d27bc23-binance-ETHBUSD","timestamp":"2022-02-28T02:06:11.561Z"}
{"assetPair":"ETHBUSD","data":{"price":"2650.41000000","symbol":"ETHBUSD"},"level":"info","message":"Latest price","service":"api-d27bc23-binance-ETHBUSD","timestamp":"2022-02-28T02:09:11.625Z"}
{"assetPair":"ETHBUSD","data":{"price":"2640.85000000","symbol":"ETHBUSD"},"level":"info","message":"Latest price","service":"api-d27bc23-binance-ETHBUSD","timestamp":"2022-02-28T02:12:11.655Z"}
{"assetPair":"ETHBUSD","data":{"price":"2637.97000000","symbol":"ETHBUSD"},"level":"info","message":"Latest price","service":"api-d27bc23-binance-ETHBUSD","timestamp":"2022-02-28T02:15:11.689Z"}
{"assetPair":"ETHBUSD","data":{"price":"2641.77000000","symbol":"ETHBUSD"},"level":"info","message":"Latest price","service":"api-d27bc23-binance-ETHBUSD","timestamp":"2022-02-28T02:18:11.724Z"}
{"assetPair":"ETHBUSD","data":{"price":"2638.99000000","symbol":"ETHBUSD"},"level":"info","message":"Latest price","service":"api-d27bc23-binance-ETHBUSD","timestamp":"2022-02-28T02:21:11.773Z"}
{"assetPair":"ETHBUSD","data":{"price":"2640.75000000","symbol":"ETHBUSD"},"level":"info","message":"Latest price","service":"api-d27bc23-binance-ETHBUSD","timestamp":"2022-02-28T02:24:11.814Z"}
{"assetPair":"ETHBUSD","data":{"price":"2638.36000000","symbol":"ETHBUSD"},"level":"info","message":"Latest price","service":"api-d27bc23-binance-ETHBUSD","timestamp":"2022-02-28T02:27:11.875Z"}
{"assetPair":"ETHBUSD","data":{"price":"2641.01000000","symbol":"ETHBUSD"},"level":"info","message":"Latest price","service":"api-d27bc23-binance-ETHBUSD","timestamp":"2022-02-28T02:30:11.918Z"}
{"assetPair":"ETHBUSD","data":{"price":"2634.36000000","symbol":"ETHBUSD"},"level":"info","message":"Latest price","service":"api-d27bc23-binance-ETHBUSD","timestamp":"2022-02-28T02:33:11.949Z"}
{"assetPair":"ETHBUSD","data":{"price":"2636.71000000","symbol":"ETHBUSD"},"level":"info","message":"Latest price","service":"api-d27bc23-binance-ETHBUSD","timestamp":"2022-02-28T02:36:11.986Z"}
{"assetPair":"ETHBUSD","data":{"price":"2639.94000000","symbol":"ETHBUSD"},"level":"info","message":"Latest price","service":"api-d27bc23-binance-ETHBUSD","timestamp":"2022-02-28T02:39:12.018Z"}
{"assetPair":"ETHBUSD","data":{"price":"2636.24000000","symbol":"ETHBUSD"},"level":"info","message":"Latest price","service":"api-d27bc23-binance-ETHBUSD","timestamp":"2022-02-28T02:42:12.046Z"}
{"assetPair":"ETHBUSD","data":{"price":"2628.23000000","symbol":"ETHBUSD"},"level":"info","message":"Latest price","service":"api-d27bc23-binance-ETHBUSD","timestamp":"2022-02-28T02:45:12.079Z"}
{"assetPair":"ETHBUSD","data":{"price":"2611.94000000","symbol":"ETHBUSD"},"level":"info","message":"Latest price","service":"api-d27bc23-binance-ETHBUSD","timestamp":"2022-02-28T02:48:12.112Z"}
{"assetPair":"ETHBUSD","data":{"price":"2607.26000000","symbol":"ETHBUSD"},"level":"info","message":"Latest price","service":"api-d27bc23-binance-ETHBUSD","timestamp":"2022-02-28T02:51:12.154Z"}
{"assetPair":"ETHBUSD","data":{"price":"2599.91000000","symbol":"ETHBUSD"},"level":"info","message":"Latest price","service":"api-d27bc23-binance-ETHBUSD","timestamp":"2022-02-28T02:54:12.189Z"}
{"assetPair":"ETHBUSD","data":{"price":"2598.26000000","symbol":"ETHBUSD"},"level":"info","message":"Latest price","service":"api-d27bc23-binance-ETHBUSD","timestamp":"2022-02-28T02:57:12.250Z"}
{"assetPair":"ETHBUSD","data":{"price":"2614.19000000","symbol":"ETHBUSD"},"level":"info","message":"Latest price","service":"api-d27bc23-binance-ETHBUSD","timestamp":"2022-02-28T03:00:12.288Z"}
{"assetPair":"ETHBUSD","data":{"price":"2612.91000000","symbol":"ETHBUSD"},"level":"info","message":"Latest price","service":"api-d27bc23-binance-ETHBUSD","timestamp":"2022-02-28T03:03:12.380Z"}
{"assetPair":"ETHBUSD","data":{"price":"2615.76000000","symbol":"ETHBUSD"},"level":"info","message":"Latest price","service":"api-d27bc23-binance-ETHBUSD","timestamp":"2022-02-28T03:06:12.411Z"}
{"assetPair":"ETHBUSD","data":{"price":"2614.50000000","symbol":"ETHBUSD"},"level":"info","message":"Latest price","service":"api-d27bc23-binance-ETHBUSD","timestamp":"2022-02-28T03:09:12.452Z"}
{"assetPair":"ETHBUSD","data":{"price":"2607.11000000","symbol":"ETHBUSD"},"level":"info","message":"Latest price","service":"api-d27bc23-binance-ETHBUSD","timestamp":"2022-02-28T03:12:12.494Z"}
{"assetPair":"ETHBUSD","data":{"price":"2609.39000000","symbol":"ETHBUSD"},"level":"info","message":"Latest price","service":"api-d27bc23-binance-ETHBUSD","timestamp":"2022-02-28T03:15:12.554Z"}
{"assetPair":"ETHBUSD","data":{"price":"2606.42000000","symbol":"ETHBUSD"},"level":"info","message":"Latest price","service":"api-d27bc23-binance-ETHBUSD","timestamp":"2022-02-28T03:18:12.595Z"}
{"assetPair":"ETHBUSD","data":{"price":"2604.72000000","symbol":"ETHBUSD"},"level":"info","message":"Latest price","service":"api-d27bc23-binance-ETHBUSD","timestamp":"2022-02-28T03:21:12.635Z"}
{"assetPair":"ETHBUSD","data":{"price":"2611.55000000","symbol":"ETHBUSD"},"level":"info","message":"Latest price","service":"api-d27bc23-binance-ETHBUSD","timestamp":"2022-02-28T03:24:12.679Z"}
{"assetPair":"ETHBUSD","data":{"price":"2618.67000000","symbol":"ETHBUSD"},"level":"info","message":"Latest price","service":"api-d27bc23-binance-ETHBUSD","timestamp":"2022-02-28T03:27:12.773Z"}
{"assetPair":"ETHBUSD","data":{"price":"2616.10000000","symbol":"ETHBUSD"},"level":"info","message":"Latest price","service":"api-d27bc23-binance-ETHBUSD","timestamp":"2022-02-28T03:30:12.831Z"}
{"assetPair":"ETHBUSD","data":{"price":"2618.65000000","symbol":"ETHBUSD"},"level":"info","message":"Latest price","service":"api-d27bc23-binance-ETHBUSD","timestamp":"2022-02-28T03:33:12.891Z"}
{"assetPair":"ETHBUSD","data":{"price":"2616.91000000","symbol":"ETHBUSD"},"level":"info","message":"Latest price","service":"api-d27bc23-binance-ETHBUSD","timestamp":"2022-02-28T03:36:12.954Z"}
{"assetPair":"ETHBUSD","data":{"price":"2613.44000000","symbol":"ETHBUSD"},"level":"info","message":"Latest price","service":"api-d27bc23-binance-ETHBUSD","timestamp":"2022-02-28T03:39:13.011Z"}
{"assetPair":"ETHBUSD","data":{"price":"2614.38000000","symbol":"ETHBUSD"},"level":"info","message":"Latest price","service":"api-d27bc23-binance-ETHBUSD","timestamp":"2022-02-28T03:42:13.060Z"}
{"assetPair":"ETHBUSD","data":{"price":"2617.63000000","symbol":"ETHBUSD"},"level":"info","message":"Latest price","service":"api-d27bc23-binance-ETHBUSD","timestamp":"2022-02-28T03:45:13.100Z"}
{"assetPair":"ETHBUSD","data":{"price":"2614.76000000","symbol":"ETHBUSD"},"level":"info","message":"Latest price","service":"api-d27bc23-binance-ETHBUSD","timestamp":"2022-02-28T03:48:13.130Z"}
{"assetPair":"ETHBUSD","data":{"price":"2615.77000000","symbol":"ETHBUSD"},"level":"info","message":"Latest price","service":"api-d27bc23-binance-ETHBUSD","timestamp":"2022-02-28T03:51:13.171Z"}
{"assetPair":"ETHBUSD","data":{"price":"2612.44000000","symbol":"ETHBUSD"},"level":"info","message":"Latest price","service":"api-d27bc23-binance-ETHBUSD","timestamp":"2022-02-28T03:54:13.204Z"}
{"assetPair":"ETHBUSD","data":{"price":"2612.09000000","symbol":"ETHBUSD"},"level":"info","message":"Latest price","service":"api-d27bc23-binance-ETHBUSD","timestamp":"2022-02-28T03:57:13.238Z"}
{"assetPair":"ETHBUSD","data":{"price":"2609.26000000","symbol":"ETHBUSD"},"level":"info","message":"Latest price","service":"api-d27bc23-binance-ETHBUSD","timestamp":"2022-02-28T04:00:13.296Z"}
{"assetPair":"ETHBUSD","data":{"price":"2617.16000000","symbol":"ETHBUSD"},"level":"info","message":"Latest price","service":"api-d27bc23-binance-ETHBUSD","timestamp":"2022-02-28T04:03:13.354Z"}
{"assetPair":"ETHBUSD","data":{"price":"2615.48000000","symbol":"ETHBUSD"},"level":"info","message":"Latest price","service":"api-d27bc23-binance-ETHBUSD","timestamp":"2022-02-28T04:06:13.426Z"}
{"assetPair":"ETHBUSD","data":{"price":"2620.96000000","symbol":"ETHBUSD"},"level":"info","message":"Latest price","service":"api-d27bc23-binance-ETHBUSD","timestamp":"2022-02-28T04:09:13.455Z"}
{"assetPair":"ETHBUSD","data":{"price":"2630.78000000","symbol":"ETHBUSD"},"level":"info","message":"Latest price","service":"api-d27bc23-binance-ETHBUSD","timestamp":"2022-02-28T04:12:13.493Z"}
{"assetPair":"ETHBUSD","data":{"price":"2628.88000000","symbol":"ETHBUSD"},"level":"info","message":"Latest price","service":"api-d27bc23-binance-ETHBUSD","timestamp":"2022-02-28T04:15:13.529Z"}
{"assetPair":"ETHBUSD","data":{"price":"2623.44000000","symbol":"ETHBUSD"},"level":"info","message":"Latest price","service":"api-d27bc23-binance-ETHBUSD","timestamp":"2022-02-28T04:18:13.559Z"}
{"assetPair":"ETHBUSD","data":{"price":"2616.12000000","symbol":"ETHBUSD"},"level":"info","message":"Latest price","service":"api-d27bc23-binance-ETHBUSD","timestamp":"2022-02-28T04:21:13.595Z"}
{"assetPair":"ETHBUSD","data":{"price":"2620.65000000","symbol":"ETHBUSD"},"level":"info","message":"Latest price","service":"api-d27bc23-binance-ETHBUSD","timestamp":"2022-02-28T04:24:13.661Z"}
{"assetPair":"ETHBUSD","data":{"price":"2618.76000000","symbol":"ETHBUSD"},"level":"info","message":"Latest price","service":"api-d27bc23-binance-ETHBUSD","timestamp":"2022-02-28T04:27:13.699Z"}
{"assetPair":"ETHBUSD","data":{"price":"2617.61000000","symbol":"ETHBUSD"},"level":"info","message":"Latest price","service":"api-d27bc23-binance-ETHBUSD","timestamp":"2022-02-28T04:30:13.732Z"}
{"assetPair":"ETHBUSD","data":{"price":"2610.13000000","symbol":"ETHBUSD"},"level":"info","message":"Latest price","service":"api-d27bc23-binance-ETHBUSD","timestamp":"2022-02-28T04:33:13.763Z"}
{"assetPair":"ETHBUSD","data":{"price":"2607.21000000","symbol":"ETHBUSD"},"level":"info","message":"Latest price","service":"api-d27bc23-binance-ETHBUSD","timestamp":"2022-02-28T04:36:13.806Z"}
{"assetPair":"ETHBUSD","data":{"price":"2604.98000000","symbol":"ETHBUSD"},"level":"info","message":"Latest price","service":"api-d27bc23-binance-ETHBUSD","timestamp":"2022-02-28T04:39:13.862Z"}
{"assetPair":"ETHBUSD","data":{"price":"2609.14000000","symbol":"ETHBUSD"},"level":"info","message":"Latest price","service":"api-d27bc23-binance-ETHBUSD","timestamp":"2022-02-28T04:42:13.896Z"}
{"assetPair":"ETHBUSD","data":{"price":"2608.51000000","symbol":"ETHBUSD"},"level":"info","message":"Latest price","service":"api-d27bc23-binance-ETHBUSD","timestamp":"2022-02-28T04:45:13.922Z"}
{"assetPair":"ETHBUSD","data":{"price":"2611.75000000","symbol":"ETHBUSD"},"level":"info","message":"Latest price","service":"api-d27bc23-binance-ETHBUSD","timestamp":"2022-02-28T04:48:13.982Z"}
{"assetPair":"ETHBUSD","data":{"price":"2613.78000000","symbol":"ETHBUSD"},"level":"info","message":"Latest price","service":"api-d27bc23-binance-ETHBUSD","timestamp":"2022-02-28T04:51:14.013Z"}
{"assetPair":"ETHBUSD","data":{"price":"2609.63000000","symbol":"ETHBUSD"},"level":"info","message":"Latest price","service":"api-d27bc23-binance-ETHBUSD","timestamp":"2022-02-28T04:54:14.053Z"}
{"assetPair":"ETHBUSD","data":{"price":"2609.95000000","symbol":"ETHBUSD"},"level":"info","message":"Latest price","service":"api-d27bc23-binance-ETHBUSD","timestamp":"2022-02-28T04:57:14.087Z"}
{"assetPair":"ETHBUSD","data":{"price":"2610.57000000","symbol":"ETHBUSD"},"level":"info","message":"Latest price","service":"api-d27bc23-binance-ETHBUSD","timestamp":"2022-02-28T05:00:14.121Z"}
{"assetPair":"ETHBUSD","data":{"price":"2610.33000000","symbol":"ETHBUSD"},"level":"info","message":"Latest price","service":"api-d27bc23-binance-ETHBUSD","timestamp":"2022-02-28T05:03:14.161Z"}
{"assetPair":"ETHBUSD","data":{"price":"2618.77000000","symbol":"ETHBUSD"},"level":"info","message":"Latest price","service":"api-d27bc23-binance-ETHBUSD","timestamp":"2022-02-28T05:06:14.240Z"}
{"assetPair":"ETHBUSD","data":{"price":"2618.48000000","symbol":"ETHBUSD"},"level":"info","message":"Latest price","service":"api-d27bc23-binance-ETHBUSD","timestamp":"2022-02-28T05:09:14.266Z"}
{"assetPair":"ETHBUSD","data":{"price":"2618.86000000","symbol":"ETHBUSD"},"level":"info","message":"Latest price","service":"api-d27bc23-binance-ETHBUSD","timestamp":"2022-02-28T05:12:14.301Z"}
{"assetPair":"ETHBUSD","data":{"price":"2622.72000000","symbol":"ETHBUSD"},"level":"info","message":"Latest price","service":"api-d27bc23-binance-ETHBUSD","timestamp":"2022-02-28T05:15:14.359Z"}
{"assetPair":"ETHBUSD","data":{"price":"2621.50000000","symbol":"ETHBUSD"},"level":"info","message":"Latest price","service":"api-d27bc23-binance-ETHBUSD","timestamp":"2022-02-28T05:18:14.426Z"}
{"assetPair":"ETHBUSD","data":{"price":"2618.39000000","symbol":"ETHBUSD"},"level":"info","message":"Latest price","service":"api-d27bc23-binance-ETHBUSD","timestamp":"2022-02-28T05:21:14.458Z"}
{"assetPair":"ETHBUSD","data":{"price":"2622.28000000","symbol":"ETHBUSD"},"level":"info","message":"Latest price","service":"api-d27bc23-binance-ETHBUSD","timestamp":"2022-02-28T05:24:14.495Z"}
{"assetPair":"ETHBUSD","data":{"price":"2617.17000000","symbol":"ETHBUSD"},"level":"info","message":"Latest price","service":"api-d27bc23-binance-ETHBUSD","timestamp":"2022-02-28T05:27:14.536Z"}
{"assetPair":"ETHBUSD","data":{"price":"2622.15000000","symbol":"ETHBUSD"},"level":"info","message":"Latest price","service":"api-d27bc23-binance-ETHBUSD","timestamp":"2022-02-28T05:30:14.569Z"}
{"assetPair":"ETHBUSD","data":{"price":"2613.44000000","symbol":"ETHBUSD"},"level":"info","message":"Latest price","service":"api-d27bc23-binance-ETHBUSD","timestamp":"2022-02-28T05:33:14.600Z"}
{"assetPair":"ETHBUSD","data":{"price":"2609.52000000","symbol":"ETHBUSD"},"level":"info","message":"Latest price","service":"api-d27bc23-binance-ETHBUSD","timestamp":"2022-02-28T05:36:14.638Z"}
{"assetPair":"ETHBUSD","data":{"price":"2613.04000000","symbol":"ETHBUSD"},"level":"info","message":"Latest price","service":"api-d27bc23-binance-ETHBUSD","timestamp":"2022-02-28T05:39:14.700Z"}
{"assetPair":"ETHBUSD","data":{"price":"2611.49000000","symbol":"ETHBUSD"},"level":"info","message":"Latest price","service":"api-d27bc23-binance-ETHBUSD","timestamp":"2022-02-28T05:42:14.736Z"}
{"assetPair":"ETHBUSD","data":{"price":"2613.75000000","symbol":"ETHBUSD"},"level":"info","message":"Latest price","service":"api-d27bc23-binance-ETHBUSD","timestamp":"2022-02-28T05:45:14.770Z"}
{"assetPair":"ETHBUSD","data":{"price":"2610.24000000","symbol":"ETHBUSD"},"level":"info","message":"Latest price","service":"api-d27bc23-binance-ETHBUSD","timestamp":"2022-02-28T05:48:14.805Z"}
{"assetPair":"ETHBUSD","data":{"price":"2610.65000000","symbol":"ETHBUSD"},"level":"info","message":"Latest price","service":"api-d27bc23-binance-ETHBUSD","timestamp":"2022-02-28T05:51:14.838Z"}
{"assetPair":"ETHBUSD","data":{"price":"2612.14000000","symbol":"ETHBUSD"},"level":"info","message":"Latest price","service":"api-d27bc23-binance-ETHBUSD","timestamp":"2022-02-28T05:54:14.871Z"}
{"assetPair":"ETHBUSD","data":{"price":"2611.00000000","symbol":"ETHBUSD"},"level":"info","message":"Latest price","service":"api-d27bc23-binance-ETHBUSD","timestamp":"2022-02-28T05:57:14.916Z"}
{"assetPair":"ETHBUSD","data":{"price":"2611.93000000","symbol":"ETHBUSD"},"level":"info","message":"Latest price","service":"api-d27bc23-binance-ETHBUSD","timestamp":"2022-02-28T06:00:14.947Z"}
{"assetPair":"ETHBUSD","data":{"price":"2611.35000000","symbol":"ETHBUSD"},"level":"info","message":"Latest price","service":"api-d27bc23-binance-ETHBUSD","timestamp":"2022-02-28T06:03:14.980Z"}
{"assetPair":"ETHBUSD","data":{"price":"2614.99000000","symbol":"ETHBUSD"},"level":"info","message":"Latest price","service":"api-d27bc23-binance-ETHBUSD","timestamp":"2022-02-28T06:06:15.049Z"}
{"assetPair":"ETHBUSD","data":{"price":"2598.12000000","symbol":"ETHBUSD"},"level":"info","message":"Latest price","service":"api-d27bc23-binance-ETHBUSD","timestamp":"2022-02-28T06:09:15.077Z"}
{"assetPair":"ETHBUSD","data":{"price":"2576.48000000","symbol":"ETHBUSD"},"level":"info","message":"Latest price","service":"api-d27bc23-binance-ETHBUSD","timestamp":"2022-02-28T06:12:15.120Z"}
{"assetPair":"ETHBUSD","data":{"price":"2619.99000000","symbol":"ETHBUSD"},"level":"info","message":"Latest price","service":"api-d27bc23-binance-ETHBUSD","timestamp":"2022-02-28T06:15:15.183Z"}
{"assetPair":"ETHBUSD","data":{"price":"2619.68000000","symbol":"ETHBUSD"},"level":"info","message":"Latest price","service":"api-d27bc23-binance-ETHBUSD","timestamp":"2022-02-28T06:18:15.224Z"}
{"assetPair":"ETHBUSD","data":{"price":"2591.43000000","symbol":"ETHBUSD"},"level":"info","message":"Latest price","service":"api-d27bc23-binance-ETHBUSD","timestamp":"2022-02-28T06:21:15.286Z"}
{"assetPair":"ETHBUSD","data":{"price":"2597.36000000","symbol":"ETHBUSD"},"level":"info","message":"Latest price","service":"api-d27bc23-binance-ETHBUSD","timestamp":"2022-02-28T06:24:15.319Z"}
{"assetPair":"ETHBUSD","data":{"price":"2592.32000000","symbol":"ETHBUSD"},"level":"info","message":"Latest price","service":"api-d27bc23-binance-ETHBUSD","timestamp":"2022-02-28T06:27:15.395Z"}
{"assetPair":"ETHBUSD","data":{"price":"2601.65000000","symbol":"ETHBUSD"},"level":"info","message":"Latest price","service":"api-d27bc23-binance-ETHBUSD","timestamp":"2022-02-28T06:30:15.429Z"}
{"assetPair":"ETHBUSD","data":{"price":"2594.81000000","symbol":"ETHBUSD"},"level":"info","message":"Latest price","service":"api-d27bc23-binance-ETHBUSD","timestamp":"2022-02-28T06:33:15.468Z"}
{"assetPair":"ETHBUSD","data":{"price":"2606.63000000","symbol":"ETHBUSD"},"level":"info","message":"Latest price","service":"api-d27bc23-binance-ETHBUSD","timestamp":"2022-02-28T06:36:15.500Z"}
{"assetPair":"ETHBUSD","data":{"price":"2609.40000000","symbol":"ETHBUSD"},"level":"info","message":"Latest price","service":"api-d27bc23-binance-ETHBUSD","timestamp":"2022-02-28T06:39:15.586Z"}
{"assetPair":"ETHBUSD","data":{"price":"2606.56000000","symbol":"ETHBUSD"},"level":"info","message":"Latest price","service":"api-d27bc23-binance-ETHBUSD","timestamp":"2022-02-28T06:42:15.656Z"}
{"assetPair":"ETHBUSD","data":{"price":"2601.73000000","symbol":"ETHBUSD"},"level":"info","message":"Latest price","service":"api-d27bc23-binance-ETHBUSD","timestamp":"2022-02-28T06:45:15.693Z"}
{"assetPair":"ETHBUSD","data":{"price":"2606.92000000","symbol":"ETHBUSD"},"level":"info","message":"Latest price","service":"api-d27bc23-binance-ETHBUSD","timestamp":"2022-02-28T06:48:15.730Z"}
{"assetPair":"ETHBUSD","data":{"price":"2609.11000000","symbol":"ETHBUSD"},"level":"info","message":"Latest price","service":"api-d27bc23-binance-ETHBUSD","timestamp":"2022-02-28T06:51:15.762Z"}
{"assetPair":"ETHBUSD","data":{"price":"2610.42000000","symbol":"ETHBUSD"},"level":"info","message":"Latest price","service":"api-d27bc23-binance-ETHBUSD","timestamp":"2022-02-28T06:54:15.830Z"}
{"assetPair":"ETHBUSD","data":{"price":"2609.25000000","symbol":"ETHBUSD"},"level":"info","message":"Latest price","service":"api-d27bc23-binance-ETHBUSD","timestamp":"2022-02-28T06:57:15.894Z"}
{"assetPair":"ETHBUSD","data":{"price":"2606.60000000","symbol":"ETHBUSD"},"level":"info","message":"Latest price","service":"api-d27bc23-binance-ETHBUSD","timestamp":"2022-02-28T07:00:15.932Z"}
{"assetPair":"ETHBUSD","data":{"price":"2601.79000000","symbol":"ETHBUSD"},"level":"info","message":"Latest price","service":"api-d27bc23-binance-ETHBUSD","timestamp":"2022-02-28T07:03:15.965Z"}
{"assetPair":"ETHBUSD","data":{"price":"2617.07000000","symbol":"ETHBUSD"},"level":"info","message":"Latest price","service":"api-d27bc23-binance-ETHBUSD","timestamp":"2022-02-28T07:06:16.001Z"}
{"assetPair":"ETHBUSD","data":{"price":"2615.65000000","symbol":"ETHBUSD"},"level":"info","message":"Latest price","service":"api-d27bc23-binance-ETHBUSD","timestamp":"2022-02-28T07:09:16.037Z"}
{"assetPair":"ETHBUSD","data":{"price":"2607.80000000","symbol":"ETHBUSD"},"level":"info","message":"Latest price","service":"api-d27bc23-binance-ETHBUSD","timestamp":"2022-02-28T07:12:16.068Z"}
{"assetPair":"ETHBUSD","data":{"price":"2612.74000000","symbol":"ETHBUSD"},"level":"info","message":"Latest price","service":"api-d27bc23-binance-ETHBUSD","timestamp":"2022-02-28T07:15:16.098Z"}
{"assetPair":"ETHBUSD","data":{"price":"2617.91000000","symbol":"ETHBUSD"},"level":"info","message":"Latest price","service":"api-d27bc23-binance-ETHBUSD","timestamp":"2022-02-28T07:18:16.130Z"}
{"assetPair":"ETHBUSD","data":{"price":"2621.85000000","symbol":"ETHBUSD"},"level":"info","message":"Latest price","service":"api-d27bc23-binance-ETHBUSD","timestamp":"2022-02-28T07:21:16.206Z"}
{"assetPair":"ETHBUSD","data":{"price":"2627.43000000","symbol":"ETHBUSD"},"level":"info","message":"Latest price","service":"api-d27bc23-binance-ETHBUSD","timestamp":"2022-02-28T07:24:16.298Z"}
{"assetPair":"ETHBUSD","data":{"price":"2626.86000000","symbol":"ETHBUSD"},"level":"info","message":"Latest price","service":"api-d27bc23-binance-ETHBUSD","timestamp":"2022-02-28T07:27:16.329Z"}
{"assetPair":"ETHBUSD","data":{"price":"2636.84000000","symbol":"ETHBUSD"},"level":"info","message":"Latest price","service":"api-d27bc23-binance-ETHBUSD","timestamp":"2022-02-28T07:30:16.364Z"}
{"assetPair":"ETHBUSD","data":{"price":"2639.79000000","symbol":"ETHBUSD"},"level":"info","message":"Latest price","service":"api-d27bc23-binance-ETHBUSD","timestamp":"2022-02-28T07:33:16.399Z"}
{"assetPair":"ETHBUSD","data":{"price":"2644.41000000","symbol":"ETHBUSD"},"level":"info","message":"Latest price","service":"api-d27bc23-binance-ETHBUSD","timestamp":"2022-02-28T07:36:16.438Z"}
{"assetPair":"ETHBUSD","data":{"price":"2639.47000000","symbol":"ETHBUSD"},"level":"info","message":"Latest price","service":"api-d27bc23-binance-ETHBUSD","timestamp":"2022-02-28T07:39:16.518Z"}
{"assetPair":"ETHBUSD","data":{"price":"2641.10000000","symbol":"ETHBUSD"},"level":"info","message":"Latest price","service":"api-d27bc23-binance-ETHBUSD","timestamp":"2022-02-28T07:42:16.587Z"}
{"assetPair":"ETHBUSD","data":{"price":"2644.24000000","symbol":"ETHBUSD"},"level":"info","message":"Latest price","service":"api-d27bc23-binance-ETHBUSD","timestamp":"2022-02-28T07:45:16.648Z"}
{"assetPair":"ETHBUSD","data":{"price":"2641.37000000","symbol":"ETHBUSD"},"level":"info","message":"Latest price","service":"api-d27bc23-binance-ETHBUSD","timestamp":"2022-02-28T07:48:16.686Z"}
{"assetPair":"ETHBUSD","data":{"price":"2637.74000000","symbol":"ETHBUSD"},"level":"info","message":"Latest price","service":"api-d27bc23-binance-ETHBUSD","timestamp":"2022-02-28T07:51:16.729Z"}
{"assetPair":"ETHBUSD","data":{"price":"2631.91000000","symbol":"ETHBUSD"},"level":"info","message":"Latest price","service":"api-d27bc23-binance-ETHBUSD","timestamp":"2022-02-28T07:54:16.766Z"}
{"assetPair":"ETHBUSD","data":{"price":"2635.34000000","symbol":"ETHBUSD"},"level":"info","message":"Latest price","service":"api-d27bc23-binance-ETHBUSD","timestamp":"2022-02-28T07:57:16.846Z"}
{"assetPair":"ETHBUSD","data":{"price":"2636.16000000","symbol":"ETHBUSD"},"level":"info","message":"Latest price","service":"api-d27bc23-binance-ETHBUSD","timestamp":"2022-02-28T08:00:16.880Z"}
{"assetPair":"ETHBUSD","data":{"price":"2641.33000000","symbol":"ETHBUSD"},"level":"info","message":"Latest price","service":"api-d27bc23-binance-ETHBUSD","timestamp":"2022-02-28T08:03:16.919Z"}
{"assetPair":"ETHBUSD","data":{"price":"2642.30000000","symbol":"ETHBUSD"},"level":"info","message":"Latest price","service":"api-d27bc23-binance-ETHBUSD","timestamp":"2022-02-28T08:06:16.969Z"}
{"assetPair":"ETHBUSD","data":{"price":"2651.50000000","symbol":"ETHBUSD"},"level":"info","message":"Latest price","service":"api-d27bc23-binance-ETHBUSD","timestamp":"2022-02-28T08:09:17.010Z"}
{"assetPair":"ETHBUSD","data":{"price":"2645.51000000","symbol":"ETHBUSD"},"level":"info","message":"Latest price","service":"api-d27bc23-binance-ETHBUSD","timestamp":"2022-02-28T08:12:17.072Z"}
{"assetPair":"ETHBUSD","data":{"price":"2641.88000000","symbol":"ETHBUSD"},"level":"info","message":"Latest price","service":"api-d27bc23-binance-ETHBUSD","timestamp":"2022-02-28T08:15:17.151Z"}
{"assetPair":"ETHBUSD","data":{"price":"2641.00000000","symbol":"ETHBUSD"},"level":"info","message":"Latest price","service":"api-d27bc23-binance-ETHBUSD","timestamp":"2022-02-28T08:18:17.225Z"}
{"assetPair":"ETHBUSD","data":{"price":"2636.14000000","symbol":"ETHBUSD"},"level":"info","message":"Latest price","service":"api-d27bc23-binance-ETHBUSD","timestamp":"2022-02-28T08:21:17.254Z"}
{"assetPair":"ETHBUSD","data":{"price":"2634.51000000","symbol":"ETHBUSD"},"level":"info","message":"Latest price","service":"api-d27bc23-binance-ETHBUSD","timestamp":"2022-02-28T08:24:17.340Z"}
{"assetPair":"ETHBUSD","data":{"price":"2640.06000000","symbol":"ETHBUSD"},"level":"info","message":"Latest price","service":"api-d27bc23-binance-ETHBUSD","timestamp":"2022-02-28T08:27:17.371Z"}
{"assetPair":"ETHBUSD","data":{"price":"2640.58000000","symbol":"ETHBUSD"},"level":"info","message":"Latest price","service":"api-d27bc23-binance-ETHBUSD","timestamp":"2022-02-28T08:30:17.400Z"}
{"assetPair":"ETHBUSD","data":{"price":"2638.93000000","symbol":"ETHBUSD"},"level":"info","message":"Latest price","service":"api-d27bc23-binance-ETHBUSD","timestamp":"2022-02-28T08:33:17.433Z"}
{"assetPair":"ETHBUSD","data":{"price":"2638.22000000","symbol":"ETHBUSD"},"level":"info","message":"Latest price","service":"api-d27bc23-binance-ETHBUSD","timestamp":"2022-02-28T08:36:17.534Z"}
{"assetPair":"ETHBUSD","data":{"price":"2632.70000000","symbol":"ETHBUSD"},"level":"info","message":"Latest price","service":"api-d27bc23-binance-ETHBUSD","timestamp":"2022-02-28T08:39:17.568Z"}
{"assetPair":"ETHBUSD","data":{"price":"2624.60000000","symbol":"ETHBUSD"},"level":"info","message":"Latest price","service":"api-d27bc23-binance-ETHBUSD","timestamp":"2022-02-28T08:42:17.638Z"}
{"assetPair":"ETHBUSD","data":{"price":"2622.78000000","symbol":"ETHBUSD"},"level":"info","message":"Latest price","service":"api-d27bc23-binance-ETHBUSD","timestamp":"2022-02-28T08:45:17.670Z"}
{"assetPair":"ETHBUSD","data":{"price":"2624.00000000","symbol":"ETHBUSD"},"level":"info","message":"Latest price","service":"api-d27bc23-binance-ETHBUSD","timestamp":"2022-02-28T08:48:17.715Z"}
{"assetPair":"ETHBUSD","data":{"price":"2629.08000000","symbol":"ETHBUSD"},"level":"info","message":"Latest price","service":"api-d27bc23-binance-ETHBUSD","timestamp":"2022-02-28T08:51:17.749Z"}
{"assetPair":"ETHBUSD","data":{"price":"2625.61000000","symbol":"ETHBUSD"},"level":"info","message":"Latest price","service":"api-d27bc23-binance-ETHBUSD","timestamp":"2022-02-28T08:54:17.818Z"}
{"assetPair":"ETHBUSD","data":{"price":"2630.69000000","symbol":"ETHBUSD"},"level":"info","message":"Latest price","service":"api-d27bc23-binance-ETHBUSD","timestamp":"2022-02-28T08:57:17.857Z"}
{"assetPair":"ETHBUSD","data":{"price":"2627.09000000","symbol":"ETHBUSD"},"level":"info","message":"Latest price","service":"api-d27bc23-binance-ETHBUSD","timestamp":"2022-02-28T09:00:17.917Z"}
{"assetPair":"ETHBUSD","data":{"price":"2634.58000000","symbol":"ETHBUSD"},"level":"info","message":"Latest price","service":"api-d27bc23-binance-ETHBUSD","timestamp":"2022-02-28T09:03:17.962Z"}
{"assetPair":"ETHBUSD","data":{"price":"2642.09000000","symbol":"ETHBUSD"},"level":"info","message":"Latest price","service":"api-d27bc23-binance-ETHBUSD","timestamp":"2022-02-28T09:06:18.082Z"}
{"assetPair":"ETHBUSD","data":{"price":"2642.76000000","symbol":"ETHBUSD"},"level":"info","message":"Latest price","service":"api-d27bc23-binance-ETHBUSD","timestamp":"2022-02-28T09:09:18.110Z"}
{"assetPair":"ETHBUSD","data":{"price":"2636.58000000","symbol":"ETHBUSD"},"level":"info","message":"Latest price","service":"api-d27bc23-binance-ETHBUSD","timestamp":"2022-02-28T09:12:18.144Z"}
{"assetPair":"ETHBUSD","data":{"price":"2637.24000000","symbol":"ETHBUSD"},"level":"info","message":"Latest price","service":"api-d27bc23-binance-ETHBUSD","timestamp":"2022-02-28T09:15:18.202Z"}
{"assetPair":"ETHBUSD","data":{"price":"2634.57000000","symbol":"ETHBUSD"},"level":"info","message":"Latest price","service":"api-d27bc23-binance-ETHBUSD","timestamp":"2022-02-28T09:18:18.240Z"}
{"assetPair":"ETHBUSD","data":{"price":"2633.75000000","symbol":"ETHBUSD"},"level":"info","message":"Latest price","service":"api-d27bc23-binance-ETHBUSD","timestamp":"2022-02-28T09:21:18.316Z"}
{"assetPair":"ETHBUSD","data":{"price":"2630.84000000","symbol":"ETHBUSD"},"level":"info","message":"Latest price","service":"api-d27bc23-binance-ETHBUSD","timestamp":"2022-02-28T09:24:18.358Z"}
{"assetPair":"ETHBUSD","data":{"price":"2627.76000000","symbol":"ETHBUSD"},"level":"info","message":"Latest price","service":"api-d27bc23-binance-ETHBUSD","timestamp":"2022-02-28T09:27:18.401Z"}
{"assetPair":"ETHBUSD","data":{"price":"2626.21000000","symbol":"ETHBUSD"},"level":"info","message":"Latest price","service":"api-d27bc23-binance-ETHBUSD","timestamp":"2022-02-28T09:30:18.476Z"}
{"assetPair":"ETHBUSD","data":{"price":"2625.26000000","symbol":"ETHBUSD"},"level":"info","message":"Latest price","service":"api-d27bc23-binance-ETHBUSD","timestamp":"2022-02-28T09:33:18.538Z"}
{"assetPair":"ETHBUSD","data":{"price":"2627.10000000","symbol":"ETHBUSD"},"level":"info","message":"Latest price","service":"api-d27bc23-binance-ETHBUSD","timestamp":"2022-02-28T09:36:18.571Z"}
{"assetPair":"ETHBUSD","data":{"price":"2629.07000000","symbol":"ETHBUSD"},"level":"info","message":"Latest price","service":"api-d27bc23-binance-ETHBUSD","timestamp":"2022-02-28T09:39:18.607Z"}
{"assetPair":"ETHBUSD","data":{"price":"2635.43000000","symbol":"ETHBUSD"},"level":"info","message":"Latest price","service":"api-d27bc23-binance-ETHBUSD","timestamp":"2022-02-28T09:42:18.666Z"}
{"assetPair":"ETHBUSD","data":{"price":"2634.65000000","symbol":"ETHBUSD"},"level":"info","message":"Latest price","service":"api-d27bc23-binance-ETHBUSD","timestamp":"2022-02-28T09:45:18.697Z"}
{"assetPair":"ETHBUSD","data":{"price":"2635.78000000","symbol":"ETHBUSD"},"level":"info","message":"Latest price","service":"api-d27bc23-binance-ETHBUSD","timestamp":"2022-02-28T09:48:18.762Z"}
{"assetPair":"ETHBUSD","data":{"price":"2632.50000000","symbol":"ETHBUSD"},"level":"info","message":"Latest price","service":"api-d27bc23-binance-ETHBUSD","timestamp":"2022-02-28T09:51:18.795Z"}
{"assetPair":"ETHBUSD","data":{"price":"2637.83000000","symbol":"ETHBUSD"},"level":"info","message":"Latest price","service":"api-d27bc23-binance-ETHBUSD","timestamp":"2022-02-28T09:54:18.835Z"}
{"assetPair":"ETHBUSD","data":{"price":"2636.79000000","symbol":"ETHBUSD"},"level":"info","message":"Latest price","service":"api-d27bc23-binance-ETHBUSD","timestamp":"2022-02-28T09:57:18.866Z"}
{"assetPair":"ETHBUSD","data":{"price":"2618.25000000","symbol":"ETHBUSD"},"level":"info","message":"Latest price","service":"api-d27bc23-binance-ETHBUSD","timestamp":"2022-02-28T10:00:18.905Z"}
{"assetPair":"ETHBUSD","data":{"price":"2620.88000000","symbol":"ETHBUSD"},"level":"info","message":"Latest price","service":"api-d27bc23-binance-ETHBUSD","timestamp":"2022-02-28T10:03:18.946Z"}
{"assetPair":"ETHBUSD","data":{"price":"2625.45000000","symbol":"ETHBUSD"},"level":"info","message":"Latest price","service":"api-d27bc23-binance-ETHBUSD","timestamp":"2022-02-28T10:06:18.976Z"}
{"assetPair":"ETHBUSD","data":{"price":"2618.17000000","symbol":"ETHBUSD"},"level":"info","message":"Latest price","service":"api-d27bc23-binance-ETHBUSD","timestamp":"2022-02-28T10:09:19.045Z"}
{"assetPair":"ETHBUSD","data":{"price":"2624.28000000","symbol":"ETHBUSD"},"level":"info","message":"Latest price","service":"api-d27bc23-binance-ETHBUSD","timestamp":"2022-02-28T10:12:19.084Z"}
{"assetPair":"ETHBUSD","data":{"price":"2624.46000000","symbol":"ETHBUSD"},"level":"info","message":"Latest price","service":"api-d27bc23-binance-ETHBUSD","timestamp":"2022-02-28T10:15:19.121Z"}
{"assetPair":"ETHBUSD","data":{"price":"2632.66000000","symbol":"ETHBUSD"},"level":"info","message":"Latest price","service":"api-d27bc23-binance-ETHBUSD","timestamp":"2022-02-28T10:18:19.160Z"}
{"assetPair":"ETHBUSD","data":{"price":"2635.82000000","symbol":"ETHBUSD"},"level":"info","message":"Latest price","service":"api-d27bc23-binance-ETHBUSD","timestamp":"2022-02-28T10:21:19.194Z"}
{"assetPair":"ETHBUSD","data":{"price":"2632.59000000","symbol":"ETHBUSD"},"level":"info","message":"Latest price","service":"api-d27bc23-binance-ETHBUSD","timestamp":"2022-02-28T10:24:19.232Z"}
{"assetPair":"ETHBUSD","data":{"price":"2633.73000000","symbol":"ETHBUSD"},"level":"info","message":"Latest price","service":"api-d27bc23-binance-ETHBUSD","timestamp":"2022-02-28T10:27:19.271Z"}
{"assetPair":"ETHBUSD","data":{"price":"2628.41000000","symbol":"ETHBUSD"},"level":"info","message":"Latest price","service":"api-d27bc23-binance-ETHBUSD","timestamp":"2022-02-28T10:30:19.399Z"}
{"assetPair":"ETHBUSD","data":{"price":"2639.69000000","symbol":"ETHBUSD"},"level":"info","message":"Latest price","service":"api-d27bc23-binance-ETHBUSD","timestamp":"2022-02-28T10:33:19.431Z"}
{"assetPair":"ETHBUSD","data":{"price":"2639.76000000","symbol":"ETHBUSD"},"level":"info","message":"Latest price","service":"api-d27bc23-binance-ETHBUSD","timestamp":"2022-02-28T10:36:19.474Z"}
{"assetPair":"ETHBUSD","data":{"price":"2643.50000000","symbol":"ETHBUSD"},"level":"info","message":"Latest price","service":"api-d27bc23-binance-ETHBUSD","timestamp":"2022-02-28T10:39:19.510Z"}
{"assetPair":"ETHBUSD","data":{"price":"2639.39000000","symbol":"ETHBUSD"},"level":"info","message":"Latest price","service":"api-d27bc23-binance-ETHBUSD","timestamp":"2022-02-28T10:42:19.578Z"}
{"assetPair":"ETHBUSD","data":{"price":"2640.48000000","symbol":"ETHBUSD"},"level":"info","message":"Latest price","service":"api-d27bc23-binance-ETHBUSD","timestamp":"2022-02-28T10:45:19.608Z"}
{"assetPair":"ETHBUSD","data":{"price":"2639.67000000","symbol":"ETHBUSD"},"level":"info","message":"Latest price","service":"api-d27bc23-binance-ETHBUSD","timestamp":"2022-02-28T10:48:19.664Z"}
{"assetPair":"ETHBUSD","data":{"price":"2637.92000000","symbol":"ETHBUSD"},"level":"info","message":"Latest price","service":"api-d27bc23-binance-ETHBUSD","timestamp":"2022-02-28T10:51:19.695Z"}
{"assetPair":"ETHBUSD","data":{"price":"2639.02000000","symbol":"ETHBUSD"},"level":"info","message":"Latest price","service":"api-d27bc23-binance-ETHBUSD","timestamp":"2022-02-28T10:54:19.756Z"}
{"assetPair":"ETHBUSD","data":{"price":"2639.52000000","symbol":"ETHBUSD"},"level":"info","message":"Latest price","service":"api-d27bc23-binance-ETHBUSD","timestamp":"2022-02-28T10:57:19.796Z"}
{"assetPair":"ETHBUSD","data":{"price":"2643.92000000","symbol":"ETHBUSD"},"level":"info","message":"Latest price","service":"api-d27bc23-binance-ETHBUSD","timestamp":"2022-02-28T11:00:19.857Z"}
{"assetPair":"ETHBUSD","data":{"price":"2637.56000000","symbol":"ETHBUSD"},"level":"info","message":"Latest price","service":"api-d27bc23-binance-ETHBUSD","timestamp":"2022-02-28T11:03:19.900Z"}
{"assetPair":"ETHBUSD","data":{"price":"2636.02000000","symbol":"ETHBUSD"},"level":"info","message":"Latest price","service":"api-d27bc23-binance-ETHBUSD","timestamp":"2022-02-28T11:06:19.942Z"}
{"assetPair":"ETHBUSD","data":{"price":"2634.72000000","symbol":"ETHBUSD"},"level":"info","message":"Latest price","service":"api-d27bc23-binance-ETHBUSD","timestamp":"2022-02-28T11:09:19.982Z"}
{"assetPair":"ETHBUSD","data":{"price":"2635.96000000","symbol":"ETHBUSD"},"level":"info","message":"Latest price","service":"api-d27bc23-binance-ETHBUSD","timestamp":"2022-02-28T11:12:20.020Z"}
{"assetPair":"ETHBUSD","data":{"price":"2630.66000000","symbol":"ETHBUSD"},"level":"info","message":"Latest price","service":"api-d27bc23-binance-ETHBUSD","timestamp":"2022-02-28T11:15:20.078Z"}
{"assetPair":"ETHBUSD","data":{"price":"2634.81000000","symbol":"ETHBUSD"},"level":"info","message":"Latest price","service":"api-d27bc23-binance-ETHBUSD","timestamp":"2022-02-28T11:18:20.108Z"}
{"assetPair":"ETHBUSD","data":{"price":"2626.96000000","symbol":"ETHBUSD"},"level":"info","message":"Latest price","service":"api-d27bc23-binance-ETHBUSD","timestamp":"2022-02-28T11:21:20.148Z"}
{"assetPair":"ETHBUSD","data":{"price":"2631.95000000","symbol":"ETHBUSD"},"level":"info","message":"Latest price","service":"api-d27bc23-binance-ETHBUSD","timestamp":"2022-02-28T11:24:20.212Z"}
{"assetPair":"ETHBUSD","data":{"price":"2639.00000000","symbol":"ETHBUSD"},"level":"info","message":"Latest price","service":"api-d27bc23-binance-ETHBUSD","timestamp":"2022-02-28T11:27:20.269Z"}
{"assetPair":"ETHBUSD","data":{"price":"2636.11000000","symbol":"ETHBUSD"},"level":"info","message":"Latest price","service":"api-d27bc23-binance-ETHBUSD","timestamp":"2022-02-28T11:30:20.386Z"}
{"assetPair":"ETHBUSD","data":{"price":"2631.52000000","symbol":"ETHBUSD"},"level":"info","message":"Latest price","service":"api-d27bc23-binance-ETHBUSD","timestamp":"2022-02-28T11:33:20.418Z"}
{"assetPair":"ETHBUSD","data":{"price":"2634.49000000","symbol":"ETHBUSD"},"level":"info","message":"Latest price","service":"api-d27bc23-binance-ETHBUSD","timestamp":"2022-02-28T11:36:20.464Z"}
{"assetPair":"ETHBUSD","data":{"price":"2637.19000000","symbol":"ETHBUSD"},"level":"info","message":"Latest price","service":"api-d27bc23-binance-ETHBUSD","timestamp":"2022-02-28T11:39:20.539Z"}
{"assetPair":"ETHBUSD","data":{"price":"2639.96000000","symbol":"ETHBUSD"},"level":"info","message":"Latest price","service":"api-d27bc23-binance-ETHBUSD","timestamp":"2022-02-28T11:42:20.582Z"}
{"assetPair":"ETHBUSD","data":{"price":"2640.18000000","symbol":"ETHBUSD"},"level":"info","message":"Latest price","service":"api-d27bc23-binance-ETHBUSD","timestamp":"2022-02-28T11:45:20.620Z"}
{"assetPair":"ETHBUSD","data":{"price":"2636.73000000","symbol":"ETHBUSD"},"level":"info","message":"Latest price","service":"api-d27bc23-binance-ETHBUSD","timestamp":"2022-02-28T11:48:20.669Z"}
{"assetPair":"ETHBUSD","data":{"price":"2642.35000000","symbol":"ETHBUSD"},"level":"info","message":"Latest price","service":"api-d27bc23-binance-ETHBUSD","timestamp":"2022-02-28T11:51:20.707Z"}
{"assetPair":"ETHBUSD","data":{"price":"2640.50000000","symbol":"ETHBUSD"},"level":"info","message":"Latest price","service":"api-d27bc23-binance-ETHBUSD","timestamp":"2022-02-28T11:54:20.744Z"}
{"assetPair":"ETHBUSD","data":{"price":"2644.36000000","symbol":"ETHBUSD"},"level":"info","message":"Latest price","service":"api-d27bc23-binance-ETHBUSD","timestamp":"2022-02-28T11:57:20.784Z"}
{"assetPair":"ETHBUSD","data":{"price":"2643.78000000","symbol":"ETHBUSD"},"level":"info","message":"Latest price","service":"api-d27bc23-binance-ETHBUSD","timestamp":"2022-02-28T12:00:20.818Z"}
{"assetPair":"ETHBUSD","data":{"price":"2637.24000000","symbol":"ETHBUSD"},"level":"info","message":"Latest price","service":"api-d27bc23-binance-ETHBUSD","timestamp":"2022-02-28T12:03:20.870Z"}
{"assetPair":"ETHBUSD","data":{"price":"2642.30000000","symbol":"ETHBUSD"},"level":"info","message":"Latest price","service":"api-d27bc23-binance-ETHBUSD","timestamp":"2022-02-28T12:06:20.907Z"}
{"assetPair":"ETHBUSD","data":{"price":"2639.88000000","symbol":"ETHBUSD"},"level":"info","message":"Latest price","service":"api-d27bc23-binance-ETHBUSD","timestamp":"2022-02-28T12:09:21.005Z"}
{"assetPair":"ETHBUSD","data":{"price":"2636.45000000","symbol":"ETHBUSD"},"level":"info","message":"Latest price","service":"api-d27bc23-binance-ETHBUSD","timestamp":"2022-02-28T12:12:21.043Z"}
{"assetPair":"ETHBUSD","data":{"price":"2637.58000000","symbol":"ETHBUSD"},"level":"info","message":"Latest price","service":"api-d27bc23-binance-ETHBUSD","timestamp":"2022-02-28T12:15:21.082Z"}
{"assetPair":"ETHBUSD","data":{"price":"2642.52000000","symbol":"ETHBUSD"},"level":"info","message":"Latest price","service":"api-d27bc23-binance-ETHBUSD","timestamp":"2022-02-28T12:18:21.171Z"}
{"assetPair":"ETHBUSD","data":{"price":"2649.32000000","symbol":"ETHBUSD"},"level":"info","message":"Latest price","service":"api-d27bc23-binance-ETHBUSD","timestamp":"2022-02-28T12:21:21.242Z"}
{"assetPair":"ETHBUSD","data":{"price":"2658.90000000","symbol":"ETHBUSD"},"level":"info","message":"Latest price","service":"api-d27bc23-binance-ETHBUSD","timestamp":"2022-02-28T12:24:21.280Z"}
{"assetPair":"ETHBUSD","data":{"price":"2656.18000000","symbol":"ETHBUSD"},"level":"info","message":"Latest price","service":"api-d27bc23-binance-ETHBUSD","timestamp":"2022-02-28T12:27:21.323Z"}
{"assetPair":"ETHBUSD","data":{"price":"2657.72000000","symbol":"ETHBUSD"},"level":"info","message":"Latest price","service":"api-d27bc23-binance-ETHBUSD","timestamp":"2022-02-28T12:30:21.358Z"}
{"assetPair":"ETHBUSD","data":{"price":"2657.29000000","symbol":"ETHBUSD"},"level":"info","message":"Latest price","service":"api-d27bc23-binance-ETHBUSD","timestamp":"2022-02-28T12:33:21.393Z"}
{"assetPair":"ETHBUSD","data":{"price":"2655.39000000","symbol":"ETHBUSD"},"level":"info","message":"Latest price","service":"api-d27bc23-binance-ETHBUSD","timestamp":"2022-02-28T12:36:21.434Z"}
{"assetPair":"ETHBUSD","data":{"price":"2657.80000000","symbol":"ETHBUSD"},"level":"info","message":"Latest price","service":"api-d27bc23-binance-ETHBUSD","timestamp":"2022-02-28T12:39:21.498Z"}
{"assetPair":"ETHBUSD","data":{"price":"2651.26000000","symbol":"ETHBUSD"},"level":"info","message":"Latest price","service":"api-d27bc23-binance-ETHBUSD","timestamp":"2022-02-28T12:42:21.529Z"}
{"assetPair":"ETHBUSD","data":{"price":"2650.11000000","symbol":"ETHBUSD"},"level":"info","message":"Latest price","service":"api-d27bc23-binance-ETHBUSD","timestamp":"2022-02-28T12:45:21.574Z"}
{"assetPair":"ETHBUSD","data":{"price":"2651.97000000","symbol":"ETHBUSD"},"level":"info","message":"Latest price","service":"api-d27bc23-binance-ETHBUSD","timestamp":"2022-02-28T12:48:21.604Z"}
{"assetPair":"ETHBUSD","data":{"price":"2650.46000000","symbol":"ETHBUSD"},"level":"info","message":"Latest price","service":"api-d27bc23-binance-ETHBUSD","timestamp":"2022-02-28T12:51:21.642Z"}
{"assetPair":"ETHBUSD","data":{"price":"2649.91000000","symbol":"ETHBUSD"},"level":"info","message":"Latest price","service":"api-d27bc23-binance-ETHBUSD","timestamp":"2022-02-28T12:54:21.681Z"}
{"assetPair":"ETHBUSD","data":{"price":"2646.04000000","symbol":"ETHBUSD"},"level":"info","message":"Latest price","service":"api-d27bc23-binance-ETHBUSD","timestamp":"2022-02-28T12:57:21.716Z"}
