{"assetPair":"ETHBUSD","data":{"price":"2734.40000000","symbol":"ETHBUSD"},"level":"info","message":"Latest price","service":"api-c4eeb68-binance-ETHBUSD","timestamp":"2022-02-19T14:52:02.734Z"}
{"assetPair":"ETHBUSD","data":{"price":"2736.11000000","symbol":"ETHBUSD"},"level":"info","message":"Latest price","service":"api-c4eeb68-binance-ETHBUSD","timestamp":"2022-02-19T14:55:02.870Z"}
{"assetPair":"ETHBUSD","data":{"price":"2737.34000000","symbol":"ETHBUSD"},"level":"info","message":"Latest price","service":"api-c4eeb68-binance-ETHBUSD","timestamp":"2022-02-19T14:58:02.952Z"}
{"assetPair":"ETHBUSD","data":{"price":"2731.99000000","symbol":"ETHBUSD"},"level":"info","message":"Latest price","service":"api-c4eeb68-binance-ETHBUSD","timestamp":"2022-02-19T15:01:03.052Z"}
{"assetPair":"ETHBUSD","data":{"price":"2724.65000000","symbol":"ETHBUSD"},"level":"info","message":"Latest price","service":"api-c4eeb68-binance-ETHBUSD","timestamp":"2022-02-19T15:04:03.184Z"}
{"assetPair":"ETHBUSD","data":{"price":"2746.84000000","symbol":"ETHBUSD"},"level":"info","message":"Latest price","service":"api-c4eeb68-binance-ETHBUSD","timestamp":"2022-02-19T15:41:39.257Z"}
{"assetPair":"ETHBUSD","data":{"price":"2750.58000000","symbol":"ETHBUSD"},"level":"info","message":"Latest price","service":"api-c4eeb68-binance-ETHBUSD","timestamp":"2022-02-19T15:44:39.405Z"}
{"assetPair":"ETHBUSD","data":{"price":"2749.99000000","symbol":"ETHBUSD"},"level":"info","message":"Latest price","service":"api-c4eeb68-binance-ETHBUSD","timestamp":"2022-02-19T16:00:38.837Z"}
{"assetPair":"ETHBUSD","data":{"price":"2742.27000000","symbol":"ETHBUSD"},"level":"info","message":"Latest price","service":"api-c4eeb68-binance-ETHBUSD","timestamp":"2022-02-19T16:03:38.902Z"}
{"assetPair":"ETHBUSD","data":{"price":"2755.71000000","symbol":"ETHBUSD"},"level":"info","message":"Latest price","service":"api-c4eeb68-binance-ETHBUSD","timestamp":"2022-02-19T16:06:39.008Z"}
{"assetPair":"ETHBUSD","data":{"price":"2762.83000000","symbol":"ETHBUSD"},"level":"info","message":"Latest price","service":"api-c4eeb68-binance-ETHBUSD","timestamp":"2022-02-19T16:09:39.128Z"}
{"balance":{"asset":"BUSD","free":"33.01604594","locked":"0.00000000"},"level":"info","message":"Binance balance","service":"api-c4eeb68-binance-ETHBUSD","timestamp":"2022-02-19T16:09:39.155Z"}
{"buyAsset":"ETH","correctedPrice":"2762.83","correctedQty":"0.0089","level":"info","message":"Initiating BUY","price":"2762.83","quantity":"0.00895820589757603617","service":"api-c4eeb68-binance-ETHBUSD","timestamp":"2022-02-19T16:09:39.177Z","withAsset":"BUSD"}
{"data":{"clientOrderId":"PItpJJSkrmKFlVa3FN0PpP","cummulativeQuoteQty":"0.00000000","executedQty":"0.00000000","fills":[],"orderId":4166180935,"orderListId":-1,"origQty":"0.00890000","price":"2762.83000000","side":"BUY","status":"NEW","symbol":"ETHBUSD","timeInForce":"GTC","transactTime":1645286979209,"type":"LIMIT"},"level":"info","message":"BUY success","service":"api-c4eeb68-binance-ETHBUSD","timestamp":"2022-02-19T16:09:39.214Z"}
{"assetPair":"ETHBUSD","data":{"price":"2750.61000000","symbol":"ETHBUSD"},"level":"info","message":"Latest price","service":"api-c4eeb68-binance-ETHBUSD","timestamp":"2022-02-19T16:59:46.595Z"}
{"assetPair":"ETHBUSD","data":{"price":"2746.88000000","symbol":"ETHBUSD"},"level":"info","message":"Latest price","service":"api-c4eeb68-binance-ETHBUSD","timestamp":"2022-02-19T17:02:46.733Z"}
{"assetPair":"ETHBUSD","data":{"price":"2746.60000000","symbol":"ETHBUSD"},"level":"info","message":"Latest price","service":"api-c4eeb68-binance-ETHBUSD","timestamp":"2022-02-19T17:05:46.901Z"}
{"assetPair":"ETHBUSD","data":{"price":"2754.14000000","symbol":"ETHBUSD"},"level":"info","message":"Latest price","service":"api-c4eeb68-binance-ETHBUSD","timestamp":"2022-02-19T17:08:46.999Z"}
{"assetPair":"ETHBUSD","data":{"price":"2757.00000000","symbol":"ETHBUSD"},"level":"info","message":"Latest price","service":"api-c4eeb68-binance-ETHBUSD","timestamp":"2022-02-19T17:11:47.091Z"}
{"assetPair":"ETHBUSD","data":{"price":"2750.99000000","symbol":"ETHBUSD"},"level":"info","message":"Latest price","service":"api-c4eeb68-binance-ETHBUSD","timestamp":"2022-02-20T00:24:24.322Z"}
{"assetPair":"ETHBUSD","data":{"price":"2746.54000000","symbol":"ETHBUSD"},"level":"info","message":"Latest price","service":"api-c4eeb68-binance-ETHBUSD","timestamp":"2022-02-20T00:27:24.460Z"}
{"assetPair":"ETHBUSD","data":{"price":"2744.00000000","symbol":"ETHBUSD"},"level":"info","message":"Latest price","service":"api-c4eeb68-binance-ETHBUSD","timestamp":"2022-02-20T00:30:24.556Z"}
{"assetPair":"ETHBUSD","data":{"price":"2741.62000000","symbol":"ETHBUSD"},"level":"info","message":"Latest price","service":"api-c4eeb68-binance-ETHBUSD","timestamp":"2022-02-20T00:33:24.597Z"}
{"assetPair":"ETHBUSD","data":{"price":"2736.04000000","symbol":"ETHBUSD"},"level":"info","message":"Latest price","service":"api-c4eeb68-binance-ETHBUSD","timestamp":"2022-02-20T00:36:24.775Z"}
{"assetPair":"ETHBUSD","data":{"price":"2736.25000000","symbol":"ETHBUSD"},"level":"info","message":"Latest price","service":"api-c4eeb68-binance-ETHBUSD","timestamp":"2022-02-20T00:39:24.942Z"}
{"assetPair":"ETHBUSD","data":{"price":"2733.35000000","symbol":"ETHBUSD"},"level":"info","message":"Latest price","service":"api-c4eeb68-binance-ETHBUSD","timestamp":"2022-02-20T00:42:25.093Z"}
{"assetPair":"ETHBUSD","data":{"price":"2735.11000000","symbol":"ETHBUSD"},"level":"info","message":"Latest price","service":"api-c4eeb68-binance-ETHBUSD","timestamp":"2022-02-20T00:45:25.126Z"}
{"assetPair":"ETHBUSD","data":{"price":"2738.78000000","symbol":"ETHBUSD"},"level":"info","message":"Latest price","service":"api-c4eeb68-binance-ETHBUSD","timestamp":"2022-02-20T00:48:25.236Z"}
{"assetPair":"ETHBUSD","data":{"price":"2736.41000000","symbol":"ETHBUSD"},"level":"info","message":"Latest price","service":"api-c4eeb68-binance-ETHBUSD","timestamp":"2022-02-20T00:51:25.329Z"}
{"assetPair":"ETHBUSD","data":{"price":"2731.74000000","symbol":"ETHBUSD"},"level":"info","message":"Latest price","service":"api-c4eeb68-binance-ETHBUSD","timestamp":"2022-02-20T00:54:25.469Z"}
{"assetPair":"ETHBUSD","data":{"price":"2732.90000000","symbol":"ETHBUSD"},"level":"info","message":"Latest price","service":"api-c4eeb68-binance-ETHBUSD","timestamp":"2022-02-20T00:57:25.558Z"}
{"assetPair":"ETHBUSD","data":{"price":"2734.56000000","symbol":"ETHBUSD"},"level":"info","message":"Latest price","service":"api-c4eeb68-binance-ETHBUSD","timestamp":"2022-02-20T01:00:25.630Z"}
{"assetPair":"ETHBUSD","data":{"price":"2729.84000000","symbol":"ETHBUSD"},"level":"info","message":"Latest price","service":"api-c4eeb68-binance-ETHBUSD","timestamp":"2022-02-20T01:03:25.773Z"}
{"assetPair":"ETHBUSD","data":{"price":"2730.09000000","symbol":"ETHBUSD"},"level":"info","message":"Latest price","service":"api-c4eeb68-binance-ETHBUSD","timestamp":"2022-02-20T01:06:25.917Z"}
{"assetPair":"ETHBUSD","data":{"price":"2716.65000000","symbol":"ETHBUSD"},"level":"info","message":"Latest price","service":"api-c4eeb68-binance-ETHBUSD","timestamp":"2022-02-20T01:09:26.057Z"}
{"assetPair":"ETHBUSD","data":{"price":"2715.27000000","symbol":"ETHBUSD"},"level":"info","message":"Latest price","service":"api-c4eeb68-binance-ETHBUSD","timestamp":"2022-02-20T01:12:26.140Z"}
{"assetPair":"ETHBUSD","data":{"price":"2718.03000000","symbol":"ETHBUSD"},"level":"info","message":"Latest price","service":"api-c4eeb68-binance-ETHBUSD","timestamp":"2022-02-20T01:15:26.266Z"}
{"assetPair":"ETHBUSD","data":{"price":"2714.94000000","symbol":"ETHBUSD"},"level":"info","message":"Latest price","service":"api-c4eeb68-binance-ETHBUSD","timestamp":"2022-02-20T01:18:26.419Z"}
{"assetPair":"ETHBUSD","data":{"price":"2714.99000000","symbol":"ETHBUSD"},"level":"info","message":"Latest price","service":"api-c4eeb68-binance-ETHBUSD","timestamp":"2022-02-20T01:21:26.590Z"}
{"assetPair":"ETHBUSD","data":{"price":"2720.79000000","symbol":"ETHBUSD"},"level":"info","message":"Latest price","service":"api-c4eeb68-binance-ETHBUSD","timestamp":"2022-02-20T01:24:26.767Z"}
{"assetPair":"ETHBUSD","data":{"price":"2726.35000000","symbol":"ETHBUSD"},"level":"info","message":"Latest price","service":"api-c4eeb68-binance-ETHBUSD","timestamp":"2022-02-20T01:27:26.977Z"}
{"assetPair":"ETHBUSD","data":{"price":"2724.55000000","symbol":"ETHBUSD"},"level":"info","message":"Latest price","service":"api-c4eeb68-binance-ETHBUSD","timestamp":"2022-02-20T01:30:27.121Z"}
{"assetPair":"ETHBUSD","data":{"price":"2727.68000000","symbol":"ETHBUSD"},"level":"info","message":"Latest price","service":"api-c4eeb68-binance-ETHBUSD","timestamp":"2022-02-20T01:33:27.252Z"}
{"assetPair":"ETHBUSD","data":{"price":"2726.38000000","symbol":"ETHBUSD"},"level":"info","message":"Latest price","service":"api-c4eeb68-binance-ETHBUSD","timestamp":"2022-02-20T01:36:27.288Z"}
{"assetPair":"ETHBUSD","data":{"price":"2725.58000000","symbol":"ETHBUSD"},"level":"info","message":"Latest price","service":"api-c4eeb68-binance-ETHBUSD","timestamp":"2022-02-20T01:39:27.450Z"}
{"assetPair":"ETHBUSD","data":{"price":"2729.13000000","symbol":"ETHBUSD"},"level":"info","message":"Latest price","service":"api-c4eeb68-binance-ETHBUSD","timestamp":"2022-02-20T01:42:27.553Z"}
{"assetPair":"ETHBUSD","data":{"price":"2743.86000000","symbol":"ETHBUSD"},"level":"info","message":"Latest price","service":"api-c4eeb68-binance-ETHBUSD","timestamp":"2022-02-20T01:45:27.602Z"}
{"assetPair":"ETHBUSD","data":{"price":"2740.47000000","symbol":"ETHBUSD"},"level":"info","message":"Latest price","service":"api-c4eeb68-binance-ETHBUSD","timestamp":"2022-02-20T01:48:27.659Z"}
{"assetPair":"ETHBUSD","data":{"price":"2742.36000000","symbol":"ETHBUSD"},"level":"info","message":"Latest price","service":"api-c4eeb68-binance-ETHBUSD","timestamp":"2022-02-20T01:51:27.706Z"}
{"assetPair":"ETHBUSD","data":{"price":"2743.29000000","symbol":"ETHBUSD"},"level":"info","message":"Latest price","service":"api-c4eeb68-binance-ETHBUSD","timestamp":"2022-02-20T01:54:27.837Z"}
{"assetPair":"ETHBUSD","data":{"price":"2742.87000000","symbol":"ETHBUSD"},"level":"info","message":"Latest price","service":"api-c4eeb68-binance-ETHBUSD","timestamp":"2022-02-20T01:57:27.977Z"}
{"assetPair":"ETHBUSD","data":{"price":"2741.55000000","symbol":"ETHBUSD"},"level":"info","message":"Latest price","service":"api-c4eeb68-binance-ETHBUSD","timestamp":"2022-02-20T02:00:28.049Z"}
{"assetPair":"ETHBUSD","data":{"price":"2740.57000000","symbol":"ETHBUSD"},"level":"info","message":"Latest price","service":"api-c4eeb68-binance-ETHBUSD","timestamp":"2022-02-20T02:03:28.127Z"}
{"assetPair":"ETHBUSD","data":{"price":"2737.28000000","symbol":"ETHBUSD"},"level":"info","message":"Latest price","service":"api-c4eeb68-binance-ETHBUSD","timestamp":"2022-02-20T02:06:28.279Z"}
{"assetPair":"ETHBUSD","data":{"price":"2735.99000000","symbol":"ETHBUSD"},"level":"info","message":"Latest price","service":"api-c4eeb68-binance-ETHBUSD","timestamp":"2022-02-20T02:09:28.427Z"}
{"assetPair":"ETHBUSD","data":{"price":"2736.34000000","symbol":"ETHBUSD"},"level":"info","message":"Latest price","service":"api-c4eeb68-binance-ETHBUSD","timestamp":"2022-02-20T02:12:28.468Z"}
{"assetPair":"ETHBUSD","data":{"price":"2736.90000000","symbol":"ETHBUSD"},"level":"info","message":"Latest price","service":"api-c4eeb68-binance-ETHBUSD","timestamp":"2022-02-20T02:15:28.552Z"}
{"assetPair":"ETHBUSD","data":{"price":"2738.09000000","symbol":"ETHBUSD"},"level":"info","message":"Latest price","service":"api-c4eeb68-binance-ETHBUSD","timestamp":"2022-02-20T02:18:28.685Z"}
{"assetPair":"ETHBUSD","data":{"price":"2742.69000000","symbol":"ETHBUSD"},"level":"info","message":"Latest price","service":"api-c4eeb68-binance-ETHBUSD","timestamp":"2022-02-20T02:21:28.797Z"}
{"assetPair":"ETHBUSD","data":{"price":"2738.39000000","symbol":"ETHBUSD"},"level":"info","message":"Latest price","service":"api-c4eeb68-binance-ETHBUSD","timestamp":"2022-02-20T02:24:28.930Z"}
{"assetPair":"ETHBUSD","data":{"price":"2739.89000000","symbol":"ETHBUSD"},"level":"info","message":"Latest price","service":"api-c4eeb68-binance-ETHBUSD","timestamp":"2022-02-20T02:27:29.094Z"}
{"assetPair":"ETHBUSD","data":{"price":"2736.71000000","symbol":"ETHBUSD"},"level":"info","message":"Latest price","service":"api-c4eeb68-binance-ETHBUSD","timestamp":"2022-02-20T02:30:29.173Z"}
{"assetPair":"ETHBUSD","data":{"price":"2729.21000000","symbol":"ETHBUSD"},"level":"info","message":"Latest price","service":"api-c4eeb68-binance-ETHBUSD","timestamp":"2022-02-20T02:33:29.213Z"}
{"assetPair":"ETHBUSD","data":{"price":"2729.32000000","symbol":"ETHBUSD"},"level":"info","message":"Latest price","service":"api-c4eeb68-binance-ETHBUSD","timestamp":"2022-02-20T02:36:29.365Z"}
{"assetPair":"ETHBUSD","data":{"price":"2726.87000000","symbol":"ETHBUSD"},"level":"info","message":"Latest price","service":"api-c4eeb68-binance-ETHBUSD","timestamp":"2022-02-20T02:39:29.475Z"}
{"assetPair":"ETHBUSD","data":{"price":"2729.87000000","symbol":"ETHBUSD"},"level":"info","message":"Latest price","service":"api-c4eeb68-binance-ETHBUSD","timestamp":"2022-02-20T02:42:29.613Z"}
{"assetPair":"ETHBUSD","data":{"price":"2728.25000000","symbol":"ETHBUSD"},"level":"info","message":"Latest price","service":"api-c4eeb68-binance-ETHBUSD","timestamp":"2022-02-20T02:45:29.749Z"}
{"assetPair":"ETHBUSD","data":{"price":"2732.60000000","symbol":"ETHBUSD"},"level":"info","message":"Latest price","service":"api-c4eeb68-binance-ETHBUSD","timestamp":"2022-02-20T02:48:29.815Z"}
{"assetPair":"ETHBUSD","data":{"price":"2729.71000000","symbol":"ETHBUSD"},"level":"info","message":"Latest price","service":"api-c4eeb68-binance-ETHBUSD","timestamp":"2022-02-20T02:51:29.973Z"}
{"assetPair":"ETHBUSD","data":{"price":"2726.84000000","symbol":"ETHBUSD"},"level":"info","message":"Latest price","service":"api-c4eeb68-binance-ETHBUSD","timestamp":"2022-02-20T02:54:30.150Z"}
{"assetPair":"ETHBUSD","data":{"price":"2719.04000000","symbol":"ETHBUSD"},"level":"info","message":"Latest price","service":"api-c4eeb68-binance-ETHBUSD","timestamp":"2022-02-20T02:57:30.265Z"}
{"assetPair":"ETHBUSD","data":{"price":"2714.37000000","symbol":"ETHBUSD"},"level":"info","message":"Latest price","service":"api-c4eeb68-binance-ETHBUSD","timestamp":"2022-02-20T03:00:30.408Z"}
{"assetPair":"ETHBUSD","data":{"price":"2717.57000000","symbol":"ETHBUSD"},"level":"info","message":"Latest price","service":"api-c4eeb68-binance-ETHBUSD","timestamp":"2022-02-20T03:03:30.526Z"}
{"assetPair":"ETHBUSD","data":{"price":"2716.71000000","symbol":"ETHBUSD"},"level":"info","message":"Latest price","service":"api-c4eeb68-binance-ETHBUSD","timestamp":"2022-02-20T03:06:30.623Z"}
{"assetPair":"ETHBUSD","data":{"price":"2714.48000000","symbol":"ETHBUSD"},"level":"info","message":"Latest price","service":"api-c4eeb68-binance-ETHBUSD","timestamp":"2022-02-20T03:09:30.754Z"}
{"assetPair":"ETHBUSD","data":{"price":"2716.35000000","symbol":"ETHBUSD"},"level":"info","message":"Latest price","service":"api-c4eeb68-binance-ETHBUSD","timestamp":"2022-02-20T03:12:30.872Z"}
{"assetPair":"ETHBUSD","data":{"price":"2715.08000000","symbol":"ETHBUSD"},"level":"info","message":"Latest price","service":"api-c4eeb68-binance-ETHBUSD","timestamp":"2022-02-20T03:15:31.006Z"}
{"assetPair":"ETHBUSD","data":{"price":"2717.80000000","symbol":"ETHBUSD"},"level":"info","message":"Latest price","service":"api-c4eeb68-binance-ETHBUSD","timestamp":"2022-02-20T03:18:31.133Z"}
{"assetPair":"ETHBUSD","data":{"price":"2713.73000000","symbol":"ETHBUSD"},"level":"info","message":"Latest price","service":"api-c4eeb68-binance-ETHBUSD","timestamp":"2022-02-20T03:21:31.268Z"}
{"assetPair":"ETHBUSD","data":{"price":"2712.48000000","symbol":"ETHBUSD"},"level":"info","message":"Latest price","service":"api-c4eeb68-binance-ETHBUSD","timestamp":"2022-02-20T03:24:31.443Z"}
{"assetPair":"ETHBUSD","data":{"price":"2705.51000000","symbol":"ETHBUSD"},"level":"info","message":"Latest price","service":"api-c4eeb68-binance-ETHBUSD","timestamp":"2022-02-20T03:27:31.508Z"}
{"assetPair":"ETHBUSD","data":{"price":"2707.81000000","symbol":"ETHBUSD"},"level":"info","message":"Latest price","service":"api-c4eeb68-binance-ETHBUSD","timestamp":"2022-02-20T03:30:31.640Z"}
{"assetPair":"ETHBUSD","data":{"price":"2710.43000000","symbol":"ETHBUSD"},"level":"info","message":"Latest price","service":"api-c4eeb68-binance-ETHBUSD","timestamp":"2022-02-20T03:33:31.821Z"}
{"assetPair":"ETHBUSD","data":{"price":"2710.49000000","symbol":"ETHBUSD"},"level":"info","message":"Latest price","service":"api-c4eeb68-binance-ETHBUSD","timestamp":"2022-02-20T03:36:31.868Z"}
{"assetPair":"ETHBUSD","data":{"price":"2716.38000000","symbol":"ETHBUSD"},"level":"info","message":"Latest price","service":"api-c4eeb68-binance-ETHBUSD","timestamp":"2022-02-20T03:39:32.025Z"}
{"assetPair":"ETHBUSD","data":{"price":"2716.59000000","symbol":"ETHBUSD"},"level":"info","message":"Latest price","service":"api-c4eeb68-binance-ETHBUSD","timestamp":"2022-02-20T03:42:32.075Z"}
{"assetPair":"ETHBUSD","data":{"price":"2713.54000000","symbol":"ETHBUSD"},"level":"info","message":"Latest price","service":"api-c4eeb68-binance-ETHBUSD","timestamp":"2022-02-20T03:45:32.114Z"}
{"assetPair":"ETHBUSD","data":{"price":"2715.17000000","symbol":"ETHBUSD"},"level":"info","message":"Latest price","service":"api-c4eeb68-binance-ETHBUSD","timestamp":"2022-02-20T03:48:32.254Z"}
{"assetPair":"ETHBUSD","data":{"price":"2717.99000000","symbol":"ETHBUSD"},"level":"info","message":"Latest price","service":"api-c4eeb68-binance-ETHBUSD","timestamp":"2022-02-20T03:51:32.386Z"}
{"assetPair":"ETHBUSD","data":{"price":"2711.24000000","symbol":"ETHBUSD"},"level":"info","message":"Latest price","service":"api-c4eeb68-binance-ETHBUSD","timestamp":"2022-02-20T03:54:32.573Z"}
{"assetPair":"ETHBUSD","data":{"price":"2715.95000000","symbol":"ETHBUSD"},"level":"info","message":"Latest price","service":"api-c4eeb68-binance-ETHBUSD","timestamp":"2022-02-20T03:57:32.632Z"}
{"assetPair":"ETHBUSD","data":{"price":"2714.83000000","symbol":"ETHBUSD"},"level":"info","message":"Latest price","service":"api-c4eeb68-binance-ETHBUSD","timestamp":"2022-02-20T04:00:32.752Z"}
{"assetPair":"ETHBUSD","data":{"price":"2711.52000000","symbol":"ETHBUSD"},"level":"info","message":"Latest price","service":"api-c4eeb68-binance-ETHBUSD","timestamp":"2022-02-20T04:03:32.916Z"}
{"assetPair":"ETHBUSD","data":{"price":"2708.44000000","symbol":"ETHBUSD"},"level":"info","message":"Latest price","service":"api-c4eeb68-binance-ETHBUSD","timestamp":"2022-02-20T04:06:33.052Z"}
{"assetPair":"ETHBUSD","data":{"price":"2707.14000000","symbol":"ETHBUSD"},"level":"info","message":"Latest price","service":"api-c4eeb68-binance-ETHBUSD","timestamp":"2022-02-20T04:09:33.201Z"}
{"assetPair":"ETHBUSD","data":{"price":"2711.75000000","symbol":"ETHBUSD"},"level":"info","message":"Latest price","service":"api-c4eeb68-binance-ETHBUSD","timestamp":"2022-02-20T04:12:33.381Z"}
{"assetPair":"ETHBUSD","data":{"price":"2709.30000000","symbol":"ETHBUSD"},"level":"info","message":"Latest price","service":"api-c4eeb68-binance-ETHBUSD","timestamp":"2022-02-20T04:15:33.523Z"}
{"assetPair":"ETHBUSD","data":{"price":"2718.09000000","symbol":"ETHBUSD"},"level":"info","message":"Latest price","service":"api-c4eeb68-binance-ETHBUSD","timestamp":"2022-02-20T04:18:33.625Z"}
{"assetPair":"ETHBUSD","data":{"price":"2712.71000000","symbol":"ETHBUSD"},"level":"info","message":"Latest price","service":"api-c4eeb68-binance-ETHBUSD","timestamp":"2022-02-20T04:21:33.757Z"}
{"assetPair":"ETHBUSD","data":{"price":"2707.54000000","symbol":"ETHBUSD"},"level":"info","message":"Latest price","service":"api-c4eeb68-binance-ETHBUSD","timestamp":"2022-02-20T04:24:33.961Z"}
{"assetPair":"ETHBUSD","data":{"price":"2707.22000000","symbol":"ETHBUSD"},"level":"info","message":"Latest price","service":"api-c4eeb68-binance-ETHBUSD","timestamp":"2022-02-20T04:27:34.032Z"}
{"assetPair":"ETHBUSD","data":{"price":"2707.47000000","symbol":"ETHBUSD"},"level":"info","message":"Latest price","service":"api-c4eeb68-binance-ETHBUSD","timestamp":"2022-02-20T04:30:34.184Z"}
{"assetPair":"ETHBUSD","data":{"price":"2693.79000000","symbol":"ETHBUSD"},"level":"info","message":"Latest price","service":"api-c4eeb68-binance-ETHBUSD","timestamp":"2022-02-20T04:33:34.343Z"}
{"assetPair":"ETHBUSD","data":{"price":"2687.91000000","symbol":"ETHBUSD"},"level":"info","message":"Latest price","service":"api-c4eeb68-binance-ETHBUSD","timestamp":"2022-02-20T04:36:34.481Z"}
{"assetPair":"ETHBUSD","data":{"price":"2687.00000000","symbol":"ETHBUSD"},"level":"info","message":"Latest price","service":"api-c4eeb68-binance-ETHBUSD","timestamp":"2022-02-20T04:39:34.612Z"}
{"assetPair":"ETHBUSD","data":{"price":"2686.89000000","symbol":"ETHBUSD"},"level":"info","message":"Latest price","service":"api-c4eeb68-binance-ETHBUSD","timestamp":"2022-02-20T04:42:34.755Z"}
{"assetPair":"ETHBUSD","data":{"price":"2689.68000000","symbol":"ETHBUSD"},"level":"info","message":"Latest price","service":"api-c4eeb68-binance-ETHBUSD","timestamp":"2022-02-20T04:45:34.889Z"}
{"assetPair":"ETHBUSD","data":{"price":"2690.81000000","symbol":"ETHBUSD"},"level":"info","message":"Latest price","service":"api-c4eeb68-binance-ETHBUSD","timestamp":"2022-02-20T04:48:34.994Z"}
{"assetPair":"ETHBUSD","data":{"price":"2696.84000000","symbol":"ETHBUSD"},"level":"info","message":"Latest price","service":"api-c4eeb68-binance-ETHBUSD","timestamp":"2022-02-20T04:51:35.123Z"}
{"assetPair":"ETHBUSD","data":{"price":"2687.42000000","symbol":"ETHBUSD"},"level":"info","message":"Latest price","service":"api-c4eeb68-binance-ETHBUSD","timestamp":"2022-02-20T04:54:35.317Z"}
{"assetPair":"ETHBUSD","data":{"price":"2687.82000000","symbol":"ETHBUSD"},"level":"info","message":"Latest price","service":"api-c4eeb68-binance-ETHBUSD","timestamp":"2022-02-20T04:57:35.450Z"}
{"assetPair":"ETHBUSD","data":{"price":"2687.98000000","symbol":"ETHBUSD"},"level":"info","message":"Latest price","service":"api-c4eeb68-binance-ETHBUSD","timestamp":"2022-02-20T05:00:35.583Z"}
{"assetPair":"ETHBUSD","data":{"price":"2687.40000000","symbol":"ETHBUSD"},"level":"info","message":"Latest price","service":"api-c4eeb68-binance-ETHBUSD","timestamp":"2022-02-20T05:03:35.735Z"}
{"assetPair":"ETHBUSD","data":{"price":"2690.73000000","symbol":"ETHBUSD"},"level":"info","message":"Latest price","service":"api-c4eeb68-binance-ETHBUSD","timestamp":"2022-02-20T05:06:35.875Z"}
{"assetPair":"ETHBUSD","data":{"price":"2689.66000000","symbol":"ETHBUSD"},"level":"info","message":"Latest price","service":"api-c4eeb68-binance-ETHBUSD","timestamp":"2022-02-20T05:09:36.003Z"}
{"assetPair":"ETHBUSD","data":{"price":"2695.68000000","symbol":"ETHBUSD"},"level":"info","message":"Latest price","service":"api-c4eeb68-binance-ETHBUSD","timestamp":"2022-02-20T05:12:36.119Z"}
{"assetPair":"ETHBUSD","data":{"price":"2691.31000000","symbol":"ETHBUSD"},"level":"info","message":"Latest price","service":"api-c4eeb68-binance-ETHBUSD","timestamp":"2022-02-20T05:15:36.175Z"}
{"assetPair":"ETHBUSD","data":{"price":"2695.94000000","symbol":"ETHBUSD"},"level":"info","message":"Latest price","service":"api-c4eeb68-binance-ETHBUSD","timestamp":"2022-02-20T05:18:36.308Z"}
{"assetPair":"ETHBUSD","data":{"price":"2687.99000000","symbol":"ETHBUSD"},"level":"info","message":"Latest price","service":"api-c4eeb68-binance-ETHBUSD","timestamp":"2022-02-20T05:21:36.452Z"}
{"assetPair":"ETHBUSD","data":{"price":"2683.81000000","symbol":"ETHBUSD"},"level":"info","message":"Latest price","service":"api-c4eeb68-binance-ETHBUSD","timestamp":"2022-02-20T05:24:36.555Z"}
{"assetPair":"ETHBUSD","data":{"price":"2687.32000000","symbol":"ETHBUSD"},"level":"info","message":"Latest price","service":"api-c4eeb68-binance-ETHBUSD","timestamp":"2022-02-20T05:27:36.637Z"}
{"assetPair":"ETHBUSD","data":{"price":"2682.00000000","symbol":"ETHBUSD"},"level":"info","message":"Latest price","service":"api-c4eeb68-binance-ETHBUSD","timestamp":"2022-02-20T05:30:36.799Z"}
{"assetPair":"ETHBUSD","data":{"price":"2681.30000000","symbol":"ETHBUSD"},"level":"info","message":"Latest price","service":"api-c4eeb68-binance-ETHBUSD","timestamp":"2022-02-20T05:33:36.969Z"}
{"assetPair":"ETHBUSD","data":{"price":"2676.24000000","symbol":"ETHBUSD"},"level":"info","message":"Latest price","service":"api-c4eeb68-binance-ETHBUSD","timestamp":"2022-02-20T05:36:37.010Z"}
{"assetPair":"ETHBUSD","data":{"price":"2682.42000000","symbol":"ETHBUSD"},"level":"info","message":"Latest price","service":"api-c4eeb68-binance-ETHBUSD","timestamp":"2022-02-20T05:39:37.117Z"}
{"assetPair":"ETHBUSD","data":{"price":"2679.48000000","symbol":"ETHBUSD"},"level":"info","message":"Latest price","service":"api-c4eeb68-binance-ETHBUSD","timestamp":"2022-02-20T05:42:37.284Z"}
{"assetPair":"ETHBUSD","data":{"price":"2679.70000000","symbol":"ETHBUSD"},"level":"info","message":"Latest price","service":"api-c4eeb68-binance-ETHBUSD","timestamp":"2022-02-20T05:45:37.416Z"}
{"assetPair":"ETHBUSD","data":{"price":"2678.65000000","symbol":"ETHBUSD"},"level":"info","message":"Latest price","service":"api-c4eeb68-binance-ETHBUSD","timestamp":"2022-02-20T05:48:37.569Z"}
{"assetPair":"ETHBUSD","data":{"price":"2665.77000000","symbol":"ETHBUSD"},"level":"info","message":"Latest price","service":"api-c4eeb68-binance-ETHBUSD","timestamp":"2022-02-20T05:51:37.699Z"}
{"assetPair":"ETHBUSD","data":{"price":"2660.45000000","symbol":"ETHBUSD"},"level":"info","message":"Latest price","service":"api-c4eeb68-binance-ETHBUSD","timestamp":"2022-02-20T05:54:37.843Z"}
{"assetPair":"ETHBUSD","data":{"price":"2661.51000000","symbol":"ETHBUSD"},"level":"info","message":"Latest price","service":"api-c4eeb68-binance-ETHBUSD","timestamp":"2022-02-20T05:57:37.933Z"}
{"assetPair":"ETHBUSD","data":{"price":"2661.95000000","symbol":"ETHBUSD"},"level":"info","message":"Latest price","service":"api-c4eeb68-binance-ETHBUSD","timestamp":"2022-02-20T06:00:38.076Z"}
{"assetPair":"ETHBUSD","data":{"price":"2664.43000000","symbol":"ETHBUSD"},"level":"info","message":"Latest price","service":"api-c4eeb68-binance-ETHBUSD","timestamp":"2022-02-20T06:03:38.202Z"}
{"assetPair":"ETHBUSD","data":{"price":"2662.96000000","symbol":"ETHBUSD"},"level":"info","message":"Latest price","service":"api-c4eeb68-binance-ETHBUSD","timestamp":"2022-02-20T06:06:38.298Z"}
{"assetPair":"ETHBUSD","data":{"price":"2656.52000000","symbol":"ETHBUSD"},"level":"info","message":"Latest price","service":"api-c4eeb68-binance-ETHBUSD","timestamp":"2022-02-20T06:09:38.431Z"}
{"assetPair":"ETHBUSD","data":{"price":"2624.99000000","symbol":"ETHBUSD"},"level":"info","message":"Latest price","service":"api-c4eeb68-binance-ETHBUSD","timestamp":"2022-02-20T06:12:38.553Z"}
{"assetPair":"ETHBUSD","data":{"price":"2630.00000000","symbol":"ETHBUSD"},"level":"info","message":"Latest price","service":"api-c4eeb68-binance-ETHBUSD","timestamp":"2022-02-20T06:15:38.682Z"}
{"assetPair":"ETHBUSD","data":{"price":"2630.81000000","symbol":"ETHBUSD"},"level":"info","message":"Latest price","service":"api-c4eeb68-binance-ETHBUSD","timestamp":"2022-02-20T06:18:38.821Z"}
{"assetPair":"ETHBUSD","data":{"price":"2639.86000000","symbol":"ETHBUSD"},"level":"info","message":"Latest price","service":"api-c4eeb68-binance-ETHBUSD","timestamp":"2022-02-20T06:21:38.888Z"}
{"balance":{"asset":"ETH","free":"0.00890000","locked":"0.00000000"},"level":"info","message":"Binance balance","service":"api-c4eeb68-binance-ETHBUSD","timestamp":"2022-02-20T06:21:38.916Z"}
{"correctedPrice":"2639.86","correctedQty":"0.0089","forAsset":"BUSD","level":"info","message":"Initiating SELL","price":"2639.86000000","quantity":"0.00890000","sellAsset":"ETH","service":"api-c4eeb68-binance-ETHBUSD","timestamp":"2022-02-20T06:21:38.937Z"}
{"data":{"clientOrderId":"9xtACvDXCkspTrQPyrmLTN","cummulativeQuoteQty":"23.50071700","executedQty":"0.00890000","fills":[{"commission":"0.02350072","commissionAsset":"BUSD","price":"2640.53000000","qty":"0.00890000","tradeId":268003938}],"orderId":4170662192,"orderListId":-1,"origQty":"0.00890000","price":"2639.86000000","side":"SELL","status":"FILLED","symbol":"ETHBUSD","timeInForce":"GTC","transactTime":1645338098960,"type":"LIMIT"},"level":"info","message":"SELL success","service":"api-c4eeb68-binance-ETHBUSD","timestamp":"2022-02-20T06:21:38.964Z"}
{"level":"info","message":"Checking order status","origClientOrderId":"9xtACvDXCkspTrQPyrmLTN","service":"api-c4eeb68-binance-ETHBUSD","symbol":"ETHBUSD","timestamp":"2022-02-20T06:24:39.032Z"}
{"data":{"clientOrderId":"9xtACvDXCkspTrQPyrmLTN","cummulativeQuoteQty":"23.50071700","executedQty":"0.00890000","icebergQty":"0.00000000","isWorking":true,"orderId":4170662192,"orderListId":-1,"origQty":"0.00890000","origQuoteOrderQty":"0.00000000","price":"2639.86000000","side":"SELL","status":"FILLED","stopPrice":"0.00000000","symbol":"ETHBUSD","time":1645338098960,"timeInForce":"GTC","type":"LIMIT","updateTime":1645338098960},"level":"info","message":"Order status","service":"api-c4eeb68-binance-ETHBUSD","timestamp":"2022-02-20T06:24:39.111Z"}
{"assetPair":"ETHBUSD","data":{"price":"2637.66000000","symbol":"ETHBUSD"},"level":"info","message":"Latest price","service":"api-c4eeb68-binance-ETHBUSD","timestamp":"2022-02-20T06:24:39.177Z"}
{"assetPair":"ETHBUSD","data":{"price":"2639.38000000","symbol":"ETHBUSD"},"level":"info","message":"Latest price","service":"api-c4eeb68-binance-ETHBUSD","timestamp":"2022-02-20T06:27:39.286Z"}
{"balance":{"asset":"BUSD","free":"53.86688102","locked":"0.00000000"},"level":"info","message":"Binance balance","service":"api-c4eeb68-binance-ETHBUSD","timestamp":"2022-02-20T06:27:39.320Z"}
{"buyAsset":"ETH","correctedPrice":"2639.38","correctedQty":"0.0093","level":"info","message":"Initiating BUY","price":"2639.38","quantity":"0.00937720222173389205","service":"api-c4eeb68-binance-ETHBUSD","timestamp":"2022-02-20T06:27:39.321Z","withAsset":"BUSD"}
{"data":{"clientOrderId":"3vKtWrB88oAU5JgL7nWjoI","cummulativeQuoteQty":"24.54623400","executedQty":"0.00930000","fills":[{"commission":"0.00000930","commissionAsset":"ETH","price":"2639.38000000","qty":"0.00930000","tradeId":268005406}],"orderId":4170706369,"orderListId":-1,"origQty":"0.00930000","price":"2639.38000000","side":"BUY","status":"FILLED","symbol":"ETHBUSD","timeInForce":"GTC","transactTime":1645338459346,"type":"LIMIT"},"level":"info","message":"BUY success","service":"api-c4eeb68-binance-ETHBUSD","timestamp":"2022-02-20T06:27:39.356Z"}
{"level":"info","message":"Checking order status","origClientOrderId":"3vKtWrB88oAU5JgL7nWjoI","service":"api-c4eeb68-binance-ETHBUSD","symbol":"ETHBUSD","timestamp":"2022-02-20T06:30:39.460Z"}
{"data":{"clientOrderId":"3vKtWrB88oAU5JgL7nWjoI","cummulativeQuoteQty":"24.54623400","executedQty":"0.00930000","icebergQty":"0.00000000","isWorking":true,"orderId":4170706369,"orderListId":-1,"origQty":"0.00930000","origQuoteOrderQty":"0.00000000","price":"2639.38000000","side":"BUY","status":"FILLED","stopPrice":"0.00000000","symbol":"ETHBUSD","time":1645338459346,"timeInForce":"GTC","type":"LIMIT","updateTime":1645338459346},"level":"info","message":"Order status","service":"api-c4eeb68-binance-ETHBUSD","timestamp":"2022-02-20T06:30:39.493Z"}
{"assetPair":"ETHBUSD","data":{"price":"2636.43000000","symbol":"ETHBUSD"},"level":"info","message":"Latest price","service":"api-c4eeb68-binance-ETHBUSD","timestamp":"2022-02-20T06:30:39.529Z"}
{"assetPair":"ETHBUSD","data":{"price":"2635.09000000","symbol":"ETHBUSD"},"level":"info","message":"Latest price","service":"api-c4eeb68-binance-ETHBUSD","timestamp":"2022-02-20T06:33:39.649Z"}
{"assetPair":"ETHBUSD","data":{"price":"2635.72000000","symbol":"ETHBUSD"},"level":"info","message":"Latest price","service":"api-c4eeb68-binance-ETHBUSD","timestamp":"2022-02-20T06:36:39.744Z"}
{"assetPair":"ETHBUSD","data":{"price":"2632.22000000","symbol":"ETHBUSD"},"level":"info","message":"Latest price","service":"api-c4eeb68-binance-ETHBUSD","timestamp":"2022-02-20T06:39:39.877Z"}
{"assetPair":"ETHBUSD","data":{"price":"2633.28000000","symbol":"ETHBUSD"},"level":"info","message":"Latest price","service":"api-c4eeb68-binance-ETHBUSD","timestamp":"2022-02-20T06:42:40.014Z"}
{"assetPair":"ETHBUSD","data":{"price":"2636.17000000","symbol":"ETHBUSD"},"level":"info","message":"Latest price","service":"api-c4eeb68-binance-ETHBUSD","timestamp":"2022-02-20T06:45:40.123Z"}
{"assetPair":"ETHBUSD","data":{"price":"2635.36000000","symbol":"ETHBUSD"},"level":"info","message":"Latest price","service":"api-c4eeb68-binance-ETHBUSD","timestamp":"2022-02-20T06:48:40.248Z"}
{"assetPair":"ETHBUSD","data":{"price":"2635.83000000","symbol":"ETHBUSD"},"level":"info","message":"Latest price","service":"api-c4eeb68-binance-ETHBUSD","timestamp":"2022-02-20T06:51:40.335Z"}
{"assetPair":"ETHBUSD","data":{"price":"2637.28000000","symbol":"ETHBUSD"},"level":"info","message":"Latest price","service":"api-c4eeb68-binance-ETHBUSD","timestamp":"2022-02-20T06:54:40.417Z"}
{"assetPair":"ETHBUSD","data":{"price":"2639.56000000","symbol":"ETHBUSD"},"level":"info","message":"Latest price","service":"api-c4eeb68-binance-ETHBUSD","timestamp":"2022-02-20T06:57:40.546Z"}
{"assetPair":"ETHBUSD","data":{"price":"2635.75000000","symbol":"ETHBUSD"},"level":"info","message":"Latest price","service":"api-c4eeb68-binance-ETHBUSD","timestamp":"2022-02-20T07:00:40.632Z"}
{"assetPair":"ETHBUSD","data":{"price":"2638.19000000","symbol":"ETHBUSD"},"level":"info","message":"Latest price","service":"api-c4eeb68-binance-ETHBUSD","timestamp":"2022-02-20T07:03:40.760Z"}
{"assetPair":"ETHBUSD","data":{"price":"2645.72000000","symbol":"ETHBUSD"},"level":"info","message":"Latest price","service":"api-c4eeb68-binance-ETHBUSD","timestamp":"2022-02-20T07:06:40.894Z"}
{"assetPair":"ETHBUSD","data":{"price":"2637.61000000","symbol":"ETHBUSD"},"level":"info","message":"Latest price","service":"api-c4eeb68-binance-ETHBUSD","timestamp":"2022-02-20T07:09:41.048Z"}
{"assetPair":"ETHBUSD","data":{"price":"2641.29000000","symbol":"ETHBUSD"},"level":"info","message":"Latest price","service":"api-c4eeb68-binance-ETHBUSD","timestamp":"2022-02-20T07:12:41.185Z"}
{"assetPair":"ETHBUSD","data":{"price":"2642.47000000","symbol":"ETHBUSD"},"level":"info","message":"Latest price","service":"api-c4eeb68-binance-ETHBUSD","timestamp":"2022-02-20T07:15:41.299Z"}
{"assetPair":"ETHBUSD","data":{"price":"2639.02000000","symbol":"ETHBUSD"},"level":"info","message":"Latest price","service":"api-c4eeb68-binance-ETHBUSD","timestamp":"2022-02-20T07:18:41.434Z"}
{"assetPair":"ETHBUSD","data":{"price":"2640.52000000","symbol":"ETHBUSD"},"level":"info","message":"Latest price","service":"api-c4eeb68-binance-ETHBUSD","timestamp":"2022-02-20T07:21:41.566Z"}
{"assetPair":"ETHBUSD","data":{"price":"2644.70000000","symbol":"ETHBUSD"},"level":"info","message":"Latest price","service":"api-c4eeb68-binance-ETHBUSD","timestamp":"2022-02-20T07:24:41.705Z"}
{"assetPair":"ETHBUSD","data":{"price":"2649.29000000","symbol":"ETHBUSD"},"level":"info","message":"Latest price","service":"api-c4eeb68-binance-ETHBUSD","timestamp":"2022-02-20T07:27:41.846Z"}
{"assetPair":"ETHBUSD","data":{"price":"2650.34000000","symbol":"ETHBUSD"},"level":"info","message":"Latest price","service":"api-c4eeb68-binance-ETHBUSD","timestamp":"2022-02-20T07:30:41.947Z"}
{"assetPair":"ETHBUSD","data":{"price":"2651.23000000","symbol":"ETHBUSD"},"level":"info","message":"Latest price","service":"api-c4eeb68-binance-ETHBUSD","timestamp":"2022-02-20T07:33:42.087Z"}
{"assetPair":"ETHBUSD","data":{"price":"2650.01000000","symbol":"ETHBUSD"},"level":"info","message":"Latest price","service":"api-c4eeb68-binance-ETHBUSD","timestamp":"2022-02-20T07:36:42.173Z"}
{"assetPair":"ETHBUSD","data":{"price":"2651.45000000","symbol":"ETHBUSD"},"level":"info","message":"Latest price","service":"api-c4eeb68-binance-ETHBUSD","timestamp":"2022-02-20T07:39:42.317Z"}
{"assetPair":"ETHBUSD","data":{"price":"2648.94000000","symbol":"ETHBUSD"},"level":"info","message":"Latest price","service":"api-c4eeb68-binance-ETHBUSD","timestamp":"2022-02-20T07:42:42.433Z"}
{"assetPair":"ETHBUSD","data":{"price":"2641.94000000","symbol":"ETHBUSD"},"level":"info","message":"Latest price","service":"api-c4eeb68-binance-ETHBUSD","timestamp":"2022-02-20T07:45:42.629Z"}
{"assetPair":"ETHBUSD","data":{"price":"2645.59000000","symbol":"ETHBUSD"},"level":"info","message":"Latest price","service":"api-c4eeb68-binance-ETHBUSD","timestamp":"2022-02-20T07:48:42.774Z"}
{"assetPair":"ETHBUSD","data":{"price":"2656.06000000","symbol":"ETHBUSD"},"level":"info","message":"Latest price","service":"api-c4eeb68-binance-ETHBUSD","timestamp":"2022-02-20T07:51:42.971Z"}
{"assetPair":"ETHBUSD","data":{"price":"2654.11000000","symbol":"ETHBUSD"},"level":"info","message":"Latest price","service":"api-c4eeb68-binance-ETHBUSD","timestamp":"2022-02-20T07:54:43.101Z"}
{"assetPair":"ETHBUSD","data":{"price":"2653.93000000","symbol":"ETHBUSD"},"level":"info","message":"Latest price","service":"api-c4eeb68-binance-ETHBUSD","timestamp":"2022-02-20T07:57:43.281Z"}
{"assetPair":"ETHBUSD","data":{"price":"2651.72000000","symbol":"ETHBUSD"},"level":"info","message":"Latest price","service":"api-c4eeb68-binance-ETHBUSD","timestamp":"2022-02-20T08:00:43.416Z"}
{"assetPair":"ETHBUSD","data":{"price":"2646.28000000","symbol":"ETHBUSD"},"level":"info","message":"Latest price","service":"api-c4eeb68-binance-ETHBUSD","timestamp":"2022-02-20T08:03:43.551Z"}
{"assetPair":"ETHBUSD","data":{"price":"2649.07000000","symbol":"ETHBUSD"},"level":"info","message":"Latest price","service":"api-c4eeb68-binance-ETHBUSD","timestamp":"2022-02-20T08:06:43.606Z"}
{"assetPair":"ETHBUSD","data":{"price":"2648.23000000","symbol":"ETHBUSD"},"level":"info","message":"Latest price","service":"api-c4eeb68-binance-ETHBUSD","timestamp":"2022-02-20T08:09:43.712Z"}
{"assetPair":"ETHBUSD","data":{"price":"2647.38000000","symbol":"ETHBUSD"},"level":"info","message":"Latest price","service":"api-c4eeb68-binance-ETHBUSD","timestamp":"2022-02-20T08:12:43.843Z"}
{"assetPair":"ETHBUSD","data":{"price":"2642.98000000","symbol":"ETHBUSD"},"level":"info","message":"Latest price","service":"api-c4eeb68-binance-ETHBUSD","timestamp":"2022-02-20T08:15:44.005Z"}
{"assetPair":"ETHBUSD","data":{"price":"2641.38000000","symbol":"ETHBUSD"},"level":"info","message":"Latest price","service":"api-c4eeb68-binance-ETHBUSD","timestamp":"2022-02-20T08:18:44.119Z"}
{"assetPair":"ETHBUSD","data":{"price":"2639.28000000","symbol":"ETHBUSD"},"level":"info","message":"Latest price","service":"api-c4eeb68-binance-ETHBUSD","timestamp":"2022-02-20T08:21:44.219Z"}
{"assetPair":"ETHBUSD","data":{"price":"2633.40000000","symbol":"ETHBUSD"},"level":"info","message":"Latest price","service":"api-c4eeb68-binance-ETHBUSD","timestamp":"2022-02-20T08:24:44.360Z"}
{"assetPair":"ETHBUSD","data":{"price":"2626.84000000","symbol":"ETHBUSD"},"level":"info","message":"Latest price","service":"api-c4eeb68-binance-ETHBUSD","timestamp":"2022-02-20T08:27:44.449Z"}
{"assetPair":"ETHBUSD","data":{"price":"2630.04000000","symbol":"ETHBUSD"},"level":"info","message":"Latest price","service":"api-c4eeb68-binance-ETHBUSD","timestamp":"2022-02-20T08:30:44.582Z"}
{"assetPair":"ETHBUSD","data":{"price":"2634.43000000","symbol":"ETHBUSD"},"level":"info","message":"Latest price","service":"api-c4eeb68-binance-ETHBUSD","timestamp":"2022-02-20T08:33:44.627Z"}
{"assetPair":"ETHBUSD","data":{"price":"2627.37000000","symbol":"ETHBUSD"},"level":"info","message":"Latest price","service":"api-c4eeb68-binance-ETHBUSD","timestamp":"2022-02-20T08:36:44.753Z"}
{"assetPair":"ETHBUSD","data":{"price":"2620.48000000","symbol":"ETHBUSD"},"level":"info","message":"Latest price","service":"api-c4eeb68-binance-ETHBUSD","timestamp":"2022-02-20T08:39:44.981Z"}
{"assetPair":"ETHBUSD","data":{"price":"2619.18000000","symbol":"ETHBUSD"},"level":"info","message":"Latest price","service":"api-c4eeb68-binance-ETHBUSD","timestamp":"2022-02-20T08:42:45.117Z"}
{"assetPair":"ETHBUSD","data":{"price":"2611.86000000","symbol":"ETHBUSD"},"level":"info","message":"Latest price","service":"api-c4eeb68-binance-ETHBUSD","timestamp":"2022-02-20T08:45:45.178Z"}
{"assetPair":"ETHBUSD","data":{"price":"2609.45000000","symbol":"ETHBUSD"},"level":"info","message":"Latest price","service":"api-c4eeb68-binance-ETHBUSD","timestamp":"2022-02-20T08:48:45.260Z"}
{"assetPair":"ETHBUSD","data":{"price":"2611.66000000","symbol":"ETHBUSD"},"level":"info","message":"Latest price","service":"api-c4eeb68-binance-ETHBUSD","timestamp":"2022-02-20T08:51:45.334Z"}
{"assetPair":"ETHBUSD","data":{"price":"2616.35000000","symbol":"ETHBUSD"},"level":"info","message":"Latest price","service":"api-c4eeb68-binance-ETHBUSD","timestamp":"2022-02-20T08:54:45.517Z"}
{"assetPair":"ETHBUSD","data":{"price":"2611.03000000","symbol":"ETHBUSD"},"level":"info","message":"Latest price","service":"api-c4eeb68-binance-ETHBUSD","timestamp":"2022-02-20T08:57:45.551Z"}
{"assetPair":"ETHBUSD","data":{"price":"2613.07000000","symbol":"ETHBUSD"},"level":"info","message":"Latest price","service":"api-c4eeb68-binance-ETHBUSD","timestamp":"2022-02-20T09:00:45.632Z"}
{"assetPair":"ETHBUSD","data":{"price":"2614.76000000","symbol":"ETHBUSD"},"level":"info","message":"Latest price","service":"api-c4eeb68-binance-ETHBUSD","timestamp":"2022-02-20T09:03:45.773Z"}
{"assetPair":"ETHBUSD","data":{"price":"2622.64000000","symbol":"ETHBUSD"},"level":"info","message":"Latest price","service":"api-c4eeb68-binance-ETHBUSD","timestamp":"2022-02-20T09:06:45.911Z"}
{"assetPair":"ETHBUSD","data":{"price":"2625.19000000","symbol":"ETHBUSD"},"level":"info","message":"Latest price","service":"api-c4eeb68-binance-ETHBUSD","timestamp":"2022-02-20T09:09:46.046Z"}
{"assetPair":"ETHBUSD","data":{"price":"2628.13000000","symbol":"ETHBUSD"},"level":"info","message":"Latest price","service":"api-c4eeb68-binance-ETHBUSD","timestamp":"2022-02-20T09:12:46.096Z"}
{"assetPair":"ETHBUSD","data":{"price":"2626.26000000","symbol":"ETHBUSD"},"level":"info","message":"Latest price","service":"api-c4eeb68-binance-ETHBUSD","timestamp":"2022-02-20T09:15:46.187Z"}
{"assetPair":"ETHBUSD","data":{"price":"2630.55000000","symbol":"ETHBUSD"},"level":"info","message":"Latest price","service":"api-c4eeb68-binance-ETHBUSD","timestamp":"2022-02-20T09:18:46.322Z"}
{"assetPair":"ETHBUSD","data":{"price":"2627.30000000","symbol":"ETHBUSD"},"level":"info","message":"Latest price","service":"api-c4eeb68-binance-ETHBUSD","timestamp":"2022-02-20T09:21:46.427Z"}
{"assetPair":"ETHBUSD","data":{"price":"2619.57000000","symbol":"ETHBUSD"},"level":"info","message":"Latest price","service":"api-c4eeb68-binance-ETHBUSD","timestamp":"2022-02-20T09:24:46.558Z"}
{"assetPair":"ETHBUSD","data":{"price":"2615.65000000","symbol":"ETHBUSD"},"level":"info","message":"Latest price","service":"api-c4eeb68-binance-ETHBUSD","timestamp":"2022-02-20T09:27:46.619Z"}
{"assetPair":"ETHBUSD","data":{"price":"2615.92000000","symbol":"ETHBUSD"},"level":"info","message":"Latest price","service":"api-c4eeb68-binance-ETHBUSD","timestamp":"2022-02-20T09:30:46.753Z"}
{"assetPair":"ETHBUSD","data":{"price":"2622.08000000","symbol":"ETHBUSD"},"level":"info","message":"Latest price","service":"api-c4eeb68-binance-ETHBUSD","timestamp":"2022-02-20T09:33:46.913Z"}
{"assetPair":"ETHBUSD","data":{"price":"2624.75000000","symbol":"ETHBUSD"},"level":"info","message":"Latest price","service":"api-c4eeb68-binance-ETHBUSD","timestamp":"2022-02-20T09:36:47.047Z"}
{"assetPair":"ETHBUSD","data":{"price":"2630.28000000","symbol":"ETHBUSD"},"level":"info","message":"Latest price","service":"api-c4eeb68-binance-ETHBUSD","timestamp":"2022-02-20T09:39:47.147Z"}
{"assetPair":"ETHBUSD","data":{"price":"2631.50000000","symbol":"ETHBUSD"},"level":"info","message":"Latest price","service":"api-c4eeb68-binance-ETHBUSD","timestamp":"2022-02-20T09:42:47.185Z"}
{"assetPair":"ETHBUSD","data":{"price":"2630.44000000","symbol":"ETHBUSD"},"level":"info","message":"Latest price","service":"api-c4eeb68-binance-ETHBUSD","timestamp":"2022-02-20T09:45:47.320Z"}
{"assetPair":"ETHBUSD","data":{"price":"2628.91000000","symbol":"ETHBUSD"},"level":"info","message":"Latest price","service":"api-c4eeb68-binance-ETHBUSD","timestamp":"2022-02-20T09:48:47.465Z"}
{"assetPair":"ETHBUSD","data":{"price":"2629.42000000","symbol":"ETHBUSD"},"level":"info","message":"Latest price","service":"api-c4eeb68-binance-ETHBUSD","timestamp":"2022-02-20T09:51:47.550Z"}
{"assetPair":"ETHBUSD","data":{"price":"2628.47000000","symbol":"ETHBUSD"},"level":"info","message":"Latest price","service":"api-c4eeb68-binance-ETHBUSD","timestamp":"2022-02-20T09:54:47.681Z"}
{"assetPair":"ETHBUSD","data":{"price":"2625.41000000","symbol":"ETHBUSD"},"level":"info","message":"Latest price","service":"api-c4eeb68-binance-ETHBUSD","timestamp":"2022-02-20T09:57:47.801Z"}
{"assetPair":"ETHBUSD","data":{"price":"2629.40000000","symbol":"ETHBUSD"},"level":"info","message":"Latest price","service":"api-c4eeb68-binance-ETHBUSD","timestamp":"2022-02-20T10:00:47.945Z"}
{"assetPair":"ETHBUSD","data":{"price":"2628.83000000","symbol":"ETHBUSD"},"level":"info","message":"Latest price","service":"api-c4eeb68-binance-ETHBUSD","timestamp":"2022-02-20T10:03:48.106Z"}
{"assetPair":"ETHBUSD","data":{"price":"2629.27000000","symbol":"ETHBUSD"},"level":"info","message":"Latest price","service":"api-c4eeb68-binance-ETHBUSD","timestamp":"2022-02-20T10:06:48.183Z"}
{"assetPair":"ETHBUSD","data":{"price":"2632.42000000","symbol":"ETHBUSD"},"level":"info","message":"Latest price","service":"api-c4eeb68-binance-ETHBUSD","timestamp":"2022-02-20T10:09:48.319Z"}
{"assetPair":"ETHBUSD","data":{"price":"2631.74000000","symbol":"ETHBUSD"},"level":"info","message":"Latest price","service":"api-c4eeb68-binance-ETHBUSD","timestamp":"2022-02-20T10:12:48.532Z"}
{"assetPair":"ETHBUSD","data":{"price":"2629.82000000","symbol":"ETHBUSD"},"level":"info","message":"Latest price","service":"api-c4eeb68-binance-ETHBUSD","timestamp":"2022-02-20T10:15:48.679Z"}
{"assetPair":"ETHBUSD","data":{"price":"2635.84000000","symbol":"ETHBUSD"},"level":"info","message":"Latest price","service":"api-c4eeb68-binance-ETHBUSD","timestamp":"2022-02-20T10:18:48.771Z"}
{"assetPair":"ETHBUSD","data":{"price":"2638.28000000","symbol":"ETHBUSD"},"level":"info","message":"Latest price","service":"api-c4eeb68-binance-ETHBUSD","timestamp":"2022-02-20T10:21:48.857Z"}
{"assetPair":"ETHBUSD","data":{"price":"2642.87000000","symbol":"ETHBUSD"},"level":"info","message":"Latest price","service":"api-c4eeb68-binance-ETHBUSD","timestamp":"2022-02-20T10:24:48.992Z"}
{"assetPair":"ETHBUSD","data":{"price":"2642.34000000","symbol":"ETHBUSD"},"level":"info","message":"Latest price","service":"api-c4eeb68-binance-ETHBUSD","timestamp":"2022-02-20T10:27:49.120Z"}
{"assetPair":"ETHBUSD","data":{"price":"2640.43000000","symbol":"ETHBUSD"},"level":"info","message":"Latest price","service":"api-c4eeb68-binance-ETHBUSD","timestamp":"2022-02-20T10:30:49.251Z"}
{"assetPair":"ETHBUSD","data":{"price":"2643.10000000","symbol":"ETHBUSD"},"level":"info","message":"Latest price","service":"api-c4eeb68-binance-ETHBUSD","timestamp":"2022-02-20T10:33:49.404Z"}
{"assetPair":"ETHBUSD","data":{"price":"2640.47000000","symbol":"ETHBUSD"},"level":"info","message":"Latest price","service":"api-c4eeb68-binance-ETHBUSD","timestamp":"2022-02-20T10:36:49.533Z"}
{"assetPair":"ETHBUSD","data":{"price":"2635.98000000","symbol":"ETHBUSD"},"level":"info","message":"Latest price","service":"api-c4eeb68-binance-ETHBUSD","timestamp":"2022-02-20T10:39:49.621Z"}
{"assetPair":"ETHBUSD","data":{"price":"2633.83000000","symbol":"ETHBUSD"},"level":"info","message":"Latest price","service":"api-c4eeb68-binance-ETHBUSD","timestamp":"2022-02-20T10:42:49.755Z"}
{"assetPair":"ETHBUSD","data":{"price":"2630.50000000","symbol":"ETHBUSD"},"level":"info","message":"Latest price","service":"api-c4eeb68-binance-ETHBUSD","timestamp":"2022-02-20T10:45:49.890Z"}
{"assetPair":"ETHBUSD","data":{"price":"2623.76000000","symbol":"ETHBUSD"},"level":"info","message":"Latest price","service":"api-c4eeb68-binance-ETHBUSD","timestamp":"2022-02-20T10:48:49.982Z"}
{"assetPair":"ETHBUSD","data":{"price":"2618.59000000","symbol":"ETHBUSD"},"level":"info","message":"Latest price","service":"api-c4eeb68-binance-ETHBUSD","timestamp":"2022-02-20T10:51:50.058Z"}
{"assetPair":"ETHBUSD","data":{"price":"2616.61000000","symbol":"ETHBUSD"},"level":"info","message":"Latest price","service":"api-c4eeb68-binance-ETHBUSD","timestamp":"2022-02-20T10:54:50.236Z"}
{"assetPair":"ETHBUSD","data":{"price":"2618.39000000","symbol":"ETHBUSD"},"level":"info","message":"Latest price","service":"api-c4eeb68-binance-ETHBUSD","timestamp":"2022-02-20T10:57:50.388Z"}
{"assetPair":"ETHBUSD","data":{"price":"2616.95000000","symbol":"ETHBUSD"},"level":"info","message":"Latest price","service":"api-c4eeb68-binance-ETHBUSD","timestamp":"2022-02-20T11:00:50.551Z"}
{"assetPair":"ETHBUSD","data":{"price":"2612.72000000","symbol":"ETHBUSD"},"level":"info","message":"Latest price","service":"api-c4eeb68-binance-ETHBUSD","timestamp":"2022-02-20T11:03:50.622Z"}
{"assetPair":"ETHBUSD","data":{"price":"2616.27000000","symbol":"ETHBUSD"},"level":"info","message":"Latest price","service":"api-c4eeb68-binance-ETHBUSD","timestamp":"2022-02-20T11:06:50.781Z"}
{"assetPair":"ETHBUSD","data":{"price":"2620.43000000","symbol":"ETHBUSD"},"level":"info","message":"Latest price","service":"api-c4eeb68-binance-ETHBUSD","timestamp":"2022-02-20T11:09:50.909Z"}
{"assetPair":"ETHBUSD","data":{"price":"2619.09000000","symbol":"ETHBUSD"},"level":"info","message":"Latest price","service":"api-c4eeb68-binance-ETHBUSD","timestamp":"2022-02-20T11:12:51.034Z"}
{"assetPair":"ETHBUSD","data":{"price":"2623.50000000","symbol":"ETHBUSD"},"level":"info","message":"Latest price","service":"api-c4eeb68-binance-ETHBUSD","timestamp":"2022-02-20T11:15:51.122Z"}
{"assetPair":"ETHBUSD","data":{"price":"2620.69000000","symbol":"ETHBUSD"},"level":"info","message":"Latest price","service":"api-c4eeb68-binance-ETHBUSD","timestamp":"2022-02-20T11:18:51.250Z"}
{"assetPair":"ETHBUSD","data":{"price":"2624.31000000","symbol":"ETHBUSD"},"level":"info","message":"Latest price","service":"api-c4eeb68-binance-ETHBUSD","timestamp":"2022-02-20T11:21:51.389Z"}
{"assetPair":"ETHBUSD","data":{"price":"2624.97000000","symbol":"ETHBUSD"},"level":"info","message":"Latest price","service":"api-c4eeb68-binance-ETHBUSD","timestamp":"2022-02-20T11:24:51.524Z"}
{"assetPair":"ETHBUSD","data":{"price":"2623.95000000","symbol":"ETHBUSD"},"level":"info","message":"Latest price","service":"api-c4eeb68-binance-ETHBUSD","timestamp":"2022-02-20T11:27:51.712Z"}
{"assetPair":"ETHBUSD","data":{"price":"2621.22000000","symbol":"ETHBUSD"},"level":"info","message":"Latest price","service":"api-c4eeb68-binance-ETHBUSD","timestamp":"2022-02-20T11:30:51.852Z"}
{"assetPair":"ETHBUSD","data":{"price":"2622.32000000","symbol":"ETHBUSD"},"level":"info","message":"Latest price","service":"api-c4eeb68-binance-ETHBUSD","timestamp":"2022-02-20T11:33:51.984Z"}
{"assetPair":"ETHBUSD","data":{"price":"2628.23000000","symbol":"ETHBUSD"},"level":"info","message":"Latest price","service":"api-c4eeb68-binance-ETHBUSD","timestamp":"2022-02-20T11:36:52.098Z"}
{"assetPair":"ETHBUSD","data":{"price":"2623.54000000","symbol":"ETHBUSD"},"level":"info","message":"Latest price","service":"api-c4eeb68-binance-ETHBUSD","timestamp":"2022-02-20T11:39:52.225Z"}
{"assetPair":"ETHBUSD","data":{"price":"2626.69000000","symbol":"ETHBUSD"},"level":"info","message":"Latest price","service":"api-c4eeb68-binance-ETHBUSD","timestamp":"2022-02-20T11:42:52.400Z"}
{"assetPair":"ETHBUSD","data":{"price":"2627.71000000","symbol":"ETHBUSD"},"level":"info","message":"Latest price","service":"api-c4eeb68-binance-ETHBUSD","timestamp":"2022-02-20T11:45:52.535Z"}
{"assetPair":"ETHBUSD","data":{"price":"2637.95000000","symbol":"ETHBUSD"},"level":"info","message":"Latest price","service":"api-c4eeb68-binance-ETHBUSD","timestamp":"2022-02-20T11:48:52.659Z"}
{"assetPair":"ETHBUSD","data":{"price":"2641.81000000","symbol":"ETHBUSD"},"level":"info","message":"Latest price","service":"api-c4eeb68-binance-ETHBUSD","timestamp":"2022-02-20T11:51:52.748Z"}
{"assetPair":"ETHBUSD","data":{"price":"2639.29000000","symbol":"ETHBUSD"},"level":"info","message":"Latest price","service":"api-c4eeb68-binance-ETHBUSD","timestamp":"2022-02-20T11:54:52.882Z"}
{"assetPair":"ETHBUSD","data":{"price":"2647.47000000","symbol":"ETHBUSD"},"level":"info","message":"Latest price","service":"api-c4eeb68-binance-ETHBUSD","timestamp":"2022-02-20T11:57:52.928Z"}
{"assetPair":"ETHBUSD","data":{"price":"2647.00000000","symbol":"ETHBUSD"},"level":"info","message":"Latest price","service":"api-c4eeb68-binance-ETHBUSD","timestamp":"2022-02-20T12:00:53.049Z"}
{"assetPair":"ETHBUSD","data":{"price":"2642.51000000","symbol":"ETHBUSD"},"level":"info","message":"Latest price","service":"api-c4eeb68-binance-ETHBUSD","timestamp":"2022-02-20T12:03:53.114Z"}
{"assetPair":"ETHBUSD","data":{"price":"2642.46000000","symbol":"ETHBUSD"},"level":"info","message":"Latest price","service":"api-c4eeb68-binance-ETHBUSD","timestamp":"2022-02-20T12:06:53.293Z"}
{"assetPair":"ETHBUSD","data":{"price":"2655.62000000","symbol":"ETHBUSD"},"level":"info","message":"Latest price","service":"api-6ab7524-binance-ETHBUSD","timestamp":"2022-02-20T12:18:43.930Z"}
{"assetPair":"ETHBUSD","data":{"price":"2658.09000000","symbol":"ETHBUSD"},"level":"info","message":"Latest price","service":"api-6ab7524-binance-ETHBUSD","timestamp":"2022-02-20T12:21:43.968Z"}
{"assetPair":"ETHBUSD","data":{"price":"2656.20000000","symbol":"ETHBUSD"},"level":"info","message":"Latest price","service":"api-6ab7524-binance-ETHBUSD","timestamp":"2022-02-20T12:24:44.000Z"}
{"assetPair":"ETHBUSD","data":{"price":"2642.12000000","symbol":"ETHBUSD"},"level":"info","message":"Latest price","service":"api-6ab7524-binance-ETHBUSD","timestamp":"2022-02-20T12:27:44.035Z"}
{"assetPair":"ETHBUSD","data":{"price":"2643.17000000","symbol":"ETHBUSD"},"level":"info","message":"Latest price","service":"api-6ab7524-binance-ETHBUSD","timestamp":"2022-02-20T12:30:44.071Z"}
{"assetPair":"ETHBUSD","data":{"price":"2640.91000000","symbol":"ETHBUSD"},"level":"info","message":"Latest price","service":"api-6ab7524-binance-ETHBUSD","timestamp":"2022-02-20T12:33:44.104Z"}
{"assetPair":"ETHBUSD","data":{"price":"2636.60000000","symbol":"ETHBUSD"},"level":"info","message":"Latest price","service":"api-6ab7524-binance-ETHBUSD","timestamp":"2022-02-20T12:36:44.136Z"}
{"assetPair":"ETHBUSD","data":{"price":"2638.46000000","symbol":"ETHBUSD"},"level":"info","message":"Latest price","service":"api-6ab7524-binance-ETHBUSD","timestamp":"2022-02-20T12:39:44.174Z"}
{"assetPair":"ETHBUSD","data":{"price":"2642.45000000","symbol":"ETHBUSD"},"level":"info","message":"Latest price","service":"api-6ab7524-binance-ETHBUSD","timestamp":"2022-02-20T12:42:44.200Z"}
{"assetPair":"ETHBUSD","data":{"price":"2639.72000000","symbol":"ETHBUSD"},"level":"info","message":"Latest price","service":"api-6ab7524-binance-ETHBUSD","timestamp":"2022-02-20T12:45:44.265Z"}
{"assetPair":"ETHBUSD","data":{"price":"2634.17000000","symbol":"ETHBUSD"},"level":"info","message":"Latest price","service":"api-6ab7524-binance-ETHBUSD","timestamp":"2022-02-20T12:48:44.295Z"}
{"assetPair":"ETHBUSD","data":{"price":"2629.22000000","symbol":"ETHBUSD"},"level":"info","message":"Latest price","service":"api-6ab7524-binance-ETHBUSD","timestamp":"2022-02-20T12:51:44.334Z"}
{"assetPair":"ETHBUSD","data":{"price":"2626.37000000","symbol":"ETHBUSD"},"level":"info","message":"Latest price","service":"api-6ab7524-binance-ETHBUSD","timestamp":"2022-02-20T12:54:44.378Z"}
{"assetPair":"ETHBUSD","data":{"price":"2627.64000000","symbol":"ETHBUSD"},"level":"info","message":"Latest price","service":"api-6ab7524-binance-ETHBUSD","timestamp":"2022-02-20T12:57:44.417Z"}
