{"assetPair":"ETHBUSD","data":{"price":"2948.65000000","symbol":"ETHBUSD"},"level":"info","message":"Latest price","service":"api-d27bc23-binance-ETHBUSD","timestamp":"2022-03-01T13:02:44.584Z"}
{"assetPair":"ETHBUSD","data":{"price":"2964.78000000","symbol":"ETHBUSD"},"level":"info","message":"Latest price","service":"api-d27bc23-binance-ETHBUSD","timestamp":"2022-03-01T13:05:44.641Z"}
{"assetPair":"ETHBUSD","data":{"price":"2977.96000000","symbol":"ETHBUSD"},"level":"info","message":"Latest price","service":"api-d27bc23-binance-ETHBUSD","timestamp":"2022-03-01T13:08:44.676Z"}
{"assetPair":"ETHBUSD","data":{"price":"2980.06000000","symbol":"ETHBUSD"},"level":"info","message":"Latest price","service":"api-d27bc23-binance-ETHBUSD","timestamp":"2022-03-01T13:11:44.757Z"}
{"assetPair":"ETHBUSD","data":{"price":"2974.79000000","symbol":"ETHBUSD"},"level":"info","message":"Latest price","service":"api-d27bc23-binance-ETHBUSD","timestamp":"2022-03-01T13:14:44.838Z"}
{"balance":{"asset":"ETH","free":"0.00844400","locked":"0.00000000"},"level":"info","message":"Binance balance","service":"api-d27bc23-binance-ETHBUSD","timestamp":"2022-03-01T13:14:44.872Z"}
{"correctedPrice":"2974.79","correctedQty":"0.0084","forAsset":"BUSD","level":"info","message":"Initiating SELL","price":"2974.79000000","quantity":"0.00844400","sellAsset":"ETH","service":"api-d27bc23-binance-ETHBUSD","timestamp":"2022-03-01T13:14:44.873Z"}
{"data":{"clientOrderId":"TmVQ7BlRVEu4jZQ9nUjOqz","cummulativeQuoteQty":"0.00000000","executedQty":"0.00000000","fills":[],"orderId":4252075815,"orderListId":-1,"origQty":"0.00840000","price":"2974.79000000","side":"SELL","status":"NEW","symbol":"ETHBUSD","timeInForce":"GTC","transactTime":1646140484900,"type":"LIMIT"},"level":"info","message":"SELL success","service":"api-d27bc23-binance-ETHBUSD","timestamp":"2022-03-01T13:14:44.905Z"}
{"level":"info","message":"Checking order status","origClientOrderId":"TmVQ7BlRVEu4jZQ9nUjOqz","service":"api-d27bc23-binance-ETHBUSD","symbol":"ETHBUSD","timestamp":"2022-03-01T13:17:44.911Z"}
{"data":{"clientOrderId":"TmVQ7BlRVEu4jZQ9nUjOqz","cummulativeQuoteQty":"24.98823600","executedQty":"0.00840000","icebergQty":"0.00000000","isWorking":true,"orderId":4252075815,"orderListId":-1,"origQty":"0.00840000","origQuoteOrderQty":"0.00000000","price":"2974.79000000","side":"SELL","status":"FILLED","stopPrice":"0.00000000","symbol":"ETHBUSD","time":1646140484900,"timeInForce":"GTC","type":"LIMIT","updateTime":1646140489806},"level":"info","message":"Order status","service":"api-d27bc23-binance-ETHBUSD","timestamp":"2022-03-01T13:17:44.968Z"}
{"assetPair":"ETHBUSD","data":{"price":"2976.20000000","symbol":"ETHBUSD"},"level":"info","message":"Latest price","service":"api-d27bc23-binance-ETHBUSD","timestamp":"2022-03-01T13:17:45.058Z"}
{"assetPair":"ETHBUSD","data":{"price":"2969.06000000","symbol":"ETHBUSD"},"level":"info","message":"Latest price","service":"api-d27bc23-binance-ETHBUSD","timestamp":"2022-03-01T13:20:45.108Z"}
{"assetPair":"ETHBUSD","data":{"price":"2961.56000000","symbol":"ETHBUSD"},"level":"info","message":"Latest price","service":"api-d27bc23-binance-ETHBUSD","timestamp":"2022-03-01T13:23:45.142Z"}
{"assetPair":"ETHBUSD","data":{"price":"2965.00000000","symbol":"ETHBUSD"},"level":"info","message":"Latest price","service":"api-d27bc23-binance-ETHBUSD","timestamp":"2022-03-01T13:26:45.171Z"}
{"assetPair":"ETHBUSD","data":{"price":"2969.36000000","symbol":"ETHBUSD"},"level":"info","message":"Latest price","service":"api-d27bc23-binance-ETHBUSD","timestamp":"2022-03-01T13:29:45.210Z"}
{"assetPair":"ETHBUSD","data":{"price":"2986.70000000","symbol":"ETHBUSD"},"level":"info","message":"Latest price","service":"api-d27bc23-binance-ETHBUSD","timestamp":"2022-03-01T13:32:45.245Z"}
{"assetPair":"ETHBUSD","data":{"price":"2999.46000000","symbol":"ETHBUSD"},"level":"info","message":"Latest price","service":"api-d27bc23-binance-ETHBUSD","timestamp":"2022-03-01T13:35:45.274Z"}
{"balance":{"asset":"BUSD","free":"49.01206638","locked":"0.00000000"},"level":"info","message":"Binance balance","service":"api-d27bc23-binance-ETHBUSD","timestamp":"2022-03-01T13:35:45.306Z"}
{"buyAsset":"ETH","correctedPrice":"2999.46","correctedQty":"0.0082","level":"info","message":"Initiating BUY","price":"2999.46","quantity":"0.00825148526734812266","service":"api-d27bc23-binance-ETHBUSD","timestamp":"2022-03-01T13:35:45.307Z","withAsset":"BUSD"}
{"data":{"clientOrderId":"cFSSaLMrJ0axp4vTvIhMCv","cummulativeQuoteQty":"24.59204600","executedQty":"0.00820000","fills":[{"commission":"0.00000820","commissionAsset":"ETH","price":"2999.03000000","qty":"0.00820000","tradeId":271989180}],"orderId":4252261594,"orderListId":-1,"origQty":"0.00820000","price":"2999.46000000","side":"BUY","status":"FILLED","symbol":"ETHBUSD","timeInForce":"GTC","transactTime":1646141745348,"type":"LIMIT"},"level":"info","message":"BUY success","service":"api-d27bc23-binance-ETHBUSD","timestamp":"2022-03-01T13:35:45.353Z"}
{"level":"info","message":"Checking order status","origClientOrderId":"cFSSaLMrJ0axp4vTvIhMCv","service":"api-d27bc23-binance-ETHBUSD","symbol":"ETHBUSD","timestamp":"2022-03-01T13:38:45.356Z"}
{"data":{"clientOrderId":"cFSSaLMrJ0axp4vTvIhMCv","cummulativeQuoteQty":"24.59204600","executedQty":"0.00820000","icebergQty":"0.00000000","isWorking":true,"orderId":4252261594,"orderListId":-1,"origQty":"0.00820000","origQuoteOrderQty":"0.00000000","price":"2999.46000000","side":"BUY","status":"FILLED","stopPrice":"0.00000000","symbol":"ETHBUSD","time":1646141745348,"timeInForce":"GTC","type":"LIMIT","updateTime":1646141745348},"level":"info","message":"Order status","service":"api-d27bc23-binance-ETHBUSD","timestamp":"2022-03-01T13:38:45.396Z"}
{"assetPair":"ETHBUSD","data":{"price":"2986.20000000","symbol":"ETHBUSD"},"level":"info","message":"Latest price","service":"api-d27bc23-binance-ETHBUSD","timestamp":"2022-03-01T13:38:45.459Z"}
{"assetPair":"ETHBUSD","data":{"price":"2989.27000000","symbol":"ETHBUSD"},"level":"info","message":"Latest price","service":"api-d27bc23-binance-ETHBUSD","timestamp":"2022-03-01T13:41:45.528Z"}
{"assetPair":"ETHBUSD","data":{"price":"2993.49000000","symbol":"ETHBUSD"},"level":"info","message":"Latest price","service":"api-d27bc23-binance-ETHBUSD","timestamp":"2022-03-01T13:44:45.560Z"}
{"assetPair":"ETHBUSD","data":{"price":"3005.85000000","symbol":"ETHBUSD"},"level":"info","message":"Latest price","service":"api-d27bc23-binance-ETHBUSD","timestamp":"2022-03-01T13:47:45.589Z"}
{"assetPair":"ETHBUSD","data":{"price":"3015.38000000","symbol":"ETHBUSD"},"level":"info","message":"Latest price","service":"api-d27bc23-binance-ETHBUSD","timestamp":"2022-03-01T13:50:45.627Z"}
{"assetPair":"ETHBUSD","data":{"price":"3022.97000000","symbol":"ETHBUSD"},"level":"info","message":"Latest price","service":"api-d27bc23-binance-ETHBUSD","timestamp":"2022-03-01T13:53:45.657Z"}
{"assetPair":"ETHBUSD","data":{"price":"3027.27000000","symbol":"ETHBUSD"},"level":"info","message":"Latest price","service":"api-d27bc23-binance-ETHBUSD","timestamp":"2022-03-01T13:56:45.713Z"}
{"assetPair":"ETHBUSD","data":{"price":"3021.05000000","symbol":"ETHBUSD"},"level":"info","message":"Latest price","service":"api-d27bc23-binance-ETHBUSD","timestamp":"2022-03-01T13:59:45.776Z"}
{"assetPair":"ETHBUSD","data":{"price":"3037.03000000","symbol":"ETHBUSD"},"level":"info","message":"Latest price","service":"api-d27bc23-binance-ETHBUSD","timestamp":"2022-03-01T14:02:45.816Z"}
{"assetPair":"ETHBUSD","data":{"price":"3038.14000000","symbol":"ETHBUSD"},"level":"info","message":"Latest price","service":"api-d27bc23-binance-ETHBUSD","timestamp":"2022-03-01T14:05:45.862Z"}
{"assetPair":"ETHBUSD","data":{"price":"3030.66000000","symbol":"ETHBUSD"},"level":"info","message":"Latest price","service":"api-d27bc23-binance-ETHBUSD","timestamp":"2022-03-01T14:08:45.898Z"}
{"assetPair":"ETHBUSD","data":{"price":"3025.39000000","symbol":"ETHBUSD"},"level":"info","message":"Latest price","service":"api-d27bc23-binance-ETHBUSD","timestamp":"2022-03-01T14:11:45.968Z"}
{"assetPair":"ETHBUSD","data":{"price":"3029.00000000","symbol":"ETHBUSD"},"level":"info","message":"Latest price","service":"api-d27bc23-binance-ETHBUSD","timestamp":"2022-03-01T14:14:46.007Z"}
{"assetPair":"ETHBUSD","data":{"price":"3029.01000000","symbol":"ETHBUSD"},"level":"info","message":"Latest price","service":"api-d27bc23-binance-ETHBUSD","timestamp":"2022-03-01T14:17:46.066Z"}
{"assetPair":"ETHBUSD","data":{"price":"3026.05000000","symbol":"ETHBUSD"},"level":"info","message":"Latest price","service":"api-d27bc23-binance-ETHBUSD","timestamp":"2022-03-01T14:20:46.098Z"}
{"assetPair":"ETHBUSD","data":{"price":"3013.90000000","symbol":"ETHBUSD"},"level":"info","message":"Latest price","service":"api-d27bc23-binance-ETHBUSD","timestamp":"2022-03-01T14:23:46.129Z"}
{"assetPair":"ETHBUSD","data":{"price":"3021.32000000","symbol":"ETHBUSD"},"level":"info","message":"Latest price","service":"api-d27bc23-binance-ETHBUSD","timestamp":"2022-03-01T14:26:46.162Z"}
{"assetPair":"ETHBUSD","data":{"price":"3018.39000000","symbol":"ETHBUSD"},"level":"info","message":"Latest price","service":"api-d27bc23-binance-ETHBUSD","timestamp":"2022-03-01T14:29:46.192Z"}
{"assetPair":"ETHBUSD","data":{"price":"2996.49000000","symbol":"ETHBUSD"},"level":"info","message":"Latest price","service":"api-d27bc23-binance-ETHBUSD","timestamp":"2022-03-01T14:32:46.232Z"}
{"assetPair":"ETHBUSD","data":{"price":"2985.73000000","symbol":"ETHBUSD"},"level":"info","message":"Latest price","service":"api-d27bc23-binance-ETHBUSD","timestamp":"2022-03-01T14:35:46.269Z"}
{"assetPair":"ETHBUSD","data":{"price":"3007.40000000","symbol":"ETHBUSD"},"level":"info","message":"Latest price","service":"api-d27bc23-binance-ETHBUSD","timestamp":"2022-03-01T14:38:46.302Z"}
{"assetPair":"ETHBUSD","data":{"price":"2994.41000000","symbol":"ETHBUSD"},"level":"info","message":"Latest price","service":"api-d27bc23-binance-ETHBUSD","timestamp":"2022-03-01T14:41:46.333Z"}
{"assetPair":"ETHBUSD","data":{"price":"2988.90000000","symbol":"ETHBUSD"},"level":"info","message":"Latest price","service":"api-d27bc23-binance-ETHBUSD","timestamp":"2022-03-01T14:44:46.365Z"}
{"assetPair":"ETHBUSD","data":{"price":"2991.10000000","symbol":"ETHBUSD"},"level":"info","message":"Latest price","service":"api-d27bc23-binance-ETHBUSD","timestamp":"2022-03-01T14:47:46.410Z"}
{"assetPair":"ETHBUSD","data":{"price":"2984.74000000","symbol":"ETHBUSD"},"level":"info","message":"Latest price","service":"api-d27bc23-binance-ETHBUSD","timestamp":"2022-03-01T14:50:46.443Z"}
{"assetPair":"ETHBUSD","data":{"price":"2976.29000000","symbol":"ETHBUSD"},"level":"info","message":"Latest price","service":"api-d27bc23-binance-ETHBUSD","timestamp":"2022-03-01T14:53:46.478Z"}
{"assetPair":"ETHBUSD","data":{"price":"2979.60000000","symbol":"ETHBUSD"},"level":"info","message":"Latest price","service":"api-d27bc23-binance-ETHBUSD","timestamp":"2022-03-01T14:56:46.514Z"}
{"assetPair":"ETHBUSD","data":{"price":"2973.99000000","symbol":"ETHBUSD"},"level":"info","message":"Latest price","service":"api-d27bc23-binance-ETHBUSD","timestamp":"2022-03-01T14:59:46.551Z"}
{"assetPair":"ETHBUSD","data":{"price":"2962.05000000","symbol":"ETHBUSD"},"level":"info","message":"Latest price","service":"api-d27bc23-binance-ETHBUSD","timestamp":"2022-03-01T15:02:46.615Z"}
{"assetPair":"ETHBUSD","data":{"price":"2974.74000000","symbol":"ETHBUSD"},"level":"info","message":"Latest price","service":"api-d27bc23-binance-ETHBUSD","timestamp":"2022-03-01T15:05:46.659Z"}
{"assetPair":"ETHBUSD","data":{"price":"2979.00000000","symbol":"ETHBUSD"},"level":"info","message":"Latest price","service":"api-d27bc23-binance-ETHBUSD","timestamp":"2022-03-01T15:08:46.698Z"}
{"assetPair":"ETHBUSD","data":{"price":"2968.12000000","symbol":"ETHBUSD"},"level":"info","message":"Latest price","service":"api-d27bc23-binance-ETHBUSD","timestamp":"2022-03-01T15:11:46.772Z"}
{"assetPair":"ETHBUSD","data":{"price":"2958.11000000","symbol":"ETHBUSD"},"level":"info","message":"Latest price","service":"api-d27bc23-binance-ETHBUSD","timestamp":"2022-03-01T15:14:46.803Z"}
{"assetPair":"ETHBUSD","data":{"price":"2978.76000000","symbol":"ETHBUSD"},"level":"info","message":"Latest price","service":"api-d27bc23-binance-ETHBUSD","timestamp":"2022-03-01T15:17:46.836Z"}
{"assetPair":"ETHBUSD","data":{"price":"2979.09000000","symbol":"ETHBUSD"},"level":"info","message":"Latest price","service":"api-d27bc23-binance-ETHBUSD","timestamp":"2022-03-01T15:20:46.906Z"}
{"assetPair":"ETHBUSD","data":{"price":"2974.56000000","symbol":"ETHBUSD"},"level":"info","message":"Latest price","service":"api-d27bc23-binance-ETHBUSD","timestamp":"2022-03-01T15:23:46.947Z"}
{"assetPair":"ETHBUSD","data":{"price":"2973.02000000","symbol":"ETHBUSD"},"level":"info","message":"Latest price","service":"api-d27bc23-binance-ETHBUSD","timestamp":"2022-03-01T15:26:47.025Z"}
{"assetPair":"ETHBUSD","data":{"price":"2969.12000000","symbol":"ETHBUSD"},"level":"info","message":"Latest price","service":"api-d27bc23-binance-ETHBUSD","timestamp":"2022-03-01T15:29:47.054Z"}
{"assetPair":"ETHBUSD","data":{"price":"2972.85000000","symbol":"ETHBUSD"},"level":"info","message":"Latest price","service":"api-d27bc23-binance-ETHBUSD","timestamp":"2022-03-01T15:32:47.127Z"}
{"assetPair":"ETHBUSD","data":{"price":"2963.77000000","symbol":"ETHBUSD"},"level":"info","message":"Latest price","service":"api-d27bc23-binance-ETHBUSD","timestamp":"2022-03-01T15:35:47.183Z"}
{"assetPair":"ETHBUSD","data":{"price":"2965.74000000","symbol":"ETHBUSD"},"level":"info","message":"Latest price","service":"api-d27bc23-binance-ETHBUSD","timestamp":"2022-03-01T15:38:47.240Z"}
{"assetPair":"ETHBUSD","data":{"price":"2950.94000000","symbol":"ETHBUSD"},"level":"info","message":"Latest price","service":"api-d27bc23-binance-ETHBUSD","timestamp":"2022-03-01T15:41:47.306Z"}
{"assetPair":"ETHBUSD","data":{"price":"2939.69000000","symbol":"ETHBUSD"},"level":"info","message":"Latest price","service":"api-d27bc23-binance-ETHBUSD","timestamp":"2022-03-01T15:44:47.348Z"}
{"assetPair":"ETHBUSD","data":{"price":"2936.55000000","symbol":"ETHBUSD"},"level":"info","message":"Latest price","service":"api-d27bc23-binance-ETHBUSD","timestamp":"2022-03-01T15:47:47.389Z"}
{"assetPair":"ETHBUSD","data":{"price":"2936.22000000","symbol":"ETHBUSD"},"level":"info","message":"Latest price","service":"api-d27bc23-binance-ETHBUSD","timestamp":"2022-03-01T15:50:47.422Z"}
{"assetPair":"ETHBUSD","data":{"price":"2945.04000000","symbol":"ETHBUSD"},"level":"info","message":"Latest price","service":"api-d27bc23-binance-ETHBUSD","timestamp":"2022-03-01T15:53:47.475Z"}
{"assetPair":"ETHBUSD","data":{"price":"2949.00000000","symbol":"ETHBUSD"},"level":"info","message":"Latest price","service":"api-d27bc23-binance-ETHBUSD","timestamp":"2022-03-01T15:56:47.508Z"}
{"assetPair":"ETHBUSD","data":{"price":"2950.28000000","symbol":"ETHBUSD"},"level":"info","message":"Latest price","service":"api-d27bc23-binance-ETHBUSD","timestamp":"2022-03-01T15:59:47.536Z"}
{"assetPair":"ETHBUSD","data":{"price":"2944.76000000","symbol":"ETHBUSD"},"level":"info","message":"Latest price","service":"api-d27bc23-binance-ETHBUSD","timestamp":"2022-03-01T16:02:47.564Z"}
{"assetPair":"ETHBUSD","data":{"price":"2942.66000000","symbol":"ETHBUSD"},"level":"info","message":"Latest price","service":"api-d27bc23-binance-ETHBUSD","timestamp":"2022-03-01T16:05:47.592Z"}
{"assetPair":"ETHBUSD","data":{"price":"2939.15000000","symbol":"ETHBUSD"},"level":"info","message":"Latest price","service":"api-d27bc23-binance-ETHBUSD","timestamp":"2022-03-01T16:08:47.630Z"}
{"assetPair":"ETHBUSD","data":{"price":"2941.31000000","symbol":"ETHBUSD"},"level":"info","message":"Latest price","service":"api-d27bc23-binance-ETHBUSD","timestamp":"2022-03-01T16:11:47.662Z"}
{"assetPair":"ETHBUSD","data":{"price":"2946.48000000","symbol":"ETHBUSD"},"level":"info","message":"Latest price","service":"api-d27bc23-binance-ETHBUSD","timestamp":"2022-03-01T16:14:47.715Z"}
{"assetPair":"ETHBUSD","data":{"price":"2952.50000000","symbol":"ETHBUSD"},"level":"info","message":"Latest price","service":"api-d27bc23-binance-ETHBUSD","timestamp":"2022-03-01T16:17:47.754Z"}
{"assetPair":"ETHBUSD","data":{"price":"2965.13000000","symbol":"ETHBUSD"},"level":"info","message":"Latest price","service":"api-d27bc23-binance-ETHBUSD","timestamp":"2022-03-01T16:20:47.798Z"}
{"assetPair":"ETHBUSD","data":{"price":"2962.13000000","symbol":"ETHBUSD"},"level":"info","message":"Latest price","service":"api-d27bc23-binance-ETHBUSD","timestamp":"2022-03-01T16:23:47.833Z"}
{"assetPair":"ETHBUSD","data":{"price":"2959.36000000","symbol":"ETHBUSD"},"level":"info","message":"Latest price","service":"api-d27bc23-binance-ETHBUSD","timestamp":"2022-03-01T16:26:47.897Z"}
{"assetPair":"ETHBUSD","data":{"price":"2945.02000000","symbol":"ETHBUSD"},"level":"info","message":"Latest price","service":"api-d27bc23-binance-ETHBUSD","timestamp":"2022-03-01T16:29:47.931Z"}
{"assetPair":"ETHBUSD","data":{"price":"2922.50000000","symbol":"ETHBUSD"},"level":"info","message":"Latest price","service":"api-d27bc23-binance-ETHBUSD","timestamp":"2022-03-01T16:32:47.964Z"}
{"assetPair":"ETHBUSD","data":{"price":"2918.07000000","symbol":"ETHBUSD"},"level":"info","message":"Latest price","service":"api-d27bc23-binance-ETHBUSD","timestamp":"2022-03-01T16:35:48.006Z"}
{"assetPair":"ETHBUSD","data":{"price":"2924.91000000","symbol":"ETHBUSD"},"level":"info","message":"Latest price","service":"api-d27bc23-binance-ETHBUSD","timestamp":"2022-03-01T16:38:48.075Z"}
{"assetPair":"ETHBUSD","data":{"price":"2924.93000000","symbol":"ETHBUSD"},"level":"info","message":"Latest price","service":"api-d27bc23-binance-ETHBUSD","timestamp":"2022-03-01T16:41:48.119Z"}
{"assetPair":"ETHBUSD","data":{"price":"2928.72000000","symbol":"ETHBUSD"},"level":"info","message":"Latest price","service":"api-d27bc23-binance-ETHBUSD","timestamp":"2022-03-01T16:44:48.192Z"}
{"assetPair":"ETHBUSD","data":{"price":"2915.79000000","symbol":"ETHBUSD"},"level":"info","message":"Latest price","service":"api-d27bc23-binance-ETHBUSD","timestamp":"2022-03-01T16:47:48.287Z"}
{"assetPair":"ETHBUSD","data":{"price":"2906.29000000","symbol":"ETHBUSD"},"level":"info","message":"Latest price","service":"api-d27bc23-binance-ETHBUSD","timestamp":"2022-03-01T16:50:48.331Z"}
{"assetPair":"ETHBUSD","data":{"price":"2907.50000000","symbol":"ETHBUSD"},"level":"info","message":"Latest price","service":"api-d27bc23-binance-ETHBUSD","timestamp":"2022-03-01T16:53:48.398Z"}
{"assetPair":"ETHBUSD","data":{"price":"2901.40000000","symbol":"ETHBUSD"},"level":"info","message":"Latest price","service":"api-d27bc23-binance-ETHBUSD","timestamp":"2022-03-01T16:56:48.456Z"}
{"assetPair":"ETHBUSD","data":{"price":"2907.42000000","symbol":"ETHBUSD"},"level":"info","message":"Latest price","service":"api-d27bc23-binance-ETHBUSD","timestamp":"2022-03-01T16:59:48.496Z"}
{"assetPair":"ETHBUSD","data":{"price":"2911.76000000","symbol":"ETHBUSD"},"level":"info","message":"Latest price","service":"api-d27bc23-binance-ETHBUSD","timestamp":"2022-03-01T17:02:48.556Z"}
{"assetPair":"ETHBUSD","data":{"price":"2912.90000000","symbol":"ETHBUSD"},"level":"info","message":"Latest price","service":"api-d27bc23-binance-ETHBUSD","timestamp":"2022-03-01T17:05:48.584Z"}
{"assetPair":"ETHBUSD","data":{"price":"2907.95000000","symbol":"ETHBUSD"},"level":"info","message":"Latest price","service":"api-d27bc23-binance-ETHBUSD","timestamp":"2022-03-01T17:08:48.615Z"}
{"assetPair":"ETHBUSD","data":{"price":"2915.51000000","symbol":"ETHBUSD"},"level":"info","message":"Latest price","service":"api-d27bc23-binance-ETHBUSD","timestamp":"2022-03-01T17:11:48.648Z"}
{"assetPair":"ETHBUSD","data":{"price":"2918.87000000","symbol":"ETHBUSD"},"level":"info","message":"Latest price","service":"api-d27bc23-binance-ETHBUSD","timestamp":"2022-03-01T17:14:48.674Z"}
{"assetPair":"ETHBUSD","data":{"price":"2929.43000000","symbol":"ETHBUSD"},"level":"info","message":"Latest price","service":"api-d27bc23-binance-ETHBUSD","timestamp":"2022-03-01T17:17:48.715Z"}
{"assetPair":"ETHBUSD","data":{"price":"2928.31000000","symbol":"ETHBUSD"},"level":"info","message":"Latest price","service":"api-d27bc23-binance-ETHBUSD","timestamp":"2022-03-01T17:20:48.749Z"}
{"assetPair":"ETHBUSD","data":{"price":"2928.24000000","symbol":"ETHBUSD"},"level":"info","message":"Latest price","service":"api-d27bc23-binance-ETHBUSD","timestamp":"2022-03-01T17:23:48.787Z"}
{"assetPair":"ETHBUSD","data":{"price":"2923.43000000","symbol":"ETHBUSD"},"level":"info","message":"Latest price","service":"api-d27bc23-binance-ETHBUSD","timestamp":"2022-03-01T17:26:48.821Z"}
{"assetPair":"ETHBUSD","data":{"price":"2921.38000000","symbol":"ETHBUSD"},"level":"info","message":"Latest price","service":"api-d27bc23-binance-ETHBUSD","timestamp":"2022-03-01T17:29:48.847Z"}
{"assetPair":"ETHBUSD","data":{"price":"2919.75000000","symbol":"ETHBUSD"},"level":"info","message":"Latest price","service":"api-d27bc23-binance-ETHBUSD","timestamp":"2022-03-01T17:32:48.879Z"}
{"assetPair":"ETHBUSD","data":{"price":"2927.15000000","symbol":"ETHBUSD"},"level":"info","message":"Latest price","service":"api-d27bc23-binance-ETHBUSD","timestamp":"2022-03-01T17:35:48.946Z"}
{"assetPair":"ETHBUSD","data":{"price":"2926.82000000","symbol":"ETHBUSD"},"level":"info","message":"Latest price","service":"api-d27bc23-binance-ETHBUSD","timestamp":"2022-03-01T17:38:48.983Z"}
{"assetPair":"ETHBUSD","data":{"price":"2929.05000000","symbol":"ETHBUSD"},"level":"info","message":"Latest price","service":"api-d27bc23-binance-ETHBUSD","timestamp":"2022-03-01T17:41:49.015Z"}
{"assetPair":"ETHBUSD","data":{"price":"2929.27000000","symbol":"ETHBUSD"},"level":"info","message":"Latest price","service":"api-d27bc23-binance-ETHBUSD","timestamp":"2022-03-01T17:44:49.053Z"}
{"assetPair":"ETHBUSD","data":{"price":"2929.91000000","symbol":"ETHBUSD"},"level":"info","message":"Latest price","service":"api-d27bc23-binance-ETHBUSD","timestamp":"2022-03-01T17:47:49.145Z"}
{"assetPair":"ETHBUSD","data":{"price":"2954.91000000","symbol":"ETHBUSD"},"level":"info","message":"Latest price","service":"api-d27bc23-binance-ETHBUSD","timestamp":"2022-03-01T17:50:49.184Z"}
{"assetPair":"ETHBUSD","data":{"price":"2944.00000000","symbol":"ETHBUSD"},"level":"info","message":"Latest price","service":"api-d27bc23-binance-ETHBUSD","timestamp":"2022-03-01T17:53:49.221Z"}
{"assetPair":"ETHBUSD","data":{"price":"2932.75000000","symbol":"ETHBUSD"},"level":"info","message":"Latest price","service":"api-d27bc23-binance-ETHBUSD","timestamp":"2022-03-01T17:56:49.287Z"}
{"assetPair":"ETHBUSD","data":{"price":"2936.96000000","symbol":"ETHBUSD"},"level":"info","message":"Latest price","service":"api-d27bc23-binance-ETHBUSD","timestamp":"2022-03-01T17:59:49.321Z"}
{"assetPair":"ETHBUSD","data":{"price":"2934.02000000","symbol":"ETHBUSD"},"level":"info","message":"Latest price","service":"api-d27bc23-binance-ETHBUSD","timestamp":"2022-03-01T18:02:49.345Z"}
{"assetPair":"ETHBUSD","data":{"price":"2931.75000000","symbol":"ETHBUSD"},"level":"info","message":"Latest price","service":"api-d27bc23-binance-ETHBUSD","timestamp":"2022-03-01T18:05:49.382Z"}
{"assetPair":"ETHBUSD","data":{"price":"2921.18000000","symbol":"ETHBUSD"},"level":"info","message":"Latest price","service":"api-d27bc23-binance-ETHBUSD","timestamp":"2022-03-01T18:08:49.457Z"}
{"assetPair":"ETHBUSD","data":{"price":"2917.98000000","symbol":"ETHBUSD"},"level":"info","message":"Latest price","service":"api-d27bc23-binance-ETHBUSD","timestamp":"2022-03-01T18:11:49.487Z"}
{"assetPair":"ETHBUSD","data":{"price":"2921.94000000","symbol":"ETHBUSD"},"level":"info","message":"Latest price","service":"api-d27bc23-binance-ETHBUSD","timestamp":"2022-03-01T18:14:49.521Z"}
{"assetPair":"ETHBUSD","data":{"price":"2929.05000000","symbol":"ETHBUSD"},"level":"info","message":"Latest price","service":"api-d27bc23-binance-ETHBUSD","timestamp":"2022-03-01T18:17:49.558Z"}
{"assetPair":"ETHBUSD","data":{"price":"2931.58000000","symbol":"ETHBUSD"},"level":"info","message":"Latest price","service":"api-d27bc23-binance-ETHBUSD","timestamp":"2022-03-01T18:20:49.611Z"}
{"assetPair":"ETHBUSD","data":{"price":"2932.25000000","symbol":"ETHBUSD"},"level":"info","message":"Latest price","service":"api-d27bc23-binance-ETHBUSD","timestamp":"2022-03-01T18:23:49.643Z"}
{"assetPair":"ETHBUSD","data":{"price":"2931.64000000","symbol":"ETHBUSD"},"level":"info","message":"Latest price","service":"api-d27bc23-binance-ETHBUSD","timestamp":"2022-03-01T18:26:49.703Z"}
{"assetPair":"ETHBUSD","data":{"price":"2932.63000000","symbol":"ETHBUSD"},"level":"info","message":"Latest price","service":"api-d27bc23-binance-ETHBUSD","timestamp":"2022-03-01T18:29:49.732Z"}
{"assetPair":"ETHBUSD","data":{"price":"2935.29000000","symbol":"ETHBUSD"},"level":"info","message":"Latest price","service":"api-d27bc23-binance-ETHBUSD","timestamp":"2022-03-01T18:32:49.770Z"}
{"assetPair":"ETHBUSD","data":{"price":"2942.26000000","symbol":"ETHBUSD"},"level":"info","message":"Latest price","service":"api-d27bc23-binance-ETHBUSD","timestamp":"2022-03-01T18:35:49.805Z"}
{"assetPair":"ETHBUSD","data":{"price":"2950.10000000","symbol":"ETHBUSD"},"level":"info","message":"Latest price","service":"api-d27bc23-binance-ETHBUSD","timestamp":"2022-03-01T18:38:49.843Z"}
{"assetPair":"ETHBUSD","data":{"price":"2948.13000000","symbol":"ETHBUSD"},"level":"info","message":"Latest price","service":"api-d27bc23-binance-ETHBUSD","timestamp":"2022-03-01T18:41:49.886Z"}
{"assetPair":"ETHBUSD","data":{"price":"2950.59000000","symbol":"ETHBUSD"},"level":"info","message":"Latest price","service":"api-d27bc23-binance-ETHBUSD","timestamp":"2022-03-01T18:44:49.919Z"}
{"assetPair":"ETHBUSD","data":{"price":"2954.30000000","symbol":"ETHBUSD"},"level":"info","message":"Latest price","service":"api-d27bc23-binance-ETHBUSD","timestamp":"2022-03-01T18:47:49.944Z"}
{"assetPair":"ETHBUSD","data":{"price":"2952.19000000","symbol":"ETHBUSD"},"level":"info","message":"Latest price","service":"api-d27bc23-binance-ETHBUSD","timestamp":"2022-03-01T18:50:49.979Z"}
{"assetPair":"ETHBUSD","data":{"price":"2955.08000000","symbol":"ETHBUSD"},"level":"info","message":"Latest price","service":"api-d27bc23-binance-ETHBUSD","timestamp":"2022-03-01T18:53:50.054Z"}
{"assetPair":"ETHBUSD","data":{"price":"2959.02000000","symbol":"ETHBUSD"},"level":"info","message":"Latest price","service":"api-d27bc23-binance-ETHBUSD","timestamp":"2022-03-01T18:56:50.084Z"}
{"assetPair":"ETHBUSD","data":{"price":"2955.11000000","symbol":"ETHBUSD"},"level":"info","message":"Latest price","service":"api-d27bc23-binance-ETHBUSD","timestamp":"2022-03-01T18:59:50.171Z"}
{"assetPair":"ETHBUSD","data":{"price":"2952.91000000","symbol":"ETHBUSD"},"level":"info","message":"Latest price","service":"api-d27bc23-binance-ETHBUSD","timestamp":"2022-03-01T19:02:50.207Z"}
{"assetPair":"ETHBUSD","data":{"price":"2954.16000000","symbol":"ETHBUSD"},"level":"info","message":"Latest price","service":"api-d27bc23-binance-ETHBUSD","timestamp":"2022-03-01T19:05:50.238Z"}
{"assetPair":"ETHBUSD","data":{"price":"2953.77000000","symbol":"ETHBUSD"},"level":"info","message":"Latest price","service":"api-d27bc23-binance-ETHBUSD","timestamp":"2022-03-01T19:08:50.275Z"}
{"assetPair":"ETHBUSD","data":{"price":"2946.41000000","symbol":"ETHBUSD"},"level":"info","message":"Latest price","service":"api-d27bc23-binance-ETHBUSD","timestamp":"2022-03-01T19:11:50.313Z"}
{"assetPair":"ETHBUSD","data":{"price":"2946.22000000","symbol":"ETHBUSD"},"level":"info","message":"Latest price","service":"api-d27bc23-binance-ETHBUSD","timestamp":"2022-03-01T19:14:50.352Z"}
{"assetPair":"ETHBUSD","data":{"price":"2956.88000000","symbol":"ETHBUSD"},"level":"info","message":"Latest price","service":"api-d27bc23-binance-ETHBUSD","timestamp":"2022-03-01T19:17:50.382Z"}
{"assetPair":"ETHBUSD","data":{"price":"2961.13000000","symbol":"ETHBUSD"},"level":"info","message":"Latest price","service":"api-d27bc23-binance-ETHBUSD","timestamp":"2022-03-01T19:20:50.461Z"}
{"assetPair":"ETHBUSD","data":{"price":"2969.00000000","symbol":"ETHBUSD"},"level":"info","message":"Latest price","service":"api-d27bc23-binance-ETHBUSD","timestamp":"2022-03-01T19:23:50.527Z"}
{"assetPair":"ETHBUSD","data":{"price":"2974.19000000","symbol":"ETHBUSD"},"level":"info","message":"Latest price","service":"api-d27bc23-binance-ETHBUSD","timestamp":"2022-03-01T19:26:50.570Z"}
{"assetPair":"ETHBUSD","data":{"price":"2972.70000000","symbol":"ETHBUSD"},"level":"info","message":"Latest price","service":"api-d27bc23-binance-ETHBUSD","timestamp":"2022-03-01T19:29:50.629Z"}
{"assetPair":"ETHBUSD","data":{"price":"2964.61000000","symbol":"ETHBUSD"},"level":"info","message":"Latest price","service":"api-d27bc23-binance-ETHBUSD","timestamp":"2022-03-01T19:32:50.780Z"}
{"assetPair":"ETHBUSD","data":{"price":"2964.75000000","symbol":"ETHBUSD"},"level":"info","message":"Latest price","service":"api-d27bc23-binance-ETHBUSD","timestamp":"2022-03-01T19:35:50.814Z"}
{"assetPair":"ETHBUSD","data":{"price":"2966.75000000","symbol":"ETHBUSD"},"level":"info","message":"Latest price","service":"api-d27bc23-binance-ETHBUSD","timestamp":"2022-03-01T19:38:50.873Z"}
{"assetPair":"ETHBUSD","data":{"price":"2961.96000000","symbol":"ETHBUSD"},"level":"info","message":"Latest price","service":"api-d27bc23-binance-ETHBUSD","timestamp":"2022-03-01T19:41:50.903Z"}
{"assetPair":"ETHBUSD","data":{"price":"2964.70000000","symbol":"ETHBUSD"},"level":"info","message":"Latest price","service":"api-d27bc23-binance-ETHBUSD","timestamp":"2022-03-01T19:44:50.936Z"}
{"assetPair":"ETHBUSD","data":{"price":"2963.22000000","symbol":"ETHBUSD"},"level":"info","message":"Latest price","service":"api-d27bc23-binance-ETHBUSD","timestamp":"2022-03-01T19:47:50.972Z"}
{"assetPair":"ETHBUSD","data":{"price":"2952.68000000","symbol":"ETHBUSD"},"level":"info","message":"Latest price","service":"api-d27bc23-binance-ETHBUSD","timestamp":"2022-03-01T19:50:51.028Z"}
{"assetPair":"ETHBUSD","data":{"price":"2947.80000000","symbol":"ETHBUSD"},"level":"info","message":"Latest price","service":"api-d27bc23-binance-ETHBUSD","timestamp":"2022-03-01T19:53:51.062Z"}
{"assetPair":"ETHBUSD","data":{"price":"2946.87000000","symbol":"ETHBUSD"},"level":"info","message":"Latest price","service":"api-d27bc23-binance-ETHBUSD","timestamp":"2022-03-01T19:56:51.088Z"}
{"assetPair":"ETHBUSD","data":{"price":"2947.40000000","symbol":"ETHBUSD"},"level":"info","message":"Latest price","service":"api-d27bc23-binance-ETHBUSD","timestamp":"2022-03-01T19:59:51.122Z"}
{"assetPair":"ETHBUSD","data":{"price":"2950.07000000","symbol":"ETHBUSD"},"level":"info","message":"Latest price","service":"api-d27bc23-binance-ETHBUSD","timestamp":"2022-03-01T20:02:51.165Z"}
{"assetPair":"ETHBUSD","data":{"price":"2960.00000000","symbol":"ETHBUSD"},"level":"info","message":"Latest price","service":"api-d27bc23-binance-ETHBUSD","timestamp":"2022-03-01T20:05:51.196Z"}
{"assetPair":"ETHBUSD","data":{"price":"2961.00000000","symbol":"ETHBUSD"},"level":"info","message":"Latest price","service":"api-d27bc23-binance-ETHBUSD","timestamp":"2022-03-01T20:08:51.231Z"}
{"assetPair":"ETHBUSD","data":{"price":"2954.00000000","symbol":"ETHBUSD"},"level":"info","message":"Latest price","service":"api-d27bc23-binance-ETHBUSD","timestamp":"2022-03-01T20:11:51.264Z"}
{"assetPair":"ETHBUSD","data":{"price":"2960.38000000","symbol":"ETHBUSD"},"level":"info","message":"Latest price","service":"api-d27bc23-binance-ETHBUSD","timestamp":"2022-03-01T20:14:51.300Z"}
{"assetPair":"ETHBUSD","data":{"price":"2967.63000000","symbol":"ETHBUSD"},"level":"info","message":"Latest price","service":"api-d27bc23-binance-ETHBUSD","timestamp":"2022-03-01T20:17:51.340Z"}
{"assetPair":"ETHBUSD","data":{"price":"2961.31000000","symbol":"ETHBUSD"},"level":"info","message":"Latest price","service":"api-d27bc23-binance-ETHBUSD","timestamp":"2022-03-01T20:20:51.407Z"}
{"assetPair":"ETHBUSD","data":{"price":"2964.64000000","symbol":"ETHBUSD"},"level":"info","message":"Latest price","service":"api-d27bc23-binance-ETHBUSD","timestamp":"2022-03-01T20:23:51.444Z"}
{"assetPair":"ETHBUSD","data":{"price":"2964.61000000","symbol":"ETHBUSD"},"level":"info","message":"Latest price","service":"api-d27bc23-binance-ETHBUSD","timestamp":"2022-03-01T20:26:51.490Z"}
{"assetPair":"ETHBUSD","data":{"price":"2964.17000000","symbol":"ETHBUSD"},"level":"info","message":"Latest price","service":"api-d27bc23-binance-ETHBUSD","timestamp":"2022-03-01T20:29:51.542Z"}
{"assetPair":"ETHBUSD","data":{"price":"2961.39000000","symbol":"ETHBUSD"},"level":"info","message":"Latest price","service":"api-d27bc23-binance-ETHBUSD","timestamp":"2022-03-01T20:32:51.585Z"}
{"assetPair":"ETHBUSD","data":{"price":"2964.31000000","symbol":"ETHBUSD"},"level":"info","message":"Latest price","service":"api-d27bc23-binance-ETHBUSD","timestamp":"2022-03-01T20:35:51.623Z"}
{"assetPair":"ETHBUSD","data":{"price":"2968.38000000","symbol":"ETHBUSD"},"level":"info","message":"Latest price","service":"api-d27bc23-binance-ETHBUSD","timestamp":"2022-03-01T20:38:51.658Z"}
{"assetPair":"ETHBUSD","data":{"price":"2974.47000000","symbol":"ETHBUSD"},"level":"info","message":"Latest price","service":"api-d27bc23-binance-ETHBUSD","timestamp":"2022-03-01T20:41:51.683Z"}
{"assetPair":"ETHBUSD","data":{"price":"2965.11000000","symbol":"ETHBUSD"},"level":"info","message":"Latest price","service":"api-d27bc23-binance-ETHBUSD","timestamp":"2022-03-01T20:44:51.717Z"}
{"assetPair":"ETHBUSD","data":{"price":"2971.91000000","symbol":"ETHBUSD"},"level":"info","message":"Latest price","service":"api-d27bc23-binance-ETHBUSD","timestamp":"2022-03-01T20:47:51.752Z"}
{"assetPair":"ETHBUSD","data":{"price":"2967.25000000","symbol":"ETHBUSD"},"level":"info","message":"Latest price","service":"api-d27bc23-binance-ETHBUSD","timestamp":"2022-03-01T20:50:51.788Z"}
{"assetPair":"ETHBUSD","data":{"price":"2971.08000000","symbol":"ETHBUSD"},"level":"info","message":"Latest price","service":"api-d27bc23-binance-ETHBUSD","timestamp":"2022-03-01T20:53:51.843Z"}
{"assetPair":"ETHBUSD","data":{"price":"2973.87000000","symbol":"ETHBUSD"},"level":"info","message":"Latest price","service":"api-d27bc23-binance-ETHBUSD","timestamp":"2022-03-01T20:56:51.870Z"}
{"assetPair":"ETHBUSD","data":{"price":"2975.70000000","symbol":"ETHBUSD"},"level":"info","message":"Latest price","service":"api-d27bc23-binance-ETHBUSD","timestamp":"2022-03-01T20:59:51.904Z"}
{"assetPair":"ETHBUSD","data":{"price":"2978.62000000","symbol":"ETHBUSD"},"level":"info","message":"Latest price","service":"api-d27bc23-binance-ETHBUSD","timestamp":"2022-03-01T21:02:51.940Z"}
{"assetPair":"ETHBUSD","data":{"price":"2978.66000000","symbol":"ETHBUSD"},"level":"info","message":"Latest price","service":"api-d27bc23-binance-ETHBUSD","timestamp":"2022-03-01T21:05:51.976Z"}
{"assetPair":"ETHBUSD","data":{"price":"2969.14000000","symbol":"ETHBUSD"},"level":"info","message":"Latest price","service":"api-d27bc23-binance-ETHBUSD","timestamp":"2022-03-01T21:08:52.006Z"}
{"assetPair":"ETHBUSD","data":{"price":"2967.00000000","symbol":"ETHBUSD"},"level":"info","message":"Latest price","service":"api-d27bc23-binance-ETHBUSD","timestamp":"2022-03-01T21:11:52.034Z"}
{"assetPair":"ETHBUSD","data":{"price":"2961.89000000","symbol":"ETHBUSD"},"level":"info","message":"Latest price","service":"api-d27bc23-binance-ETHBUSD","timestamp":"2022-03-01T21:14:52.069Z"}
{"assetPair":"ETHBUSD","data":{"price":"2949.28000000","symbol":"ETHBUSD"},"level":"info","message":"Latest price","service":"api-d27bc23-binance-ETHBUSD","timestamp":"2022-03-01T21:17:52.130Z"}
{"assetPair":"ETHBUSD","data":{"price":"2950.63000000","symbol":"ETHBUSD"},"level":"info","message":"Latest price","service":"api-d27bc23-binance-ETHBUSD","timestamp":"2022-03-01T21:20:52.214Z"}
{"assetPair":"ETHBUSD","data":{"price":"2961.78000000","symbol":"ETHBUSD"},"level":"info","message":"Latest price","service":"api-d27bc23-binance-ETHBUSD","timestamp":"2022-03-01T21:23:52.245Z"}
{"assetPair":"ETHBUSD","data":{"price":"2961.52000000","symbol":"ETHBUSD"},"level":"info","message":"Latest price","service":"api-d27bc23-binance-ETHBUSD","timestamp":"2022-03-01T21:26:52.284Z"}
{"assetPair":"ETHBUSD","data":{"price":"2959.05000000","symbol":"ETHBUSD"},"level":"info","message":"Latest price","service":"api-d27bc23-binance-ETHBUSD","timestamp":"2022-03-01T21:29:52.310Z"}
{"assetPair":"ETHBUSD","data":{"price":"2951.61000000","symbol":"ETHBUSD"},"level":"info","message":"Latest price","service":"api-d27bc23-binance-ETHBUSD","timestamp":"2022-03-01T21:32:52.344Z"}
{"assetPair":"ETHBUSD","data":{"price":"2950.66000000","symbol":"ETHBUSD"},"level":"info","message":"Latest price","service":"api-d27bc23-binance-ETHBUSD","timestamp":"2022-03-01T21:35:52.416Z"}
{"assetPair":"ETHBUSD","data":{"price":"2948.01000000","symbol":"ETHBUSD"},"level":"info","message":"Latest price","service":"api-d27bc23-binance-ETHBUSD","timestamp":"2022-03-01T21:38:52.457Z"}
{"assetPair":"ETHBUSD","data":{"price":"2948.05000000","symbol":"ETHBUSD"},"level":"info","message":"Latest price","service":"api-d27bc23-binance-ETHBUSD","timestamp":"2022-03-01T21:41:52.494Z"}
{"assetPair":"ETHBUSD","data":{"price":"2942.14000000","symbol":"ETHBUSD"},"level":"info","message":"Latest price","service":"api-d27bc23-binance-ETHBUSD","timestamp":"2022-03-01T21:44:52.551Z"}
{"assetPair":"ETHBUSD","data":{"price":"2951.87000000","symbol":"ETHBUSD"},"level":"info","message":"Latest price","service":"api-d27bc23-binance-ETHBUSD","timestamp":"2022-03-01T21:47:52.583Z"}
{"assetPair":"ETHBUSD","data":{"price":"2952.53000000","symbol":"ETHBUSD"},"level":"info","message":"Latest price","service":"api-d27bc23-binance-ETHBUSD","timestamp":"2022-03-01T21:50:52.652Z"}
{"assetPair":"ETHBUSD","data":{"price":"2948.99000000","symbol":"ETHBUSD"},"level":"info","message":"Latest price","service":"api-d27bc23-binance-ETHBUSD","timestamp":"2022-03-01T21:53:52.690Z"}
{"assetPair":"ETHBUSD","data":{"price":"2954.28000000","symbol":"ETHBUSD"},"level":"info","message":"Latest price","service":"api-d27bc23-binance-ETHBUSD","timestamp":"2022-03-01T21:56:52.718Z"}
{"assetPair":"ETHBUSD","data":{"price":"2954.37000000","symbol":"ETHBUSD"},"level":"info","message":"Latest price","service":"api-d27bc23-binance-ETHBUSD","timestamp":"2022-03-01T21:59:52.757Z"}
{"assetPair":"ETHBUSD","data":{"price":"2950.63000000","symbol":"ETHBUSD"},"level":"info","message":"Latest price","service":"api-d27bc23-binance-ETHBUSD","timestamp":"2022-03-01T22:02:52.830Z"}
{"assetPair":"ETHBUSD","data":{"price":"2949.17000000","symbol":"ETHBUSD"},"level":"info","message":"Latest price","service":"api-d27bc23-binance-ETHBUSD","timestamp":"2022-03-01T22:05:52.868Z"}
{"assetPair":"ETHBUSD","data":{"price":"2951.32000000","symbol":"ETHBUSD"},"level":"info","message":"Latest price","service":"api-d27bc23-binance-ETHBUSD","timestamp":"2022-03-01T22:08:52.909Z"}
{"assetPair":"ETHBUSD","data":{"price":"2948.26000000","symbol":"ETHBUSD"},"level":"info","message":"Latest price","service":"api-d27bc23-binance-ETHBUSD","timestamp":"2022-03-01T22:11:52.946Z"}
{"assetPair":"ETHBUSD","data":{"price":"2951.60000000","symbol":"ETHBUSD"},"level":"info","message":"Latest price","service":"api-d27bc23-binance-ETHBUSD","timestamp":"2022-03-01T22:14:52.974Z"}
{"assetPair":"ETHBUSD","data":{"price":"2952.48000000","symbol":"ETHBUSD"},"level":"info","message":"Latest price","service":"api-d27bc23-binance-ETHBUSD","timestamp":"2022-03-01T22:17:53.018Z"}
{"assetPair":"ETHBUSD","data":{"price":"2953.85000000","symbol":"ETHBUSD"},"level":"info","message":"Latest price","service":"api-d27bc23-binance-ETHBUSD","timestamp":"2022-03-01T22:20:53.054Z"}
{"assetPair":"ETHBUSD","data":{"price":"2959.11000000","symbol":"ETHBUSD"},"level":"info","message":"Latest price","service":"api-d27bc23-binance-ETHBUSD","timestamp":"2022-03-01T22:23:53.087Z"}
{"assetPair":"ETHBUSD","data":{"price":"2958.86000000","symbol":"ETHBUSD"},"level":"info","message":"Latest price","service":"api-d27bc23-binance-ETHBUSD","timestamp":"2022-03-01T22:26:53.115Z"}
{"assetPair":"ETHBUSD","data":{"price":"2959.45000000","symbol":"ETHBUSD"},"level":"info","message":"Latest price","service":"api-d27bc23-binance-ETHBUSD","timestamp":"2022-03-01T22:29:53.144Z"}
{"assetPair":"ETHBUSD","data":{"price":"2958.54000000","symbol":"ETHBUSD"},"level":"info","message":"Latest price","service":"api-d27bc23-binance-ETHBUSD","timestamp":"2022-03-01T22:32:53.203Z"}
{"assetPair":"ETHBUSD","data":{"price":"2960.00000000","symbol":"ETHBUSD"},"level":"info","message":"Latest price","service":"api-d27bc23-binance-ETHBUSD","timestamp":"2022-03-01T22:35:53.251Z"}
{"assetPair":"ETHBUSD","data":{"price":"2959.78000000","symbol":"ETHBUSD"},"level":"info","message":"Latest price","service":"api-d27bc23-binance-ETHBUSD","timestamp":"2022-03-01T22:38:53.285Z"}
{"assetPair":"ETHBUSD","data":{"price":"2970.40000000","symbol":"ETHBUSD"},"level":"info","message":"Latest price","service":"api-d27bc23-binance-ETHBUSD","timestamp":"2022-03-01T22:41:53.321Z"}
{"assetPair":"ETHBUSD","data":{"price":"2969.81000000","symbol":"ETHBUSD"},"level":"info","message":"Latest price","service":"api-d27bc23-binance-ETHBUSD","timestamp":"2022-03-01T22:44:53.357Z"}
{"assetPair":"ETHBUSD","data":{"price":"2968.00000000","symbol":"ETHBUSD"},"level":"info","message":"Latest price","service":"api-d27bc23-binance-ETHBUSD","timestamp":"2022-03-01T22:47:53.383Z"}
{"assetPair":"ETHBUSD","data":{"price":"2964.74000000","symbol":"ETHBUSD"},"level":"info","message":"Latest price","service":"api-d27bc23-binance-ETHBUSD","timestamp":"2022-03-01T22:50:53.415Z"}
{"assetPair":"ETHBUSD","data":{"price":"2964.82000000","symbol":"ETHBUSD"},"level":"info","message":"Latest price","service":"api-d27bc23-binance-ETHBUSD","timestamp":"2022-03-01T22:53:53.458Z"}
{"assetPair":"ETHBUSD","data":{"price":"2975.52000000","symbol":"ETHBUSD"},"level":"info","message":"Latest price","service":"api-d27bc23-binance-ETHBUSD","timestamp":"2022-03-01T22:56:53.502Z"}
{"assetPair":"ETHBUSD","data":{"price":"2974.83000000","symbol":"ETHBUSD"},"level":"info","message":"Latest price","service":"api-d27bc23-binance-ETHBUSD","timestamp":"2022-03-01T22:59:53.536Z"}
{"assetPair":"ETHBUSD","data":{"price":"2970.28000000","symbol":"ETHBUSD"},"level":"info","message":"Latest price","service":"api-d27bc23-binance-ETHBUSD","timestamp":"2022-03-01T23:02:53.572Z"}
{"assetPair":"ETHBUSD","data":{"price":"2968.59000000","symbol":"ETHBUSD"},"level":"info","message":"Latest price","service":"api-d27bc23-binance-ETHBUSD","timestamp":"2022-03-01T23:05:53.603Z"}
{"assetPair":"ETHBUSD","data":{"price":"2972.09000000","symbol":"ETHBUSD"},"level":"info","message":"Latest price","service":"api-d27bc23-binance-ETHBUSD","timestamp":"2022-03-01T23:08:53.676Z"}
{"assetPair":"ETHBUSD","data":{"price":"2964.59000000","symbol":"ETHBUSD"},"level":"info","message":"Latest price","service":"api-d27bc23-binance-ETHBUSD","timestamp":"2022-03-01T23:11:53.729Z"}
{"assetPair":"ETHBUSD","data":{"price":"2965.62000000","symbol":"ETHBUSD"},"level":"info","message":"Latest price","service":"api-d27bc23-binance-ETHBUSD","timestamp":"2022-03-01T23:14:53.763Z"}
{"assetPair":"ETHBUSD","data":{"price":"2959.00000000","symbol":"ETHBUSD"},"level":"info","message":"Latest price","service":"api-d27bc23-binance-ETHBUSD","timestamp":"2022-03-01T23:17:53.815Z"}
{"assetPair":"ETHBUSD","data":{"price":"2958.57000000","symbol":"ETHBUSD"},"level":"info","message":"Latest price","service":"api-d27bc23-binance-ETHBUSD","timestamp":"2022-03-01T23:20:53.848Z"}
{"assetPair":"ETHBUSD","data":{"price":"2958.64000000","symbol":"ETHBUSD"},"level":"info","message":"Latest price","service":"api-d27bc23-binance-ETHBUSD","timestamp":"2022-03-01T23:23:53.885Z"}
{"assetPair":"ETHBUSD","data":{"price":"2959.21000000","symbol":"ETHBUSD"},"level":"info","message":"Latest price","service":"api-d27bc23-binance-ETHBUSD","timestamp":"2022-03-01T23:26:53.920Z"}
{"assetPair":"ETHBUSD","data":{"price":"2955.04000000","symbol":"ETHBUSD"},"level":"info","message":"Latest price","service":"api-d27bc23-binance-ETHBUSD","timestamp":"2022-03-01T23:29:53.950Z"}
{"assetPair":"ETHBUSD","data":{"price":"2953.59000000","symbol":"ETHBUSD"},"level":"info","message":"Latest price","service":"api-d27bc23-binance-ETHBUSD","timestamp":"2022-03-01T23:32:54.059Z"}
{"assetPair":"ETHBUSD","data":{"price":"2967.87000000","symbol":"ETHBUSD"},"level":"info","message":"Latest price","service":"api-d27bc23-binance-ETHBUSD","timestamp":"2022-03-01T23:35:54.090Z"}
{"assetPair":"ETHBUSD","data":{"price":"2976.00000000","symbol":"ETHBUSD"},"level":"info","message":"Latest price","service":"api-d27bc23-binance-ETHBUSD","timestamp":"2022-03-01T23:38:54.159Z"}
{"assetPair":"ETHBUSD","data":{"price":"2972.00000000","symbol":"ETHBUSD"},"level":"info","message":"Latest price","service":"api-d27bc23-binance-ETHBUSD","timestamp":"2022-03-01T23:41:54.185Z"}
{"assetPair":"ETHBUSD","data":{"price":"2974.91000000","symbol":"ETHBUSD"},"level":"info","message":"Latest price","service":"api-d27bc23-binance-ETHBUSD","timestamp":"2022-03-01T23:44:54.221Z"}
{"assetPair":"ETHBUSD","data":{"price":"2972.08000000","symbol":"ETHBUSD"},"level":"info","message":"Latest price","service":"api-d27bc23-binance-ETHBUSD","timestamp":"2022-03-01T23:47:54.258Z"}
{"assetPair":"ETHBUSD","data":{"price":"2978.76000000","symbol":"ETHBUSD"},"level":"info","message":"Latest price","service":"api-d27bc23-binance-ETHBUSD","timestamp":"2022-03-01T23:50:54.292Z"}
{"assetPair":"ETHBUSD","data":{"price":"2974.61000000","symbol":"ETHBUSD"},"level":"info","message":"Latest price","service":"api-d27bc23-binance-ETHBUSD","timestamp":"2022-03-01T23:53:54.339Z"}
{"assetPair":"ETHBUSD","data":{"price":"2973.89000000","symbol":"ETHBUSD"},"level":"info","message":"Latest price","service":"api-d27bc23-binance-ETHBUSD","timestamp":"2022-03-01T23:56:54.379Z"}
{"assetPair":"ETHBUSD","data":{"price":"2976.99000000","symbol":"ETHBUSD"},"level":"info","message":"Latest price","service":"api-d27bc23-binance-ETHBUSD","timestamp":"2022-03-01T23:59:54.418Z"}
{"assetPair":"ETHBUSD","data":{"price":"2971.08000000","symbol":"ETHBUSD"},"level":"info","message":"Latest price","service":"api-d27bc23-binance-ETHBUSD","timestamp":"2022-03-02T00:02:54.452Z"}
{"assetPair":"ETHBUSD","data":{"price":"2978.06000000","symbol":"ETHBUSD"},"level":"info","message":"Latest price","service":"api-d27bc23-binance-ETHBUSD","timestamp":"2022-03-02T00:05:54.499Z"}
{"assetPair":"ETHBUSD","data":{"price":"2967.30000000","symbol":"ETHBUSD"},"level":"info","message":"Latest price","service":"api-d27bc23-binance-ETHBUSD","timestamp":"2022-03-02T00:08:54.537Z"}
{"assetPair":"ETHBUSD","data":{"price":"2974.00000000","symbol":"ETHBUSD"},"level":"info","message":"Latest price","service":"api-d27bc23-binance-ETHBUSD","timestamp":"2022-03-02T00:11:54.570Z"}
{"assetPair":"ETHBUSD","data":{"price":"2977.90000000","symbol":"ETHBUSD"},"level":"info","message":"Latest price","service":"api-d27bc23-binance-ETHBUSD","timestamp":"2022-03-02T00:14:54.628Z"}
{"assetPair":"ETHBUSD","data":{"price":"2972.44000000","symbol":"ETHBUSD"},"level":"info","message":"Latest price","service":"api-d27bc23-binance-ETHBUSD","timestamp":"2022-03-02T00:17:54.668Z"}
{"assetPair":"ETHBUSD","data":{"price":"2968.16000000","symbol":"ETHBUSD"},"level":"info","message":"Latest price","service":"api-d27bc23-binance-ETHBUSD","timestamp":"2022-03-02T00:20:54.710Z"}
{"assetPair":"ETHBUSD","data":{"price":"2962.42000000","symbol":"ETHBUSD"},"level":"info","message":"Latest price","service":"api-d27bc23-binance-ETHBUSD","timestamp":"2022-03-02T00:23:54.791Z"}
{"assetPair":"ETHBUSD","data":{"price":"2951.00000000","symbol":"ETHBUSD"},"level":"info","message":"Latest price","service":"api-d27bc23-binance-ETHBUSD","timestamp":"2022-03-02T00:26:54.825Z"}
{"assetPair":"ETHBUSD","data":{"price":"2944.83000000","symbol":"ETHBUSD"},"level":"info","message":"Latest price","service":"api-d27bc23-binance-ETHBUSD","timestamp":"2022-03-02T00:29:54.862Z"}
{"assetPair":"ETHBUSD","data":{"price":"2938.61000000","symbol":"ETHBUSD"},"level":"info","message":"Latest price","service":"api-d27bc23-binance-ETHBUSD","timestamp":"2022-03-02T00:32:54.927Z"}
{"assetPair":"ETHBUSD","data":{"price":"2928.58000000","symbol":"ETHBUSD"},"level":"info","message":"Latest price","service":"api-d27bc23-binance-ETHBUSD","timestamp":"2022-03-02T00:35:54.959Z"}
{"assetPair":"ETHBUSD","data":{"price":"2935.50000000","symbol":"ETHBUSD"},"level":"info","message":"Latest price","service":"api-d27bc23-binance-ETHBUSD","timestamp":"2022-03-02T00:38:55.023Z"}
{"assetPair":"ETHBUSD","data":{"price":"2932.29000000","symbol":"ETHBUSD"},"level":"info","message":"Latest price","service":"api-d27bc23-binance-ETHBUSD","timestamp":"2022-03-02T00:41:55.057Z"}
{"assetPair":"ETHBUSD","data":{"price":"2934.67000000","symbol":"ETHBUSD"},"level":"info","message":"Latest price","service":"api-d27bc23-binance-ETHBUSD","timestamp":"2022-03-02T00:44:55.096Z"}
{"assetPair":"ETHBUSD","data":{"price":"2941.30000000","symbol":"ETHBUSD"},"level":"info","message":"Latest price","service":"api-d27bc23-binance-ETHBUSD","timestamp":"2022-03-02T00:47:55.133Z"}
{"assetPair":"ETHBUSD","data":{"price":"2938.53000000","symbol":"ETHBUSD"},"level":"info","message":"Latest price","service":"api-d27bc23-binance-ETHBUSD","timestamp":"2022-03-02T00:50:55.166Z"}
{"assetPair":"ETHBUSD","data":{"price":"2940.98000000","symbol":"ETHBUSD"},"level":"info","message":"Latest price","service":"api-d27bc23-binance-ETHBUSD","timestamp":"2022-03-02T00:53:55.210Z"}
{"assetPair":"ETHBUSD","data":{"price":"2939.81000000","symbol":"ETHBUSD"},"level":"info","message":"Latest price","service":"api-d27bc23-binance-ETHBUSD","timestamp":"2022-03-02T00:56:55.239Z"}
{"assetPair":"ETHBUSD","data":{"price":"2943.37000000","symbol":"ETHBUSD"},"level":"info","message":"Latest price","service":"api-d27bc23-binance-ETHBUSD","timestamp":"2022-03-02T00:59:55.279Z"}
{"assetPair":"ETHBUSD","data":{"price":"2942.98000000","symbol":"ETHBUSD"},"level":"info","message":"Latest price","service":"api-d27bc23-binance-ETHBUSD","timestamp":"2022-03-02T01:02:55.348Z"}
{"assetPair":"ETHBUSD","data":{"price":"2950.54000000","symbol":"ETHBUSD"},"level":"info","message":"Latest price","service":"api-d27bc23-binance-ETHBUSD","timestamp":"2022-03-02T01:05:55.432Z"}
{"assetPair":"ETHBUSD","data":{"price":"2959.05000000","symbol":"ETHBUSD"},"level":"info","message":"Latest price","service":"api-d27bc23-binance-ETHBUSD","timestamp":"2022-03-02T01:08:55.494Z"}
{"assetPair":"ETHBUSD","data":{"price":"2954.74000000","symbol":"ETHBUSD"},"level":"info","message":"Latest price","service":"api-d27bc23-binance-ETHBUSD","timestamp":"2022-03-02T01:11:55.532Z"}
{"assetPair":"ETHBUSD","data":{"price":"2951.81000000","symbol":"ETHBUSD"},"level":"info","message":"Latest price","service":"api-d27bc23-binance-ETHBUSD","timestamp":"2022-03-02T01:14:55.567Z"}
{"assetPair":"ETHBUSD","data":{"price":"2949.12000000","symbol":"ETHBUSD"},"level":"info","message":"Latest price","service":"api-d27bc23-binance-ETHBUSD","timestamp":"2022-03-02T01:17:55.636Z"}
{"assetPair":"ETHBUSD","data":{"price":"2929.08000000","symbol":"ETHBUSD"},"level":"info","message":"Latest price","service":"api-d27bc23-binance-ETHBUSD","timestamp":"2022-03-02T01:20:55.669Z"}
{"assetPair":"ETHBUSD","data":{"price":"2932.36000000","symbol":"ETHBUSD"},"level":"info","message":"Latest price","service":"api-d27bc23-binance-ETHBUSD","timestamp":"2022-03-02T01:23:55.707Z"}
{"assetPair":"ETHBUSD","data":{"price":"2924.66000000","symbol":"ETHBUSD"},"level":"info","message":"Latest price","service":"api-d27bc23-binance-ETHBUSD","timestamp":"2022-03-02T01:26:55.772Z"}
{"assetPair":"ETHBUSD","data":{"price":"2919.23000000","symbol":"ETHBUSD"},"level":"info","message":"Latest price","service":"api-d27bc23-binance-ETHBUSD","timestamp":"2022-03-02T01:29:55.828Z"}
{"assetPair":"ETHBUSD","data":{"price":"2924.82000000","symbol":"ETHBUSD"},"level":"info","message":"Latest price","service":"api-d27bc23-binance-ETHBUSD","timestamp":"2022-03-02T01:32:55.859Z"}
{"assetPair":"ETHBUSD","data":{"price":"2928.02000000","symbol":"ETHBUSD"},"level":"info","message":"Latest price","service":"api-d27bc23-binance-ETHBUSD","timestamp":"2022-03-02T01:35:55.919Z"}
{"assetPair":"ETHBUSD","data":{"price":"2927.10000000","symbol":"ETHBUSD"},"level":"info","message":"Latest price","service":"api-d27bc23-binance-ETHBUSD","timestamp":"2022-03-02T01:38:55.989Z"}
{"assetPair":"ETHBUSD","data":{"price":"2921.69000000","symbol":"ETHBUSD"},"level":"info","message":"Latest price","service":"api-d27bc23-binance-ETHBUSD","timestamp":"2022-03-02T01:41:56.113Z"}
{"assetPair":"ETHBUSD","data":{"price":"2925.42000000","symbol":"ETHBUSD"},"level":"info","message":"Latest price","service":"api-d27bc23-binance-ETHBUSD","timestamp":"2022-03-02T01:44:56.151Z"}
{"assetPair":"ETHBUSD","data":{"price":"2929.65000000","symbol":"ETHBUSD"},"level":"info","message":"Latest price","service":"api-d27bc23-binance-ETHBUSD","timestamp":"2022-03-02T01:47:56.184Z"}
{"assetPair":"ETHBUSD","data":{"price":"2930.03000000","symbol":"ETHBUSD"},"level":"info","message":"Latest price","service":"api-d27bc23-binance-ETHBUSD","timestamp":"2022-03-02T01:50:56.214Z"}
{"assetPair":"ETHBUSD","data":{"price":"2927.36000000","symbol":"ETHBUSD"},"level":"info","message":"Latest price","service":"api-d27bc23-binance-ETHBUSD","timestamp":"2022-03-02T01:53:56.255Z"}
{"assetPair":"ETHBUSD","data":{"price":"2931.02000000","symbol":"ETHBUSD"},"level":"info","message":"Latest price","service":"api-d27bc23-binance-ETHBUSD","timestamp":"2022-03-02T01:56:56.291Z"}
{"assetPair":"ETHBUSD","data":{"price":"2932.35000000","symbol":"ETHBUSD"},"level":"info","message":"Latest price","service":"api-d27bc23-binance-ETHBUSD","timestamp":"2022-03-02T01:59:56.332Z"}
{"assetPair":"ETHBUSD","data":{"price":"2919.97000000","symbol":"ETHBUSD"},"level":"info","message":"Latest price","service":"api-d27bc23-binance-ETHBUSD","timestamp":"2022-03-02T02:02:56.380Z"}
{"assetPair":"ETHBUSD","data":{"price":"2935.60000000","symbol":"ETHBUSD"},"level":"info","message":"Latest price","service":"api-d27bc23-binance-ETHBUSD","timestamp":"2022-03-02T02:05:56.416Z"}
{"assetPair":"ETHBUSD","data":{"price":"2932.28000000","symbol":"ETHBUSD"},"level":"info","message":"Latest price","service":"api-d27bc23-binance-ETHBUSD","timestamp":"2022-03-02T02:08:56.453Z"}
{"assetPair":"ETHBUSD","data":{"price":"2934.47000000","symbol":"ETHBUSD"},"level":"info","message":"Latest price","service":"api-d27bc23-binance-ETHBUSD","timestamp":"2022-03-02T02:11:56.479Z"}
{"assetPair":"ETHBUSD","data":{"price":"2934.77000000","symbol":"ETHBUSD"},"level":"info","message":"Latest price","service":"api-d27bc23-binance-ETHBUSD","timestamp":"2022-03-02T02:14:56.514Z"}
{"assetPair":"ETHBUSD","data":{"price":"2921.20000000","symbol":"ETHBUSD"},"level":"info","message":"Latest price","service":"api-d27bc23-binance-ETHBUSD","timestamp":"2022-03-02T02:17:56.558Z"}
{"assetPair":"ETHBUSD","data":{"price":"2918.99000000","symbol":"ETHBUSD"},"level":"info","message":"Latest price","service":"api-d27bc23-binance-ETHBUSD","timestamp":"2022-03-02T02:20:56.643Z"}
{"assetPair":"ETHBUSD","data":{"price":"2919.72000000","symbol":"ETHBUSD"},"level":"info","message":"Latest price","service":"api-d27bc23-binance-ETHBUSD","timestamp":"2022-03-02T02:23:56.676Z"}
{"assetPair":"ETHBUSD","data":{"price":"2919.45000000","symbol":"ETHBUSD"},"level":"info","message":"Latest price","service":"api-d27bc23-binance-ETHBUSD","timestamp":"2022-03-02T02:26:56.744Z"}
{"assetPair":"ETHBUSD","data":{"price":"2923.76000000","symbol":"ETHBUSD"},"level":"info","message":"Latest price","service":"api-d27bc23-binance-ETHBUSD","timestamp":"2022-03-02T02:29:56.782Z"}
{"assetPair":"ETHBUSD","data":{"price":"2928.72000000","symbol":"ETHBUSD"},"level":"info","message":"Latest price","service":"api-d27bc23-binance-ETHBUSD","timestamp":"2022-03-02T02:32:56.812Z"}
{"assetPair":"ETHBUSD","data":{"price":"2928.01000000","symbol":"ETHBUSD"},"level":"info","message":"Latest price","service":"api-d27bc23-binance-ETHBUSD","timestamp":"2022-03-02T02:35:56.846Z"}
{"assetPair":"ETHBUSD","data":{"price":"2928.42000000","symbol":"ETHBUSD"},"level":"info","message":"Latest price","service":"api-d27bc23-binance-ETHBUSD","timestamp":"2022-03-02T02:38:56.883Z"}
{"assetPair":"ETHBUSD","data":{"price":"2932.88000000","symbol":"ETHBUSD"},"level":"info","message":"Latest price","service":"api-d27bc23-binance-ETHBUSD","timestamp":"2022-03-02T02:41:56.935Z"}
{"assetPair":"ETHBUSD","data":{"price":"2930.15000000","symbol":"ETHBUSD"},"level":"info","message":"Latest price","service":"api-d27bc23-binance-ETHBUSD","timestamp":"2022-03-02T02:44:56.967Z"}
{"assetPair":"ETHBUSD","data":{"price":"2930.12000000","symbol":"ETHBUSD"},"level":"info","message":"Latest price","service":"api-d27bc23-binance-ETHBUSD","timestamp":"2022-03-02T02:47:57.062Z"}
{"assetPair":"ETHBUSD","data":{"price":"2923.16000000","symbol":"ETHBUSD"},"level":"info","message":"Latest price","service":"api-d27bc23-binance-ETHBUSD","timestamp":"2022-03-02T02:50:57.091Z"}
{"assetPair":"ETHBUSD","data":{"price":"2931.76000000","symbol":"ETHBUSD"},"level":"info","message":"Latest price","service":"api-d27bc23-binance-ETHBUSD","timestamp":"2022-03-02T02:53:57.214Z"}
{"assetPair":"ETHBUSD","data":{"price":"2937.58000000","symbol":"ETHBUSD"},"level":"info","message":"Latest price","service":"api-d27bc23-binance-ETHBUSD","timestamp":"2022-03-02T02:56:57.245Z"}
{"assetPair":"ETHBUSD","data":{"price":"2948.66000000","symbol":"ETHBUSD"},"level":"info","message":"Latest price","service":"api-d27bc23-binance-ETHBUSD","timestamp":"2022-03-02T02:59:57.276Z"}
{"assetPair":"ETHBUSD","data":{"price":"2948.06000000","symbol":"ETHBUSD"},"level":"info","message":"Latest price","service":"api-d27bc23-binance-ETHBUSD","timestamp":"2022-03-02T03:02:57.351Z"}
{"assetPair":"ETHBUSD","data":{"price":"2947.52000000","symbol":"ETHBUSD"},"level":"info","message":"Latest price","service":"api-d27bc23-binance-ETHBUSD","timestamp":"2022-03-02T03:05:57.385Z"}
{"assetPair":"ETHBUSD","data":{"price":"2952.66000000","symbol":"ETHBUSD"},"level":"info","message":"Latest price","service":"api-d27bc23-binance-ETHBUSD","timestamp":"2022-03-02T03:08:57.421Z"}
{"assetPair":"ETHBUSD","data":{"price":"2952.14000000","symbol":"ETHBUSD"},"level":"info","message":"Latest price","service":"api-d27bc23-binance-ETHBUSD","timestamp":"2022-03-02T03:11:57.462Z"}
{"assetPair":"ETHBUSD","data":{"price":"2951.22000000","symbol":"ETHBUSD"},"level":"info","message":"Latest price","service":"api-d27bc23-binance-ETHBUSD","timestamp":"2022-03-02T03:14:57.525Z"}
{"assetPair":"ETHBUSD","data":{"price":"2947.62000000","symbol":"ETHBUSD"},"level":"info","message":"Latest price","service":"api-d27bc23-binance-ETHBUSD","timestamp":"2022-03-02T03:17:57.588Z"}
{"assetPair":"ETHBUSD","data":{"price":"2946.96000000","symbol":"ETHBUSD"},"level":"info","message":"Latest price","service":"api-d27bc23-binance-ETHBUSD","timestamp":"2022-03-02T03:20:57.621Z"}
{"assetPair":"ETHBUSD","data":{"price":"2943.57000000","symbol":"ETHBUSD"},"level":"info","message":"Latest price","service":"api-d27bc23-binance-ETHBUSD","timestamp":"2022-03-02T03:23:57.655Z"}
{"assetPair":"ETHBUSD","data":{"price":"2940.31000000","symbol":"ETHBUSD"},"level":"info","message":"Latest price","service":"api-d27bc23-binance-ETHBUSD","timestamp":"2022-03-02T03:26:57.689Z"}
{"assetPair":"ETHBUSD","data":{"price":"2944.90000000","symbol":"ETHBUSD"},"level":"info","message":"Latest price","service":"api-d27bc23-binance-ETHBUSD","timestamp":"2022-03-02T03:29:57.821Z"}
{"assetPair":"ETHBUSD","data":{"price":"2951.97000000","symbol":"ETHBUSD"},"level":"info","message":"Latest price","service":"api-d27bc23-binance-ETHBUSD","timestamp":"2022-03-02T03:32:57.883Z"}
{"assetPair":"ETHBUSD","data":{"price":"2967.44000000","symbol":"ETHBUSD"},"level":"info","message":"Latest price","service":"api-d27bc23-binance-ETHBUSD","timestamp":"2022-03-02T03:35:57.918Z"}
{"assetPair":"ETHBUSD","data":{"price":"2990.71000000","symbol":"ETHBUSD"},"level":"info","message":"Latest price","service":"api-d27bc23-binance-ETHBUSD","timestamp":"2022-03-02T03:38:57.971Z"}
{"assetPair":"ETHBUSD","data":{"price":"2996.96000000","symbol":"ETHBUSD"},"level":"info","message":"Latest price","service":"api-d27bc23-binance-ETHBUSD","timestamp":"2022-03-02T03:41:58.007Z"}
{"assetPair":"ETHBUSD","data":{"price":"2995.93000000","symbol":"ETHBUSD"},"level":"info","message":"Latest price","service":"api-d27bc23-binance-ETHBUSD","timestamp":"2022-03-02T03:44:58.047Z"}
{"assetPair":"ETHBUSD","data":{"price":"3005.89000000","symbol":"ETHBUSD"},"level":"info","message":"Latest price","service":"api-d27bc23-binance-ETHBUSD","timestamp":"2022-03-02T03:47:58.109Z"}
{"assetPair":"ETHBUSD","data":{"price":"3020.11000000","symbol":"ETHBUSD"},"level":"info","message":"Latest price","service":"api-d27bc23-binance-ETHBUSD","timestamp":"2022-03-02T03:50:58.137Z"}
{"assetPair":"ETHBUSD","data":{"price":"3027.37000000","symbol":"ETHBUSD"},"level":"info","message":"Latest price","service":"api-d27bc23-binance-ETHBUSD","timestamp":"2022-03-02T03:53:58.211Z"}
{"assetPair":"ETHBUSD","data":{"price":"3018.68000000","symbol":"ETHBUSD"},"level":"info","message":"Latest price","service":"api-d27bc23-binance-ETHBUSD","timestamp":"2022-03-02T03:56:58.245Z"}
{"assetPair":"ETHBUSD","data":{"price":"3017.66000000","symbol":"ETHBUSD"},"level":"info","message":"Latest price","service":"api-d27bc23-binance-ETHBUSD","timestamp":"2022-03-02T03:59:58.323Z"}
{"assetPair":"ETHBUSD","data":{"price":"3012.83000000","symbol":"ETHBUSD"},"level":"info","message":"Latest price","service":"api-d27bc23-binance-ETHBUSD","timestamp":"2022-03-02T04:02:58.350Z"}
{"assetPair":"ETHBUSD","data":{"price":"3030.18000000","symbol":"ETHBUSD"},"level":"info","message":"Latest price","service":"api-d27bc23-binance-ETHBUSD","timestamp":"2022-03-02T04:05:58.388Z"}
{"assetPair":"ETHBUSD","data":{"price":"3030.11000000","symbol":"ETHBUSD"},"level":"info","message":"Latest price","service":"api-d27bc23-binance-ETHBUSD","timestamp":"2022-03-02T04:08:58.424Z"}
{"assetPair":"ETHBUSD","data":{"price":"3022.47000000","symbol":"ETHBUSD"},"level":"info","message":"Latest price","service":"api-d27bc23-binance-ETHBUSD","timestamp":"2022-03-02T04:11:58.481Z"}
{"assetPair":"ETHBUSD","data":{"price":"3023.52000000","symbol":"ETHBUSD"},"level":"info","message":"Latest price","service":"api-d27bc23-binance-ETHBUSD","timestamp":"2022-03-02T04:14:58.544Z"}
{"assetPair":"ETHBUSD","data":{"price":"3015.97000000","symbol":"ETHBUSD"},"level":"info","message":"Latest price","service":"api-d27bc23-binance-ETHBUSD","timestamp":"2022-03-02T04:17:58.581Z"}
{"assetPair":"ETHBUSD","data":{"price":"3025.21000000","symbol":"ETHBUSD"},"level":"info","message":"Latest price","service":"api-d27bc23-binance-ETHBUSD","timestamp":"2022-03-02T04:20:58.615Z"}
{"assetPair":"ETHBUSD","data":{"price":"3023.16000000","symbol":"ETHBUSD"},"level":"info","message":"Latest price","service":"api-d27bc23-binance-ETHBUSD","timestamp":"2022-03-02T04:23:58.673Z"}
{"assetPair":"ETHBUSD","data":{"price":"3024.56000000","symbol":"ETHBUSD"},"level":"info","message":"Latest price","service":"api-d27bc23-binance-ETHBUSD","timestamp":"2022-03-02T04:26:58.704Z"}
{"assetPair":"ETHBUSD","data":{"price":"3022.39000000","symbol":"ETHBUSD"},"level":"info","message":"Latest price","service":"api-d27bc23-binance-ETHBUSD","timestamp":"2022-03-02T04:29:58.737Z"}
{"assetPair":"ETHBUSD","data":{"price":"3023.91000000","symbol":"ETHBUSD"},"level":"info","message":"Latest price","service":"api-d27bc23-binance-ETHBUSD","timestamp":"2022-03-02T04:32:58.763Z"}
{"assetPair":"ETHBUSD","data":{"price":"3029.98000000","symbol":"ETHBUSD"},"level":"info","message":"Latest price","service":"api-d27bc23-binance-ETHBUSD","timestamp":"2022-03-02T04:35:58.805Z"}
{"assetPair":"ETHBUSD","data":{"price":"3026.22000000","symbol":"ETHBUSD"},"level":"info","message":"Latest price","service":"api-d27bc23-binance-ETHBUSD","timestamp":"2022-03-02T04:38:58.845Z"}
{"assetPair":"ETHBUSD","data":{"price":"3023.43000000","symbol":"ETHBUSD"},"level":"info","message":"Latest price","service":"api-d27bc23-binance-ETHBUSD","timestamp":"2022-03-02T04:41:58.878Z"}
{"assetPair":"ETHBUSD","data":{"price":"3021.24000000","symbol":"ETHBUSD"},"level":"info","message":"Latest price","service":"api-d27bc23-binance-ETHBUSD","timestamp":"2022-03-02T04:44:58.916Z"}
{"assetPair":"ETHBUSD","data":{"price":"3012.40000000","symbol":"ETHBUSD"},"level":"info","message":"Latest price","service":"api-d27bc23-binance-ETHBUSD","timestamp":"2022-03-02T04:47:58.951Z"}
{"assetPair":"ETHBUSD","data":{"price":"3008.58000000","symbol":"ETHBUSD"},"level":"info","message":"Latest price","service":"api-d27bc23-binance-ETHBUSD","timestamp":"2022-03-02T04:50:58.990Z"}
{"assetPair":"ETHBUSD","data":{"price":"3008.33000000","symbol":"ETHBUSD"},"level":"info","message":"Latest price","service":"api-d27bc23-binance-ETHBUSD","timestamp":"2022-03-02T04:53:59.020Z"}
{"assetPair":"ETHBUSD","data":{"price":"2997.34000000","symbol":"ETHBUSD"},"level":"info","message":"Latest price","service":"api-d27bc23-binance-ETHBUSD","timestamp":"2022-03-02T04:56:59.044Z"}
{"assetPair":"ETHBUSD","data":{"price":"2999.12000000","symbol":"ETHBUSD"},"level":"info","message":"Latest price","service":"api-d27bc23-binance-ETHBUSD","timestamp":"2022-03-02T04:59:59.087Z"}
{"assetPair":"ETHBUSD","data":{"price":"3001.17000000","symbol":"ETHBUSD"},"level":"info","message":"Latest price","service":"api-d27bc23-binance-ETHBUSD","timestamp":"2022-03-02T05:02:59.144Z"}
{"assetPair":"ETHBUSD","data":{"price":"3000.46000000","symbol":"ETHBUSD"},"level":"info","message":"Latest price","service":"api-d27bc23-binance-ETHBUSD","timestamp":"2022-03-02T05:05:59.186Z"}
{"assetPair":"ETHBUSD","data":{"price":"2997.56000000","symbol":"ETHBUSD"},"level":"info","message":"Latest price","service":"api-d27bc23-binance-ETHBUSD","timestamp":"2022-03-02T05:08:59.234Z"}
{"assetPair":"ETHBUSD","data":{"price":"2998.19000000","symbol":"ETHBUSD"},"level":"info","message":"Latest price","service":"api-d27bc23-binance-ETHBUSD","timestamp":"2022-03-02T05:11:59.268Z"}
{"assetPair":"ETHBUSD","data":{"price":"2998.22000000","symbol":"ETHBUSD"},"level":"info","message":"Latest price","service":"api-d27bc23-binance-ETHBUSD","timestamp":"2022-03-02T05:14:59.298Z"}
{"assetPair":"ETHBUSD","data":{"price":"3008.43000000","symbol":"ETHBUSD"},"level":"info","message":"Latest price","service":"api-d27bc23-binance-ETHBUSD","timestamp":"2022-03-02T05:17:59.353Z"}
{"assetPair":"ETHBUSD","data":{"price":"3005.04000000","symbol":"ETHBUSD"},"level":"info","message":"Latest price","service":"api-d27bc23-binance-ETHBUSD","timestamp":"2022-03-02T05:20:59.385Z"}
{"assetPair":"ETHBUSD","data":{"price":"3002.15000000","symbol":"ETHBUSD"},"level":"info","message":"Latest price","service":"api-d27bc23-binance-ETHBUSD","timestamp":"2022-03-02T05:23:59.451Z"}
{"assetPair":"ETHBUSD","data":{"price":"2994.24000000","symbol":"ETHBUSD"},"level":"info","message":"Latest price","service":"api-d27bc23-binance-ETHBUSD","timestamp":"2022-03-02T05:26:59.481Z"}
{"assetPair":"ETHBUSD","data":{"price":"2987.54000000","symbol":"ETHBUSD"},"level":"info","message":"Latest price","service":"api-d27bc23-binance-ETHBUSD","timestamp":"2022-03-02T05:29:59.516Z"}
{"assetPair":"ETHBUSD","data":{"price":"2986.52000000","symbol":"ETHBUSD"},"level":"info","message":"Latest price","service":"api-d27bc23-binance-ETHBUSD","timestamp":"2022-03-02T05:32:59.547Z"}
{"assetPair":"ETHBUSD","data":{"price":"2993.17000000","symbol":"ETHBUSD"},"level":"info","message":"Latest price","service":"api-d27bc23-binance-ETHBUSD","timestamp":"2022-03-02T05:35:59.598Z"}
{"assetPair":"ETHBUSD","data":{"price":"2992.05000000","symbol":"ETHBUSD"},"level":"info","message":"Latest price","service":"api-d27bc23-binance-ETHBUSD","timestamp":"2022-03-02T05:38:59.636Z"}
{"assetPair":"ETHBUSD","data":{"price":"2992.95000000","symbol":"ETHBUSD"},"level":"info","message":"Latest price","service":"api-d27bc23-binance-ETHBUSD","timestamp":"2022-03-02T05:41:59.696Z"}
{"assetPair":"ETHBUSD","data":{"price":"3000.56000000","symbol":"ETHBUSD"},"level":"info","message":"Latest price","service":"api-d27bc23-binance-ETHBUSD","timestamp":"2022-03-02T05:44:59.772Z"}
{"assetPair":"ETHBUSD","data":{"price":"3001.08000000","symbol":"ETHBUSD"},"level":"info","message":"Latest price","service":"api-d27bc23-binance-ETHBUSD","timestamp":"2022-03-02T05:47:59.854Z"}
{"assetPair":"ETHBUSD","data":{"price":"3001.62000000","symbol":"ETHBUSD"},"level":"info","message":"Latest price","service":"api-d27bc23-binance-ETHBUSD","timestamp":"2022-03-02T05:50:59.883Z"}
{"assetPair":"ETHBUSD","data":{"price":"3000.19000000","symbol":"ETHBUSD"},"level":"info","message":"Latest price","service":"api-d27bc23-binance-ETHBUSD","timestamp":"2022-03-02T05:53:59.920Z"}
{"assetPair":"ETHBUSD","data":{"price":"3005.72000000","symbol":"ETHBUSD"},"level":"info","message":"Latest price","service":"api-d27bc23-binance-ETHBUSD","timestamp":"2022-03-02T05:56:59.984Z"}
{"assetPair":"ETHBUSD","data":{"price":"3002.65000000","symbol":"ETHBUSD"},"level":"info","message":"Latest price","service":"api-d27bc23-binance-ETHBUSD","timestamp":"2022-03-02T06:00:00.040Z"}
{"assetPair":"ETHBUSD","data":{"price":"2993.25000000","symbol":"ETHBUSD"},"level":"info","message":"Latest price","service":"api-d27bc23-binance-ETHBUSD","timestamp":"2022-03-02T06:03:00.120Z"}
{"assetPair":"ETHBUSD","data":{"price":"2993.97000000","symbol":"ETHBUSD"},"level":"info","message":"Latest price","service":"api-d27bc23-binance-ETHBUSD","timestamp":"2022-03-02T06:06:00.159Z"}
{"assetPair":"ETHBUSD","data":{"price":"3001.34000000","symbol":"ETHBUSD"},"level":"info","message":"Latest price","service":"api-d27bc23-binance-ETHBUSD","timestamp":"2022-03-02T06:09:00.203Z"}
{"assetPair":"ETHBUSD","data":{"price":"2994.71000000","symbol":"ETHBUSD"},"level":"info","message":"Latest price","service":"api-d27bc23-binance-ETHBUSD","timestamp":"2022-03-02T06:12:00.282Z"}
{"assetPair":"ETHBUSD","data":{"price":"2988.96000000","symbol":"ETHBUSD"},"level":"info","message":"Latest price","service":"api-d27bc23-binance-ETHBUSD","timestamp":"2022-03-02T06:15:00.315Z"}
{"assetPair":"ETHBUSD","data":{"price":"2988.93000000","symbol":"ETHBUSD"},"level":"info","message":"Latest price","service":"api-d27bc23-binance-ETHBUSD","timestamp":"2022-03-02T06:18:00.355Z"}
{"assetPair":"ETHBUSD","data":{"price":"2987.60000000","symbol":"ETHBUSD"},"level":"info","message":"Latest price","service":"api-d27bc23-binance-ETHBUSD","timestamp":"2022-03-02T06:21:00.412Z"}
{"assetPair":"ETHBUSD","data":{"price":"2980.28000000","symbol":"ETHBUSD"},"level":"info","message":"Latest price","service":"api-d27bc23-binance-ETHBUSD","timestamp":"2022-03-02T06:24:00.446Z"}
{"assetPair":"ETHBUSD","data":{"price":"2984.97000000","symbol":"ETHBUSD"},"level":"info","message":"Latest price","service":"api-d27bc23-binance-ETHBUSD","timestamp":"2022-03-02T06:27:00.517Z"}
{"assetPair":"ETHBUSD","data":{"price":"2986.87000000","symbol":"ETHBUSD"},"level":"info","message":"Latest price","service":"api-d27bc23-binance-ETHBUSD","timestamp":"2022-03-02T06:30:00.552Z"}
{"assetPair":"ETHBUSD","data":{"price":"2980.94000000","symbol":"ETHBUSD"},"level":"info","message":"Latest price","service":"api-d27bc23-binance-ETHBUSD","timestamp":"2022-03-02T06:33:00.624Z"}
{"assetPair":"ETHBUSD","data":{"price":"2980.27000000","symbol":"ETHBUSD"},"level":"info","message":"Latest price","service":"api-d27bc23-binance-ETHBUSD","timestamp":"2022-03-02T06:36:00.702Z"}
{"assetPair":"ETHBUSD","data":{"price":"2977.26000000","symbol":"ETHBUSD"},"level":"info","message":"Latest price","service":"api-d27bc23-binance-ETHBUSD","timestamp":"2022-03-02T06:39:00.741Z"}
{"assetPair":"ETHBUSD","data":{"price":"2982.06000000","symbol":"ETHBUSD"},"level":"info","message":"Latest price","service":"api-d27bc23-binance-ETHBUSD","timestamp":"2022-03-02T06:42:00.799Z"}
{"assetPair":"ETHBUSD","data":{"price":"2976.72000000","symbol":"ETHBUSD"},"level":"info","message":"Latest price","service":"api-d27bc23-binance-ETHBUSD","timestamp":"2022-03-02T06:45:00.854Z"}
{"assetPair":"ETHBUSD","data":{"price":"2979.72000000","symbol":"ETHBUSD"},"level":"info","message":"Latest price","service":"api-d27bc23-binance-ETHBUSD","timestamp":"2022-03-02T06:48:00.947Z"}
{"assetPair":"ETHBUSD","data":{"price":"2978.70000000","symbol":"ETHBUSD"},"level":"info","message":"Latest price","service":"api-d27bc23-binance-ETHBUSD","timestamp":"2022-03-02T06:51:00.985Z"}
{"assetPair":"ETHBUSD","data":{"price":"2977.81000000","symbol":"ETHBUSD"},"level":"info","message":"Latest price","service":"api-d27bc23-binance-ETHBUSD","timestamp":"2022-03-02T06:54:01.042Z"}
{"assetPair":"ETHBUSD","data":{"price":"2968.19000000","symbol":"ETHBUSD"},"level":"info","message":"Latest price","service":"api-d27bc23-binance-ETHBUSD","timestamp":"2022-03-02T06:57:01.075Z"}
{"assetPair":"ETHBUSD","data":{"price":"2967.51000000","symbol":"ETHBUSD"},"level":"info","message":"Latest price","service":"api-d27bc23-binance-ETHBUSD","timestamp":"2022-03-02T07:00:01.118Z"}
{"assetPair":"ETHBUSD","data":{"price":"2962.47000000","symbol":"ETHBUSD"},"level":"info","message":"Latest price","service":"api-d27bc23-binance-ETHBUSD","timestamp":"2022-03-02T07:03:01.192Z"}
{"assetPair":"ETHBUSD","data":{"price":"2967.75000000","symbol":"ETHBUSD"},"level":"info","message":"Latest price","service":"api-d27bc23-binance-ETHBUSD","timestamp":"2022-03-02T07:06:01.268Z"}
{"assetPair":"ETHBUSD","data":{"price":"2964.14000000","symbol":"ETHBUSD"},"level":"info","message":"Latest price","service":"api-d27bc23-binance-ETHBUSD","timestamp":"2022-03-02T07:09:01.308Z"}
{"assetPair":"ETHBUSD","data":{"price":"2959.71000000","symbol":"ETHBUSD"},"level":"info","message":"Latest price","service":"api-d27bc23-binance-ETHBUSD","timestamp":"2022-03-02T07:12:01.351Z"}
{"assetPair":"ETHBUSD","data":{"price":"2963.48000000","symbol":"ETHBUSD"},"level":"info","message":"Latest price","service":"api-d27bc23-binance-ETHBUSD","timestamp":"2022-03-02T07:15:01.390Z"}
{"assetPair":"ETHBUSD","data":{"price":"2963.00000000","symbol":"ETHBUSD"},"level":"info","message":"Latest price","service":"api-d27bc23-binance-ETHBUSD","timestamp":"2022-03-02T07:18:01.421Z"}
{"assetPair":"ETHBUSD","data":{"price":"2960.51000000","symbol":"ETHBUSD"},"level":"info","message":"Latest price","service":"api-d27bc23-binance-ETHBUSD","timestamp":"2022-03-02T07:21:01.451Z"}
{"assetPair":"ETHBUSD","data":{"price":"2962.34000000","symbol":"ETHBUSD"},"level":"info","message":"Latest price","service":"api-d27bc23-binance-ETHBUSD","timestamp":"2022-03-02T07:24:01.485Z"}
{"assetPair":"ETHBUSD","data":{"price":"2971.97000000","symbol":"ETHBUSD"},"level":"info","message":"Latest price","service":"api-d27bc23-binance-ETHBUSD","timestamp":"2022-03-02T07:27:01.566Z"}
{"assetPair":"ETHBUSD","data":{"price":"2976.05000000","symbol":"ETHBUSD"},"level":"info","message":"Latest price","service":"api-d27bc23-binance-ETHBUSD","timestamp":"2022-03-02T07:30:01.610Z"}
{"assetPair":"ETHBUSD","data":{"price":"2972.96000000","symbol":"ETHBUSD"},"level":"info","message":"Latest price","service":"api-d27bc23-binance-ETHBUSD","timestamp":"2022-03-02T07:33:01.646Z"}
{"assetPair":"ETHBUSD","data":{"price":"2971.22000000","symbol":"ETHBUSD"},"level":"info","message":"Latest price","service":"api-d27bc23-binance-ETHBUSD","timestamp":"2022-03-02T07:36:01.705Z"}
{"assetPair":"ETHBUSD","data":{"price":"2968.90000000","symbol":"ETHBUSD"},"level":"info","message":"Latest price","service":"api-d27bc23-binance-ETHBUSD","timestamp":"2022-03-02T07:39:01.764Z"}
{"assetPair":"ETHBUSD","data":{"price":"2972.46000000","symbol":"ETHBUSD"},"level":"info","message":"Latest price","service":"api-d27bc23-binance-ETHBUSD","timestamp":"2022-03-02T07:42:01.792Z"}
{"assetPair":"ETHBUSD","data":{"price":"2975.33000000","symbol":"ETHBUSD"},"level":"info","message":"Latest price","service":"api-d27bc23-binance-ETHBUSD","timestamp":"2022-03-02T07:45:01.873Z"}
{"assetPair":"ETHBUSD","data":{"price":"2972.59000000","symbol":"ETHBUSD"},"level":"info","message":"Latest price","service":"api-d27bc23-binance-ETHBUSD","timestamp":"2022-03-02T07:48:01.907Z"}
{"assetPair":"ETHBUSD","data":{"price":"2978.38000000","symbol":"ETHBUSD"},"level":"info","message":"Latest price","service":"api-d27bc23-binance-ETHBUSD","timestamp":"2022-03-02T07:51:01.944Z"}
{"assetPair":"ETHBUSD","data":{"price":"2975.09000000","symbol":"ETHBUSD"},"level":"info","message":"Latest price","service":"api-d27bc23-binance-ETHBUSD","timestamp":"2022-03-02T07:54:01.982Z"}
{"assetPair":"ETHBUSD","data":{"price":"2970.87000000","symbol":"ETHBUSD"},"level":"info","message":"Latest price","service":"api-d27bc23-binance-ETHBUSD","timestamp":"2022-03-02T07:57:02.021Z"}
{"assetPair":"ETHBUSD","data":{"price":"2971.49000000","symbol":"ETHBUSD"},"level":"info","message":"Latest price","service":"api-d27bc23-binance-ETHBUSD","timestamp":"2022-03-02T08:00:02.068Z"}
{"assetPair":"ETHBUSD","data":{"price":"2971.13000000","symbol":"ETHBUSD"},"level":"info","message":"Latest price","service":"api-d27bc23-binance-ETHBUSD","timestamp":"2022-03-02T08:03:02.126Z"}
{"assetPair":"ETHBUSD","data":{"price":"2962.53000000","symbol":"ETHBUSD"},"level":"info","message":"Latest price","service":"api-d27bc23-binance-ETHBUSD","timestamp":"2022-03-02T08:06:02.159Z"}
{"assetPair":"ETHBUSD","data":{"price":"2958.18000000","symbol":"ETHBUSD"},"level":"info","message":"Latest price","service":"api-d27bc23-binance-ETHBUSD","timestamp":"2022-03-02T08:09:02.219Z"}
{"assetPair":"ETHBUSD","data":{"price":"2967.04000000","symbol":"ETHBUSD"},"level":"info","message":"Latest price","service":"api-d27bc23-binance-ETHBUSD","timestamp":"2022-03-02T08:12:02.254Z"}
{"assetPair":"ETHBUSD","data":{"price":"2969.20000000","symbol":"ETHBUSD"},"level":"info","message":"Latest price","service":"api-d27bc23-binance-ETHBUSD","timestamp":"2022-03-02T08:15:02.296Z"}
{"assetPair":"ETHBUSD","data":{"price":"2987.62000000","symbol":"ETHBUSD"},"level":"info","message":"Latest price","service":"api-d27bc23-binance-ETHBUSD","timestamp":"2022-03-02T08:18:02.330Z"}
{"assetPair":"ETHBUSD","data":{"price":"3001.15000000","symbol":"ETHBUSD"},"level":"info","message":"Latest price","service":"api-d27bc23-binance-ETHBUSD","timestamp":"2022-03-02T08:21:02.369Z"}
{"assetPair":"ETHBUSD","data":{"price":"2997.50000000","symbol":"ETHBUSD"},"level":"info","message":"Latest price","service":"api-d27bc23-binance-ETHBUSD","timestamp":"2022-03-02T08:24:02.399Z"}
{"assetPair":"ETHBUSD","data":{"price":"2988.89000000","symbol":"ETHBUSD"},"level":"info","message":"Latest price","service":"api-d27bc23-binance-ETHBUSD","timestamp":"2022-03-02T08:27:02.435Z"}
{"assetPair":"ETHBUSD","data":{"price":"2996.35000000","symbol":"ETHBUSD"},"level":"info","message":"Latest price","service":"api-d27bc23-binance-ETHBUSD","timestamp":"2022-03-02T08:30:02.502Z"}
{"assetPair":"ETHBUSD","data":{"price":"2999.17000000","symbol":"ETHBUSD"},"level":"info","message":"Latest price","service":"api-d27bc23-binance-ETHBUSD","timestamp":"2022-03-02T08:33:02.569Z"}
{"assetPair":"ETHBUSD","data":{"price":"2998.97000000","symbol":"ETHBUSD"},"level":"info","message":"Latest price","service":"api-d27bc23-binance-ETHBUSD","timestamp":"2022-03-02T08:36:02.603Z"}
{"assetPair":"ETHBUSD","data":{"price":"3005.51000000","symbol":"ETHBUSD"},"level":"info","message":"Latest price","service":"api-d27bc23-binance-ETHBUSD","timestamp":"2022-03-02T08:39:02.628Z"}
{"assetPair":"ETHBUSD","data":{"price":"3002.78000000","symbol":"ETHBUSD"},"level":"info","message":"Latest price","service":"api-d27bc23-binance-ETHBUSD","timestamp":"2022-03-02T08:42:02.671Z"}
{"assetPair":"ETHBUSD","data":{"price":"3000.04000000","symbol":"ETHBUSD"},"level":"info","message":"Latest price","service":"api-d27bc23-binance-ETHBUSD","timestamp":"2022-03-02T08:45:02.705Z"}
{"assetPair":"ETHBUSD","data":{"price":"2990.43000000","symbol":"ETHBUSD"},"level":"info","message":"Latest price","service":"api-d27bc23-binance-ETHBUSD","timestamp":"2022-03-02T08:48:02.742Z"}
{"assetPair":"ETHBUSD","data":{"price":"2985.11000000","symbol":"ETHBUSD"},"level":"info","message":"Latest price","service":"api-d27bc23-binance-ETHBUSD","timestamp":"2022-03-02T08:51:02.779Z"}
{"assetPair":"ETHBUSD","data":{"price":"2983.34000000","symbol":"ETHBUSD"},"level":"info","message":"Latest price","service":"api-d27bc23-binance-ETHBUSD","timestamp":"2022-03-02T08:54:02.870Z"}
{"assetPair":"ETHBUSD","data":{"price":"2977.24000000","symbol":"ETHBUSD"},"level":"info","message":"Latest price","service":"api-d27bc23-binance-ETHBUSD","timestamp":"2022-03-02T08:57:02.903Z"}
{"assetPair":"ETHBUSD","data":{"price":"2977.80000000","symbol":"ETHBUSD"},"level":"info","message":"Latest price","service":"api-d27bc23-binance-ETHBUSD","timestamp":"2022-03-02T09:00:02.934Z"}
{"assetPair":"ETHBUSD","data":{"price":"2978.29000000","symbol":"ETHBUSD"},"level":"info","message":"Latest price","service":"api-d27bc23-binance-ETHBUSD","timestamp":"2022-03-02T09:03:02.968Z"}
{"assetPair":"ETHBUSD","data":{"price":"2986.43000000","symbol":"ETHBUSD"},"level":"info","message":"Latest price","service":"api-d27bc23-binance-ETHBUSD","timestamp":"2022-03-02T09:06:03.040Z"}
{"assetPair":"ETHBUSD","data":{"price":"2989.00000000","symbol":"ETHBUSD"},"level":"info","message":"Latest price","service":"api-d27bc23-binance-ETHBUSD","timestamp":"2022-03-02T09:09:03.124Z"}
{"assetPair":"ETHBUSD","data":{"price":"2990.82000000","symbol":"ETHBUSD"},"level":"info","message":"Latest price","service":"api-d27bc23-binance-ETHBUSD","timestamp":"2022-03-02T09:12:03.156Z"}
{"assetPair":"ETHBUSD","data":{"price":"2986.13000000","symbol":"ETHBUSD"},"level":"info","message":"Latest price","service":"api-d27bc23-binance-ETHBUSD","timestamp":"2022-03-02T09:15:03.239Z"}
{"assetPair":"ETHBUSD","data":{"price":"2988.98000000","symbol":"ETHBUSD"},"level":"info","message":"Latest price","service":"api-d27bc23-binance-ETHBUSD","timestamp":"2022-03-02T09:18:03.280Z"}
{"assetPair":"ETHBUSD","data":{"price":"2998.11000000","symbol":"ETHBUSD"},"level":"info","message":"Latest price","service":"api-d27bc23-binance-ETHBUSD","timestamp":"2022-03-02T09:21:03.322Z"}
{"assetPair":"ETHBUSD","data":{"price":"2998.31000000","symbol":"ETHBUSD"},"level":"info","message":"Latest price","service":"api-d27bc23-binance-ETHBUSD","timestamp":"2022-03-02T09:24:03.356Z"}
{"assetPair":"ETHBUSD","data":{"price":"2995.58000000","symbol":"ETHBUSD"},"level":"info","message":"Latest price","service":"api-d27bc23-binance-ETHBUSD","timestamp":"2022-03-02T09:27:03.387Z"}
{"assetPair":"ETHBUSD","data":{"price":"2980.26000000","symbol":"ETHBUSD"},"level":"info","message":"Latest price","service":"api-d27bc23-binance-ETHBUSD","timestamp":"2022-03-02T09:30:03.426Z"}
{"assetPair":"ETHBUSD","data":{"price":"2984.70000000","symbol":"ETHBUSD"},"level":"info","message":"Latest price","service":"api-d27bc23-binance-ETHBUSD","timestamp":"2022-03-02T09:33:03.458Z"}
{"assetPair":"ETHBUSD","data":{"price":"2993.87000000","symbol":"ETHBUSD"},"level":"info","message":"Latest price","service":"api-d27bc23-binance-ETHBUSD","timestamp":"2022-03-02T09:36:03.494Z"}
{"assetPair":"ETHBUSD","data":{"price":"2991.74000000","symbol":"ETHBUSD"},"level":"info","message":"Latest price","service":"api-d27bc23-binance-ETHBUSD","timestamp":"2022-03-02T09:39:03.525Z"}
{"assetPair":"ETHBUSD","data":{"price":"2991.90000000","symbol":"ETHBUSD"},"level":"info","message":"Latest price","service":"api-d27bc23-binance-ETHBUSD","timestamp":"2022-03-02T09:42:03.564Z"}
{"assetPair":"ETHBUSD","data":{"price":"2992.40000000","symbol":"ETHBUSD"},"level":"info","message":"Latest price","service":"api-d27bc23-binance-ETHBUSD","timestamp":"2022-03-02T09:45:03.597Z"}
{"assetPair":"ETHBUSD","data":{"price":"2998.54000000","symbol":"ETHBUSD"},"level":"info","message":"Latest price","service":"api-d27bc23-binance-ETHBUSD","timestamp":"2022-03-02T09:48:03.632Z"}
{"assetPair":"ETHBUSD","data":{"price":"3002.04000000","symbol":"ETHBUSD"},"level":"info","message":"Latest price","service":"api-d27bc23-binance-ETHBUSD","timestamp":"2022-03-02T09:51:03.739Z"}
{"assetPair":"ETHBUSD","data":{"price":"2998.33000000","symbol":"ETHBUSD"},"level":"info","message":"Latest price","service":"api-d27bc23-binance-ETHBUSD","timestamp":"2022-03-02T09:54:03.780Z"}
{"assetPair":"ETHBUSD","data":{"price":"2991.87000000","symbol":"ETHBUSD"},"level":"info","message":"Latest price","service":"api-d27bc23-binance-ETHBUSD","timestamp":"2022-03-02T09:57:03.817Z"}
{"assetPair":"ETHBUSD","data":{"price":"2994.39000000","symbol":"ETHBUSD"},"level":"info","message":"Latest price","service":"api-d27bc23-binance-ETHBUSD","timestamp":"2022-03-02T10:00:03.851Z"}
{"assetPair":"ETHBUSD","data":{"price":"3000.43000000","symbol":"ETHBUSD"},"level":"info","message":"Latest price","service":"api-d27bc23-binance-ETHBUSD","timestamp":"2022-03-02T10:03:03.880Z"}
{"assetPair":"ETHBUSD","data":{"price":"2998.64000000","symbol":"ETHBUSD"},"level":"info","message":"Latest price","service":"api-d27bc23-binance-ETHBUSD","timestamp":"2022-03-02T10:06:03.926Z"}
{"assetPair":"ETHBUSD","data":{"price":"3004.37000000","symbol":"ETHBUSD"},"level":"info","message":"Latest price","service":"api-d27bc23-binance-ETHBUSD","timestamp":"2022-03-02T10:09:03.958Z"}
{"assetPair":"ETHBUSD","data":{"price":"3001.26000000","symbol":"ETHBUSD"},"level":"info","message":"Latest price","service":"api-d27bc23-binance-ETHBUSD","timestamp":"2022-03-02T10:12:03.992Z"}
{"assetPair":"ETHBUSD","data":{"price":"3001.68000000","symbol":"ETHBUSD"},"level":"info","message":"Latest price","service":"api-d27bc23-binance-ETHBUSD","timestamp":"2022-03-02T10:15:04.078Z"}
{"assetPair":"ETHBUSD","data":{"price":"2999.27000000","symbol":"ETHBUSD"},"level":"info","message":"Latest price","service":"api-d27bc23-binance-ETHBUSD","timestamp":"2022-03-02T10:18:04.111Z"}
{"assetPair":"ETHBUSD","data":{"price":"2999.03000000","symbol":"ETHBUSD"},"level":"info","message":"Latest price","service":"api-d27bc23-binance-ETHBUSD","timestamp":"2022-03-02T10:21:04.207Z"}
{"assetPair":"ETHBUSD","data":{"price":"2999.44000000","symbol":"ETHBUSD"},"level":"info","message":"Latest price","service":"api-d27bc23-binance-ETHBUSD","timestamp":"2022-03-02T10:24:04.255Z"}
{"assetPair":"ETHBUSD","data":{"price":"3001.94000000","symbol":"ETHBUSD"},"level":"info","message":"Latest price","service":"api-d27bc23-binance-ETHBUSD","timestamp":"2022-03-02T10:27:04.286Z"}
{"assetPair":"ETHBUSD","data":{"price":"3000.00000000","symbol":"ETHBUSD"},"level":"info","message":"Latest price","service":"api-d27bc23-binance-ETHBUSD","timestamp":"2022-03-02T10:30:04.331Z"}
{"assetPair":"ETHBUSD","data":{"price":"3004.35000000","symbol":"ETHBUSD"},"level":"info","message":"Latest price","service":"api-d27bc23-binance-ETHBUSD","timestamp":"2022-03-02T10:33:04.398Z"}
{"assetPair":"ETHBUSD","data":{"price":"3021.69000000","symbol":"ETHBUSD"},"level":"info","message":"Latest price","service":"api-d27bc23-binance-ETHBUSD","timestamp":"2022-03-02T10:36:04.467Z"}
{"assetPair":"ETHBUSD","data":{"price":"3022.98000000","symbol":"ETHBUSD"},"level":"info","message":"Latest price","service":"api-d27bc23-binance-ETHBUSD","timestamp":"2022-03-02T10:39:04.505Z"}
{"assetPair":"ETHBUSD","data":{"price":"3014.93000000","symbol":"ETHBUSD"},"level":"info","message":"Latest price","service":"api-d27bc23-binance-ETHBUSD","timestamp":"2022-03-02T10:42:04.562Z"}
{"assetPair":"ETHBUSD","data":{"price":"3013.41000000","symbol":"ETHBUSD"},"level":"info","message":"Latest price","service":"api-d27bc23-binance-ETHBUSD","timestamp":"2022-03-02T10:45:04.590Z"}
{"assetPair":"ETHBUSD","data":{"price":"3017.06000000","symbol":"ETHBUSD"},"level":"info","message":"Latest price","service":"api-d27bc23-binance-ETHBUSD","timestamp":"2022-03-02T10:48:04.636Z"}
{"assetPair":"ETHBUSD","data":{"price":"3011.42000000","symbol":"ETHBUSD"},"level":"info","message":"Latest price","service":"api-d27bc23-binance-ETHBUSD","timestamp":"2022-03-02T10:51:04.670Z"}
{"assetPair":"ETHBUSD","data":{"price":"3010.18000000","symbol":"ETHBUSD"},"level":"info","message":"Latest price","service":"api-d27bc23-binance-ETHBUSD","timestamp":"2022-03-02T10:54:04.711Z"}
{"assetPair":"ETHBUSD","data":{"price":"3005.47000000","symbol":"ETHBUSD"},"level":"info","message":"Latest price","service":"api-d27bc23-binance-ETHBUSD","timestamp":"2022-03-02T10:57:04.751Z"}
{"assetPair":"ETHBUSD","data":{"price":"3008.53000000","symbol":"ETHBUSD"},"level":"info","message":"Latest price","service":"api-d27bc23-binance-ETHBUSD","timestamp":"2022-03-02T11:00:04.787Z"}
{"assetPair":"ETHBUSD","data":{"price":"2994.89000000","symbol":"ETHBUSD"},"level":"info","message":"Latest price","service":"api-d27bc23-binance-ETHBUSD","timestamp":"2022-03-02T11:03:04.821Z"}
{"assetPair":"ETHBUSD","data":{"price":"2994.16000000","symbol":"ETHBUSD"},"level":"info","message":"Latest price","service":"api-d27bc23-binance-ETHBUSD","timestamp":"2022-03-02T11:06:04.860Z"}
{"assetPair":"ETHBUSD","data":{"price":"2993.15000000","symbol":"ETHBUSD"},"level":"info","message":"Latest price","service":"api-d27bc23-binance-ETHBUSD","timestamp":"2022-03-02T11:09:04.911Z"}
{"assetPair":"ETHBUSD","data":{"price":"2997.00000000","symbol":"ETHBUSD"},"level":"info","message":"Latest price","service":"api-d27bc23-binance-ETHBUSD","timestamp":"2022-03-02T11:12:04.951Z"}
{"assetPair":"ETHBUSD","data":{"price":"3002.59000000","symbol":"ETHBUSD"},"level":"info","message":"Latest price","service":"api-d27bc23-binance-ETHBUSD","timestamp":"2022-03-02T11:15:04.980Z"}
{"assetPair":"ETHBUSD","data":{"price":"3003.14000000","symbol":"ETHBUSD"},"level":"info","message":"Latest price","service":"api-d27bc23-binance-ETHBUSD","timestamp":"2022-03-02T11:18:05.033Z"}
{"assetPair":"ETHBUSD","data":{"price":"3001.70000000","symbol":"ETHBUSD"},"level":"info","message":"Latest price","service":"api-d27bc23-binance-ETHBUSD","timestamp":"2022-03-02T11:21:05.061Z"}
{"assetPair":"ETHBUSD","data":{"price":"2993.26000000","symbol":"ETHBUSD"},"level":"info","message":"Latest price","service":"api-d27bc23-binance-ETHBUSD","timestamp":"2022-03-02T11:24:05.103Z"}
{"assetPair":"ETHBUSD","data":{"price":"3001.43000000","symbol":"ETHBUSD"},"level":"info","message":"Latest price","service":"api-d27bc23-binance-ETHBUSD","timestamp":"2022-03-02T11:27:05.139Z"}
{"assetPair":"ETHBUSD","data":{"price":"3002.00000000","symbol":"ETHBUSD"},"level":"info","message":"Latest price","service":"api-d27bc23-binance-ETHBUSD","timestamp":"2022-03-02T11:30:05.176Z"}
{"assetPair":"ETHBUSD","data":{"price":"3002.14000000","symbol":"ETHBUSD"},"level":"info","message":"Latest price","service":"api-d27bc23-binance-ETHBUSD","timestamp":"2022-03-02T11:33:05.217Z"}
{"assetPair":"ETHBUSD","data":{"price":"2997.56000000","symbol":"ETHBUSD"},"level":"info","message":"Latest price","service":"api-d27bc23-binance-ETHBUSD","timestamp":"2022-03-02T11:36:05.257Z"}
{"assetPair":"ETHBUSD","data":{"price":"2999.71000000","symbol":"ETHBUSD"},"level":"info","message":"Latest price","service":"api-d27bc23-binance-ETHBUSD","timestamp":"2022-03-02T11:39:05.293Z"}
{"assetPair":"ETHBUSD","data":{"price":"3001.47000000","symbol":"ETHBUSD"},"level":"info","message":"Latest price","service":"api-d27bc23-binance-ETHBUSD","timestamp":"2022-03-02T11:42:05.328Z"}
{"assetPair":"ETHBUSD","data":{"price":"3007.64000000","symbol":"ETHBUSD"},"level":"info","message":"Latest price","service":"api-d27bc23-binance-ETHBUSD","timestamp":"2022-03-02T11:45:05.414Z"}
{"assetPair":"ETHBUSD","data":{"price":"3006.54000000","symbol":"ETHBUSD"},"level":"info","message":"Latest price","service":"api-d27bc23-binance-ETHBUSD","timestamp":"2022-03-02T11:48:05.501Z"}
{"assetPair":"ETHBUSD","data":{"price":"3003.38000000","symbol":"ETHBUSD"},"level":"info","message":"Latest price","service":"api-d27bc23-binance-ETHBUSD","timestamp":"2022-03-02T11:51:05.527Z"}
{"assetPair":"ETHBUSD","data":{"price":"3001.63000000","symbol":"ETHBUSD"},"level":"info","message":"Latest price","service":"api-d27bc23-binance-ETHBUSD","timestamp":"2022-03-02T11:54:05.611Z"}
{"assetPair":"ETHBUSD","data":{"price":"3004.81000000","symbol":"ETHBUSD"},"level":"info","message":"Latest price","service":"api-d27bc23-binance-ETHBUSD","timestamp":"2022-03-02T11:57:05.656Z"}
{"assetPair":"ETHBUSD","data":{"price":"3006.16000000","symbol":"ETHBUSD"},"level":"info","message":"Latest price","service":"api-d27bc23-binance-ETHBUSD","timestamp":"2022-03-02T12:00:05.686Z"}
{"assetPair":"ETHBUSD","data":{"price":"3006.35000000","symbol":"ETHBUSD"},"level":"info","message":"Latest price","service":"api-d27bc23-binance-ETHBUSD","timestamp":"2022-03-02T12:03:05.713Z"}
{"assetPair":"ETHBUSD","data":{"price":"3005.91000000","symbol":"ETHBUSD"},"level":"info","message":"Latest price","service":"api-d27bc23-binance-ETHBUSD","timestamp":"2022-03-02T12:06:05.758Z"}
{"assetPair":"ETHBUSD","data":{"price":"3012.58000000","symbol":"ETHBUSD"},"level":"info","message":"Latest price","service":"api-d27bc23-binance-ETHBUSD","timestamp":"2022-03-02T12:09:05.788Z"}
{"assetPair":"ETHBUSD","data":{"price":"3016.18000000","symbol":"ETHBUSD"},"level":"info","message":"Latest price","service":"api-d27bc23-binance-ETHBUSD","timestamp":"2022-03-02T12:12:05.868Z"}
{"assetPair":"ETHBUSD","data":{"price":"3021.48000000","symbol":"ETHBUSD"},"level":"info","message":"Latest price","service":"api-d27bc23-binance-ETHBUSD","timestamp":"2022-03-02T12:15:05.904Z"}
{"assetPair":"ETHBUSD","data":{"price":"3016.50000000","symbol":"ETHBUSD"},"level":"info","message":"Latest price","service":"api-d27bc23-binance-ETHBUSD","timestamp":"2022-03-02T12:18:05.935Z"}
{"assetPair":"ETHBUSD","data":{"price":"2992.24000000","symbol":"ETHBUSD"},"level":"info","message":"Latest price","service":"api-d27bc23-binance-ETHBUSD","timestamp":"2022-03-02T12:21:06.042Z"}
{"assetPair":"ETHBUSD","data":{"price":"2985.62000000","symbol":"ETHBUSD"},"level":"info","message":"Latest price","service":"api-d27bc23-binance-ETHBUSD","timestamp":"2022-03-02T12:24:06.087Z"}
{"assetPair":"ETHBUSD","data":{"price":"2987.67000000","symbol":"ETHBUSD"},"level":"info","message":"Latest price","service":"api-d27bc23-binance-ETHBUSD","timestamp":"2022-03-02T12:27:06.126Z"}
{"assetPair":"ETHBUSD","data":{"price":"2985.87000000","symbol":"ETHBUSD"},"level":"info","message":"Latest price","service":"api-d27bc23-binance-ETHBUSD","timestamp":"2022-03-02T12:30:06.189Z"}
{"assetPair":"ETHBUSD","data":{"price":"2969.51000000","symbol":"ETHBUSD"},"level":"info","message":"Latest price","service":"api-d27bc23-binance-ETHBUSD","timestamp":"2022-03-02T12:33:06.241Z"}
{"assetPair":"ETHBUSD","data":{"price":"2973.07000000","symbol":"ETHBUSD"},"level":"info","message":"Latest price","service":"api-d27bc23-binance-ETHBUSD","timestamp":"2022-03-02T12:36:06.322Z"}
{"assetPair":"ETHBUSD","data":{"price":"2980.43000000","symbol":"ETHBUSD"},"level":"info","message":"Latest price","service":"api-d27bc23-binance-ETHBUSD","timestamp":"2022-03-02T12:39:06.361Z"}
{"assetPair":"ETHBUSD","data":{"price":"2983.23000000","symbol":"ETHBUSD"},"level":"info","message":"Latest price","service":"api-d27bc23-binance-ETHBUSD","timestamp":"2022-03-02T12:42:06.407Z"}
{"assetPair":"ETHBUSD","data":{"price":"2978.25000000","symbol":"ETHBUSD"},"level":"info","message":"Latest price","service":"api-d27bc23-binance-ETHBUSD","timestamp":"2022-03-02T12:45:06.484Z"}
{"assetPair":"ETHBUSD","data":{"price":"2979.67000000","symbol":"ETHBUSD"},"level":"info","message":"Latest price","service":"api-d27bc23-binance-ETHBUSD","timestamp":"2022-03-02T12:48:06.536Z"}
{"assetPair":"ETHBUSD","data":{"price":"2995.01000000","symbol":"ETHBUSD"},"level":"info","message":"Latest price","service":"api-d27bc23-binance-ETHBUSD","timestamp":"2022-03-02T12:51:06.575Z"}
{"assetPair":"ETHBUSD","data":{"price":"2989.99000000","symbol":"ETHBUSD"},"level":"info","message":"Latest price","service":"api-d27bc23-binance-ETHBUSD","timestamp":"2022-03-02T12:54:06.627Z"}
{"assetPair":"ETHBUSD","data":{"price":"2988.00000000","symbol":"ETHBUSD"},"level":"info","message":"Latest price","service":"api-d27bc23-binance-ETHBUSD","timestamp":"2022-03-02T12:57:06.653Z"}
