{"assetPair":"ETHBUSD","data":{"price":"2653.01000000","symbol":"ETHBUSD"},"level":"info","message":"Latest price","service":"api-d27bc23-binance-ETHBUSD","timestamp":"2022-03-05T13:02:12.315Z"}
{"assetPair":"ETHBUSD","data":{"price":"2646.25000000","symbol":"ETHBUSD"},"level":"info","message":"Latest price","service":"api-d27bc23-binance-ETHBUSD","timestamp":"2022-03-05T13:05:12.343Z"}
{"assetPair":"ETHBUSD","data":{"price":"2643.65000000","symbol":"ETHBUSD"},"level":"info","message":"Latest price","service":"api-d27bc23-binance-ETHBUSD","timestamp":"2022-03-05T13:08:12.373Z"}
{"assetPair":"ETHBUSD","data":{"price":"2646.92000000","symbol":"ETHBUSD"},"level":"info","message":"Latest price","service":"api-d27bc23-binance-ETHBUSD","timestamp":"2022-03-05T13:11:12.403Z"}
{"assetPair":"ETHBUSD","data":{"price":"2647.96000000","symbol":"ETHBUSD"},"level":"info","message":"Latest price","service":"api-d27bc23-binance-ETHBUSD","timestamp":"2022-03-05T13:14:12.429Z"}
{"assetPair":"ETHBUSD","data":{"price":"2645.66000000","symbol":"ETHBUSD"},"level":"info","message":"Latest price","service":"api-d27bc23-binance-ETHBUSD","timestamp":"2022-03-05T13:17:12.454Z"}
{"assetPair":"ETHBUSD","data":{"price":"2648.50000000","symbol":"ETHBUSD"},"level":"info","message":"Latest price","service":"api-d27bc23-binance-ETHBUSD","timestamp":"2022-03-05T13:20:12.487Z"}
{"assetPair":"ETHBUSD","data":{"price":"2645.01000000","symbol":"ETHBUSD"},"level":"info","message":"Latest price","service":"api-d27bc23-binance-ETHBUSD","timestamp":"2022-03-05T13:23:12.516Z"}
{"assetPair":"ETHBUSD","data":{"price":"2644.69000000","symbol":"ETHBUSD"},"level":"info","message":"Latest price","service":"api-d27bc23-binance-ETHBUSD","timestamp":"2022-03-05T13:26:12.541Z"}
{"assetPair":"ETHBUSD","data":{"price":"2646.87000000","symbol":"ETHBUSD"},"level":"info","message":"Latest price","service":"api-d27bc23-binance-ETHBUSD","timestamp":"2022-03-05T13:29:12.563Z"}
{"assetPair":"ETHBUSD","data":{"price":"2646.12000000","symbol":"ETHBUSD"},"level":"info","message":"Latest price","service":"api-d27bc23-binance-ETHBUSD","timestamp":"2022-03-05T13:32:12.598Z"}
{"assetPair":"ETHBUSD","data":{"price":"2639.97000000","symbol":"ETHBUSD"},"level":"info","message":"Latest price","service":"api-d27bc23-binance-ETHBUSD","timestamp":"2022-03-05T13:35:12.639Z"}
{"assetPair":"ETHBUSD","data":{"price":"2638.39000000","symbol":"ETHBUSD"},"level":"info","message":"Latest price","service":"api-d27bc23-binance-ETHBUSD","timestamp":"2022-03-05T13:38:12.665Z"}
{"assetPair":"ETHBUSD","data":{"price":"2638.91000000","symbol":"ETHBUSD"},"level":"info","message":"Latest price","service":"api-d27bc23-binance-ETHBUSD","timestamp":"2022-03-05T13:41:12.692Z"}
{"assetPair":"ETHBUSD","data":{"price":"2639.99000000","symbol":"ETHBUSD"},"level":"info","message":"Latest price","service":"api-d27bc23-binance-ETHBUSD","timestamp":"2022-03-05T13:44:12.716Z"}
{"assetPair":"ETHBUSD","data":{"price":"2634.90000000","symbol":"ETHBUSD"},"level":"info","message":"Latest price","service":"api-d27bc23-binance-ETHBUSD","timestamp":"2022-03-05T13:47:12.771Z"}
{"assetPair":"ETHBUSD","data":{"price":"2637.62000000","symbol":"ETHBUSD"},"level":"info","message":"Latest price","service":"api-d27bc23-binance-ETHBUSD","timestamp":"2022-03-05T13:50:12.801Z"}
{"assetPair":"ETHBUSD","data":{"price":"2639.00000000","symbol":"ETHBUSD"},"level":"info","message":"Latest price","service":"api-d27bc23-binance-ETHBUSD","timestamp":"2022-03-05T13:53:12.855Z"}
{"assetPair":"ETHBUSD","data":{"price":"2638.00000000","symbol":"ETHBUSD"},"level":"info","message":"Latest price","service":"api-d27bc23-binance-ETHBUSD","timestamp":"2022-03-05T13:56:12.888Z"}
{"assetPair":"ETHBUSD","data":{"price":"2635.35000000","symbol":"ETHBUSD"},"level":"info","message":"Latest price","service":"api-d27bc23-binance-ETHBUSD","timestamp":"2022-03-05T13:59:12.910Z"}
{"assetPair":"ETHBUSD","data":{"price":"2637.01000000","symbol":"ETHBUSD"},"level":"info","message":"Latest price","service":"api-d27bc23-binance-ETHBUSD","timestamp":"2022-03-05T14:02:12.941Z"}
{"assetPair":"ETHBUSD","data":{"price":"2633.99000000","symbol":"ETHBUSD"},"level":"info","message":"Latest price","service":"api-d27bc23-binance-ETHBUSD","timestamp":"2022-03-05T14:05:12.967Z"}
{"assetPair":"ETHBUSD","data":{"price":"2632.85000000","symbol":"ETHBUSD"},"level":"info","message":"Latest price","service":"api-d27bc23-binance-ETHBUSD","timestamp":"2022-03-05T14:08:12.998Z"}
{"assetPair":"ETHBUSD","data":{"price":"2637.52000000","symbol":"ETHBUSD"},"level":"info","message":"Latest price","service":"api-d27bc23-binance-ETHBUSD","timestamp":"2022-03-05T14:11:13.031Z"}
{"assetPair":"ETHBUSD","data":{"price":"2641.29000000","symbol":"ETHBUSD"},"level":"info","message":"Latest price","service":"api-d27bc23-binance-ETHBUSD","timestamp":"2022-03-05T14:14:13.058Z"}
{"assetPair":"ETHBUSD","data":{"price":"2644.69000000","symbol":"ETHBUSD"},"level":"info","message":"Latest price","service":"api-d27bc23-binance-ETHBUSD","timestamp":"2022-03-05T14:17:13.087Z"}
{"assetPair":"ETHBUSD","data":{"price":"2651.18000000","symbol":"ETHBUSD"},"level":"info","message":"Latest price","service":"api-d27bc23-binance-ETHBUSD","timestamp":"2022-03-05T14:20:13.110Z"}
{"assetPair":"ETHBUSD","data":{"price":"2646.69000000","symbol":"ETHBUSD"},"level":"info","message":"Latest price","service":"api-d27bc23-binance-ETHBUSD","timestamp":"2022-03-05T14:23:13.136Z"}
{"assetPair":"ETHBUSD","data":{"price":"2644.96000000","symbol":"ETHBUSD"},"level":"info","message":"Latest price","service":"api-d27bc23-binance-ETHBUSD","timestamp":"2022-03-05T14:26:13.159Z"}
{"assetPair":"ETHBUSD","data":{"price":"2644.94000000","symbol":"ETHBUSD"},"level":"info","message":"Latest price","service":"api-d27bc23-binance-ETHBUSD","timestamp":"2022-03-05T14:29:13.184Z"}
{"assetPair":"ETHBUSD","data":{"price":"2646.91000000","symbol":"ETHBUSD"},"level":"info","message":"Latest price","service":"api-d27bc23-binance-ETHBUSD","timestamp":"2022-03-05T14:32:13.218Z"}
{"assetPair":"ETHBUSD","data":{"price":"2643.02000000","symbol":"ETHBUSD"},"level":"info","message":"Latest price","service":"api-d27bc23-binance-ETHBUSD","timestamp":"2022-03-05T14:35:13.248Z"}
{"assetPair":"ETHBUSD","data":{"price":"2645.58000000","symbol":"ETHBUSD"},"level":"info","message":"Latest price","service":"api-d27bc23-binance-ETHBUSD","timestamp":"2022-03-05T14:38:13.279Z"}
{"assetPair":"ETHBUSD","data":{"price":"2646.21000000","symbol":"ETHBUSD"},"level":"info","message":"Latest price","service":"api-d27bc23-binance-ETHBUSD","timestamp":"2022-03-05T14:41:13.308Z"}
{"assetPair":"ETHBUSD","data":{"price":"2644.41000000","symbol":"ETHBUSD"},"level":"info","message":"Latest price","service":"api-d27bc23-binance-ETHBUSD","timestamp":"2022-03-05T14:44:13.342Z"}
{"assetPair":"ETHBUSD","data":{"price":"2645.89000000","symbol":"ETHBUSD"},"level":"info","message":"Latest price","service":"api-d27bc23-binance-ETHBUSD","timestamp":"2022-03-05T14:47:13.370Z"}
{"assetPair":"ETHBUSD","data":{"price":"2643.68000000","symbol":"ETHBUSD"},"level":"info","message":"Latest price","service":"api-d27bc23-binance-ETHBUSD","timestamp":"2022-03-05T14:50:13.398Z"}
{"assetPair":"ETHBUSD","data":{"price":"2644.31000000","symbol":"ETHBUSD"},"level":"info","message":"Latest price","service":"api-d27bc23-binance-ETHBUSD","timestamp":"2022-03-05T14:53:13.429Z"}
{"assetPair":"ETHBUSD","data":{"price":"2642.48000000","symbol":"ETHBUSD"},"level":"info","message":"Latest price","service":"api-d27bc23-binance-ETHBUSD","timestamp":"2022-03-05T14:56:13.455Z"}
{"assetPair":"ETHBUSD","data":{"price":"2643.43000000","symbol":"ETHBUSD"},"level":"info","message":"Latest price","service":"api-d27bc23-binance-ETHBUSD","timestamp":"2022-03-05T14:59:13.484Z"}
{"assetPair":"ETHBUSD","data":{"price":"2642.89000000","symbol":"ETHBUSD"},"level":"info","message":"Latest price","service":"api-d27bc23-binance-ETHBUSD","timestamp":"2022-03-05T15:02:13.528Z"}
{"assetPair":"ETHBUSD","data":{"price":"2644.42000000","symbol":"ETHBUSD"},"level":"info","message":"Latest price","service":"api-d27bc23-binance-ETHBUSD","timestamp":"2022-03-05T15:05:13.561Z"}
{"assetPair":"ETHBUSD","data":{"price":"2642.37000000","symbol":"ETHBUSD"},"level":"info","message":"Latest price","service":"api-d27bc23-binance-ETHBUSD","timestamp":"2022-03-05T15:08:13.613Z"}
{"assetPair":"ETHBUSD","data":{"price":"2644.65000000","symbol":"ETHBUSD"},"level":"info","message":"Latest price","service":"api-d27bc23-binance-ETHBUSD","timestamp":"2022-03-05T15:11:13.649Z"}
{"assetPair":"ETHBUSD","data":{"price":"2645.27000000","symbol":"ETHBUSD"},"level":"info","message":"Latest price","service":"api-d27bc23-binance-ETHBUSD","timestamp":"2022-03-05T15:14:13.681Z"}
{"assetPair":"ETHBUSD","data":{"price":"2648.62000000","symbol":"ETHBUSD"},"level":"info","message":"Latest price","service":"api-d27bc23-binance-ETHBUSD","timestamp":"2022-03-05T15:17:13.707Z"}
{"assetPair":"ETHBUSD","data":{"price":"2648.07000000","symbol":"ETHBUSD"},"level":"info","message":"Latest price","service":"api-d27bc23-binance-ETHBUSD","timestamp":"2022-03-05T15:20:13.729Z"}
{"assetPair":"ETHBUSD","data":{"price":"2647.50000000","symbol":"ETHBUSD"},"level":"info","message":"Latest price","service":"api-d27bc23-binance-ETHBUSD","timestamp":"2022-03-05T15:23:13.753Z"}
{"assetPair":"ETHBUSD","data":{"price":"2639.76000000","symbol":"ETHBUSD"},"level":"info","message":"Latest price","service":"api-d27bc23-binance-ETHBUSD","timestamp":"2022-03-05T15:26:13.844Z"}
{"assetPair":"ETHBUSD","data":{"price":"2640.43000000","symbol":"ETHBUSD"},"level":"info","message":"Latest price","service":"api-d27bc23-binance-ETHBUSD","timestamp":"2022-03-05T15:29:13.882Z"}
{"assetPair":"ETHBUSD","data":{"price":"2645.85000000","symbol":"ETHBUSD"},"level":"info","message":"Latest price","service":"api-d27bc23-binance-ETHBUSD","timestamp":"2022-03-05T15:32:13.903Z"}
{"assetPair":"ETHBUSD","data":{"price":"2640.93000000","symbol":"ETHBUSD"},"level":"info","message":"Latest price","service":"api-d27bc23-binance-ETHBUSD","timestamp":"2022-03-05T15:35:13.932Z"}
{"assetPair":"ETHBUSD","data":{"price":"2640.00000000","symbol":"ETHBUSD"},"level":"info","message":"Latest price","service":"api-d27bc23-binance-ETHBUSD","timestamp":"2022-03-05T15:38:13.957Z"}
{"assetPair":"ETHBUSD","data":{"price":"2641.34000000","symbol":"ETHBUSD"},"level":"info","message":"Latest price","service":"api-d27bc23-binance-ETHBUSD","timestamp":"2022-03-05T15:41:14.027Z"}
{"assetPair":"ETHBUSD","data":{"price":"2638.22000000","symbol":"ETHBUSD"},"level":"info","message":"Latest price","service":"api-d27bc23-binance-ETHBUSD","timestamp":"2022-03-05T15:44:14.059Z"}
{"assetPair":"ETHBUSD","data":{"price":"2640.42000000","symbol":"ETHBUSD"},"level":"info","message":"Latest price","service":"api-d27bc23-binance-ETHBUSD","timestamp":"2022-03-05T15:47:14.110Z"}
{"assetPair":"ETHBUSD","data":{"price":"2641.04000000","symbol":"ETHBUSD"},"level":"info","message":"Latest price","service":"api-d27bc23-binance-ETHBUSD","timestamp":"2022-03-05T15:50:14.137Z"}
{"assetPair":"ETHBUSD","data":{"price":"2643.05000000","symbol":"ETHBUSD"},"level":"info","message":"Latest price","service":"api-d27bc23-binance-ETHBUSD","timestamp":"2022-03-05T15:53:14.160Z"}
{"assetPair":"ETHBUSD","data":{"price":"2643.26000000","symbol":"ETHBUSD"},"level":"info","message":"Latest price","service":"api-d27bc23-binance-ETHBUSD","timestamp":"2022-03-05T15:56:14.195Z"}
{"assetPair":"ETHBUSD","data":{"price":"2643.46000000","symbol":"ETHBUSD"},"level":"info","message":"Latest price","service":"api-d27bc23-binance-ETHBUSD","timestamp":"2022-03-05T15:59:14.219Z"}
{"assetPair":"ETHBUSD","data":{"price":"2646.20000000","symbol":"ETHBUSD"},"level":"info","message":"Latest price","service":"api-d27bc23-binance-ETHBUSD","timestamp":"2022-03-05T16:02:14.251Z"}
{"assetPair":"ETHBUSD","data":{"price":"2645.78000000","symbol":"ETHBUSD"},"level":"info","message":"Latest price","service":"api-d27bc23-binance-ETHBUSD","timestamp":"2022-03-05T16:05:14.278Z"}
{"assetPair":"ETHBUSD","data":{"price":"2642.46000000","symbol":"ETHBUSD"},"level":"info","message":"Latest price","service":"api-d27bc23-binance-ETHBUSD","timestamp":"2022-03-05T16:08:14.304Z"}
{"assetPair":"ETHBUSD","data":{"price":"2644.48000000","symbol":"ETHBUSD"},"level":"info","message":"Latest price","service":"api-d27bc23-binance-ETHBUSD","timestamp":"2022-03-05T16:11:14.330Z"}
{"assetPair":"ETHBUSD","data":{"price":"2643.80000000","symbol":"ETHBUSD"},"level":"info","message":"Latest price","service":"api-d27bc23-binance-ETHBUSD","timestamp":"2022-03-05T16:14:14.358Z"}
{"assetPair":"ETHBUSD","data":{"price":"2644.21000000","symbol":"ETHBUSD"},"level":"info","message":"Latest price","service":"api-d27bc23-binance-ETHBUSD","timestamp":"2022-03-05T16:17:14.388Z"}
{"assetPair":"ETHBUSD","data":{"price":"2644.78000000","symbol":"ETHBUSD"},"level":"info","message":"Latest price","service":"api-d27bc23-binance-ETHBUSD","timestamp":"2022-03-05T16:20:14.408Z"}
{"assetPair":"ETHBUSD","data":{"price":"2647.65000000","symbol":"ETHBUSD"},"level":"info","message":"Latest price","service":"api-d27bc23-binance-ETHBUSD","timestamp":"2022-03-05T16:23:14.430Z"}
{"assetPair":"ETHBUSD","data":{"price":"2648.53000000","symbol":"ETHBUSD"},"level":"info","message":"Latest price","service":"api-d27bc23-binance-ETHBUSD","timestamp":"2022-03-05T16:26:14.480Z"}
{"assetPair":"ETHBUSD","data":{"price":"2650.38000000","symbol":"ETHBUSD"},"level":"info","message":"Latest price","service":"api-d27bc23-binance-ETHBUSD","timestamp":"2022-03-05T16:29:14.530Z"}
{"assetPair":"ETHBUSD","data":{"price":"2650.92000000","symbol":"ETHBUSD"},"level":"info","message":"Latest price","service":"api-d27bc23-binance-ETHBUSD","timestamp":"2022-03-05T16:32:14.553Z"}
{"assetPair":"ETHBUSD","data":{"price":"2650.99000000","symbol":"ETHBUSD"},"level":"info","message":"Latest price","service":"api-d27bc23-binance-ETHBUSD","timestamp":"2022-03-05T16:35:14.579Z"}
{"assetPair":"ETHBUSD","data":{"price":"2656.78000000","symbol":"ETHBUSD"},"level":"info","message":"Latest price","service":"api-d27bc23-binance-ETHBUSD","timestamp":"2022-03-05T16:38:14.604Z"}
{"assetPair":"ETHBUSD","data":{"price":"2657.77000000","symbol":"ETHBUSD"},"level":"info","message":"Latest price","service":"api-d27bc23-binance-ETHBUSD","timestamp":"2022-03-05T16:41:14.655Z"}
{"assetPair":"ETHBUSD","data":{"price":"2668.40000000","symbol":"ETHBUSD"},"level":"info","message":"Latest price","service":"api-d27bc23-binance-ETHBUSD","timestamp":"2022-03-05T16:44:14.706Z"}
{"assetPair":"ETHBUSD","data":{"price":"2683.97000000","symbol":"ETHBUSD"},"level":"info","message":"Latest price","service":"api-d27bc23-binance-ETHBUSD","timestamp":"2022-03-05T16:47:14.732Z"}
{"assetPair":"ETHBUSD","data":{"price":"2672.64000000","symbol":"ETHBUSD"},"level":"info","message":"Latest price","service":"api-d27bc23-binance-ETHBUSD","timestamp":"2022-03-05T16:50:14.758Z"}
{"balance":{"asset":"ETH","free":"0.00941810","locked":"0.00000000"},"level":"info","message":"Binance balance","service":"api-d27bc23-binance-ETHBUSD","timestamp":"2022-03-05T16:50:14.789Z"}
{"correctedPrice":"2672.64","correctedQty":"0.0094","forAsset":"BUSD","level":"info","message":"Initiating SELL","price":"2672.64000000","quantity":"0.00941810","sellAsset":"ETH","service":"api-d27bc23-binance-ETHBUSD","timestamp":"2022-03-05T16:50:14.790Z"}
{"data":{"clientOrderId":"O2ktuW7v3WpTfEMNzcWDGJ","cummulativeQuoteQty":"25.12366200","executedQty":"0.00940000","fills":[{"commission":"0.02512366","commissionAsset":"BUSD","price":"2672.73000000","qty":"0.00940000","tradeId":273516810}],"orderId":4285207809,"orderListId":-1,"origQty":"0.00940000","price":"2672.64000000","side":"SELL","status":"FILLED","symbol":"ETHBUSD","timeInForce":"GTC","transactTime":1646499014810,"type":"LIMIT"},"level":"info","message":"SELL success","service":"api-d27bc23-binance-ETHBUSD","timestamp":"2022-03-05T16:50:14.815Z"}
{"level":"info","message":"Checking order status","origClientOrderId":"O2ktuW7v3WpTfEMNzcWDGJ","service":"api-d27bc23-binance-ETHBUSD","symbol":"ETHBUSD","timestamp":"2022-03-05T16:53:14.846Z"}
{"data":{"clientOrderId":"O2ktuW7v3WpTfEMNzcWDGJ","cummulativeQuoteQty":"25.12366200","executedQty":"0.00940000","icebergQty":"0.00000000","isWorking":true,"orderId":4285207809,"orderListId":-1,"origQty":"0.00940000","origQuoteOrderQty":"0.00000000","price":"2672.64000000","side":"SELL","status":"FILLED","stopPrice":"0.00000000","symbol":"ETHBUSD","time":1646499014810,"timeInForce":"GTC","type":"LIMIT","updateTime":1646499014810},"level":"info","message":"Order status","service":"api-d27bc23-binance-ETHBUSD","timestamp":"2022-03-05T16:53:14.881Z"}
{"assetPair":"ETHBUSD","data":{"price":"2662.62000000","symbol":"ETHBUSD"},"level":"info","message":"Latest price","service":"api-d27bc23-binance-ETHBUSD","timestamp":"2022-03-05T16:53:14.938Z"}
{"assetPair":"ETHBUSD","data":{"price":"2662.60000000","symbol":"ETHBUSD"},"level":"info","message":"Latest price","service":"api-d27bc23-binance-ETHBUSD","timestamp":"2022-03-05T16:56:14.965Z"}
{"assetPair":"ETHBUSD","data":{"price":"2656.21000000","symbol":"ETHBUSD"},"level":"info","message":"Latest price","service":"api-d27bc23-binance-ETHBUSD","timestamp":"2022-03-05T16:59:14.988Z"}
{"assetPair":"ETHBUSD","data":{"price":"2661.25000000","symbol":"ETHBUSD"},"level":"info","message":"Latest price","service":"api-d27bc23-binance-ETHBUSD","timestamp":"2022-03-05T17:02:15.016Z"}
{"assetPair":"ETHBUSD","data":{"price":"2664.28000000","symbol":"ETHBUSD"},"level":"info","message":"Latest price","service":"api-d27bc23-binance-ETHBUSD","timestamp":"2022-03-05T17:05:15.084Z"}
{"assetPair":"ETHBUSD","data":{"price":"2666.19000000","symbol":"ETHBUSD"},"level":"info","message":"Latest price","service":"api-d27bc23-binance-ETHBUSD","timestamp":"2022-03-05T17:08:15.136Z"}
{"assetPair":"ETHBUSD","data":{"price":"2669.00000000","symbol":"ETHBUSD"},"level":"info","message":"Latest price","service":"api-d27bc23-binance-ETHBUSD","timestamp":"2022-03-05T17:11:15.162Z"}
{"assetPair":"ETHBUSD","data":{"price":"2670.07000000","symbol":"ETHBUSD"},"level":"info","message":"Latest price","service":"api-d27bc23-binance-ETHBUSD","timestamp":"2022-03-05T17:14:15.185Z"}
{"assetPair":"ETHBUSD","data":{"price":"2668.56000000","symbol":"ETHBUSD"},"level":"info","message":"Latest price","service":"api-d27bc23-binance-ETHBUSD","timestamp":"2022-03-05T17:17:15.214Z"}
{"assetPair":"ETHBUSD","data":{"price":"2664.12000000","symbol":"ETHBUSD"},"level":"info","message":"Latest price","service":"api-d27bc23-binance-ETHBUSD","timestamp":"2022-03-05T17:20:15.270Z"}
{"assetPair":"ETHBUSD","data":{"price":"2666.38000000","symbol":"ETHBUSD"},"level":"info","message":"Latest price","service":"api-d27bc23-binance-ETHBUSD","timestamp":"2022-03-05T17:23:15.293Z"}
{"assetPair":"ETHBUSD","data":{"price":"2666.83000000","symbol":"ETHBUSD"},"level":"info","message":"Latest price","service":"api-d27bc23-binance-ETHBUSD","timestamp":"2022-03-05T17:26:15.323Z"}
{"assetPair":"ETHBUSD","data":{"price":"2666.10000000","symbol":"ETHBUSD"},"level":"info","message":"Latest price","service":"api-d27bc23-binance-ETHBUSD","timestamp":"2022-03-05T17:29:15.348Z"}
{"assetPair":"ETHBUSD","data":{"price":"2665.69000000","symbol":"ETHBUSD"},"level":"info","message":"Latest price","service":"api-d27bc23-binance-ETHBUSD","timestamp":"2022-03-05T17:32:15.368Z"}
{"assetPair":"ETHBUSD","data":{"price":"2670.23000000","symbol":"ETHBUSD"},"level":"info","message":"Latest price","service":"api-d27bc23-binance-ETHBUSD","timestamp":"2022-03-05T17:35:15.394Z"}
{"assetPair":"ETHBUSD","data":{"price":"2670.78000000","symbol":"ETHBUSD"},"level":"info","message":"Latest price","service":"api-d27bc23-binance-ETHBUSD","timestamp":"2022-03-05T17:38:15.449Z"}
{"assetPair":"ETHBUSD","data":{"price":"2671.63000000","symbol":"ETHBUSD"},"level":"info","message":"Latest price","service":"api-d27bc23-binance-ETHBUSD","timestamp":"2022-03-05T17:41:15.472Z"}
{"assetPair":"ETHBUSD","data":{"price":"2672.55000000","symbol":"ETHBUSD"},"level":"info","message":"Latest price","service":"api-d27bc23-binance-ETHBUSD","timestamp":"2022-03-05T17:44:15.507Z"}
{"assetPair":"ETHBUSD","data":{"price":"2668.81000000","symbol":"ETHBUSD"},"level":"info","message":"Latest price","service":"api-d27bc23-binance-ETHBUSD","timestamp":"2022-03-05T17:47:15.532Z"}
{"assetPair":"ETHBUSD","data":{"price":"2669.35000000","symbol":"ETHBUSD"},"level":"info","message":"Latest price","service":"api-d27bc23-binance-ETHBUSD","timestamp":"2022-03-05T17:50:15.601Z"}
{"assetPair":"ETHBUSD","data":{"price":"2668.53000000","symbol":"ETHBUSD"},"level":"info","message":"Latest price","service":"api-d27bc23-binance-ETHBUSD","timestamp":"2022-03-05T17:53:15.625Z"}
{"assetPair":"ETHBUSD","data":{"price":"2667.96000000","symbol":"ETHBUSD"},"level":"info","message":"Latest price","service":"api-d27bc23-binance-ETHBUSD","timestamp":"2022-03-05T17:56:15.649Z"}
{"assetPair":"ETHBUSD","data":{"price":"2669.51000000","symbol":"ETHBUSD"},"level":"info","message":"Latest price","service":"api-d27bc23-binance-ETHBUSD","timestamp":"2022-03-05T17:59:15.670Z"}
{"assetPair":"ETHBUSD","data":{"price":"2665.00000000","symbol":"ETHBUSD"},"level":"info","message":"Latest price","service":"api-d27bc23-binance-ETHBUSD","timestamp":"2022-03-05T18:02:15.698Z"}
{"assetPair":"ETHBUSD","data":{"price":"2666.48000000","symbol":"ETHBUSD"},"level":"info","message":"Latest price","service":"api-d27bc23-binance-ETHBUSD","timestamp":"2022-03-05T18:05:15.729Z"}
{"assetPair":"ETHBUSD","data":{"price":"2660.40000000","symbol":"ETHBUSD"},"level":"info","message":"Latest price","service":"api-d27bc23-binance-ETHBUSD","timestamp":"2022-03-05T18:08:15.751Z"}
{"assetPair":"ETHBUSD","data":{"price":"2659.71000000","symbol":"ETHBUSD"},"level":"info","message":"Latest price","service":"api-d27bc23-binance-ETHBUSD","timestamp":"2022-03-05T18:11:15.817Z"}
{"assetPair":"ETHBUSD","data":{"price":"2663.39000000","symbol":"ETHBUSD"},"level":"info","message":"Latest price","service":"api-d27bc23-binance-ETHBUSD","timestamp":"2022-03-05T18:14:15.844Z"}
{"assetPair":"ETHBUSD","data":{"price":"2663.23000000","symbol":"ETHBUSD"},"level":"info","message":"Latest price","service":"api-d27bc23-binance-ETHBUSD","timestamp":"2022-03-05T18:17:15.918Z"}
{"assetPair":"ETHBUSD","data":{"price":"2663.62000000","symbol":"ETHBUSD"},"level":"info","message":"Latest price","service":"api-d27bc23-binance-ETHBUSD","timestamp":"2022-03-05T18:20:15.968Z"}
{"assetPair":"ETHBUSD","data":{"price":"2664.77000000","symbol":"ETHBUSD"},"level":"info","message":"Latest price","service":"api-d27bc23-binance-ETHBUSD","timestamp":"2022-03-05T18:23:16.041Z"}
{"assetPair":"ETHBUSD","data":{"price":"2661.15000000","symbol":"ETHBUSD"},"level":"info","message":"Latest price","service":"api-d27bc23-binance-ETHBUSD","timestamp":"2022-03-05T18:26:16.089Z"}
{"assetPair":"ETHBUSD","data":{"price":"2660.20000000","symbol":"ETHBUSD"},"level":"info","message":"Latest price","service":"api-d27bc23-binance-ETHBUSD","timestamp":"2022-03-05T18:29:16.151Z"}
{"assetPair":"ETHBUSD","data":{"price":"2659.23000000","symbol":"ETHBUSD"},"level":"info","message":"Latest price","service":"api-d27bc23-binance-ETHBUSD","timestamp":"2022-03-05T18:32:16.177Z"}
{"assetPair":"ETHBUSD","data":{"price":"2658.51000000","symbol":"ETHBUSD"},"level":"info","message":"Latest price","service":"api-d27bc23-binance-ETHBUSD","timestamp":"2022-03-05T18:35:16.206Z"}
{"assetPair":"ETHBUSD","data":{"price":"2661.00000000","symbol":"ETHBUSD"},"level":"info","message":"Latest price","service":"api-d27bc23-binance-ETHBUSD","timestamp":"2022-03-05T18:38:16.241Z"}
{"assetPair":"ETHBUSD","data":{"price":"2662.68000000","symbol":"ETHBUSD"},"level":"info","message":"Latest price","service":"api-d27bc23-binance-ETHBUSD","timestamp":"2022-03-05T18:41:16.267Z"}
{"assetPair":"ETHBUSD","data":{"price":"2663.50000000","symbol":"ETHBUSD"},"level":"info","message":"Latest price","service":"api-d27bc23-binance-ETHBUSD","timestamp":"2022-03-05T18:44:16.333Z"}
{"assetPair":"ETHBUSD","data":{"price":"2665.23000000","symbol":"ETHBUSD"},"level":"info","message":"Latest price","service":"api-d27bc23-binance-ETHBUSD","timestamp":"2022-03-05T18:47:16.362Z"}
{"assetPair":"ETHBUSD","data":{"price":"2666.76000000","symbol":"ETHBUSD"},"level":"info","message":"Latest price","service":"api-d27bc23-binance-ETHBUSD","timestamp":"2022-03-05T18:50:16.414Z"}
{"assetPair":"ETHBUSD","data":{"price":"2666.91000000","symbol":"ETHBUSD"},"level":"info","message":"Latest price","service":"api-d27bc23-binance-ETHBUSD","timestamp":"2022-03-05T18:53:16.443Z"}
{"assetPair":"ETHBUSD","data":{"price":"2668.58000000","symbol":"ETHBUSD"},"level":"info","message":"Latest price","service":"api-d27bc23-binance-ETHBUSD","timestamp":"2022-03-05T18:56:16.469Z"}
{"assetPair":"ETHBUSD","data":{"price":"2667.92000000","symbol":"ETHBUSD"},"level":"info","message":"Latest price","service":"api-d27bc23-binance-ETHBUSD","timestamp":"2022-03-05T18:59:16.495Z"}
{"assetPair":"ETHBUSD","data":{"price":"2668.23000000","symbol":"ETHBUSD"},"level":"info","message":"Latest price","service":"api-d27bc23-binance-ETHBUSD","timestamp":"2022-03-05T19:02:16.526Z"}
{"assetPair":"ETHBUSD","data":{"price":"2669.99000000","symbol":"ETHBUSD"},"level":"info","message":"Latest price","service":"api-d27bc23-binance-ETHBUSD","timestamp":"2022-03-05T19:05:16.550Z"}
{"assetPair":"ETHBUSD","data":{"price":"2668.71000000","symbol":"ETHBUSD"},"level":"info","message":"Latest price","service":"api-d27bc23-binance-ETHBUSD","timestamp":"2022-03-05T19:08:16.573Z"}
{"assetPair":"ETHBUSD","data":{"price":"2669.75000000","symbol":"ETHBUSD"},"level":"info","message":"Latest price","service":"api-d27bc23-binance-ETHBUSD","timestamp":"2022-03-05T19:11:16.601Z"}
{"assetPair":"ETHBUSD","data":{"price":"2670.64000000","symbol":"ETHBUSD"},"level":"info","message":"Latest price","service":"api-d27bc23-binance-ETHBUSD","timestamp":"2022-03-05T19:14:16.628Z"}
{"assetPair":"ETHBUSD","data":{"price":"2671.89000000","symbol":"ETHBUSD"},"level":"info","message":"Latest price","service":"api-d27bc23-binance-ETHBUSD","timestamp":"2022-03-05T19:17:16.661Z"}
{"assetPair":"ETHBUSD","data":{"price":"2671.00000000","symbol":"ETHBUSD"},"level":"info","message":"Latest price","service":"api-d27bc23-binance-ETHBUSD","timestamp":"2022-03-05T19:20:16.686Z"}
{"assetPair":"ETHBUSD","data":{"price":"2672.44000000","symbol":"ETHBUSD"},"level":"info","message":"Latest price","service":"api-d27bc23-binance-ETHBUSD","timestamp":"2022-03-05T19:23:16.741Z"}
{"assetPair":"ETHBUSD","data":{"price":"2672.60000000","symbol":"ETHBUSD"},"level":"info","message":"Latest price","service":"api-d27bc23-binance-ETHBUSD","timestamp":"2022-03-05T19:26:16.846Z"}
{"assetPair":"ETHBUSD","data":{"price":"2670.77000000","symbol":"ETHBUSD"},"level":"info","message":"Latest price","service":"api-d27bc23-binance-ETHBUSD","timestamp":"2022-03-05T19:29:16.869Z"}
{"assetPair":"ETHBUSD","data":{"price":"2669.27000000","symbol":"ETHBUSD"},"level":"info","message":"Latest price","service":"api-d27bc23-binance-ETHBUSD","timestamp":"2022-03-05T19:32:16.901Z"}
{"assetPair":"ETHBUSD","data":{"price":"2669.27000000","symbol":"ETHBUSD"},"level":"info","message":"Latest price","service":"api-d27bc23-binance-ETHBUSD","timestamp":"2022-03-05T19:35:16.951Z"}
{"assetPair":"ETHBUSD","data":{"price":"2669.40000000","symbol":"ETHBUSD"},"level":"info","message":"Latest price","service":"api-d27bc23-binance-ETHBUSD","timestamp":"2022-03-05T19:38:16.982Z"}
{"assetPair":"ETHBUSD","data":{"price":"2670.11000000","symbol":"ETHBUSD"},"level":"info","message":"Latest price","service":"api-d27bc23-binance-ETHBUSD","timestamp":"2022-03-05T19:41:17.034Z"}
{"assetPair":"ETHBUSD","data":{"price":"2669.38000000","symbol":"ETHBUSD"},"level":"info","message":"Latest price","service":"api-d27bc23-binance-ETHBUSD","timestamp":"2022-03-05T19:44:17.084Z"}
{"assetPair":"ETHBUSD","data":{"price":"2669.39000000","symbol":"ETHBUSD"},"level":"info","message":"Latest price","service":"api-d27bc23-binance-ETHBUSD","timestamp":"2022-03-05T19:47:17.114Z"}
{"assetPair":"ETHBUSD","data":{"price":"2670.36000000","symbol":"ETHBUSD"},"level":"info","message":"Latest price","service":"api-d27bc23-binance-ETHBUSD","timestamp":"2022-03-05T19:50:17.184Z"}
{"assetPair":"ETHBUSD","data":{"price":"2669.28000000","symbol":"ETHBUSD"},"level":"info","message":"Latest price","service":"api-d27bc23-binance-ETHBUSD","timestamp":"2022-03-05T19:53:17.251Z"}
{"assetPair":"ETHBUSD","data":{"price":"2672.44000000","symbol":"ETHBUSD"},"level":"info","message":"Latest price","service":"api-d27bc23-binance-ETHBUSD","timestamp":"2022-03-05T19:56:17.275Z"}
{"assetPair":"ETHBUSD","data":{"price":"2670.76000000","symbol":"ETHBUSD"},"level":"info","message":"Latest price","service":"api-d27bc23-binance-ETHBUSD","timestamp":"2022-03-05T19:59:17.301Z"}
{"assetPair":"ETHBUSD","data":{"price":"2668.33000000","symbol":"ETHBUSD"},"level":"info","message":"Latest price","service":"api-d27bc23-binance-ETHBUSD","timestamp":"2022-03-05T20:02:17.326Z"}
{"assetPair":"ETHBUSD","data":{"price":"2671.96000000","symbol":"ETHBUSD"},"level":"info","message":"Latest price","service":"api-d27bc23-binance-ETHBUSD","timestamp":"2022-03-05T20:05:17.376Z"}
{"assetPair":"ETHBUSD","data":{"price":"2673.57000000","symbol":"ETHBUSD"},"level":"info","message":"Latest price","service":"api-d27bc23-binance-ETHBUSD","timestamp":"2022-03-05T20:08:17.425Z"}
{"assetPair":"ETHBUSD","data":{"price":"2677.04000000","symbol":"ETHBUSD"},"level":"info","message":"Latest price","service":"api-d27bc23-binance-ETHBUSD","timestamp":"2022-03-05T20:11:17.452Z"}
{"assetPair":"ETHBUSD","data":{"price":"2677.71000000","symbol":"ETHBUSD"},"level":"info","message":"Latest price","service":"api-d27bc23-binance-ETHBUSD","timestamp":"2022-03-05T20:14:17.509Z"}
{"assetPair":"ETHBUSD","data":{"price":"2680.31000000","symbol":"ETHBUSD"},"level":"info","message":"Latest price","service":"api-d27bc23-binance-ETHBUSD","timestamp":"2022-03-05T20:17:17.539Z"}
{"assetPair":"ETHBUSD","data":{"price":"2681.09000000","symbol":"ETHBUSD"},"level":"info","message":"Latest price","service":"api-d27bc23-binance-ETHBUSD","timestamp":"2022-03-05T20:20:17.603Z"}
{"assetPair":"ETHBUSD","data":{"price":"2673.65000000","symbol":"ETHBUSD"},"level":"info","message":"Latest price","service":"api-d27bc23-binance-ETHBUSD","timestamp":"2022-03-05T20:23:17.630Z"}
{"assetPair":"ETHBUSD","data":{"price":"2672.55000000","symbol":"ETHBUSD"},"level":"info","message":"Latest price","service":"api-d27bc23-binance-ETHBUSD","timestamp":"2022-03-05T20:26:17.697Z"}
{"assetPair":"ETHBUSD","data":{"price":"2671.00000000","symbol":"ETHBUSD"},"level":"info","message":"Latest price","service":"api-d27bc23-binance-ETHBUSD","timestamp":"2022-03-05T20:29:17.769Z"}
{"assetPair":"ETHBUSD","data":{"price":"2666.24000000","symbol":"ETHBUSD"},"level":"info","message":"Latest price","service":"api-d27bc23-binance-ETHBUSD","timestamp":"2022-03-05T20:32:17.796Z"}
{"assetPair":"ETHBUSD","data":{"price":"2667.88000000","symbol":"ETHBUSD"},"level":"info","message":"Latest price","service":"api-d27bc23-binance-ETHBUSD","timestamp":"2022-03-05T20:35:17.824Z"}
{"assetPair":"ETHBUSD","data":{"price":"2669.80000000","symbol":"ETHBUSD"},"level":"info","message":"Latest price","service":"api-d27bc23-binance-ETHBUSD","timestamp":"2022-03-05T20:38:17.850Z"}
{"assetPair":"ETHBUSD","data":{"price":"2672.00000000","symbol":"ETHBUSD"},"level":"info","message":"Latest price","service":"api-d27bc23-binance-ETHBUSD","timestamp":"2022-03-05T20:41:17.913Z"}
{"assetPair":"ETHBUSD","data":{"price":"2672.97000000","symbol":"ETHBUSD"},"level":"info","message":"Latest price","service":"api-d27bc23-binance-ETHBUSD","timestamp":"2022-03-05T20:44:17.949Z"}
{"assetPair":"ETHBUSD","data":{"price":"2671.66000000","symbol":"ETHBUSD"},"level":"info","message":"Latest price","service":"api-d27bc23-binance-ETHBUSD","timestamp":"2022-03-05T20:47:17.976Z"}
{"assetPair":"ETHBUSD","data":{"price":"2672.01000000","symbol":"ETHBUSD"},"level":"info","message":"Latest price","service":"api-d27bc23-binance-ETHBUSD","timestamp":"2022-03-05T20:50:18.002Z"}
{"assetPair":"ETHBUSD","data":{"price":"2669.95000000","symbol":"ETHBUSD"},"level":"info","message":"Latest price","service":"api-d27bc23-binance-ETHBUSD","timestamp":"2022-03-05T20:53:18.030Z"}
{"assetPair":"ETHBUSD","data":{"price":"2670.46000000","symbol":"ETHBUSD"},"level":"info","message":"Latest price","service":"api-d27bc23-binance-ETHBUSD","timestamp":"2022-03-05T20:56:18.083Z"}
{"assetPair":"ETHBUSD","data":{"price":"2669.30000000","symbol":"ETHBUSD"},"level":"info","message":"Latest price","service":"api-d27bc23-binance-ETHBUSD","timestamp":"2022-03-05T20:59:18.137Z"}
{"assetPair":"ETHBUSD","data":{"price":"2667.06000000","symbol":"ETHBUSD"},"level":"info","message":"Latest price","service":"api-d27bc23-binance-ETHBUSD","timestamp":"2022-03-05T21:02:18.166Z"}
{"assetPair":"ETHBUSD","data":{"price":"2662.98000000","symbol":"ETHBUSD"},"level":"info","message":"Latest price","service":"api-d27bc23-binance-ETHBUSD","timestamp":"2022-03-05T21:05:18.218Z"}
{"assetPair":"ETHBUSD","data":{"price":"2663.23000000","symbol":"ETHBUSD"},"level":"info","message":"Latest price","service":"api-d27bc23-binance-ETHBUSD","timestamp":"2022-03-05T21:08:18.293Z"}
{"assetPair":"ETHBUSD","data":{"price":"2667.20000000","symbol":"ETHBUSD"},"level":"info","message":"Latest price","service":"api-d27bc23-binance-ETHBUSD","timestamp":"2022-03-05T21:11:18.318Z"}
{"assetPair":"ETHBUSD","data":{"price":"2665.18000000","symbol":"ETHBUSD"},"level":"info","message":"Latest price","service":"api-d27bc23-binance-ETHBUSD","timestamp":"2022-03-05T21:14:18.341Z"}
{"assetPair":"ETHBUSD","data":{"price":"2664.99000000","symbol":"ETHBUSD"},"level":"info","message":"Latest price","service":"api-d27bc23-binance-ETHBUSD","timestamp":"2022-03-05T21:17:18.372Z"}
{"assetPair":"ETHBUSD","data":{"price":"2665.44000000","symbol":"ETHBUSD"},"level":"info","message":"Latest price","service":"api-d27bc23-binance-ETHBUSD","timestamp":"2022-03-05T21:20:18.406Z"}
{"assetPair":"ETHBUSD","data":{"price":"2666.57000000","symbol":"ETHBUSD"},"level":"info","message":"Latest price","service":"api-d27bc23-binance-ETHBUSD","timestamp":"2022-03-05T21:23:18.425Z"}
{"assetPair":"ETHBUSD","data":{"price":"2666.22000000","symbol":"ETHBUSD"},"level":"info","message":"Latest price","service":"api-d27bc23-binance-ETHBUSD","timestamp":"2022-03-05T21:26:18.452Z"}
{"assetPair":"ETHBUSD","data":{"price":"2666.46000000","symbol":"ETHBUSD"},"level":"info","message":"Latest price","service":"api-d27bc23-binance-ETHBUSD","timestamp":"2022-03-05T21:29:18.487Z"}
{"assetPair":"ETHBUSD","data":{"price":"2666.77000000","symbol":"ETHBUSD"},"level":"info","message":"Latest price","service":"api-d27bc23-binance-ETHBUSD","timestamp":"2022-03-05T21:32:18.513Z"}
{"assetPair":"ETHBUSD","data":{"price":"2668.32000000","symbol":"ETHBUSD"},"level":"info","message":"Latest price","service":"api-d27bc23-binance-ETHBUSD","timestamp":"2022-03-05T21:35:18.564Z"}
{"assetPair":"ETHBUSD","data":{"price":"2668.06000000","symbol":"ETHBUSD"},"level":"info","message":"Latest price","service":"api-d27bc23-binance-ETHBUSD","timestamp":"2022-03-05T21:38:18.587Z"}
{"assetPair":"ETHBUSD","data":{"price":"2667.25000000","symbol":"ETHBUSD"},"level":"info","message":"Latest price","service":"api-d27bc23-binance-ETHBUSD","timestamp":"2022-03-05T21:41:18.615Z"}
{"assetPair":"ETHBUSD","data":{"price":"2664.75000000","symbol":"ETHBUSD"},"level":"info","message":"Latest price","service":"api-d27bc23-binance-ETHBUSD","timestamp":"2022-03-05T21:44:18.636Z"}
{"assetPair":"ETHBUSD","data":{"price":"2666.00000000","symbol":"ETHBUSD"},"level":"info","message":"Latest price","service":"api-d27bc23-binance-ETHBUSD","timestamp":"2022-03-05T21:47:18.665Z"}
{"assetPair":"ETHBUSD","data":{"price":"2665.00000000","symbol":"ETHBUSD"},"level":"info","message":"Latest price","service":"api-d27bc23-binance-ETHBUSD","timestamp":"2022-03-05T21:50:18.687Z"}
{"assetPair":"ETHBUSD","data":{"price":"2661.39000000","symbol":"ETHBUSD"},"level":"info","message":"Latest price","service":"api-d27bc23-binance-ETHBUSD","timestamp":"2022-03-05T21:53:18.715Z"}
{"assetPair":"ETHBUSD","data":{"price":"2659.21000000","symbol":"ETHBUSD"},"level":"info","message":"Latest price","service":"api-d27bc23-binance-ETHBUSD","timestamp":"2022-03-05T21:56:18.753Z"}
{"assetPair":"ETHBUSD","data":{"price":"2655.64000000","symbol":"ETHBUSD"},"level":"info","message":"Latest price","service":"api-d27bc23-binance-ETHBUSD","timestamp":"2022-03-05T21:59:18.819Z"}
{"assetPair":"ETHBUSD","data":{"price":"2653.65000000","symbol":"ETHBUSD"},"level":"info","message":"Latest price","service":"api-d27bc23-binance-ETHBUSD","timestamp":"2022-03-05T22:02:18.848Z"}
{"assetPair":"ETHBUSD","data":{"price":"2652.93000000","symbol":"ETHBUSD"},"level":"info","message":"Latest price","service":"api-d27bc23-binance-ETHBUSD","timestamp":"2022-03-05T22:05:18.875Z"}
{"assetPair":"ETHBUSD","data":{"price":"2655.49000000","symbol":"ETHBUSD"},"level":"info","message":"Latest price","service":"api-d27bc23-binance-ETHBUSD","timestamp":"2022-03-05T22:08:18.897Z"}
{"assetPair":"ETHBUSD","data":{"price":"2654.34000000","symbol":"ETHBUSD"},"level":"info","message":"Latest price","service":"api-d27bc23-binance-ETHBUSD","timestamp":"2022-03-05T22:11:18.951Z"}
{"assetPair":"ETHBUSD","data":{"price":"2656.00000000","symbol":"ETHBUSD"},"level":"info","message":"Latest price","service":"api-d27bc23-binance-ETHBUSD","timestamp":"2022-03-05T22:14:18.974Z"}
{"assetPair":"ETHBUSD","data":{"price":"2658.54000000","symbol":"ETHBUSD"},"level":"info","message":"Latest price","service":"api-d27bc23-binance-ETHBUSD","timestamp":"2022-03-05T22:17:19.025Z"}
{"assetPair":"ETHBUSD","data":{"price":"2658.02000000","symbol":"ETHBUSD"},"level":"info","message":"Latest price","service":"api-d27bc23-binance-ETHBUSD","timestamp":"2022-03-05T22:20:19.063Z"}
{"assetPair":"ETHBUSD","data":{"price":"2660.39000000","symbol":"ETHBUSD"},"level":"info","message":"Latest price","service":"api-d27bc23-binance-ETHBUSD","timestamp":"2022-03-05T22:23:19.115Z"}
{"assetPair":"ETHBUSD","data":{"price":"2661.10000000","symbol":"ETHBUSD"},"level":"info","message":"Latest price","service":"api-d27bc23-binance-ETHBUSD","timestamp":"2022-03-05T22:26:19.142Z"}
{"assetPair":"ETHBUSD","data":{"price":"2658.85000000","symbol":"ETHBUSD"},"level":"info","message":"Latest price","service":"api-d27bc23-binance-ETHBUSD","timestamp":"2022-03-05T22:29:19.167Z"}
{"assetPair":"ETHBUSD","data":{"price":"2661.15000000","symbol":"ETHBUSD"},"level":"info","message":"Latest price","service":"api-d27bc23-binance-ETHBUSD","timestamp":"2022-03-05T22:32:19.190Z"}
{"assetPair":"ETHBUSD","data":{"price":"2666.19000000","symbol":"ETHBUSD"},"level":"info","message":"Latest price","service":"api-d27bc23-binance-ETHBUSD","timestamp":"2022-03-05T22:35:19.215Z"}
{"assetPair":"ETHBUSD","data":{"price":"2663.76000000","symbol":"ETHBUSD"},"level":"info","message":"Latest price","service":"api-d27bc23-binance-ETHBUSD","timestamp":"2022-03-05T22:38:19.267Z"}
{"assetPair":"ETHBUSD","data":{"price":"2663.23000000","symbol":"ETHBUSD"},"level":"info","message":"Latest price","service":"api-d27bc23-binance-ETHBUSD","timestamp":"2022-03-05T22:41:19.327Z"}
{"assetPair":"ETHBUSD","data":{"price":"2667.00000000","symbol":"ETHBUSD"},"level":"info","message":"Latest price","service":"api-d27bc23-binance-ETHBUSD","timestamp":"2022-03-05T22:44:19.352Z"}
{"assetPair":"ETHBUSD","data":{"price":"2664.95000000","symbol":"ETHBUSD"},"level":"info","message":"Latest price","service":"api-d27bc23-binance-ETHBUSD","timestamp":"2022-03-05T22:47:19.382Z"}
{"assetPair":"ETHBUSD","data":{"price":"2667.76000000","symbol":"ETHBUSD"},"level":"info","message":"Latest price","service":"api-d27bc23-binance-ETHBUSD","timestamp":"2022-03-05T22:50:19.406Z"}
{"assetPair":"ETHBUSD","data":{"price":"2666.45000000","symbol":"ETHBUSD"},"level":"info","message":"Latest price","service":"api-d27bc23-binance-ETHBUSD","timestamp":"2022-03-05T22:53:19.435Z"}
{"assetPair":"ETHBUSD","data":{"price":"2669.82000000","symbol":"ETHBUSD"},"level":"info","message":"Latest price","service":"api-d27bc23-binance-ETHBUSD","timestamp":"2022-03-05T22:56:19.466Z"}
{"assetPair":"ETHBUSD","data":{"price":"2669.73000000","symbol":"ETHBUSD"},"level":"info","message":"Latest price","service":"api-d27bc23-binance-ETHBUSD","timestamp":"2022-03-05T22:59:19.494Z"}
{"assetPair":"ETHBUSD","data":{"price":"2662.18000000","symbol":"ETHBUSD"},"level":"info","message":"Latest price","service":"api-d27bc23-binance-ETHBUSD","timestamp":"2022-03-05T23:02:19.546Z"}
{"assetPair":"ETHBUSD","data":{"price":"2660.69000000","symbol":"ETHBUSD"},"level":"info","message":"Latest price","service":"api-d27bc23-binance-ETHBUSD","timestamp":"2022-03-05T23:05:19.571Z"}
{"assetPair":"ETHBUSD","data":{"price":"2665.68000000","symbol":"ETHBUSD"},"level":"info","message":"Latest price","service":"api-d27bc23-binance-ETHBUSD","timestamp":"2022-03-05T23:08:19.646Z"}
{"assetPair":"ETHBUSD","data":{"price":"2667.25000000","symbol":"ETHBUSD"},"level":"info","message":"Latest price","service":"api-d27bc23-binance-ETHBUSD","timestamp":"2022-03-05T23:11:19.675Z"}
{"assetPair":"ETHBUSD","data":{"price":"2666.80000000","symbol":"ETHBUSD"},"level":"info","message":"Latest price","service":"api-d27bc23-binance-ETHBUSD","timestamp":"2022-03-05T23:14:19.727Z"}
{"assetPair":"ETHBUSD","data":{"price":"2663.95000000","symbol":"ETHBUSD"},"level":"info","message":"Latest price","service":"api-d27bc23-binance-ETHBUSD","timestamp":"2022-03-05T23:17:19.753Z"}
{"assetPair":"ETHBUSD","data":{"price":"2664.00000000","symbol":"ETHBUSD"},"level":"info","message":"Latest price","service":"api-d27bc23-binance-ETHBUSD","timestamp":"2022-03-05T23:20:19.787Z"}
{"assetPair":"ETHBUSD","data":{"price":"2664.82000000","symbol":"ETHBUSD"},"level":"info","message":"Latest price","service":"api-d27bc23-binance-ETHBUSD","timestamp":"2022-03-05T23:23:19.812Z"}
{"assetPair":"ETHBUSD","data":{"price":"2663.40000000","symbol":"ETHBUSD"},"level":"info","message":"Latest price","service":"api-d27bc23-binance-ETHBUSD","timestamp":"2022-03-05T23:26:19.840Z"}
{"assetPair":"ETHBUSD","data":{"price":"2661.54000000","symbol":"ETHBUSD"},"level":"info","message":"Latest price","service":"api-d27bc23-binance-ETHBUSD","timestamp":"2022-03-05T23:29:19.890Z"}
{"assetPair":"ETHBUSD","data":{"price":"2662.23000000","symbol":"ETHBUSD"},"level":"info","message":"Latest price","service":"api-d27bc23-binance-ETHBUSD","timestamp":"2022-03-05T23:32:19.917Z"}
{"assetPair":"ETHBUSD","data":{"price":"2657.93000000","symbol":"ETHBUSD"},"level":"info","message":"Latest price","service":"api-d27bc23-binance-ETHBUSD","timestamp":"2022-03-05T23:35:19.945Z"}
{"assetPair":"ETHBUSD","data":{"price":"2658.76000000","symbol":"ETHBUSD"},"level":"info","message":"Latest price","service":"api-d27bc23-binance-ETHBUSD","timestamp":"2022-03-05T23:38:19.973Z"}
{"assetPair":"ETHBUSD","data":{"price":"2659.59000000","symbol":"ETHBUSD"},"level":"info","message":"Latest price","service":"api-d27bc23-binance-ETHBUSD","timestamp":"2022-03-05T23:41:19.998Z"}
{"assetPair":"ETHBUSD","data":{"price":"2659.47000000","symbol":"ETHBUSD"},"level":"info","message":"Latest price","service":"api-d27bc23-binance-ETHBUSD","timestamp":"2022-03-05T23:44:20.032Z"}
{"assetPair":"ETHBUSD","data":{"price":"2660.72000000","symbol":"ETHBUSD"},"level":"info","message":"Latest price","service":"api-d27bc23-binance-ETHBUSD","timestamp":"2022-03-05T23:47:20.056Z"}
{"assetPair":"ETHBUSD","data":{"price":"2662.57000000","symbol":"ETHBUSD"},"level":"info","message":"Latest price","service":"api-d27bc23-binance-ETHBUSD","timestamp":"2022-03-05T23:50:20.081Z"}
{"assetPair":"ETHBUSD","data":{"price":"2665.18000000","symbol":"ETHBUSD"},"level":"info","message":"Latest price","service":"api-d27bc23-binance-ETHBUSD","timestamp":"2022-03-05T23:53:20.104Z"}
{"assetPair":"ETHBUSD","data":{"price":"2664.48000000","symbol":"ETHBUSD"},"level":"info","message":"Latest price","service":"api-d27bc23-binance-ETHBUSD","timestamp":"2022-03-05T23:56:20.141Z"}
{"assetPair":"ETHBUSD","data":{"price":"2666.00000000","symbol":"ETHBUSD"},"level":"info","message":"Latest price","service":"api-d27bc23-binance-ETHBUSD","timestamp":"2022-03-05T23:59:20.193Z"}
{"assetPair":"ETHBUSD","data":{"price":"2664.31000000","symbol":"ETHBUSD"},"level":"info","message":"Latest price","service":"api-d27bc23-binance-ETHBUSD","timestamp":"2022-03-06T00:02:20.219Z"}
{"assetPair":"ETHBUSD","data":{"price":"2668.00000000","symbol":"ETHBUSD"},"level":"info","message":"Latest price","service":"api-d27bc23-binance-ETHBUSD","timestamp":"2022-03-06T00:05:20.257Z"}
{"assetPair":"ETHBUSD","data":{"price":"2667.18000000","symbol":"ETHBUSD"},"level":"info","message":"Latest price","service":"api-d27bc23-binance-ETHBUSD","timestamp":"2022-03-06T00:08:20.290Z"}
{"assetPair":"ETHBUSD","data":{"price":"2668.03000000","symbol":"ETHBUSD"},"level":"info","message":"Latest price","service":"api-d27bc23-binance-ETHBUSD","timestamp":"2022-03-06T00:11:20.314Z"}
{"assetPair":"ETHBUSD","data":{"price":"2669.79000000","symbol":"ETHBUSD"},"level":"info","message":"Latest price","service":"api-d27bc23-binance-ETHBUSD","timestamp":"2022-03-06T00:14:20.336Z"}
{"assetPair":"ETHBUSD","data":{"price":"2668.07000000","symbol":"ETHBUSD"},"level":"info","message":"Latest price","service":"api-d27bc23-binance-ETHBUSD","timestamp":"2022-03-06T00:17:20.369Z"}
{"assetPair":"ETHBUSD","data":{"price":"2671.00000000","symbol":"ETHBUSD"},"level":"info","message":"Latest price","service":"api-d27bc23-binance-ETHBUSD","timestamp":"2022-03-06T00:20:20.422Z"}
{"assetPair":"ETHBUSD","data":{"price":"2672.72000000","symbol":"ETHBUSD"},"level":"info","message":"Latest price","service":"api-d27bc23-binance-ETHBUSD","timestamp":"2022-03-06T00:23:20.482Z"}
{"assetPair":"ETHBUSD","data":{"price":"2669.49000000","symbol":"ETHBUSD"},"level":"info","message":"Latest price","service":"api-d27bc23-binance-ETHBUSD","timestamp":"2022-03-06T00:26:20.534Z"}
{"assetPair":"ETHBUSD","data":{"price":"2667.37000000","symbol":"ETHBUSD"},"level":"info","message":"Latest price","service":"api-d27bc23-binance-ETHBUSD","timestamp":"2022-03-06T00:29:20.559Z"}
{"assetPair":"ETHBUSD","data":{"price":"2669.94000000","symbol":"ETHBUSD"},"level":"info","message":"Latest price","service":"api-d27bc23-binance-ETHBUSD","timestamp":"2022-03-06T00:32:20.635Z"}
{"assetPair":"ETHBUSD","data":{"price":"2669.71000000","symbol":"ETHBUSD"},"level":"info","message":"Latest price","service":"api-d27bc23-binance-ETHBUSD","timestamp":"2022-03-06T00:35:20.664Z"}
{"assetPair":"ETHBUSD","data":{"price":"2670.60000000","symbol":"ETHBUSD"},"level":"info","message":"Latest price","service":"api-d27bc23-binance-ETHBUSD","timestamp":"2022-03-06T00:38:20.689Z"}
{"assetPair":"ETHBUSD","data":{"price":"2669.39000000","symbol":"ETHBUSD"},"level":"info","message":"Latest price","service":"api-d27bc23-binance-ETHBUSD","timestamp":"2022-03-06T00:41:20.744Z"}
{"assetPair":"ETHBUSD","data":{"price":"2668.61000000","symbol":"ETHBUSD"},"level":"info","message":"Latest price","service":"api-d27bc23-binance-ETHBUSD","timestamp":"2022-03-06T00:44:20.769Z"}
{"assetPair":"ETHBUSD","data":{"price":"2666.71000000","symbol":"ETHBUSD"},"level":"info","message":"Latest price","service":"api-d27bc23-binance-ETHBUSD","timestamp":"2022-03-06T00:47:20.803Z"}
{"assetPair":"ETHBUSD","data":{"price":"2668.45000000","symbol":"ETHBUSD"},"level":"info","message":"Latest price","service":"api-d27bc23-binance-ETHBUSD","timestamp":"2022-03-06T00:50:20.828Z"}
{"assetPair":"ETHBUSD","data":{"price":"2669.84000000","symbol":"ETHBUSD"},"level":"info","message":"Latest price","service":"api-d27bc23-binance-ETHBUSD","timestamp":"2022-03-06T00:53:20.881Z"}
{"assetPair":"ETHBUSD","data":{"price":"2670.87000000","symbol":"ETHBUSD"},"level":"info","message":"Latest price","service":"api-d27bc23-binance-ETHBUSD","timestamp":"2022-03-06T00:56:20.915Z"}
{"assetPair":"ETHBUSD","data":{"price":"2671.17000000","symbol":"ETHBUSD"},"level":"info","message":"Latest price","service":"api-d27bc23-binance-ETHBUSD","timestamp":"2022-03-06T00:59:20.937Z"}
{"assetPair":"ETHBUSD","data":{"price":"2669.74000000","symbol":"ETHBUSD"},"level":"info","message":"Latest price","service":"api-d27bc23-binance-ETHBUSD","timestamp":"2022-03-06T01:02:20.963Z"}
{"assetPair":"ETHBUSD","data":{"price":"2671.85000000","symbol":"ETHBUSD"},"level":"info","message":"Latest price","service":"api-d27bc23-binance-ETHBUSD","timestamp":"2022-03-06T01:05:20.993Z"}
{"assetPair":"ETHBUSD","data":{"price":"2671.00000000","symbol":"ETHBUSD"},"level":"info","message":"Latest price","service":"api-d27bc23-binance-ETHBUSD","timestamp":"2022-03-06T01:08:21.019Z"}
{"assetPair":"ETHBUSD","data":{"price":"2671.09000000","symbol":"ETHBUSD"},"level":"info","message":"Latest price","service":"api-d27bc23-binance-ETHBUSD","timestamp":"2022-03-06T01:11:21.049Z"}
{"assetPair":"ETHBUSD","data":{"price":"2669.10000000","symbol":"ETHBUSD"},"level":"info","message":"Latest price","service":"api-d27bc23-binance-ETHBUSD","timestamp":"2022-03-06T01:14:21.075Z"}
{"assetPair":"ETHBUSD","data":{"price":"2669.19000000","symbol":"ETHBUSD"},"level":"info","message":"Latest price","service":"api-d27bc23-binance-ETHBUSD","timestamp":"2022-03-06T01:17:21.099Z"}
{"assetPair":"ETHBUSD","data":{"price":"2669.80000000","symbol":"ETHBUSD"},"level":"info","message":"Latest price","service":"api-d27bc23-binance-ETHBUSD","timestamp":"2022-03-06T01:20:21.128Z"}
{"assetPair":"ETHBUSD","data":{"price":"2670.15000000","symbol":"ETHBUSD"},"level":"info","message":"Latest price","service":"api-d27bc23-binance-ETHBUSD","timestamp":"2022-03-06T01:23:21.179Z"}
{"assetPair":"ETHBUSD","data":{"price":"2670.23000000","symbol":"ETHBUSD"},"level":"info","message":"Latest price","service":"api-d27bc23-binance-ETHBUSD","timestamp":"2022-03-06T01:26:21.207Z"}
{"assetPair":"ETHBUSD","data":{"price":"2670.52000000","symbol":"ETHBUSD"},"level":"info","message":"Latest price","service":"api-d27bc23-binance-ETHBUSD","timestamp":"2022-03-06T01:29:21.262Z"}
{"assetPair":"ETHBUSD","data":{"price":"2666.35000000","symbol":"ETHBUSD"},"level":"info","message":"Latest price","service":"api-d27bc23-binance-ETHBUSD","timestamp":"2022-03-06T01:32:21.286Z"}
{"assetPair":"ETHBUSD","data":{"price":"2665.22000000","symbol":"ETHBUSD"},"level":"info","message":"Latest price","service":"api-d27bc23-binance-ETHBUSD","timestamp":"2022-03-06T01:35:21.339Z"}
{"assetPair":"ETHBUSD","data":{"price":"2662.72000000","symbol":"ETHBUSD"},"level":"info","message":"Latest price","service":"api-d27bc23-binance-ETHBUSD","timestamp":"2022-03-06T01:38:21.366Z"}
{"assetPair":"ETHBUSD","data":{"price":"2661.21000000","symbol":"ETHBUSD"},"level":"info","message":"Latest price","service":"api-d27bc23-binance-ETHBUSD","timestamp":"2022-03-06T01:41:21.391Z"}
{"assetPair":"ETHBUSD","data":{"price":"2662.56000000","symbol":"ETHBUSD"},"level":"info","message":"Latest price","service":"api-d27bc23-binance-ETHBUSD","timestamp":"2022-03-06T01:44:21.421Z"}
{"assetPair":"ETHBUSD","data":{"price":"2661.97000000","symbol":"ETHBUSD"},"level":"info","message":"Latest price","service":"api-d27bc23-binance-ETHBUSD","timestamp":"2022-03-06T01:47:21.448Z"}
{"assetPair":"ETHBUSD","data":{"price":"2662.27000000","symbol":"ETHBUSD"},"level":"info","message":"Latest price","service":"api-d27bc23-binance-ETHBUSD","timestamp":"2022-03-06T01:50:21.473Z"}
{"assetPair":"ETHBUSD","data":{"price":"2660.78000000","symbol":"ETHBUSD"},"level":"info","message":"Latest price","service":"api-d27bc23-binance-ETHBUSD","timestamp":"2022-03-06T01:53:21.525Z"}
{"assetPair":"ETHBUSD","data":{"price":"2660.58000000","symbol":"ETHBUSD"},"level":"info","message":"Latest price","service":"api-d27bc23-binance-ETHBUSD","timestamp":"2022-03-06T01:56:21.550Z"}
{"assetPair":"ETHBUSD","data":{"price":"2661.27000000","symbol":"ETHBUSD"},"level":"info","message":"Latest price","service":"api-d27bc23-binance-ETHBUSD","timestamp":"2022-03-06T01:59:21.575Z"}
{"assetPair":"ETHBUSD","data":{"price":"2658.71000000","symbol":"ETHBUSD"},"level":"info","message":"Latest price","service":"api-d27bc23-binance-ETHBUSD","timestamp":"2022-03-06T02:02:21.603Z"}
{"assetPair":"ETHBUSD","data":{"price":"2656.97000000","symbol":"ETHBUSD"},"level":"info","message":"Latest price","service":"api-d27bc23-binance-ETHBUSD","timestamp":"2022-03-06T02:05:21.664Z"}
{"assetPair":"ETHBUSD","data":{"price":"2656.87000000","symbol":"ETHBUSD"},"level":"info","message":"Latest price","service":"api-d27bc23-binance-ETHBUSD","timestamp":"2022-03-06T02:08:21.689Z"}
{"assetPair":"ETHBUSD","data":{"price":"2657.30000000","symbol":"ETHBUSD"},"level":"info","message":"Latest price","service":"api-d27bc23-binance-ETHBUSD","timestamp":"2022-03-06T02:11:21.745Z"}
{"assetPair":"ETHBUSD","data":{"price":"2660.40000000","symbol":"ETHBUSD"},"level":"info","message":"Latest price","service":"api-d27bc23-binance-ETHBUSD","timestamp":"2022-03-06T02:14:21.771Z"}
{"assetPair":"ETHBUSD","data":{"price":"2661.20000000","symbol":"ETHBUSD"},"level":"info","message":"Latest price","service":"api-d27bc23-binance-ETHBUSD","timestamp":"2022-03-06T02:17:21.805Z"}
{"assetPair":"ETHBUSD","data":{"price":"2663.62000000","symbol":"ETHBUSD"},"level":"info","message":"Latest price","service":"api-d27bc23-binance-ETHBUSD","timestamp":"2022-03-06T02:20:21.836Z"}
{"assetPair":"ETHBUSD","data":{"price":"2662.59000000","symbol":"ETHBUSD"},"level":"info","message":"Latest price","service":"api-d27bc23-binance-ETHBUSD","timestamp":"2022-03-06T02:23:21.877Z"}
{"assetPair":"ETHBUSD","data":{"price":"2662.00000000","symbol":"ETHBUSD"},"level":"info","message":"Latest price","service":"api-d27bc23-binance-ETHBUSD","timestamp":"2022-03-06T02:26:21.899Z"}
{"assetPair":"ETHBUSD","data":{"price":"2667.16000000","symbol":"ETHBUSD"},"level":"info","message":"Latest price","service":"api-d27bc23-binance-ETHBUSD","timestamp":"2022-03-06T02:29:21.924Z"}
{"balance":{"asset":"BUSD","free":"39.25391214","locked":"0.00000000"},"level":"info","message":"Binance balance","service":"api-d27bc23-binance-ETHBUSD","timestamp":"2022-03-06T02:29:21.950Z"}
{"buyAsset":"ETH","correctedPrice":"2667.16","correctedQty":"0.0092","level":"info","message":"Initiating BUY","price":"2667.16","quantity":"0.00927953328634202673","service":"api-d27bc23-binance-ETHBUSD","timestamp":"2022-03-06T02:29:22.004Z","withAsset":"BUSD"}
{"data":{"clientOrderId":"ny1zLB4LGMHaWCp6hkCK1q","cummulativeQuoteQty":"24.53787200","executedQty":"0.00920000","fills":[{"commission":"0.00000920","commissionAsset":"ETH","price":"2667.16000000","qty":"0.00920000","tradeId":273571850}],"orderId":4287310045,"orderListId":-1,"origQty":"0.00920000","price":"2667.16000000","side":"BUY","status":"FILLED","symbol":"ETHBUSD","timeInForce":"GTC","transactTime":1646533762029,"type":"LIMIT"},"level":"info","message":"BUY success","service":"api-d27bc23-binance-ETHBUSD","timestamp":"2022-03-06T02:29:22.034Z"}
{"level":"info","message":"Checking order status","origClientOrderId":"ny1zLB4LGMHaWCp6hkCK1q","service":"api-d27bc23-binance-ETHBUSD","symbol":"ETHBUSD","timestamp":"2022-03-06T02:32:22.040Z"}
{"data":{"clientOrderId":"ny1zLB4LGMHaWCp6hkCK1q","cummulativeQuoteQty":"24.53787200","executedQty":"0.00920000","icebergQty":"0.00000000","isWorking":true,"orderId":4287310045,"orderListId":-1,"origQty":"0.00920000","origQuoteOrderQty":"0.00000000","price":"2667.16000000","side":"BUY","status":"FILLED","stopPrice":"0.00000000","symbol":"ETHBUSD","time":1646533762029,"timeInForce":"GTC","type":"LIMIT","updateTime":1646533762029},"level":"info","message":"Order status","service":"api-d27bc23-binance-ETHBUSD","timestamp":"2022-03-06T02:32:22.098Z"}
{"assetPair":"ETHBUSD","data":{"price":"2665.81000000","symbol":"ETHBUSD"},"level":"info","message":"Latest price","service":"api-d27bc23-binance-ETHBUSD","timestamp":"2022-03-06T02:32:22.149Z"}
{"assetPair":"ETHBUSD","data":{"price":"2664.99000000","symbol":"ETHBUSD"},"level":"info","message":"Latest price","service":"api-d27bc23-binance-ETHBUSD","timestamp":"2022-03-06T02:35:22.175Z"}
{"assetPair":"ETHBUSD","data":{"price":"2665.04000000","symbol":"ETHBUSD"},"level":"info","message":"Latest price","service":"api-d27bc23-binance-ETHBUSD","timestamp":"2022-03-06T02:38:22.229Z"}
{"assetPair":"ETHBUSD","data":{"price":"2661.82000000","symbol":"ETHBUSD"},"level":"info","message":"Latest price","service":"api-d27bc23-binance-ETHBUSD","timestamp":"2022-03-06T02:41:22.268Z"}
{"assetPair":"ETHBUSD","data":{"price":"2665.27000000","symbol":"ETHBUSD"},"level":"info","message":"Latest price","service":"api-d27bc23-binance-ETHBUSD","timestamp":"2022-03-06T02:44:22.297Z"}
{"assetPair":"ETHBUSD","data":{"price":"2663.37000000","symbol":"ETHBUSD"},"level":"info","message":"Latest price","service":"api-d27bc23-binance-ETHBUSD","timestamp":"2022-03-06T02:47:22.324Z"}
{"assetPair":"ETHBUSD","data":{"price":"2661.23000000","symbol":"ETHBUSD"},"level":"info","message":"Latest price","service":"api-d27bc23-binance-ETHBUSD","timestamp":"2022-03-06T02:50:22.351Z"}
{"assetPair":"ETHBUSD","data":{"price":"2661.95000000","symbol":"ETHBUSD"},"level":"info","message":"Latest price","service":"api-d27bc23-binance-ETHBUSD","timestamp":"2022-03-06T02:53:22.378Z"}
{"assetPair":"ETHBUSD","data":{"price":"2662.65000000","symbol":"ETHBUSD"},"level":"info","message":"Latest price","service":"api-d27bc23-binance-ETHBUSD","timestamp":"2022-03-06T02:56:22.404Z"}
{"assetPair":"ETHBUSD","data":{"price":"2664.44000000","symbol":"ETHBUSD"},"level":"info","message":"Latest price","service":"api-d27bc23-binance-ETHBUSD","timestamp":"2022-03-06T02:59:22.430Z"}
{"assetPair":"ETHBUSD","data":{"price":"2664.17000000","symbol":"ETHBUSD"},"level":"info","message":"Latest price","service":"api-d27bc23-binance-ETHBUSD","timestamp":"2022-03-06T03:02:22.459Z"}
{"assetPair":"ETHBUSD","data":{"price":"2665.76000000","symbol":"ETHBUSD"},"level":"info","message":"Latest price","service":"api-d27bc23-binance-ETHBUSD","timestamp":"2022-03-06T03:05:22.531Z"}
{"assetPair":"ETHBUSD","data":{"price":"2665.24000000","symbol":"ETHBUSD"},"level":"info","message":"Latest price","service":"api-d27bc23-binance-ETHBUSD","timestamp":"2022-03-06T03:08:22.568Z"}
{"assetPair":"ETHBUSD","data":{"price":"2665.08000000","symbol":"ETHBUSD"},"level":"info","message":"Latest price","service":"api-d27bc23-binance-ETHBUSD","timestamp":"2022-03-06T03:11:22.596Z"}
{"assetPair":"ETHBUSD","data":{"price":"2662.00000000","symbol":"ETHBUSD"},"level":"info","message":"Latest price","service":"api-d27bc23-binance-ETHBUSD","timestamp":"2022-03-06T03:14:22.624Z"}
{"assetPair":"ETHBUSD","data":{"price":"2660.63000000","symbol":"ETHBUSD"},"level":"info","message":"Latest price","service":"api-d27bc23-binance-ETHBUSD","timestamp":"2022-03-06T03:17:22.655Z"}
{"assetPair":"ETHBUSD","data":{"price":"2659.12000000","symbol":"ETHBUSD"},"level":"info","message":"Latest price","service":"api-d27bc23-binance-ETHBUSD","timestamp":"2022-03-06T03:20:22.716Z"}
{"assetPair":"ETHBUSD","data":{"price":"2658.04000000","symbol":"ETHBUSD"},"level":"info","message":"Latest price","service":"api-d27bc23-binance-ETHBUSD","timestamp":"2022-03-06T03:23:22.742Z"}
{"assetPair":"ETHBUSD","data":{"price":"2658.37000000","symbol":"ETHBUSD"},"level":"info","message":"Latest price","service":"api-d27bc23-binance-ETHBUSD","timestamp":"2022-03-06T03:26:22.774Z"}
{"assetPair":"ETHBUSD","data":{"price":"2659.17000000","symbol":"ETHBUSD"},"level":"info","message":"Latest price","service":"api-d27bc23-binance-ETHBUSD","timestamp":"2022-03-06T03:29:22.825Z"}
{"assetPair":"ETHBUSD","data":{"price":"2656.26000000","symbol":"ETHBUSD"},"level":"info","message":"Latest price","service":"api-d27bc23-binance-ETHBUSD","timestamp":"2022-03-06T03:32:22.853Z"}
{"assetPair":"ETHBUSD","data":{"price":"2653.68000000","symbol":"ETHBUSD"},"level":"info","message":"Latest price","service":"api-d27bc23-binance-ETHBUSD","timestamp":"2022-03-06T03:35:22.917Z"}
{"assetPair":"ETHBUSD","data":{"price":"2647.30000000","symbol":"ETHBUSD"},"level":"info","message":"Latest price","service":"api-d27bc23-binance-ETHBUSD","timestamp":"2022-03-06T03:38:22.966Z"}
{"assetPair":"ETHBUSD","data":{"price":"2641.95000000","symbol":"ETHBUSD"},"level":"info","message":"Latest price","service":"api-d27bc23-binance-ETHBUSD","timestamp":"2022-03-06T03:41:22.994Z"}
{"assetPair":"ETHBUSD","data":{"price":"2642.21000000","symbol":"ETHBUSD"},"level":"info","message":"Latest price","service":"api-d27bc23-binance-ETHBUSD","timestamp":"2022-03-06T03:44:23.047Z"}
{"assetPair":"ETHBUSD","data":{"price":"2643.36000000","symbol":"ETHBUSD"},"level":"info","message":"Latest price","service":"api-d27bc23-binance-ETHBUSD","timestamp":"2022-03-06T03:47:23.078Z"}
{"assetPair":"ETHBUSD","data":{"price":"2647.44000000","symbol":"ETHBUSD"},"level":"info","message":"Latest price","service":"api-d27bc23-binance-ETHBUSD","timestamp":"2022-03-06T03:50:23.108Z"}
{"assetPair":"ETHBUSD","data":{"price":"2647.15000000","symbol":"ETHBUSD"},"level":"info","message":"Latest price","service":"api-d27bc23-binance-ETHBUSD","timestamp":"2022-03-06T03:53:23.134Z"}
{"assetPair":"ETHBUSD","data":{"price":"2645.17000000","symbol":"ETHBUSD"},"level":"info","message":"Latest price","service":"api-d27bc23-binance-ETHBUSD","timestamp":"2022-03-06T03:56:23.193Z"}
{"assetPair":"ETHBUSD","data":{"price":"2637.98000000","symbol":"ETHBUSD"},"level":"info","message":"Latest price","service":"api-d27bc23-binance-ETHBUSD","timestamp":"2022-03-06T03:59:23.224Z"}
{"assetPair":"ETHBUSD","data":{"price":"2637.51000000","symbol":"ETHBUSD"},"level":"info","message":"Latest price","service":"api-d27bc23-binance-ETHBUSD","timestamp":"2022-03-06T04:02:23.279Z"}
{"assetPair":"ETHBUSD","data":{"price":"2625.23000000","symbol":"ETHBUSD"},"level":"info","message":"Latest price","service":"api-d27bc23-binance-ETHBUSD","timestamp":"2022-03-06T04:05:23.306Z"}
{"assetPair":"ETHBUSD","data":{"price":"2626.52000000","symbol":"ETHBUSD"},"level":"info","message":"Latest price","service":"api-d27bc23-binance-ETHBUSD","timestamp":"2022-03-06T04:08:23.338Z"}
{"assetPair":"ETHBUSD","data":{"price":"2627.51000000","symbol":"ETHBUSD"},"level":"info","message":"Latest price","service":"api-d27bc23-binance-ETHBUSD","timestamp":"2022-03-06T04:11:23.360Z"}
{"assetPair":"ETHBUSD","data":{"price":"2632.85000000","symbol":"ETHBUSD"},"level":"info","message":"Latest price","service":"api-d27bc23-binance-ETHBUSD","timestamp":"2022-03-06T04:14:23.392Z"}
{"assetPair":"ETHBUSD","data":{"price":"2630.44000000","symbol":"ETHBUSD"},"level":"info","message":"Latest price","service":"api-d27bc23-binance-ETHBUSD","timestamp":"2022-03-06T04:17:23.420Z"}
{"assetPair":"ETHBUSD","data":{"price":"2630.15000000","symbol":"ETHBUSD"},"level":"info","message":"Latest price","service":"api-d27bc23-binance-ETHBUSD","timestamp":"2022-03-06T04:20:23.444Z"}
{"assetPair":"ETHBUSD","data":{"price":"2628.72000000","symbol":"ETHBUSD"},"level":"info","message":"Latest price","service":"api-d27bc23-binance-ETHBUSD","timestamp":"2022-03-06T04:23:23.471Z"}
{"assetPair":"ETHBUSD","data":{"price":"2629.75000000","symbol":"ETHBUSD"},"level":"info","message":"Latest price","service":"api-d27bc23-binance-ETHBUSD","timestamp":"2022-03-06T04:26:23.500Z"}
{"assetPair":"ETHBUSD","data":{"price":"2630.00000000","symbol":"ETHBUSD"},"level":"info","message":"Latest price","service":"api-d27bc23-binance-ETHBUSD","timestamp":"2022-03-06T04:29:23.529Z"}
{"assetPair":"ETHBUSD","data":{"price":"2631.81000000","symbol":"ETHBUSD"},"level":"info","message":"Latest price","service":"api-d27bc23-binance-ETHBUSD","timestamp":"2022-03-06T04:32:23.559Z"}
{"assetPair":"ETHBUSD","data":{"price":"2634.67000000","symbol":"ETHBUSD"},"level":"info","message":"Latest price","service":"api-d27bc23-binance-ETHBUSD","timestamp":"2022-03-06T04:35:23.582Z"}
{"assetPair":"ETHBUSD","data":{"price":"2639.50000000","symbol":"ETHBUSD"},"level":"info","message":"Latest price","service":"api-d27bc23-binance-ETHBUSD","timestamp":"2022-03-06T04:38:23.613Z"}
{"assetPair":"ETHBUSD","data":{"price":"2654.38000000","symbol":"ETHBUSD"},"level":"info","message":"Latest price","service":"api-d27bc23-binance-ETHBUSD","timestamp":"2022-03-06T04:41:23.687Z"}
{"assetPair":"ETHBUSD","data":{"price":"2650.39000000","symbol":"ETHBUSD"},"level":"info","message":"Latest price","service":"api-d27bc23-binance-ETHBUSD","timestamp":"2022-03-06T04:44:23.711Z"}
{"assetPair":"ETHBUSD","data":{"price":"2651.44000000","symbol":"ETHBUSD"},"level":"info","message":"Latest price","service":"api-d27bc23-binance-ETHBUSD","timestamp":"2022-03-06T04:47:23.740Z"}
{"assetPair":"ETHBUSD","data":{"price":"2650.78000000","symbol":"ETHBUSD"},"level":"info","message":"Latest price","service":"api-d27bc23-binance-ETHBUSD","timestamp":"2022-03-06T04:50:23.767Z"}
{"assetPair":"ETHBUSD","data":{"price":"2648.29000000","symbol":"ETHBUSD"},"level":"info","message":"Latest price","service":"api-d27bc23-binance-ETHBUSD","timestamp":"2022-03-06T04:53:23.793Z"}
{"assetPair":"ETHBUSD","data":{"price":"2648.76000000","symbol":"ETHBUSD"},"level":"info","message":"Latest price","service":"api-d27bc23-binance-ETHBUSD","timestamp":"2022-03-06T04:56:23.821Z"}
{"assetPair":"ETHBUSD","data":{"price":"2646.36000000","symbol":"ETHBUSD"},"level":"info","message":"Latest price","service":"api-d27bc23-binance-ETHBUSD","timestamp":"2022-03-06T04:59:23.847Z"}
{"assetPair":"ETHBUSD","data":{"price":"2651.52000000","symbol":"ETHBUSD"},"level":"info","message":"Latest price","service":"api-d27bc23-binance-ETHBUSD","timestamp":"2022-03-06T05:02:23.874Z"}
{"assetPair":"ETHBUSD","data":{"price":"2652.77000000","symbol":"ETHBUSD"},"level":"info","message":"Latest price","service":"api-d27bc23-binance-ETHBUSD","timestamp":"2022-03-06T05:05:23.903Z"}
{"assetPair":"ETHBUSD","data":{"price":"2653.99000000","symbol":"ETHBUSD"},"level":"info","message":"Latest price","service":"api-d27bc23-binance-ETHBUSD","timestamp":"2022-03-06T05:08:23.973Z"}
{"assetPair":"ETHBUSD","data":{"price":"2651.39000000","symbol":"ETHBUSD"},"level":"info","message":"Latest price","service":"api-d27bc23-binance-ETHBUSD","timestamp":"2022-03-06T05:11:24.026Z"}
{"assetPair":"ETHBUSD","data":{"price":"2651.18000000","symbol":"ETHBUSD"},"level":"info","message":"Latest price","service":"api-d27bc23-binance-ETHBUSD","timestamp":"2022-03-06T05:14:24.050Z"}
{"assetPair":"ETHBUSD","data":{"price":"2653.48000000","symbol":"ETHBUSD"},"level":"info","message":"Latest price","service":"api-d27bc23-binance-ETHBUSD","timestamp":"2022-03-06T05:17:24.091Z"}
{"assetPair":"ETHBUSD","data":{"price":"2653.97000000","symbol":"ETHBUSD"},"level":"info","message":"Latest price","service":"api-d27bc23-binance-ETHBUSD","timestamp":"2022-03-06T05:20:24.118Z"}
{"assetPair":"ETHBUSD","data":{"price":"2654.11000000","symbol":"ETHBUSD"},"level":"info","message":"Latest price","service":"api-d27bc23-binance-ETHBUSD","timestamp":"2022-03-06T05:23:24.147Z"}
{"assetPair":"ETHBUSD","data":{"price":"2654.15000000","symbol":"ETHBUSD"},"level":"info","message":"Latest price","service":"api-d27bc23-binance-ETHBUSD","timestamp":"2022-03-06T05:26:24.200Z"}
{"assetPair":"ETHBUSD","data":{"price":"2652.46000000","symbol":"ETHBUSD"},"level":"info","message":"Latest price","service":"api-d27bc23-binance-ETHBUSD","timestamp":"2022-03-06T05:29:24.227Z"}
{"assetPair":"ETHBUSD","data":{"price":"2652.55000000","symbol":"ETHBUSD"},"level":"info","message":"Latest price","service":"api-d27bc23-binance-ETHBUSD","timestamp":"2022-03-06T05:32:24.300Z"}
{"assetPair":"ETHBUSD","data":{"price":"2651.05000000","symbol":"ETHBUSD"},"level":"info","message":"Latest price","service":"api-d27bc23-binance-ETHBUSD","timestamp":"2022-03-06T05:35:24.353Z"}
{"assetPair":"ETHBUSD","data":{"price":"2651.71000000","symbol":"ETHBUSD"},"level":"info","message":"Latest price","service":"api-d27bc23-binance-ETHBUSD","timestamp":"2022-03-06T05:38:24.420Z"}
{"assetPair":"ETHBUSD","data":{"price":"2650.41000000","symbol":"ETHBUSD"},"level":"info","message":"Latest price","service":"api-d27bc23-binance-ETHBUSD","timestamp":"2022-03-06T05:41:24.452Z"}
{"assetPair":"ETHBUSD","data":{"price":"2649.82000000","symbol":"ETHBUSD"},"level":"info","message":"Latest price","service":"api-d27bc23-binance-ETHBUSD","timestamp":"2022-03-06T05:44:24.487Z"}
{"assetPair":"ETHBUSD","data":{"price":"2653.99000000","symbol":"ETHBUSD"},"level":"info","message":"Latest price","service":"api-d27bc23-binance-ETHBUSD","timestamp":"2022-03-06T05:47:24.514Z"}
{"assetPair":"ETHBUSD","data":{"price":"2652.73000000","symbol":"ETHBUSD"},"level":"info","message":"Latest price","service":"api-d27bc23-binance-ETHBUSD","timestamp":"2022-03-06T05:50:24.540Z"}
{"assetPair":"ETHBUSD","data":{"price":"2652.19000000","symbol":"ETHBUSD"},"level":"info","message":"Latest price","service":"api-d27bc23-binance-ETHBUSD","timestamp":"2022-03-06T05:53:24.566Z"}
{"assetPair":"ETHBUSD","data":{"price":"2652.30000000","symbol":"ETHBUSD"},"level":"info","message":"Latest price","service":"api-d27bc23-binance-ETHBUSD","timestamp":"2022-03-06T05:56:24.592Z"}
{"assetPair":"ETHBUSD","data":{"price":"2650.43000000","symbol":"ETHBUSD"},"level":"info","message":"Latest price","service":"api-d27bc23-binance-ETHBUSD","timestamp":"2022-03-06T05:59:24.617Z"}
{"assetPair":"ETHBUSD","data":{"price":"2651.13000000","symbol":"ETHBUSD"},"level":"info","message":"Latest price","service":"api-d27bc23-binance-ETHBUSD","timestamp":"2022-03-06T06:02:24.648Z"}
{"assetPair":"ETHBUSD","data":{"price":"2651.64000000","symbol":"ETHBUSD"},"level":"info","message":"Latest price","service":"api-d27bc23-binance-ETHBUSD","timestamp":"2022-03-06T06:05:24.681Z"}
{"assetPair":"ETHBUSD","data":{"price":"2652.34000000","symbol":"ETHBUSD"},"level":"info","message":"Latest price","service":"api-d27bc23-binance-ETHBUSD","timestamp":"2022-03-06T06:08:24.708Z"}
{"assetPair":"ETHBUSD","data":{"price":"2652.42000000","symbol":"ETHBUSD"},"level":"info","message":"Latest price","service":"api-d27bc23-binance-ETHBUSD","timestamp":"2022-03-06T06:11:24.743Z"}
{"assetPair":"ETHBUSD","data":{"price":"2652.89000000","symbol":"ETHBUSD"},"level":"info","message":"Latest price","service":"api-d27bc23-binance-ETHBUSD","timestamp":"2022-03-06T06:14:24.772Z"}
{"assetPair":"ETHBUSD","data":{"price":"2652.57000000","symbol":"ETHBUSD"},"level":"info","message":"Latest price","service":"api-d27bc23-binance-ETHBUSD","timestamp":"2022-03-06T06:17:24.825Z"}
{"assetPair":"ETHBUSD","data":{"price":"2652.41000000","symbol":"ETHBUSD"},"level":"info","message":"Latest price","service":"api-d27bc23-binance-ETHBUSD","timestamp":"2022-03-06T06:20:24.851Z"}
{"assetPair":"ETHBUSD","data":{"price":"2659.92000000","symbol":"ETHBUSD"},"level":"info","message":"Latest price","service":"api-d27bc23-binance-ETHBUSD","timestamp":"2022-03-06T06:23:24.873Z"}
{"assetPair":"ETHBUSD","data":{"price":"2658.79000000","symbol":"ETHBUSD"},"level":"info","message":"Latest price","service":"api-d27bc23-binance-ETHBUSD","timestamp":"2022-03-06T06:26:24.908Z"}
{"assetPair":"ETHBUSD","data":{"price":"2654.91000000","symbol":"ETHBUSD"},"level":"info","message":"Latest price","service":"api-d27bc23-binance-ETHBUSD","timestamp":"2022-03-06T06:29:24.932Z"}
{"assetPair":"ETHBUSD","data":{"price":"2653.85000000","symbol":"ETHBUSD"},"level":"info","message":"Latest price","service":"api-d27bc23-binance-ETHBUSD","timestamp":"2022-03-06T06:32:24.968Z"}
{"assetPair":"ETHBUSD","data":{"price":"2650.78000000","symbol":"ETHBUSD"},"level":"info","message":"Latest price","service":"api-d27bc23-binance-ETHBUSD","timestamp":"2022-03-06T06:35:25.003Z"}
{"assetPair":"ETHBUSD","data":{"price":"2649.79000000","symbol":"ETHBUSD"},"level":"info","message":"Latest price","service":"api-d27bc23-binance-ETHBUSD","timestamp":"2022-03-06T06:38:25.022Z"}
{"assetPair":"ETHBUSD","data":{"price":"2648.51000000","symbol":"ETHBUSD"},"level":"info","message":"Latest price","service":"api-d27bc23-binance-ETHBUSD","timestamp":"2022-03-06T06:41:25.072Z"}
{"assetPair":"ETHBUSD","data":{"price":"2649.62000000","symbol":"ETHBUSD"},"level":"info","message":"Latest price","service":"api-d27bc23-binance-ETHBUSD","timestamp":"2022-03-06T06:44:25.103Z"}
{"assetPair":"ETHBUSD","data":{"price":"2649.34000000","symbol":"ETHBUSD"},"level":"info","message":"Latest price","service":"api-d27bc23-binance-ETHBUSD","timestamp":"2022-03-06T06:47:25.157Z"}
{"assetPair":"ETHBUSD","data":{"price":"2649.34000000","symbol":"ETHBUSD"},"level":"info","message":"Latest price","service":"api-d27bc23-binance-ETHBUSD","timestamp":"2022-03-06T06:50:25.188Z"}
{"assetPair":"ETHBUSD","data":{"price":"2648.41000000","symbol":"ETHBUSD"},"level":"info","message":"Latest price","service":"api-d27bc23-binance-ETHBUSD","timestamp":"2022-03-06T06:53:25.221Z"}
{"assetPair":"ETHBUSD","data":{"price":"2647.69000000","symbol":"ETHBUSD"},"level":"info","message":"Latest price","service":"api-d27bc23-binance-ETHBUSD","timestamp":"2022-03-06T06:56:25.245Z"}
{"assetPair":"ETHBUSD","data":{"price":"2645.20000000","symbol":"ETHBUSD"},"level":"info","message":"Latest price","service":"api-c4627c9-binance-ETHBUSD","timestamp":"2022-03-06T07:49:43.216Z"}
{"assetPair":"ETHBUSD","data":{"price":"2647.01000000","symbol":"ETHBUSD"},"level":"info","message":"Latest price","service":"api-c4627c9-binance-ETHBUSD","timestamp":"2022-03-06T07:52:43.253Z"}
{"assetPair":"ETHBUSD","data":{"price":"2645.57000000","symbol":"ETHBUSD"},"level":"info","message":"Latest price","service":"api-c4627c9-binance-ETHBUSD","timestamp":"2022-03-06T07:55:43.308Z"}
{"assetPair":"ETHBUSD","data":{"price":"2646.68000000","symbol":"ETHBUSD"},"level":"info","message":"Latest price","service":"api-c4627c9-binance-ETHBUSD","timestamp":"2022-03-06T07:58:43.365Z"}
{"assetPair":"ETHBUSD","data":{"price":"2644.31000000","symbol":"ETHBUSD"},"level":"info","message":"Latest price","service":"api-c4627c9-binance-ETHBUSD","timestamp":"2022-03-06T08:01:43.406Z"}
{"assetPair":"ETHBUSD","data":{"price":"2642.06000000","symbol":"ETHBUSD"},"level":"info","message":"Latest price","service":"api-c4627c9-binance-ETHBUSD","timestamp":"2022-03-06T08:04:43.440Z"}
{"assetPair":"ETHBUSD","data":{"price":"2639.93000000","symbol":"ETHBUSD"},"level":"info","message":"Latest price","service":"api-c4627c9-binance-ETHBUSD","timestamp":"2022-03-06T08:07:43.480Z"}
{"assetPair":"ETHBUSD","data":{"price":"2637.54000000","symbol":"ETHBUSD"},"level":"info","message":"Latest price","service":"api-c4627c9-binance-ETHBUSD","timestamp":"2022-03-06T08:10:43.521Z"}
{"assetPair":"ETHBUSD","data":{"price":"2641.60000000","symbol":"ETHBUSD"},"level":"info","message":"Latest price","service":"api-c4627c9-binance-ETHBUSD","timestamp":"2022-03-06T08:13:43.556Z"}
{"assetPair":"ETHBUSD","data":{"price":"2640.48000000","symbol":"ETHBUSD"},"level":"info","message":"Latest price","service":"api-c4627c9-binance-ETHBUSD","timestamp":"2022-03-06T08:16:43.594Z"}
{"assetPair":"ETHBUSD","data":{"price":"2643.52000000","symbol":"ETHBUSD"},"level":"info","message":"Latest price","service":"api-c4627c9-binance-ETHBUSD","timestamp":"2022-03-06T08:19:43.636Z"}
{"assetPair":"ETHBUSD","data":{"price":"2644.40000000","symbol":"ETHBUSD"},"level":"info","message":"Latest price","service":"api-c4627c9-binance-ETHBUSD","timestamp":"2022-03-06T08:22:43.676Z"}
{"assetPair":"ETHBUSD","data":{"price":"2646.25000000","symbol":"ETHBUSD"},"level":"info","message":"Latest price","service":"api-c4627c9-binance-ETHBUSD","timestamp":"2022-03-06T08:25:43.711Z"}
{"assetPair":"ETHBUSD","data":{"price":"2640.00000000","symbol":"ETHBUSD"},"level":"info","message":"Latest price","service":"api-dd844ab-binance-ETHBUSD","timestamp":"2022-03-06T08:37:26.835Z"}
{"assetPair":"ETHBUSD","data":{"price":"2641.26000000","symbol":"ETHBUSD"},"level":"info","message":"Latest price","service":"api-dd844ab-binance-ETHBUSD","timestamp":"2022-03-06T08:40:26.924Z"}
{"assetPair":"ETHBUSD","data":{"price":"2640.93000000","symbol":"ETHBUSD"},"level":"info","message":"Latest price","service":"api-dd844ab-binance-ETHBUSD","timestamp":"2022-03-06T08:43:27.039Z"}
{"assetPair":"ETHBUSD","data":{"price":"2642.73000000","symbol":"ETHBUSD"},"level":"info","message":"Latest price","service":"api-dd844ab-binance-ETHBUSD","timestamp":"2022-03-06T08:46:27.186Z"}
{"assetPair":"ETHBUSD","data":{"price":"2640.56000000","symbol":"ETHBUSD"},"level":"info","message":"Latest price","service":"api-dd844ab-binance-ETHBUSD","timestamp":"2022-03-06T08:49:27.327Z"}
{"assetPair":"ETHBUSD","data":{"price":"2638.59000000","symbol":"ETHBUSD"},"level":"info","message":"Latest price","service":"api-17434d8-binance-ETHBUSD","timestamp":"2022-03-06T08:58:03.051Z"}
{"assetPair":"ETHBUSD","data":{"price":"2638.18000000","symbol":"ETHBUSD"},"level":"info","message":"Latest price","service":"api-17434d8-binance-ETHBUSD","timestamp":"2022-03-06T09:01:03.186Z"}
{"assetPair":"ETHBUSD","data":{"price":"2631.53000000","symbol":"ETHBUSD"},"level":"info","message":"Latest price","service":"api-17434d8-binance-ETHBUSD","timestamp":"2022-03-06T09:04:03.372Z"}
{"assetPair":"ETHBUSD","data":{"price":"2635.19000000","symbol":"ETHBUSD"},"level":"info","message":"Latest price","service":"api-17434d8-binance-ETHBUSD","timestamp":"2022-03-06T09:07:03.519Z"}
{"assetPair":"ETHBUSD","data":{"price":"2633.26000000","symbol":"ETHBUSD"},"level":"info","message":"Latest price","service":"api-007fe0e-binance-ETHBUSD","timestamp":"2022-03-06T09:15:16.023Z"}
{"assetPair":"ETHBUSD","data":{"price":"2629.37000000","symbol":"ETHBUSD"},"level":"info","message":"Latest price","service":"api-007fe0e-binance-ETHBUSD","timestamp":"2022-03-06T09:18:16.205Z"}
{"assetPair":"ETHBUSD","data":{"price":"2624.70000000","symbol":"ETHBUSD"},"level":"info","message":"Latest price","service":"api-007fe0e-binance-ETHBUSD","timestamp":"2022-03-06T09:21:16.359Z"}
{"assetPair":"ETHBUSD","data":{"price":"2624.81000000","symbol":"ETHBUSD"},"level":"info","message":"Latest price","service":"api-007fe0e-binance-ETHBUSD","timestamp":"2022-03-06T09:24:16.513Z"}
{"assetPair":"ETHBUSD","data":{"price":"2623.51000000","symbol":"ETHBUSD"},"level":"info","message":"Latest price","service":"api-007fe0e-binance-ETHBUSD","timestamp":"2022-03-06T09:27:16.647Z"}
{"assetPair":"ETHBUSD","data":{"price":"2623.44000000","symbol":"ETHBUSD"},"level":"info","message":"Latest price","service":"api-007fe0e-binance-ETHBUSD","timestamp":"2022-03-06T09:30:16.789Z"}
{"assetPair":"ETHBUSD","data":{"price":"2624.32000000","symbol":"ETHBUSD"},"level":"info","message":"Latest price","service":"api-007fe0e-binance-ETHBUSD","timestamp":"2022-03-06T09:33:16.934Z"}
{"assetPair":"ETHBUSD","data":{"price":"2626.42000000","symbol":"ETHBUSD"},"level":"info","message":"Latest price","service":"api-007fe0e-binance-ETHBUSD","timestamp":"2022-03-06T09:36:17.109Z"}
{"assetPair":"ETHBUSD","data":{"price":"2624.65000000","symbol":"ETHBUSD"},"level":"info","message":"Latest price","service":"api-007fe0e-binance-ETHBUSD","timestamp":"2022-03-06T09:39:17.193Z"}
{"assetPair":"ETHBUSD","data":{"price":"2625.61000000","symbol":"ETHBUSD"},"level":"info","message":"Latest price","service":"api-007fe0e-binance-ETHBUSD","timestamp":"2022-03-06T09:42:17.334Z"}
{"assetPair":"ETHBUSD","data":{"price":"2623.11000000","symbol":"ETHBUSD"},"level":"info","message":"Latest price","service":"api-007fe0e-binance-ETHBUSD","timestamp":"2022-03-06T09:45:17.467Z"}
{"assetPair":"ETHBUSD","data":{"price":"2623.00000000","symbol":"ETHBUSD"},"level":"info","message":"Latest price","service":"api-007fe0e-binance-ETHBUSD","timestamp":"2022-03-06T09:48:17.601Z"}
{"assetPair":"ETHBUSD","data":{"price":"2616.74000000","symbol":"ETHBUSD"},"level":"info","message":"Latest price","service":"api-007fe0e-binance-ETHBUSD","timestamp":"2022-03-06T09:51:17.665Z"}
{"assetPair":"ETHBUSD","data":{"price":"2616.63000000","symbol":"ETHBUSD"},"level":"info","message":"Latest price","service":"api-007fe0e-binance-ETHBUSD","timestamp":"2022-03-06T09:54:17.826Z"}
{"assetPair":"ETHBUSD","data":{"price":"2617.27000000","symbol":"ETHBUSD"},"level":"info","message":"Latest price","service":"api-007fe0e-binance-ETHBUSD","timestamp":"2022-03-06T09:57:18.020Z"}
{"assetPair":"ETHBUSD","data":{"price":"2611.16000000","symbol":"ETHBUSD"},"level":"info","message":"Latest price","service":"api-007fe0e-binance-ETHBUSD","timestamp":"2022-03-06T10:00:18.054Z"}
{"assetPair":"ETHBUSD","data":{"price":"2597.81000000","symbol":"ETHBUSD"},"level":"info","message":"Latest price","service":"api-007fe0e-binance-ETHBUSD","timestamp":"2022-03-06T10:03:18.115Z"}
{"assetPair":"ETHBUSD","data":{"price":"2598.33000000","symbol":"ETHBUSD"},"level":"info","message":"Latest price","service":"api-007fe0e-binance-ETHBUSD","timestamp":"2022-03-06T10:06:18.148Z"}
{"assetPair":"ETHBUSD","data":{"price":"2604.68000000","symbol":"ETHBUSD"},"level":"info","message":"Latest price","service":"api-8c7c17d-binance-ETHBUSD","timestamp":"2022-03-06T10:16:23.073Z"}
{"assetPair":"ETHBUSD","data":{"price":"2597.00000000","symbol":"ETHBUSD"},"level":"info","message":"Latest price","service":"api-8c7c17d-binance-ETHBUSD","timestamp":"2022-03-06T10:19:23.220Z"}
{"assetPair":"ETHBUSD","data":{"price":"2597.52000000","symbol":"ETHBUSD"},"level":"info","message":"Latest price","service":"api-8c7c17d-binance-ETHBUSD","timestamp":"2022-03-06T10:22:23.360Z"}
{"assetPair":"ETHBUSD","data":{"price":"2598.59000000","symbol":"ETHBUSD"},"level":"info","message":"Latest price","service":"api-8c7c17d-binance-ETHBUSD","timestamp":"2022-03-06T10:25:23.533Z"}
{"assetPair":"ETHBUSD","data":{"price":"2604.33000000","symbol":"ETHBUSD"},"level":"info","message":"Latest price","service":"api-8c7c17d-binance-ETHBUSD","timestamp":"2022-03-06T10:28:23.632Z"}
{"assetPair":"ETHBUSD","data":{"price":"2604.05000000","symbol":"ETHBUSD"},"level":"info","message":"Latest price","service":"api-8c7c17d-binance-ETHBUSD","timestamp":"2022-03-06T10:31:23.750Z"}
{"assetPair":"ETHBUSD","data":{"price":"2605.37000000","symbol":"ETHBUSD"},"level":"info","message":"Latest price","service":"api-8c7c17d-binance-ETHBUSD","timestamp":"2022-03-06T10:34:23.821Z"}
{"assetPair":"ETHBUSD","data":{"price":"2605.82000000","symbol":"ETHBUSD"},"level":"info","message":"Latest price","service":"api-8c7c17d-binance-ETHBUSD","timestamp":"2022-03-06T10:37:23.964Z"}
{"assetPair":"ETHBUSD","data":{"price":"2605.30000000","symbol":"ETHBUSD"},"level":"info","message":"Latest price","service":"api-8c7c17d-binance-ETHBUSD","timestamp":"2022-03-06T10:40:24.071Z"}
{"assetPair":"ETHBUSD","data":{"price":"2610.07000000","symbol":"ETHBUSD"},"level":"info","message":"Latest price","service":"api-8c7c17d-binance-ETHBUSD","timestamp":"2022-03-06T10:43:24.141Z"}
{"assetPair":"ETHBUSD","data":{"price":"2610.69000000","symbol":"ETHBUSD"},"level":"info","message":"Latest price","service":"api-8c7c17d-binance-ETHBUSD","timestamp":"2022-03-06T10:46:24.183Z"}
{"assetPair":"ETHBUSD","data":{"price":"2603.43000000","symbol":"ETHBUSD"},"level":"info","message":"Latest price","service":"api-8c7c17d-binance-ETHBUSD","timestamp":"2022-03-06T10:49:24.325Z"}
{"assetPair":"ETHBUSD","data":{"price":"2603.60000000","symbol":"ETHBUSD"},"level":"info","message":"Latest price","service":"api-8c7c17d-binance-ETHBUSD","timestamp":"2022-03-06T10:52:24.394Z"}
{"assetPair":"ETHBUSD","data":{"price":"2604.57000000","symbol":"ETHBUSD"},"level":"info","message":"Latest price","service":"api-8c7c17d-binance-ETHBUSD","timestamp":"2022-03-06T10:55:24.533Z"}
{"assetPair":"ETHBUSD","data":{"price":"2601.24000000","symbol":"ETHBUSD"},"level":"info","message":"Latest price","service":"api-8c7c17d-binance-ETHBUSD","timestamp":"2022-03-06T10:58:24.655Z"}
{"assetPair":"ETHBUSD","data":{"price":"2600.85000000","symbol":"ETHBUSD"},"level":"info","message":"Latest price","service":"api-8c7c17d-binance-ETHBUSD","timestamp":"2022-03-06T11:01:24.791Z"}
{"assetPair":"ETHBUSD","data":{"price":"2594.31000000","symbol":"ETHBUSD"},"level":"info","message":"Latest price","service":"api-8c7c17d-binance-ETHBUSD","timestamp":"2022-03-06T11:04:24.927Z"}
{"assetPair":"ETHBUSD","data":{"price":"2597.52000000","symbol":"ETHBUSD"},"level":"info","message":"Latest price","service":"api-8c7c17d-binance-ETHBUSD","timestamp":"2022-03-06T11:07:25.060Z"}
{"assetPair":"ETHBUSD","data":{"price":"2598.88000000","symbol":"ETHBUSD"},"level":"info","message":"Latest price","service":"api-8c7c17d-binance-ETHBUSD","timestamp":"2022-03-06T11:10:25.161Z"}
{"assetPair":"ETHBUSD","data":{"price":"2598.43000000","symbol":"ETHBUSD"},"level":"info","message":"Latest price","service":"api-8c7c17d-binance-ETHBUSD","timestamp":"2022-03-06T11:13:25.257Z"}
{"assetPair":"ETHBUSD","data":{"price":"2600.73000000","symbol":"ETHBUSD"},"level":"info","message":"Latest price","service":"api-8c7c17d-binance-ETHBUSD","timestamp":"2022-03-06T11:16:25.339Z"}
{"assetPair":"ETHBUSD","data":{"price":"2598.19000000","symbol":"ETHBUSD"},"level":"info","message":"Latest price","service":"api-8c7c17d-binance-ETHBUSD","timestamp":"2022-03-06T11:19:25.502Z"}
{"assetPair":"ETHBUSD","data":{"price":"2594.66000000","symbol":"ETHBUSD"},"level":"info","message":"Latest price","service":"api-8c7c17d-binance-ETHBUSD","timestamp":"2022-03-06T11:22:25.601Z"}
{"assetPair":"ETHBUSD","data":{"price":"2596.86000000","symbol":"ETHBUSD"},"level":"info","message":"Latest price","service":"api-8c7c17d-binance-ETHBUSD","timestamp":"2022-03-06T11:25:25.764Z"}
{"assetPair":"ETHBUSD","data":{"price":"2597.31000000","symbol":"ETHBUSD"},"level":"info","message":"Latest price","service":"api-8c7c17d-binance-ETHBUSD","timestamp":"2022-03-06T11:28:25.839Z"}
{"assetPair":"ETHBUSD","data":{"price":"2600.10000000","symbol":"ETHBUSD"},"level":"info","message":"Latest price","service":"api-8c7c17d-binance-ETHBUSD","timestamp":"2022-03-06T11:31:25.965Z"}
{"assetPair":"ETHBUSD","data":{"price":"2605.41000000","symbol":"ETHBUSD"},"level":"info","message":"Latest price","service":"api-8c7c17d-binance-ETHBUSD","timestamp":"2022-03-06T11:34:26.098Z"}
{"assetPair":"ETHBUSD","data":{"price":"2602.16000000","symbol":"ETHBUSD"},"level":"info","message":"Latest price","service":"api-8c7c17d-binance-ETHBUSD","timestamp":"2022-03-06T11:37:26.256Z"}
{"assetPair":"ETHBUSD","data":{"price":"2601.40000000","symbol":"ETHBUSD"},"level":"info","message":"Latest price","service":"api-8c7c17d-binance-ETHBUSD","timestamp":"2022-03-06T11:40:26.368Z"}
{"assetPair":"ETHBUSD","data":{"price":"2600.12000000","symbol":"ETHBUSD"},"level":"info","message":"Latest price","service":"api-8c7c17d-binance-ETHBUSD","timestamp":"2022-03-06T11:43:26.466Z"}
{"assetPair":"ETHBUSD","data":{"price":"2602.65000000","symbol":"ETHBUSD"},"level":"info","message":"Latest price","service":"api-8c7c17d-binance-ETHBUSD","timestamp":"2022-03-06T11:46:26.555Z"}
{"assetPair":"ETHBUSD","data":{"price":"2605.10000000","symbol":"ETHBUSD"},"level":"info","message":"Latest price","service":"api-8c7c17d-binance-ETHBUSD","timestamp":"2022-03-06T11:49:26.671Z"}
{"assetPair":"ETHBUSD","data":{"price":"2606.49000000","symbol":"ETHBUSD"},"level":"info","message":"Latest price","service":"api-8c7c17d-binance-ETHBUSD","timestamp":"2022-03-06T11:52:26.805Z"}
{"assetPair":"ETHBUSD","data":{"price":"2607.33000000","symbol":"ETHBUSD"},"level":"info","message":"Latest price","service":"api-8c7c17d-binance-ETHBUSD","timestamp":"2022-03-06T11:55:26.940Z"}
{"assetPair":"ETHBUSD","data":{"price":"2606.99000000","symbol":"ETHBUSD"},"level":"info","message":"Latest price","service":"api-8c7c17d-binance-ETHBUSD","timestamp":"2022-03-06T11:58:27.063Z"}
{"assetPair":"ETHBUSD","data":{"price":"2611.52000000","symbol":"ETHBUSD"},"level":"info","message":"Latest price","service":"api-8c7c17d-binance-ETHBUSD","timestamp":"2022-03-06T12:01:27.151Z"}
{"assetPair":"ETHBUSD","data":{"price":"2616.40000000","symbol":"ETHBUSD"},"level":"info","message":"Latest price","service":"api-8c7c17d-binance-ETHBUSD","timestamp":"2022-03-06T12:04:27.295Z"}
{"assetPair":"ETHBUSD","data":{"price":"2610.48000000","symbol":"ETHBUSD"},"level":"info","message":"Latest price","service":"api-8c7c17d-binance-ETHBUSD","timestamp":"2022-03-06T12:07:27.425Z"}
{"assetPair":"ETHBUSD","data":{"price":"2609.19000000","symbol":"ETHBUSD"},"level":"info","message":"Latest price","service":"api-8c7c17d-binance-ETHBUSD","timestamp":"2022-03-06T12:10:27.505Z"}
{"assetPair":"ETHBUSD","data":{"price":"2608.41000000","symbol":"ETHBUSD"},"level":"info","message":"Latest price","service":"api-8c7c17d-binance-ETHBUSD","timestamp":"2022-03-06T12:13:27.556Z"}
{"assetPair":"ETHBUSD","data":{"price":"2606.12000000","symbol":"ETHBUSD"},"level":"info","message":"Latest price","service":"api-8c7c17d-binance-ETHBUSD","timestamp":"2022-03-06T12:16:27.644Z"}
{"assetPair":"ETHBUSD","data":{"price":"2608.87000000","symbol":"ETHBUSD"},"level":"info","message":"Latest price","service":"api-8c7c17d-binance-ETHBUSD","timestamp":"2022-03-06T12:19:27.779Z"}
{"assetPair":"ETHBUSD","data":{"price":"2611.00000000","symbol":"ETHBUSD"},"level":"info","message":"Latest price","service":"api-8c7c17d-binance-ETHBUSD","timestamp":"2022-03-06T12:22:27.868Z"}
{"assetPair":"ETHBUSD","data":{"price":"2611.19000000","symbol":"ETHBUSD"},"level":"info","message":"Latest price","service":"api-8c7c17d-binance-ETHBUSD","timestamp":"2022-03-06T12:25:27.914Z"}
{"assetPair":"ETHBUSD","data":{"price":"2612.94000000","symbol":"ETHBUSD"},"level":"info","message":"Latest price","service":"api-8c7c17d-binance-ETHBUSD","timestamp":"2022-03-06T12:28:28.075Z"}
{"assetPair":"ETHBUSD","data":{"price":"2615.85000000","symbol":"ETHBUSD"},"level":"info","message":"Latest price","service":"api-8c7c17d-binance-ETHBUSD","timestamp":"2022-03-06T12:31:28.198Z"}
{"assetPair":"ETHBUSD","data":{"price":"2619.27000000","symbol":"ETHBUSD"},"level":"info","message":"Latest price","service":"api-8c7c17d-binance-ETHBUSD","timestamp":"2022-03-06T12:34:28.347Z"}
{"assetPair":"ETHBUSD","data":{"price":"2617.27000000","symbol":"ETHBUSD"},"level":"info","message":"Latest price","service":"api-8c7c17d-binance-ETHBUSD","timestamp":"2022-03-06T12:37:28.515Z"}
{"assetPair":"ETHBUSD","data":{"price":"2615.76000000","symbol":"ETHBUSD"},"level":"info","message":"Latest price","service":"api-8c7c17d-binance-ETHBUSD","timestamp":"2022-03-06T12:40:28.676Z"}
{"assetPair":"ETHBUSD","data":{"price":"2616.06000000","symbol":"ETHBUSD"},"level":"info","message":"Latest price","service":"api-8c7c17d-binance-ETHBUSD","timestamp":"2022-03-06T12:43:28.766Z"}
{"assetPair":"ETHBUSD","data":{"price":"2614.20000000","symbol":"ETHBUSD"},"level":"info","message":"Latest price","service":"api-8c7c17d-binance-ETHBUSD","timestamp":"2022-03-06T12:46:28.892Z"}
{"assetPair":"ETHBUSD","data":{"price":"2617.83000000","symbol":"ETHBUSD"},"level":"info","message":"Latest price","service":"api-8c7c17d-binance-ETHBUSD","timestamp":"2022-03-06T12:49:29.025Z"}
{"assetPair":"ETHBUSD","data":{"price":"2618.71000000","symbol":"ETHBUSD"},"level":"info","message":"Latest price","service":"api-8c7c17d-binance-ETHBUSD","timestamp":"2022-03-06T12:52:29.164Z"}
{"assetPair":"ETHBUSD","data":{"price":"2622.30000000","symbol":"ETHBUSD"},"level":"info","message":"Latest price","service":"api-8c7c17d-binance-ETHBUSD","timestamp":"2022-03-06T12:55:29.306Z"}
{"assetPair":"ETHBUSD","data":{"price":"2620.00000000","symbol":"ETHBUSD"},"level":"info","message":"Latest price","service":"api-8c7c17d-binance-ETHBUSD","timestamp":"2022-03-06T12:58:29.441Z"}
