{"assetPair":"ETHBUSD","data":{"price":"2710.00000000","symbol":"ETHBUSD"},"level":"info","message":"Latest price","service":"api-d27bc23-binance-ETHBUSD","timestamp":"2022-02-25T13:02:14.480Z"}
{"assetPair":"ETHBUSD","data":{"price":"2706.95000000","symbol":"ETHBUSD"},"level":"info","message":"Latest price","service":"api-d27bc23-binance-ETHBUSD","timestamp":"2022-02-25T13:05:14.560Z"}
{"assetPair":"ETHBUSD","data":{"price":"2714.76000000","symbol":"ETHBUSD"},"level":"info","message":"Latest price","service":"api-d27bc23-binance-ETHBUSD","timestamp":"2022-02-25T13:08:14.622Z"}
{"assetPair":"ETHBUSD","data":{"price":"2714.59000000","symbol":"ETHBUSD"},"level":"info","message":"Latest price","service":"api-d27bc23-binance-ETHBUSD","timestamp":"2022-02-25T13:11:14.654Z"}
{"assetPair":"ETHBUSD","data":{"price":"2713.65000000","symbol":"ETHBUSD"},"level":"info","message":"Latest price","service":"api-d27bc23-binance-ETHBUSD","timestamp":"2022-02-25T13:14:14.684Z"}
{"assetPair":"ETHBUSD","data":{"price":"2708.54000000","symbol":"ETHBUSD"},"level":"info","message":"Latest price","service":"api-d27bc23-binance-ETHBUSD","timestamp":"2022-02-25T13:17:14.728Z"}
{"assetPair":"ETHBUSD","data":{"price":"2712.72000000","symbol":"ETHBUSD"},"level":"info","message":"Latest price","service":"api-d27bc23-binance-ETHBUSD","timestamp":"2022-02-25T13:20:14.804Z"}
{"assetPair":"ETHBUSD","data":{"price":"2718.21000000","symbol":"ETHBUSD"},"level":"info","message":"Latest price","service":"api-d27bc23-binance-ETHBUSD","timestamp":"2022-02-25T13:23:14.837Z"}
{"assetPair":"ETHBUSD","data":{"price":"2714.38000000","symbol":"ETHBUSD"},"level":"info","message":"Latest price","service":"api-d27bc23-binance-ETHBUSD","timestamp":"2022-02-25T13:26:14.876Z"}
{"assetPair":"ETHBUSD","data":{"price":"2711.70000000","symbol":"ETHBUSD"},"level":"info","message":"Latest price","service":"api-d27bc23-binance-ETHBUSD","timestamp":"2022-02-25T13:29:14.907Z"}
{"assetPair":"ETHBUSD","data":{"price":"2719.14000000","symbol":"ETHBUSD"},"level":"info","message":"Latest price","service":"api-d27bc23-binance-ETHBUSD","timestamp":"2022-02-25T13:32:14.941Z"}
{"assetPair":"ETHBUSD","data":{"price":"2725.44000000","symbol":"ETHBUSD"},"level":"info","message":"Latest price","service":"api-d27bc23-binance-ETHBUSD","timestamp":"2022-02-25T13:35:14.977Z"}
{"assetPair":"ETHBUSD","data":{"price":"2723.89000000","symbol":"ETHBUSD"},"level":"info","message":"Latest price","service":"api-d27bc23-binance-ETHBUSD","timestamp":"2022-02-25T13:38:15.072Z"}
{"assetPair":"ETHBUSD","data":{"price":"2730.81000000","symbol":"ETHBUSD"},"level":"info","message":"Latest price","service":"api-d27bc23-binance-ETHBUSD","timestamp":"2022-02-25T13:41:15.112Z"}
{"assetPair":"ETHBUSD","data":{"price":"2724.16000000","symbol":"ETHBUSD"},"level":"info","message":"Latest price","service":"api-d27bc23-binance-ETHBUSD","timestamp":"2022-02-25T13:44:15.163Z"}
{"assetPair":"ETHBUSD","data":{"price":"2719.36000000","symbol":"ETHBUSD"},"level":"info","message":"Latest price","service":"api-d27bc23-binance-ETHBUSD","timestamp":"2022-02-25T13:47:15.196Z"}
{"assetPair":"ETHBUSD","data":{"price":"2718.03000000","symbol":"ETHBUSD"},"level":"info","message":"Latest price","service":"api-d27bc23-binance-ETHBUSD","timestamp":"2022-02-25T13:50:15.229Z"}
{"assetPair":"ETHBUSD","data":{"price":"2709.90000000","symbol":"ETHBUSD"},"level":"info","message":"Latest price","service":"api-d27bc23-binance-ETHBUSD","timestamp":"2022-02-25T13:53:15.269Z"}
{"assetPair":"ETHBUSD","data":{"price":"2713.18000000","symbol":"ETHBUSD"},"level":"info","message":"Latest price","service":"api-d27bc23-binance-ETHBUSD","timestamp":"2022-02-25T13:56:15.303Z"}
{"assetPair":"ETHBUSD","data":{"price":"2709.42000000","symbol":"ETHBUSD"},"level":"info","message":"Latest price","service":"api-d27bc23-binance-ETHBUSD","timestamp":"2022-02-25T13:59:15.352Z"}
{"assetPair":"ETHBUSD","data":{"price":"2697.27000000","symbol":"ETHBUSD"},"level":"info","message":"Latest price","service":"api-d27bc23-binance-ETHBUSD","timestamp":"2022-02-25T14:02:15.387Z"}
{"assetPair":"ETHBUSD","data":{"price":"2700.00000000","symbol":"ETHBUSD"},"level":"info","message":"Latest price","service":"api-d27bc23-binance-ETHBUSD","timestamp":"2022-02-25T14:05:15.415Z"}
{"assetPair":"ETHBUSD","data":{"price":"2699.62000000","symbol":"ETHBUSD"},"level":"info","message":"Latest price","service":"api-d27bc23-binance-ETHBUSD","timestamp":"2022-02-25T14:08:15.448Z"}
{"assetPair":"ETHBUSD","data":{"price":"2700.10000000","symbol":"ETHBUSD"},"level":"info","message":"Latest price","service":"api-d27bc23-binance-ETHBUSD","timestamp":"2022-02-25T14:11:15.485Z"}
{"assetPair":"ETHBUSD","data":{"price":"2699.83000000","symbol":"ETHBUSD"},"level":"info","message":"Latest price","service":"api-d27bc23-binance-ETHBUSD","timestamp":"2022-02-25T14:14:15.564Z"}
{"assetPair":"ETHBUSD","data":{"price":"2692.53000000","symbol":"ETHBUSD"},"level":"info","message":"Latest price","service":"api-d27bc23-binance-ETHBUSD","timestamp":"2022-02-25T14:17:15.601Z"}
{"assetPair":"ETHBUSD","data":{"price":"2689.83000000","symbol":"ETHBUSD"},"level":"info","message":"Latest price","service":"api-d27bc23-binance-ETHBUSD","timestamp":"2022-02-25T14:20:15.661Z"}
{"assetPair":"ETHBUSD","data":{"price":"2693.21000000","symbol":"ETHBUSD"},"level":"info","message":"Latest price","service":"api-d27bc23-binance-ETHBUSD","timestamp":"2022-02-25T14:23:15.697Z"}
{"assetPair":"ETHBUSD","data":{"price":"2693.49000000","symbol":"ETHBUSD"},"level":"info","message":"Latest price","service":"api-d27bc23-binance-ETHBUSD","timestamp":"2022-02-25T14:26:15.733Z"}
{"assetPair":"ETHBUSD","data":{"price":"2695.46000000","symbol":"ETHBUSD"},"level":"info","message":"Latest price","service":"api-d27bc23-binance-ETHBUSD","timestamp":"2022-02-25T14:29:15.799Z"}
{"assetPair":"ETHBUSD","data":{"price":"2694.84000000","symbol":"ETHBUSD"},"level":"info","message":"Latest price","service":"api-d27bc23-binance-ETHBUSD","timestamp":"2022-02-25T14:32:15.877Z"}
{"assetPair":"ETHBUSD","data":{"price":"2709.24000000","symbol":"ETHBUSD"},"level":"info","message":"Latest price","service":"api-d27bc23-binance-ETHBUSD","timestamp":"2022-02-25T14:35:15.945Z"}
{"assetPair":"ETHBUSD","data":{"price":"2697.76000000","symbol":"ETHBUSD"},"level":"info","message":"Latest price","service":"api-d27bc23-binance-ETHBUSD","timestamp":"2022-02-25T14:38:15.981Z"}
{"assetPair":"ETHBUSD","data":{"price":"2704.49000000","symbol":"ETHBUSD"},"level":"info","message":"Latest price","service":"api-d27bc23-binance-ETHBUSD","timestamp":"2022-02-25T14:41:16.013Z"}
{"assetPair":"ETHBUSD","data":{"price":"2691.47000000","symbol":"ETHBUSD"},"level":"info","message":"Latest price","service":"api-d27bc23-binance-ETHBUSD","timestamp":"2022-02-25T14:44:16.048Z"}
{"assetPair":"ETHBUSD","data":{"price":"2703.71000000","symbol":"ETHBUSD"},"level":"info","message":"Latest price","service":"api-d27bc23-binance-ETHBUSD","timestamp":"2022-02-25T14:47:16.081Z"}
{"assetPair":"ETHBUSD","data":{"price":"2703.74000000","symbol":"ETHBUSD"},"level":"info","message":"Latest price","service":"api-d27bc23-binance-ETHBUSD","timestamp":"2022-02-25T14:50:16.110Z"}
{"assetPair":"ETHBUSD","data":{"price":"2694.05000000","symbol":"ETHBUSD"},"level":"info","message":"Latest price","service":"api-d27bc23-binance-ETHBUSD","timestamp":"2022-02-25T14:53:16.138Z"}
{"assetPair":"ETHBUSD","data":{"price":"2698.84000000","symbol":"ETHBUSD"},"level":"info","message":"Latest price","service":"api-d27bc23-binance-ETHBUSD","timestamp":"2022-02-25T14:56:16.164Z"}
{"assetPair":"ETHBUSD","data":{"price":"2687.51000000","symbol":"ETHBUSD"},"level":"info","message":"Latest price","service":"api-d27bc23-binance-ETHBUSD","timestamp":"2022-02-25T14:59:16.197Z"}
{"assetPair":"ETHBUSD","data":{"price":"2661.00000000","symbol":"ETHBUSD"},"level":"info","message":"Latest price","service":"api-d27bc23-binance-ETHBUSD","timestamp":"2022-02-25T15:02:16.233Z"}
{"assetPair":"ETHBUSD","data":{"price":"2659.06000000","symbol":"ETHBUSD"},"level":"info","message":"Latest price","service":"api-d27bc23-binance-ETHBUSD","timestamp":"2022-02-25T15:05:16.274Z"}
{"assetPair":"ETHBUSD","data":{"price":"2675.20000000","symbol":"ETHBUSD"},"level":"info","message":"Latest price","service":"api-d27bc23-binance-ETHBUSD","timestamp":"2022-02-25T15:08:16.339Z"}
{"assetPair":"ETHBUSD","data":{"price":"2683.01000000","symbol":"ETHBUSD"},"level":"info","message":"Latest price","service":"api-d27bc23-binance-ETHBUSD","timestamp":"2022-02-25T15:11:16.385Z"}
{"assetPair":"ETHBUSD","data":{"price":"2684.59000000","symbol":"ETHBUSD"},"level":"info","message":"Latest price","service":"api-d27bc23-binance-ETHBUSD","timestamp":"2022-02-25T15:14:16.420Z"}
{"assetPair":"ETHBUSD","data":{"price":"2687.59000000","symbol":"ETHBUSD"},"level":"info","message":"Latest price","service":"api-d27bc23-binance-ETHBUSD","timestamp":"2022-02-25T15:17:16.454Z"}
{"assetPair":"ETHBUSD","data":{"price":"2691.69000000","symbol":"ETHBUSD"},"level":"info","message":"Latest price","service":"api-d27bc23-binance-ETHBUSD","timestamp":"2022-02-25T15:20:16.514Z"}
{"assetPair":"ETHBUSD","data":{"price":"2700.84000000","symbol":"ETHBUSD"},"level":"info","message":"Latest price","service":"api-d27bc23-binance-ETHBUSD","timestamp":"2022-02-25T15:23:16.543Z"}
{"assetPair":"ETHBUSD","data":{"price":"2703.57000000","symbol":"ETHBUSD"},"level":"info","message":"Latest price","service":"api-d27bc23-binance-ETHBUSD","timestamp":"2022-02-25T15:26:16.612Z"}
{"assetPair":"ETHBUSD","data":{"price":"2707.76000000","symbol":"ETHBUSD"},"level":"info","message":"Latest price","service":"api-d27bc23-binance-ETHBUSD","timestamp":"2022-02-25T15:29:16.642Z"}
{"assetPair":"ETHBUSD","data":{"price":"2707.79000000","symbol":"ETHBUSD"},"level":"info","message":"Latest price","service":"api-d27bc23-binance-ETHBUSD","timestamp":"2022-02-25T15:32:16.677Z"}
{"assetPair":"ETHBUSD","data":{"price":"2705.13000000","symbol":"ETHBUSD"},"level":"info","message":"Latest price","service":"api-d27bc23-binance-ETHBUSD","timestamp":"2022-02-25T15:35:16.716Z"}
{"assetPair":"ETHBUSD","data":{"price":"2698.72000000","symbol":"ETHBUSD"},"level":"info","message":"Latest price","service":"api-d27bc23-binance-ETHBUSD","timestamp":"2022-02-25T15:38:16.747Z"}
{"assetPair":"ETHBUSD","data":{"price":"2706.32000000","symbol":"ETHBUSD"},"level":"info","message":"Latest price","service":"api-d27bc23-binance-ETHBUSD","timestamp":"2022-02-25T15:41:16.785Z"}
{"assetPair":"ETHBUSD","data":{"price":"2710.24000000","symbol":"ETHBUSD"},"level":"info","message":"Latest price","service":"api-d27bc23-binance-ETHBUSD","timestamp":"2022-02-25T15:44:16.841Z"}
{"assetPair":"ETHBUSD","data":{"price":"2713.78000000","symbol":"ETHBUSD"},"level":"info","message":"Latest price","service":"api-d27bc23-binance-ETHBUSD","timestamp":"2022-02-25T15:47:16.870Z"}
{"assetPair":"ETHBUSD","data":{"price":"2722.88000000","symbol":"ETHBUSD"},"level":"info","message":"Latest price","service":"api-d27bc23-binance-ETHBUSD","timestamp":"2022-02-25T15:50:16.901Z"}
{"assetPair":"ETHBUSD","data":{"price":"2725.82000000","symbol":"ETHBUSD"},"level":"info","message":"Latest price","service":"api-d27bc23-binance-ETHBUSD","timestamp":"2022-02-25T15:53:16.932Z"}
{"assetPair":"ETHBUSD","data":{"price":"2727.36000000","symbol":"ETHBUSD"},"level":"info","message":"Latest price","service":"api-d27bc23-binance-ETHBUSD","timestamp":"2022-02-25T15:56:16.966Z"}
{"assetPair":"ETHBUSD","data":{"price":"2738.10000000","symbol":"ETHBUSD"},"level":"info","message":"Latest price","service":"api-d27bc23-binance-ETHBUSD","timestamp":"2022-02-25T15:59:17.000Z"}
{"assetPair":"ETHBUSD","data":{"price":"2732.83000000","symbol":"ETHBUSD"},"level":"info","message":"Latest price","service":"api-d27bc23-binance-ETHBUSD","timestamp":"2022-02-25T16:02:17.050Z"}
{"assetPair":"ETHBUSD","data":{"price":"2733.42000000","symbol":"ETHBUSD"},"level":"info","message":"Latest price","service":"api-d27bc23-binance-ETHBUSD","timestamp":"2022-02-25T16:05:17.074Z"}
{"assetPair":"ETHBUSD","data":{"price":"2725.97000000","symbol":"ETHBUSD"},"level":"info","message":"Latest price","service":"api-d27bc23-binance-ETHBUSD","timestamp":"2022-02-25T16:08:17.134Z"}
{"assetPair":"ETHBUSD","data":{"price":"2726.74000000","symbol":"ETHBUSD"},"level":"info","message":"Latest price","service":"api-d27bc23-binance-ETHBUSD","timestamp":"2022-02-25T16:11:17.195Z"}
{"assetPair":"ETHBUSD","data":{"price":"2736.34000000","symbol":"ETHBUSD"},"level":"info","message":"Latest price","service":"api-d27bc23-binance-ETHBUSD","timestamp":"2022-02-25T16:14:17.278Z"}
{"assetPair":"ETHBUSD","data":{"price":"2723.20000000","symbol":"ETHBUSD"},"level":"info","message":"Latest price","service":"api-d27bc23-binance-ETHBUSD","timestamp":"2022-02-25T16:17:17.311Z"}
{"assetPair":"ETHBUSD","data":{"price":"2723.83000000","symbol":"ETHBUSD"},"level":"info","message":"Latest price","service":"api-d27bc23-binance-ETHBUSD","timestamp":"2022-02-25T16:20:17.347Z"}
{"assetPair":"ETHBUSD","data":{"price":"2718.75000000","symbol":"ETHBUSD"},"level":"info","message":"Latest price","service":"api-d27bc23-binance-ETHBUSD","timestamp":"2022-02-25T16:23:17.452Z"}
{"assetPair":"ETHBUSD","data":{"price":"2717.56000000","symbol":"ETHBUSD"},"level":"info","message":"Latest price","service":"api-d27bc23-binance-ETHBUSD","timestamp":"2022-02-25T16:26:17.486Z"}
{"assetPair":"ETHBUSD","data":{"price":"2715.68000000","symbol":"ETHBUSD"},"level":"info","message":"Latest price","service":"api-d27bc23-binance-ETHBUSD","timestamp":"2022-02-25T16:29:17.511Z"}
{"assetPair":"ETHBUSD","data":{"price":"2705.81000000","symbol":"ETHBUSD"},"level":"info","message":"Latest price","service":"api-d27bc23-binance-ETHBUSD","timestamp":"2022-02-25T16:32:17.542Z"}
{"assetPair":"ETHBUSD","data":{"price":"2716.16000000","symbol":"ETHBUSD"},"level":"info","message":"Latest price","service":"api-d27bc23-binance-ETHBUSD","timestamp":"2022-02-25T16:35:17.571Z"}
{"assetPair":"ETHBUSD","data":{"price":"2711.26000000","symbol":"ETHBUSD"},"level":"info","message":"Latest price","service":"api-d27bc23-binance-ETHBUSD","timestamp":"2022-02-25T16:38:17.608Z"}
{"assetPair":"ETHBUSD","data":{"price":"2714.10000000","symbol":"ETHBUSD"},"level":"info","message":"Latest price","service":"api-d27bc23-binance-ETHBUSD","timestamp":"2022-02-25T16:41:17.649Z"}
{"assetPair":"ETHBUSD","data":{"price":"2710.37000000","symbol":"ETHBUSD"},"level":"info","message":"Latest price","service":"api-d27bc23-binance-ETHBUSD","timestamp":"2022-02-25T16:44:17.681Z"}
{"assetPair":"ETHBUSD","data":{"price":"2710.87000000","symbol":"ETHBUSD"},"level":"info","message":"Latest price","service":"api-d27bc23-binance-ETHBUSD","timestamp":"2022-02-25T16:47:17.719Z"}
{"assetPair":"ETHBUSD","data":{"price":"2711.71000000","symbol":"ETHBUSD"},"level":"info","message":"Latest price","service":"api-d27bc23-binance-ETHBUSD","timestamp":"2022-02-25T16:50:17.779Z"}
{"assetPair":"ETHBUSD","data":{"price":"2714.53000000","symbol":"ETHBUSD"},"level":"info","message":"Latest price","service":"api-d27bc23-binance-ETHBUSD","timestamp":"2022-02-25T16:53:17.813Z"}
{"assetPair":"ETHBUSD","data":{"price":"2723.33000000","symbol":"ETHBUSD"},"level":"info","message":"Latest price","service":"api-d27bc23-binance-ETHBUSD","timestamp":"2022-02-25T16:56:17.866Z"}
{"assetPair":"ETHBUSD","data":{"price":"2728.50000000","symbol":"ETHBUSD"},"level":"info","message":"Latest price","service":"api-d27bc23-binance-ETHBUSD","timestamp":"2022-02-25T16:59:17.903Z"}
{"assetPair":"ETHBUSD","data":{"price":"2728.98000000","symbol":"ETHBUSD"},"level":"info","message":"Latest price","service":"api-d27bc23-binance-ETHBUSD","timestamp":"2022-02-25T17:02:17.960Z"}
{"assetPair":"ETHBUSD","data":{"price":"2719.30000000","symbol":"ETHBUSD"},"level":"info","message":"Latest price","service":"api-d27bc23-binance-ETHBUSD","timestamp":"2022-02-25T17:05:17.997Z"}
{"assetPair":"ETHBUSD","data":{"price":"2710.09000000","symbol":"ETHBUSD"},"level":"info","message":"Latest price","service":"api-d27bc23-binance-ETHBUSD","timestamp":"2022-02-25T17:08:18.032Z"}
{"assetPair":"ETHBUSD","data":{"price":"2708.77000000","symbol":"ETHBUSD"},"level":"info","message":"Latest price","service":"api-d27bc23-binance-ETHBUSD","timestamp":"2022-02-25T17:11:18.085Z"}
{"assetPair":"ETHBUSD","data":{"price":"2692.70000000","symbol":"ETHBUSD"},"level":"info","message":"Latest price","service":"api-d27bc23-binance-ETHBUSD","timestamp":"2022-02-25T17:14:18.149Z"}
{"assetPair":"ETHBUSD","data":{"price":"2697.58000000","symbol":"ETHBUSD"},"level":"info","message":"Latest price","service":"api-d27bc23-binance-ETHBUSD","timestamp":"2022-02-25T17:17:18.205Z"}
{"assetPair":"ETHBUSD","data":{"price":"2706.50000000","symbol":"ETHBUSD"},"level":"info","message":"Latest price","service":"api-d27bc23-binance-ETHBUSD","timestamp":"2022-02-25T17:20:18.234Z"}
{"assetPair":"ETHBUSD","data":{"price":"2704.49000000","symbol":"ETHBUSD"},"level":"info","message":"Latest price","service":"api-d27bc23-binance-ETHBUSD","timestamp":"2022-02-25T17:23:18.272Z"}
{"assetPair":"ETHBUSD","data":{"price":"2713.26000000","symbol":"ETHBUSD"},"level":"info","message":"Latest price","service":"api-d27bc23-binance-ETHBUSD","timestamp":"2022-02-25T17:26:18.306Z"}
{"assetPair":"ETHBUSD","data":{"price":"2714.97000000","symbol":"ETHBUSD"},"level":"info","message":"Latest price","service":"api-d27bc23-binance-ETHBUSD","timestamp":"2022-02-25T17:29:18.338Z"}
{"assetPair":"ETHBUSD","data":{"price":"2719.57000000","symbol":"ETHBUSD"},"level":"info","message":"Latest price","service":"api-d27bc23-binance-ETHBUSD","timestamp":"2022-02-25T17:32:18.367Z"}
{"assetPair":"ETHBUSD","data":{"price":"2714.53000000","symbol":"ETHBUSD"},"level":"info","message":"Latest price","service":"api-d27bc23-binance-ETHBUSD","timestamp":"2022-02-25T17:35:18.394Z"}
{"assetPair":"ETHBUSD","data":{"price":"2713.00000000","symbol":"ETHBUSD"},"level":"info","message":"Latest price","service":"api-d27bc23-binance-ETHBUSD","timestamp":"2022-02-25T17:38:18.447Z"}
{"assetPair":"ETHBUSD","data":{"price":"2707.14000000","symbol":"ETHBUSD"},"level":"info","message":"Latest price","service":"api-d27bc23-binance-ETHBUSD","timestamp":"2022-02-25T17:41:18.526Z"}
{"assetPair":"ETHBUSD","data":{"price":"2710.83000000","symbol":"ETHBUSD"},"level":"info","message":"Latest price","service":"api-d27bc23-binance-ETHBUSD","timestamp":"2022-02-25T17:44:18.569Z"}
{"assetPair":"ETHBUSD","data":{"price":"2705.69000000","symbol":"ETHBUSD"},"level":"info","message":"Latest price","service":"api-d27bc23-binance-ETHBUSD","timestamp":"2022-02-25T17:47:18.603Z"}
{"assetPair":"ETHBUSD","data":{"price":"2694.90000000","symbol":"ETHBUSD"},"level":"info","message":"Latest price","service":"api-d27bc23-binance-ETHBUSD","timestamp":"2022-02-25T17:50:18.634Z"}
{"assetPair":"ETHBUSD","data":{"price":"2697.50000000","symbol":"ETHBUSD"},"level":"info","message":"Latest price","service":"api-d27bc23-binance-ETHBUSD","timestamp":"2022-02-25T17:53:18.666Z"}
{"assetPair":"ETHBUSD","data":{"price":"2693.00000000","symbol":"ETHBUSD"},"level":"info","message":"Latest price","service":"api-d27bc23-binance-ETHBUSD","timestamp":"2022-02-25T17:56:18.692Z"}
{"assetPair":"ETHBUSD","data":{"price":"2697.22000000","symbol":"ETHBUSD"},"level":"info","message":"Latest price","service":"api-d27bc23-binance-ETHBUSD","timestamp":"2022-02-25T17:59:18.720Z"}
{"assetPair":"ETHBUSD","data":{"price":"2694.27000000","symbol":"ETHBUSD"},"level":"info","message":"Latest price","service":"api-d27bc23-binance-ETHBUSD","timestamp":"2022-02-25T18:02:18.753Z"}
{"assetPair":"ETHBUSD","data":{"price":"2691.88000000","symbol":"ETHBUSD"},"level":"info","message":"Latest price","service":"api-d27bc23-binance-ETHBUSD","timestamp":"2022-02-25T18:05:18.789Z"}
{"assetPair":"ETHBUSD","data":{"price":"2675.79000000","symbol":"ETHBUSD"},"level":"info","message":"Latest price","service":"api-d27bc23-binance-ETHBUSD","timestamp":"2022-02-25T18:08:18.821Z"}
{"assetPair":"ETHBUSD","data":{"price":"2673.35000000","symbol":"ETHBUSD"},"level":"info","message":"Latest price","service":"api-d27bc23-binance-ETHBUSD","timestamp":"2022-02-25T18:11:18.863Z"}
{"assetPair":"ETHBUSD","data":{"price":"2674.62000000","symbol":"ETHBUSD"},"level":"info","message":"Latest price","service":"api-d27bc23-binance-ETHBUSD","timestamp":"2022-02-25T18:14:18.895Z"}
{"assetPair":"ETHBUSD","data":{"price":"2682.03000000","symbol":"ETHBUSD"},"level":"info","message":"Latest price","service":"api-d27bc23-binance-ETHBUSD","timestamp":"2022-02-25T18:17:18.981Z"}
{"assetPair":"ETHBUSD","data":{"price":"2688.32000000","symbol":"ETHBUSD"},"level":"info","message":"Latest price","service":"api-d27bc23-binance-ETHBUSD","timestamp":"2022-02-25T18:20:19.016Z"}
{"assetPair":"ETHBUSD","data":{"price":"2683.00000000","symbol":"ETHBUSD"},"level":"info","message":"Latest price","service":"api-d27bc23-binance-ETHBUSD","timestamp":"2022-02-25T18:23:19.070Z"}
{"assetPair":"ETHBUSD","data":{"price":"2685.67000000","symbol":"ETHBUSD"},"level":"info","message":"Latest price","service":"api-d27bc23-binance-ETHBUSD","timestamp":"2022-02-25T18:26:19.099Z"}
{"assetPair":"ETHBUSD","data":{"price":"2684.42000000","symbol":"ETHBUSD"},"level":"info","message":"Latest price","service":"api-d27bc23-binance-ETHBUSD","timestamp":"2022-02-25T18:29:19.139Z"}
{"assetPair":"ETHBUSD","data":{"price":"2688.53000000","symbol":"ETHBUSD"},"level":"info","message":"Latest price","service":"api-d27bc23-binance-ETHBUSD","timestamp":"2022-02-25T18:32:19.172Z"}
{"assetPair":"ETHBUSD","data":{"price":"2687.68000000","symbol":"ETHBUSD"},"level":"info","message":"Latest price","service":"api-d27bc23-binance-ETHBUSD","timestamp":"2022-02-25T18:35:19.194Z"}
{"assetPair":"ETHBUSD","data":{"price":"2679.53000000","symbol":"ETHBUSD"},"level":"info","message":"Latest price","service":"api-d27bc23-binance-ETHBUSD","timestamp":"2022-02-25T18:38:19.225Z"}
{"assetPair":"ETHBUSD","data":{"price":"2686.10000000","symbol":"ETHBUSD"},"level":"info","message":"Latest price","service":"api-d27bc23-binance-ETHBUSD","timestamp":"2022-02-25T18:41:19.298Z"}
{"assetPair":"ETHBUSD","data":{"price":"2690.34000000","symbol":"ETHBUSD"},"level":"info","message":"Latest price","service":"api-d27bc23-binance-ETHBUSD","timestamp":"2022-02-25T18:44:19.330Z"}
{"assetPair":"ETHBUSD","data":{"price":"2685.18000000","symbol":"ETHBUSD"},"level":"info","message":"Latest price","service":"api-d27bc23-binance-ETHBUSD","timestamp":"2022-02-25T18:47:19.401Z"}
{"assetPair":"ETHBUSD","data":{"price":"2684.10000000","symbol":"ETHBUSD"},"level":"info","message":"Latest price","service":"api-d27bc23-binance-ETHBUSD","timestamp":"2022-02-25T18:50:19.436Z"}
{"assetPair":"ETHBUSD","data":{"price":"2681.11000000","symbol":"ETHBUSD"},"level":"info","message":"Latest price","service":"api-d27bc23-binance-ETHBUSD","timestamp":"2022-02-25T18:53:19.468Z"}
{"assetPair":"ETHBUSD","data":{"price":"2677.98000000","symbol":"ETHBUSD"},"level":"info","message":"Latest price","service":"api-d27bc23-binance-ETHBUSD","timestamp":"2022-02-25T18:56:19.511Z"}
{"assetPair":"ETHBUSD","data":{"price":"2676.01000000","symbol":"ETHBUSD"},"level":"info","message":"Latest price","service":"api-d27bc23-binance-ETHBUSD","timestamp":"2022-02-25T18:59:19.543Z"}
{"assetPair":"ETHBUSD","data":{"price":"2679.70000000","symbol":"ETHBUSD"},"level":"info","message":"Latest price","service":"api-d27bc23-binance-ETHBUSD","timestamp":"2022-02-25T19:02:19.579Z"}
{"assetPair":"ETHBUSD","data":{"price":"2677.99000000","symbol":"ETHBUSD"},"level":"info","message":"Latest price","service":"api-d27bc23-binance-ETHBUSD","timestamp":"2022-02-25T19:05:19.619Z"}
{"assetPair":"ETHBUSD","data":{"price":"2667.27000000","symbol":"ETHBUSD"},"level":"info","message":"Latest price","service":"api-d27bc23-binance-ETHBUSD","timestamp":"2022-02-25T19:08:19.654Z"}
{"assetPair":"ETHBUSD","data":{"price":"2669.12000000","symbol":"ETHBUSD"},"level":"info","message":"Latest price","service":"api-d27bc23-binance-ETHBUSD","timestamp":"2022-02-25T19:11:19.685Z"}
{"assetPair":"ETHBUSD","data":{"price":"2680.06000000","symbol":"ETHBUSD"},"level":"info","message":"Latest price","service":"api-d27bc23-binance-ETHBUSD","timestamp":"2022-02-25T19:14:19.721Z"}
{"assetPair":"ETHBUSD","data":{"price":"2688.28000000","symbol":"ETHBUSD"},"level":"info","message":"Latest price","service":"api-d27bc23-binance-ETHBUSD","timestamp":"2022-02-25T19:17:19.758Z"}
{"assetPair":"ETHBUSD","data":{"price":"2692.18000000","symbol":"ETHBUSD"},"level":"info","message":"Latest price","service":"api-d27bc23-binance-ETHBUSD","timestamp":"2022-02-25T19:20:19.793Z"}
{"assetPair":"ETHBUSD","data":{"price":"2697.29000000","symbol":"ETHBUSD"},"level":"info","message":"Latest price","service":"api-d27bc23-binance-ETHBUSD","timestamp":"2022-02-25T19:23:19.827Z"}
{"assetPair":"ETHBUSD","data":{"price":"2697.33000000","symbol":"ETHBUSD"},"level":"info","message":"Latest price","service":"api-d27bc23-binance-ETHBUSD","timestamp":"2022-02-25T19:26:19.898Z"}
{"assetPair":"ETHBUSD","data":{"price":"2701.01000000","symbol":"ETHBUSD"},"level":"info","message":"Latest price","service":"api-d27bc23-binance-ETHBUSD","timestamp":"2022-02-25T19:29:19.929Z"}
{"assetPair":"ETHBUSD","data":{"price":"2692.80000000","symbol":"ETHBUSD"},"level":"info","message":"Latest price","service":"api-d27bc23-binance-ETHBUSD","timestamp":"2022-02-25T19:32:19.963Z"}
{"assetPair":"ETHBUSD","data":{"price":"2688.07000000","symbol":"ETHBUSD"},"level":"info","message":"Latest price","service":"api-d27bc23-binance-ETHBUSD","timestamp":"2022-02-25T19:35:20.000Z"}
{"assetPair":"ETHBUSD","data":{"price":"2687.64000000","symbol":"ETHBUSD"},"level":"info","message":"Latest price","service":"api-d27bc23-binance-ETHBUSD","timestamp":"2022-02-25T19:38:20.033Z"}
{"assetPair":"ETHBUSD","data":{"price":"2692.75000000","symbol":"ETHBUSD"},"level":"info","message":"Latest price","service":"api-d27bc23-binance-ETHBUSD","timestamp":"2022-02-25T19:41:20.067Z"}
{"assetPair":"ETHBUSD","data":{"price":"2687.41000000","symbol":"ETHBUSD"},"level":"info","message":"Latest price","service":"api-d27bc23-binance-ETHBUSD","timestamp":"2022-02-25T19:44:20.129Z"}
{"assetPair":"ETHBUSD","data":{"price":"2684.86000000","symbol":"ETHBUSD"},"level":"info","message":"Latest price","service":"api-d27bc23-binance-ETHBUSD","timestamp":"2022-02-25T19:47:20.176Z"}
{"assetPair":"ETHBUSD","data":{"price":"2682.93000000","symbol":"ETHBUSD"},"level":"info","message":"Latest price","service":"api-d27bc23-binance-ETHBUSD","timestamp":"2022-02-25T19:50:20.213Z"}
{"assetPair":"ETHBUSD","data":{"price":"2675.00000000","symbol":"ETHBUSD"},"level":"info","message":"Latest price","service":"api-d27bc23-binance-ETHBUSD","timestamp":"2022-02-25T19:53:20.271Z"}
{"assetPair":"ETHBUSD","data":{"price":"2685.35000000","symbol":"ETHBUSD"},"level":"info","message":"Latest price","service":"api-d27bc23-binance-ETHBUSD","timestamp":"2022-02-25T19:56:20.301Z"}
{"assetPair":"ETHBUSD","data":{"price":"2680.39000000","symbol":"ETHBUSD"},"level":"info","message":"Latest price","service":"api-d27bc23-binance-ETHBUSD","timestamp":"2022-02-25T19:59:20.337Z"}
{"assetPair":"ETHBUSD","data":{"price":"2677.38000000","symbol":"ETHBUSD"},"level":"info","message":"Latest price","service":"api-d27bc23-binance-ETHBUSD","timestamp":"2022-02-25T20:02:20.384Z"}
{"assetPair":"ETHBUSD","data":{"price":"2677.98000000","symbol":"ETHBUSD"},"level":"info","message":"Latest price","service":"api-d27bc23-binance-ETHBUSD","timestamp":"2022-02-25T20:05:20.411Z"}
{"assetPair":"ETHBUSD","data":{"price":"2672.38000000","symbol":"ETHBUSD"},"level":"info","message":"Latest price","service":"api-d27bc23-binance-ETHBUSD","timestamp":"2022-02-25T20:08:20.445Z"}
{"assetPair":"ETHBUSD","data":{"price":"2683.87000000","symbol":"ETHBUSD"},"level":"info","message":"Latest price","service":"api-d27bc23-binance-ETHBUSD","timestamp":"2022-02-25T20:11:20.488Z"}
{"assetPair":"ETHBUSD","data":{"price":"2685.13000000","symbol":"ETHBUSD"},"level":"info","message":"Latest price","service":"api-d27bc23-binance-ETHBUSD","timestamp":"2022-02-25T20:14:20.514Z"}
{"assetPair":"ETHBUSD","data":{"price":"2694.56000000","symbol":"ETHBUSD"},"level":"info","message":"Latest price","service":"api-d27bc23-binance-ETHBUSD","timestamp":"2022-02-25T20:17:20.552Z"}
{"assetPair":"ETHBUSD","data":{"price":"2695.47000000","symbol":"ETHBUSD"},"level":"info","message":"Latest price","service":"api-d27bc23-binance-ETHBUSD","timestamp":"2022-02-25T20:20:20.581Z"}
{"assetPair":"ETHBUSD","data":{"price":"2689.51000000","symbol":"ETHBUSD"},"level":"info","message":"Latest price","service":"api-d27bc23-binance-ETHBUSD","timestamp":"2022-02-25T20:23:20.629Z"}
{"assetPair":"ETHBUSD","data":{"price":"2688.00000000","symbol":"ETHBUSD"},"level":"info","message":"Latest price","service":"api-d27bc23-binance-ETHBUSD","timestamp":"2022-02-25T20:26:20.660Z"}
{"assetPair":"ETHBUSD","data":{"price":"2683.79000000","symbol":"ETHBUSD"},"level":"info","message":"Latest price","service":"api-d27bc23-binance-ETHBUSD","timestamp":"2022-02-25T20:29:20.696Z"}
{"assetPair":"ETHBUSD","data":{"price":"2695.92000000","symbol":"ETHBUSD"},"level":"info","message":"Latest price","service":"api-d27bc23-binance-ETHBUSD","timestamp":"2022-02-25T20:32:20.752Z"}
{"assetPair":"ETHBUSD","data":{"price":"2685.72000000","symbol":"ETHBUSD"},"level":"info","message":"Latest price","service":"api-d27bc23-binance-ETHBUSD","timestamp":"2022-02-25T20:35:20.782Z"}
{"assetPair":"ETHBUSD","data":{"price":"2687.08000000","symbol":"ETHBUSD"},"level":"info","message":"Latest price","service":"api-d27bc23-binance-ETHBUSD","timestamp":"2022-02-25T20:38:20.830Z"}
{"assetPair":"ETHBUSD","data":{"price":"2700.00000000","symbol":"ETHBUSD"},"level":"info","message":"Latest price","service":"api-d27bc23-binance-ETHBUSD","timestamp":"2022-02-25T20:41:20.860Z"}
{"assetPair":"ETHBUSD","data":{"price":"2701.67000000","symbol":"ETHBUSD"},"level":"info","message":"Latest price","service":"api-d27bc23-binance-ETHBUSD","timestamp":"2022-02-25T20:44:20.888Z"}
{"assetPair":"ETHBUSD","data":{"price":"2701.94000000","symbol":"ETHBUSD"},"level":"info","message":"Latest price","service":"api-d27bc23-binance-ETHBUSD","timestamp":"2022-02-25T20:47:20.926Z"}
{"assetPair":"ETHBUSD","data":{"price":"2706.34000000","symbol":"ETHBUSD"},"level":"info","message":"Latest price","service":"api-d27bc23-binance-ETHBUSD","timestamp":"2022-02-25T20:50:20.960Z"}
{"assetPair":"ETHBUSD","data":{"price":"2717.03000000","symbol":"ETHBUSD"},"level":"info","message":"Latest price","service":"api-d27bc23-binance-ETHBUSD","timestamp":"2022-02-25T20:53:21.032Z"}
{"assetPair":"ETHBUSD","data":{"price":"2714.00000000","symbol":"ETHBUSD"},"level":"info","message":"Latest price","service":"api-d27bc23-binance-ETHBUSD","timestamp":"2022-02-25T20:56:21.135Z"}
{"assetPair":"ETHBUSD","data":{"price":"2712.71000000","symbol":"ETHBUSD"},"level":"info","message":"Latest price","service":"api-d27bc23-binance-ETHBUSD","timestamp":"2022-02-25T20:59:21.168Z"}
{"assetPair":"ETHBUSD","data":{"price":"2711.50000000","symbol":"ETHBUSD"},"level":"info","message":"Latest price","service":"api-d27bc23-binance-ETHBUSD","timestamp":"2022-02-25T21:02:21.199Z"}
{"assetPair":"ETHBUSD","data":{"price":"2709.73000000","symbol":"ETHBUSD"},"level":"info","message":"Latest price","service":"api-d27bc23-binance-ETHBUSD","timestamp":"2022-02-25T21:05:21.257Z"}
{"assetPair":"ETHBUSD","data":{"price":"2716.40000000","symbol":"ETHBUSD"},"level":"info","message":"Latest price","service":"api-d27bc23-binance-ETHBUSD","timestamp":"2022-02-25T21:08:21.301Z"}
{"assetPair":"ETHBUSD","data":{"price":"2729.98000000","symbol":"ETHBUSD"},"level":"info","message":"Latest price","service":"api-d27bc23-binance-ETHBUSD","timestamp":"2022-02-25T21:11:21.328Z"}
{"assetPair":"ETHBUSD","data":{"price":"2726.84000000","symbol":"ETHBUSD"},"level":"info","message":"Latest price","service":"api-d27bc23-binance-ETHBUSD","timestamp":"2022-02-25T21:14:21.360Z"}
{"assetPair":"ETHBUSD","data":{"price":"2722.81000000","symbol":"ETHBUSD"},"level":"info","message":"Latest price","service":"api-d27bc23-binance-ETHBUSD","timestamp":"2022-02-25T21:17:21.387Z"}
{"assetPair":"ETHBUSD","data":{"price":"2720.64000000","symbol":"ETHBUSD"},"level":"info","message":"Latest price","service":"api-d27bc23-binance-ETHBUSD","timestamp":"2022-02-25T21:20:21.450Z"}
{"assetPair":"ETHBUSD","data":{"price":"2720.92000000","symbol":"ETHBUSD"},"level":"info","message":"Latest price","service":"api-d27bc23-binance-ETHBUSD","timestamp":"2022-02-25T21:23:21.477Z"}
{"assetPair":"ETHBUSD","data":{"price":"2716.62000000","symbol":"ETHBUSD"},"level":"info","message":"Latest price","service":"api-d27bc23-binance-ETHBUSD","timestamp":"2022-02-25T21:26:21.530Z"}
{"assetPair":"ETHBUSD","data":{"price":"2717.71000000","symbol":"ETHBUSD"},"level":"info","message":"Latest price","service":"api-d27bc23-binance-ETHBUSD","timestamp":"2022-02-25T21:29:21.591Z"}
{"assetPair":"ETHBUSD","data":{"price":"2711.74000000","symbol":"ETHBUSD"},"level":"info","message":"Latest price","service":"api-d27bc23-binance-ETHBUSD","timestamp":"2022-02-25T21:32:21.621Z"}
{"assetPair":"ETHBUSD","data":{"price":"2712.44000000","symbol":"ETHBUSD"},"level":"info","message":"Latest price","service":"api-d27bc23-binance-ETHBUSD","timestamp":"2022-02-25T21:35:21.654Z"}
{"assetPair":"ETHBUSD","data":{"price":"2715.29000000","symbol":"ETHBUSD"},"level":"info","message":"Latest price","service":"api-d27bc23-binance-ETHBUSD","timestamp":"2022-02-25T21:38:21.685Z"}
{"assetPair":"ETHBUSD","data":{"price":"2712.95000000","symbol":"ETHBUSD"},"level":"info","message":"Latest price","service":"api-d27bc23-binance-ETHBUSD","timestamp":"2022-02-25T21:41:21.711Z"}
{"assetPair":"ETHBUSD","data":{"price":"2710.87000000","symbol":"ETHBUSD"},"level":"info","message":"Latest price","service":"api-d27bc23-binance-ETHBUSD","timestamp":"2022-02-25T21:44:21.749Z"}
{"assetPair":"ETHBUSD","data":{"price":"2712.11000000","symbol":"ETHBUSD"},"level":"info","message":"Latest price","service":"api-d27bc23-binance-ETHBUSD","timestamp":"2022-02-25T21:47:21.780Z"}
{"assetPair":"ETHBUSD","data":{"price":"2708.09000000","symbol":"ETHBUSD"},"level":"info","message":"Latest price","service":"api-d27bc23-binance-ETHBUSD","timestamp":"2022-02-25T21:50:21.810Z"}
{"assetPair":"ETHBUSD","data":{"price":"2709.60000000","symbol":"ETHBUSD"},"level":"info","message":"Latest price","service":"api-d27bc23-binance-ETHBUSD","timestamp":"2022-02-25T21:53:21.870Z"}
{"assetPair":"ETHBUSD","data":{"price":"2711.94000000","symbol":"ETHBUSD"},"level":"info","message":"Latest price","service":"api-d27bc23-binance-ETHBUSD","timestamp":"2022-02-25T21:56:21.919Z"}
{"assetPair":"ETHBUSD","data":{"price":"2709.27000000","symbol":"ETHBUSD"},"level":"info","message":"Latest price","service":"api-d27bc23-binance-ETHBUSD","timestamp":"2022-02-25T21:59:21.947Z"}
{"assetPair":"ETHBUSD","data":{"price":"2699.65000000","symbol":"ETHBUSD"},"level":"info","message":"Latest price","service":"api-d27bc23-binance-ETHBUSD","timestamp":"2022-02-25T22:02:21.976Z"}
{"assetPair":"ETHBUSD","data":{"price":"2702.52000000","symbol":"ETHBUSD"},"level":"info","message":"Latest price","service":"api-d27bc23-binance-ETHBUSD","timestamp":"2022-02-25T22:05:22.011Z"}
{"assetPair":"ETHBUSD","data":{"price":"2701.14000000","symbol":"ETHBUSD"},"level":"info","message":"Latest price","service":"api-d27bc23-binance-ETHBUSD","timestamp":"2022-02-25T22:08:22.051Z"}
{"assetPair":"ETHBUSD","data":{"price":"2702.00000000","symbol":"ETHBUSD"},"level":"info","message":"Latest price","service":"api-d27bc23-binance-ETHBUSD","timestamp":"2022-02-25T22:11:22.083Z"}
{"assetPair":"ETHBUSD","data":{"price":"2707.42000000","symbol":"ETHBUSD"},"level":"info","message":"Latest price","service":"api-d27bc23-binance-ETHBUSD","timestamp":"2022-02-25T22:14:22.137Z"}
{"assetPair":"ETHBUSD","data":{"price":"2703.39000000","symbol":"ETHBUSD"},"level":"info","message":"Latest price","service":"api-d27bc23-binance-ETHBUSD","timestamp":"2022-02-25T22:17:22.177Z"}
{"assetPair":"ETHBUSD","data":{"price":"2704.12000000","symbol":"ETHBUSD"},"level":"info","message":"Latest price","service":"api-d27bc23-binance-ETHBUSD","timestamp":"2022-02-25T22:20:22.214Z"}
{"assetPair":"ETHBUSD","data":{"price":"2705.73000000","symbol":"ETHBUSD"},"level":"info","message":"Latest price","service":"api-d27bc23-binance-ETHBUSD","timestamp":"2022-02-25T22:23:22.271Z"}
{"assetPair":"ETHBUSD","data":{"price":"2709.61000000","symbol":"ETHBUSD"},"level":"info","message":"Latest price","service":"api-d27bc23-binance-ETHBUSD","timestamp":"2022-02-25T22:26:22.307Z"}
{"assetPair":"ETHBUSD","data":{"price":"2708.41000000","symbol":"ETHBUSD"},"level":"info","message":"Latest price","service":"api-d27bc23-binance-ETHBUSD","timestamp":"2022-02-25T22:29:22.342Z"}
{"assetPair":"ETHBUSD","data":{"price":"2712.72000000","symbol":"ETHBUSD"},"level":"info","message":"Latest price","service":"api-d27bc23-binance-ETHBUSD","timestamp":"2022-02-25T22:32:22.374Z"}
{"assetPair":"ETHBUSD","data":{"price":"2720.00000000","symbol":"ETHBUSD"},"level":"info","message":"Latest price","service":"api-d27bc23-binance-ETHBUSD","timestamp":"2022-02-25T22:35:22.408Z"}
{"assetPair":"ETHBUSD","data":{"price":"2719.07000000","symbol":"ETHBUSD"},"level":"info","message":"Latest price","service":"api-d27bc23-binance-ETHBUSD","timestamp":"2022-02-25T22:38:22.442Z"}
{"assetPair":"ETHBUSD","data":{"price":"2722.79000000","symbol":"ETHBUSD"},"level":"info","message":"Latest price","service":"api-d27bc23-binance-ETHBUSD","timestamp":"2022-02-25T22:41:22.499Z"}
{"assetPair":"ETHBUSD","data":{"price":"2723.70000000","symbol":"ETHBUSD"},"level":"info","message":"Latest price","service":"api-d27bc23-binance-ETHBUSD","timestamp":"2022-02-25T22:44:22.567Z"}
{"assetPair":"ETHBUSD","data":{"price":"2764.02000000","symbol":"ETHBUSD"},"level":"info","message":"Latest price","service":"api-d27bc23-binance-ETHBUSD","timestamp":"2022-02-25T22:47:22.624Z"}
{"assetPair":"ETHBUSD","data":{"price":"2777.30000000","symbol":"ETHBUSD"},"level":"info","message":"Latest price","service":"api-d27bc23-binance-ETHBUSD","timestamp":"2022-02-25T22:50:22.691Z"}
{"assetPair":"ETHBUSD","data":{"price":"2772.66000000","symbol":"ETHBUSD"},"level":"info","message":"Latest price","service":"api-d27bc23-binance-ETHBUSD","timestamp":"2022-02-25T22:53:22.731Z"}
{"assetPair":"ETHBUSD","data":{"price":"2763.64000000","symbol":"ETHBUSD"},"level":"info","message":"Latest price","service":"api-d27bc23-binance-ETHBUSD","timestamp":"2022-02-25T22:56:22.795Z"}
{"balance":{"asset":"ETH","free":"0.00918900","locked":"0.00000000"},"level":"info","message":"Binance balance","service":"api-d27bc23-binance-ETHBUSD","timestamp":"2022-02-25T22:56:22.855Z"}
{"correctedPrice":"2763.64","correctedQty":"0.0091","forAsset":"BUSD","level":"info","message":"Initiating SELL","price":"2763.64000000","quantity":"0.00918900","sellAsset":"ETH","service":"api-d27bc23-binance-ETHBUSD","timestamp":"2022-02-25T22:56:22.917Z"}
{"data":{"clientOrderId":"DFBePJ9unsP5rowijAxbwg","cummulativeQuoteQty":"0.00000000","executedQty":"0.00000000","fills":[],"orderId":4223331328,"orderListId":-1,"origQty":"0.00910000","price":"2763.64000000","side":"SELL","status":"NEW","symbol":"ETHBUSD","timeInForce":"GTC","transactTime":1645829782957,"type":"LIMIT"},"level":"info","message":"SELL success","service":"api-d27bc23-binance-ETHBUSD","timestamp":"2022-02-25T22:56:22.968Z"}
{"level":"info","message":"Checking order status","origClientOrderId":"DFBePJ9unsP5rowijAxbwg","service":"api-d27bc23-binance-ETHBUSD","symbol":"ETHBUSD","timestamp":"2022-02-25T22:59:22.972Z"}
{"data":{"clientOrderId":"DFBePJ9unsP5rowijAxbwg","cummulativeQuoteQty":"25.14912400","executedQty":"0.00910000","icebergQty":"0.00000000","isWorking":true,"orderId":4223331328,"orderListId":-1,"origQty":"0.00910000","origQuoteOrderQty":"0.00000000","price":"2763.64000000","side":"SELL","status":"FILLED","stopPrice":"0.00000000","symbol":"ETHBUSD","time":1645829782957,"timeInForce":"GTC","type":"LIMIT","updateTime":1645829795872},"level":"info","message":"Order status","service":"api-d27bc23-binance-ETHBUSD","timestamp":"2022-02-25T22:59:23.017Z"}
{"assetPair":"ETHBUSD","data":{"price":"2796.50000000","symbol":"ETHBUSD"},"level":"info","message":"Latest price","service":"api-d27bc23-binance-ETHBUSD","timestamp":"2022-02-25T22:59:23.041Z"}
{"assetPair":"ETHBUSD","data":{"price":"2798.96000000","symbol":"ETHBUSD"},"level":"info","message":"Latest price","service":"api-d27bc23-binance-ETHBUSD","timestamp":"2022-02-25T23:02:23.075Z"}
{"assetPair":"ETHBUSD","data":{"price":"2788.53000000","symbol":"ETHBUSD"},"level":"info","message":"Latest price","service":"api-d27bc23-binance-ETHBUSD","timestamp":"2022-02-25T23:05:23.109Z"}
{"assetPair":"ETHBUSD","data":{"price":"2770.00000000","symbol":"ETHBUSD"},"level":"info","message":"Latest price","service":"api-d27bc23-binance-ETHBUSD","timestamp":"2022-02-25T23:08:23.179Z"}
{"assetPair":"ETHBUSD","data":{"price":"2770.59000000","symbol":"ETHBUSD"},"level":"info","message":"Latest price","service":"api-d27bc23-binance-ETHBUSD","timestamp":"2022-02-25T23:11:23.236Z"}
{"assetPair":"ETHBUSD","data":{"price":"2776.15000000","symbol":"ETHBUSD"},"level":"info","message":"Latest price","service":"api-d27bc23-binance-ETHBUSD","timestamp":"2022-02-25T23:14:23.264Z"}
{"assetPair":"ETHBUSD","data":{"price":"2778.94000000","symbol":"ETHBUSD"},"level":"info","message":"Latest price","service":"api-d27bc23-binance-ETHBUSD","timestamp":"2022-02-25T23:17:23.301Z"}
{"assetPair":"ETHBUSD","data":{"price":"2783.53000000","symbol":"ETHBUSD"},"level":"info","message":"Latest price","service":"api-d27bc23-binance-ETHBUSD","timestamp":"2022-02-25T23:20:23.334Z"}
{"assetPair":"ETHBUSD","data":{"price":"2804.44000000","symbol":"ETHBUSD"},"level":"info","message":"Latest price","service":"api-d27bc23-binance-ETHBUSD","timestamp":"2022-02-25T23:23:23.372Z"}
{"balance":{"asset":"BUSD","free":"69.44709269","locked":"0.00000000"},"level":"info","message":"Binance balance","service":"api-d27bc23-binance-ETHBUSD","timestamp":"2022-02-25T23:23:23.397Z"}
{"buyAsset":"ETH","correctedPrice":"2804.44","correctedQty":"0.0088","level":"info","message":"Initiating BUY","price":"2804.44","quantity":"0.00882529132375804082","service":"api-d27bc23-binance-ETHBUSD","timestamp":"2022-02-25T23:23:23.398Z","withAsset":"BUSD"}
{"data":{"clientOrderId":"38gXk30vwsI0ovuQtJSj02","cummulativeQuoteQty":"24.67907200","executedQty":"0.00880000","fills":[{"commission":"0.00000880","commissionAsset":"ETH","price":"2804.44000000","qty":"0.00880000","tradeId":270488295}],"orderId":4223484675,"orderListId":-1,"origQty":"0.00880000","price":"2804.44000000","side":"BUY","status":"FILLED","symbol":"ETHBUSD","timeInForce":"GTC","transactTime":1645831403422,"type":"LIMIT"},"level":"info","message":"BUY success","service":"api-d27bc23-binance-ETHBUSD","timestamp":"2022-02-25T23:23:23.426Z"}
{"level":"info","message":"Checking order status","origClientOrderId":"38gXk30vwsI0ovuQtJSj02","service":"api-d27bc23-binance-ETHBUSD","symbol":"ETHBUSD","timestamp":"2022-02-25T23:26:23.429Z"}
{"data":{"clientOrderId":"38gXk30vwsI0ovuQtJSj02","cummulativeQuoteQty":"24.67907200","executedQty":"0.00880000","icebergQty":"0.00000000","isWorking":true,"orderId":4223484675,"orderListId":-1,"origQty":"0.00880000","origQuoteOrderQty":"0.00000000","price":"2804.44000000","side":"BUY","status":"FILLED","stopPrice":"0.00000000","symbol":"ETHBUSD","time":1645831403422,"timeInForce":"GTC","type":"LIMIT","updateTime":1645831403422},"level":"info","message":"Order status","service":"api-d27bc23-binance-ETHBUSD","timestamp":"2022-02-25T23:26:23.473Z"}
{"assetPair":"ETHBUSD","data":{"price":"2819.00000000","symbol":"ETHBUSD"},"level":"info","message":"Latest price","service":"api-d27bc23-binance-ETHBUSD","timestamp":"2022-02-25T23:26:23.501Z"}
{"assetPair":"ETHBUSD","data":{"price":"2814.35000000","symbol":"ETHBUSD"},"level":"info","message":"Latest price","service":"api-d27bc23-binance-ETHBUSD","timestamp":"2022-02-25T23:29:23.538Z"}
{"assetPair":"ETHBUSD","data":{"price":"2826.15000000","symbol":"ETHBUSD"},"level":"info","message":"Latest price","service":"api-d27bc23-binance-ETHBUSD","timestamp":"2022-02-25T23:32:23.607Z"}
{"assetPair":"ETHBUSD","data":{"price":"2828.41000000","symbol":"ETHBUSD"},"level":"info","message":"Latest price","service":"api-d27bc23-binance-ETHBUSD","timestamp":"2022-02-25T23:35:23.692Z"}
{"assetPair":"ETHBUSD","data":{"price":"2816.07000000","symbol":"ETHBUSD"},"level":"info","message":"Latest price","service":"api-d27bc23-binance-ETHBUSD","timestamp":"2022-02-25T23:38:23.750Z"}
{"assetPair":"ETHBUSD","data":{"price":"2811.97000000","symbol":"ETHBUSD"},"level":"info","message":"Latest price","service":"api-d27bc23-binance-ETHBUSD","timestamp":"2022-02-25T23:41:23.791Z"}
{"assetPair":"ETHBUSD","data":{"price":"2804.48000000","symbol":"ETHBUSD"},"level":"info","message":"Latest price","service":"api-d27bc23-binance-ETHBUSD","timestamp":"2022-02-25T23:44:23.830Z"}
{"assetPair":"ETHBUSD","data":{"price":"2770.23000000","symbol":"ETHBUSD"},"level":"info","message":"Latest price","service":"api-d27bc23-binance-ETHBUSD","timestamp":"2022-02-25T23:47:23.858Z"}
{"assetPair":"ETHBUSD","data":{"price":"2764.50000000","symbol":"ETHBUSD"},"level":"info","message":"Latest price","service":"api-d27bc23-binance-ETHBUSD","timestamp":"2022-02-25T23:50:23.884Z"}
{"assetPair":"ETHBUSD","data":{"price":"2752.34000000","symbol":"ETHBUSD"},"level":"info","message":"Latest price","service":"api-d27bc23-binance-ETHBUSD","timestamp":"2022-02-25T23:53:23.915Z"}
{"assetPair":"ETHBUSD","data":{"price":"2764.20000000","symbol":"ETHBUSD"},"level":"info","message":"Latest price","service":"api-d27bc23-binance-ETHBUSD","timestamp":"2022-02-25T23:56:23.956Z"}
{"assetPair":"ETHBUSD","data":{"price":"2768.08000000","symbol":"ETHBUSD"},"level":"info","message":"Latest price","service":"api-d27bc23-binance-ETHBUSD","timestamp":"2022-02-25T23:59:23.986Z"}
{"assetPair":"ETHBUSD","data":{"price":"2769.62000000","symbol":"ETHBUSD"},"level":"info","message":"Latest price","service":"api-d27bc23-binance-ETHBUSD","timestamp":"2022-02-26T00:02:24.024Z"}
{"assetPair":"ETHBUSD","data":{"price":"2776.90000000","symbol":"ETHBUSD"},"level":"info","message":"Latest price","service":"api-d27bc23-binance-ETHBUSD","timestamp":"2022-02-26T00:05:24.064Z"}
{"assetPair":"ETHBUSD","data":{"price":"2786.91000000","symbol":"ETHBUSD"},"level":"info","message":"Latest price","service":"api-d27bc23-binance-ETHBUSD","timestamp":"2022-02-26T00:08:24.093Z"}
{"assetPair":"ETHBUSD","data":{"price":"2785.53000000","symbol":"ETHBUSD"},"level":"info","message":"Latest price","service":"api-d27bc23-binance-ETHBUSD","timestamp":"2022-02-26T00:11:24.124Z"}
{"assetPair":"ETHBUSD","data":{"price":"2777.51000000","symbol":"ETHBUSD"},"level":"info","message":"Latest price","service":"api-d27bc23-binance-ETHBUSD","timestamp":"2022-02-26T00:14:24.160Z"}
{"assetPair":"ETHBUSD","data":{"price":"2775.07000000","symbol":"ETHBUSD"},"level":"info","message":"Latest price","service":"api-d27bc23-binance-ETHBUSD","timestamp":"2022-02-26T00:17:24.203Z"}
{"assetPair":"ETHBUSD","data":{"price":"2787.38000000","symbol":"ETHBUSD"},"level":"info","message":"Latest price","service":"api-d27bc23-binance-ETHBUSD","timestamp":"2022-02-26T00:20:24.239Z"}
{"assetPair":"ETHBUSD","data":{"price":"2781.07000000","symbol":"ETHBUSD"},"level":"info","message":"Latest price","service":"api-d27bc23-binance-ETHBUSD","timestamp":"2022-02-26T00:23:24.288Z"}
{"assetPair":"ETHBUSD","data":{"price":"2775.17000000","symbol":"ETHBUSD"},"level":"info","message":"Latest price","service":"api-d27bc23-binance-ETHBUSD","timestamp":"2022-02-26T00:26:24.321Z"}
{"assetPair":"ETHBUSD","data":{"price":"2777.52000000","symbol":"ETHBUSD"},"level":"info","message":"Latest price","service":"api-d27bc23-binance-ETHBUSD","timestamp":"2022-02-26T00:29:24.357Z"}
{"assetPair":"ETHBUSD","data":{"price":"2772.16000000","symbol":"ETHBUSD"},"level":"info","message":"Latest price","service":"api-d27bc23-binance-ETHBUSD","timestamp":"2022-02-26T00:32:24.393Z"}
{"assetPair":"ETHBUSD","data":{"price":"2781.29000000","symbol":"ETHBUSD"},"level":"info","message":"Latest price","service":"api-d27bc23-binance-ETHBUSD","timestamp":"2022-02-26T00:35:24.433Z"}
{"assetPair":"ETHBUSD","data":{"price":"2831.75000000","symbol":"ETHBUSD"},"level":"info","message":"Latest price","service":"api-d27bc23-binance-ETHBUSD","timestamp":"2022-02-26T00:38:24.467Z"}
{"assetPair":"ETHBUSD","data":{"price":"2829.42000000","symbol":"ETHBUSD"},"level":"info","message":"Latest price","service":"api-d27bc23-binance-ETHBUSD","timestamp":"2022-02-26T00:41:24.510Z"}
{"assetPair":"ETHBUSD","data":{"price":"2840.52000000","symbol":"ETHBUSD"},"level":"info","message":"Latest price","service":"api-d27bc23-binance-ETHBUSD","timestamp":"2022-02-26T00:44:24.542Z"}
{"assetPair":"ETHBUSD","data":{"price":"2822.84000000","symbol":"ETHBUSD"},"level":"info","message":"Latest price","service":"api-d27bc23-binance-ETHBUSD","timestamp":"2022-02-26T00:47:24.572Z"}
{"assetPair":"ETHBUSD","data":{"price":"2833.81000000","symbol":"ETHBUSD"},"level":"info","message":"Latest price","service":"api-d27bc23-binance-ETHBUSD","timestamp":"2022-02-26T00:50:24.632Z"}
{"assetPair":"ETHBUSD","data":{"price":"2831.38000000","symbol":"ETHBUSD"},"level":"info","message":"Latest price","service":"api-d27bc23-binance-ETHBUSD","timestamp":"2022-02-26T00:53:24.660Z"}
{"assetPair":"ETHBUSD","data":{"price":"2825.94000000","symbol":"ETHBUSD"},"level":"info","message":"Latest price","service":"api-d27bc23-binance-ETHBUSD","timestamp":"2022-02-26T00:56:24.697Z"}
{"assetPair":"ETHBUSD","data":{"price":"2832.99000000","symbol":"ETHBUSD"},"level":"info","message":"Latest price","service":"api-d27bc23-binance-ETHBUSD","timestamp":"2022-02-26T00:59:24.732Z"}
{"assetPair":"ETHBUSD","data":{"price":"2837.05000000","symbol":"ETHBUSD"},"level":"info","message":"Latest price","service":"api-d27bc23-binance-ETHBUSD","timestamp":"2022-02-26T01:02:24.762Z"}
{"assetPair":"ETHBUSD","data":{"price":"2843.53000000","symbol":"ETHBUSD"},"level":"info","message":"Latest price","service":"api-d27bc23-binance-ETHBUSD","timestamp":"2022-02-26T01:05:24.801Z"}
{"assetPair":"ETHBUSD","data":{"price":"2827.00000000","symbol":"ETHBUSD"},"level":"info","message":"Latest price","service":"api-d27bc23-binance-ETHBUSD","timestamp":"2022-02-26T01:08:24.838Z"}
{"assetPair":"ETHBUSD","data":{"price":"2828.50000000","symbol":"ETHBUSD"},"level":"info","message":"Latest price","service":"api-d27bc23-binance-ETHBUSD","timestamp":"2022-02-26T01:11:24.940Z"}
{"assetPair":"ETHBUSD","data":{"price":"2828.07000000","symbol":"ETHBUSD"},"level":"info","message":"Latest price","service":"api-d27bc23-binance-ETHBUSD","timestamp":"2022-02-26T01:14:24.971Z"}
{"assetPair":"ETHBUSD","data":{"price":"2823.37000000","symbol":"ETHBUSD"},"level":"info","message":"Latest price","service":"api-d27bc23-binance-ETHBUSD","timestamp":"2022-02-26T01:17:25.035Z"}
{"assetPair":"ETHBUSD","data":{"price":"2827.73000000","symbol":"ETHBUSD"},"level":"info","message":"Latest price","service":"api-d27bc23-binance-ETHBUSD","timestamp":"2022-02-26T01:20:25.073Z"}
{"assetPair":"ETHBUSD","data":{"price":"2827.55000000","symbol":"ETHBUSD"},"level":"info","message":"Latest price","service":"api-d27bc23-binance-ETHBUSD","timestamp":"2022-02-26T01:23:25.100Z"}
{"assetPair":"ETHBUSD","data":{"price":"2829.29000000","symbol":"ETHBUSD"},"level":"info","message":"Latest price","service":"api-d27bc23-binance-ETHBUSD","timestamp":"2022-02-26T01:26:25.140Z"}
{"assetPair":"ETHBUSD","data":{"price":"2824.27000000","symbol":"ETHBUSD"},"level":"info","message":"Latest price","service":"api-d27bc23-binance-ETHBUSD","timestamp":"2022-02-26T01:29:25.170Z"}
{"assetPair":"ETHBUSD","data":{"price":"2824.15000000","symbol":"ETHBUSD"},"level":"info","message":"Latest price","service":"api-d27bc23-binance-ETHBUSD","timestamp":"2022-02-26T01:32:25.233Z"}
{"assetPair":"ETHBUSD","data":{"price":"2823.55000000","symbol":"ETHBUSD"},"level":"info","message":"Latest price","service":"api-d27bc23-binance-ETHBUSD","timestamp":"2022-02-26T01:35:25.267Z"}
{"assetPair":"ETHBUSD","data":{"price":"2814.28000000","symbol":"ETHBUSD"},"level":"info","message":"Latest price","service":"api-d27bc23-binance-ETHBUSD","timestamp":"2022-02-26T01:38:25.305Z"}
{"assetPair":"ETHBUSD","data":{"price":"2813.73000000","symbol":"ETHBUSD"},"level":"info","message":"Latest price","service":"api-d27bc23-binance-ETHBUSD","timestamp":"2022-02-26T01:41:25.343Z"}
{"assetPair":"ETHBUSD","data":{"price":"2813.96000000","symbol":"ETHBUSD"},"level":"info","message":"Latest price","service":"api-d27bc23-binance-ETHBUSD","timestamp":"2022-02-26T01:44:25.381Z"}
{"assetPair":"ETHBUSD","data":{"price":"2818.93000000","symbol":"ETHBUSD"},"level":"info","message":"Latest price","service":"api-d27bc23-binance-ETHBUSD","timestamp":"2022-02-26T01:47:25.420Z"}
{"assetPair":"ETHBUSD","data":{"price":"2819.43000000","symbol":"ETHBUSD"},"level":"info","message":"Latest price","service":"api-d27bc23-binance-ETHBUSD","timestamp":"2022-02-26T01:50:25.453Z"}
{"assetPair":"ETHBUSD","data":{"price":"2820.68000000","symbol":"ETHBUSD"},"level":"info","message":"Latest price","service":"api-d27bc23-binance-ETHBUSD","timestamp":"2022-02-26T01:53:25.492Z"}
{"assetPair":"ETHBUSD","data":{"price":"2817.50000000","symbol":"ETHBUSD"},"level":"info","message":"Latest price","service":"api-d27bc23-binance-ETHBUSD","timestamp":"2022-02-26T01:56:25.584Z"}
{"assetPair":"ETHBUSD","data":{"price":"2821.07000000","symbol":"ETHBUSD"},"level":"info","message":"Latest price","service":"api-d27bc23-binance-ETHBUSD","timestamp":"2022-02-26T01:59:25.645Z"}
{"assetPair":"ETHBUSD","data":{"price":"2808.97000000","symbol":"ETHBUSD"},"level":"info","message":"Latest price","service":"api-d27bc23-binance-ETHBUSD","timestamp":"2022-02-26T02:02:25.709Z"}
{"assetPair":"ETHBUSD","data":{"price":"2815.48000000","symbol":"ETHBUSD"},"level":"info","message":"Latest price","service":"api-d27bc23-binance-ETHBUSD","timestamp":"2022-02-26T02:05:25.746Z"}
{"assetPair":"ETHBUSD","data":{"price":"2809.50000000","symbol":"ETHBUSD"},"level":"info","message":"Latest price","service":"api-d27bc23-binance-ETHBUSD","timestamp":"2022-02-26T02:08:25.799Z"}
{"assetPair":"ETHBUSD","data":{"price":"2809.17000000","symbol":"ETHBUSD"},"level":"info","message":"Latest price","service":"api-d27bc23-binance-ETHBUSD","timestamp":"2022-02-26T02:11:25.892Z"}
{"assetPair":"ETHBUSD","data":{"price":"2822.35000000","symbol":"ETHBUSD"},"level":"info","message":"Latest price","service":"api-d27bc23-binance-ETHBUSD","timestamp":"2022-02-26T02:14:25.947Z"}
{"assetPair":"ETHBUSD","data":{"price":"2820.54000000","symbol":"ETHBUSD"},"level":"info","message":"Latest price","service":"api-d27bc23-binance-ETHBUSD","timestamp":"2022-02-26T02:17:26.002Z"}
{"assetPair":"ETHBUSD","data":{"price":"2817.51000000","symbol":"ETHBUSD"},"level":"info","message":"Latest price","service":"api-d27bc23-binance-ETHBUSD","timestamp":"2022-02-26T02:20:26.037Z"}
{"assetPair":"ETHBUSD","data":{"price":"2818.62000000","symbol":"ETHBUSD"},"level":"info","message":"Latest price","service":"api-d27bc23-binance-ETHBUSD","timestamp":"2022-02-26T02:23:26.074Z"}
{"assetPair":"ETHBUSD","data":{"price":"2816.68000000","symbol":"ETHBUSD"},"level":"info","message":"Latest price","service":"api-d27bc23-binance-ETHBUSD","timestamp":"2022-02-26T02:26:26.138Z"}
{"assetPair":"ETHBUSD","data":{"price":"2821.99000000","symbol":"ETHBUSD"},"level":"info","message":"Latest price","service":"api-d27bc23-binance-ETHBUSD","timestamp":"2022-02-26T02:29:26.174Z"}
{"assetPair":"ETHBUSD","data":{"price":"2808.00000000","symbol":"ETHBUSD"},"level":"info","message":"Latest price","service":"api-d27bc23-binance-ETHBUSD","timestamp":"2022-02-26T02:32:26.207Z"}
{"assetPair":"ETHBUSD","data":{"price":"2807.06000000","symbol":"ETHBUSD"},"level":"info","message":"Latest price","service":"api-d27bc23-binance-ETHBUSD","timestamp":"2022-02-26T02:35:26.269Z"}
{"assetPair":"ETHBUSD","data":{"price":"2807.76000000","symbol":"ETHBUSD"},"level":"info","message":"Latest price","service":"api-d27bc23-binance-ETHBUSD","timestamp":"2022-02-26T02:38:26.313Z"}
{"assetPair":"ETHBUSD","data":{"price":"2810.39000000","symbol":"ETHBUSD"},"level":"info","message":"Latest price","service":"api-d27bc23-binance-ETHBUSD","timestamp":"2022-02-26T02:41:26.383Z"}
{"assetPair":"ETHBUSD","data":{"price":"2808.57000000","symbol":"ETHBUSD"},"level":"info","message":"Latest price","service":"api-d27bc23-binance-ETHBUSD","timestamp":"2022-02-26T02:44:26.417Z"}
{"assetPair":"ETHBUSD","data":{"price":"2811.47000000","symbol":"ETHBUSD"},"level":"info","message":"Latest price","service":"api-d27bc23-binance-ETHBUSD","timestamp":"2022-02-26T02:47:26.446Z"}
{"assetPair":"ETHBUSD","data":{"price":"2811.02000000","symbol":"ETHBUSD"},"level":"info","message":"Latest price","service":"api-d27bc23-binance-ETHBUSD","timestamp":"2022-02-26T02:50:26.480Z"}
{"assetPair":"ETHBUSD","data":{"price":"2811.01000000","symbol":"ETHBUSD"},"level":"info","message":"Latest price","service":"api-d27bc23-binance-ETHBUSD","timestamp":"2022-02-26T02:53:26.519Z"}
{"assetPair":"ETHBUSD","data":{"price":"2806.58000000","symbol":"ETHBUSD"},"level":"info","message":"Latest price","service":"api-d27bc23-binance-ETHBUSD","timestamp":"2022-02-26T02:56:26.556Z"}
{"assetPair":"ETHBUSD","data":{"price":"2804.69000000","symbol":"ETHBUSD"},"level":"info","message":"Latest price","service":"api-d27bc23-binance-ETHBUSD","timestamp":"2022-02-26T02:59:26.636Z"}
{"assetPair":"ETHBUSD","data":{"price":"2807.71000000","symbol":"ETHBUSD"},"level":"info","message":"Latest price","service":"api-d27bc23-binance-ETHBUSD","timestamp":"2022-02-26T03:02:26.672Z"}
{"assetPair":"ETHBUSD","data":{"price":"2797.39000000","symbol":"ETHBUSD"},"level":"info","message":"Latest price","service":"api-d27bc23-binance-ETHBUSD","timestamp":"2022-02-26T03:05:26.701Z"}
{"assetPair":"ETHBUSD","data":{"price":"2800.84000000","symbol":"ETHBUSD"},"level":"info","message":"Latest price","service":"api-d27bc23-binance-ETHBUSD","timestamp":"2022-02-26T03:08:26.732Z"}
{"assetPair":"ETHBUSD","data":{"price":"2799.36000000","symbol":"ETHBUSD"},"level":"info","message":"Latest price","service":"api-d27bc23-binance-ETHBUSD","timestamp":"2022-02-26T03:11:26.792Z"}
{"assetPair":"ETHBUSD","data":{"price":"2794.72000000","symbol":"ETHBUSD"},"level":"info","message":"Latest price","service":"api-d27bc23-binance-ETHBUSD","timestamp":"2022-02-26T03:14:26.850Z"}
{"assetPair":"ETHBUSD","data":{"price":"2791.08000000","symbol":"ETHBUSD"},"level":"info","message":"Latest price","service":"api-d27bc23-binance-ETHBUSD","timestamp":"2022-02-26T03:17:26.881Z"}
{"assetPair":"ETHBUSD","data":{"price":"2793.41000000","symbol":"ETHBUSD"},"level":"info","message":"Latest price","service":"api-d27bc23-binance-ETHBUSD","timestamp":"2022-02-26T03:20:26.973Z"}
{"assetPair":"ETHBUSD","data":{"price":"2788.90000000","symbol":"ETHBUSD"},"level":"info","message":"Latest price","service":"api-d27bc23-binance-ETHBUSD","timestamp":"2022-02-26T03:23:27.009Z"}
{"assetPair":"ETHBUSD","data":{"price":"2790.75000000","symbol":"ETHBUSD"},"level":"info","message":"Latest price","service":"api-d27bc23-binance-ETHBUSD","timestamp":"2022-02-26T03:26:27.047Z"}
{"assetPair":"ETHBUSD","data":{"price":"2788.72000000","symbol":"ETHBUSD"},"level":"info","message":"Latest price","service":"api-d27bc23-binance-ETHBUSD","timestamp":"2022-02-26T03:29:27.079Z"}
{"assetPair":"ETHBUSD","data":{"price":"2794.46000000","symbol":"ETHBUSD"},"level":"info","message":"Latest price","service":"api-d27bc23-binance-ETHBUSD","timestamp":"2022-02-26T03:32:27.161Z"}
{"assetPair":"ETHBUSD","data":{"price":"2788.73000000","symbol":"ETHBUSD"},"level":"info","message":"Latest price","service":"api-d27bc23-binance-ETHBUSD","timestamp":"2022-02-26T03:35:27.191Z"}
{"assetPair":"ETHBUSD","data":{"price":"2790.34000000","symbol":"ETHBUSD"},"level":"info","message":"Latest price","service":"api-d27bc23-binance-ETHBUSD","timestamp":"2022-02-26T03:38:27.228Z"}
{"assetPair":"ETHBUSD","data":{"price":"2789.70000000","symbol":"ETHBUSD"},"level":"info","message":"Latest price","service":"api-d27bc23-binance-ETHBUSD","timestamp":"2022-02-26T03:41:27.257Z"}
{"assetPair":"ETHBUSD","data":{"price":"2796.27000000","symbol":"ETHBUSD"},"level":"info","message":"Latest price","service":"api-d27bc23-binance-ETHBUSD","timestamp":"2022-02-26T03:44:27.290Z"}
{"assetPair":"ETHBUSD","data":{"price":"2795.96000000","symbol":"ETHBUSD"},"level":"info","message":"Latest price","service":"api-d27bc23-binance-ETHBUSD","timestamp":"2022-02-26T03:47:27.325Z"}
{"assetPair":"ETHBUSD","data":{"price":"2798.00000000","symbol":"ETHBUSD"},"level":"info","message":"Latest price","service":"api-d27bc23-binance-ETHBUSD","timestamp":"2022-02-26T03:50:27.361Z"}
{"assetPair":"ETHBUSD","data":{"price":"2796.46000000","symbol":"ETHBUSD"},"level":"info","message":"Latest price","service":"api-d27bc23-binance-ETHBUSD","timestamp":"2022-02-26T03:53:27.390Z"}
{"assetPair":"ETHBUSD","data":{"price":"2796.44000000","symbol":"ETHBUSD"},"level":"info","message":"Latest price","service":"api-d27bc23-binance-ETHBUSD","timestamp":"2022-02-26T03:56:27.439Z"}
{"assetPair":"ETHBUSD","data":{"price":"2799.50000000","symbol":"ETHBUSD"},"level":"info","message":"Latest price","service":"api-d27bc23-binance-ETHBUSD","timestamp":"2022-02-26T03:59:27.469Z"}
{"assetPair":"ETHBUSD","data":{"price":"2801.30000000","symbol":"ETHBUSD"},"level":"info","message":"Latest price","service":"api-d27bc23-binance-ETHBUSD","timestamp":"2022-02-26T04:02:27.548Z"}
{"assetPair":"ETHBUSD","data":{"price":"2803.15000000","symbol":"ETHBUSD"},"level":"info","message":"Latest price","service":"api-d27bc23-binance-ETHBUSD","timestamp":"2022-02-26T04:05:27.580Z"}
{"assetPair":"ETHBUSD","data":{"price":"2801.90000000","symbol":"ETHBUSD"},"level":"info","message":"Latest price","service":"api-d27bc23-binance-ETHBUSD","timestamp":"2022-02-26T04:08:27.629Z"}
{"assetPair":"ETHBUSD","data":{"price":"2806.52000000","symbol":"ETHBUSD"},"level":"info","message":"Latest price","service":"api-d27bc23-binance-ETHBUSD","timestamp":"2022-02-26T04:11:27.666Z"}
{"assetPair":"ETHBUSD","data":{"price":"2806.88000000","symbol":"ETHBUSD"},"level":"info","message":"Latest price","service":"api-d27bc23-binance-ETHBUSD","timestamp":"2022-02-26T04:14:27.704Z"}
{"assetPair":"ETHBUSD","data":{"price":"2807.47000000","symbol":"ETHBUSD"},"level":"info","message":"Latest price","service":"api-d27bc23-binance-ETHBUSD","timestamp":"2022-02-26T04:17:27.760Z"}
{"assetPair":"ETHBUSD","data":{"price":"2805.69000000","symbol":"ETHBUSD"},"level":"info","message":"Latest price","service":"api-d27bc23-binance-ETHBUSD","timestamp":"2022-02-26T04:20:27.801Z"}
{"assetPair":"ETHBUSD","data":{"price":"2812.82000000","symbol":"ETHBUSD"},"level":"info","message":"Latest price","service":"api-d27bc23-binance-ETHBUSD","timestamp":"2022-02-26T04:23:27.837Z"}
{"assetPair":"ETHBUSD","data":{"price":"2813.25000000","symbol":"ETHBUSD"},"level":"info","message":"Latest price","service":"api-d27bc23-binance-ETHBUSD","timestamp":"2022-02-26T04:26:27.872Z"}
{"assetPair":"ETHBUSD","data":{"price":"2812.44000000","symbol":"ETHBUSD"},"level":"info","message":"Latest price","service":"api-d27bc23-binance-ETHBUSD","timestamp":"2022-02-26T04:29:27.907Z"}
{"assetPair":"ETHBUSD","data":{"price":"2812.82000000","symbol":"ETHBUSD"},"level":"info","message":"Latest price","service":"api-d27bc23-binance-ETHBUSD","timestamp":"2022-02-26T04:32:27.965Z"}
{"assetPair":"ETHBUSD","data":{"price":"2812.63000000","symbol":"ETHBUSD"},"level":"info","message":"Latest price","service":"api-d27bc23-binance-ETHBUSD","timestamp":"2022-02-26T04:35:27.999Z"}
{"assetPair":"ETHBUSD","data":{"price":"2815.01000000","symbol":"ETHBUSD"},"level":"info","message":"Latest price","service":"api-d27bc23-binance-ETHBUSD","timestamp":"2022-02-26T04:38:28.042Z"}
{"assetPair":"ETHBUSD","data":{"price":"2814.58000000","symbol":"ETHBUSD"},"level":"info","message":"Latest price","service":"api-d27bc23-binance-ETHBUSD","timestamp":"2022-02-26T04:41:28.076Z"}
{"assetPair":"ETHBUSD","data":{"price":"2813.40000000","symbol":"ETHBUSD"},"level":"info","message":"Latest price","service":"api-d27bc23-binance-ETHBUSD","timestamp":"2022-02-26T04:44:28.110Z"}
{"assetPair":"ETHBUSD","data":{"price":"2815.70000000","symbol":"ETHBUSD"},"level":"info","message":"Latest price","service":"api-d27bc23-binance-ETHBUSD","timestamp":"2022-02-26T04:47:28.152Z"}
{"assetPair":"ETHBUSD","data":{"price":"2823.07000000","symbol":"ETHBUSD"},"level":"info","message":"Latest price","service":"api-d27bc23-binance-ETHBUSD","timestamp":"2022-02-26T04:50:28.190Z"}
{"assetPair":"ETHBUSD","data":{"price":"2819.00000000","symbol":"ETHBUSD"},"level":"info","message":"Latest price","service":"api-d27bc23-binance-ETHBUSD","timestamp":"2022-02-26T04:53:28.228Z"}
{"assetPair":"ETHBUSD","data":{"price":"2811.42000000","symbol":"ETHBUSD"},"level":"info","message":"Latest price","service":"api-d27bc23-binance-ETHBUSD","timestamp":"2022-02-26T04:56:28.311Z"}
{"assetPair":"ETHBUSD","data":{"price":"2809.23000000","symbol":"ETHBUSD"},"level":"info","message":"Latest price","service":"api-d27bc23-binance-ETHBUSD","timestamp":"2022-02-26T04:59:28.344Z"}
{"assetPair":"ETHBUSD","data":{"price":"2807.96000000","symbol":"ETHBUSD"},"level":"info","message":"Latest price","service":"api-d27bc23-binance-ETHBUSD","timestamp":"2022-02-26T05:02:28.413Z"}
{"assetPair":"ETHBUSD","data":{"price":"2804.42000000","symbol":"ETHBUSD"},"level":"info","message":"Latest price","service":"api-d27bc23-binance-ETHBUSD","timestamp":"2022-02-26T05:05:28.451Z"}
{"assetPair":"ETHBUSD","data":{"price":"2810.30000000","symbol":"ETHBUSD"},"level":"info","message":"Latest price","service":"api-d27bc23-binance-ETHBUSD","timestamp":"2022-02-26T05:08:28.514Z"}
{"assetPair":"ETHBUSD","data":{"price":"2804.74000000","symbol":"ETHBUSD"},"level":"info","message":"Latest price","service":"api-d27bc23-binance-ETHBUSD","timestamp":"2022-02-26T05:11:28.572Z"}
{"assetPair":"ETHBUSD","data":{"price":"2803.04000000","symbol":"ETHBUSD"},"level":"info","message":"Latest price","service":"api-d27bc23-binance-ETHBUSD","timestamp":"2022-02-26T05:14:28.612Z"}
{"assetPair":"ETHBUSD","data":{"price":"2804.58000000","symbol":"ETHBUSD"},"level":"info","message":"Latest price","service":"api-d27bc23-binance-ETHBUSD","timestamp":"2022-02-26T05:17:28.645Z"}
{"assetPair":"ETHBUSD","data":{"price":"2799.50000000","symbol":"ETHBUSD"},"level":"info","message":"Latest price","service":"api-d27bc23-binance-ETHBUSD","timestamp":"2022-02-26T05:20:28.676Z"}
{"assetPair":"ETHBUSD","data":{"price":"2798.04000000","symbol":"ETHBUSD"},"level":"info","message":"Latest price","service":"api-d27bc23-binance-ETHBUSD","timestamp":"2022-02-26T05:23:28.712Z"}
{"assetPair":"ETHBUSD","data":{"price":"2791.98000000","symbol":"ETHBUSD"},"level":"info","message":"Latest price","service":"api-d27bc23-binance-ETHBUSD","timestamp":"2022-02-26T05:26:28.738Z"}
{"assetPair":"ETHBUSD","data":{"price":"2795.00000000","symbol":"ETHBUSD"},"level":"info","message":"Latest price","service":"api-d27bc23-binance-ETHBUSD","timestamp":"2022-02-26T05:29:28.780Z"}
{"assetPair":"ETHBUSD","data":{"price":"2793.26000000","symbol":"ETHBUSD"},"level":"info","message":"Latest price","service":"api-d27bc23-binance-ETHBUSD","timestamp":"2022-02-26T05:32:28.821Z"}
{"assetPair":"ETHBUSD","data":{"price":"2787.21000000","symbol":"ETHBUSD"},"level":"info","message":"Latest price","service":"api-d27bc23-binance-ETHBUSD","timestamp":"2022-02-26T05:35:28.867Z"}
{"assetPair":"ETHBUSD","data":{"price":"2784.76000000","symbol":"ETHBUSD"},"level":"info","message":"Latest price","service":"api-d27bc23-binance-ETHBUSD","timestamp":"2022-02-26T05:38:28.925Z"}
{"assetPair":"ETHBUSD","data":{"price":"2783.69000000","symbol":"ETHBUSD"},"level":"info","message":"Latest price","service":"api-d27bc23-binance-ETHBUSD","timestamp":"2022-02-26T05:41:28.959Z"}
{"assetPair":"ETHBUSD","data":{"price":"2776.78000000","symbol":"ETHBUSD"},"level":"info","message":"Latest price","service":"api-d27bc23-binance-ETHBUSD","timestamp":"2022-02-26T05:44:28.994Z"}
{"assetPair":"ETHBUSD","data":{"price":"2773.25000000","symbol":"ETHBUSD"},"level":"info","message":"Latest price","service":"api-d27bc23-binance-ETHBUSD","timestamp":"2022-02-26T05:47:29.030Z"}
{"assetPair":"ETHBUSD","data":{"price":"2783.96000000","symbol":"ETHBUSD"},"level":"info","message":"Latest price","service":"api-d27bc23-binance-ETHBUSD","timestamp":"2022-02-26T05:50:29.066Z"}
{"assetPair":"ETHBUSD","data":{"price":"2780.10000000","symbol":"ETHBUSD"},"level":"info","message":"Latest price","service":"api-d27bc23-binance-ETHBUSD","timestamp":"2022-02-26T05:53:29.100Z"}
{"assetPair":"ETHBUSD","data":{"price":"2776.85000000","symbol":"ETHBUSD"},"level":"info","message":"Latest price","service":"api-d27bc23-binance-ETHBUSD","timestamp":"2022-02-26T05:56:29.145Z"}
{"assetPair":"ETHBUSD","data":{"price":"2777.53000000","symbol":"ETHBUSD"},"level":"info","message":"Latest price","service":"api-d27bc23-binance-ETHBUSD","timestamp":"2022-02-26T05:59:29.176Z"}
{"assetPair":"ETHBUSD","data":{"price":"2781.56000000","symbol":"ETHBUSD"},"level":"info","message":"Latest price","service":"api-d27bc23-binance-ETHBUSD","timestamp":"2022-02-26T06:02:29.217Z"}
{"assetPair":"ETHBUSD","data":{"price":"2783.71000000","symbol":"ETHBUSD"},"level":"info","message":"Latest price","service":"api-d27bc23-binance-ETHBUSD","timestamp":"2022-02-26T06:05:29.255Z"}
{"assetPair":"ETHBUSD","data":{"price":"2783.76000000","symbol":"ETHBUSD"},"level":"info","message":"Latest price","service":"api-d27bc23-binance-ETHBUSD","timestamp":"2022-02-26T06:08:29.289Z"}
{"assetPair":"ETHBUSD","data":{"price":"2783.72000000","symbol":"ETHBUSD"},"level":"info","message":"Latest price","service":"api-d27bc23-binance-ETHBUSD","timestamp":"2022-02-26T06:11:29.358Z"}
{"assetPair":"ETHBUSD","data":{"price":"2782.23000000","symbol":"ETHBUSD"},"level":"info","message":"Latest price","service":"api-d27bc23-binance-ETHBUSD","timestamp":"2022-02-26T06:14:29.393Z"}
{"assetPair":"ETHBUSD","data":{"price":"2785.00000000","symbol":"ETHBUSD"},"level":"info","message":"Latest price","service":"api-d27bc23-binance-ETHBUSD","timestamp":"2022-02-26T06:17:29.448Z"}
{"assetPair":"ETHBUSD","data":{"price":"2778.01000000","symbol":"ETHBUSD"},"level":"info","message":"Latest price","service":"api-d27bc23-binance-ETHBUSD","timestamp":"2022-02-26T06:20:29.483Z"}
{"assetPair":"ETHBUSD","data":{"price":"2783.83000000","symbol":"ETHBUSD"},"level":"info","message":"Latest price","service":"api-d27bc23-binance-ETHBUSD","timestamp":"2022-02-26T06:23:29.554Z"}
{"assetPair":"ETHBUSD","data":{"price":"2790.43000000","symbol":"ETHBUSD"},"level":"info","message":"Latest price","service":"api-d27bc23-binance-ETHBUSD","timestamp":"2022-02-26T06:26:29.595Z"}
{"assetPair":"ETHBUSD","data":{"price":"2787.13000000","symbol":"ETHBUSD"},"level":"info","message":"Latest price","service":"api-d27bc23-binance-ETHBUSD","timestamp":"2022-02-26T06:29:29.637Z"}
{"assetPair":"ETHBUSD","data":{"price":"2785.78000000","symbol":"ETHBUSD"},"level":"info","message":"Latest price","service":"api-d27bc23-binance-ETHBUSD","timestamp":"2022-02-26T06:32:29.674Z"}
{"assetPair":"ETHBUSD","data":{"price":"2785.53000000","symbol":"ETHBUSD"},"level":"info","message":"Latest price","service":"api-d27bc23-binance-ETHBUSD","timestamp":"2022-02-26T06:35:29.711Z"}
{"assetPair":"ETHBUSD","data":{"price":"2785.13000000","symbol":"ETHBUSD"},"level":"info","message":"Latest price","service":"api-d27bc23-binance-ETHBUSD","timestamp":"2022-02-26T06:38:29.759Z"}
{"assetPair":"ETHBUSD","data":{"price":"2790.16000000","symbol":"ETHBUSD"},"level":"info","message":"Latest price","service":"api-d27bc23-binance-ETHBUSD","timestamp":"2022-02-26T06:41:29.796Z"}
{"assetPair":"ETHBUSD","data":{"price":"2790.74000000","symbol":"ETHBUSD"},"level":"info","message":"Latest price","service":"api-d27bc23-binance-ETHBUSD","timestamp":"2022-02-26T06:44:29.874Z"}
{"assetPair":"ETHBUSD","data":{"price":"2789.18000000","symbol":"ETHBUSD"},"level":"info","message":"Latest price","service":"api-d27bc23-binance-ETHBUSD","timestamp":"2022-02-26T06:47:29.916Z"}
{"assetPair":"ETHBUSD","data":{"price":"2789.06000000","symbol":"ETHBUSD"},"level":"info","message":"Latest price","service":"api-d27bc23-binance-ETHBUSD","timestamp":"2022-02-26T06:50:29.988Z"}
{"assetPair":"ETHBUSD","data":{"price":"2778.63000000","symbol":"ETHBUSD"},"level":"info","message":"Latest price","service":"api-d27bc23-binance-ETHBUSD","timestamp":"2022-02-26T06:53:30.048Z"}
{"assetPair":"ETHBUSD","data":{"price":"2780.28000000","symbol":"ETHBUSD"},"level":"info","message":"Latest price","service":"api-d27bc23-binance-ETHBUSD","timestamp":"2022-02-26T06:56:30.086Z"}
{"assetPair":"ETHBUSD","data":{"price":"2778.80000000","symbol":"ETHBUSD"},"level":"info","message":"Latest price","service":"api-d27bc23-binance-ETHBUSD","timestamp":"2022-02-26T06:59:30.119Z"}
{"assetPair":"ETHBUSD","data":{"price":"2781.51000000","symbol":"ETHBUSD"},"level":"info","message":"Latest price","service":"api-d27bc23-binance-ETHBUSD","timestamp":"2022-02-26T07:02:30.160Z"}
{"assetPair":"ETHBUSD","data":{"price":"2779.19000000","symbol":"ETHBUSD"},"level":"info","message":"Latest price","service":"api-d27bc23-binance-ETHBUSD","timestamp":"2022-02-26T07:05:30.205Z"}
{"assetPair":"ETHBUSD","data":{"price":"2776.06000000","symbol":"ETHBUSD"},"level":"info","message":"Latest price","service":"api-d27bc23-binance-ETHBUSD","timestamp":"2022-02-26T07:08:30.243Z"}
{"assetPair":"ETHBUSD","data":{"price":"2768.20000000","symbol":"ETHBUSD"},"level":"info","message":"Latest price","service":"api-d27bc23-binance-ETHBUSD","timestamp":"2022-02-26T07:11:30.284Z"}
{"assetPair":"ETHBUSD","data":{"price":"2762.96000000","symbol":"ETHBUSD"},"level":"info","message":"Latest price","service":"api-d27bc23-binance-ETHBUSD","timestamp":"2022-02-26T07:14:30.320Z"}
{"assetPair":"ETHBUSD","data":{"price":"2763.77000000","symbol":"ETHBUSD"},"level":"info","message":"Latest price","service":"api-d27bc23-binance-ETHBUSD","timestamp":"2022-02-26T07:17:30.361Z"}
{"assetPair":"ETHBUSD","data":{"price":"2772.83000000","symbol":"ETHBUSD"},"level":"info","message":"Latest price","service":"api-d27bc23-binance-ETHBUSD","timestamp":"2022-02-26T07:20:30.404Z"}
{"assetPair":"ETHBUSD","data":{"price":"2775.16000000","symbol":"ETHBUSD"},"level":"info","message":"Latest price","service":"api-d27bc23-binance-ETHBUSD","timestamp":"2022-02-26T07:23:30.437Z"}
{"assetPair":"ETHBUSD","data":{"price":"2780.36000000","symbol":"ETHBUSD"},"level":"info","message":"Latest price","service":"api-d27bc23-binance-ETHBUSD","timestamp":"2022-02-26T07:26:30.469Z"}
{"assetPair":"ETHBUSD","data":{"price":"2775.13000000","symbol":"ETHBUSD"},"level":"info","message":"Latest price","service":"api-d27bc23-binance-ETHBUSD","timestamp":"2022-02-26T07:29:30.509Z"}
{"assetPair":"ETHBUSD","data":{"price":"2778.46000000","symbol":"ETHBUSD"},"level":"info","message":"Latest price","service":"api-d27bc23-binance-ETHBUSD","timestamp":"2022-02-26T07:32:30.556Z"}
{"assetPair":"ETHBUSD","data":{"price":"2775.86000000","symbol":"ETHBUSD"},"level":"info","message":"Latest price","service":"api-d27bc23-binance-ETHBUSD","timestamp":"2022-02-26T07:35:30.611Z"}
{"assetPair":"ETHBUSD","data":{"price":"2779.64000000","symbol":"ETHBUSD"},"level":"info","message":"Latest price","service":"api-d27bc23-binance-ETHBUSD","timestamp":"2022-02-26T07:38:30.657Z"}
{"assetPair":"ETHBUSD","data":{"price":"2784.11000000","symbol":"ETHBUSD"},"level":"info","message":"Latest price","service":"api-d27bc23-binance-ETHBUSD","timestamp":"2022-02-26T07:41:30.702Z"}
{"assetPair":"ETHBUSD","data":{"price":"2783.85000000","symbol":"ETHBUSD"},"level":"info","message":"Latest price","service":"api-d27bc23-binance-ETHBUSD","timestamp":"2022-02-26T07:44:30.780Z"}
{"assetPair":"ETHBUSD","data":{"price":"2781.55000000","symbol":"ETHBUSD"},"level":"info","message":"Latest price","service":"api-d27bc23-binance-ETHBUSD","timestamp":"2022-02-26T07:47:30.810Z"}
{"assetPair":"ETHBUSD","data":{"price":"2783.60000000","symbol":"ETHBUSD"},"level":"info","message":"Latest price","service":"api-d27bc23-binance-ETHBUSD","timestamp":"2022-02-26T07:50:30.852Z"}
{"assetPair":"ETHBUSD","data":{"price":"2791.42000000","symbol":"ETHBUSD"},"level":"info","message":"Latest price","service":"api-d27bc23-binance-ETHBUSD","timestamp":"2022-02-26T07:53:30.887Z"}
{"assetPair":"ETHBUSD","data":{"price":"2785.80000000","symbol":"ETHBUSD"},"level":"info","message":"Latest price","service":"api-d27bc23-binance-ETHBUSD","timestamp":"2022-02-26T07:56:30.929Z"}
{"assetPair":"ETHBUSD","data":{"price":"2789.70000000","symbol":"ETHBUSD"},"level":"info","message":"Latest price","service":"api-d27bc23-binance-ETHBUSD","timestamp":"2022-02-26T07:59:30.957Z"}
{"assetPair":"ETHBUSD","data":{"price":"2788.00000000","symbol":"ETHBUSD"},"level":"info","message":"Latest price","service":"api-d27bc23-binance-ETHBUSD","timestamp":"2022-02-26T08:02:30.993Z"}
{"assetPair":"ETHBUSD","data":{"price":"2786.62000000","symbol":"ETHBUSD"},"level":"info","message":"Latest price","service":"api-d27bc23-binance-ETHBUSD","timestamp":"2022-02-26T08:05:31.036Z"}
{"assetPair":"ETHBUSD","data":{"price":"2789.41000000","symbol":"ETHBUSD"},"level":"info","message":"Latest price","service":"api-d27bc23-binance-ETHBUSD","timestamp":"2022-02-26T08:08:31.078Z"}
{"assetPair":"ETHBUSD","data":{"price":"2787.35000000","symbol":"ETHBUSD"},"level":"info","message":"Latest price","service":"api-d27bc23-binance-ETHBUSD","timestamp":"2022-02-26T08:11:31.110Z"}
{"assetPair":"ETHBUSD","data":{"price":"2793.05000000","symbol":"ETHBUSD"},"level":"info","message":"Latest price","service":"api-d27bc23-binance-ETHBUSD","timestamp":"2022-02-26T08:14:31.168Z"}
{"assetPair":"ETHBUSD","data":{"price":"2793.80000000","symbol":"ETHBUSD"},"level":"info","message":"Latest price","service":"api-d27bc23-binance-ETHBUSD","timestamp":"2022-02-26T08:17:31.198Z"}
{"assetPair":"ETHBUSD","data":{"price":"2805.80000000","symbol":"ETHBUSD"},"level":"info","message":"Latest price","service":"api-d27bc23-binance-ETHBUSD","timestamp":"2022-02-26T08:20:31.229Z"}
{"assetPair":"ETHBUSD","data":{"price":"2806.28000000","symbol":"ETHBUSD"},"level":"info","message":"Latest price","service":"api-d27bc23-binance-ETHBUSD","timestamp":"2022-02-26T08:23:31.263Z"}
{"assetPair":"ETHBUSD","data":{"price":"2796.01000000","symbol":"ETHBUSD"},"level":"info","message":"Latest price","service":"api-d27bc23-binance-ETHBUSD","timestamp":"2022-02-26T08:26:31.307Z"}
{"assetPair":"ETHBUSD","data":{"price":"2799.23000000","symbol":"ETHBUSD"},"level":"info","message":"Latest price","service":"api-d27bc23-binance-ETHBUSD","timestamp":"2022-02-26T08:29:31.354Z"}
{"assetPair":"ETHBUSD","data":{"price":"2798.28000000","symbol":"ETHBUSD"},"level":"info","message":"Latest price","service":"api-d27bc23-binance-ETHBUSD","timestamp":"2022-02-26T08:32:31.393Z"}
{"assetPair":"ETHBUSD","data":{"price":"2796.20000000","symbol":"ETHBUSD"},"level":"info","message":"Latest price","service":"api-d27bc23-binance-ETHBUSD","timestamp":"2022-02-26T08:35:31.426Z"}
{"assetPair":"ETHBUSD","data":{"price":"2792.47000000","symbol":"ETHBUSD"},"level":"info","message":"Latest price","service":"api-d27bc23-binance-ETHBUSD","timestamp":"2022-02-26T08:38:31.484Z"}
{"assetPair":"ETHBUSD","data":{"price":"2778.17000000","symbol":"ETHBUSD"},"level":"info","message":"Latest price","service":"api-d27bc23-binance-ETHBUSD","timestamp":"2022-02-26T08:41:31.522Z"}
{"assetPair":"ETHBUSD","data":{"price":"2777.06000000","symbol":"ETHBUSD"},"level":"info","message":"Latest price","service":"api-d27bc23-binance-ETHBUSD","timestamp":"2022-02-26T08:44:31.596Z"}
{"assetPair":"ETHBUSD","data":{"price":"2759.14000000","symbol":"ETHBUSD"},"level":"info","message":"Latest price","service":"api-d27bc23-binance-ETHBUSD","timestamp":"2022-02-26T08:47:31.639Z"}
{"assetPair":"ETHBUSD","data":{"price":"2759.47000000","symbol":"ETHBUSD"},"level":"info","message":"Latest price","service":"api-d27bc23-binance-ETHBUSD","timestamp":"2022-02-26T08:50:31.674Z"}
{"assetPair":"ETHBUSD","data":{"price":"2756.85000000","symbol":"ETHBUSD"},"level":"info","message":"Latest price","service":"api-d27bc23-binance-ETHBUSD","timestamp":"2022-02-26T08:53:31.758Z"}
{"assetPair":"ETHBUSD","data":{"price":"2754.01000000","symbol":"ETHBUSD"},"level":"info","message":"Latest price","service":"api-d27bc23-binance-ETHBUSD","timestamp":"2022-02-26T08:56:31.797Z"}
{"assetPair":"ETHBUSD","data":{"price":"2755.16000000","symbol":"ETHBUSD"},"level":"info","message":"Latest price","service":"api-d27bc23-binance-ETHBUSD","timestamp":"2022-02-26T08:59:31.828Z"}
{"assetPair":"ETHBUSD","data":{"price":"2759.55000000","symbol":"ETHBUSD"},"level":"info","message":"Latest price","service":"api-d27bc23-binance-ETHBUSD","timestamp":"2022-02-26T09:02:31.860Z"}
{"assetPair":"ETHBUSD","data":{"price":"2760.72000000","symbol":"ETHBUSD"},"level":"info","message":"Latest price","service":"api-d27bc23-binance-ETHBUSD","timestamp":"2022-02-26T09:05:31.916Z"}
{"assetPair":"ETHBUSD","data":{"price":"2758.85000000","symbol":"ETHBUSD"},"level":"info","message":"Latest price","service":"api-d27bc23-binance-ETHBUSD","timestamp":"2022-02-26T09:08:31.963Z"}
{"assetPair":"ETHBUSD","data":{"price":"2757.32000000","symbol":"ETHBUSD"},"level":"info","message":"Latest price","service":"api-d27bc23-binance-ETHBUSD","timestamp":"2022-02-26T09:11:31.996Z"}
{"assetPair":"ETHBUSD","data":{"price":"2738.82000000","symbol":"ETHBUSD"},"level":"info","message":"Latest price","service":"api-d27bc23-binance-ETHBUSD","timestamp":"2022-02-26T09:14:32.033Z"}
{"assetPair":"ETHBUSD","data":{"price":"2746.19000000","symbol":"ETHBUSD"},"level":"info","message":"Latest price","service":"api-d27bc23-binance-ETHBUSD","timestamp":"2022-02-26T09:17:32.065Z"}
{"assetPair":"ETHBUSD","data":{"price":"2752.06000000","symbol":"ETHBUSD"},"level":"info","message":"Latest price","service":"api-d27bc23-binance-ETHBUSD","timestamp":"2022-02-26T09:20:32.103Z"}
{"assetPair":"ETHBUSD","data":{"price":"2756.02000000","symbol":"ETHBUSD"},"level":"info","message":"Latest price","service":"api-d27bc23-binance-ETHBUSD","timestamp":"2022-02-26T09:23:32.137Z"}
{"assetPair":"ETHBUSD","data":{"price":"2758.27000000","symbol":"ETHBUSD"},"level":"info","message":"Latest price","service":"api-d27bc23-binance-ETHBUSD","timestamp":"2022-02-26T09:26:32.184Z"}
{"assetPair":"ETHBUSD","data":{"price":"2757.40000000","symbol":"ETHBUSD"},"level":"info","message":"Latest price","service":"api-d27bc23-binance-ETHBUSD","timestamp":"2022-02-26T09:29:32.257Z"}
{"assetPair":"ETHBUSD","data":{"price":"2760.31000000","symbol":"ETHBUSD"},"level":"info","message":"Latest price","service":"api-d27bc23-binance-ETHBUSD","timestamp":"2022-02-26T09:32:32.303Z"}
{"assetPair":"ETHBUSD","data":{"price":"2754.94000000","symbol":"ETHBUSD"},"level":"info","message":"Latest price","service":"api-d27bc23-binance-ETHBUSD","timestamp":"2022-02-26T09:35:32.399Z"}
{"assetPair":"ETHBUSD","data":{"price":"2758.19000000","symbol":"ETHBUSD"},"level":"info","message":"Latest price","service":"api-d27bc23-binance-ETHBUSD","timestamp":"2022-02-26T09:38:32.436Z"}
{"assetPair":"ETHBUSD","data":{"price":"2758.64000000","symbol":"ETHBUSD"},"level":"info","message":"Latest price","service":"api-d27bc23-binance-ETHBUSD","timestamp":"2022-02-26T09:41:32.508Z"}
{"assetPair":"ETHBUSD","data":{"price":"2759.70000000","symbol":"ETHBUSD"},"level":"info","message":"Latest price","service":"api-d27bc23-binance-ETHBUSD","timestamp":"2022-02-26T09:44:32.544Z"}
{"assetPair":"ETHBUSD","data":{"price":"2755.99000000","symbol":"ETHBUSD"},"level":"info","message":"Latest price","service":"api-d27bc23-binance-ETHBUSD","timestamp":"2022-02-26T09:47:32.582Z"}
{"assetPair":"ETHBUSD","data":{"price":"2753.75000000","symbol":"ETHBUSD"},"level":"info","message":"Latest price","service":"api-d27bc23-binance-ETHBUSD","timestamp":"2022-02-26T09:50:32.654Z"}
{"assetPair":"ETHBUSD","data":{"price":"2755.51000000","symbol":"ETHBUSD"},"level":"info","message":"Latest price","service":"api-d27bc23-binance-ETHBUSD","timestamp":"2022-02-26T09:53:32.692Z"}
{"assetPair":"ETHBUSD","data":{"price":"2749.29000000","symbol":"ETHBUSD"},"level":"info","message":"Latest price","service":"api-d27bc23-binance-ETHBUSD","timestamp":"2022-02-26T09:56:32.727Z"}
{"assetPair":"ETHBUSD","data":{"price":"2749.20000000","symbol":"ETHBUSD"},"level":"info","message":"Latest price","service":"api-d27bc23-binance-ETHBUSD","timestamp":"2022-02-26T09:59:32.764Z"}
{"assetPair":"ETHBUSD","data":{"price":"2750.43000000","symbol":"ETHBUSD"},"level":"info","message":"Latest price","service":"api-d27bc23-binance-ETHBUSD","timestamp":"2022-02-26T10:02:32.800Z"}
{"assetPair":"ETHBUSD","data":{"price":"2753.95000000","symbol":"ETHBUSD"},"level":"info","message":"Latest price","service":"api-d27bc23-binance-ETHBUSD","timestamp":"2022-02-26T10:05:32.895Z"}
{"assetPair":"ETHBUSD","data":{"price":"2753.04000000","symbol":"ETHBUSD"},"level":"info","message":"Latest price","service":"api-d27bc23-binance-ETHBUSD","timestamp":"2022-02-26T10:08:32.955Z"}
{"assetPair":"ETHBUSD","data":{"price":"2752.63000000","symbol":"ETHBUSD"},"level":"info","message":"Latest price","service":"api-d27bc23-binance-ETHBUSD","timestamp":"2022-02-26T10:11:33.014Z"}
{"assetPair":"ETHBUSD","data":{"price":"2754.01000000","symbol":"ETHBUSD"},"level":"info","message":"Latest price","service":"api-d27bc23-binance-ETHBUSD","timestamp":"2022-02-26T10:14:33.051Z"}
{"assetPair":"ETHBUSD","data":{"price":"2753.05000000","symbol":"ETHBUSD"},"level":"info","message":"Latest price","service":"api-d27bc23-binance-ETHBUSD","timestamp":"2022-02-26T10:17:33.089Z"}
{"assetPair":"ETHBUSD","data":{"price":"2760.39000000","symbol":"ETHBUSD"},"level":"info","message":"Latest price","service":"api-d27bc23-binance-ETHBUSD","timestamp":"2022-02-26T10:20:33.130Z"}
{"assetPair":"ETHBUSD","data":{"price":"2759.29000000","symbol":"ETHBUSD"},"level":"info","message":"Latest price","service":"api-d27bc23-binance-ETHBUSD","timestamp":"2022-02-26T10:23:33.165Z"}
{"assetPair":"ETHBUSD","data":{"price":"2756.53000000","symbol":"ETHBUSD"},"level":"info","message":"Latest price","service":"api-d27bc23-binance-ETHBUSD","timestamp":"2022-02-26T10:26:33.203Z"}
{"assetPair":"ETHBUSD","data":{"price":"2757.63000000","symbol":"ETHBUSD"},"level":"info","message":"Latest price","service":"api-d27bc23-binance-ETHBUSD","timestamp":"2022-02-26T10:29:33.234Z"}
{"assetPair":"ETHBUSD","data":{"price":"2759.33000000","symbol":"ETHBUSD"},"level":"info","message":"Latest price","service":"api-d27bc23-binance-ETHBUSD","timestamp":"2022-02-26T10:32:33.277Z"}
{"assetPair":"ETHBUSD","data":{"price":"2758.31000000","symbol":"ETHBUSD"},"level":"info","message":"Latest price","service":"api-d27bc23-binance-ETHBUSD","timestamp":"2022-02-26T10:35:33.320Z"}
{"assetPair":"ETHBUSD","data":{"price":"2757.24000000","symbol":"ETHBUSD"},"level":"info","message":"Latest price","service":"api-d27bc23-binance-ETHBUSD","timestamp":"2022-02-26T10:38:33.407Z"}
{"assetPair":"ETHBUSD","data":{"price":"2754.94000000","symbol":"ETHBUSD"},"level":"info","message":"Latest price","service":"api-d27bc23-binance-ETHBUSD","timestamp":"2022-02-26T10:41:33.466Z"}
{"assetPair":"ETHBUSD","data":{"price":"2756.43000000","symbol":"ETHBUSD"},"level":"info","message":"Latest price","service":"api-d27bc23-binance-ETHBUSD","timestamp":"2022-02-26T10:44:33.505Z"}
{"assetPair":"ETHBUSD","data":{"price":"2758.74000000","symbol":"ETHBUSD"},"level":"info","message":"Latest price","service":"api-d27bc23-binance-ETHBUSD","timestamp":"2022-02-26T10:47:33.567Z"}
{"assetPair":"ETHBUSD","data":{"price":"2756.28000000","symbol":"ETHBUSD"},"level":"info","message":"Latest price","service":"api-d27bc23-binance-ETHBUSD","timestamp":"2022-02-26T10:50:33.650Z"}
{"assetPair":"ETHBUSD","data":{"price":"2772.69000000","symbol":"ETHBUSD"},"level":"info","message":"Latest price","service":"api-d27bc23-binance-ETHBUSD","timestamp":"2022-02-26T10:53:33.681Z"}
{"assetPair":"ETHBUSD","data":{"price":"2772.97000000","symbol":"ETHBUSD"},"level":"info","message":"Latest price","service":"api-d27bc23-binance-ETHBUSD","timestamp":"2022-02-26T10:56:33.729Z"}
{"assetPair":"ETHBUSD","data":{"price":"2770.92000000","symbol":"ETHBUSD"},"level":"info","message":"Latest price","service":"api-d27bc23-binance-ETHBUSD","timestamp":"2022-02-26T10:59:33.758Z"}
{"assetPair":"ETHBUSD","data":{"price":"2770.43000000","symbol":"ETHBUSD"},"level":"info","message":"Latest price","service":"api-d27bc23-binance-ETHBUSD","timestamp":"2022-02-26T11:02:33.797Z"}
{"assetPair":"ETHBUSD","data":{"price":"2763.00000000","symbol":"ETHBUSD"},"level":"info","message":"Latest price","service":"api-d27bc23-binance-ETHBUSD","timestamp":"2022-02-26T11:05:33.831Z"}
{"assetPair":"ETHBUSD","data":{"price":"2754.44000000","symbol":"ETHBUSD"},"level":"info","message":"Latest price","service":"api-d27bc23-binance-ETHBUSD","timestamp":"2022-02-26T11:08:33.895Z"}
{"assetPair":"ETHBUSD","data":{"price":"2749.36000000","symbol":"ETHBUSD"},"level":"info","message":"Latest price","service":"api-d27bc23-binance-ETHBUSD","timestamp":"2022-02-26T11:11:33.929Z"}
{"assetPair":"ETHBUSD","data":{"price":"2751.35000000","symbol":"ETHBUSD"},"level":"info","message":"Latest price","service":"api-d27bc23-binance-ETHBUSD","timestamp":"2022-02-26T11:14:33.968Z"}
{"assetPair":"ETHBUSD","data":{"price":"2747.63000000","symbol":"ETHBUSD"},"level":"info","message":"Latest price","service":"api-d27bc23-binance-ETHBUSD","timestamp":"2022-02-26T11:17:34.033Z"}
{"assetPair":"ETHBUSD","data":{"price":"2759.01000000","symbol":"ETHBUSD"},"level":"info","message":"Latest price","service":"api-d27bc23-binance-ETHBUSD","timestamp":"2022-02-26T11:20:34.070Z"}
{"assetPair":"ETHBUSD","data":{"price":"2756.29000000","symbol":"ETHBUSD"},"level":"info","message":"Latest price","service":"api-d27bc23-binance-ETHBUSD","timestamp":"2022-02-26T11:23:34.103Z"}
{"assetPair":"ETHBUSD","data":{"price":"2757.15000000","symbol":"ETHBUSD"},"level":"info","message":"Latest price","service":"api-d27bc23-binance-ETHBUSD","timestamp":"2022-02-26T11:26:34.134Z"}
{"assetPair":"ETHBUSD","data":{"price":"2758.06000000","symbol":"ETHBUSD"},"level":"info","message":"Latest price","service":"api-d27bc23-binance-ETHBUSD","timestamp":"2022-02-26T11:29:34.169Z"}
{"assetPair":"ETHBUSD","data":{"price":"2755.68000000","symbol":"ETHBUSD"},"level":"info","message":"Latest price","service":"api-d27bc23-binance-ETHBUSD","timestamp":"2022-02-26T11:32:34.209Z"}
{"assetPair":"ETHBUSD","data":{"price":"2754.27000000","symbol":"ETHBUSD"},"level":"info","message":"Latest price","service":"api-d27bc23-binance-ETHBUSD","timestamp":"2022-02-26T11:35:34.308Z"}
{"assetPair":"ETHBUSD","data":{"price":"2756.38000000","symbol":"ETHBUSD"},"level":"info","message":"Latest price","service":"api-d27bc23-binance-ETHBUSD","timestamp":"2022-02-26T11:38:34.355Z"}
{"assetPair":"ETHBUSD","data":{"price":"2759.46000000","symbol":"ETHBUSD"},"level":"info","message":"Latest price","service":"api-d27bc23-binance-ETHBUSD","timestamp":"2022-02-26T11:41:34.389Z"}
{"assetPair":"ETHBUSD","data":{"price":"2759.63000000","symbol":"ETHBUSD"},"level":"info","message":"Latest price","service":"api-d27bc23-binance-ETHBUSD","timestamp":"2022-02-26T11:44:34.435Z"}
{"assetPair":"ETHBUSD","data":{"price":"2767.50000000","symbol":"ETHBUSD"},"level":"info","message":"Latest price","service":"api-d27bc23-binance-ETHBUSD","timestamp":"2022-02-26T11:47:34.467Z"}
{"assetPair":"ETHBUSD","data":{"price":"2757.20000000","symbol":"ETHBUSD"},"level":"info","message":"Latest price","service":"api-d27bc23-binance-ETHBUSD","timestamp":"2022-02-26T11:50:34.506Z"}
{"assetPair":"ETHBUSD","data":{"price":"2755.27000000","symbol":"ETHBUSD"},"level":"info","message":"Latest price","service":"api-d27bc23-binance-ETHBUSD","timestamp":"2022-02-26T11:53:34.554Z"}
{"assetPair":"ETHBUSD","data":{"price":"2752.19000000","symbol":"ETHBUSD"},"level":"info","message":"Latest price","service":"api-d27bc23-binance-ETHBUSD","timestamp":"2022-02-26T11:56:34.587Z"}
{"assetPair":"ETHBUSD","data":{"price":"2754.30000000","symbol":"ETHBUSD"},"level":"info","message":"Latest price","service":"api-d27bc23-binance-ETHBUSD","timestamp":"2022-02-26T11:59:34.675Z"}
{"assetPair":"ETHBUSD","data":{"price":"2753.16000000","symbol":"ETHBUSD"},"level":"info","message":"Latest price","service":"api-d27bc23-binance-ETHBUSD","timestamp":"2022-02-26T12:02:34.739Z"}
{"assetPair":"ETHBUSD","data":{"price":"2746.99000000","symbol":"ETHBUSD"},"level":"info","message":"Latest price","service":"api-d27bc23-binance-ETHBUSD","timestamp":"2022-02-26T12:05:34.778Z"}
{"assetPair":"ETHBUSD","data":{"price":"2752.19000000","symbol":"ETHBUSD"},"level":"info","message":"Latest price","service":"api-d27bc23-binance-ETHBUSD","timestamp":"2022-02-26T12:08:34.839Z"}
{"assetPair":"ETHBUSD","data":{"price":"2752.00000000","symbol":"ETHBUSD"},"level":"info","message":"Latest price","service":"api-d27bc23-binance-ETHBUSD","timestamp":"2022-02-26T12:11:34.905Z"}
{"assetPair":"ETHBUSD","data":{"price":"2760.00000000","symbol":"ETHBUSD"},"level":"info","message":"Latest price","service":"api-d27bc23-binance-ETHBUSD","timestamp":"2022-02-26T12:14:34.935Z"}
{"assetPair":"ETHBUSD","data":{"price":"2755.96000000","symbol":"ETHBUSD"},"level":"info","message":"Latest price","service":"api-d27bc23-binance-ETHBUSD","timestamp":"2022-02-26T12:17:35.012Z"}
{"assetPair":"ETHBUSD","data":{"price":"2755.33000000","symbol":"ETHBUSD"},"level":"info","message":"Latest price","service":"api-d27bc23-binance-ETHBUSD","timestamp":"2022-02-26T12:20:35.094Z"}
{"assetPair":"ETHBUSD","data":{"price":"2750.68000000","symbol":"ETHBUSD"},"level":"info","message":"Latest price","service":"api-d27bc23-binance-ETHBUSD","timestamp":"2022-02-26T12:23:35.129Z"}
{"assetPair":"ETHBUSD","data":{"price":"2749.19000000","symbol":"ETHBUSD"},"level":"info","message":"Latest price","service":"api-d27bc23-binance-ETHBUSD","timestamp":"2022-02-26T12:26:35.197Z"}
{"assetPair":"ETHBUSD","data":{"price":"2745.45000000","symbol":"ETHBUSD"},"level":"info","message":"Latest price","service":"api-d27bc23-binance-ETHBUSD","timestamp":"2022-02-26T12:29:35.241Z"}
{"assetPair":"ETHBUSD","data":{"price":"2753.84000000","symbol":"ETHBUSD"},"level":"info","message":"Latest price","service":"api-d27bc23-binance-ETHBUSD","timestamp":"2022-02-26T12:32:35.275Z"}
{"assetPair":"ETHBUSD","data":{"price":"2751.59000000","symbol":"ETHBUSD"},"level":"info","message":"Latest price","service":"api-d27bc23-binance-ETHBUSD","timestamp":"2022-02-26T12:35:35.315Z"}
{"assetPair":"ETHBUSD","data":{"price":"2753.55000000","symbol":"ETHBUSD"},"level":"info","message":"Latest price","service":"api-d27bc23-binance-ETHBUSD","timestamp":"2022-02-26T12:38:35.357Z"}
{"assetPair":"ETHBUSD","data":{"price":"2754.44000000","symbol":"ETHBUSD"},"level":"info","message":"Latest price","service":"api-d27bc23-binance-ETHBUSD","timestamp":"2022-02-26T12:41:35.388Z"}
{"assetPair":"ETHBUSD","data":{"price":"2753.92000000","symbol":"ETHBUSD"},"level":"info","message":"Latest price","service":"api-d27bc23-binance-ETHBUSD","timestamp":"2022-02-26T12:44:35.467Z"}
{"assetPair":"ETHBUSD","data":{"price":"2752.49000000","symbol":"ETHBUSD"},"level":"info","message":"Latest price","service":"api-d27bc23-binance-ETHBUSD","timestamp":"2022-02-26T12:47:35.509Z"}
{"assetPair":"ETHBUSD","data":{"price":"2753.90000000","symbol":"ETHBUSD"},"level":"info","message":"Latest price","service":"api-d27bc23-binance-ETHBUSD","timestamp":"2022-02-26T12:50:35.552Z"}
{"assetPair":"ETHBUSD","data":{"price":"2758.89000000","symbol":"ETHBUSD"},"level":"info","message":"Latest price","service":"api-d27bc23-binance-ETHBUSD","timestamp":"2022-02-26T12:53:35.583Z"}
{"assetPair":"ETHBUSD","data":{"price":"2760.55000000","symbol":"ETHBUSD"},"level":"info","message":"Latest price","service":"api-d27bc23-binance-ETHBUSD","timestamp":"2022-02-26T12:56:35.625Z"}
{"assetPair":"ETHBUSD","data":{"price":"2761.57000000","symbol":"ETHBUSD"},"level":"info","message":"Latest price","service":"api-d27bc23-binance-ETHBUSD","timestamp":"2022-02-26T12:59:35.659Z"}
