{"assetPair":"ADABUSD","data":{"price":"0.99100000","symbol":"ADABUSD"},"level":"info","message":"Latest price","service":"api-c4eeb68-binance-ADABUSD","timestamp":"2022-02-19T14:50:09.677Z"}
{"assetPair":"ADABUSD","data":{"price":"0.99100000","symbol":"ADABUSD"},"level":"info","message":"Latest price","service":"api-c4eeb68-binance-ADABUSD","timestamp":"2022-02-19T14:50:09.728Z"}
{"assetPair":"ADABUSD","data":{"price":"0.98900000","symbol":"ADABUSD"},"level":"info","message":"Latest price","service":"api-c4eeb68-binance-ADABUSD","timestamp":"2022-02-19T14:53:09.885Z"}
{"assetPair":"ADABUSD","data":{"price":"0.99200000","symbol":"ADABUSD"},"level":"info","message":"Latest price","service":"api-c4eeb68-binance-ADABUSD","timestamp":"2022-02-19T14:56:10.021Z"}
{"assetPair":"ADABUSD","data":{"price":"0.99000000","symbol":"ADABUSD"},"level":"info","message":"Latest price","service":"api-c4eeb68-binance-ADABUSD","timestamp":"2022-02-19T14:59:10.154Z"}
{"assetPair":"ADABUSD","data":{"price":"0.98600000","symbol":"ADABUSD"},"level":"info","message":"Latest price","service":"api-c4eeb68-binance-ADABUSD","timestamp":"2022-02-19T15:02:10.281Z"}
{"assetPair":"ADABUSD","data":{"price":"0.99400000","symbol":"ADABUSD"},"level":"info","message":"Latest price","service":"api-c4eeb68-binance-ADABUSD","timestamp":"2022-02-19T15:40:25.095Z"}
{"assetPair":"ADABUSD","data":{"price":"0.99400000","symbol":"ADABUSD"},"level":"info","message":"Latest price","service":"api-c4eeb68-binance-ADABUSD","timestamp":"2022-02-19T15:43:25.158Z"}
{"assetPair":"ADABUSD","data":{"price":"0.99400000","symbol":"ADABUSD"},"level":"info","message":"Latest price","service":"api-c4eeb68-binance-ADABUSD","timestamp":"2022-02-19T15:46:25.297Z"}
{"assetPair":"ADABUSD","data":{"price":"0.99800000","symbol":"ADABUSD"},"level":"info","message":"Latest price","service":"api-c4eeb68-binance-ADABUSD","timestamp":"2022-02-19T15:59:35.093Z"}
{"balance":{"asset":"BUSD","free":"106.81934594","locked":"0.00000000"},"level":"info","message":"Binance balance","service":"api-c4eeb68-binance-ADABUSD","timestamp":"2022-02-19T15:59:35.128Z"}
{"buyAsset":"ADA","correctedPrice":"0.998","correctedQty":"24.7","level":"info","message":"Initiating BUY","price":"0.998","quantity":"24.79959919839679358717","service":"api-c4eeb68-binance-ADABUSD","timestamp":"2022-02-19T15:59:35.160Z","withAsset":"BUSD"}
{"data":{"clientOrderId":"6tDoKYFZrjpsfmqZ5RM6UH","cummulativeQuoteQty":"0.00000000","executedQty":"0.00000000","fills":[],"orderId":681797401,"orderListId":-1,"origQty":"24.70000000","price":"0.99800000","side":"BUY","status":"NEW","symbol":"ADABUSD","timeInForce":"GTC","transactTime":1645286375180,"type":"LIMIT"},"level":"info","message":"BUY success","service":"api-c4eeb68-binance-ADABUSD","timestamp":"2022-02-19T15:59:35.184Z"}
{"assetPair":"ADABUSD","data":{"price":"0.99800000","symbol":"ADABUSD"},"level":"info","message":"Latest price","service":"api-c4eeb68-binance-ADABUSD","timestamp":"2022-02-19T15:59:39.052Z"}
{"balance":{"asset":"BUSD","free":"82.16874594","locked":"24.65060000"},"level":"info","message":"Binance balance","service":"api-c4eeb68-binance-ADABUSD","timestamp":"2022-02-19T15:59:39.080Z"}
{"buyAsset":"ADA","correctedPrice":"0.998","correctedQty":"24.7","level":"info","message":"Initiating BUY","price":"0.998","quantity":"24.79959919839679358717","service":"api-c4eeb68-binance-ADABUSD","timestamp":"2022-02-19T15:59:39.100Z","withAsset":"BUSD"}
{"data":{"clientOrderId":"mPxHOeTCxG1gpHhrXwETnK","cummulativeQuoteQty":"0.00000000","executedQty":"0.00000000","fills":[],"orderId":681797413,"orderListId":-1,"origQty":"24.70000000","price":"0.99800000","side":"BUY","status":"NEW","symbol":"ADABUSD","timeInForce":"GTC","transactTime":1645286379120,"type":"LIMIT"},"level":"info","message":"BUY success","service":"api-c4eeb68-binance-ADABUSD","timestamp":"2022-02-19T15:59:39.125Z"}
{"level":"info","message":"Checking order status","origClientOrderId":"mPxHOeTCxG1gpHhrXwETnK","service":"api-c4eeb68-binance-ADABUSD","symbol":"ADABUSD","timestamp":"2022-02-19T16:02:39.251Z"}
{"data":{"clientOrderId":"mPxHOeTCxG1gpHhrXwETnK","cummulativeQuoteQty":"24.65060000","executedQty":"24.70000000","icebergQty":"0.00000000","isWorking":true,"orderId":681797413,"orderListId":-1,"origQty":"24.70000000","origQuoteOrderQty":"0.00000000","price":"0.99800000","side":"BUY","status":"FILLED","stopPrice":"0.00000000","symbol":"ADABUSD","time":1645286379120,"timeInForce":"GTC","type":"LIMIT","updateTime":1645286390497},"level":"info","message":"Order status","service":"api-c4eeb68-binance-ADABUSD","timestamp":"2022-02-19T16:02:39.315Z"}
{"assetPair":"ADABUSD","data":{"price":"0.99700000","symbol":"ADABUSD"},"level":"info","message":"Latest price","service":"api-c4eeb68-binance-ADABUSD","timestamp":"2022-02-19T16:02:39.365Z"}
{"assetPair":"ADABUSD","data":{"price":"0.99800000","symbol":"ADABUSD"},"level":"info","message":"Latest price","service":"api-c4eeb68-binance-ADABUSD","timestamp":"2022-02-19T16:05:39.504Z"}
{"assetPair":"ADABUSD","data":{"price":"1.00100000","symbol":"ADABUSD"},"level":"info","message":"Latest price","service":"api-c4eeb68-binance-ADABUSD","timestamp":"2022-02-19T16:08:39.625Z"}
{"assetPair":"ADABUSD","data":{"price":"0.99100000","symbol":"ADABUSD"},"level":"info","message":"Latest price","service":"api-c4eeb68-binance-ADABUSD","timestamp":"2022-02-19T16:59:12.749Z"}
{"assetPair":"ADABUSD","data":{"price":"0.99100000","symbol":"ADABUSD"},"level":"info","message":"Latest price","service":"api-c4eeb68-binance-ADABUSD","timestamp":"2022-02-19T17:02:12.889Z"}
{"assetPair":"ADABUSD","data":{"price":"0.99300000","symbol":"ADABUSD"},"level":"info","message":"Latest price","service":"api-c4eeb68-binance-ADABUSD","timestamp":"2022-02-19T17:05:13.020Z"}
{"assetPair":"ADABUSD","data":{"price":"0.99400000","symbol":"ADABUSD"},"level":"info","message":"Latest price","service":"api-c4eeb68-binance-ADABUSD","timestamp":"2022-02-19T17:08:13.083Z"}
{"assetPair":"ADABUSD","data":{"price":"0.99600000","symbol":"ADABUSD"},"level":"info","message":"Latest price","service":"api-c4eeb68-binance-ADABUSD","timestamp":"2022-02-19T17:11:13.234Z"}
{"assetPair":"ADABUSD","data":{"price":"0.99500000","symbol":"ADABUSD"},"level":"info","message":"Latest price","service":"api-c4eeb68-binance-ADABUSD","timestamp":"2022-02-19T17:14:13.371Z"}
{"assetPair":"ADABUSD","data":{"price":"0.99400000","symbol":"ADABUSD"},"level":"info","message":"Latest price","service":"api-c4eeb68-binance-ADABUSD","timestamp":"2022-02-19T17:17:13.484Z"}
{"assetPair":"ADABUSD","data":{"price":"0.99400000","symbol":"ADABUSD"},"level":"info","message":"Latest price","service":"api-c4eeb68-binance-ADABUSD","timestamp":"2022-02-19T17:20:13.624Z"}
{"assetPair":"ADABUSD","data":{"price":"0.99400000","symbol":"ADABUSD"},"level":"info","message":"Latest price","service":"api-c4eeb68-binance-ADABUSD","timestamp":"2022-02-19T17:23:13.802Z"}
{"assetPair":"ADABUSD","data":{"price":"0.99100000","symbol":"ADABUSD"},"level":"info","message":"Latest price","service":"api-c4eeb68-binance-ADABUSD","timestamp":"2022-02-19T17:26:13.957Z"}
{"assetPair":"ADABUSD","data":{"price":"0.99200000","symbol":"ADABUSD"},"level":"info","message":"Latest price","service":"api-c4eeb68-binance-ADABUSD","timestamp":"2022-02-19T17:29:14.056Z"}
{"assetPair":"ADABUSD","data":{"price":"0.99300000","symbol":"ADABUSD"},"level":"info","message":"Latest price","service":"api-c4eeb68-binance-ADABUSD","timestamp":"2022-02-19T17:32:14.217Z"}
{"assetPair":"ADABUSD","data":{"price":"0.99500000","symbol":"ADABUSD"},"level":"info","message":"Latest price","service":"api-c4eeb68-binance-ADABUSD","timestamp":"2022-02-19T17:35:14.293Z"}
{"assetPair":"ADABUSD","data":{"price":"0.99700000","symbol":"ADABUSD"},"level":"info","message":"Latest price","service":"api-c4eeb68-binance-ADABUSD","timestamp":"2022-02-19T17:38:14.426Z"}
{"assetPair":"ADABUSD","data":{"price":"0.99600000","symbol":"ADABUSD"},"level":"info","message":"Latest price","service":"api-c4eeb68-binance-ADABUSD","timestamp":"2022-02-19T17:41:14.520Z"}
{"assetPair":"ADABUSD","data":{"price":"0.99600000","symbol":"ADABUSD"},"level":"info","message":"Latest price","service":"api-c4eeb68-binance-ADABUSD","timestamp":"2022-02-19T17:44:14.592Z"}
{"assetPair":"ADABUSD","data":{"price":"0.99700000","symbol":"ADABUSD"},"level":"info","message":"Latest price","service":"api-c4eeb68-binance-ADABUSD","timestamp":"2022-02-19T17:47:14.758Z"}
{"assetPair":"ADABUSD","data":{"price":"0.99600000","symbol":"ADABUSD"},"level":"info","message":"Latest price","service":"api-c4eeb68-binance-ADABUSD","timestamp":"2022-02-19T17:50:14.897Z"}
{"assetPair":"ADABUSD","data":{"price":"0.99700000","symbol":"ADABUSD"},"level":"info","message":"Latest price","service":"api-c4eeb68-binance-ADABUSD","timestamp":"2022-02-19T17:53:14.947Z"}
{"assetPair":"ADABUSD","data":{"price":"0.99900000","symbol":"ADABUSD"},"level":"info","message":"Latest price","service":"api-c4eeb68-binance-ADABUSD","timestamp":"2022-02-19T17:56:15.027Z"}
{"assetPair":"ADABUSD","data":{"price":"1.00000000","symbol":"ADABUSD"},"level":"info","message":"Latest price","service":"api-c4eeb68-binance-ADABUSD","timestamp":"2022-02-19T17:59:15.126Z"}
{"assetPair":"ADABUSD","data":{"price":"0.99800000","symbol":"ADABUSD"},"level":"info","message":"Latest price","service":"api-c4eeb68-binance-ADABUSD","timestamp":"2022-02-19T18:02:15.267Z"}
{"assetPair":"ADABUSD","data":{"price":"0.99900000","symbol":"ADABUSD"},"level":"info","message":"Latest price","service":"api-c4eeb68-binance-ADABUSD","timestamp":"2022-02-19T18:05:15.427Z"}
{"assetPair":"ADABUSD","data":{"price":"0.99800000","symbol":"ADABUSD"},"level":"info","message":"Latest price","service":"api-c4eeb68-binance-ADABUSD","timestamp":"2022-02-19T18:08:15.579Z"}
{"assetPair":"ADABUSD","data":{"price":"0.99900000","symbol":"ADABUSD"},"level":"info","message":"Latest price","service":"api-c4eeb68-binance-ADABUSD","timestamp":"2022-02-19T18:11:15.721Z"}
{"assetPair":"ADABUSD","data":{"price":"0.99600000","symbol":"ADABUSD"},"level":"info","message":"Latest price","service":"api-c4eeb68-binance-ADABUSD","timestamp":"2022-02-19T18:14:15.859Z"}
{"assetPair":"ADABUSD","data":{"price":"0.99600000","symbol":"ADABUSD"},"level":"info","message":"Latest price","service":"api-c4eeb68-binance-ADABUSD","timestamp":"2022-02-19T18:17:16.006Z"}
{"assetPair":"ADABUSD","data":{"price":"0.99800000","symbol":"ADABUSD"},"level":"info","message":"Latest price","service":"api-c4eeb68-binance-ADABUSD","timestamp":"2022-02-19T18:20:16.141Z"}
{"assetPair":"ADABUSD","data":{"price":"0.99600000","symbol":"ADABUSD"},"level":"info","message":"Latest price","service":"api-c4eeb68-binance-ADABUSD","timestamp":"2022-02-19T18:23:16.305Z"}
{"assetPair":"ADABUSD","data":{"price":"0.99400000","symbol":"ADABUSD"},"level":"info","message":"Latest price","service":"api-c4eeb68-binance-ADABUSD","timestamp":"2022-02-19T18:26:16.443Z"}
{"assetPair":"ADABUSD","data":{"price":"0.99300000","symbol":"ADABUSD"},"level":"info","message":"Latest price","service":"api-c4eeb68-binance-ADABUSD","timestamp":"2022-02-19T18:29:16.569Z"}
{"assetPair":"ADABUSD","data":{"price":"0.99200000","symbol":"ADABUSD"},"level":"info","message":"Latest price","service":"api-c4eeb68-binance-ADABUSD","timestamp":"2022-02-19T18:32:16.632Z"}
{"assetPair":"ADABUSD","data":{"price":"0.99100000","symbol":"ADABUSD"},"level":"info","message":"Latest price","service":"api-c4eeb68-binance-ADABUSD","timestamp":"2022-02-19T18:35:16.759Z"}
{"assetPair":"ADABUSD","data":{"price":"0.99200000","symbol":"ADABUSD"},"level":"info","message":"Latest price","service":"api-c4eeb68-binance-ADABUSD","timestamp":"2022-02-19T18:38:16.895Z"}
{"assetPair":"ADABUSD","data":{"price":"0.99200000","symbol":"ADABUSD"},"level":"info","message":"Latest price","service":"api-c4eeb68-binance-ADABUSD","timestamp":"2022-02-19T18:41:16.955Z"}
{"assetPair":"ADABUSD","data":{"price":"0.99100000","symbol":"ADABUSD"},"level":"info","message":"Latest price","service":"api-c4eeb68-binance-ADABUSD","timestamp":"2022-02-19T18:44:17.059Z"}
{"assetPair":"ADABUSD","data":{"price":"0.99200000","symbol":"ADABUSD"},"level":"info","message":"Latest price","service":"api-c4eeb68-binance-ADABUSD","timestamp":"2022-02-19T18:47:17.176Z"}
{"assetPair":"ADABUSD","data":{"price":"0.99100000","symbol":"ADABUSD"},"level":"info","message":"Latest price","service":"api-c4eeb68-binance-ADABUSD","timestamp":"2022-02-19T18:50:17.314Z"}
{"assetPair":"ADABUSD","data":{"price":"0.99400000","symbol":"ADABUSD"},"level":"info","message":"Latest price","service":"api-c4eeb68-binance-ADABUSD","timestamp":"2022-02-19T18:53:17.464Z"}
{"assetPair":"ADABUSD","data":{"price":"0.99100000","symbol":"ADABUSD"},"level":"info","message":"Latest price","service":"api-c4eeb68-binance-ADABUSD","timestamp":"2022-02-19T18:56:17.604Z"}
{"assetPair":"ADABUSD","data":{"price":"0.99100000","symbol":"ADABUSD"},"level":"info","message":"Latest price","service":"api-c4eeb68-binance-ADABUSD","timestamp":"2022-02-19T18:59:17.743Z"}
{"assetPair":"ADABUSD","data":{"price":"0.99100000","symbol":"ADABUSD"},"level":"info","message":"Latest price","service":"api-c4eeb68-binance-ADABUSD","timestamp":"2022-02-19T19:02:17.877Z"}
{"assetPair":"ADABUSD","data":{"price":"0.98900000","symbol":"ADABUSD"},"level":"info","message":"Latest price","service":"api-c4eeb68-binance-ADABUSD","timestamp":"2022-02-19T19:05:17.937Z"}
{"assetPair":"ADABUSD","data":{"price":"0.98800000","symbol":"ADABUSD"},"level":"info","message":"Latest price","service":"api-c4eeb68-binance-ADABUSD","timestamp":"2022-02-19T19:08:18.109Z"}
{"assetPair":"ADABUSD","data":{"price":"0.98700000","symbol":"ADABUSD"},"level":"info","message":"Latest price","service":"api-c4eeb68-binance-ADABUSD","timestamp":"2022-02-19T19:11:18.192Z"}
{"assetPair":"ADABUSD","data":{"price":"0.98700000","symbol":"ADABUSD"},"level":"info","message":"Latest price","service":"api-c4eeb68-binance-ADABUSD","timestamp":"2022-02-19T19:14:18.328Z"}
{"assetPair":"ADABUSD","data":{"price":"0.98900000","symbol":"ADABUSD"},"level":"info","message":"Latest price","service":"api-c4eeb68-binance-ADABUSD","timestamp":"2022-02-19T19:17:18.395Z"}
{"assetPair":"ADABUSD","data":{"price":"0.98800000","symbol":"ADABUSD"},"level":"info","message":"Latest price","service":"api-c4eeb68-binance-ADABUSD","timestamp":"2022-02-19T19:20:18.457Z"}
{"assetPair":"ADABUSD","data":{"price":"0.98700000","symbol":"ADABUSD"},"level":"info","message":"Latest price","service":"api-c4eeb68-binance-ADABUSD","timestamp":"2022-02-19T19:23:18.592Z"}
{"assetPair":"ADABUSD","data":{"price":"0.98800000","symbol":"ADABUSD"},"level":"info","message":"Latest price","service":"api-c4eeb68-binance-ADABUSD","timestamp":"2022-02-19T19:26:18.732Z"}
{"assetPair":"ADABUSD","data":{"price":"0.98900000","symbol":"ADABUSD"},"level":"info","message":"Latest price","service":"api-c4eeb68-binance-ADABUSD","timestamp":"2022-02-19T19:29:18.857Z"}
{"assetPair":"ADABUSD","data":{"price":"0.98900000","symbol":"ADABUSD"},"level":"info","message":"Latest price","service":"api-c4eeb68-binance-ADABUSD","timestamp":"2022-02-19T19:32:18.992Z"}
{"assetPair":"ADABUSD","data":{"price":"0.98800000","symbol":"ADABUSD"},"level":"info","message":"Latest price","service":"api-c4eeb68-binance-ADABUSD","timestamp":"2022-02-19T19:35:19.078Z"}
{"assetPair":"ADABUSD","data":{"price":"0.98800000","symbol":"ADABUSD"},"level":"info","message":"Latest price","service":"api-c4eeb68-binance-ADABUSD","timestamp":"2022-02-19T19:38:19.168Z"}
{"assetPair":"ADABUSD","data":{"price":"0.98800000","symbol":"ADABUSD"},"level":"info","message":"Latest price","service":"api-c4eeb68-binance-ADABUSD","timestamp":"2022-02-19T19:41:19.303Z"}
{"assetPair":"ADABUSD","data":{"price":"0.98800000","symbol":"ADABUSD"},"level":"info","message":"Latest price","service":"api-c4eeb68-binance-ADABUSD","timestamp":"2022-02-19T19:44:19.440Z"}
{"assetPair":"ADABUSD","data":{"price":"0.98800000","symbol":"ADABUSD"},"level":"info","message":"Latest price","service":"api-c4eeb68-binance-ADABUSD","timestamp":"2022-02-19T19:47:19.608Z"}
{"assetPair":"ADABUSD","data":{"price":"0.98400000","symbol":"ADABUSD"},"level":"info","message":"Latest price","service":"api-c4eeb68-binance-ADABUSD","timestamp":"2022-02-19T19:50:19.736Z"}
{"assetPair":"ADABUSD","data":{"price":"0.98400000","symbol":"ADABUSD"},"level":"info","message":"Latest price","service":"api-c4eeb68-binance-ADABUSD","timestamp":"2022-02-19T19:53:19.897Z"}
{"assetPair":"ADABUSD","data":{"price":"0.98400000","symbol":"ADABUSD"},"level":"info","message":"Latest price","service":"api-c4eeb68-binance-ADABUSD","timestamp":"2022-02-19T19:56:19.978Z"}
{"assetPair":"ADABUSD","data":{"price":"0.98400000","symbol":"ADABUSD"},"level":"info","message":"Latest price","service":"api-c4eeb68-binance-ADABUSD","timestamp":"2022-02-19T19:59:20.048Z"}
{"assetPair":"ADABUSD","data":{"price":"0.98400000","symbol":"ADABUSD"},"level":"info","message":"Latest price","service":"api-c4eeb68-binance-ADABUSD","timestamp":"2022-02-19T20:02:20.164Z"}
{"assetPair":"ADABUSD","data":{"price":"0.98600000","symbol":"ADABUSD"},"level":"info","message":"Latest price","service":"api-c4eeb68-binance-ADABUSD","timestamp":"2022-02-19T20:05:20.293Z"}
{"assetPair":"ADABUSD","data":{"price":"0.98600000","symbol":"ADABUSD"},"level":"info","message":"Latest price","service":"api-c4eeb68-binance-ADABUSD","timestamp":"2022-02-19T20:08:20.337Z"}
{"assetPair":"ADABUSD","data":{"price":"0.98800000","symbol":"ADABUSD"},"level":"info","message":"Latest price","service":"api-c4eeb68-binance-ADABUSD","timestamp":"2022-02-19T20:11:20.472Z"}
{"assetPair":"ADABUSD","data":{"price":"0.98700000","symbol":"ADABUSD"},"level":"info","message":"Latest price","service":"api-c4eeb68-binance-ADABUSD","timestamp":"2022-02-19T20:14:20.602Z"}
{"assetPair":"ADABUSD","data":{"price":"0.98800000","symbol":"ADABUSD"},"level":"info","message":"Latest price","service":"api-c4eeb68-binance-ADABUSD","timestamp":"2022-02-19T20:17:20.785Z"}
{"assetPair":"ADABUSD","data":{"price":"0.98800000","symbol":"ADABUSD"},"level":"info","message":"Latest price","service":"api-c4eeb68-binance-ADABUSD","timestamp":"2022-02-19T20:20:20.927Z"}
{"assetPair":"ADABUSD","data":{"price":"0.98800000","symbol":"ADABUSD"},"level":"info","message":"Latest price","service":"api-c4eeb68-binance-ADABUSD","timestamp":"2022-02-19T20:23:20.997Z"}
{"assetPair":"ADABUSD","data":{"price":"0.98800000","symbol":"ADABUSD"},"level":"info","message":"Latest price","service":"api-c4eeb68-binance-ADABUSD","timestamp":"2022-02-19T20:26:21.182Z"}
{"assetPair":"ADABUSD","data":{"price":"0.98800000","symbol":"ADABUSD"},"level":"info","message":"Latest price","service":"api-c4eeb68-binance-ADABUSD","timestamp":"2022-02-19T20:29:21.308Z"}
{"assetPair":"ADABUSD","data":{"price":"0.98600000","symbol":"ADABUSD"},"level":"info","message":"Latest price","service":"api-c4eeb68-binance-ADABUSD","timestamp":"2022-02-19T20:32:21.441Z"}
{"assetPair":"ADABUSD","data":{"price":"0.98800000","symbol":"ADABUSD"},"level":"info","message":"Latest price","service":"api-c4eeb68-binance-ADABUSD","timestamp":"2022-02-19T20:35:21.572Z"}
{"assetPair":"ADABUSD","data":{"price":"0.98800000","symbol":"ADABUSD"},"level":"info","message":"Latest price","service":"api-c4eeb68-binance-ADABUSD","timestamp":"2022-02-19T20:38:21.622Z"}
{"assetPair":"ADABUSD","data":{"price":"0.98800000","symbol":"ADABUSD"},"level":"info","message":"Latest price","service":"api-c4eeb68-binance-ADABUSD","timestamp":"2022-02-19T20:41:21.707Z"}
{"assetPair":"ADABUSD","data":{"price":"0.98800000","symbol":"ADABUSD"},"level":"info","message":"Latest price","service":"api-c4eeb68-binance-ADABUSD","timestamp":"2022-02-19T20:44:21.840Z"}
{"assetPair":"ADABUSD","data":{"price":"0.98800000","symbol":"ADABUSD"},"level":"info","message":"Latest price","service":"api-c4eeb68-binance-ADABUSD","timestamp":"2022-02-19T20:47:22.015Z"}
{"assetPair":"ADABUSD","data":{"price":"0.98900000","symbol":"ADABUSD"},"level":"info","message":"Latest price","service":"api-c4eeb68-binance-ADABUSD","timestamp":"2022-02-19T20:50:22.150Z"}
{"assetPair":"ADABUSD","data":{"price":"0.98900000","symbol":"ADABUSD"},"level":"info","message":"Latest price","service":"api-c4eeb68-binance-ADABUSD","timestamp":"2022-02-19T20:53:22.222Z"}
{"assetPair":"ADABUSD","data":{"price":"0.99000000","symbol":"ADABUSD"},"level":"info","message":"Latest price","service":"api-c4eeb68-binance-ADABUSD","timestamp":"2022-02-19T20:56:22.354Z"}
{"assetPair":"ADABUSD","data":{"price":"0.99100000","symbol":"ADABUSD"},"level":"info","message":"Latest price","service":"api-c4eeb68-binance-ADABUSD","timestamp":"2022-02-19T20:59:22.487Z"}
{"assetPair":"ADABUSD","data":{"price":"0.99000000","symbol":"ADABUSD"},"level":"info","message":"Latest price","service":"api-c4eeb68-binance-ADABUSD","timestamp":"2022-02-19T21:02:22.634Z"}
{"assetPair":"ADABUSD","data":{"price":"0.99000000","symbol":"ADABUSD"},"level":"info","message":"Latest price","service":"api-c4eeb68-binance-ADABUSD","timestamp":"2022-02-19T21:05:22.787Z"}
{"assetPair":"ADABUSD","data":{"price":"0.99100000","symbol":"ADABUSD"},"level":"info","message":"Latest price","service":"api-c4eeb68-binance-ADABUSD","timestamp":"2022-02-19T21:08:22.919Z"}
{"assetPair":"ADABUSD","data":{"price":"0.98900000","symbol":"ADABUSD"},"level":"info","message":"Latest price","service":"api-c4eeb68-binance-ADABUSD","timestamp":"2022-02-19T21:11:23.032Z"}
{"assetPair":"ADABUSD","data":{"price":"0.98900000","symbol":"ADABUSD"},"level":"info","message":"Latest price","service":"api-c4eeb68-binance-ADABUSD","timestamp":"2022-02-19T21:14:23.184Z"}
{"assetPair":"ADABUSD","data":{"price":"0.98600000","symbol":"ADABUSD"},"level":"info","message":"Latest price","service":"api-c4eeb68-binance-ADABUSD","timestamp":"2022-02-19T21:17:23.373Z"}
{"assetPair":"ADABUSD","data":{"price":"0.98700000","symbol":"ADABUSD"},"level":"info","message":"Latest price","service":"api-c4eeb68-binance-ADABUSD","timestamp":"2022-02-19T21:20:23.508Z"}
{"assetPair":"ADABUSD","data":{"price":"0.98700000","symbol":"ADABUSD"},"level":"info","message":"Latest price","service":"api-c4eeb68-binance-ADABUSD","timestamp":"2022-02-19T21:23:23.661Z"}
{"assetPair":"ADABUSD","data":{"price":"0.98600000","symbol":"ADABUSD"},"level":"info","message":"Latest price","service":"api-c4eeb68-binance-ADABUSD","timestamp":"2022-02-19T21:26:23.836Z"}
{"assetPair":"ADABUSD","data":{"price":"0.98800000","symbol":"ADABUSD"},"level":"info","message":"Latest price","service":"api-c4eeb68-binance-ADABUSD","timestamp":"2022-02-19T21:29:23.961Z"}
{"assetPair":"ADABUSD","data":{"price":"0.98900000","symbol":"ADABUSD"},"level":"info","message":"Latest price","service":"api-c4eeb68-binance-ADABUSD","timestamp":"2022-02-19T21:32:24.102Z"}
{"assetPair":"ADABUSD","data":{"price":"0.98800000","symbol":"ADABUSD"},"level":"info","message":"Latest price","service":"api-c4eeb68-binance-ADABUSD","timestamp":"2022-02-19T21:35:24.207Z"}
{"assetPair":"ADABUSD","data":{"price":"0.98800000","symbol":"ADABUSD"},"level":"info","message":"Latest price","service":"api-c4eeb68-binance-ADABUSD","timestamp":"2022-02-19T21:38:24.376Z"}
{"assetPair":"ADABUSD","data":{"price":"0.98800000","symbol":"ADABUSD"},"level":"info","message":"Latest price","service":"api-c4eeb68-binance-ADABUSD","timestamp":"2022-02-19T21:41:24.510Z"}
{"assetPair":"ADABUSD","data":{"price":"0.98900000","symbol":"ADABUSD"},"level":"info","message":"Latest price","service":"api-c4eeb68-binance-ADABUSD","timestamp":"2022-02-19T21:44:24.603Z"}
{"assetPair":"ADABUSD","data":{"price":"0.98900000","symbol":"ADABUSD"},"level":"info","message":"Latest price","service":"api-c4eeb68-binance-ADABUSD","timestamp":"2022-02-19T21:47:24.761Z"}
{"assetPair":"ADABUSD","data":{"price":"0.98800000","symbol":"ADABUSD"},"level":"info","message":"Latest price","service":"api-c4eeb68-binance-ADABUSD","timestamp":"2022-02-19T21:50:24.893Z"}
{"assetPair":"ADABUSD","data":{"price":"0.98800000","symbol":"ADABUSD"},"level":"info","message":"Latest price","service":"api-c4eeb68-binance-ADABUSD","timestamp":"2022-02-19T21:53:24.985Z"}
{"assetPair":"ADABUSD","data":{"price":"0.98800000","symbol":"ADABUSD"},"level":"info","message":"Latest price","service":"api-c4eeb68-binance-ADABUSD","timestamp":"2022-02-19T21:56:25.120Z"}
{"assetPair":"ADABUSD","data":{"price":"0.98800000","symbol":"ADABUSD"},"level":"info","message":"Latest price","service":"api-c4eeb68-binance-ADABUSD","timestamp":"2022-02-19T21:59:25.268Z"}
{"assetPair":"ADABUSD","data":{"price":"0.98900000","symbol":"ADABUSD"},"level":"info","message":"Latest price","service":"api-c4eeb68-binance-ADABUSD","timestamp":"2022-02-19T22:02:25.405Z"}
{"assetPair":"ADABUSD","data":{"price":"0.98800000","symbol":"ADABUSD"},"level":"info","message":"Latest price","service":"api-c4eeb68-binance-ADABUSD","timestamp":"2022-02-19T22:05:25.522Z"}
{"assetPair":"ADABUSD","data":{"price":"0.98900000","symbol":"ADABUSD"},"level":"info","message":"Latest price","service":"api-c4eeb68-binance-ADABUSD","timestamp":"2022-02-19T22:08:25.746Z"}
{"assetPair":"ADABUSD","data":{"price":"0.98800000","symbol":"ADABUSD"},"level":"info","message":"Latest price","service":"api-c4eeb68-binance-ADABUSD","timestamp":"2022-02-19T22:11:25.882Z"}
{"assetPair":"ADABUSD","data":{"price":"0.98900000","symbol":"ADABUSD"},"level":"info","message":"Latest price","service":"api-c4eeb68-binance-ADABUSD","timestamp":"2022-02-19T22:14:26.011Z"}
{"assetPair":"ADABUSD","data":{"price":"0.98900000","symbol":"ADABUSD"},"level":"info","message":"Latest price","service":"api-c4eeb68-binance-ADABUSD","timestamp":"2022-02-19T22:17:26.149Z"}
{"assetPair":"ADABUSD","data":{"price":"0.98700000","symbol":"ADABUSD"},"level":"info","message":"Latest price","service":"api-c4eeb68-binance-ADABUSD","timestamp":"2022-02-19T22:20:26.319Z"}
{"assetPair":"ADABUSD","data":{"price":"0.98700000","symbol":"ADABUSD"},"level":"info","message":"Latest price","service":"api-c4eeb68-binance-ADABUSD","timestamp":"2022-02-19T22:23:26.358Z"}
{"assetPair":"ADABUSD","data":{"price":"0.98800000","symbol":"ADABUSD"},"level":"info","message":"Latest price","service":"api-c4eeb68-binance-ADABUSD","timestamp":"2022-02-19T22:26:26.519Z"}
{"assetPair":"ADABUSD","data":{"price":"0.98900000","symbol":"ADABUSD"},"level":"info","message":"Latest price","service":"api-c4eeb68-binance-ADABUSD","timestamp":"2022-02-19T22:29:26.597Z"}
{"assetPair":"ADABUSD","data":{"price":"0.98900000","symbol":"ADABUSD"},"level":"info","message":"Latest price","service":"api-c4eeb68-binance-ADABUSD","timestamp":"2022-02-19T22:32:26.744Z"}
{"assetPair":"ADABUSD","data":{"price":"0.98900000","symbol":"ADABUSD"},"level":"info","message":"Latest price","service":"api-c4eeb68-binance-ADABUSD","timestamp":"2022-02-19T22:35:26.849Z"}
{"assetPair":"ADABUSD","data":{"price":"0.98900000","symbol":"ADABUSD"},"level":"info","message":"Latest price","service":"api-c4eeb68-binance-ADABUSD","timestamp":"2022-02-19T22:38:26.985Z"}
{"assetPair":"ADABUSD","data":{"price":"0.99100000","symbol":"ADABUSD"},"level":"info","message":"Latest price","service":"api-c4eeb68-binance-ADABUSD","timestamp":"2022-02-19T22:41:27.080Z"}
{"assetPair":"ADABUSD","data":{"price":"0.99300000","symbol":"ADABUSD"},"level":"info","message":"Latest price","service":"api-c4eeb68-binance-ADABUSD","timestamp":"2022-02-19T22:44:27.200Z"}
{"assetPair":"ADABUSD","data":{"price":"0.99600000","symbol":"ADABUSD"},"level":"info","message":"Latest price","service":"api-c4eeb68-binance-ADABUSD","timestamp":"2022-02-19T22:47:27.375Z"}
{"assetPair":"ADABUSD","data":{"price":"0.99500000","symbol":"ADABUSD"},"level":"info","message":"Latest price","service":"api-c4eeb68-binance-ADABUSD","timestamp":"2022-02-19T22:50:27.512Z"}
{"assetPair":"ADABUSD","data":{"price":"0.99500000","symbol":"ADABUSD"},"level":"info","message":"Latest price","service":"api-c4eeb68-binance-ADABUSD","timestamp":"2022-02-19T22:53:27.620Z"}
{"assetPair":"ADABUSD","data":{"price":"0.99500000","symbol":"ADABUSD"},"level":"info","message":"Latest price","service":"api-c4eeb68-binance-ADABUSD","timestamp":"2022-02-19T22:56:27.759Z"}
{"assetPair":"ADABUSD","data":{"price":"0.99500000","symbol":"ADABUSD"},"level":"info","message":"Latest price","service":"api-c4eeb68-binance-ADABUSD","timestamp":"2022-02-19T22:59:27.897Z"}
{"assetPair":"ADABUSD","data":{"price":"0.99400000","symbol":"ADABUSD"},"level":"info","message":"Latest price","service":"api-c4eeb68-binance-ADABUSD","timestamp":"2022-02-19T23:02:28.065Z"}
{"assetPair":"ADABUSD","data":{"price":"0.99300000","symbol":"ADABUSD"},"level":"info","message":"Latest price","service":"api-c4eeb68-binance-ADABUSD","timestamp":"2022-02-19T23:05:28.122Z"}
{"assetPair":"ADABUSD","data":{"price":"0.99500000","symbol":"ADABUSD"},"level":"info","message":"Latest price","service":"api-c4eeb68-binance-ADABUSD","timestamp":"2022-02-19T23:08:28.188Z"}
{"assetPair":"ADABUSD","data":{"price":"0.99600000","symbol":"ADABUSD"},"level":"info","message":"Latest price","service":"api-c4eeb68-binance-ADABUSD","timestamp":"2022-02-19T23:11:28.314Z"}
{"assetPair":"ADABUSD","data":{"price":"0.99700000","symbol":"ADABUSD"},"level":"info","message":"Latest price","service":"api-c4eeb68-binance-ADABUSD","timestamp":"2022-02-19T23:14:28.452Z"}
{"assetPair":"ADABUSD","data":{"price":"0.99800000","symbol":"ADABUSD"},"level":"info","message":"Latest price","service":"api-c4eeb68-binance-ADABUSD","timestamp":"2022-02-19T23:17:28.616Z"}
{"assetPair":"ADABUSD","data":{"price":"0.99800000","symbol":"ADABUSD"},"level":"info","message":"Latest price","service":"api-c4eeb68-binance-ADABUSD","timestamp":"2022-02-19T23:20:28.747Z"}
{"assetPair":"ADABUSD","data":{"price":"0.99700000","symbol":"ADABUSD"},"level":"info","message":"Latest price","service":"api-c4eeb68-binance-ADABUSD","timestamp":"2022-02-19T23:23:28.795Z"}
{"assetPair":"ADABUSD","data":{"price":"0.99700000","symbol":"ADABUSD"},"level":"info","message":"Latest price","service":"api-c4eeb68-binance-ADABUSD","timestamp":"2022-02-19T23:26:28.933Z"}
{"assetPair":"ADABUSD","data":{"price":"0.99700000","symbol":"ADABUSD"},"level":"info","message":"Latest price","service":"api-c4eeb68-binance-ADABUSD","timestamp":"2022-02-19T23:29:29.104Z"}
{"assetPair":"ADABUSD","data":{"price":"0.99700000","symbol":"ADABUSD"},"level":"info","message":"Latest price","service":"api-c4eeb68-binance-ADABUSD","timestamp":"2022-02-19T23:32:29.283Z"}
{"assetPair":"ADABUSD","data":{"price":"0.99800000","symbol":"ADABUSD"},"level":"info","message":"Latest price","service":"api-c4eeb68-binance-ADABUSD","timestamp":"2022-02-19T23:35:29.418Z"}
{"assetPair":"ADABUSD","data":{"price":"0.99700000","symbol":"ADABUSD"},"level":"info","message":"Latest price","service":"api-c4eeb68-binance-ADABUSD","timestamp":"2022-02-19T23:38:29.582Z"}
{"assetPair":"ADABUSD","data":{"price":"0.99900000","symbol":"ADABUSD"},"level":"info","message":"Latest price","service":"api-c4eeb68-binance-ADABUSD","timestamp":"2022-02-19T23:41:29.716Z"}
{"assetPair":"ADABUSD","data":{"price":"0.99900000","symbol":"ADABUSD"},"level":"info","message":"Latest price","service":"api-c4eeb68-binance-ADABUSD","timestamp":"2022-02-19T23:44:29.851Z"}
{"assetPair":"ADABUSD","data":{"price":"0.99900000","symbol":"ADABUSD"},"level":"info","message":"Latest price","service":"api-c4eeb68-binance-ADABUSD","timestamp":"2022-02-19T23:47:30.028Z"}
{"assetPair":"ADABUSD","data":{"price":"0.99700000","symbol":"ADABUSD"},"level":"info","message":"Latest price","service":"api-c4eeb68-binance-ADABUSD","timestamp":"2022-02-19T23:50:30.156Z"}
{"assetPair":"ADABUSD","data":{"price":"0.99900000","symbol":"ADABUSD"},"level":"info","message":"Latest price","service":"api-c4eeb68-binance-ADABUSD","timestamp":"2022-02-19T23:53:30.291Z"}
{"assetPair":"ADABUSD","data":{"price":"0.99800000","symbol":"ADABUSD"},"level":"info","message":"Latest price","service":"api-c4eeb68-binance-ADABUSD","timestamp":"2022-02-19T23:56:30.360Z"}
{"assetPair":"ADABUSD","data":{"price":"0.99800000","symbol":"ADABUSD"},"level":"info","message":"Latest price","service":"api-c4eeb68-binance-ADABUSD","timestamp":"2022-02-19T23:59:30.454Z"}
{"assetPair":"ADABUSD","data":{"price":"0.99800000","symbol":"ADABUSD"},"level":"info","message":"Latest price","service":"api-c4eeb68-binance-ADABUSD","timestamp":"2022-02-20T00:02:30.585Z"}
{"assetPair":"ADABUSD","data":{"price":"0.99500000","symbol":"ADABUSD"},"level":"info","message":"Latest price","service":"api-c4eeb68-binance-ADABUSD","timestamp":"2022-02-20T00:05:30.753Z"}
{"assetPair":"ADABUSD","data":{"price":"0.99600000","symbol":"ADABUSD"},"level":"info","message":"Latest price","service":"api-c4eeb68-binance-ADABUSD","timestamp":"2022-02-20T00:08:30.947Z"}
{"assetPair":"ADABUSD","data":{"price":"0.99500000","symbol":"ADABUSD"},"level":"info","message":"Latest price","service":"api-c4eeb68-binance-ADABUSD","timestamp":"2022-02-20T00:11:31.083Z"}
{"assetPair":"ADABUSD","data":{"price":"0.99500000","symbol":"ADABUSD"},"level":"info","message":"Latest price","service":"api-c4eeb68-binance-ADABUSD","timestamp":"2022-02-20T00:14:31.226Z"}
{"assetPair":"ADABUSD","data":{"price":"0.99600000","symbol":"ADABUSD"},"level":"info","message":"Latest price","service":"api-c4eeb68-binance-ADABUSD","timestamp":"2022-02-20T00:17:31.326Z"}
{"assetPair":"ADABUSD","data":{"price":"0.99500000","symbol":"ADABUSD"},"level":"info","message":"Latest price","service":"api-c4eeb68-binance-ADABUSD","timestamp":"2022-02-20T00:20:31.469Z"}
{"assetPair":"ADABUSD","data":{"price":"0.99400000","symbol":"ADABUSD"},"level":"info","message":"Latest price","service":"api-c4eeb68-binance-ADABUSD","timestamp":"2022-02-20T00:23:31.551Z"}
{"assetPair":"ADABUSD","data":{"price":"0.99300000","symbol":"ADABUSD"},"level":"info","message":"Latest price","service":"api-c4eeb68-binance-ADABUSD","timestamp":"2022-02-20T00:26:31.721Z"}
{"assetPair":"ADABUSD","data":{"price":"0.99200000","symbol":"ADABUSD"},"level":"info","message":"Latest price","service":"api-c4eeb68-binance-ADABUSD","timestamp":"2022-02-20T00:29:31.850Z"}
{"assetPair":"ADABUSD","data":{"price":"0.99300000","symbol":"ADABUSD"},"level":"info","message":"Latest price","service":"api-c4eeb68-binance-ADABUSD","timestamp":"2022-02-20T00:32:31.976Z"}
{"assetPair":"ADABUSD","data":{"price":"0.99200000","symbol":"ADABUSD"},"level":"info","message":"Latest price","service":"api-c4eeb68-binance-ADABUSD","timestamp":"2022-02-20T00:35:32.078Z"}
{"assetPair":"ADABUSD","data":{"price":"0.99100000","symbol":"ADABUSD"},"level":"info","message":"Latest price","service":"api-c4eeb68-binance-ADABUSD","timestamp":"2022-02-20T00:38:32.118Z"}
{"assetPair":"ADABUSD","data":{"price":"0.99000000","symbol":"ADABUSD"},"level":"info","message":"Latest price","service":"api-c4eeb68-binance-ADABUSD","timestamp":"2022-02-20T00:41:32.254Z"}
{"assetPair":"ADABUSD","data":{"price":"0.99300000","symbol":"ADABUSD"},"level":"info","message":"Latest price","service":"api-c4eeb68-binance-ADABUSD","timestamp":"2022-02-20T00:44:32.380Z"}
{"assetPair":"ADABUSD","data":{"price":"0.99300000","symbol":"ADABUSD"},"level":"info","message":"Latest price","service":"api-c4eeb68-binance-ADABUSD","timestamp":"2022-02-20T00:47:32.508Z"}
{"assetPair":"ADABUSD","data":{"price":"0.99400000","symbol":"ADABUSD"},"level":"info","message":"Latest price","service":"api-c4eeb68-binance-ADABUSD","timestamp":"2022-02-20T00:50:32.660Z"}
{"assetPair":"ADABUSD","data":{"price":"0.99300000","symbol":"ADABUSD"},"level":"info","message":"Latest price","service":"api-c4eeb68-binance-ADABUSD","timestamp":"2022-02-20T00:53:32.754Z"}
{"assetPair":"ADABUSD","data":{"price":"0.99600000","symbol":"ADABUSD"},"level":"info","message":"Latest price","service":"api-c4eeb68-binance-ADABUSD","timestamp":"2022-02-20T00:56:32.892Z"}
{"assetPair":"ADABUSD","data":{"price":"0.99300000","symbol":"ADABUSD"},"level":"info","message":"Latest price","service":"api-c4eeb68-binance-ADABUSD","timestamp":"2022-02-20T00:59:32.958Z"}
{"assetPair":"ADABUSD","data":{"price":"0.99400000","symbol":"ADABUSD"},"level":"info","message":"Latest price","service":"api-c4eeb68-binance-ADABUSD","timestamp":"2022-02-20T01:02:33.088Z"}
{"assetPair":"ADABUSD","data":{"price":"0.99200000","symbol":"ADABUSD"},"level":"info","message":"Latest price","service":"api-c4eeb68-binance-ADABUSD","timestamp":"2022-02-20T01:05:33.216Z"}
{"assetPair":"ADABUSD","data":{"price":"0.99100000","symbol":"ADABUSD"},"level":"info","message":"Latest price","service":"api-c4eeb68-binance-ADABUSD","timestamp":"2022-02-20T01:08:33.353Z"}
{"assetPair":"ADABUSD","data":{"price":"0.98900000","symbol":"ADABUSD"},"level":"info","message":"Latest price","service":"api-c4eeb68-binance-ADABUSD","timestamp":"2022-02-20T01:11:33.395Z"}
{"assetPair":"ADABUSD","data":{"price":"0.98900000","symbol":"ADABUSD"},"level":"info","message":"Latest price","service":"api-c4eeb68-binance-ADABUSD","timestamp":"2022-02-20T01:14:33.485Z"}
{"assetPair":"ADABUSD","data":{"price":"0.98900000","symbol":"ADABUSD"},"level":"info","message":"Latest price","service":"api-c4eeb68-binance-ADABUSD","timestamp":"2022-02-20T01:17:33.554Z"}
{"assetPair":"ADABUSD","data":{"price":"0.99000000","symbol":"ADABUSD"},"level":"info","message":"Latest price","service":"api-c4eeb68-binance-ADABUSD","timestamp":"2022-02-20T01:20:33.687Z"}
{"assetPair":"ADABUSD","data":{"price":"0.99100000","symbol":"ADABUSD"},"level":"info","message":"Latest price","service":"api-c4eeb68-binance-ADABUSD","timestamp":"2022-02-20T01:23:33.725Z"}
{"assetPair":"ADABUSD","data":{"price":"0.99300000","symbol":"ADABUSD"},"level":"info","message":"Latest price","service":"api-c4eeb68-binance-ADABUSD","timestamp":"2022-02-20T01:26:33.853Z"}
{"assetPair":"ADABUSD","data":{"price":"0.99200000","symbol":"ADABUSD"},"level":"info","message":"Latest price","service":"api-c4eeb68-binance-ADABUSD","timestamp":"2022-02-20T01:29:33.998Z"}
{"assetPair":"ADABUSD","data":{"price":"0.99300000","symbol":"ADABUSD"},"level":"info","message":"Latest price","service":"api-c4eeb68-binance-ADABUSD","timestamp":"2022-02-20T01:32:34.176Z"}
{"assetPair":"ADABUSD","data":{"price":"0.99300000","symbol":"ADABUSD"},"level":"info","message":"Latest price","service":"api-c4eeb68-binance-ADABUSD","timestamp":"2022-02-20T01:35:34.226Z"}
{"assetPair":"ADABUSD","data":{"price":"0.99300000","symbol":"ADABUSD"},"level":"info","message":"Latest price","service":"api-c4eeb68-binance-ADABUSD","timestamp":"2022-02-20T01:38:34.262Z"}
{"assetPair":"ADABUSD","data":{"price":"0.99200000","symbol":"ADABUSD"},"level":"info","message":"Latest price","service":"api-c4eeb68-binance-ADABUSD","timestamp":"2022-02-20T01:41:34.395Z"}
{"assetPair":"ADABUSD","data":{"price":"0.99400000","symbol":"ADABUSD"},"level":"info","message":"Latest price","service":"api-c4eeb68-binance-ADABUSD","timestamp":"2022-02-20T01:44:34.531Z"}
{"assetPair":"ADABUSD","data":{"price":"0.99500000","symbol":"ADABUSD"},"level":"info","message":"Latest price","service":"api-c4eeb68-binance-ADABUSD","timestamp":"2022-02-20T01:47:34.610Z"}
{"assetPair":"ADABUSD","data":{"price":"0.99500000","symbol":"ADABUSD"},"level":"info","message":"Latest price","service":"api-c4eeb68-binance-ADABUSD","timestamp":"2022-02-20T01:50:34.711Z"}
{"assetPair":"ADABUSD","data":{"price":"0.99500000","symbol":"ADABUSD"},"level":"info","message":"Latest price","service":"api-c4eeb68-binance-ADABUSD","timestamp":"2022-02-20T01:53:34.865Z"}
{"assetPair":"ADABUSD","data":{"price":"0.99500000","symbol":"ADABUSD"},"level":"info","message":"Latest price","service":"api-c4eeb68-binance-ADABUSD","timestamp":"2022-02-20T01:56:34.992Z"}
{"assetPair":"ADABUSD","data":{"price":"0.99300000","symbol":"ADABUSD"},"level":"info","message":"Latest price","service":"api-c4eeb68-binance-ADABUSD","timestamp":"2022-02-20T01:59:35.097Z"}
{"assetPair":"ADABUSD","data":{"price":"0.99300000","symbol":"ADABUSD"},"level":"info","message":"Latest price","service":"api-c4eeb68-binance-ADABUSD","timestamp":"2022-02-20T02:02:35.232Z"}
{"assetPair":"ADABUSD","data":{"price":"0.99300000","symbol":"ADABUSD"},"level":"info","message":"Latest price","service":"api-c4eeb68-binance-ADABUSD","timestamp":"2022-02-20T02:05:35.360Z"}
{"assetPair":"ADABUSD","data":{"price":"0.99200000","symbol":"ADABUSD"},"level":"info","message":"Latest price","service":"api-c4eeb68-binance-ADABUSD","timestamp":"2022-02-20T02:08:35.480Z"}
{"assetPair":"ADABUSD","data":{"price":"0.99300000","symbol":"ADABUSD"},"level":"info","message":"Latest price","service":"api-c4eeb68-binance-ADABUSD","timestamp":"2022-02-20T02:11:35.551Z"}
{"assetPair":"ADABUSD","data":{"price":"0.99100000","symbol":"ADABUSD"},"level":"info","message":"Latest price","service":"api-c4eeb68-binance-ADABUSD","timestamp":"2022-02-20T02:14:35.631Z"}
{"assetPair":"ADABUSD","data":{"price":"0.99200000","symbol":"ADABUSD"},"level":"info","message":"Latest price","service":"api-c4eeb68-binance-ADABUSD","timestamp":"2022-02-20T02:17:35.770Z"}
{"assetPair":"ADABUSD","data":{"price":"0.99300000","symbol":"ADABUSD"},"level":"info","message":"Latest price","service":"api-c4eeb68-binance-ADABUSD","timestamp":"2022-02-20T02:20:35.904Z"}
{"assetPair":"ADABUSD","data":{"price":"0.99200000","symbol":"ADABUSD"},"level":"info","message":"Latest price","service":"api-c4eeb68-binance-ADABUSD","timestamp":"2022-02-20T02:23:36.046Z"}
{"assetPair":"ADABUSD","data":{"price":"0.99300000","symbol":"ADABUSD"},"level":"info","message":"Latest price","service":"api-c4eeb68-binance-ADABUSD","timestamp":"2022-02-20T02:26:36.170Z"}
{"assetPair":"ADABUSD","data":{"price":"0.99200000","symbol":"ADABUSD"},"level":"info","message":"Latest price","service":"api-c4eeb68-binance-ADABUSD","timestamp":"2022-02-20T02:29:36.297Z"}
{"assetPair":"ADABUSD","data":{"price":"0.99000000","symbol":"ADABUSD"},"level":"info","message":"Latest price","service":"api-c4eeb68-binance-ADABUSD","timestamp":"2022-02-20T02:32:36.424Z"}
{"assetPair":"ADABUSD","data":{"price":"0.99000000","symbol":"ADABUSD"},"level":"info","message":"Latest price","service":"api-c4eeb68-binance-ADABUSD","timestamp":"2022-02-20T02:35:36.552Z"}
{"assetPair":"ADABUSD","data":{"price":"0.99000000","symbol":"ADABUSD"},"level":"info","message":"Latest price","service":"api-c4eeb68-binance-ADABUSD","timestamp":"2022-02-20T02:38:36.631Z"}
{"assetPair":"ADABUSD","data":{"price":"0.98700000","symbol":"ADABUSD"},"level":"info","message":"Latest price","service":"api-c4eeb68-binance-ADABUSD","timestamp":"2022-02-20T02:41:36.761Z"}
{"assetPair":"ADABUSD","data":{"price":"0.98800000","symbol":"ADABUSD"},"level":"info","message":"Latest price","service":"api-c4eeb68-binance-ADABUSD","timestamp":"2022-02-20T02:44:36.846Z"}
{"assetPair":"ADABUSD","data":{"price":"0.98900000","symbol":"ADABUSD"},"level":"info","message":"Latest price","service":"api-c4eeb68-binance-ADABUSD","timestamp":"2022-02-20T02:47:36.976Z"}
{"assetPair":"ADABUSD","data":{"price":"0.98800000","symbol":"ADABUSD"},"level":"info","message":"Latest price","service":"api-c4eeb68-binance-ADABUSD","timestamp":"2022-02-20T02:50:37.103Z"}
{"assetPair":"ADABUSD","data":{"price":"0.98600000","symbol":"ADABUSD"},"level":"info","message":"Latest price","service":"api-c4eeb68-binance-ADABUSD","timestamp":"2022-02-20T02:53:37.233Z"}
{"assetPair":"ADABUSD","data":{"price":"0.98300000","symbol":"ADABUSD"},"level":"info","message":"Latest price","service":"api-c4eeb68-binance-ADABUSD","timestamp":"2022-02-20T02:56:37.344Z"}
{"assetPair":"ADABUSD","data":{"price":"0.98000000","symbol":"ADABUSD"},"level":"info","message":"Latest price","service":"api-c4eeb68-binance-ADABUSD","timestamp":"2022-02-20T02:59:37.483Z"}
{"assetPair":"ADABUSD","data":{"price":"0.98000000","symbol":"ADABUSD"},"level":"info","message":"Latest price","service":"api-c4eeb68-binance-ADABUSD","timestamp":"2022-02-20T03:02:37.553Z"}
{"assetPair":"ADABUSD","data":{"price":"0.98100000","symbol":"ADABUSD"},"level":"info","message":"Latest price","service":"api-c4eeb68-binance-ADABUSD","timestamp":"2022-02-20T03:05:37.695Z"}
{"assetPair":"ADABUSD","data":{"price":"0.97800000","symbol":"ADABUSD"},"level":"info","message":"Latest price","service":"api-c4eeb68-binance-ADABUSD","timestamp":"2022-02-20T03:08:37.822Z"}
{"assetPair":"ADABUSD","data":{"price":"0.97700000","symbol":"ADABUSD"},"level":"info","message":"Latest price","service":"api-c4eeb68-binance-ADABUSD","timestamp":"2022-02-20T03:11:37.937Z"}
{"assetPair":"ADABUSD","data":{"price":"0.97900000","symbol":"ADABUSD"},"level":"info","message":"Latest price","service":"api-c4eeb68-binance-ADABUSD","timestamp":"2022-02-20T03:14:38.047Z"}
{"assetPair":"ADABUSD","data":{"price":"0.97800000","symbol":"ADABUSD"},"level":"info","message":"Latest price","service":"api-c4eeb68-binance-ADABUSD","timestamp":"2022-02-20T03:17:38.181Z"}
{"assetPair":"ADABUSD","data":{"price":"0.97900000","symbol":"ADABUSD"},"level":"info","message":"Latest price","service":"api-c4eeb68-binance-ADABUSD","timestamp":"2022-02-20T03:20:38.336Z"}
{"assetPair":"ADABUSD","data":{"price":"0.97600000","symbol":"ADABUSD"},"level":"info","message":"Latest price","service":"api-c4eeb68-binance-ADABUSD","timestamp":"2022-02-20T03:23:38.464Z"}
{"assetPair":"ADABUSD","data":{"price":"0.97600000","symbol":"ADABUSD"},"level":"info","message":"Latest price","service":"api-c4eeb68-binance-ADABUSD","timestamp":"2022-02-20T03:26:38.548Z"}
{"assetPair":"ADABUSD","data":{"price":"0.97600000","symbol":"ADABUSD"},"level":"info","message":"Latest price","service":"api-c4eeb68-binance-ADABUSD","timestamp":"2022-02-20T03:29:38.617Z"}
{"assetPair":"ADABUSD","data":{"price":"0.97700000","symbol":"ADABUSD"},"level":"info","message":"Latest price","service":"api-c4eeb68-binance-ADABUSD","timestamp":"2022-02-20T03:32:38.733Z"}
{"assetPair":"ADABUSD","data":{"price":"0.97400000","symbol":"ADABUSD"},"level":"info","message":"Latest price","service":"api-c4eeb68-binance-ADABUSD","timestamp":"2022-02-20T03:35:38.841Z"}
{"assetPair":"ADABUSD","data":{"price":"0.97500000","symbol":"ADABUSD"},"level":"info","message":"Latest price","service":"api-c4eeb68-binance-ADABUSD","timestamp":"2022-02-20T03:38:38.974Z"}
{"assetPair":"ADABUSD","data":{"price":"0.97500000","symbol":"ADABUSD"},"level":"info","message":"Latest price","service":"api-c4eeb68-binance-ADABUSD","timestamp":"2022-02-20T03:41:39.105Z"}
{"assetPair":"ADABUSD","data":{"price":"0.97200000","symbol":"ADABUSD"},"level":"info","message":"Latest price","service":"api-c4eeb68-binance-ADABUSD","timestamp":"2022-02-20T03:44:39.230Z"}
{"assetPair":"ADABUSD","data":{"price":"0.97300000","symbol":"ADABUSD"},"level":"info","message":"Latest price","service":"api-c4eeb68-binance-ADABUSD","timestamp":"2022-02-20T03:47:39.285Z"}
{"assetPair":"ADABUSD","data":{"price":"0.97400000","symbol":"ADABUSD"},"level":"info","message":"Latest price","service":"api-c4eeb68-binance-ADABUSD","timestamp":"2022-02-20T03:50:39.417Z"}
{"assetPair":"ADABUSD","data":{"price":"0.97300000","symbol":"ADABUSD"},"level":"info","message":"Latest price","service":"api-c4eeb68-binance-ADABUSD","timestamp":"2022-02-20T03:53:39.519Z"}
{"assetPair":"ADABUSD","data":{"price":"0.97300000","symbol":"ADABUSD"},"level":"info","message":"Latest price","service":"api-c4eeb68-binance-ADABUSD","timestamp":"2022-02-20T03:56:39.580Z"}
{"assetPair":"ADABUSD","data":{"price":"0.97300000","symbol":"ADABUSD"},"level":"info","message":"Latest price","service":"api-c4eeb68-binance-ADABUSD","timestamp":"2022-02-20T03:59:39.640Z"}
{"assetPair":"ADABUSD","data":{"price":"0.97400000","symbol":"ADABUSD"},"level":"info","message":"Latest price","service":"api-c4eeb68-binance-ADABUSD","timestamp":"2022-02-20T04:02:39.766Z"}
{"assetPair":"ADABUSD","data":{"price":"0.97200000","symbol":"ADABUSD"},"level":"info","message":"Latest price","service":"api-c4eeb68-binance-ADABUSD","timestamp":"2022-02-20T04:05:39.842Z"}
{"assetPair":"ADABUSD","data":{"price":"0.97100000","symbol":"ADABUSD"},"level":"info","message":"Latest price","service":"api-c4eeb68-binance-ADABUSD","timestamp":"2022-02-20T04:08:39.922Z"}
{"assetPair":"ADABUSD","data":{"price":"0.97100000","symbol":"ADABUSD"},"level":"info","message":"Latest price","service":"api-c4eeb68-binance-ADABUSD","timestamp":"2022-02-20T04:11:40.051Z"}
{"assetPair":"ADABUSD","data":{"price":"0.97100000","symbol":"ADABUSD"},"level":"info","message":"Latest price","service":"api-c4eeb68-binance-ADABUSD","timestamp":"2022-02-20T04:14:40.092Z"}
{"assetPair":"ADABUSD","data":{"price":"0.97200000","symbol":"ADABUSD"},"level":"info","message":"Latest price","service":"api-c4eeb68-binance-ADABUSD","timestamp":"2022-02-20T04:17:40.231Z"}
{"assetPair":"ADABUSD","data":{"price":"0.97400000","symbol":"ADABUSD"},"level":"info","message":"Latest price","service":"api-c4eeb68-binance-ADABUSD","timestamp":"2022-02-20T04:20:40.278Z"}
{"assetPair":"ADABUSD","data":{"price":"0.97200000","symbol":"ADABUSD"},"level":"info","message":"Latest price","service":"api-c4eeb68-binance-ADABUSD","timestamp":"2022-02-20T04:23:40.409Z"}
{"assetPair":"ADABUSD","data":{"price":"0.97100000","symbol":"ADABUSD"},"level":"info","message":"Latest price","service":"api-c4eeb68-binance-ADABUSD","timestamp":"2022-02-20T04:26:40.550Z"}
{"assetPair":"ADABUSD","data":{"price":"0.96900000","symbol":"ADABUSD"},"level":"info","message":"Latest price","service":"api-c4eeb68-binance-ADABUSD","timestamp":"2022-02-20T04:29:40.621Z"}
{"assetPair":"ADABUSD","data":{"price":"0.96300000","symbol":"ADABUSD"},"level":"info","message":"Latest price","service":"api-c4eeb68-binance-ADABUSD","timestamp":"2022-02-20T04:32:40.753Z"}
{"assetPair":"ADABUSD","data":{"price":"0.96500000","symbol":"ADABUSD"},"level":"info","message":"Latest price","service":"api-c4eeb68-binance-ADABUSD","timestamp":"2022-02-20T04:35:40.884Z"}
{"assetPair":"ADABUSD","data":{"price":"0.96100000","symbol":"ADABUSD"},"level":"info","message":"Latest price","service":"api-c4eeb68-binance-ADABUSD","timestamp":"2022-02-20T04:38:41.064Z"}
{"assetPair":"ADABUSD","data":{"price":"0.96200000","symbol":"ADABUSD"},"level":"info","message":"Latest price","service":"api-c4eeb68-binance-ADABUSD","timestamp":"2022-02-20T04:41:41.195Z"}
{"assetPair":"ADABUSD","data":{"price":"0.96200000","symbol":"ADABUSD"},"level":"info","message":"Latest price","service":"api-c4eeb68-binance-ADABUSD","timestamp":"2022-02-20T04:44:41.365Z"}
{"assetPair":"ADABUSD","data":{"price":"0.95700000","symbol":"ADABUSD"},"level":"info","message":"Latest price","service":"api-c4eeb68-binance-ADABUSD","timestamp":"2022-02-20T04:47:41.493Z"}
{"assetPair":"ADABUSD","data":{"price":"0.96100000","symbol":"ADABUSD"},"level":"info","message":"Latest price","service":"api-c4eeb68-binance-ADABUSD","timestamp":"2022-02-20T04:50:41.622Z"}
{"assetPair":"ADABUSD","data":{"price":"0.96000000","symbol":"ADABUSD"},"level":"info","message":"Latest price","service":"api-c4eeb68-binance-ADABUSD","timestamp":"2022-02-20T04:53:41.751Z"}
{"assetPair":"ADABUSD","data":{"price":"0.96200000","symbol":"ADABUSD"},"level":"info","message":"Latest price","service":"api-c4eeb68-binance-ADABUSD","timestamp":"2022-02-20T04:56:41.903Z"}
{"balance":{"asset":"ADA","free":"49.40000000","locked":"0.00000000"},"level":"info","message":"Binance balance","service":"api-c4eeb68-binance-ADABUSD","timestamp":"2022-02-20T04:56:41.961Z"}
{"correctedPrice":"0.962","correctedQty":"49.4","forAsset":"BUSD","level":"info","message":"Initiating SELL","price":"0.96200000","quantity":"49.40000000","sellAsset":"ADA","service":"api-c4eeb68-binance-ADABUSD","timestamp":"2022-02-20T04:56:42.031Z"}
{"data":{"clientOrderId":"g4foJPPS8spBDtsT8vkddk","cummulativeQuoteQty":"0.00000000","executedQty":"0.00000000","fills":[],"orderId":681997901,"orderListId":-1,"origQty":"49.40000000","price":"0.96200000","side":"SELL","status":"NEW","symbol":"ADABUSD","timeInForce":"GTC","transactTime":1645333002077,"type":"LIMIT"},"level":"info","message":"SELL success","service":"api-c4eeb68-binance-ADABUSD","timestamp":"2022-02-20T04:56:42.088Z"}
{"level":"info","message":"Checking order status","origClientOrderId":"g4foJPPS8spBDtsT8vkddk","service":"api-c4eeb68-binance-ADABUSD","symbol":"ADABUSD","timestamp":"2022-02-20T04:59:42.219Z"}
{"data":{"clientOrderId":"g4foJPPS8spBDtsT8vkddk","cummulativeQuoteQty":"0.00000000","executedQty":"0.00000000","icebergQty":"0.00000000","isWorking":true,"orderId":681997901,"orderListId":-1,"origQty":"49.40000000","origQuoteOrderQty":"0.00000000","price":"0.96200000","side":"SELL","status":"NEW","stopPrice":"0.00000000","symbol":"ADABUSD","time":1645333002077,"timeInForce":"GTC","type":"LIMIT","updateTime":1645333002077},"level":"info","message":"Order status","service":"api-c4eeb68-binance-ADABUSD","timestamp":"2022-02-20T04:59:42.258Z"}
{"level":"info","message":"Checking order status","origClientOrderId":"g4foJPPS8spBDtsT8vkddk","service":"api-c4eeb68-binance-ADABUSD","symbol":"ADABUSD","timestamp":"2022-02-20T05:04:42.359Z"}
{"data":{"clientOrderId":"g4foJPPS8spBDtsT8vkddk","cummulativeQuoteQty":"0.00000000","executedQty":"0.00000000","icebergQty":"0.00000000","isWorking":true,"orderId":681997901,"orderListId":-1,"origQty":"49.40000000","origQuoteOrderQty":"0.00000000","price":"0.96200000","side":"SELL","status":"NEW","stopPrice":"0.00000000","symbol":"ADABUSD","time":1645333002077,"timeInForce":"GTC","type":"LIMIT","updateTime":1645333002077},"level":"info","message":"Order status","service":"api-c4eeb68-binance-ADABUSD","timestamp":"2022-02-20T05:04:42.401Z"}
{"level":"info","message":"Checking order status","origClientOrderId":"g4foJPPS8spBDtsT8vkddk","service":"api-c4eeb68-binance-ADABUSD","symbol":"ADABUSD","timestamp":"2022-02-20T05:09:42.480Z"}
{"data":{"clientOrderId":"g4foJPPS8spBDtsT8vkddk","cummulativeQuoteQty":"47.52280000","executedQty":"49.40000000","icebergQty":"0.00000000","isWorking":true,"orderId":681997901,"orderListId":-1,"origQty":"49.40000000","origQuoteOrderQty":"0.00000000","price":"0.96200000","side":"SELL","status":"FILLED","stopPrice":"0.00000000","symbol":"ADABUSD","time":1645333002077,"timeInForce":"GTC","type":"LIMIT","updateTime":1645333521024},"level":"info","message":"Order status","service":"api-c4eeb68-binance-ADABUSD","timestamp":"2022-02-20T05:09:42.515Z"}
{"assetPair":"ADABUSD","data":{"price":"0.96200000","symbol":"ADABUSD"},"level":"info","message":"Latest price","service":"api-c4eeb68-binance-ADABUSD","timestamp":"2022-02-20T05:09:42.539Z"}
{"assetPair":"ADABUSD","data":{"price":"0.96500000","symbol":"ADABUSD"},"level":"info","message":"Latest price","service":"api-c4eeb68-binance-ADABUSD","timestamp":"2022-02-20T05:12:42.615Z"}
{"balance":{"asset":"BUSD","free":"55.09366474","locked":"0.00000000"},"level":"info","message":"Binance balance","service":"api-c4eeb68-binance-ADABUSD","timestamp":"2022-02-20T05:12:42.642Z"}
{"buyAsset":"ADA","correctedPrice":"0.965","correctedQty":"25.6","level":"info","message":"Initiating BUY","price":"0.965","quantity":"25.64766839378238341969","service":"api-c4eeb68-binance-ADABUSD","timestamp":"2022-02-20T05:12:42.643Z","withAsset":"BUSD"}
{"data":{"clientOrderId":"6YGNkp94JxTuBou2sZPaab","cummulativeQuoteQty":"24.70400000","executedQty":"25.60000000","fills":[{"commission":"0.02560000","commissionAsset":"ADA","price":"0.96500000","qty":"25.60000000","tradeId":67516377}],"orderId":682004276,"orderListId":-1,"origQty":"25.60000000","price":"0.96500000","side":"BUY","status":"FILLED","symbol":"ADABUSD","timeInForce":"GTC","transactTime":1645333962667,"type":"LIMIT"},"level":"info","message":"BUY success","service":"api-c4eeb68-binance-ADABUSD","timestamp":"2022-02-20T05:12:42.672Z"}
{"level":"info","message":"Checking order status","origClientOrderId":"6YGNkp94JxTuBou2sZPaab","service":"api-c4eeb68-binance-ADABUSD","symbol":"ADABUSD","timestamp":"2022-02-20T05:15:42.774Z"}
{"data":{"clientOrderId":"6YGNkp94JxTuBou2sZPaab","cummulativeQuoteQty":"24.70400000","executedQty":"25.60000000","icebergQty":"0.00000000","isWorking":true,"orderId":682004276,"orderListId":-1,"origQty":"25.60000000","origQuoteOrderQty":"0.00000000","price":"0.96500000","side":"BUY","status":"FILLED","stopPrice":"0.00000000","symbol":"ADABUSD","time":1645333962667,"timeInForce":"GTC","type":"LIMIT","updateTime":1645333962667},"level":"info","message":"Order status","service":"api-c4eeb68-binance-ADABUSD","timestamp":"2022-02-20T05:15:42.815Z"}
{"assetPair":"ADABUSD","data":{"price":"0.96300000","symbol":"ADABUSD"},"level":"info","message":"Latest price","service":"api-c4eeb68-binance-ADABUSD","timestamp":"2022-02-20T05:15:42.841Z"}
{"assetPair":"ADABUSD","data":{"price":"0.96500000","symbol":"ADABUSD"},"level":"info","message":"Latest price","service":"api-c4eeb68-binance-ADABUSD","timestamp":"2022-02-20T05:18:42.932Z"}
{"assetPair":"ADABUSD","data":{"price":"0.96100000","symbol":"ADABUSD"},"level":"info","message":"Latest price","service":"api-c4eeb68-binance-ADABUSD","timestamp":"2022-02-20T05:21:43.093Z"}
{"assetPair":"ADABUSD","data":{"price":"0.96000000","symbol":"ADABUSD"},"level":"info","message":"Latest price","service":"api-c4eeb68-binance-ADABUSD","timestamp":"2022-02-20T05:24:43.226Z"}
{"assetPair":"ADABUSD","data":{"price":"0.96100000","symbol":"ADABUSD"},"level":"info","message":"Latest price","service":"api-c4eeb68-binance-ADABUSD","timestamp":"2022-02-20T05:27:43.354Z"}
{"assetPair":"ADABUSD","data":{"price":"0.95800000","symbol":"ADABUSD"},"level":"info","message":"Latest price","service":"api-c4eeb68-binance-ADABUSD","timestamp":"2022-02-20T05:30:43.527Z"}
{"assetPair":"ADABUSD","data":{"price":"0.95800000","symbol":"ADABUSD"},"level":"info","message":"Latest price","service":"api-c4eeb68-binance-ADABUSD","timestamp":"2022-02-20T05:33:43.596Z"}
{"assetPair":"ADABUSD","data":{"price":"0.95500000","symbol":"ADABUSD"},"level":"info","message":"Latest price","service":"api-c4eeb68-binance-ADABUSD","timestamp":"2022-02-20T05:36:43.634Z"}
{"assetPair":"ADABUSD","data":{"price":"0.95800000","symbol":"ADABUSD"},"level":"info","message":"Latest price","service":"api-c4eeb68-binance-ADABUSD","timestamp":"2022-02-20T05:39:43.763Z"}
{"assetPair":"ADABUSD","data":{"price":"0.95700000","symbol":"ADABUSD"},"level":"info","message":"Latest price","service":"api-c4eeb68-binance-ADABUSD","timestamp":"2022-02-20T05:42:43.941Z"}
{"assetPair":"ADABUSD","data":{"price":"0.95800000","symbol":"ADABUSD"},"level":"info","message":"Latest price","service":"api-c4eeb68-binance-ADABUSD","timestamp":"2022-02-20T05:45:44.054Z"}
{"assetPair":"ADABUSD","data":{"price":"0.95700000","symbol":"ADABUSD"},"level":"info","message":"Latest price","service":"api-c4eeb68-binance-ADABUSD","timestamp":"2022-02-20T05:48:44.097Z"}
{"assetPair":"ADABUSD","data":{"price":"0.95400000","symbol":"ADABUSD"},"level":"info","message":"Latest price","service":"api-c4eeb68-binance-ADABUSD","timestamp":"2022-02-20T05:51:44.165Z"}
{"assetPair":"ADABUSD","data":{"price":"0.95200000","symbol":"ADABUSD"},"level":"info","message":"Latest price","service":"api-c4eeb68-binance-ADABUSD","timestamp":"2022-02-20T05:54:44.295Z"}
{"assetPair":"ADABUSD","data":{"price":"0.95100000","symbol":"ADABUSD"},"level":"info","message":"Latest price","service":"api-c4eeb68-binance-ADABUSD","timestamp":"2022-02-20T05:57:44.425Z"}
{"assetPair":"ADABUSD","data":{"price":"0.95100000","symbol":"ADABUSD"},"level":"info","message":"Latest price","service":"api-c4eeb68-binance-ADABUSD","timestamp":"2022-02-20T06:00:44.582Z"}
{"assetPair":"ADABUSD","data":{"price":"0.95200000","symbol":"ADABUSD"},"level":"info","message":"Latest price","service":"api-c4eeb68-binance-ADABUSD","timestamp":"2022-02-20T06:03:44.732Z"}
{"assetPair":"ADABUSD","data":{"price":"0.95200000","symbol":"ADABUSD"},"level":"info","message":"Latest price","service":"api-c4eeb68-binance-ADABUSD","timestamp":"2022-02-20T06:06:44.862Z"}
{"assetPair":"ADABUSD","data":{"price":"0.95000000","symbol":"ADABUSD"},"level":"info","message":"Latest price","service":"api-c4eeb68-binance-ADABUSD","timestamp":"2022-02-20T06:09:44.988Z"}
{"assetPair":"ADABUSD","data":{"price":"0.93600000","symbol":"ADABUSD"},"level":"info","message":"Latest price","service":"api-c4eeb68-binance-ADABUSD","timestamp":"2022-02-20T06:12:45.040Z"}
{"assetPair":"ADABUSD","data":{"price":"0.93500000","symbol":"ADABUSD"},"level":"info","message":"Latest price","service":"api-c4eeb68-binance-ADABUSD","timestamp":"2022-02-20T06:15:45.174Z"}
{"assetPair":"ADABUSD","data":{"price":"0.93700000","symbol":"ADABUSD"},"level":"info","message":"Latest price","service":"api-c4eeb68-binance-ADABUSD","timestamp":"2022-02-20T06:18:45.305Z"}
{"assetPair":"ADABUSD","data":{"price":"0.94200000","symbol":"ADABUSD"},"level":"info","message":"Latest price","service":"api-c4eeb68-binance-ADABUSD","timestamp":"2022-02-20T06:21:45.431Z"}
{"assetPair":"ADABUSD","data":{"price":"0.94100000","symbol":"ADABUSD"},"level":"info","message":"Latest price","service":"api-c4eeb68-binance-ADABUSD","timestamp":"2022-02-20T06:24:45.588Z"}
{"assetPair":"ADABUSD","data":{"price":"0.94400000","symbol":"ADABUSD"},"level":"info","message":"Latest price","service":"api-c4eeb68-binance-ADABUSD","timestamp":"2022-02-20T06:27:45.615Z"}
{"assetPair":"ADABUSD","data":{"price":"0.94300000","symbol":"ADABUSD"},"level":"info","message":"Latest price","service":"api-c4eeb68-binance-ADABUSD","timestamp":"2022-02-20T06:30:45.688Z"}
{"assetPair":"ADABUSD","data":{"price":"0.94300000","symbol":"ADABUSD"},"level":"info","message":"Latest price","service":"api-c4eeb68-binance-ADABUSD","timestamp":"2022-02-20T06:33:45.760Z"}
{"assetPair":"ADABUSD","data":{"price":"0.94200000","symbol":"ADABUSD"},"level":"info","message":"Latest price","service":"api-c4eeb68-binance-ADABUSD","timestamp":"2022-02-20T06:36:45.904Z"}
{"assetPair":"ADABUSD","data":{"price":"0.93800000","symbol":"ADABUSD"},"level":"info","message":"Latest price","service":"api-c4eeb68-binance-ADABUSD","timestamp":"2022-02-20T06:39:46.034Z"}
{"assetPair":"ADABUSD","data":{"price":"0.94100000","symbol":"ADABUSD"},"level":"info","message":"Latest price","service":"api-c4eeb68-binance-ADABUSD","timestamp":"2022-02-20T06:42:46.078Z"}
{"assetPair":"ADABUSD","data":{"price":"0.94200000","symbol":"ADABUSD"},"level":"info","message":"Latest price","service":"api-c4eeb68-binance-ADABUSD","timestamp":"2022-02-20T06:45:46.144Z"}
{"assetPair":"ADABUSD","data":{"price":"0.94100000","symbol":"ADABUSD"},"level":"info","message":"Latest price","service":"api-c4eeb68-binance-ADABUSD","timestamp":"2022-02-20T06:48:46.270Z"}
{"assetPair":"ADABUSD","data":{"price":"0.94100000","symbol":"ADABUSD"},"level":"info","message":"Latest price","service":"api-c4eeb68-binance-ADABUSD","timestamp":"2022-02-20T06:51:46.368Z"}
{"assetPair":"ADABUSD","data":{"price":"0.94100000","symbol":"ADABUSD"},"level":"info","message":"Latest price","service":"api-c4eeb68-binance-ADABUSD","timestamp":"2022-02-20T06:54:46.417Z"}
{"assetPair":"ADABUSD","data":{"price":"0.94100000","symbol":"ADABUSD"},"level":"info","message":"Latest price","service":"api-c4eeb68-binance-ADABUSD","timestamp":"2022-02-20T06:57:46.550Z"}
{"assetPair":"ADABUSD","data":{"price":"0.94000000","symbol":"ADABUSD"},"level":"info","message":"Latest price","service":"api-c4eeb68-binance-ADABUSD","timestamp":"2022-02-20T07:00:46.686Z"}
{"assetPair":"ADABUSD","data":{"price":"0.94100000","symbol":"ADABUSD"},"level":"info","message":"Latest price","service":"api-c4eeb68-binance-ADABUSD","timestamp":"2022-02-20T07:03:46.814Z"}
{"assetPair":"ADABUSD","data":{"price":"0.94200000","symbol":"ADABUSD"},"level":"info","message":"Latest price","service":"api-c4eeb68-binance-ADABUSD","timestamp":"2022-02-20T07:06:46.943Z"}
{"assetPair":"ADABUSD","data":{"price":"0.93800000","symbol":"ADABUSD"},"level":"info","message":"Latest price","service":"api-c4eeb68-binance-ADABUSD","timestamp":"2022-02-20T07:09:47.068Z"}
{"assetPair":"ADABUSD","data":{"price":"0.94100000","symbol":"ADABUSD"},"level":"info","message":"Latest price","service":"api-c4eeb68-binance-ADABUSD","timestamp":"2022-02-20T07:12:47.139Z"}
{"assetPair":"ADABUSD","data":{"price":"0.94000000","symbol":"ADABUSD"},"level":"info","message":"Latest price","service":"api-c4eeb68-binance-ADABUSD","timestamp":"2022-02-20T07:15:47.279Z"}
{"assetPair":"ADABUSD","data":{"price":"0.93800000","symbol":"ADABUSD"},"level":"info","message":"Latest price","service":"api-c4eeb68-binance-ADABUSD","timestamp":"2022-02-20T07:18:47.413Z"}
{"assetPair":"ADABUSD","data":{"price":"0.93900000","symbol":"ADABUSD"},"level":"info","message":"Latest price","service":"api-c4eeb68-binance-ADABUSD","timestamp":"2022-02-20T07:21:47.544Z"}
{"assetPair":"ADABUSD","data":{"price":"0.94000000","symbol":"ADABUSD"},"level":"info","message":"Latest price","service":"api-c4eeb68-binance-ADABUSD","timestamp":"2022-02-20T07:24:47.686Z"}
{"assetPair":"ADABUSD","data":{"price":"0.94100000","symbol":"ADABUSD"},"level":"info","message":"Latest price","service":"api-c4eeb68-binance-ADABUSD","timestamp":"2022-02-20T07:27:47.813Z"}
{"assetPair":"ADABUSD","data":{"price":"0.94400000","symbol":"ADABUSD"},"level":"info","message":"Latest price","service":"api-c4eeb68-binance-ADABUSD","timestamp":"2022-02-20T07:30:47.943Z"}
{"assetPair":"ADABUSD","data":{"price":"0.94400000","symbol":"ADABUSD"},"level":"info","message":"Latest price","service":"api-c4eeb68-binance-ADABUSD","timestamp":"2022-02-20T07:33:47.984Z"}
{"assetPair":"ADABUSD","data":{"price":"0.94600000","symbol":"ADABUSD"},"level":"info","message":"Latest price","service":"api-c4eeb68-binance-ADABUSD","timestamp":"2022-02-20T07:36:48.122Z"}
{"assetPair":"ADABUSD","data":{"price":"0.94700000","symbol":"ADABUSD"},"level":"info","message":"Latest price","service":"api-c4eeb68-binance-ADABUSD","timestamp":"2022-02-20T07:39:48.197Z"}
{"assetPair":"ADABUSD","data":{"price":"0.94500000","symbol":"ADABUSD"},"level":"info","message":"Latest price","service":"api-c4eeb68-binance-ADABUSD","timestamp":"2022-02-20T07:42:48.330Z"}
{"assetPair":"ADABUSD","data":{"price":"0.94200000","symbol":"ADABUSD"},"level":"info","message":"Latest price","service":"api-c4eeb68-binance-ADABUSD","timestamp":"2022-02-20T07:45:48.490Z"}
{"assetPair":"ADABUSD","data":{"price":"0.94400000","symbol":"ADABUSD"},"level":"info","message":"Latest price","service":"api-c4eeb68-binance-ADABUSD","timestamp":"2022-02-20T07:48:48.552Z"}
{"assetPair":"ADABUSD","data":{"price":"0.94800000","symbol":"ADABUSD"},"level":"info","message":"Latest price","service":"api-c4eeb68-binance-ADABUSD","timestamp":"2022-02-20T07:51:48.639Z"}
{"assetPair":"ADABUSD","data":{"price":"0.94900000","symbol":"ADABUSD"},"level":"info","message":"Latest price","service":"api-c4eeb68-binance-ADABUSD","timestamp":"2022-02-20T07:54:48.760Z"}
{"assetPair":"ADABUSD","data":{"price":"0.94800000","symbol":"ADABUSD"},"level":"info","message":"Latest price","service":"api-c4eeb68-binance-ADABUSD","timestamp":"2022-02-20T07:57:48.804Z"}
{"assetPair":"ADABUSD","data":{"price":"0.94700000","symbol":"ADABUSD"},"level":"info","message":"Latest price","service":"api-c4eeb68-binance-ADABUSD","timestamp":"2022-02-20T08:00:48.931Z"}
{"assetPair":"ADABUSD","data":{"price":"0.94600000","symbol":"ADABUSD"},"level":"info","message":"Latest price","service":"api-c4eeb68-binance-ADABUSD","timestamp":"2022-02-20T08:03:49.018Z"}
{"assetPair":"ADABUSD","data":{"price":"0.94800000","symbol":"ADABUSD"},"level":"info","message":"Latest price","service":"api-c4eeb68-binance-ADABUSD","timestamp":"2022-02-20T08:06:49.151Z"}
{"assetPair":"ADABUSD","data":{"price":"0.94600000","symbol":"ADABUSD"},"level":"info","message":"Latest price","service":"api-c4eeb68-binance-ADABUSD","timestamp":"2022-02-20T08:09:49.277Z"}
{"assetPair":"ADABUSD","data":{"price":"0.94600000","symbol":"ADABUSD"},"level":"info","message":"Latest price","service":"api-c4eeb68-binance-ADABUSD","timestamp":"2022-02-20T08:12:49.408Z"}
{"assetPair":"ADABUSD","data":{"price":"0.94400000","symbol":"ADABUSD"},"level":"info","message":"Latest price","service":"api-c4eeb68-binance-ADABUSD","timestamp":"2022-02-20T08:15:49.557Z"}
{"assetPair":"ADABUSD","data":{"price":"0.94300000","symbol":"ADABUSD"},"level":"info","message":"Latest price","service":"api-c4eeb68-binance-ADABUSD","timestamp":"2022-02-20T08:18:49.633Z"}
{"assetPair":"ADABUSD","data":{"price":"0.94100000","symbol":"ADABUSD"},"level":"info","message":"Latest price","service":"api-c4eeb68-binance-ADABUSD","timestamp":"2022-02-20T08:21:49.720Z"}
{"assetPair":"ADABUSD","data":{"price":"0.93700000","symbol":"ADABUSD"},"level":"info","message":"Latest price","service":"api-c4eeb68-binance-ADABUSD","timestamp":"2022-02-20T08:24:49.844Z"}
{"assetPair":"ADABUSD","data":{"price":"0.93800000","symbol":"ADABUSD"},"level":"info","message":"Latest price","service":"api-c4eeb68-binance-ADABUSD","timestamp":"2022-02-20T08:27:49.969Z"}
{"assetPair":"ADABUSD","data":{"price":"0.93900000","symbol":"ADABUSD"},"level":"info","message":"Latest price","service":"api-c4eeb68-binance-ADABUSD","timestamp":"2022-02-20T08:30:50.049Z"}
{"assetPair":"ADABUSD","data":{"price":"0.94000000","symbol":"ADABUSD"},"level":"info","message":"Latest price","service":"api-c4eeb68-binance-ADABUSD","timestamp":"2022-02-20T08:33:50.190Z"}
{"assetPair":"ADABUSD","data":{"price":"0.93900000","symbol":"ADABUSD"},"level":"info","message":"Latest price","service":"api-c4eeb68-binance-ADABUSD","timestamp":"2022-02-20T08:36:50.322Z"}
{"assetPair":"ADABUSD","data":{"price":"0.93700000","symbol":"ADABUSD"},"level":"info","message":"Latest price","service":"api-c4eeb68-binance-ADABUSD","timestamp":"2022-02-20T08:39:50.455Z"}
{"assetPair":"ADABUSD","data":{"price":"0.93600000","symbol":"ADABUSD"},"level":"info","message":"Latest price","service":"api-c4eeb68-binance-ADABUSD","timestamp":"2022-02-20T08:42:50.549Z"}
{"assetPair":"ADABUSD","data":{"price":"0.93400000","symbol":"ADABUSD"},"level":"info","message":"Latest price","service":"api-c4eeb68-binance-ADABUSD","timestamp":"2022-02-20T08:45:50.584Z"}
{"assetPair":"ADABUSD","data":{"price":"0.93300000","symbol":"ADABUSD"},"level":"info","message":"Latest price","service":"api-c4eeb68-binance-ADABUSD","timestamp":"2022-02-20T08:48:50.714Z"}
{"assetPair":"ADABUSD","data":{"price":"0.93400000","symbol":"ADABUSD"},"level":"info","message":"Latest price","service":"api-c4eeb68-binance-ADABUSD","timestamp":"2022-02-20T08:51:50.810Z"}
{"assetPair":"ADABUSD","data":{"price":"0.93500000","symbol":"ADABUSD"},"level":"info","message":"Latest price","service":"api-c4eeb68-binance-ADABUSD","timestamp":"2022-02-20T08:54:50.965Z"}
{"assetPair":"ADABUSD","data":{"price":"0.93200000","symbol":"ADABUSD"},"level":"info","message":"Latest price","service":"api-c4eeb68-binance-ADABUSD","timestamp":"2022-02-20T08:57:51.041Z"}
{"assetPair":"ADABUSD","data":{"price":"0.93100000","symbol":"ADABUSD"},"level":"info","message":"Latest price","service":"api-c4eeb68-binance-ADABUSD","timestamp":"2022-02-20T09:00:51.129Z"}
{"assetPair":"ADABUSD","data":{"price":"0.93100000","symbol":"ADABUSD"},"level":"info","message":"Latest price","service":"api-c4eeb68-binance-ADABUSD","timestamp":"2022-02-20T09:03:51.224Z"}
{"assetPair":"ADABUSD","data":{"price":"0.93300000","symbol":"ADABUSD"},"level":"info","message":"Latest price","service":"api-c4eeb68-binance-ADABUSD","timestamp":"2022-02-20T09:06:51.300Z"}
{"assetPair":"ADABUSD","data":{"price":"0.93600000","symbol":"ADABUSD"},"level":"info","message":"Latest price","service":"api-c4eeb68-binance-ADABUSD","timestamp":"2022-02-20T09:09:51.375Z"}
{"balance":{"asset":"ADA","free":"25.57440000","locked":"0.00000000"},"level":"info","message":"Binance balance","service":"api-c4eeb68-binance-ADABUSD","timestamp":"2022-02-20T09:09:51.406Z"}
{"correctedPrice":"0.936","correctedQty":"25.5","forAsset":"BUSD","level":"info","message":"Initiating SELL","price":"0.93600000","quantity":"25.57440000","sellAsset":"ADA","service":"api-c4eeb68-binance-ADABUSD","timestamp":"2022-02-20T09:09:51.407Z"}
{"data":{"clientOrderId":"fT0p023je5Y7449NCSlNbb","cummulativeQuoteQty":"0.00000000","executedQty":"0.00000000","fills":[],"orderId":682120703,"orderListId":-1,"origQty":"25.50000000","price":"0.93600000","side":"SELL","status":"NEW","symbol":"ADABUSD","timeInForce":"GTC","transactTime":1645348191433,"type":"LIMIT"},"level":"info","message":"SELL success","service":"api-c4eeb68-binance-ADABUSD","timestamp":"2022-02-20T09:09:51.437Z"}
{"level":"info","message":"Checking order status","origClientOrderId":"fT0p023je5Y7449NCSlNbb","service":"api-c4eeb68-binance-ADABUSD","symbol":"ADABUSD","timestamp":"2022-02-20T09:12:51.524Z"}
{"data":{"clientOrderId":"fT0p023je5Y7449NCSlNbb","cummulativeQuoteQty":"23.86800000","executedQty":"25.50000000","icebergQty":"0.00000000","isWorking":true,"orderId":682120703,"orderListId":-1,"origQty":"25.50000000","origQuoteOrderQty":"0.00000000","price":"0.93600000","side":"SELL","status":"FILLED","stopPrice":"0.00000000","symbol":"ADABUSD","time":1645348191433,"timeInForce":"GTC","type":"LIMIT","updateTime":1645348224805},"level":"info","message":"Order status","service":"api-c4eeb68-binance-ADABUSD","timestamp":"2022-02-20T09:12:51.550Z"}
{"assetPair":"ADABUSD","data":{"price":"0.93800000","symbol":"ADABUSD"},"level":"info","message":"Latest price","service":"api-c4eeb68-binance-ADABUSD","timestamp":"2022-02-20T09:12:51.576Z"}
{"balance":{"asset":"BUSD","free":"52.34730482","locked":"0.00000000"},"level":"info","message":"Binance balance","service":"api-c4eeb68-binance-ADABUSD","timestamp":"2022-02-20T09:12:51.606Z"}
{"buyAsset":"ADA","correctedPrice":"0.938","correctedQty":"26.3","level":"info","message":"Initiating BUY","price":"0.938","quantity":"26.38592750533049040512","service":"api-c4eeb68-binance-ADABUSD","timestamp":"2022-02-20T09:12:51.606Z","withAsset":"BUSD"}
{"data":{"clientOrderId":"aza8LD6u76aZg1DLoFuC7Z","cummulativeQuoteQty":"24.66940000","executedQty":"26.30000000","fills":[{"commission":"0.02630000","commissionAsset":"ADA","price":"0.93800000","qty":"26.30000000","tradeId":67534911}],"orderId":682123071,"orderListId":-1,"origQty":"26.30000000","price":"0.93800000","side":"BUY","status":"FILLED","symbol":"ADABUSD","timeInForce":"GTC","transactTime":1645348371636,"type":"LIMIT"},"level":"info","message":"BUY success","service":"api-c4eeb68-binance-ADABUSD","timestamp":"2022-02-20T09:12:51.640Z"}
{"level":"info","message":"Checking order status","origClientOrderId":"aza8LD6u76aZg1DLoFuC7Z","service":"api-c4eeb68-binance-ADABUSD","symbol":"ADABUSD","timestamp":"2022-02-20T09:15:51.681Z"}
{"data":{"clientOrderId":"aza8LD6u76aZg1DLoFuC7Z","cummulativeQuoteQty":"24.66940000","executedQty":"26.30000000","icebergQty":"0.00000000","isWorking":true,"orderId":682123071,"orderListId":-1,"origQty":"26.30000000","origQuoteOrderQty":"0.00000000","price":"0.93800000","side":"BUY","status":"FILLED","stopPrice":"0.00000000","symbol":"ADABUSD","time":1645348371636,"timeInForce":"GTC","type":"LIMIT","updateTime":1645348371636},"level":"info","message":"Order status","service":"api-c4eeb68-binance-ADABUSD","timestamp":"2022-02-20T09:15:51.757Z"}
{"assetPair":"ADABUSD","data":{"price":"0.93700000","symbol":"ADABUSD"},"level":"info","message":"Latest price","service":"api-c4eeb68-binance-ADABUSD","timestamp":"2022-02-20T09:15:51.821Z"}
{"assetPair":"ADABUSD","data":{"price":"0.93900000","symbol":"ADABUSD"},"level":"info","message":"Latest price","service":"api-c4eeb68-binance-ADABUSD","timestamp":"2022-02-20T09:18:51.886Z"}
{"assetPair":"ADABUSD","data":{"price":"0.93900000","symbol":"ADABUSD"},"level":"info","message":"Latest price","service":"api-c4eeb68-binance-ADABUSD","timestamp":"2022-02-20T09:21:52.092Z"}
{"assetPair":"ADABUSD","data":{"price":"0.93500000","symbol":"ADABUSD"},"level":"info","message":"Latest price","service":"api-c4eeb68-binance-ADABUSD","timestamp":"2022-02-20T09:24:52.207Z"}
{"assetPair":"ADABUSD","data":{"price":"0.93600000","symbol":"ADABUSD"},"level":"info","message":"Latest price","service":"api-c4eeb68-binance-ADABUSD","timestamp":"2022-02-20T09:27:52.310Z"}
{"assetPair":"ADABUSD","data":{"price":"0.93600000","symbol":"ADABUSD"},"level":"info","message":"Latest price","service":"api-c4eeb68-binance-ADABUSD","timestamp":"2022-02-20T09:30:52.340Z"}
{"assetPair":"ADABUSD","data":{"price":"0.93600000","symbol":"ADABUSD"},"level":"info","message":"Latest price","service":"api-c4eeb68-binance-ADABUSD","timestamp":"2022-02-20T09:33:52.455Z"}
{"assetPair":"ADABUSD","data":{"price":"0.93800000","symbol":"ADABUSD"},"level":"info","message":"Latest price","service":"api-c4eeb68-binance-ADABUSD","timestamp":"2022-02-20T09:36:52.585Z"}
{"assetPair":"ADABUSD","data":{"price":"0.94100000","symbol":"ADABUSD"},"level":"info","message":"Latest price","service":"api-c4eeb68-binance-ADABUSD","timestamp":"2022-02-20T09:39:52.657Z"}
{"assetPair":"ADABUSD","data":{"price":"0.94200000","symbol":"ADABUSD"},"level":"info","message":"Latest price","service":"api-c4eeb68-binance-ADABUSD","timestamp":"2022-02-20T09:42:52.751Z"}
{"assetPair":"ADABUSD","data":{"price":"0.94100000","symbol":"ADABUSD"},"level":"info","message":"Latest price","service":"api-c4eeb68-binance-ADABUSD","timestamp":"2022-02-20T09:45:52.874Z"}
{"assetPair":"ADABUSD","data":{"price":"0.94000000","symbol":"ADABUSD"},"level":"info","message":"Latest price","service":"api-c4eeb68-binance-ADABUSD","timestamp":"2022-02-20T09:48:53.001Z"}
{"assetPair":"ADABUSD","data":{"price":"0.93900000","symbol":"ADABUSD"},"level":"info","message":"Latest price","service":"api-c4eeb68-binance-ADABUSD","timestamp":"2022-02-20T09:51:53.053Z"}
{"assetPair":"ADABUSD","data":{"price":"0.93900000","symbol":"ADABUSD"},"level":"info","message":"Latest price","service":"api-c4eeb68-binance-ADABUSD","timestamp":"2022-02-20T09:54:53.183Z"}
{"assetPair":"ADABUSD","data":{"price":"0.93800000","symbol":"ADABUSD"},"level":"info","message":"Latest price","service":"api-c4eeb68-binance-ADABUSD","timestamp":"2022-02-20T09:57:53.309Z"}
{"assetPair":"ADABUSD","data":{"price":"0.94000000","symbol":"ADABUSD"},"level":"info","message":"Latest price","service":"api-c4eeb68-binance-ADABUSD","timestamp":"2022-02-20T10:00:53.426Z"}
{"assetPair":"ADABUSD","data":{"price":"0.94000000","symbol":"ADABUSD"},"level":"info","message":"Latest price","service":"api-c4eeb68-binance-ADABUSD","timestamp":"2022-02-20T10:03:53.673Z"}
{"assetPair":"ADABUSD","data":{"price":"0.94000000","symbol":"ADABUSD"},"level":"info","message":"Latest price","service":"api-c4eeb68-binance-ADABUSD","timestamp":"2022-02-20T10:06:53.808Z"}
{"assetPair":"ADABUSD","data":{"price":"0.94100000","symbol":"ADABUSD"},"level":"info","message":"Latest price","service":"api-c4eeb68-binance-ADABUSD","timestamp":"2022-02-20T10:09:53.933Z"}
{"assetPair":"ADABUSD","data":{"price":"0.94100000","symbol":"ADABUSD"},"level":"info","message":"Latest price","service":"api-c4eeb68-binance-ADABUSD","timestamp":"2022-02-20T10:12:54.100Z"}
{"assetPair":"ADABUSD","data":{"price":"0.94000000","symbol":"ADABUSD"},"level":"info","message":"Latest price","service":"api-c4eeb68-binance-ADABUSD","timestamp":"2022-02-20T10:15:54.264Z"}
{"assetPair":"ADABUSD","data":{"price":"0.94400000","symbol":"ADABUSD"},"level":"info","message":"Latest price","service":"api-c4eeb68-binance-ADABUSD","timestamp":"2022-02-20T10:18:54.392Z"}
{"assetPair":"ADABUSD","data":{"price":"0.94300000","symbol":"ADABUSD"},"level":"info","message":"Latest price","service":"api-c4eeb68-binance-ADABUSD","timestamp":"2022-02-20T10:21:54.484Z"}
{"assetPair":"ADABUSD","data":{"price":"0.94400000","symbol":"ADABUSD"},"level":"info","message":"Latest price","service":"api-c4eeb68-binance-ADABUSD","timestamp":"2022-02-20T10:24:54.609Z"}
{"assetPair":"ADABUSD","data":{"price":"0.94500000","symbol":"ADABUSD"},"level":"info","message":"Latest price","service":"api-c4eeb68-binance-ADABUSD","timestamp":"2022-02-20T10:27:54.650Z"}
{"assetPair":"ADABUSD","data":{"price":"0.94400000","symbol":"ADABUSD"},"level":"info","message":"Latest price","service":"api-c4eeb68-binance-ADABUSD","timestamp":"2022-02-20T10:30:54.747Z"}
{"assetPair":"ADABUSD","data":{"price":"0.94600000","symbol":"ADABUSD"},"level":"info","message":"Latest price","service":"api-c4eeb68-binance-ADABUSD","timestamp":"2022-02-20T10:33:54.846Z"}
{"assetPair":"ADABUSD","data":{"price":"0.94400000","symbol":"ADABUSD"},"level":"info","message":"Latest price","service":"api-c4eeb68-binance-ADABUSD","timestamp":"2022-02-20T10:36:55.021Z"}
{"assetPair":"ADABUSD","data":{"price":"0.94200000","symbol":"ADABUSD"},"level":"info","message":"Latest price","service":"api-c4eeb68-binance-ADABUSD","timestamp":"2022-02-20T10:39:55.150Z"}
{"assetPair":"ADABUSD","data":{"price":"0.94100000","symbol":"ADABUSD"},"level":"info","message":"Latest price","service":"api-c4eeb68-binance-ADABUSD","timestamp":"2022-02-20T10:42:55.259Z"}
{"assetPair":"ADABUSD","data":{"price":"0.93900000","symbol":"ADABUSD"},"level":"info","message":"Latest price","service":"api-c4eeb68-binance-ADABUSD","timestamp":"2022-02-20T10:45:55.385Z"}
{"assetPair":"ADABUSD","data":{"price":"0.93800000","symbol":"ADABUSD"},"level":"info","message":"Latest price","service":"api-c4eeb68-binance-ADABUSD","timestamp":"2022-02-20T10:48:55.514Z"}
{"assetPair":"ADABUSD","data":{"price":"0.93500000","symbol":"ADABUSD"},"level":"info","message":"Latest price","service":"api-c4eeb68-binance-ADABUSD","timestamp":"2022-02-20T10:51:55.548Z"}
{"assetPair":"ADABUSD","data":{"price":"0.93600000","symbol":"ADABUSD"},"level":"info","message":"Latest price","service":"api-c4eeb68-binance-ADABUSD","timestamp":"2022-02-20T10:54:55.698Z"}
{"assetPair":"ADABUSD","data":{"price":"0.93700000","symbol":"ADABUSD"},"level":"info","message":"Latest price","service":"api-c4eeb68-binance-ADABUSD","timestamp":"2022-02-20T10:57:55.850Z"}
{"assetPair":"ADABUSD","data":{"price":"0.93700000","symbol":"ADABUSD"},"level":"info","message":"Latest price","service":"api-c4eeb68-binance-ADABUSD","timestamp":"2022-02-20T11:00:56.024Z"}
{"assetPair":"ADABUSD","data":{"price":"0.93500000","symbol":"ADABUSD"},"level":"info","message":"Latest price","service":"api-c4eeb68-binance-ADABUSD","timestamp":"2022-02-20T11:03:56.137Z"}
{"assetPair":"ADABUSD","data":{"price":"0.93600000","symbol":"ADABUSD"},"level":"info","message":"Latest price","service":"api-c4eeb68-binance-ADABUSD","timestamp":"2022-02-20T11:06:56.330Z"}
{"assetPair":"ADABUSD","data":{"price":"0.93700000","symbol":"ADABUSD"},"level":"info","message":"Latest price","service":"api-c4eeb68-binance-ADABUSD","timestamp":"2022-02-20T11:09:56.459Z"}
{"assetPair":"ADABUSD","data":{"price":"0.93700000","symbol":"ADABUSD"},"level":"info","message":"Latest price","service":"api-c4eeb68-binance-ADABUSD","timestamp":"2022-02-20T11:12:56.557Z"}
{"assetPair":"ADABUSD","data":{"price":"0.93900000","symbol":"ADABUSD"},"level":"info","message":"Latest price","service":"api-c4eeb68-binance-ADABUSD","timestamp":"2022-02-20T11:15:56.675Z"}
{"assetPair":"ADABUSD","data":{"price":"0.93800000","symbol":"ADABUSD"},"level":"info","message":"Latest price","service":"api-c4eeb68-binance-ADABUSD","timestamp":"2022-02-20T11:18:56.758Z"}
{"assetPair":"ADABUSD","data":{"price":"0.93800000","symbol":"ADABUSD"},"level":"info","message":"Latest price","service":"api-c4eeb68-binance-ADABUSD","timestamp":"2022-02-20T11:21:56.816Z"}
{"assetPair":"ADABUSD","data":{"price":"0.93800000","symbol":"ADABUSD"},"level":"info","message":"Latest price","service":"api-c4eeb68-binance-ADABUSD","timestamp":"2022-02-20T11:24:56.852Z"}
{"assetPair":"ADABUSD","data":{"price":"0.93800000","symbol":"ADABUSD"},"level":"info","message":"Latest price","service":"api-c4eeb68-binance-ADABUSD","timestamp":"2022-02-20T11:27:56.960Z"}
{"assetPair":"ADABUSD","data":{"price":"0.93700000","symbol":"ADABUSD"},"level":"info","message":"Latest price","service":"api-c4eeb68-binance-ADABUSD","timestamp":"2022-02-20T11:30:57.078Z"}
{"assetPair":"ADABUSD","data":{"price":"0.93700000","symbol":"ADABUSD"},"level":"info","message":"Latest price","service":"api-c4eeb68-binance-ADABUSD","timestamp":"2022-02-20T11:33:57.216Z"}
{"assetPair":"ADABUSD","data":{"price":"0.93900000","symbol":"ADABUSD"},"level":"info","message":"Latest price","service":"api-c4eeb68-binance-ADABUSD","timestamp":"2022-02-20T11:36:57.369Z"}
{"assetPair":"ADABUSD","data":{"price":"0.93800000","symbol":"ADABUSD"},"level":"info","message":"Latest price","service":"api-c4eeb68-binance-ADABUSD","timestamp":"2022-02-20T11:39:57.460Z"}
{"assetPair":"ADABUSD","data":{"price":"0.93900000","symbol":"ADABUSD"},"level":"info","message":"Latest price","service":"api-c4eeb68-binance-ADABUSD","timestamp":"2022-02-20T11:42:57.591Z"}
{"assetPair":"ADABUSD","data":{"price":"0.94000000","symbol":"ADABUSD"},"level":"info","message":"Latest price","service":"api-c4eeb68-binance-ADABUSD","timestamp":"2022-02-20T11:45:57.720Z"}
{"assetPair":"ADABUSD","data":{"price":"0.94300000","symbol":"ADABUSD"},"level":"info","message":"Latest price","service":"api-c4eeb68-binance-ADABUSD","timestamp":"2022-02-20T11:48:57.853Z"}
{"assetPair":"ADABUSD","data":{"price":"0.94200000","symbol":"ADABUSD"},"level":"info","message":"Latest price","service":"api-c4eeb68-binance-ADABUSD","timestamp":"2022-02-20T11:51:57.978Z"}
{"assetPair":"ADABUSD","data":{"price":"0.94100000","symbol":"ADABUSD"},"level":"info","message":"Latest price","service":"api-c4eeb68-binance-ADABUSD","timestamp":"2022-02-20T11:54:58.087Z"}
{"assetPair":"ADABUSD","data":{"price":"0.94300000","symbol":"ADABUSD"},"level":"info","message":"Latest price","service":"api-c4eeb68-binance-ADABUSD","timestamp":"2022-02-20T11:57:58.143Z"}
{"assetPair":"ADABUSD","data":{"price":"0.94400000","symbol":"ADABUSD"},"level":"info","message":"Latest price","service":"api-c4eeb68-binance-ADABUSD","timestamp":"2022-02-20T12:00:58.273Z"}
{"assetPair":"ADABUSD","data":{"price":"0.94100000","symbol":"ADABUSD"},"level":"info","message":"Latest price","service":"api-c4eeb68-binance-ADABUSD","timestamp":"2022-02-20T12:03:58.318Z"}
{"assetPair":"ADABUSD","data":{"price":"0.94100000","symbol":"ADABUSD"},"level":"info","message":"Latest price","service":"api-c4eeb68-binance-ADABUSD","timestamp":"2022-02-20T12:06:58.444Z"}
{"assetPair":"ADABUSD","data":{"price":"0.94400000","symbol":"ADABUSD"},"level":"info","message":"Latest price","service":"api-6ab7524-binance-ADABUSD","timestamp":"2022-02-20T12:15:30.200Z"}
{"assetPair":"ADABUSD","data":{"price":"0.94600000","symbol":"ADABUSD"},"level":"info","message":"Latest price","service":"api-6ab7524-binance-ADABUSD","timestamp":"2022-02-20T12:18:30.244Z"}
{"assetPair":"ADABUSD","data":{"price":"0.94700000","symbol":"ADABUSD"},"level":"info","message":"Latest price","service":"api-6ab7524-binance-ADABUSD","timestamp":"2022-02-20T12:21:30.285Z"}
{"assetPair":"ADABUSD","data":{"price":"0.94600000","symbol":"ADABUSD"},"level":"info","message":"Latest price","service":"api-6ab7524-binance-ADABUSD","timestamp":"2022-02-20T12:24:30.323Z"}
{"assetPair":"ADABUSD","data":{"price":"0.94000000","symbol":"ADABUSD"},"level":"info","message":"Latest price","service":"api-6ab7524-binance-ADABUSD","timestamp":"2022-02-20T12:27:30.368Z"}
{"assetPair":"ADABUSD","data":{"price":"0.94000000","symbol":"ADABUSD"},"level":"info","message":"Latest price","service":"api-6ab7524-binance-ADABUSD","timestamp":"2022-02-20T12:30:30.413Z"}
{"assetPair":"ADABUSD","data":{"price":"0.93800000","symbol":"ADABUSD"},"level":"info","message":"Latest price","service":"api-6ab7524-binance-ADABUSD","timestamp":"2022-02-20T12:33:30.493Z"}
{"assetPair":"ADABUSD","data":{"price":"0.93500000","symbol":"ADABUSD"},"level":"info","message":"Latest price","service":"api-6ab7524-binance-ADABUSD","timestamp":"2022-02-20T12:36:30.529Z"}
{"assetPair":"ADABUSD","data":{"price":"0.93600000","symbol":"ADABUSD"},"level":"info","message":"Latest price","service":"api-6ab7524-binance-ADABUSD","timestamp":"2022-02-20T12:39:30.572Z"}
{"assetPair":"ADABUSD","data":{"price":"0.93700000","symbol":"ADABUSD"},"level":"info","message":"Latest price","service":"api-6ab7524-binance-ADABUSD","timestamp":"2022-02-20T12:42:30.606Z"}
{"assetPair":"ADABUSD","data":{"price":"0.93800000","symbol":"ADABUSD"},"level":"info","message":"Latest price","service":"api-6ab7524-binance-ADABUSD","timestamp":"2022-02-20T12:45:30.690Z"}
{"assetPair":"ADABUSD","data":{"price":"0.93700000","symbol":"ADABUSD"},"level":"info","message":"Latest price","service":"api-6ab7524-binance-ADABUSD","timestamp":"2022-02-20T12:48:30.725Z"}
{"assetPair":"ADABUSD","data":{"price":"0.93300000","symbol":"ADABUSD"},"level":"info","message":"Latest price","service":"api-6ab7524-binance-ADABUSD","timestamp":"2022-02-20T12:51:30.767Z"}
{"assetPair":"ADABUSD","data":{"price":"0.93000000","symbol":"ADABUSD"},"level":"info","message":"Latest price","service":"api-6ab7524-binance-ADABUSD","timestamp":"2022-02-20T12:54:30.806Z"}
{"assetPair":"ADABUSD","data":{"price":"0.93300000","symbol":"ADABUSD"},"level":"info","message":"Latest price","service":"api-6ab7524-binance-ADABUSD","timestamp":"2022-02-20T12:57:30.843Z"}
