{"assetPair":"ADABUSD","data":{"price":"0.96500000","symbol":"ADABUSD"},"level":"info","message":"Latest price","service":"api-d27bc23-binance-ADABUSD","timestamp":"2022-03-02T13:01:59.794Z"}
{"assetPair":"ADABUSD","data":{"price":"0.96500000","symbol":"ADABUSD"},"level":"info","message":"Latest price","service":"api-d27bc23-binance-ADABUSD","timestamp":"2022-03-02T13:04:59.839Z"}
{"assetPair":"ADABUSD","data":{"price":"0.96300000","symbol":"ADABUSD"},"level":"info","message":"Latest price","service":"api-d27bc23-binance-ADABUSD","timestamp":"2022-03-02T13:07:59.870Z"}
{"assetPair":"ADABUSD","data":{"price":"0.96000000","symbol":"ADABUSD"},"level":"info","message":"Latest price","service":"api-d27bc23-binance-ADABUSD","timestamp":"2022-03-02T13:10:59.921Z"}
{"assetPair":"ADABUSD","data":{"price":"0.95700000","symbol":"ADABUSD"},"level":"info","message":"Latest price","service":"api-d27bc23-binance-ADABUSD","timestamp":"2022-03-02T13:13:59.951Z"}
{"assetPair":"ADABUSD","data":{"price":"0.95200000","symbol":"ADABUSD"},"level":"info","message":"Latest price","service":"api-d27bc23-binance-ADABUSD","timestamp":"2022-03-02T13:16:59.991Z"}
{"assetPair":"ADABUSD","data":{"price":"0.94900000","symbol":"ADABUSD"},"level":"info","message":"Latest price","service":"api-d27bc23-binance-ADABUSD","timestamp":"2022-03-02T13:20:00.052Z"}
{"assetPair":"ADABUSD","data":{"price":"0.95100000","symbol":"ADABUSD"},"level":"info","message":"Latest price","service":"api-d27bc23-binance-ADABUSD","timestamp":"2022-03-02T13:23:00.086Z"}
{"assetPair":"ADABUSD","data":{"price":"0.94900000","symbol":"ADABUSD"},"level":"info","message":"Latest price","service":"api-d27bc23-binance-ADABUSD","timestamp":"2022-03-02T13:26:00.150Z"}
{"assetPair":"ADABUSD","data":{"price":"0.95000000","symbol":"ADABUSD"},"level":"info","message":"Latest price","service":"api-d27bc23-binance-ADABUSD","timestamp":"2022-03-02T13:29:00.188Z"}
{"assetPair":"ADABUSD","data":{"price":"0.94900000","symbol":"ADABUSD"},"level":"info","message":"Latest price","service":"api-d27bc23-binance-ADABUSD","timestamp":"2022-03-02T13:32:00.218Z"}
{"assetPair":"ADABUSD","data":{"price":"0.94700000","symbol":"ADABUSD"},"level":"info","message":"Latest price","service":"api-d27bc23-binance-ADABUSD","timestamp":"2022-03-02T13:35:00.277Z"}
{"assetPair":"ADABUSD","data":{"price":"0.94300000","symbol":"ADABUSD"},"level":"info","message":"Latest price","service":"api-d27bc23-binance-ADABUSD","timestamp":"2022-03-02T13:38:00.335Z"}
{"assetPair":"ADABUSD","data":{"price":"0.93800000","symbol":"ADABUSD"},"level":"info","message":"Latest price","service":"api-d27bc23-binance-ADABUSD","timestamp":"2022-03-02T13:41:00.393Z"}
{"assetPair":"ADABUSD","data":{"price":"0.93300000","symbol":"ADABUSD"},"level":"info","message":"Latest price","service":"api-d27bc23-binance-ADABUSD","timestamp":"2022-03-02T13:44:00.425Z"}
{"assetPair":"ADABUSD","data":{"price":"0.93900000","symbol":"ADABUSD"},"level":"info","message":"Latest price","service":"api-d27bc23-binance-ADABUSD","timestamp":"2022-03-02T13:47:00.454Z"}
{"assetPair":"ADABUSD","data":{"price":"0.94100000","symbol":"ADABUSD"},"level":"info","message":"Latest price","service":"api-d27bc23-binance-ADABUSD","timestamp":"2022-03-02T13:50:00.482Z"}
{"assetPair":"ADABUSD","data":{"price":"0.94000000","symbol":"ADABUSD"},"level":"info","message":"Latest price","service":"api-d27bc23-binance-ADABUSD","timestamp":"2022-03-02T13:53:00.522Z"}
{"assetPair":"ADABUSD","data":{"price":"0.94000000","symbol":"ADABUSD"},"level":"info","message":"Latest price","service":"api-d27bc23-binance-ADABUSD","timestamp":"2022-03-02T13:56:00.589Z"}
{"assetPair":"ADABUSD","data":{"price":"0.93800000","symbol":"ADABUSD"},"level":"info","message":"Latest price","service":"api-d27bc23-binance-ADABUSD","timestamp":"2022-03-02T13:59:00.618Z"}
{"assetPair":"ADABUSD","data":{"price":"0.94600000","symbol":"ADABUSD"},"level":"info","message":"Latest price","service":"api-d27bc23-binance-ADABUSD","timestamp":"2022-03-02T14:02:00.663Z"}
{"assetPair":"ADABUSD","data":{"price":"0.94400000","symbol":"ADABUSD"},"level":"info","message":"Latest price","service":"api-d27bc23-binance-ADABUSD","timestamp":"2022-03-02T14:05:00.695Z"}
{"assetPair":"ADABUSD","data":{"price":"0.94400000","symbol":"ADABUSD"},"level":"info","message":"Latest price","service":"api-d27bc23-binance-ADABUSD","timestamp":"2022-03-02T14:08:00.731Z"}
{"assetPair":"ADABUSD","data":{"price":"0.94400000","symbol":"ADABUSD"},"level":"info","message":"Latest price","service":"api-d27bc23-binance-ADABUSD","timestamp":"2022-03-02T14:11:00.845Z"}
{"assetPair":"ADABUSD","data":{"price":"0.94400000","symbol":"ADABUSD"},"level":"info","message":"Latest price","service":"api-d27bc23-binance-ADABUSD","timestamp":"2022-03-02T14:14:00.882Z"}
{"assetPair":"ADABUSD","data":{"price":"0.94500000","symbol":"ADABUSD"},"level":"info","message":"Latest price","service":"api-d27bc23-binance-ADABUSD","timestamp":"2022-03-02T14:17:00.926Z"}
{"assetPair":"ADABUSD","data":{"price":"0.94600000","symbol":"ADABUSD"},"level":"info","message":"Latest price","service":"api-d27bc23-binance-ADABUSD","timestamp":"2022-03-02T14:20:00.980Z"}
{"assetPair":"ADABUSD","data":{"price":"0.94400000","symbol":"ADABUSD"},"level":"info","message":"Latest price","service":"api-d27bc23-binance-ADABUSD","timestamp":"2022-03-02T14:23:01.019Z"}
{"assetPair":"ADABUSD","data":{"price":"0.94800000","symbol":"ADABUSD"},"level":"info","message":"Latest price","service":"api-d27bc23-binance-ADABUSD","timestamp":"2022-03-02T14:26:01.062Z"}
{"assetPair":"ADABUSD","data":{"price":"0.94900000","symbol":"ADABUSD"},"level":"info","message":"Latest price","service":"api-d27bc23-binance-ADABUSD","timestamp":"2022-03-02T14:29:01.092Z"}
{"assetPair":"ADABUSD","data":{"price":"0.94800000","symbol":"ADABUSD"},"level":"info","message":"Latest price","service":"api-d27bc23-binance-ADABUSD","timestamp":"2022-03-02T14:32:01.123Z"}
{"assetPair":"ADABUSD","data":{"price":"0.94600000","symbol":"ADABUSD"},"level":"info","message":"Latest price","service":"api-d27bc23-binance-ADABUSD","timestamp":"2022-03-02T14:35:01.156Z"}
{"assetPair":"ADABUSD","data":{"price":"0.94700000","symbol":"ADABUSD"},"level":"info","message":"Latest price","service":"api-d27bc23-binance-ADABUSD","timestamp":"2022-03-02T14:38:01.187Z"}
{"assetPair":"ADABUSD","data":{"price":"0.95300000","symbol":"ADABUSD"},"level":"info","message":"Latest price","service":"api-d27bc23-binance-ADABUSD","timestamp":"2022-03-02T14:41:01.227Z"}
{"assetPair":"ADABUSD","data":{"price":"0.96500000","symbol":"ADABUSD"},"level":"info","message":"Latest price","service":"api-d27bc23-binance-ADABUSD","timestamp":"2022-03-02T14:44:01.260Z"}
{"assetPair":"ADABUSD","data":{"price":"0.96700000","symbol":"ADABUSD"},"level":"info","message":"Latest price","service":"api-d27bc23-binance-ADABUSD","timestamp":"2022-03-02T14:47:01.302Z"}
{"assetPair":"ADABUSD","data":{"price":"0.96600000","symbol":"ADABUSD"},"level":"info","message":"Latest price","service":"api-d27bc23-binance-ADABUSD","timestamp":"2022-03-02T14:50:01.337Z"}
{"assetPair":"ADABUSD","data":{"price":"0.96100000","symbol":"ADABUSD"},"level":"info","message":"Latest price","service":"api-d27bc23-binance-ADABUSD","timestamp":"2022-03-02T14:53:01.390Z"}
{"assetPair":"ADABUSD","data":{"price":"0.96400000","symbol":"ADABUSD"},"level":"info","message":"Latest price","service":"api-d27bc23-binance-ADABUSD","timestamp":"2022-03-02T14:56:01.426Z"}
{"assetPair":"ADABUSD","data":{"price":"0.96300000","symbol":"ADABUSD"},"level":"info","message":"Latest price","service":"api-d27bc23-binance-ADABUSD","timestamp":"2022-03-02T14:59:01.456Z"}
{"assetPair":"ADABUSD","data":{"price":"0.97300000","symbol":"ADABUSD"},"level":"info","message":"Latest price","service":"api-d27bc23-binance-ADABUSD","timestamp":"2022-03-02T15:02:01.493Z"}
{"assetPair":"ADABUSD","data":{"price":"0.97000000","symbol":"ADABUSD"},"level":"info","message":"Latest price","service":"api-d27bc23-binance-ADABUSD","timestamp":"2022-03-02T15:05:01.527Z"}
{"assetPair":"ADABUSD","data":{"price":"0.95600000","symbol":"ADABUSD"},"level":"info","message":"Latest price","service":"api-d27bc23-binance-ADABUSD","timestamp":"2022-03-02T15:08:01.565Z"}
{"assetPair":"ADABUSD","data":{"price":"0.95500000","symbol":"ADABUSD"},"level":"info","message":"Latest price","service":"api-d27bc23-binance-ADABUSD","timestamp":"2022-03-02T15:11:01.612Z"}
{"assetPair":"ADABUSD","data":{"price":"0.95200000","symbol":"ADABUSD"},"level":"info","message":"Latest price","service":"api-d27bc23-binance-ADABUSD","timestamp":"2022-03-02T15:14:01.676Z"}
{"assetPair":"ADABUSD","data":{"price":"0.95400000","symbol":"ADABUSD"},"level":"info","message":"Latest price","service":"api-d27bc23-binance-ADABUSD","timestamp":"2022-03-02T15:17:01.717Z"}
{"assetPair":"ADABUSD","data":{"price":"0.94700000","symbol":"ADABUSD"},"level":"info","message":"Latest price","service":"api-d27bc23-binance-ADABUSD","timestamp":"2022-03-02T15:20:01.774Z"}
{"assetPair":"ADABUSD","data":{"price":"0.95400000","symbol":"ADABUSD"},"level":"info","message":"Latest price","service":"api-d27bc23-binance-ADABUSD","timestamp":"2022-03-02T15:23:01.804Z"}
{"assetPair":"ADABUSD","data":{"price":"0.95000000","symbol":"ADABUSD"},"level":"info","message":"Latest price","service":"api-d27bc23-binance-ADABUSD","timestamp":"2022-03-02T15:26:01.840Z"}
{"assetPair":"ADABUSD","data":{"price":"0.94600000","symbol":"ADABUSD"},"level":"info","message":"Latest price","service":"api-d27bc23-binance-ADABUSD","timestamp":"2022-03-02T15:29:01.864Z"}
{"assetPair":"ADABUSD","data":{"price":"0.95300000","symbol":"ADABUSD"},"level":"info","message":"Latest price","service":"api-d27bc23-binance-ADABUSD","timestamp":"2022-03-02T15:32:01.895Z"}
{"assetPair":"ADABUSD","data":{"price":"0.95000000","symbol":"ADABUSD"},"level":"info","message":"Latest price","service":"api-d27bc23-binance-ADABUSD","timestamp":"2022-03-02T15:35:01.927Z"}
{"assetPair":"ADABUSD","data":{"price":"0.95300000","symbol":"ADABUSD"},"level":"info","message":"Latest price","service":"api-d27bc23-binance-ADABUSD","timestamp":"2022-03-02T15:38:01.987Z"}
{"assetPair":"ADABUSD","data":{"price":"0.95000000","symbol":"ADABUSD"},"level":"info","message":"Latest price","service":"api-d27bc23-binance-ADABUSD","timestamp":"2022-03-02T15:41:02.044Z"}
{"assetPair":"ADABUSD","data":{"price":"0.94900000","symbol":"ADABUSD"},"level":"info","message":"Latest price","service":"api-d27bc23-binance-ADABUSD","timestamp":"2022-03-02T15:44:02.079Z"}
{"assetPair":"ADABUSD","data":{"price":"0.94800000","symbol":"ADABUSD"},"level":"info","message":"Latest price","service":"api-d27bc23-binance-ADABUSD","timestamp":"2022-03-02T15:47:02.110Z"}
{"assetPair":"ADABUSD","data":{"price":"0.95100000","symbol":"ADABUSD"},"level":"info","message":"Latest price","service":"api-d27bc23-binance-ADABUSD","timestamp":"2022-03-02T15:50:02.147Z"}
{"assetPair":"ADABUSD","data":{"price":"0.94900000","symbol":"ADABUSD"},"level":"info","message":"Latest price","service":"api-d27bc23-binance-ADABUSD","timestamp":"2022-03-02T15:53:02.183Z"}
{"assetPair":"ADABUSD","data":{"price":"0.94600000","symbol":"ADABUSD"},"level":"info","message":"Latest price","service":"api-d27bc23-binance-ADABUSD","timestamp":"2022-03-02T15:56:02.212Z"}
{"assetPair":"ADABUSD","data":{"price":"0.94500000","symbol":"ADABUSD"},"level":"info","message":"Latest price","service":"api-d27bc23-binance-ADABUSD","timestamp":"2022-03-02T15:59:02.239Z"}
{"assetPair":"ADABUSD","data":{"price":"0.94400000","symbol":"ADABUSD"},"level":"info","message":"Latest price","service":"api-d27bc23-binance-ADABUSD","timestamp":"2022-03-02T16:02:02.312Z"}
{"assetPair":"ADABUSD","data":{"price":"0.94900000","symbol":"ADABUSD"},"level":"info","message":"Latest price","service":"api-d27bc23-binance-ADABUSD","timestamp":"2022-03-02T16:05:02.342Z"}
{"assetPair":"ADABUSD","data":{"price":"0.95100000","symbol":"ADABUSD"},"level":"info","message":"Latest price","service":"api-d27bc23-binance-ADABUSD","timestamp":"2022-03-02T16:08:02.373Z"}
{"assetPair":"ADABUSD","data":{"price":"0.95000000","symbol":"ADABUSD"},"level":"info","message":"Latest price","service":"api-d27bc23-binance-ADABUSD","timestamp":"2022-03-02T16:11:02.399Z"}
{"assetPair":"ADABUSD","data":{"price":"0.95000000","symbol":"ADABUSD"},"level":"info","message":"Latest price","service":"api-d27bc23-binance-ADABUSD","timestamp":"2022-03-02T16:14:02.479Z"}
{"assetPair":"ADABUSD","data":{"price":"0.95000000","symbol":"ADABUSD"},"level":"info","message":"Latest price","service":"api-d27bc23-binance-ADABUSD","timestamp":"2022-03-02T16:17:02.517Z"}
{"assetPair":"ADABUSD","data":{"price":"0.95000000","symbol":"ADABUSD"},"level":"info","message":"Latest price","service":"api-d27bc23-binance-ADABUSD","timestamp":"2022-03-02T16:20:02.546Z"}
{"assetPair":"ADABUSD","data":{"price":"0.94900000","symbol":"ADABUSD"},"level":"info","message":"Latest price","service":"api-d27bc23-binance-ADABUSD","timestamp":"2022-03-02T16:23:02.607Z"}
{"assetPair":"ADABUSD","data":{"price":"0.94800000","symbol":"ADABUSD"},"level":"info","message":"Latest price","service":"api-d27bc23-binance-ADABUSD","timestamp":"2022-03-02T16:26:02.635Z"}
{"assetPair":"ADABUSD","data":{"price":"0.94900000","symbol":"ADABUSD"},"level":"info","message":"Latest price","service":"api-d27bc23-binance-ADABUSD","timestamp":"2022-03-02T16:29:02.667Z"}
{"assetPair":"ADABUSD","data":{"price":"0.95100000","symbol":"ADABUSD"},"level":"info","message":"Latest price","service":"api-d27bc23-binance-ADABUSD","timestamp":"2022-03-02T16:32:02.695Z"}
{"assetPair":"ADABUSD","data":{"price":"0.95200000","symbol":"ADABUSD"},"level":"info","message":"Latest price","service":"api-d27bc23-binance-ADABUSD","timestamp":"2022-03-02T16:35:02.723Z"}
{"assetPair":"ADABUSD","data":{"price":"0.95100000","symbol":"ADABUSD"},"level":"info","message":"Latest price","service":"api-d27bc23-binance-ADABUSD","timestamp":"2022-03-02T16:38:02.752Z"}
{"assetPair":"ADABUSD","data":{"price":"0.95200000","symbol":"ADABUSD"},"level":"info","message":"Latest price","service":"api-d27bc23-binance-ADABUSD","timestamp":"2022-03-02T16:41:02.783Z"}
{"assetPair":"ADABUSD","data":{"price":"0.94900000","symbol":"ADABUSD"},"level":"info","message":"Latest price","service":"api-d27bc23-binance-ADABUSD","timestamp":"2022-03-02T16:44:02.815Z"}
{"assetPair":"ADABUSD","data":{"price":"0.94800000","symbol":"ADABUSD"},"level":"info","message":"Latest price","service":"api-d27bc23-binance-ADABUSD","timestamp":"2022-03-02T16:47:02.844Z"}
{"assetPair":"ADABUSD","data":{"price":"0.94900000","symbol":"ADABUSD"},"level":"info","message":"Latest price","service":"api-d27bc23-binance-ADABUSD","timestamp":"2022-03-02T16:50:02.875Z"}
{"assetPair":"ADABUSD","data":{"price":"0.95000000","symbol":"ADABUSD"},"level":"info","message":"Latest price","service":"api-d27bc23-binance-ADABUSD","timestamp":"2022-03-02T16:53:02.906Z"}
{"assetPair":"ADABUSD","data":{"price":"0.95100000","symbol":"ADABUSD"},"level":"info","message":"Latest price","service":"api-d27bc23-binance-ADABUSD","timestamp":"2022-03-02T16:56:02.937Z"}
{"assetPair":"ADABUSD","data":{"price":"0.95100000","symbol":"ADABUSD"},"level":"info","message":"Latest price","service":"api-d27bc23-binance-ADABUSD","timestamp":"2022-03-02T16:59:02.964Z"}
{"assetPair":"ADABUSD","data":{"price":"0.94900000","symbol":"ADABUSD"},"level":"info","message":"Latest price","service":"api-d27bc23-binance-ADABUSD","timestamp":"2022-03-02T17:02:02.999Z"}
{"assetPair":"ADABUSD","data":{"price":"0.95000000","symbol":"ADABUSD"},"level":"info","message":"Latest price","service":"api-d27bc23-binance-ADABUSD","timestamp":"2022-03-02T17:05:03.033Z"}
{"assetPair":"ADABUSD","data":{"price":"0.95200000","symbol":"ADABUSD"},"level":"info","message":"Latest price","service":"api-d27bc23-binance-ADABUSD","timestamp":"2022-03-02T17:08:03.059Z"}
{"assetPair":"ADABUSD","data":{"price":"0.95300000","symbol":"ADABUSD"},"level":"info","message":"Latest price","service":"api-d27bc23-binance-ADABUSD","timestamp":"2022-03-02T17:11:03.088Z"}
{"assetPair":"ADABUSD","data":{"price":"0.95300000","symbol":"ADABUSD"},"level":"info","message":"Latest price","service":"api-d27bc23-binance-ADABUSD","timestamp":"2022-03-02T17:14:03.123Z"}
{"assetPair":"ADABUSD","data":{"price":"0.95400000","symbol":"ADABUSD"},"level":"info","message":"Latest price","service":"api-d27bc23-binance-ADABUSD","timestamp":"2022-03-02T17:17:03.158Z"}
{"assetPair":"ADABUSD","data":{"price":"0.95300000","symbol":"ADABUSD"},"level":"info","message":"Latest price","service":"api-d27bc23-binance-ADABUSD","timestamp":"2022-03-02T17:20:03.197Z"}
{"assetPair":"ADABUSD","data":{"price":"0.95200000","symbol":"ADABUSD"},"level":"info","message":"Latest price","service":"api-d27bc23-binance-ADABUSD","timestamp":"2022-03-02T17:23:03.233Z"}
{"assetPair":"ADABUSD","data":{"price":"0.94900000","symbol":"ADABUSD"},"level":"info","message":"Latest price","service":"api-d27bc23-binance-ADABUSD","timestamp":"2022-03-02T17:26:03.302Z"}
{"assetPair":"ADABUSD","data":{"price":"0.95000000","symbol":"ADABUSD"},"level":"info","message":"Latest price","service":"api-d27bc23-binance-ADABUSD","timestamp":"2022-03-02T17:29:03.336Z"}
{"assetPair":"ADABUSD","data":{"price":"0.94800000","symbol":"ADABUSD"},"level":"info","message":"Latest price","service":"api-d27bc23-binance-ADABUSD","timestamp":"2022-03-02T17:32:03.362Z"}
{"assetPair":"ADABUSD","data":{"price":"0.95100000","symbol":"ADABUSD"},"level":"info","message":"Latest price","service":"api-d27bc23-binance-ADABUSD","timestamp":"2022-03-02T17:35:03.425Z"}
{"assetPair":"ADABUSD","data":{"price":"0.95000000","symbol":"ADABUSD"},"level":"info","message":"Latest price","service":"api-d27bc23-binance-ADABUSD","timestamp":"2022-03-02T17:38:03.460Z"}
{"assetPair":"ADABUSD","data":{"price":"0.95000000","symbol":"ADABUSD"},"level":"info","message":"Latest price","service":"api-d27bc23-binance-ADABUSD","timestamp":"2022-03-02T17:41:03.489Z"}
{"assetPair":"ADABUSD","data":{"price":"0.94900000","symbol":"ADABUSD"},"level":"info","message":"Latest price","service":"api-d27bc23-binance-ADABUSD","timestamp":"2022-03-02T17:44:03.534Z"}
{"assetPair":"ADABUSD","data":{"price":"0.95100000","symbol":"ADABUSD"},"level":"info","message":"Latest price","service":"api-d27bc23-binance-ADABUSD","timestamp":"2022-03-02T17:47:03.577Z"}
{"assetPair":"ADABUSD","data":{"price":"0.94500000","symbol":"ADABUSD"},"level":"info","message":"Latest price","service":"api-d27bc23-binance-ADABUSD","timestamp":"2022-03-02T17:50:03.611Z"}
{"assetPair":"ADABUSD","data":{"price":"0.94400000","symbol":"ADABUSD"},"level":"info","message":"Latest price","service":"api-d27bc23-binance-ADABUSD","timestamp":"2022-03-02T17:53:03.666Z"}
{"assetPair":"ADABUSD","data":{"price":"0.94300000","symbol":"ADABUSD"},"level":"info","message":"Latest price","service":"api-d27bc23-binance-ADABUSD","timestamp":"2022-03-02T17:56:03.725Z"}
{"assetPair":"ADABUSD","data":{"price":"0.94300000","symbol":"ADABUSD"},"level":"info","message":"Latest price","service":"api-d27bc23-binance-ADABUSD","timestamp":"2022-03-02T17:59:03.748Z"}
{"assetPair":"ADABUSD","data":{"price":"0.94100000","symbol":"ADABUSD"},"level":"info","message":"Latest price","service":"api-d27bc23-binance-ADABUSD","timestamp":"2022-03-02T18:02:03.789Z"}
{"assetPair":"ADABUSD","data":{"price":"0.94300000","symbol":"ADABUSD"},"level":"info","message":"Latest price","service":"api-d27bc23-binance-ADABUSD","timestamp":"2022-03-02T18:05:03.823Z"}
{"assetPair":"ADABUSD","data":{"price":"0.94300000","symbol":"ADABUSD"},"level":"info","message":"Latest price","service":"api-d27bc23-binance-ADABUSD","timestamp":"2022-03-02T18:08:03.853Z"}
{"assetPair":"ADABUSD","data":{"price":"0.94300000","symbol":"ADABUSD"},"level":"info","message":"Latest price","service":"api-d27bc23-binance-ADABUSD","timestamp":"2022-03-02T18:11:03.880Z"}
{"assetPair":"ADABUSD","data":{"price":"0.94300000","symbol":"ADABUSD"},"level":"info","message":"Latest price","service":"api-d27bc23-binance-ADABUSD","timestamp":"2022-03-02T18:14:03.915Z"}
{"assetPair":"ADABUSD","data":{"price":"0.94300000","symbol":"ADABUSD"},"level":"info","message":"Latest price","service":"api-d27bc23-binance-ADABUSD","timestamp":"2022-03-02T18:17:03.944Z"}
{"assetPair":"ADABUSD","data":{"price":"0.94000000","symbol":"ADABUSD"},"level":"info","message":"Latest price","service":"api-d27bc23-binance-ADABUSD","timestamp":"2022-03-02T18:20:03.969Z"}
{"assetPair":"ADABUSD","data":{"price":"0.94000000","symbol":"ADABUSD"},"level":"info","message":"Latest price","service":"api-d27bc23-binance-ADABUSD","timestamp":"2022-03-02T18:23:04.001Z"}
{"assetPair":"ADABUSD","data":{"price":"0.93900000","symbol":"ADABUSD"},"level":"info","message":"Latest price","service":"api-d27bc23-binance-ADABUSD","timestamp":"2022-03-02T18:26:04.055Z"}
{"assetPair":"ADABUSD","data":{"price":"0.93900000","symbol":"ADABUSD"},"level":"info","message":"Latest price","service":"api-d27bc23-binance-ADABUSD","timestamp":"2022-03-02T18:29:04.087Z"}
{"assetPair":"ADABUSD","data":{"price":"0.93900000","symbol":"ADABUSD"},"level":"info","message":"Latest price","service":"api-d27bc23-binance-ADABUSD","timestamp":"2022-03-02T18:32:04.119Z"}
{"assetPair":"ADABUSD","data":{"price":"0.94000000","symbol":"ADABUSD"},"level":"info","message":"Latest price","service":"api-d27bc23-binance-ADABUSD","timestamp":"2022-03-02T18:35:04.150Z"}
{"assetPair":"ADABUSD","data":{"price":"0.93800000","symbol":"ADABUSD"},"level":"info","message":"Latest price","service":"api-d27bc23-binance-ADABUSD","timestamp":"2022-03-02T18:38:04.184Z"}
{"assetPair":"ADABUSD","data":{"price":"0.93600000","symbol":"ADABUSD"},"level":"info","message":"Latest price","service":"api-d27bc23-binance-ADABUSD","timestamp":"2022-03-02T18:41:04.218Z"}
{"assetPair":"ADABUSD","data":{"price":"0.93300000","symbol":"ADABUSD"},"level":"info","message":"Latest price","service":"api-d27bc23-binance-ADABUSD","timestamp":"2022-03-02T18:44:04.244Z"}
{"assetPair":"ADABUSD","data":{"price":"0.93300000","symbol":"ADABUSD"},"level":"info","message":"Latest price","service":"api-d27bc23-binance-ADABUSD","timestamp":"2022-03-02T18:47:04.278Z"}
{"assetPair":"ADABUSD","data":{"price":"0.93200000","symbol":"ADABUSD"},"level":"info","message":"Latest price","service":"api-d27bc23-binance-ADABUSD","timestamp":"2022-03-02T18:50:04.307Z"}
{"assetPair":"ADABUSD","data":{"price":"0.93300000","symbol":"ADABUSD"},"level":"info","message":"Latest price","service":"api-d27bc23-binance-ADABUSD","timestamp":"2022-03-02T18:53:04.347Z"}
{"assetPair":"ADABUSD","data":{"price":"0.93200000","symbol":"ADABUSD"},"level":"info","message":"Latest price","service":"api-d27bc23-binance-ADABUSD","timestamp":"2022-03-02T18:56:04.379Z"}
{"assetPair":"ADABUSD","data":{"price":"0.93200000","symbol":"ADABUSD"},"level":"info","message":"Latest price","service":"api-d27bc23-binance-ADABUSD","timestamp":"2022-03-02T18:59:04.415Z"}
{"assetPair":"ADABUSD","data":{"price":"0.93500000","symbol":"ADABUSD"},"level":"info","message":"Latest price","service":"api-d27bc23-binance-ADABUSD","timestamp":"2022-03-02T19:02:04.451Z"}
{"assetPair":"ADABUSD","data":{"price":"0.93600000","symbol":"ADABUSD"},"level":"info","message":"Latest price","service":"api-d27bc23-binance-ADABUSD","timestamp":"2022-03-02T19:05:04.481Z"}
{"assetPair":"ADABUSD","data":{"price":"0.93600000","symbol":"ADABUSD"},"level":"info","message":"Latest price","service":"api-d27bc23-binance-ADABUSD","timestamp":"2022-03-02T19:08:04.506Z"}
{"assetPair":"ADABUSD","data":{"price":"0.93400000","symbol":"ADABUSD"},"level":"info","message":"Latest price","service":"api-d27bc23-binance-ADABUSD","timestamp":"2022-03-02T19:11:04.549Z"}
{"balance":{"asset":"ADA","free":"25.64520000","locked":"0.00000000"},"level":"info","message":"Binance balance","service":"api-d27bc23-binance-ADABUSD","timestamp":"2022-03-02T19:11:04.574Z"}
{"correctedPrice":"0.934","correctedQty":"25.6","forAsset":"BUSD","level":"info","message":"Initiating SELL","price":"0.93400000","quantity":"25.64520000","sellAsset":"ADA","service":"api-d27bc23-binance-ADABUSD","timestamp":"2022-03-02T19:11:04.641Z"}
{"data":{"clientOrderId":"wqXSJlD45wyCgJG1wfiuvH","cummulativeQuoteQty":"0.00000000","executedQty":"0.00000000","fills":[],"orderId":689626906,"orderListId":-1,"origQty":"25.60000000","price":"0.93400000","side":"SELL","status":"NEW","symbol":"ADABUSD","timeInForce":"GTC","transactTime":1646248264662,"type":"LIMIT"},"level":"info","message":"SELL success","service":"api-d27bc23-binance-ADABUSD","timestamp":"2022-03-02T19:11:04.666Z"}
{"level":"info","message":"Checking order status","origClientOrderId":"wqXSJlD45wyCgJG1wfiuvH","service":"api-d27bc23-binance-ADABUSD","symbol":"ADABUSD","timestamp":"2022-03-02T19:14:04.683Z"}
{"data":{"clientOrderId":"wqXSJlD45wyCgJG1wfiuvH","cummulativeQuoteQty":"23.91040000","executedQty":"25.60000000","icebergQty":"0.00000000","isWorking":true,"orderId":689626906,"orderListId":-1,"origQty":"25.60000000","origQuoteOrderQty":"0.00000000","price":"0.93400000","side":"SELL","status":"FILLED","stopPrice":"0.00000000","symbol":"ADABUSD","time":1646248264662,"timeInForce":"GTC","type":"LIMIT","updateTime":1646248266024},"level":"info","message":"Order status","service":"api-d27bc23-binance-ADABUSD","timestamp":"2022-03-02T19:14:04.713Z"}
{"assetPair":"ADABUSD","data":{"price":"0.93400000","symbol":"ADABUSD"},"level":"info","message":"Latest price","service":"api-d27bc23-binance-ADABUSD","timestamp":"2022-03-02T19:14:04.737Z"}
{"assetPair":"ADABUSD","data":{"price":"0.93300000","symbol":"ADABUSD"},"level":"info","message":"Latest price","service":"api-d27bc23-binance-ADABUSD","timestamp":"2022-03-02T19:17:04.769Z"}
{"assetPair":"ADABUSD","data":{"price":"0.93100000","symbol":"ADABUSD"},"level":"info","message":"Latest price","service":"api-d27bc23-binance-ADABUSD","timestamp":"2022-03-02T19:20:04.848Z"}
{"assetPair":"ADABUSD","data":{"price":"0.93000000","symbol":"ADABUSD"},"level":"info","message":"Latest price","service":"api-d27bc23-binance-ADABUSD","timestamp":"2022-03-02T19:23:04.881Z"}
{"assetPair":"ADABUSD","data":{"price":"0.92800000","symbol":"ADABUSD"},"level":"info","message":"Latest price","service":"api-d27bc23-binance-ADABUSD","timestamp":"2022-03-02T19:26:04.919Z"}
{"assetPair":"ADABUSD","data":{"price":"0.92900000","symbol":"ADABUSD"},"level":"info","message":"Latest price","service":"api-d27bc23-binance-ADABUSD","timestamp":"2022-03-02T19:29:04.949Z"}
{"assetPair":"ADABUSD","data":{"price":"0.93000000","symbol":"ADABUSD"},"level":"info","message":"Latest price","service":"api-d27bc23-binance-ADABUSD","timestamp":"2022-03-02T19:32:04.991Z"}
{"assetPair":"ADABUSD","data":{"price":"0.93000000","symbol":"ADABUSD"},"level":"info","message":"Latest price","service":"api-d27bc23-binance-ADABUSD","timestamp":"2022-03-02T19:35:05.049Z"}
{"assetPair":"ADABUSD","data":{"price":"0.93200000","symbol":"ADABUSD"},"level":"info","message":"Latest price","service":"api-d27bc23-binance-ADABUSD","timestamp":"2022-03-02T19:38:05.087Z"}
{"assetPair":"ADABUSD","data":{"price":"0.93400000","symbol":"ADABUSD"},"level":"info","message":"Latest price","service":"api-d27bc23-binance-ADABUSD","timestamp":"2022-03-02T19:41:05.114Z"}
{"balance":{"asset":"BUSD","free":"47.95366518","locked":"0.00000000"},"level":"info","message":"Binance balance","service":"api-d27bc23-binance-ADABUSD","timestamp":"2022-03-02T19:41:05.141Z"}
{"buyAsset":"ADA","correctedPrice":"0.934","correctedQty":"26.4","level":"info","message":"Initiating BUY","price":"0.934","quantity":"26.49892933618843683084","service":"api-d27bc23-binance-ADABUSD","timestamp":"2022-03-02T19:41:05.143Z","withAsset":"BUSD"}
{"data":{"clientOrderId":"TBQxtq6ZLbxAG9h3GEYWuZ","cummulativeQuoteQty":"0.00000000","executedQty":"0.00000000","fills":[],"orderId":689637623,"orderListId":-1,"origQty":"26.40000000","price":"0.93400000","side":"BUY","status":"NEW","symbol":"ADABUSD","timeInForce":"GTC","transactTime":1646250065165,"type":"LIMIT"},"level":"info","message":"BUY success","service":"api-d27bc23-binance-ADABUSD","timestamp":"2022-03-02T19:41:05.170Z"}
{"level":"info","message":"Checking order status","origClientOrderId":"TBQxtq6ZLbxAG9h3GEYWuZ","service":"api-d27bc23-binance-ADABUSD","symbol":"ADABUSD","timestamp":"2022-03-02T19:44:05.172Z"}
{"data":{"clientOrderId":"TBQxtq6ZLbxAG9h3GEYWuZ","cummulativeQuoteQty":"0.00000000","executedQty":"0.00000000","icebergQty":"0.00000000","isWorking":true,"orderId":689637623,"orderListId":-1,"origQty":"26.40000000","origQuoteOrderQty":"0.00000000","price":"0.93400000","side":"BUY","status":"NEW","stopPrice":"0.00000000","symbol":"ADABUSD","time":1646250065165,"timeInForce":"GTC","type":"LIMIT","updateTime":1646250065165},"level":"info","message":"Order status","service":"api-d27bc23-binance-ADABUSD","timestamp":"2022-03-02T19:44:05.220Z"}
{"level":"info","message":"Checking order status","origClientOrderId":"TBQxtq6ZLbxAG9h3GEYWuZ","service":"api-d27bc23-binance-ADABUSD","symbol":"ADABUSD","timestamp":"2022-03-02T19:49:05.222Z"}
{"data":{"clientOrderId":"TBQxtq6ZLbxAG9h3GEYWuZ","cummulativeQuoteQty":"24.65760000","executedQty":"26.40000000","icebergQty":"0.00000000","isWorking":true,"orderId":689637623,"orderListId":-1,"origQty":"26.40000000","origQuoteOrderQty":"0.00000000","price":"0.93400000","side":"BUY","status":"FILLED","stopPrice":"0.00000000","symbol":"ADABUSD","time":1646250065165,"timeInForce":"GTC","type":"LIMIT","updateTime":1646250256137},"level":"info","message":"Order status","service":"api-d27bc23-binance-ADABUSD","timestamp":"2022-03-02T19:49:05.252Z"}
{"assetPair":"ADABUSD","data":{"price":"0.93500000","symbol":"ADABUSD"},"level":"info","message":"Latest price","service":"api-d27bc23-binance-ADABUSD","timestamp":"2022-03-02T19:49:05.277Z"}
{"assetPair":"ADABUSD","data":{"price":"0.93700000","symbol":"ADABUSD"},"level":"info","message":"Latest price","service":"api-d27bc23-binance-ADABUSD","timestamp":"2022-03-02T19:52:05.307Z"}
{"assetPair":"ADABUSD","data":{"price":"0.93800000","symbol":"ADABUSD"},"level":"info","message":"Latest price","service":"api-d27bc23-binance-ADABUSD","timestamp":"2022-03-02T19:55:05.343Z"}
{"assetPair":"ADABUSD","data":{"price":"0.93700000","symbol":"ADABUSD"},"level":"info","message":"Latest price","service":"api-d27bc23-binance-ADABUSD","timestamp":"2022-03-02T19:58:05.429Z"}
{"assetPair":"ADABUSD","data":{"price":"0.93600000","symbol":"ADABUSD"},"level":"info","message":"Latest price","service":"api-d27bc23-binance-ADABUSD","timestamp":"2022-03-02T20:01:05.456Z"}
{"assetPair":"ADABUSD","data":{"price":"0.93700000","symbol":"ADABUSD"},"level":"info","message":"Latest price","service":"api-d27bc23-binance-ADABUSD","timestamp":"2022-03-02T20:04:05.518Z"}
{"assetPair":"ADABUSD","data":{"price":"0.93500000","symbol":"ADABUSD"},"level":"info","message":"Latest price","service":"api-d27bc23-binance-ADABUSD","timestamp":"2022-03-02T20:07:05.550Z"}
{"assetPair":"ADABUSD","data":{"price":"0.93400000","symbol":"ADABUSD"},"level":"info","message":"Latest price","service":"api-d27bc23-binance-ADABUSD","timestamp":"2022-03-02T20:10:05.576Z"}
{"assetPair":"ADABUSD","data":{"price":"0.93400000","symbol":"ADABUSD"},"level":"info","message":"Latest price","service":"api-d27bc23-binance-ADABUSD","timestamp":"2022-03-02T20:13:05.612Z"}
{"assetPair":"ADABUSD","data":{"price":"0.93200000","symbol":"ADABUSD"},"level":"info","message":"Latest price","service":"api-d27bc23-binance-ADABUSD","timestamp":"2022-03-02T20:16:05.647Z"}
{"assetPair":"ADABUSD","data":{"price":"0.93100000","symbol":"ADABUSD"},"level":"info","message":"Latest price","service":"api-d27bc23-binance-ADABUSD","timestamp":"2022-03-02T20:19:05.673Z"}
{"assetPair":"ADABUSD","data":{"price":"0.93200000","symbol":"ADABUSD"},"level":"info","message":"Latest price","service":"api-d27bc23-binance-ADABUSD","timestamp":"2022-03-02T20:22:05.720Z"}
{"assetPair":"ADABUSD","data":{"price":"0.93300000","symbol":"ADABUSD"},"level":"info","message":"Latest price","service":"api-d27bc23-binance-ADABUSD","timestamp":"2022-03-02T20:25:05.749Z"}
{"assetPair":"ADABUSD","data":{"price":"0.93400000","symbol":"ADABUSD"},"level":"info","message":"Latest price","service":"api-d27bc23-binance-ADABUSD","timestamp":"2022-03-02T20:28:05.786Z"}
{"assetPair":"ADABUSD","data":{"price":"0.93400000","symbol":"ADABUSD"},"level":"info","message":"Latest price","service":"api-d27bc23-binance-ADABUSD","timestamp":"2022-03-02T20:31:05.855Z"}
{"assetPair":"ADABUSD","data":{"price":"0.93600000","symbol":"ADABUSD"},"level":"info","message":"Latest price","service":"api-d27bc23-binance-ADABUSD","timestamp":"2022-03-02T20:34:05.881Z"}
{"assetPair":"ADABUSD","data":{"price":"0.93600000","symbol":"ADABUSD"},"level":"info","message":"Latest price","service":"api-d27bc23-binance-ADABUSD","timestamp":"2022-03-02T20:37:05.917Z"}
{"assetPair":"ADABUSD","data":{"price":"0.93500000","symbol":"ADABUSD"},"level":"info","message":"Latest price","service":"api-d27bc23-binance-ADABUSD","timestamp":"2022-03-02T20:40:05.950Z"}
{"assetPair":"ADABUSD","data":{"price":"0.93500000","symbol":"ADABUSD"},"level":"info","message":"Latest price","service":"api-d27bc23-binance-ADABUSD","timestamp":"2022-03-02T20:43:06.011Z"}
{"assetPair":"ADABUSD","data":{"price":"0.93500000","symbol":"ADABUSD"},"level":"info","message":"Latest price","service":"api-d27bc23-binance-ADABUSD","timestamp":"2022-03-02T20:46:06.048Z"}
{"assetPair":"ADABUSD","data":{"price":"0.93400000","symbol":"ADABUSD"},"level":"info","message":"Latest price","service":"api-d27bc23-binance-ADABUSD","timestamp":"2022-03-02T20:49:06.080Z"}
{"assetPair":"ADABUSD","data":{"price":"0.93700000","symbol":"ADABUSD"},"level":"info","message":"Latest price","service":"api-d27bc23-binance-ADABUSD","timestamp":"2022-03-02T20:52:06.117Z"}
{"assetPair":"ADABUSD","data":{"price":"0.93500000","symbol":"ADABUSD"},"level":"info","message":"Latest price","service":"api-d27bc23-binance-ADABUSD","timestamp":"2022-03-02T20:55:06.172Z"}
{"assetPair":"ADABUSD","data":{"price":"0.93600000","symbol":"ADABUSD"},"level":"info","message":"Latest price","service":"api-d27bc23-binance-ADABUSD","timestamp":"2022-03-02T20:58:06.198Z"}
{"assetPair":"ADABUSD","data":{"price":"0.93500000","symbol":"ADABUSD"},"level":"info","message":"Latest price","service":"api-d27bc23-binance-ADABUSD","timestamp":"2022-03-02T21:01:06.281Z"}
{"assetPair":"ADABUSD","data":{"price":"0.93600000","symbol":"ADABUSD"},"level":"info","message":"Latest price","service":"api-d27bc23-binance-ADABUSD","timestamp":"2022-03-02T21:04:06.323Z"}
{"assetPair":"ADABUSD","data":{"price":"0.93400000","symbol":"ADABUSD"},"level":"info","message":"Latest price","service":"api-d27bc23-binance-ADABUSD","timestamp":"2022-03-02T21:07:06.350Z"}
{"assetPair":"ADABUSD","data":{"price":"0.93500000","symbol":"ADABUSD"},"level":"info","message":"Latest price","service":"api-d27bc23-binance-ADABUSD","timestamp":"2022-03-02T21:10:06.379Z"}
{"assetPair":"ADABUSD","data":{"price":"0.93500000","symbol":"ADABUSD"},"level":"info","message":"Latest price","service":"api-d27bc23-binance-ADABUSD","timestamp":"2022-03-02T21:13:06.408Z"}
{"assetPair":"ADABUSD","data":{"price":"0.93600000","symbol":"ADABUSD"},"level":"info","message":"Latest price","service":"api-d27bc23-binance-ADABUSD","timestamp":"2022-03-02T21:16:06.443Z"}
{"assetPair":"ADABUSD","data":{"price":"0.93700000","symbol":"ADABUSD"},"level":"info","message":"Latest price","service":"api-d27bc23-binance-ADABUSD","timestamp":"2022-03-02T21:19:06.470Z"}
{"assetPair":"ADABUSD","data":{"price":"0.93700000","symbol":"ADABUSD"},"level":"info","message":"Latest price","service":"api-d27bc23-binance-ADABUSD","timestamp":"2022-03-02T21:22:06.495Z"}
{"assetPair":"ADABUSD","data":{"price":"0.93700000","symbol":"ADABUSD"},"level":"info","message":"Latest price","service":"api-d27bc23-binance-ADABUSD","timestamp":"2022-03-02T21:25:06.523Z"}
{"assetPair":"ADABUSD","data":{"price":"0.93700000","symbol":"ADABUSD"},"level":"info","message":"Latest price","service":"api-d27bc23-binance-ADABUSD","timestamp":"2022-03-02T21:28:06.554Z"}
{"assetPair":"ADABUSD","data":{"price":"0.93700000","symbol":"ADABUSD"},"level":"info","message":"Latest price","service":"api-d27bc23-binance-ADABUSD","timestamp":"2022-03-02T21:31:06.580Z"}
{"assetPair":"ADABUSD","data":{"price":"0.93700000","symbol":"ADABUSD"},"level":"info","message":"Latest price","service":"api-d27bc23-binance-ADABUSD","timestamp":"2022-03-02T21:34:06.608Z"}
{"assetPair":"ADABUSD","data":{"price":"0.93800000","symbol":"ADABUSD"},"level":"info","message":"Latest price","service":"api-d27bc23-binance-ADABUSD","timestamp":"2022-03-02T21:37:06.643Z"}
{"assetPair":"ADABUSD","data":{"price":"0.93700000","symbol":"ADABUSD"},"level":"info","message":"Latest price","service":"api-d27bc23-binance-ADABUSD","timestamp":"2022-03-02T21:40:06.723Z"}
{"assetPair":"ADABUSD","data":{"price":"0.93900000","symbol":"ADABUSD"},"level":"info","message":"Latest price","service":"api-d27bc23-binance-ADABUSD","timestamp":"2022-03-02T21:43:06.748Z"}
{"assetPair":"ADABUSD","data":{"price":"0.94000000","symbol":"ADABUSD"},"level":"info","message":"Latest price","service":"api-d27bc23-binance-ADABUSD","timestamp":"2022-03-02T21:46:06.778Z"}
{"assetPair":"ADABUSD","data":{"price":"0.94100000","symbol":"ADABUSD"},"level":"info","message":"Latest price","service":"api-d27bc23-binance-ADABUSD","timestamp":"2022-03-02T21:49:06.813Z"}
{"assetPair":"ADABUSD","data":{"price":"0.94300000","symbol":"ADABUSD"},"level":"info","message":"Latest price","service":"api-d27bc23-binance-ADABUSD","timestamp":"2022-03-02T21:52:06.847Z"}
{"assetPair":"ADABUSD","data":{"price":"0.94300000","symbol":"ADABUSD"},"level":"info","message":"Latest price","service":"api-d27bc23-binance-ADABUSD","timestamp":"2022-03-02T21:55:06.882Z"}
{"assetPair":"ADABUSD","data":{"price":"0.94200000","symbol":"ADABUSD"},"level":"info","message":"Latest price","service":"api-d27bc23-binance-ADABUSD","timestamp":"2022-03-02T21:58:06.957Z"}
{"assetPair":"ADABUSD","data":{"price":"0.95000000","symbol":"ADABUSD"},"level":"info","message":"Latest price","service":"api-d27bc23-binance-ADABUSD","timestamp":"2022-03-02T22:01:06.986Z"}
{"assetPair":"ADABUSD","data":{"price":"0.94900000","symbol":"ADABUSD"},"level":"info","message":"Latest price","service":"api-d27bc23-binance-ADABUSD","timestamp":"2022-03-02T22:04:07.020Z"}
{"assetPair":"ADABUSD","data":{"price":"0.94800000","symbol":"ADABUSD"},"level":"info","message":"Latest price","service":"api-d27bc23-binance-ADABUSD","timestamp":"2022-03-02T22:07:07.050Z"}
{"assetPair":"ADABUSD","data":{"price":"0.94400000","symbol":"ADABUSD"},"level":"info","message":"Latest price","service":"api-d27bc23-binance-ADABUSD","timestamp":"2022-03-02T22:10:07.109Z"}
{"assetPair":"ADABUSD","data":{"price":"0.94400000","symbol":"ADABUSD"},"level":"info","message":"Latest price","service":"api-d27bc23-binance-ADABUSD","timestamp":"2022-03-02T22:13:07.139Z"}
{"assetPair":"ADABUSD","data":{"price":"0.94300000","symbol":"ADABUSD"},"level":"info","message":"Latest price","service":"api-d27bc23-binance-ADABUSD","timestamp":"2022-03-02T22:16:07.171Z"}
{"assetPair":"ADABUSD","data":{"price":"0.94300000","symbol":"ADABUSD"},"level":"info","message":"Latest price","service":"api-d27bc23-binance-ADABUSD","timestamp":"2022-03-02T22:19:07.222Z"}
{"assetPair":"ADABUSD","data":{"price":"0.94400000","symbol":"ADABUSD"},"level":"info","message":"Latest price","service":"api-d27bc23-binance-ADABUSD","timestamp":"2022-03-02T22:22:07.258Z"}
{"assetPair":"ADABUSD","data":{"price":"0.94400000","symbol":"ADABUSD"},"level":"info","message":"Latest price","service":"api-d27bc23-binance-ADABUSD","timestamp":"2022-03-02T22:25:07.343Z"}
{"assetPair":"ADABUSD","data":{"price":"0.94200000","symbol":"ADABUSD"},"level":"info","message":"Latest price","service":"api-d27bc23-binance-ADABUSD","timestamp":"2022-03-02T22:28:07.417Z"}
{"assetPair":"ADABUSD","data":{"price":"0.94300000","symbol":"ADABUSD"},"level":"info","message":"Latest price","service":"api-d27bc23-binance-ADABUSD","timestamp":"2022-03-02T22:31:07.451Z"}
{"assetPair":"ADABUSD","data":{"price":"0.94400000","symbol":"ADABUSD"},"level":"info","message":"Latest price","service":"api-d27bc23-binance-ADABUSD","timestamp":"2022-03-02T22:34:07.528Z"}
{"assetPair":"ADABUSD","data":{"price":"0.94500000","symbol":"ADABUSD"},"level":"info","message":"Latest price","service":"api-d27bc23-binance-ADABUSD","timestamp":"2022-03-02T22:37:07.560Z"}
{"assetPair":"ADABUSD","data":{"price":"0.94700000","symbol":"ADABUSD"},"level":"info","message":"Latest price","service":"api-d27bc23-binance-ADABUSD","timestamp":"2022-03-02T22:40:07.597Z"}
{"assetPair":"ADABUSD","data":{"price":"0.94400000","symbol":"ADABUSD"},"level":"info","message":"Latest price","service":"api-d27bc23-binance-ADABUSD","timestamp":"2022-03-02T22:43:07.626Z"}
{"assetPair":"ADABUSD","data":{"price":"0.94400000","symbol":"ADABUSD"},"level":"info","message":"Latest price","service":"api-d27bc23-binance-ADABUSD","timestamp":"2022-03-02T22:46:07.705Z"}
{"assetPair":"ADABUSD","data":{"price":"0.94500000","symbol":"ADABUSD"},"level":"info","message":"Latest price","service":"api-d27bc23-binance-ADABUSD","timestamp":"2022-03-02T22:49:07.755Z"}
{"assetPair":"ADABUSD","data":{"price":"0.94400000","symbol":"ADABUSD"},"level":"info","message":"Latest price","service":"api-d27bc23-binance-ADABUSD","timestamp":"2022-03-02T22:52:07.818Z"}
{"assetPair":"ADABUSD","data":{"price":"0.94400000","symbol":"ADABUSD"},"level":"info","message":"Latest price","service":"api-d27bc23-binance-ADABUSD","timestamp":"2022-03-02T22:55:07.850Z"}
{"assetPair":"ADABUSD","data":{"price":"0.94400000","symbol":"ADABUSD"},"level":"info","message":"Latest price","service":"api-d27bc23-binance-ADABUSD","timestamp":"2022-03-02T22:58:07.881Z"}
{"assetPair":"ADABUSD","data":{"price":"0.94400000","symbol":"ADABUSD"},"level":"info","message":"Latest price","service":"api-d27bc23-binance-ADABUSD","timestamp":"2022-03-02T23:01:07.919Z"}
{"assetPair":"ADABUSD","data":{"price":"0.94500000","symbol":"ADABUSD"},"level":"info","message":"Latest price","service":"api-d27bc23-binance-ADABUSD","timestamp":"2022-03-02T23:04:07.981Z"}
{"assetPair":"ADABUSD","data":{"price":"0.94500000","symbol":"ADABUSD"},"level":"info","message":"Latest price","service":"api-d27bc23-binance-ADABUSD","timestamp":"2022-03-02T23:07:08.019Z"}
{"assetPair":"ADABUSD","data":{"price":"0.94400000","symbol":"ADABUSD"},"level":"info","message":"Latest price","service":"api-d27bc23-binance-ADABUSD","timestamp":"2022-03-02T23:10:08.074Z"}
{"assetPair":"ADABUSD","data":{"price":"0.94300000","symbol":"ADABUSD"},"level":"info","message":"Latest price","service":"api-d27bc23-binance-ADABUSD","timestamp":"2022-03-02T23:13:08.149Z"}
{"assetPair":"ADABUSD","data":{"price":"0.94400000","symbol":"ADABUSD"},"level":"info","message":"Latest price","service":"api-d27bc23-binance-ADABUSD","timestamp":"2022-03-02T23:16:08.191Z"}
{"assetPair":"ADABUSD","data":{"price":"0.94500000","symbol":"ADABUSD"},"level":"info","message":"Latest price","service":"api-d27bc23-binance-ADABUSD","timestamp":"2022-03-02T23:19:08.258Z"}
{"assetPair":"ADABUSD","data":{"price":"0.94400000","symbol":"ADABUSD"},"level":"info","message":"Latest price","service":"api-d27bc23-binance-ADABUSD","timestamp":"2022-03-02T23:22:08.295Z"}
{"assetPair":"ADABUSD","data":{"price":"0.94400000","symbol":"ADABUSD"},"level":"info","message":"Latest price","service":"api-d27bc23-binance-ADABUSD","timestamp":"2022-03-02T23:25:08.333Z"}
{"assetPair":"ADABUSD","data":{"price":"0.94400000","symbol":"ADABUSD"},"level":"info","message":"Latest price","service":"api-d27bc23-binance-ADABUSD","timestamp":"2022-03-02T23:28:08.373Z"}
{"assetPair":"ADABUSD","data":{"price":"0.94100000","symbol":"ADABUSD"},"level":"info","message":"Latest price","service":"api-d27bc23-binance-ADABUSD","timestamp":"2022-03-02T23:31:08.404Z"}
{"assetPair":"ADABUSD","data":{"price":"0.94200000","symbol":"ADABUSD"},"level":"info","message":"Latest price","service":"api-d27bc23-binance-ADABUSD","timestamp":"2022-03-02T23:34:08.434Z"}
{"assetPair":"ADABUSD","data":{"price":"0.94100000","symbol":"ADABUSD"},"level":"info","message":"Latest price","service":"api-d27bc23-binance-ADABUSD","timestamp":"2022-03-02T23:37:08.487Z"}
{"assetPair":"ADABUSD","data":{"price":"0.93900000","symbol":"ADABUSD"},"level":"info","message":"Latest price","service":"api-d27bc23-binance-ADABUSD","timestamp":"2022-03-02T23:40:08.566Z"}
{"assetPair":"ADABUSD","data":{"price":"0.93900000","symbol":"ADABUSD"},"level":"info","message":"Latest price","service":"api-d27bc23-binance-ADABUSD","timestamp":"2022-03-02T23:43:08.610Z"}
{"assetPair":"ADABUSD","data":{"price":"0.94000000","symbol":"ADABUSD"},"level":"info","message":"Latest price","service":"api-d27bc23-binance-ADABUSD","timestamp":"2022-03-02T23:46:08.643Z"}
{"assetPair":"ADABUSD","data":{"price":"0.93800000","symbol":"ADABUSD"},"level":"info","message":"Latest price","service":"api-d27bc23-binance-ADABUSD","timestamp":"2022-03-02T23:49:08.705Z"}
{"assetPair":"ADABUSD","data":{"price":"0.93800000","symbol":"ADABUSD"},"level":"info","message":"Latest price","service":"api-d27bc23-binance-ADABUSD","timestamp":"2022-03-02T23:52:08.756Z"}
{"assetPair":"ADABUSD","data":{"price":"0.93900000","symbol":"ADABUSD"},"level":"info","message":"Latest price","service":"api-d27bc23-binance-ADABUSD","timestamp":"2022-03-02T23:55:08.795Z"}
{"assetPair":"ADABUSD","data":{"price":"0.93900000","symbol":"ADABUSD"},"level":"info","message":"Latest price","service":"api-d27bc23-binance-ADABUSD","timestamp":"2022-03-02T23:58:08.834Z"}
{"assetPair":"ADABUSD","data":{"price":"0.93800000","symbol":"ADABUSD"},"level":"info","message":"Latest price","service":"api-d27bc23-binance-ADABUSD","timestamp":"2022-03-03T00:01:08.897Z"}
{"assetPair":"ADABUSD","data":{"price":"0.93700000","symbol":"ADABUSD"},"level":"info","message":"Latest price","service":"api-d27bc23-binance-ADABUSD","timestamp":"2022-03-03T00:04:08.927Z"}
{"assetPair":"ADABUSD","data":{"price":"0.93600000","symbol":"ADABUSD"},"level":"info","message":"Latest price","service":"api-d27bc23-binance-ADABUSD","timestamp":"2022-03-03T00:07:08.998Z"}
{"assetPair":"ADABUSD","data":{"price":"0.93400000","symbol":"ADABUSD"},"level":"info","message":"Latest price","service":"api-d27bc23-binance-ADABUSD","timestamp":"2022-03-03T00:10:09.033Z"}
{"assetPair":"ADABUSD","data":{"price":"0.93300000","symbol":"ADABUSD"},"level":"info","message":"Latest price","service":"api-d27bc23-binance-ADABUSD","timestamp":"2022-03-03T00:13:09.061Z"}
{"assetPair":"ADABUSD","data":{"price":"0.93500000","symbol":"ADABUSD"},"level":"info","message":"Latest price","service":"api-d27bc23-binance-ADABUSD","timestamp":"2022-03-03T00:16:09.088Z"}
{"assetPair":"ADABUSD","data":{"price":"0.93700000","symbol":"ADABUSD"},"level":"info","message":"Latest price","service":"api-d27bc23-binance-ADABUSD","timestamp":"2022-03-03T00:19:09.150Z"}
{"assetPair":"ADABUSD","data":{"price":"0.94100000","symbol":"ADABUSD"},"level":"info","message":"Latest price","service":"api-d27bc23-binance-ADABUSD","timestamp":"2022-03-03T00:22:09.177Z"}
{"assetPair":"ADABUSD","data":{"price":"0.94000000","symbol":"ADABUSD"},"level":"info","message":"Latest price","service":"api-d27bc23-binance-ADABUSD","timestamp":"2022-03-03T00:25:09.248Z"}
{"assetPair":"ADABUSD","data":{"price":"0.94000000","symbol":"ADABUSD"},"level":"info","message":"Latest price","service":"api-d27bc23-binance-ADABUSD","timestamp":"2022-03-03T00:28:09.323Z"}
{"assetPair":"ADABUSD","data":{"price":"0.94300000","symbol":"ADABUSD"},"level":"info","message":"Latest price","service":"api-d27bc23-binance-ADABUSD","timestamp":"2022-03-03T00:31:09.358Z"}
{"assetPair":"ADABUSD","data":{"price":"0.94600000","symbol":"ADABUSD"},"level":"info","message":"Latest price","service":"api-d27bc23-binance-ADABUSD","timestamp":"2022-03-03T00:34:09.423Z"}
{"assetPair":"ADABUSD","data":{"price":"0.94300000","symbol":"ADABUSD"},"level":"info","message":"Latest price","service":"api-d27bc23-binance-ADABUSD","timestamp":"2022-03-03T00:37:09.455Z"}
{"assetPair":"ADABUSD","data":{"price":"0.94200000","symbol":"ADABUSD"},"level":"info","message":"Latest price","service":"api-d27bc23-binance-ADABUSD","timestamp":"2022-03-03T00:40:09.517Z"}
{"assetPair":"ADABUSD","data":{"price":"0.94200000","symbol":"ADABUSD"},"level":"info","message":"Latest price","service":"api-d27bc23-binance-ADABUSD","timestamp":"2022-03-03T00:43:09.555Z"}
{"assetPair":"ADABUSD","data":{"price":"0.94300000","symbol":"ADABUSD"},"level":"info","message":"Latest price","service":"api-d27bc23-binance-ADABUSD","timestamp":"2022-03-03T00:46:09.588Z"}
{"assetPair":"ADABUSD","data":{"price":"0.94200000","symbol":"ADABUSD"},"level":"info","message":"Latest price","service":"api-d27bc23-binance-ADABUSD","timestamp":"2022-03-03T00:49:09.625Z"}
{"assetPair":"ADABUSD","data":{"price":"0.94200000","symbol":"ADABUSD"},"level":"info","message":"Latest price","service":"api-d27bc23-binance-ADABUSD","timestamp":"2022-03-03T00:52:09.654Z"}
{"assetPair":"ADABUSD","data":{"price":"0.94000000","symbol":"ADABUSD"},"level":"info","message":"Latest price","service":"api-d27bc23-binance-ADABUSD","timestamp":"2022-03-03T00:55:09.684Z"}
{"assetPair":"ADABUSD","data":{"price":"0.94100000","symbol":"ADABUSD"},"level":"info","message":"Latest price","service":"api-d27bc23-binance-ADABUSD","timestamp":"2022-03-03T00:58:09.723Z"}
{"assetPair":"ADABUSD","data":{"price":"0.94100000","symbol":"ADABUSD"},"level":"info","message":"Latest price","service":"api-d27bc23-binance-ADABUSD","timestamp":"2022-03-03T01:01:09.751Z"}
{"assetPair":"ADABUSD","data":{"price":"0.94100000","symbol":"ADABUSD"},"level":"info","message":"Latest price","service":"api-d27bc23-binance-ADABUSD","timestamp":"2022-03-03T01:04:09.778Z"}
{"assetPair":"ADABUSD","data":{"price":"0.93900000","symbol":"ADABUSD"},"level":"info","message":"Latest price","service":"api-d27bc23-binance-ADABUSD","timestamp":"2022-03-03T01:07:09.857Z"}
{"assetPair":"ADABUSD","data":{"price":"0.93700000","symbol":"ADABUSD"},"level":"info","message":"Latest price","service":"api-d27bc23-binance-ADABUSD","timestamp":"2022-03-03T01:10:09.887Z"}
{"assetPair":"ADABUSD","data":{"price":"0.93300000","symbol":"ADABUSD"},"level":"info","message":"Latest price","service":"api-d27bc23-binance-ADABUSD","timestamp":"2022-03-03T01:13:09.939Z"}
{"assetPair":"ADABUSD","data":{"price":"0.93400000","symbol":"ADABUSD"},"level":"info","message":"Latest price","service":"api-d27bc23-binance-ADABUSD","timestamp":"2022-03-03T01:16:09.993Z"}
{"assetPair":"ADABUSD","data":{"price":"0.93400000","symbol":"ADABUSD"},"level":"info","message":"Latest price","service":"api-d27bc23-binance-ADABUSD","timestamp":"2022-03-03T01:19:10.023Z"}
{"assetPair":"ADABUSD","data":{"price":"0.93500000","symbol":"ADABUSD"},"level":"info","message":"Latest price","service":"api-d27bc23-binance-ADABUSD","timestamp":"2022-03-03T01:22:10.077Z"}
{"assetPair":"ADABUSD","data":{"price":"0.93600000","symbol":"ADABUSD"},"level":"info","message":"Latest price","service":"api-d27bc23-binance-ADABUSD","timestamp":"2022-03-03T01:25:10.106Z"}
{"assetPair":"ADABUSD","data":{"price":"0.93500000","symbol":"ADABUSD"},"level":"info","message":"Latest price","service":"api-d27bc23-binance-ADABUSD","timestamp":"2022-03-03T01:28:10.144Z"}
{"assetPair":"ADABUSD","data":{"price":"0.93700000","symbol":"ADABUSD"},"level":"info","message":"Latest price","service":"api-d27bc23-binance-ADABUSD","timestamp":"2022-03-03T01:31:10.202Z"}
{"assetPair":"ADABUSD","data":{"price":"0.93900000","symbol":"ADABUSD"},"level":"info","message":"Latest price","service":"api-d27bc23-binance-ADABUSD","timestamp":"2022-03-03T01:34:10.272Z"}
{"assetPair":"ADABUSD","data":{"price":"0.93800000","symbol":"ADABUSD"},"level":"info","message":"Latest price","service":"api-d27bc23-binance-ADABUSD","timestamp":"2022-03-03T01:37:10.309Z"}
{"assetPair":"ADABUSD","data":{"price":"0.93500000","symbol":"ADABUSD"},"level":"info","message":"Latest price","service":"api-d27bc23-binance-ADABUSD","timestamp":"2022-03-03T01:40:10.366Z"}
{"assetPair":"ADABUSD","data":{"price":"0.93400000","symbol":"ADABUSD"},"level":"info","message":"Latest price","service":"api-d27bc23-binance-ADABUSD","timestamp":"2022-03-03T01:43:10.398Z"}
{"assetPair":"ADABUSD","data":{"price":"0.93400000","symbol":"ADABUSD"},"level":"info","message":"Latest price","service":"api-d27bc23-binance-ADABUSD","timestamp":"2022-03-03T01:46:10.437Z"}
{"assetPair":"ADABUSD","data":{"price":"0.93300000","symbol":"ADABUSD"},"level":"info","message":"Latest price","service":"api-d27bc23-binance-ADABUSD","timestamp":"2022-03-03T01:49:10.488Z"}
{"assetPair":"ADABUSD","data":{"price":"0.93200000","symbol":"ADABUSD"},"level":"info","message":"Latest price","service":"api-d27bc23-binance-ADABUSD","timestamp":"2022-03-03T01:52:10.547Z"}
{"assetPair":"ADABUSD","data":{"price":"0.93400000","symbol":"ADABUSD"},"level":"info","message":"Latest price","service":"api-d27bc23-binance-ADABUSD","timestamp":"2022-03-03T01:55:10.580Z"}
{"assetPair":"ADABUSD","data":{"price":"0.93600000","symbol":"ADABUSD"},"level":"info","message":"Latest price","service":"api-d27bc23-binance-ADABUSD","timestamp":"2022-03-03T01:58:10.613Z"}
{"assetPair":"ADABUSD","data":{"price":"0.93600000","symbol":"ADABUSD"},"level":"info","message":"Latest price","service":"api-d27bc23-binance-ADABUSD","timestamp":"2022-03-03T02:01:10.670Z"}
{"assetPair":"ADABUSD","data":{"price":"0.93600000","symbol":"ADABUSD"},"level":"info","message":"Latest price","service":"api-d27bc23-binance-ADABUSD","timestamp":"2022-03-03T02:04:10.703Z"}
{"assetPair":"ADABUSD","data":{"price":"0.93500000","symbol":"ADABUSD"},"level":"info","message":"Latest price","service":"api-d27bc23-binance-ADABUSD","timestamp":"2022-03-03T02:07:10.735Z"}
{"assetPair":"ADABUSD","data":{"price":"0.93000000","symbol":"ADABUSD"},"level":"info","message":"Latest price","service":"api-d27bc23-binance-ADABUSD","timestamp":"2022-03-03T02:10:10.766Z"}
{"assetPair":"ADABUSD","data":{"price":"0.93000000","symbol":"ADABUSD"},"level":"info","message":"Latest price","service":"api-d27bc23-binance-ADABUSD","timestamp":"2022-03-03T02:13:10.804Z"}
{"assetPair":"ADABUSD","data":{"price":"0.93100000","symbol":"ADABUSD"},"level":"info","message":"Latest price","service":"api-d27bc23-binance-ADABUSD","timestamp":"2022-03-03T02:16:10.841Z"}
{"assetPair":"ADABUSD","data":{"price":"0.93200000","symbol":"ADABUSD"},"level":"info","message":"Latest price","service":"api-d27bc23-binance-ADABUSD","timestamp":"2022-03-03T02:19:10.870Z"}
{"assetPair":"ADABUSD","data":{"price":"0.93300000","symbol":"ADABUSD"},"level":"info","message":"Latest price","service":"api-d27bc23-binance-ADABUSD","timestamp":"2022-03-03T02:22:10.897Z"}
{"assetPair":"ADABUSD","data":{"price":"0.93400000","symbol":"ADABUSD"},"level":"info","message":"Latest price","service":"api-d27bc23-binance-ADABUSD","timestamp":"2022-03-03T02:25:10.926Z"}
{"assetPair":"ADABUSD","data":{"price":"0.93400000","symbol":"ADABUSD"},"level":"info","message":"Latest price","service":"api-d27bc23-binance-ADABUSD","timestamp":"2022-03-03T02:28:10.954Z"}
{"assetPair":"ADABUSD","data":{"price":"0.93300000","symbol":"ADABUSD"},"level":"info","message":"Latest price","service":"api-d27bc23-binance-ADABUSD","timestamp":"2022-03-03T02:31:10.981Z"}
{"assetPair":"ADABUSD","data":{"price":"0.92700000","symbol":"ADABUSD"},"level":"info","message":"Latest price","service":"api-d27bc23-binance-ADABUSD","timestamp":"2022-03-03T02:34:11.013Z"}
{"assetPair":"ADABUSD","data":{"price":"0.92800000","symbol":"ADABUSD"},"level":"info","message":"Latest price","service":"api-d27bc23-binance-ADABUSD","timestamp":"2022-03-03T02:37:11.055Z"}
{"assetPair":"ADABUSD","data":{"price":"0.93100000","symbol":"ADABUSD"},"level":"info","message":"Latest price","service":"api-d27bc23-binance-ADABUSD","timestamp":"2022-03-03T02:40:11.087Z"}
{"assetPair":"ADABUSD","data":{"price":"0.93200000","symbol":"ADABUSD"},"level":"info","message":"Latest price","service":"api-d27bc23-binance-ADABUSD","timestamp":"2022-03-03T02:43:11.128Z"}
{"assetPair":"ADABUSD","data":{"price":"0.93000000","symbol":"ADABUSD"},"level":"info","message":"Latest price","service":"api-d27bc23-binance-ADABUSD","timestamp":"2022-03-03T02:46:11.160Z"}
{"assetPair":"ADABUSD","data":{"price":"0.93200000","symbol":"ADABUSD"},"level":"info","message":"Latest price","service":"api-d27bc23-binance-ADABUSD","timestamp":"2022-03-03T02:49:11.214Z"}
{"assetPair":"ADABUSD","data":{"price":"0.93000000","symbol":"ADABUSD"},"level":"info","message":"Latest price","service":"api-d27bc23-binance-ADABUSD","timestamp":"2022-03-03T02:52:11.250Z"}
{"assetPair":"ADABUSD","data":{"price":"0.93100000","symbol":"ADABUSD"},"level":"info","message":"Latest price","service":"api-d27bc23-binance-ADABUSD","timestamp":"2022-03-03T02:55:11.288Z"}
{"assetPair":"ADABUSD","data":{"price":"0.93200000","symbol":"ADABUSD"},"level":"info","message":"Latest price","service":"api-d27bc23-binance-ADABUSD","timestamp":"2022-03-03T02:58:11.358Z"}
{"assetPair":"ADABUSD","data":{"price":"0.93300000","symbol":"ADABUSD"},"level":"info","message":"Latest price","service":"api-d27bc23-binance-ADABUSD","timestamp":"2022-03-03T03:01:11.397Z"}
{"assetPair":"ADABUSD","data":{"price":"0.93200000","symbol":"ADABUSD"},"level":"info","message":"Latest price","service":"api-d27bc23-binance-ADABUSD","timestamp":"2022-03-03T03:04:11.441Z"}
{"assetPair":"ADABUSD","data":{"price":"0.92900000","symbol":"ADABUSD"},"level":"info","message":"Latest price","service":"api-d27bc23-binance-ADABUSD","timestamp":"2022-03-03T03:07:11.494Z"}
{"assetPair":"ADABUSD","data":{"price":"0.92900000","symbol":"ADABUSD"},"level":"info","message":"Latest price","service":"api-d27bc23-binance-ADABUSD","timestamp":"2022-03-03T03:10:11.535Z"}
{"assetPair":"ADABUSD","data":{"price":"0.92800000","symbol":"ADABUSD"},"level":"info","message":"Latest price","service":"api-d27bc23-binance-ADABUSD","timestamp":"2022-03-03T03:13:11.590Z"}
{"assetPair":"ADABUSD","data":{"price":"0.92800000","symbol":"ADABUSD"},"level":"info","message":"Latest price","service":"api-d27bc23-binance-ADABUSD","timestamp":"2022-03-03T03:16:11.665Z"}
{"assetPair":"ADABUSD","data":{"price":"0.92800000","symbol":"ADABUSD"},"level":"info","message":"Latest price","service":"api-d27bc23-binance-ADABUSD","timestamp":"2022-03-03T03:19:11.719Z"}
{"assetPair":"ADABUSD","data":{"price":"0.92900000","symbol":"ADABUSD"},"level":"info","message":"Latest price","service":"api-d27bc23-binance-ADABUSD","timestamp":"2022-03-03T03:22:11.761Z"}
{"assetPair":"ADABUSD","data":{"price":"0.92800000","symbol":"ADABUSD"},"level":"info","message":"Latest price","service":"api-d27bc23-binance-ADABUSD","timestamp":"2022-03-03T03:25:11.796Z"}
{"assetPair":"ADABUSD","data":{"price":"0.92800000","symbol":"ADABUSD"},"level":"info","message":"Latest price","service":"api-d27bc23-binance-ADABUSD","timestamp":"2022-03-03T03:28:11.836Z"}
{"assetPair":"ADABUSD","data":{"price":"0.92700000","symbol":"ADABUSD"},"level":"info","message":"Latest price","service":"api-d27bc23-binance-ADABUSD","timestamp":"2022-03-03T03:31:11.870Z"}
{"assetPair":"ADABUSD","data":{"price":"0.92500000","symbol":"ADABUSD"},"level":"info","message":"Latest price","service":"api-d27bc23-binance-ADABUSD","timestamp":"2022-03-03T03:34:11.900Z"}
{"assetPair":"ADABUSD","data":{"price":"0.92500000","symbol":"ADABUSD"},"level":"info","message":"Latest price","service":"api-d27bc23-binance-ADABUSD","timestamp":"2022-03-03T03:37:11.926Z"}
{"assetPair":"ADABUSD","data":{"price":"0.91800000","symbol":"ADABUSD"},"level":"info","message":"Latest price","service":"api-d27bc23-binance-ADABUSD","timestamp":"2022-03-03T03:40:11.982Z"}
{"assetPair":"ADABUSD","data":{"price":"0.92000000","symbol":"ADABUSD"},"level":"info","message":"Latest price","service":"api-d27bc23-binance-ADABUSD","timestamp":"2022-03-03T03:43:12.014Z"}
{"assetPair":"ADABUSD","data":{"price":"0.92000000","symbol":"ADABUSD"},"level":"info","message":"Latest price","service":"api-d27bc23-binance-ADABUSD","timestamp":"2022-03-03T03:46:12.053Z"}
{"assetPair":"ADABUSD","data":{"price":"0.91700000","symbol":"ADABUSD"},"level":"info","message":"Latest price","service":"api-d27bc23-binance-ADABUSD","timestamp":"2022-03-03T03:49:12.132Z"}
{"assetPair":"ADABUSD","data":{"price":"0.91700000","symbol":"ADABUSD"},"level":"info","message":"Latest price","service":"api-d27bc23-binance-ADABUSD","timestamp":"2022-03-03T03:52:12.168Z"}
{"assetPair":"ADABUSD","data":{"price":"0.92100000","symbol":"ADABUSD"},"level":"info","message":"Latest price","service":"api-d27bc23-binance-ADABUSD","timestamp":"2022-03-03T03:55:12.200Z"}
{"assetPair":"ADABUSD","data":{"price":"0.92000000","symbol":"ADABUSD"},"level":"info","message":"Latest price","service":"api-d27bc23-binance-ADABUSD","timestamp":"2022-03-03T03:58:12.254Z"}
{"assetPair":"ADABUSD","data":{"price":"0.92200000","symbol":"ADABUSD"},"level":"info","message":"Latest price","service":"api-d27bc23-binance-ADABUSD","timestamp":"2022-03-03T04:01:12.277Z"}
{"assetPair":"ADABUSD","data":{"price":"0.92300000","symbol":"ADABUSD"},"level":"info","message":"Latest price","service":"api-d27bc23-binance-ADABUSD","timestamp":"2022-03-03T04:04:12.335Z"}
{"assetPair":"ADABUSD","data":{"price":"0.92400000","symbol":"ADABUSD"},"level":"info","message":"Latest price","service":"api-d27bc23-binance-ADABUSD","timestamp":"2022-03-03T04:07:12.367Z"}
{"assetPair":"ADABUSD","data":{"price":"0.92400000","symbol":"ADABUSD"},"level":"info","message":"Latest price","service":"api-d27bc23-binance-ADABUSD","timestamp":"2022-03-03T04:10:12.459Z"}
{"assetPair":"ADABUSD","data":{"price":"0.92400000","symbol":"ADABUSD"},"level":"info","message":"Latest price","service":"api-d27bc23-binance-ADABUSD","timestamp":"2022-03-03T04:13:12.493Z"}
{"assetPair":"ADABUSD","data":{"price":"0.92400000","symbol":"ADABUSD"},"level":"info","message":"Latest price","service":"api-d27bc23-binance-ADABUSD","timestamp":"2022-03-03T04:16:12.538Z"}
{"assetPair":"ADABUSD","data":{"price":"0.92400000","symbol":"ADABUSD"},"level":"info","message":"Latest price","service":"api-d27bc23-binance-ADABUSD","timestamp":"2022-03-03T04:19:12.563Z"}
{"assetPair":"ADABUSD","data":{"price":"0.92200000","symbol":"ADABUSD"},"level":"info","message":"Latest price","service":"api-d27bc23-binance-ADABUSD","timestamp":"2022-03-03T04:22:12.604Z"}
{"assetPair":"ADABUSD","data":{"price":"0.92300000","symbol":"ADABUSD"},"level":"info","message":"Latest price","service":"api-d27bc23-binance-ADABUSD","timestamp":"2022-03-03T04:25:12.708Z"}
{"assetPair":"ADABUSD","data":{"price":"0.92400000","symbol":"ADABUSD"},"level":"info","message":"Latest price","service":"api-d27bc23-binance-ADABUSD","timestamp":"2022-03-03T04:28:12.767Z"}
{"assetPair":"ADABUSD","data":{"price":"0.92200000","symbol":"ADABUSD"},"level":"info","message":"Latest price","service":"api-d27bc23-binance-ADABUSD","timestamp":"2022-03-03T04:31:12.821Z"}
{"assetPair":"ADABUSD","data":{"price":"0.92300000","symbol":"ADABUSD"},"level":"info","message":"Latest price","service":"api-d27bc23-binance-ADABUSD","timestamp":"2022-03-03T04:34:12.881Z"}
{"assetPair":"ADABUSD","data":{"price":"0.92300000","symbol":"ADABUSD"},"level":"info","message":"Latest price","service":"api-d27bc23-binance-ADABUSD","timestamp":"2022-03-03T04:37:12.974Z"}
{"assetPair":"ADABUSD","data":{"price":"0.92200000","symbol":"ADABUSD"},"level":"info","message":"Latest price","service":"api-d27bc23-binance-ADABUSD","timestamp":"2022-03-03T04:40:13.012Z"}
{"assetPair":"ADABUSD","data":{"price":"0.92200000","symbol":"ADABUSD"},"level":"info","message":"Latest price","service":"api-d27bc23-binance-ADABUSD","timestamp":"2022-03-03T04:43:13.045Z"}
{"assetPair":"ADABUSD","data":{"price":"0.91900000","symbol":"ADABUSD"},"level":"info","message":"Latest price","service":"api-d27bc23-binance-ADABUSD","timestamp":"2022-03-03T04:46:13.085Z"}
{"assetPair":"ADABUSD","data":{"price":"0.91600000","symbol":"ADABUSD"},"level":"info","message":"Latest price","service":"api-d27bc23-binance-ADABUSD","timestamp":"2022-03-03T04:49:13.122Z"}
{"assetPair":"ADABUSD","data":{"price":"0.91600000","symbol":"ADABUSD"},"level":"info","message":"Latest price","service":"api-d27bc23-binance-ADABUSD","timestamp":"2022-03-03T04:52:13.184Z"}
{"assetPair":"ADABUSD","data":{"price":"0.91500000","symbol":"ADABUSD"},"level":"info","message":"Latest price","service":"api-d27bc23-binance-ADABUSD","timestamp":"2022-03-03T04:55:13.221Z"}
{"assetPair":"ADABUSD","data":{"price":"0.91700000","symbol":"ADABUSD"},"level":"info","message":"Latest price","service":"api-d27bc23-binance-ADABUSD","timestamp":"2022-03-03T04:58:13.276Z"}
{"assetPair":"ADABUSD","data":{"price":"0.91900000","symbol":"ADABUSD"},"level":"info","message":"Latest price","service":"api-d27bc23-binance-ADABUSD","timestamp":"2022-03-03T05:01:13.380Z"}
{"assetPair":"ADABUSD","data":{"price":"0.92000000","symbol":"ADABUSD"},"level":"info","message":"Latest price","service":"api-d27bc23-binance-ADABUSD","timestamp":"2022-03-03T05:04:13.455Z"}
{"assetPair":"ADABUSD","data":{"price":"0.91900000","symbol":"ADABUSD"},"level":"info","message":"Latest price","service":"api-d27bc23-binance-ADABUSD","timestamp":"2022-03-03T05:07:13.493Z"}
{"assetPair":"ADABUSD","data":{"price":"0.92000000","symbol":"ADABUSD"},"level":"info","message":"Latest price","service":"api-d27bc23-binance-ADABUSD","timestamp":"2022-03-03T05:10:13.527Z"}
{"assetPair":"ADABUSD","data":{"price":"0.91800000","symbol":"ADABUSD"},"level":"info","message":"Latest price","service":"api-d27bc23-binance-ADABUSD","timestamp":"2022-03-03T05:13:13.584Z"}
{"assetPair":"ADABUSD","data":{"price":"0.91900000","symbol":"ADABUSD"},"level":"info","message":"Latest price","service":"api-d27bc23-binance-ADABUSD","timestamp":"2022-03-03T05:16:13.611Z"}
{"assetPair":"ADABUSD","data":{"price":"0.91900000","symbol":"ADABUSD"},"level":"info","message":"Latest price","service":"api-d27bc23-binance-ADABUSD","timestamp":"2022-03-03T05:19:13.638Z"}
{"assetPair":"ADABUSD","data":{"price":"0.91900000","symbol":"ADABUSD"},"level":"info","message":"Latest price","service":"api-d27bc23-binance-ADABUSD","timestamp":"2022-03-03T05:22:13.668Z"}
{"assetPair":"ADABUSD","data":{"price":"0.92100000","symbol":"ADABUSD"},"level":"info","message":"Latest price","service":"api-d27bc23-binance-ADABUSD","timestamp":"2022-03-03T05:25:13.744Z"}
{"assetPair":"ADABUSD","data":{"price":"0.91900000","symbol":"ADABUSD"},"level":"info","message":"Latest price","service":"api-d27bc23-binance-ADABUSD","timestamp":"2022-03-03T05:28:13.776Z"}
{"assetPair":"ADABUSD","data":{"price":"0.91600000","symbol":"ADABUSD"},"level":"info","message":"Latest price","service":"api-d27bc23-binance-ADABUSD","timestamp":"2022-03-03T05:31:13.808Z"}
{"assetPair":"ADABUSD","data":{"price":"0.91600000","symbol":"ADABUSD"},"level":"info","message":"Latest price","service":"api-d27bc23-binance-ADABUSD","timestamp":"2022-03-03T05:34:13.842Z"}
{"assetPair":"ADABUSD","data":{"price":"0.91700000","symbol":"ADABUSD"},"level":"info","message":"Latest price","service":"api-d27bc23-binance-ADABUSD","timestamp":"2022-03-03T05:37:13.880Z"}
{"assetPair":"ADABUSD","data":{"price":"0.91700000","symbol":"ADABUSD"},"level":"info","message":"Latest price","service":"api-d27bc23-binance-ADABUSD","timestamp":"2022-03-03T05:40:13.914Z"}
{"assetPair":"ADABUSD","data":{"price":"0.91800000","symbol":"ADABUSD"},"level":"info","message":"Latest price","service":"api-d27bc23-binance-ADABUSD","timestamp":"2022-03-03T05:43:13.942Z"}
{"assetPair":"ADABUSD","data":{"price":"0.91800000","symbol":"ADABUSD"},"level":"info","message":"Latest price","service":"api-d27bc23-binance-ADABUSD","timestamp":"2022-03-03T05:46:14.000Z"}
{"assetPair":"ADABUSD","data":{"price":"0.91800000","symbol":"ADABUSD"},"level":"info","message":"Latest price","service":"api-d27bc23-binance-ADABUSD","timestamp":"2022-03-03T05:49:14.077Z"}
{"assetPair":"ADABUSD","data":{"price":"0.92000000","symbol":"ADABUSD"},"level":"info","message":"Latest price","service":"api-d27bc23-binance-ADABUSD","timestamp":"2022-03-03T05:52:14.122Z"}
{"assetPair":"ADABUSD","data":{"price":"0.92000000","symbol":"ADABUSD"},"level":"info","message":"Latest price","service":"api-d27bc23-binance-ADABUSD","timestamp":"2022-03-03T05:55:14.152Z"}
{"assetPair":"ADABUSD","data":{"price":"0.92000000","symbol":"ADABUSD"},"level":"info","message":"Latest price","service":"api-d27bc23-binance-ADABUSD","timestamp":"2022-03-03T05:58:14.183Z"}
{"assetPair":"ADABUSD","data":{"price":"0.92000000","symbol":"ADABUSD"},"level":"info","message":"Latest price","service":"api-d27bc23-binance-ADABUSD","timestamp":"2022-03-03T06:01:14.216Z"}
{"assetPair":"ADABUSD","data":{"price":"0.91900000","symbol":"ADABUSD"},"level":"info","message":"Latest price","service":"api-d27bc23-binance-ADABUSD","timestamp":"2022-03-03T06:04:14.247Z"}
{"assetPair":"ADABUSD","data":{"price":"0.91900000","symbol":"ADABUSD"},"level":"info","message":"Latest price","service":"api-d27bc23-binance-ADABUSD","timestamp":"2022-03-03T06:07:14.323Z"}
{"assetPair":"ADABUSD","data":{"price":"0.91600000","symbol":"ADABUSD"},"level":"info","message":"Latest price","service":"api-d27bc23-binance-ADABUSD","timestamp":"2022-03-03T06:10:14.351Z"}
{"assetPair":"ADABUSD","data":{"price":"0.91300000","symbol":"ADABUSD"},"level":"info","message":"Latest price","service":"api-d27bc23-binance-ADABUSD","timestamp":"2022-03-03T06:13:14.429Z"}
{"assetPair":"ADABUSD","data":{"price":"0.91000000","symbol":"ADABUSD"},"level":"info","message":"Latest price","service":"api-d27bc23-binance-ADABUSD","timestamp":"2022-03-03T06:16:14.498Z"}
{"assetPair":"ADABUSD","data":{"price":"0.91300000","symbol":"ADABUSD"},"level":"info","message":"Latest price","service":"api-d27bc23-binance-ADABUSD","timestamp":"2022-03-03T06:19:14.570Z"}
{"assetPair":"ADABUSD","data":{"price":"0.91400000","symbol":"ADABUSD"},"level":"info","message":"Latest price","service":"api-d27bc23-binance-ADABUSD","timestamp":"2022-03-03T06:22:14.612Z"}
{"assetPair":"ADABUSD","data":{"price":"0.91400000","symbol":"ADABUSD"},"level":"info","message":"Latest price","service":"api-d27bc23-binance-ADABUSD","timestamp":"2022-03-03T06:25:14.653Z"}
{"assetPair":"ADABUSD","data":{"price":"0.91400000","symbol":"ADABUSD"},"level":"info","message":"Latest price","service":"api-d27bc23-binance-ADABUSD","timestamp":"2022-03-03T06:28:14.696Z"}
{"assetPair":"ADABUSD","data":{"price":"0.91600000","symbol":"ADABUSD"},"level":"info","message":"Latest price","service":"api-d27bc23-binance-ADABUSD","timestamp":"2022-03-03T06:31:14.736Z"}
{"assetPair":"ADABUSD","data":{"price":"0.91800000","symbol":"ADABUSD"},"level":"info","message":"Latest price","service":"api-d27bc23-binance-ADABUSD","timestamp":"2022-03-03T06:34:14.770Z"}
{"assetPair":"ADABUSD","data":{"price":"0.92100000","symbol":"ADABUSD"},"level":"info","message":"Latest price","service":"api-d27bc23-binance-ADABUSD","timestamp":"2022-03-03T06:37:14.840Z"}
{"assetPair":"ADABUSD","data":{"price":"0.92100000","symbol":"ADABUSD"},"level":"info","message":"Latest price","service":"api-d27bc23-binance-ADABUSD","timestamp":"2022-03-03T06:40:14.900Z"}
{"assetPair":"ADABUSD","data":{"price":"0.92200000","symbol":"ADABUSD"},"level":"info","message":"Latest price","service":"api-d27bc23-binance-ADABUSD","timestamp":"2022-03-03T06:43:14.972Z"}
{"assetPair":"ADABUSD","data":{"price":"0.92400000","symbol":"ADABUSD"},"level":"info","message":"Latest price","service":"api-d27bc23-binance-ADABUSD","timestamp":"2022-03-03T06:46:15.000Z"}
{"assetPair":"ADABUSD","data":{"price":"0.92600000","symbol":"ADABUSD"},"level":"info","message":"Latest price","service":"api-d27bc23-binance-ADABUSD","timestamp":"2022-03-03T06:49:15.041Z"}
{"assetPair":"ADABUSD","data":{"price":"0.92300000","symbol":"ADABUSD"},"level":"info","message":"Latest price","service":"api-d27bc23-binance-ADABUSD","timestamp":"2022-03-03T06:52:15.071Z"}
{"assetPair":"ADABUSD","data":{"price":"0.92500000","symbol":"ADABUSD"},"level":"info","message":"Latest price","service":"api-d27bc23-binance-ADABUSD","timestamp":"2022-03-03T06:55:15.111Z"}
{"assetPair":"ADABUSD","data":{"price":"0.92500000","symbol":"ADABUSD"},"level":"info","message":"Latest price","service":"api-d27bc23-binance-ADABUSD","timestamp":"2022-03-03T06:58:15.189Z"}
{"assetPair":"ADABUSD","data":{"price":"0.92600000","symbol":"ADABUSD"},"level":"info","message":"Latest price","service":"api-d27bc23-binance-ADABUSD","timestamp":"2022-03-03T07:01:15.215Z"}
{"assetPair":"ADABUSD","data":{"price":"0.92800000","symbol":"ADABUSD"},"level":"info","message":"Latest price","service":"api-d27bc23-binance-ADABUSD","timestamp":"2022-03-03T07:04:15.247Z"}
{"assetPair":"ADABUSD","data":{"price":"0.92800000","symbol":"ADABUSD"},"level":"info","message":"Latest price","service":"api-d27bc23-binance-ADABUSD","timestamp":"2022-03-03T07:07:15.296Z"}
{"assetPair":"ADABUSD","data":{"price":"0.93100000","symbol":"ADABUSD"},"level":"info","message":"Latest price","service":"api-d27bc23-binance-ADABUSD","timestamp":"2022-03-03T07:10:15.327Z"}
{"assetPair":"ADABUSD","data":{"price":"0.92900000","symbol":"ADABUSD"},"level":"info","message":"Latest price","service":"api-d27bc23-binance-ADABUSD","timestamp":"2022-03-03T07:13:15.371Z"}
{"assetPair":"ADABUSD","data":{"price":"0.92700000","symbol":"ADABUSD"},"level":"info","message":"Latest price","service":"api-d27bc23-binance-ADABUSD","timestamp":"2022-03-03T07:16:15.424Z"}
{"assetPair":"ADABUSD","data":{"price":"0.92500000","symbol":"ADABUSD"},"level":"info","message":"Latest price","service":"api-d27bc23-binance-ADABUSD","timestamp":"2022-03-03T07:19:15.502Z"}
{"assetPair":"ADABUSD","data":{"price":"0.92500000","symbol":"ADABUSD"},"level":"info","message":"Latest price","service":"api-d27bc23-binance-ADABUSD","timestamp":"2022-03-03T07:22:15.537Z"}
{"assetPair":"ADABUSD","data":{"price":"0.92500000","symbol":"ADABUSD"},"level":"info","message":"Latest price","service":"api-d27bc23-binance-ADABUSD","timestamp":"2022-03-03T07:25:15.576Z"}
{"assetPair":"ADABUSD","data":{"price":"0.92600000","symbol":"ADABUSD"},"level":"info","message":"Latest price","service":"api-d27bc23-binance-ADABUSD","timestamp":"2022-03-03T07:28:15.611Z"}
{"assetPair":"ADABUSD","data":{"price":"0.92800000","symbol":"ADABUSD"},"level":"info","message":"Latest price","service":"api-d27bc23-binance-ADABUSD","timestamp":"2022-03-03T07:31:15.640Z"}
{"assetPair":"ADABUSD","data":{"price":"0.92700000","symbol":"ADABUSD"},"level":"info","message":"Latest price","service":"api-d27bc23-binance-ADABUSD","timestamp":"2022-03-03T07:34:15.670Z"}
{"assetPair":"ADABUSD","data":{"price":"0.92600000","symbol":"ADABUSD"},"level":"info","message":"Latest price","service":"api-d27bc23-binance-ADABUSD","timestamp":"2022-03-03T07:37:15.739Z"}
{"assetPair":"ADABUSD","data":{"price":"0.92500000","symbol":"ADABUSD"},"level":"info","message":"Latest price","service":"api-d27bc23-binance-ADABUSD","timestamp":"2022-03-03T07:40:15.772Z"}
{"assetPair":"ADABUSD","data":{"price":"0.92400000","symbol":"ADABUSD"},"level":"info","message":"Latest price","service":"api-d27bc23-binance-ADABUSD","timestamp":"2022-03-03T07:43:15.803Z"}
{"assetPair":"ADABUSD","data":{"price":"0.92500000","symbol":"ADABUSD"},"level":"info","message":"Latest price","service":"api-d27bc23-binance-ADABUSD","timestamp":"2022-03-03T07:46:15.843Z"}
{"assetPair":"ADABUSD","data":{"price":"0.92400000","symbol":"ADABUSD"},"level":"info","message":"Latest price","service":"api-d27bc23-binance-ADABUSD","timestamp":"2022-03-03T07:49:15.870Z"}
{"assetPair":"ADABUSD","data":{"price":"0.92400000","symbol":"ADABUSD"},"level":"info","message":"Latest price","service":"api-d27bc23-binance-ADABUSD","timestamp":"2022-03-03T07:52:15.909Z"}
{"assetPair":"ADABUSD","data":{"price":"0.92400000","symbol":"ADABUSD"},"level":"info","message":"Latest price","service":"api-d27bc23-binance-ADABUSD","timestamp":"2022-03-03T07:55:15.936Z"}
{"assetPair":"ADABUSD","data":{"price":"0.92200000","symbol":"ADABUSD"},"level":"info","message":"Latest price","service":"api-d27bc23-binance-ADABUSD","timestamp":"2022-03-03T07:58:15.970Z"}
{"assetPair":"ADABUSD","data":{"price":"0.92400000","symbol":"ADABUSD"},"level":"info","message":"Latest price","service":"api-d27bc23-binance-ADABUSD","timestamp":"2022-03-03T08:01:16.001Z"}
{"assetPair":"ADABUSD","data":{"price":"0.92300000","symbol":"ADABUSD"},"level":"info","message":"Latest price","service":"api-d27bc23-binance-ADABUSD","timestamp":"2022-03-03T08:04:16.036Z"}
{"assetPair":"ADABUSD","data":{"price":"0.92200000","symbol":"ADABUSD"},"level":"info","message":"Latest price","service":"api-d27bc23-binance-ADABUSD","timestamp":"2022-03-03T08:07:16.068Z"}
{"assetPair":"ADABUSD","data":{"price":"0.92600000","symbol":"ADABUSD"},"level":"info","message":"Latest price","service":"api-d27bc23-binance-ADABUSD","timestamp":"2022-03-03T08:10:16.104Z"}
{"assetPair":"ADABUSD","data":{"price":"0.92600000","symbol":"ADABUSD"},"level":"info","message":"Latest price","service":"api-d27bc23-binance-ADABUSD","timestamp":"2022-03-03T08:13:16.134Z"}
{"assetPair":"ADABUSD","data":{"price":"0.92700000","symbol":"ADABUSD"},"level":"info","message":"Latest price","service":"api-d27bc23-binance-ADABUSD","timestamp":"2022-03-03T08:16:16.165Z"}
{"assetPair":"ADABUSD","data":{"price":"0.92600000","symbol":"ADABUSD"},"level":"info","message":"Latest price","service":"api-d27bc23-binance-ADABUSD","timestamp":"2022-03-03T08:19:16.200Z"}
{"assetPair":"ADABUSD","data":{"price":"0.92600000","symbol":"ADABUSD"},"level":"info","message":"Latest price","service":"api-d27bc23-binance-ADABUSD","timestamp":"2022-03-03T08:22:16.234Z"}
{"assetPair":"ADABUSD","data":{"price":"0.92500000","symbol":"ADABUSD"},"level":"info","message":"Latest price","service":"api-d27bc23-binance-ADABUSD","timestamp":"2022-03-03T08:25:16.267Z"}
{"assetPair":"ADABUSD","data":{"price":"0.92600000","symbol":"ADABUSD"},"level":"info","message":"Latest price","service":"api-d27bc23-binance-ADABUSD","timestamp":"2022-03-03T08:28:16.325Z"}
{"assetPair":"ADABUSD","data":{"price":"0.92500000","symbol":"ADABUSD"},"level":"info","message":"Latest price","service":"api-d27bc23-binance-ADABUSD","timestamp":"2022-03-03T08:31:16.360Z"}
{"assetPair":"ADABUSD","data":{"price":"0.92400000","symbol":"ADABUSD"},"level":"info","message":"Latest price","service":"api-d27bc23-binance-ADABUSD","timestamp":"2022-03-03T08:34:16.398Z"}
{"assetPair":"ADABUSD","data":{"price":"0.92200000","symbol":"ADABUSD"},"level":"info","message":"Latest price","service":"api-d27bc23-binance-ADABUSD","timestamp":"2022-03-03T08:37:16.428Z"}
{"assetPair":"ADABUSD","data":{"price":"0.92100000","symbol":"ADABUSD"},"level":"info","message":"Latest price","service":"api-d27bc23-binance-ADABUSD","timestamp":"2022-03-03T08:40:16.465Z"}
{"assetPair":"ADABUSD","data":{"price":"0.92200000","symbol":"ADABUSD"},"level":"info","message":"Latest price","service":"api-d27bc23-binance-ADABUSD","timestamp":"2022-03-03T08:43:16.533Z"}
{"assetPair":"ADABUSD","data":{"price":"0.92300000","symbol":"ADABUSD"},"level":"info","message":"Latest price","service":"api-d27bc23-binance-ADABUSD","timestamp":"2022-03-03T08:46:16.565Z"}
{"assetPair":"ADABUSD","data":{"price":"0.92200000","symbol":"ADABUSD"},"level":"info","message":"Latest price","service":"api-d27bc23-binance-ADABUSD","timestamp":"2022-03-03T08:49:16.627Z"}
{"assetPair":"ADABUSD","data":{"price":"0.92100000","symbol":"ADABUSD"},"level":"info","message":"Latest price","service":"api-d27bc23-binance-ADABUSD","timestamp":"2022-03-03T08:52:16.683Z"}
{"assetPair":"ADABUSD","data":{"price":"0.91800000","symbol":"ADABUSD"},"level":"info","message":"Latest price","service":"api-d27bc23-binance-ADABUSD","timestamp":"2022-03-03T08:55:16.715Z"}
{"assetPair":"ADABUSD","data":{"price":"0.91700000","symbol":"ADABUSD"},"level":"info","message":"Latest price","service":"api-d27bc23-binance-ADABUSD","timestamp":"2022-03-03T08:58:16.821Z"}
{"assetPair":"ADABUSD","data":{"price":"0.91900000","symbol":"ADABUSD"},"level":"info","message":"Latest price","service":"api-d27bc23-binance-ADABUSD","timestamp":"2022-03-03T09:01:16.846Z"}
{"assetPair":"ADABUSD","data":{"price":"0.91900000","symbol":"ADABUSD"},"level":"info","message":"Latest price","service":"api-d27bc23-binance-ADABUSD","timestamp":"2022-03-03T09:04:16.881Z"}
{"assetPair":"ADABUSD","data":{"price":"0.91700000","symbol":"ADABUSD"},"level":"info","message":"Latest price","service":"api-d27bc23-binance-ADABUSD","timestamp":"2022-03-03T09:07:16.956Z"}
{"assetPair":"ADABUSD","data":{"price":"0.91600000","symbol":"ADABUSD"},"level":"info","message":"Latest price","service":"api-d27bc23-binance-ADABUSD","timestamp":"2022-03-03T09:10:16.990Z"}
{"assetPair":"ADABUSD","data":{"price":"0.91600000","symbol":"ADABUSD"},"level":"info","message":"Latest price","service":"api-d27bc23-binance-ADABUSD","timestamp":"2022-03-03T09:13:17.019Z"}
{"assetPair":"ADABUSD","data":{"price":"0.91600000","symbol":"ADABUSD"},"level":"info","message":"Latest price","service":"api-d27bc23-binance-ADABUSD","timestamp":"2022-03-03T09:16:17.078Z"}
{"assetPair":"ADABUSD","data":{"price":"0.91500000","symbol":"ADABUSD"},"level":"info","message":"Latest price","service":"api-d27bc23-binance-ADABUSD","timestamp":"2022-03-03T09:19:17.118Z"}
{"assetPair":"ADABUSD","data":{"price":"0.91400000","symbol":"ADABUSD"},"level":"info","message":"Latest price","service":"api-d27bc23-binance-ADABUSD","timestamp":"2022-03-03T09:22:17.153Z"}
{"assetPair":"ADABUSD","data":{"price":"0.91600000","symbol":"ADABUSD"},"level":"info","message":"Latest price","service":"api-d27bc23-binance-ADABUSD","timestamp":"2022-03-03T09:25:17.179Z"}
{"assetPair":"ADABUSD","data":{"price":"0.91700000","symbol":"ADABUSD"},"level":"info","message":"Latest price","service":"api-d27bc23-binance-ADABUSD","timestamp":"2022-03-03T09:28:17.210Z"}
{"assetPair":"ADABUSD","data":{"price":"0.91100000","symbol":"ADABUSD"},"level":"info","message":"Latest price","service":"api-d27bc23-binance-ADABUSD","timestamp":"2022-03-03T09:31:17.247Z"}
{"assetPair":"ADABUSD","data":{"price":"0.91400000","symbol":"ADABUSD"},"level":"info","message":"Latest price","service":"api-d27bc23-binance-ADABUSD","timestamp":"2022-03-03T09:34:17.271Z"}
{"assetPair":"ADABUSD","data":{"price":"0.91500000","symbol":"ADABUSD"},"level":"info","message":"Latest price","service":"api-d27bc23-binance-ADABUSD","timestamp":"2022-03-03T09:37:17.345Z"}
{"assetPair":"ADABUSD","data":{"price":"0.91500000","symbol":"ADABUSD"},"level":"info","message":"Latest price","service":"api-d27bc23-binance-ADABUSD","timestamp":"2022-03-03T09:40:17.412Z"}
{"assetPair":"ADABUSD","data":{"price":"0.91500000","symbol":"ADABUSD"},"level":"info","message":"Latest price","service":"api-d27bc23-binance-ADABUSD","timestamp":"2022-03-03T09:43:17.439Z"}
{"assetPair":"ADABUSD","data":{"price":"0.91700000","symbol":"ADABUSD"},"level":"info","message":"Latest price","service":"api-d27bc23-binance-ADABUSD","timestamp":"2022-03-03T09:46:17.468Z"}
{"assetPair":"ADABUSD","data":{"price":"0.91700000","symbol":"ADABUSD"},"level":"info","message":"Latest price","service":"api-d27bc23-binance-ADABUSD","timestamp":"2022-03-03T09:49:17.496Z"}
{"assetPair":"ADABUSD","data":{"price":"0.91600000","symbol":"ADABUSD"},"level":"info","message":"Latest price","service":"api-d27bc23-binance-ADABUSD","timestamp":"2022-03-03T09:52:17.536Z"}
{"assetPair":"ADABUSD","data":{"price":"0.91600000","symbol":"ADABUSD"},"level":"info","message":"Latest price","service":"api-d27bc23-binance-ADABUSD","timestamp":"2022-03-03T09:55:17.569Z"}
{"assetPair":"ADABUSD","data":{"price":"0.91600000","symbol":"ADABUSD"},"level":"info","message":"Latest price","service":"api-d27bc23-binance-ADABUSD","timestamp":"2022-03-03T09:58:17.623Z"}
{"assetPair":"ADABUSD","data":{"price":"0.91700000","symbol":"ADABUSD"},"level":"info","message":"Latest price","service":"api-d27bc23-binance-ADABUSD","timestamp":"2022-03-03T10:01:17.664Z"}
{"assetPair":"ADABUSD","data":{"price":"0.91400000","symbol":"ADABUSD"},"level":"info","message":"Latest price","service":"api-d27bc23-binance-ADABUSD","timestamp":"2022-03-03T10:04:17.763Z"}
{"assetPair":"ADABUSD","data":{"price":"0.91100000","symbol":"ADABUSD"},"level":"info","message":"Latest price","service":"api-d27bc23-binance-ADABUSD","timestamp":"2022-03-03T10:07:17.799Z"}
{"assetPair":"ADABUSD","data":{"price":"0.91100000","symbol":"ADABUSD"},"level":"info","message":"Latest price","service":"api-d27bc23-binance-ADABUSD","timestamp":"2022-03-03T10:10:17.831Z"}
{"assetPair":"ADABUSD","data":{"price":"0.90900000","symbol":"ADABUSD"},"level":"info","message":"Latest price","service":"api-d27bc23-binance-ADABUSD","timestamp":"2022-03-03T10:13:17.862Z"}
{"assetPair":"ADABUSD","data":{"price":"0.91200000","symbol":"ADABUSD"},"level":"info","message":"Latest price","service":"api-d27bc23-binance-ADABUSD","timestamp":"2022-03-03T10:16:17.893Z"}
{"assetPair":"ADABUSD","data":{"price":"0.91400000","symbol":"ADABUSD"},"level":"info","message":"Latest price","service":"api-d27bc23-binance-ADABUSD","timestamp":"2022-03-03T10:19:17.927Z"}
{"assetPair":"ADABUSD","data":{"price":"0.91300000","symbol":"ADABUSD"},"level":"info","message":"Latest price","service":"api-d27bc23-binance-ADABUSD","timestamp":"2022-03-03T10:22:17.962Z"}
{"assetPair":"ADABUSD","data":{"price":"0.91300000","symbol":"ADABUSD"},"level":"info","message":"Latest price","service":"api-d27bc23-binance-ADABUSD","timestamp":"2022-03-03T10:25:17.991Z"}
{"assetPair":"ADABUSD","data":{"price":"0.91200000","symbol":"ADABUSD"},"level":"info","message":"Latest price","service":"api-d27bc23-binance-ADABUSD","timestamp":"2022-03-03T10:28:18.024Z"}
{"assetPair":"ADABUSD","data":{"price":"0.91200000","symbol":"ADABUSD"},"level":"info","message":"Latest price","service":"api-d27bc23-binance-ADABUSD","timestamp":"2022-03-03T10:31:18.061Z"}
{"assetPair":"ADABUSD","data":{"price":"0.91400000","symbol":"ADABUSD"},"level":"info","message":"Latest price","service":"api-d27bc23-binance-ADABUSD","timestamp":"2022-03-03T10:34:18.090Z"}
{"assetPair":"ADABUSD","data":{"price":"0.91100000","symbol":"ADABUSD"},"level":"info","message":"Latest price","service":"api-d27bc23-binance-ADABUSD","timestamp":"2022-03-03T10:37:18.129Z"}
{"assetPair":"ADABUSD","data":{"price":"0.91100000","symbol":"ADABUSD"},"level":"info","message":"Latest price","service":"api-d27bc23-binance-ADABUSD","timestamp":"2022-03-03T10:40:18.192Z"}
{"assetPair":"ADABUSD","data":{"price":"0.91100000","symbol":"ADABUSD"},"level":"info","message":"Latest price","service":"api-d27bc23-binance-ADABUSD","timestamp":"2022-03-03T10:43:18.247Z"}
{"assetPair":"ADABUSD","data":{"price":"0.91500000","symbol":"ADABUSD"},"level":"info","message":"Latest price","service":"api-d27bc23-binance-ADABUSD","timestamp":"2022-03-03T10:46:18.284Z"}
{"assetPair":"ADABUSD","data":{"price":"0.91400000","symbol":"ADABUSD"},"level":"info","message":"Latest price","service":"api-d27bc23-binance-ADABUSD","timestamp":"2022-03-03T10:49:18.339Z"}
{"assetPair":"ADABUSD","data":{"price":"0.91500000","symbol":"ADABUSD"},"level":"info","message":"Latest price","service":"api-d27bc23-binance-ADABUSD","timestamp":"2022-03-03T10:52:18.372Z"}
{"assetPair":"ADABUSD","data":{"price":"0.91600000","symbol":"ADABUSD"},"level":"info","message":"Latest price","service":"api-d27bc23-binance-ADABUSD","timestamp":"2022-03-03T10:55:18.404Z"}
{"assetPair":"ADABUSD","data":{"price":"0.91400000","symbol":"ADABUSD"},"level":"info","message":"Latest price","service":"api-d27bc23-binance-ADABUSD","timestamp":"2022-03-03T10:58:18.436Z"}
{"assetPair":"ADABUSD","data":{"price":"0.91500000","symbol":"ADABUSD"},"level":"info","message":"Latest price","service":"api-d27bc23-binance-ADABUSD","timestamp":"2022-03-03T11:01:18.501Z"}
{"assetPair":"ADABUSD","data":{"price":"0.91600000","symbol":"ADABUSD"},"level":"info","message":"Latest price","service":"api-d27bc23-binance-ADABUSD","timestamp":"2022-03-03T11:04:18.542Z"}
{"assetPair":"ADABUSD","data":{"price":"0.91400000","symbol":"ADABUSD"},"level":"info","message":"Latest price","service":"api-d27bc23-binance-ADABUSD","timestamp":"2022-03-03T11:07:18.611Z"}
{"assetPair":"ADABUSD","data":{"price":"0.91600000","symbol":"ADABUSD"},"level":"info","message":"Latest price","service":"api-d27bc23-binance-ADABUSD","timestamp":"2022-03-03T11:10:18.667Z"}
{"assetPair":"ADABUSD","data":{"price":"0.91700000","symbol":"ADABUSD"},"level":"info","message":"Latest price","service":"api-d27bc23-binance-ADABUSD","timestamp":"2022-03-03T11:13:18.700Z"}
{"assetPair":"ADABUSD","data":{"price":"0.91600000","symbol":"ADABUSD"},"level":"info","message":"Latest price","service":"api-d27bc23-binance-ADABUSD","timestamp":"2022-03-03T11:16:18.758Z"}
{"assetPair":"ADABUSD","data":{"price":"0.92000000","symbol":"ADABUSD"},"level":"info","message":"Latest price","service":"api-d27bc23-binance-ADABUSD","timestamp":"2022-03-03T11:19:18.783Z"}
{"assetPair":"ADABUSD","data":{"price":"0.92000000","symbol":"ADABUSD"},"level":"info","message":"Latest price","service":"api-d27bc23-binance-ADABUSD","timestamp":"2022-03-03T11:22:18.823Z"}
{"assetPair":"ADABUSD","data":{"price":"0.92000000","symbol":"ADABUSD"},"level":"info","message":"Latest price","service":"api-d27bc23-binance-ADABUSD","timestamp":"2022-03-03T11:25:18.882Z"}
{"assetPair":"ADABUSD","data":{"price":"0.92200000","symbol":"ADABUSD"},"level":"info","message":"Latest price","service":"api-d27bc23-binance-ADABUSD","timestamp":"2022-03-03T11:28:18.918Z"}
{"assetPair":"ADABUSD","data":{"price":"0.92100000","symbol":"ADABUSD"},"level":"info","message":"Latest price","service":"api-d27bc23-binance-ADABUSD","timestamp":"2022-03-03T11:31:18.949Z"}
{"assetPair":"ADABUSD","data":{"price":"0.92200000","symbol":"ADABUSD"},"level":"info","message":"Latest price","service":"api-d27bc23-binance-ADABUSD","timestamp":"2022-03-03T11:34:18.983Z"}
{"assetPair":"ADABUSD","data":{"price":"0.92000000","symbol":"ADABUSD"},"level":"info","message":"Latest price","service":"api-d27bc23-binance-ADABUSD","timestamp":"2022-03-03T11:37:19.024Z"}
{"assetPair":"ADABUSD","data":{"price":"0.92000000","symbol":"ADABUSD"},"level":"info","message":"Latest price","service":"api-d27bc23-binance-ADABUSD","timestamp":"2022-03-03T11:40:19.056Z"}
{"assetPair":"ADABUSD","data":{"price":"0.91800000","symbol":"ADABUSD"},"level":"info","message":"Latest price","service":"api-d27bc23-binance-ADABUSD","timestamp":"2022-03-03T11:43:19.102Z"}
{"assetPair":"ADABUSD","data":{"price":"0.91600000","symbol":"ADABUSD"},"level":"info","message":"Latest price","service":"api-d27bc23-binance-ADABUSD","timestamp":"2022-03-03T11:46:19.139Z"}
{"assetPair":"ADABUSD","data":{"price":"0.91800000","symbol":"ADABUSD"},"level":"info","message":"Latest price","service":"api-d27bc23-binance-ADABUSD","timestamp":"2022-03-03T11:49:19.176Z"}
{"assetPair":"ADABUSD","data":{"price":"0.91800000","symbol":"ADABUSD"},"level":"info","message":"Latest price","service":"api-d27bc23-binance-ADABUSD","timestamp":"2022-03-03T11:52:19.212Z"}
{"assetPair":"ADABUSD","data":{"price":"0.91600000","symbol":"ADABUSD"},"level":"info","message":"Latest price","service":"api-d27bc23-binance-ADABUSD","timestamp":"2022-03-03T11:55:19.326Z"}
{"assetPair":"ADABUSD","data":{"price":"0.91500000","symbol":"ADABUSD"},"level":"info","message":"Latest price","service":"api-d27bc23-binance-ADABUSD","timestamp":"2022-03-03T11:58:19.356Z"}
{"assetPair":"ADABUSD","data":{"price":"0.91700000","symbol":"ADABUSD"},"level":"info","message":"Latest price","service":"api-d27bc23-binance-ADABUSD","timestamp":"2022-03-03T12:01:19.428Z"}
{"assetPair":"ADABUSD","data":{"price":"0.91900000","symbol":"ADABUSD"},"level":"info","message":"Latest price","service":"api-d27bc23-binance-ADABUSD","timestamp":"2022-03-03T12:04:19.458Z"}
{"assetPair":"ADABUSD","data":{"price":"0.91700000","symbol":"ADABUSD"},"level":"info","message":"Latest price","service":"api-d27bc23-binance-ADABUSD","timestamp":"2022-03-03T12:07:19.495Z"}
{"assetPair":"ADABUSD","data":{"price":"0.91800000","symbol":"ADABUSD"},"level":"info","message":"Latest price","service":"api-d27bc23-binance-ADABUSD","timestamp":"2022-03-03T12:10:19.529Z"}
{"assetPair":"ADABUSD","data":{"price":"0.91800000","symbol":"ADABUSD"},"level":"info","message":"Latest price","service":"api-d27bc23-binance-ADABUSD","timestamp":"2022-03-03T12:13:19.566Z"}
{"assetPair":"ADABUSD","data":{"price":"0.91900000","symbol":"ADABUSD"},"level":"info","message":"Latest price","service":"api-d27bc23-binance-ADABUSD","timestamp":"2022-03-03T12:16:19.598Z"}
{"assetPair":"ADABUSD","data":{"price":"0.92100000","symbol":"ADABUSD"},"level":"info","message":"Latest price","service":"api-d27bc23-binance-ADABUSD","timestamp":"2022-03-03T12:19:19.638Z"}
{"assetPair":"ADABUSD","data":{"price":"0.92000000","symbol":"ADABUSD"},"level":"info","message":"Latest price","service":"api-d27bc23-binance-ADABUSD","timestamp":"2022-03-03T12:22:19.674Z"}
{"assetPair":"ADABUSD","data":{"price":"0.92300000","symbol":"ADABUSD"},"level":"info","message":"Latest price","service":"api-d27bc23-binance-ADABUSD","timestamp":"2022-03-03T12:25:19.753Z"}
{"assetPair":"ADABUSD","data":{"price":"0.92500000","symbol":"ADABUSD"},"level":"info","message":"Latest price","service":"api-d27bc23-binance-ADABUSD","timestamp":"2022-03-03T12:28:19.786Z"}
{"assetPair":"ADABUSD","data":{"price":"0.92300000","symbol":"ADABUSD"},"level":"info","message":"Latest price","service":"api-d27bc23-binance-ADABUSD","timestamp":"2022-03-03T12:31:19.821Z"}
{"assetPair":"ADABUSD","data":{"price":"0.92500000","symbol":"ADABUSD"},"level":"info","message":"Latest price","service":"api-d27bc23-binance-ADABUSD","timestamp":"2022-03-03T12:34:19.890Z"}
{"assetPair":"ADABUSD","data":{"price":"0.92500000","symbol":"ADABUSD"},"level":"info","message":"Latest price","service":"api-d27bc23-binance-ADABUSD","timestamp":"2022-03-03T12:37:19.923Z"}
{"assetPair":"ADABUSD","data":{"price":"0.92400000","symbol":"ADABUSD"},"level":"info","message":"Latest price","service":"api-d27bc23-binance-ADABUSD","timestamp":"2022-03-03T12:40:19.965Z"}
{"assetPair":"ADABUSD","data":{"price":"0.92300000","symbol":"ADABUSD"},"level":"info","message":"Latest price","service":"api-d27bc23-binance-ADABUSD","timestamp":"2022-03-03T12:43:20.005Z"}
{"assetPair":"ADABUSD","data":{"price":"0.92400000","symbol":"ADABUSD"},"level":"info","message":"Latest price","service":"api-d27bc23-binance-ADABUSD","timestamp":"2022-03-03T12:46:20.039Z"}
{"assetPair":"ADABUSD","data":{"price":"0.92100000","symbol":"ADABUSD"},"level":"info","message":"Latest price","service":"api-d27bc23-binance-ADABUSD","timestamp":"2022-03-03T12:49:20.065Z"}
{"assetPair":"ADABUSD","data":{"price":"0.92200000","symbol":"ADABUSD"},"level":"info","message":"Latest price","service":"api-d27bc23-binance-ADABUSD","timestamp":"2022-03-03T12:52:20.155Z"}
{"assetPair":"ADABUSD","data":{"price":"0.92200000","symbol":"ADABUSD"},"level":"info","message":"Latest price","service":"api-d27bc23-binance-ADABUSD","timestamp":"2022-03-03T12:55:20.191Z"}
{"assetPair":"ADABUSD","data":{"price":"0.92300000","symbol":"ADABUSD"},"level":"info","message":"Latest price","service":"api-d27bc23-binance-ADABUSD","timestamp":"2022-03-03T12:58:20.229Z"}
