{"assetPair":"ADABUSD","data":{"price":"0.84400000","symbol":"ADABUSD"},"level":"info","message":"Latest price","service":"api-3d0cd84-binance-ADABUSD","timestamp":"2022-03-09T13:01:18.135Z"}
{"assetPair":"ADABUSD","data":{"price":"0.84200000","symbol":"ADABUSD"},"level":"info","message":"Latest price","service":"api-3d0cd84-binance-ADABUSD","timestamp":"2022-03-09T13:04:18.287Z"}
{"assetPair":"ADABUSD","data":{"price":"0.84100000","symbol":"ADABUSD"},"level":"info","message":"Latest price","service":"api-3d0cd84-binance-ADABUSD","timestamp":"2022-03-09T13:07:18.355Z"}
{"assetPair":"ADABUSD","data":{"price":"0.84200000","symbol":"ADABUSD"},"level":"info","message":"Latest price","service":"api-3d0cd84-binance-ADABUSD","timestamp":"2022-03-09T13:10:18.467Z"}
{"assetPair":"ADABUSD","data":{"price":"0.84300000","symbol":"ADABUSD"},"level":"info","message":"Latest price","service":"api-3d0cd84-binance-ADABUSD","timestamp":"2022-03-09T13:13:18.596Z"}
{"assetPair":"ADABUSD","data":{"price":"0.84500000","symbol":"ADABUSD"},"level":"info","message":"Latest price","service":"api-3d0cd84-binance-ADABUSD","timestamp":"2022-03-09T13:16:18.687Z"}
{"assetPair":"ADABUSD","data":{"price":"0.84500000","symbol":"ADABUSD"},"level":"info","message":"Latest price","service":"api-3d0cd84-binance-ADABUSD","timestamp":"2022-03-09T13:19:18.821Z"}
{"assetPair":"ADABUSD","data":{"price":"0.84400000","symbol":"ADABUSD"},"level":"info","message":"Latest price","service":"api-3d0cd84-binance-ADABUSD","timestamp":"2022-03-09T13:22:18.949Z"}
{"assetPair":"ADABUSD","data":{"price":"0.84600000","symbol":"ADABUSD"},"level":"info","message":"Latest price","service":"api-3d0cd84-binance-ADABUSD","timestamp":"2022-03-09T13:25:19.053Z"}
{"assetPair":"ADABUSD","data":{"price":"0.84700000","symbol":"ADABUSD"},"level":"info","message":"Latest price","service":"api-3d0cd84-binance-ADABUSD","timestamp":"2022-03-09T13:28:19.139Z"}
{"assetPair":"ADABUSD","data":{"price":"0.84700000","symbol":"ADABUSD"},"level":"info","message":"Latest price","service":"api-3d0cd84-binance-ADABUSD","timestamp":"2022-03-09T13:31:19.270Z"}
{"assetPair":"ADABUSD","data":{"price":"0.84600000","symbol":"ADABUSD"},"level":"info","message":"Latest price","service":"api-3d0cd84-binance-ADABUSD","timestamp":"2022-03-09T13:34:19.352Z"}
{"assetPair":"ADABUSD","data":{"price":"0.84500000","symbol":"ADABUSD"},"level":"info","message":"Latest price","service":"api-3d0cd84-binance-ADABUSD","timestamp":"2022-03-09T13:37:19.463Z"}
{"assetPair":"ADABUSD","data":{"price":"0.84400000","symbol":"ADABUSD"},"level":"info","message":"Latest price","service":"api-3d0cd84-binance-ADABUSD","timestamp":"2022-03-09T13:40:19.561Z"}
{"assetPair":"ADABUSD","data":{"price":"0.84400000","symbol":"ADABUSD"},"level":"info","message":"Latest price","service":"api-3d0cd84-binance-ADABUSD","timestamp":"2022-03-09T13:43:19.654Z"}
{"assetPair":"ADABUSD","data":{"price":"0.84200000","symbol":"ADABUSD"},"level":"info","message":"Latest price","service":"api-3d0cd84-binance-ADABUSD","timestamp":"2022-03-09T13:46:19.785Z"}
{"assetPair":"ADABUSD","data":{"price":"0.84200000","symbol":"ADABUSD"},"level":"info","message":"Latest price","service":"api-3d0cd84-binance-ADABUSD","timestamp":"2022-03-09T13:49:19.875Z"}
{"assetPair":"ADABUSD","data":{"price":"0.83900000","symbol":"ADABUSD"},"level":"info","message":"Latest price","service":"api-3d0cd84-binance-ADABUSD","timestamp":"2022-03-09T13:52:20.015Z"}
{"assetPair":"ADABUSD","data":{"price":"0.84000000","symbol":"ADABUSD"},"level":"info","message":"Latest price","service":"api-3d0cd84-binance-ADABUSD","timestamp":"2022-03-09T13:55:20.066Z"}
{"assetPair":"ADABUSD","data":{"price":"0.84100000","symbol":"ADABUSD"},"level":"info","message":"Latest price","service":"api-3d0cd84-binance-ADABUSD","timestamp":"2022-03-09T13:58:20.133Z"}
{"assetPair":"ADABUSD","data":{"price":"0.84100000","symbol":"ADABUSD"},"level":"info","message":"Latest price","service":"api-3d0cd84-binance-ADABUSD","timestamp":"2022-03-09T14:01:20.227Z"}
{"assetPair":"ADABUSD","data":{"price":"0.84300000","symbol":"ADABUSD"},"level":"info","message":"Latest price","service":"api-3d0cd84-binance-ADABUSD","timestamp":"2022-03-09T14:04:20.358Z"}
{"assetPair":"ADABUSD","data":{"price":"0.84400000","symbol":"ADABUSD"},"level":"info","message":"Latest price","service":"api-3d0cd84-binance-ADABUSD","timestamp":"2022-03-09T14:07:20.448Z"}
{"assetPair":"ADABUSD","data":{"price":"0.84800000","symbol":"ADABUSD"},"level":"info","message":"Latest price","service":"api-3d0cd84-binance-ADABUSD","timestamp":"2022-03-09T14:10:20.558Z"}
{"assetPair":"ADABUSD","data":{"price":"0.84800000","symbol":"ADABUSD"},"level":"info","message":"Latest price","service":"api-3d0cd84-binance-ADABUSD","timestamp":"2022-03-09T14:13:20.612Z"}
{"assetPair":"ADABUSD","data":{"price":"0.84700000","symbol":"ADABUSD"},"level":"info","message":"Latest price","service":"api-3d0cd84-binance-ADABUSD","timestamp":"2022-03-09T14:16:20.751Z"}
{"assetPair":"ADABUSD","data":{"price":"0.84500000","symbol":"ADABUSD"},"level":"info","message":"Latest price","service":"api-3d0cd84-binance-ADABUSD","timestamp":"2022-03-09T14:19:20.885Z"}
{"assetPair":"ADABUSD","data":{"price":"0.84600000","symbol":"ADABUSD"},"level":"info","message":"Latest price","service":"api-3d0cd84-binance-ADABUSD","timestamp":"2022-03-09T14:22:21.001Z"}
{"assetPair":"ADABUSD","data":{"price":"0.84600000","symbol":"ADABUSD"},"level":"info","message":"Latest price","service":"api-3d0cd84-binance-ADABUSD","timestamp":"2022-03-09T14:25:21.070Z"}
{"assetPair":"ADABUSD","data":{"price":"0.84700000","symbol":"ADABUSD"},"level":"info","message":"Latest price","service":"api-3d0cd84-binance-ADABUSD","timestamp":"2022-03-09T14:28:21.216Z"}
{"assetPair":"ADABUSD","data":{"price":"0.84400000","symbol":"ADABUSD"},"level":"info","message":"Latest price","service":"api-3d0cd84-binance-ADABUSD","timestamp":"2022-03-09T14:31:21.251Z"}
{"assetPair":"ADABUSD","data":{"price":"0.84500000","symbol":"ADABUSD"},"level":"info","message":"Latest price","service":"api-3d0cd84-binance-ADABUSD","timestamp":"2022-03-09T14:34:21.375Z"}
{"assetPair":"ADABUSD","data":{"price":"0.84400000","symbol":"ADABUSD"},"level":"info","message":"Latest price","service":"api-3d0cd84-binance-ADABUSD","timestamp":"2022-03-09T14:37:21.506Z"}
{"assetPair":"ADABUSD","data":{"price":"0.84500000","symbol":"ADABUSD"},"level":"info","message":"Latest price","service":"api-3d0cd84-binance-ADABUSD","timestamp":"2022-03-09T14:40:21.558Z"}
{"assetPair":"ADABUSD","data":{"price":"0.84700000","symbol":"ADABUSD"},"level":"info","message":"Latest price","service":"api-3d0cd84-binance-ADABUSD","timestamp":"2022-03-09T14:43:21.641Z"}
{"assetPair":"ADABUSD","data":{"price":"0.84600000","symbol":"ADABUSD"},"level":"info","message":"Latest price","service":"api-3d0cd84-binance-ADABUSD","timestamp":"2022-03-09T14:46:21.778Z"}
{"assetPair":"ADABUSD","data":{"price":"0.84400000","symbol":"ADABUSD"},"level":"info","message":"Latest price","service":"api-3d0cd84-binance-ADABUSD","timestamp":"2022-03-09T14:49:21.907Z"}
{"assetPair":"ADABUSD","data":{"price":"0.84300000","symbol":"ADABUSD"},"level":"info","message":"Latest price","service":"api-3d0cd84-binance-ADABUSD","timestamp":"2022-03-09T14:52:21.979Z"}
{"assetPair":"ADABUSD","data":{"price":"0.84300000","symbol":"ADABUSD"},"level":"info","message":"Latest price","service":"api-3d0cd84-binance-ADABUSD","timestamp":"2022-03-09T14:55:22.047Z"}
{"assetPair":"ADABUSD","data":{"price":"0.84500000","symbol":"ADABUSD"},"level":"info","message":"Latest price","service":"api-3d0cd84-binance-ADABUSD","timestamp":"2022-03-09T14:58:22.200Z"}
{"assetPair":"ADABUSD","data":{"price":"0.84500000","symbol":"ADABUSD"},"level":"info","message":"Latest price","service":"api-3d0cd84-binance-ADABUSD","timestamp":"2022-03-09T15:01:22.329Z"}
{"assetPair":"ADABUSD","data":{"price":"0.84500000","symbol":"ADABUSD"},"level":"info","message":"Latest price","service":"api-3d0cd84-binance-ADABUSD","timestamp":"2022-03-09T15:04:22.460Z"}
{"assetPair":"ADABUSD","data":{"price":"0.84500000","symbol":"ADABUSD"},"level":"info","message":"Latest price","service":"api-3d0cd84-binance-ADABUSD","timestamp":"2022-03-09T15:07:22.556Z"}
{"assetPair":"ADABUSD","data":{"price":"0.84500000","symbol":"ADABUSD"},"level":"info","message":"Latest price","service":"api-3d0cd84-binance-ADABUSD","timestamp":"2022-03-09T15:10:22.718Z"}
{"assetPair":"ADABUSD","data":{"price":"0.84500000","symbol":"ADABUSD"},"level":"info","message":"Latest price","service":"api-3d0cd84-binance-ADABUSD","timestamp":"2022-03-09T15:13:22.756Z"}
{"assetPair":"ADABUSD","data":{"price":"0.84300000","symbol":"ADABUSD"},"level":"info","message":"Latest price","service":"api-3d0cd84-binance-ADABUSD","timestamp":"2022-03-09T15:16:22.889Z"}
{"assetPair":"ADABUSD","data":{"price":"0.84500000","symbol":"ADABUSD"},"level":"info","message":"Latest price","service":"api-3d0cd84-binance-ADABUSD","timestamp":"2022-03-09T15:19:22.976Z"}
{"assetPair":"ADABUSD","data":{"price":"0.84400000","symbol":"ADABUSD"},"level":"info","message":"Latest price","service":"api-3d0cd84-binance-ADABUSD","timestamp":"2022-03-09T15:22:23.085Z"}
{"assetPair":"ADABUSD","data":{"price":"0.84500000","symbol":"ADABUSD"},"level":"info","message":"Latest price","service":"api-3d0cd84-binance-ADABUSD","timestamp":"2022-03-09T15:25:23.219Z"}
{"assetPair":"ADABUSD","data":{"price":"0.84600000","symbol":"ADABUSD"},"level":"info","message":"Latest price","service":"api-3d0cd84-binance-ADABUSD","timestamp":"2022-03-09T15:28:23.266Z"}
{"assetPair":"ADABUSD","data":{"price":"0.84600000","symbol":"ADABUSD"},"level":"info","message":"Latest price","service":"api-3d0cd84-binance-ADABUSD","timestamp":"2022-03-09T15:31:23.362Z"}
{"assetPair":"ADABUSD","data":{"price":"0.84700000","symbol":"ADABUSD"},"level":"info","message":"Latest price","service":"api-3d0cd84-binance-ADABUSD","timestamp":"2022-03-09T15:34:23.434Z"}
{"assetPair":"ADABUSD","data":{"price":"0.84900000","symbol":"ADABUSD"},"level":"info","message":"Latest price","service":"api-3d0cd84-binance-ADABUSD","timestamp":"2022-03-09T15:37:23.556Z"}
{"assetPair":"ADABUSD","data":{"price":"0.85000000","symbol":"ADABUSD"},"level":"info","message":"Latest price","service":"api-3d0cd84-binance-ADABUSD","timestamp":"2022-03-09T15:40:23.688Z"}
{"assetPair":"ADABUSD","data":{"price":"0.85300000","symbol":"ADABUSD"},"level":"info","message":"Latest price","service":"api-3d0cd84-binance-ADABUSD","timestamp":"2022-03-09T15:43:23.752Z"}
{"assetPair":"ADABUSD","data":{"price":"0.85300000","symbol":"ADABUSD"},"level":"info","message":"Latest price","service":"api-3d0cd84-binance-ADABUSD","timestamp":"2022-03-09T15:46:23.880Z"}
{"assetPair":"ADABUSD","data":{"price":"0.85400000","symbol":"ADABUSD"},"level":"info","message":"Latest price","service":"api-3d0cd84-binance-ADABUSD","timestamp":"2022-03-09T15:49:23.969Z"}
{"assetPair":"ADABUSD","data":{"price":"0.85300000","symbol":"ADABUSD"},"level":"info","message":"Latest price","service":"api-3d0cd84-binance-ADABUSD","timestamp":"2022-03-09T15:52:24.065Z"}
{"assetPair":"ADABUSD","data":{"price":"0.85400000","symbol":"ADABUSD"},"level":"info","message":"Latest price","service":"api-3d0cd84-binance-ADABUSD","timestamp":"2022-03-09T15:55:24.203Z"}
{"assetPair":"ADABUSD","data":{"price":"0.85600000","symbol":"ADABUSD"},"level":"info","message":"Latest price","service":"api-3d0cd84-binance-ADABUSD","timestamp":"2022-03-09T15:58:24.331Z"}
{"assetPair":"ADABUSD","data":{"price":"0.85600000","symbol":"ADABUSD"},"level":"info","message":"Latest price","service":"api-3d0cd84-binance-ADABUSD","timestamp":"2022-03-09T16:01:24.463Z"}
{"assetPair":"ADABUSD","data":{"price":"0.85900000","symbol":"ADABUSD"},"level":"info","message":"Latest price","service":"api-3d0cd84-binance-ADABUSD","timestamp":"2022-03-09T16:04:24.564Z"}
{"assetPair":"ADABUSD","data":{"price":"0.85900000","symbol":"ADABUSD"},"level":"info","message":"Latest price","service":"api-3d0cd84-binance-ADABUSD","timestamp":"2022-03-09T16:07:24.644Z"}
{"assetPair":"ADABUSD","data":{"price":"0.85600000","symbol":"ADABUSD"},"level":"info","message":"Latest price","service":"api-3d0cd84-binance-ADABUSD","timestamp":"2022-03-09T16:10:24.817Z"}
{"balance":{"asset":"ADA","free":"29.42750000","locked":"0.00000000"},"level":"info","message":"Binance balance","service":"api-3d0cd84-binance-ADABUSD","timestamp":"2022-03-09T16:10:24.894Z"}
{"correctedPrice":"0.856","correctedQty":"29.4","forAsset":"BUSD","level":"info","message":"Initiating SELL","price":"0.85600000","quantity":"29.42750000","sellAsset":"ADA","service":"api-3d0cd84-binance-ADABUSD","timestamp":"2022-03-09T16:10:24.894Z"}
{"data":{"clientOrderId":"YL28hUDVEYyKeMepNTE9Ej","cummulativeQuoteQty":"25.16640000","executedQty":"29.40000000","fills":[{"commission":"0.02516640","commissionAsset":"BUSD","price":"0.85600000","qty":"29.40000000","tradeId":68876047}],"orderId":692799569,"orderListId":-1,"origQty":"29.40000000","price":"0.85600000","side":"SELL","status":"FILLED","symbol":"ADABUSD","timeInForce":"GTC","transactTime":1646842224955,"type":"LIMIT"},"level":"info","message":"SELL success","service":"api-3d0cd84-binance-ADABUSD","timestamp":"2022-03-09T16:10:24.965Z"}
{"level":"info","message":"Checking order status","origClientOrderId":"YL28hUDVEYyKeMepNTE9Ej","service":"api-3d0cd84-binance-ADABUSD","symbol":"ADABUSD","timestamp":"2022-03-09T16:13:25.098Z"}
{"data":{"clientOrderId":"YL28hUDVEYyKeMepNTE9Ej","cummulativeQuoteQty":"25.16640000","executedQty":"29.40000000","icebergQty":"0.00000000","isWorking":true,"orderId":692799569,"orderListId":-1,"origQty":"29.40000000","origQuoteOrderQty":"0.00000000","price":"0.85600000","side":"SELL","status":"FILLED","stopPrice":"0.00000000","symbol":"ADABUSD","time":1646842224955,"timeInForce":"GTC","type":"LIMIT","updateTime":1646842224955},"level":"info","message":"Order status","service":"api-3d0cd84-binance-ADABUSD","timestamp":"2022-03-09T16:13:25.130Z"}
{"assetPair":"ADABUSD","data":{"price":"0.85600000","symbol":"ADABUSD"},"level":"info","message":"Latest price","service":"api-3d0cd84-binance-ADABUSD","timestamp":"2022-03-09T16:13:25.155Z"}
{"assetPair":"ADABUSD","data":{"price":"0.85600000","symbol":"ADABUSD"},"level":"info","message":"Latest price","service":"api-3d0cd84-binance-ADABUSD","timestamp":"2022-03-09T16:16:25.295Z"}
{"assetPair":"ADABUSD","data":{"price":"0.85700000","symbol":"ADABUSD"},"level":"info","message":"Latest price","service":"api-3d0cd84-binance-ADABUSD","timestamp":"2022-03-09T16:19:25.424Z"}
{"assetPair":"ADABUSD","data":{"price":"0.85800000","symbol":"ADABUSD"},"level":"info","message":"Latest price","service":"api-3d0cd84-binance-ADABUSD","timestamp":"2022-03-09T16:22:25.473Z"}
{"assetPair":"ADABUSD","data":{"price":"0.85800000","symbol":"ADABUSD"},"level":"info","message":"Latest price","service":"api-3d0cd84-binance-ADABUSD","timestamp":"2022-03-09T16:25:25.559Z"}
{"assetPair":"ADABUSD","data":{"price":"0.85800000","symbol":"ADABUSD"},"level":"info","message":"Latest price","service":"api-3d0cd84-binance-ADABUSD","timestamp":"2022-03-09T16:28:25.692Z"}
{"assetPair":"ADABUSD","data":{"price":"0.85700000","symbol":"ADABUSD"},"level":"info","message":"Latest price","service":"api-3d0cd84-binance-ADABUSD","timestamp":"2022-03-09T16:31:25.838Z"}
{"assetPair":"ADABUSD","data":{"price":"0.86000000","symbol":"ADABUSD"},"level":"info","message":"Latest price","service":"api-3d0cd84-binance-ADABUSD","timestamp":"2022-03-09T16:34:25.928Z"}
{"assetPair":"ADABUSD","data":{"price":"0.86200000","symbol":"ADABUSD"},"level":"info","message":"Latest price","service":"api-3d0cd84-binance-ADABUSD","timestamp":"2022-03-09T16:37:26.055Z"}
{"balance":{"asset":"BUSD","free":"40.15752894","locked":"0.00000000"},"level":"info","message":"Binance balance","service":"api-3d0cd84-binance-ADABUSD","timestamp":"2022-03-09T16:37:26.090Z"}
{"buyAsset":"ADA","correctedPrice":"0.862","correctedQty":"28.7","level":"info","message":"Initiating BUY","price":"0.862","quantity":"28.71229698375870069606","service":"api-3d0cd84-binance-ADABUSD","timestamp":"2022-03-09T16:37:26.091Z","withAsset":"BUSD"}
{"data":{"clientOrderId":"MaMA5G9gWenyuKwa7zVQ7r","cummulativeQuoteQty":"24.73940000","executedQty":"28.70000000","fills":[{"commission":"0.02870000","commissionAsset":"ADA","price":"0.86200000","qty":"28.70000000","tradeId":68877167}],"orderId":692808074,"orderListId":-1,"origQty":"28.70000000","price":"0.86200000","side":"BUY","status":"FILLED","symbol":"ADABUSD","timeInForce":"GTC","transactTime":1646843846119,"type":"LIMIT"},"level":"info","message":"BUY success","service":"api-3d0cd84-binance-ADABUSD","timestamp":"2022-03-09T16:37:26.162Z"}
{"level":"info","message":"Checking order status","origClientOrderId":"MaMA5G9gWenyuKwa7zVQ7r","service":"api-3d0cd84-binance-ADABUSD","symbol":"ADABUSD","timestamp":"2022-03-09T16:40:26.248Z"}
{"data":{"clientOrderId":"MaMA5G9gWenyuKwa7zVQ7r","cummulativeQuoteQty":"24.73940000","executedQty":"28.70000000","icebergQty":"0.00000000","isWorking":true,"orderId":692808074,"orderListId":-1,"origQty":"28.70000000","origQuoteOrderQty":"0.00000000","price":"0.86200000","side":"BUY","status":"FILLED","stopPrice":"0.00000000","symbol":"ADABUSD","time":1646843846119,"timeInForce":"GTC","type":"LIMIT","updateTime":1646843846119},"level":"info","message":"Order status","service":"api-3d0cd84-binance-ADABUSD","timestamp":"2022-03-09T16:40:26.280Z"}
{"assetPair":"ADABUSD","data":{"price":"0.86200000","symbol":"ADABUSD"},"level":"info","message":"Latest price","service":"api-3d0cd84-binance-ADABUSD","timestamp":"2022-03-09T16:40:26.302Z"}
{"assetPair":"ADABUSD","data":{"price":"0.86100000","symbol":"ADABUSD"},"level":"info","message":"Latest price","service":"api-3d0cd84-binance-ADABUSD","timestamp":"2022-03-09T16:43:26.471Z"}
{"assetPair":"ADABUSD","data":{"price":"0.86000000","symbol":"ADABUSD"},"level":"info","message":"Latest price","service":"api-3d0cd84-binance-ADABUSD","timestamp":"2022-03-09T16:46:26.608Z"}
{"assetPair":"ADABUSD","data":{"price":"0.85800000","symbol":"ADABUSD"},"level":"info","message":"Latest price","service":"api-3d0cd84-binance-ADABUSD","timestamp":"2022-03-09T16:49:26.752Z"}
{"assetPair":"ADABUSD","data":{"price":"0.85600000","symbol":"ADABUSD"},"level":"info","message":"Latest price","service":"api-3d0cd84-binance-ADABUSD","timestamp":"2022-03-09T16:52:26.852Z"}
{"assetPair":"ADABUSD","data":{"price":"0.85500000","symbol":"ADABUSD"},"level":"info","message":"Latest price","service":"api-3d0cd84-binance-ADABUSD","timestamp":"2022-03-09T16:55:26.984Z"}
{"assetPair":"ADABUSD","data":{"price":"0.85600000","symbol":"ADABUSD"},"level":"info","message":"Latest price","service":"api-3d0cd84-binance-ADABUSD","timestamp":"2022-03-09T16:58:27.061Z"}
{"assetPair":"ADABUSD","data":{"price":"0.85700000","symbol":"ADABUSD"},"level":"info","message":"Latest price","service":"api-3d0cd84-binance-ADABUSD","timestamp":"2022-03-09T17:01:27.133Z"}
{"assetPair":"ADABUSD","data":{"price":"0.85800000","symbol":"ADABUSD"},"level":"info","message":"Latest price","service":"api-3d0cd84-binance-ADABUSD","timestamp":"2022-03-09T17:04:27.268Z"}
{"assetPair":"ADABUSD","data":{"price":"0.85600000","symbol":"ADABUSD"},"level":"info","message":"Latest price","service":"api-3d0cd84-binance-ADABUSD","timestamp":"2022-03-09T17:07:27.420Z"}
{"assetPair":"ADABUSD","data":{"price":"0.85600000","symbol":"ADABUSD"},"level":"info","message":"Latest price","service":"api-3d0cd84-binance-ADABUSD","timestamp":"2022-03-09T17:10:27.483Z"}
{"assetPair":"ADABUSD","data":{"price":"0.85600000","symbol":"ADABUSD"},"level":"info","message":"Latest price","service":"api-3d0cd84-binance-ADABUSD","timestamp":"2022-03-09T17:13:27.563Z"}
{"assetPair":"ADABUSD","data":{"price":"0.85800000","symbol":"ADABUSD"},"level":"info","message":"Latest price","service":"api-3d0cd84-binance-ADABUSD","timestamp":"2022-03-09T17:16:27.614Z"}
{"assetPair":"ADABUSD","data":{"price":"0.85600000","symbol":"ADABUSD"},"level":"info","message":"Latest price","service":"api-3d0cd84-binance-ADABUSD","timestamp":"2022-03-09T17:19:27.774Z"}
{"assetPair":"ADABUSD","data":{"price":"0.85300000","symbol":"ADABUSD"},"level":"info","message":"Latest price","service":"api-3d0cd84-binance-ADABUSD","timestamp":"2022-03-09T17:22:27.828Z"}
{"assetPair":"ADABUSD","data":{"price":"0.85300000","symbol":"ADABUSD"},"level":"info","message":"Latest price","service":"api-3d0cd84-binance-ADABUSD","timestamp":"2022-03-09T17:25:27.954Z"}
{"assetPair":"ADABUSD","data":{"price":"0.85200000","symbol":"ADABUSD"},"level":"info","message":"Latest price","service":"api-3d0cd84-binance-ADABUSD","timestamp":"2022-03-09T17:28:28.004Z"}
{"assetPair":"ADABUSD","data":{"price":"0.85400000","symbol":"ADABUSD"},"level":"info","message":"Latest price","service":"api-3d0cd84-binance-ADABUSD","timestamp":"2022-03-09T17:31:28.062Z"}
{"assetPair":"ADABUSD","data":{"price":"0.85300000","symbol":"ADABUSD"},"level":"info","message":"Latest price","service":"api-3d0cd84-binance-ADABUSD","timestamp":"2022-03-09T17:34:28.132Z"}
{"assetPair":"ADABUSD","data":{"price":"0.85200000","symbol":"ADABUSD"},"level":"info","message":"Latest price","service":"api-3d0cd84-binance-ADABUSD","timestamp":"2022-03-09T17:37:28.192Z"}
{"assetPair":"ADABUSD","data":{"price":"0.85400000","symbol":"ADABUSD"},"level":"info","message":"Latest price","service":"api-3d0cd84-binance-ADABUSD","timestamp":"2022-03-09T17:40:28.222Z"}
{"assetPair":"ADABUSD","data":{"price":"0.85500000","symbol":"ADABUSD"},"level":"info","message":"Latest price","service":"api-3d0cd84-binance-ADABUSD","timestamp":"2022-03-09T17:43:28.290Z"}
{"assetPair":"ADABUSD","data":{"price":"0.85400000","symbol":"ADABUSD"},"level":"info","message":"Latest price","service":"api-3d0cd84-binance-ADABUSD","timestamp":"2022-03-09T17:46:28.357Z"}
{"assetPair":"ADABUSD","data":{"price":"0.85600000","symbol":"ADABUSD"},"level":"info","message":"Latest price","service":"api-3d0cd84-binance-ADABUSD","timestamp":"2022-03-09T17:49:28.477Z"}
{"assetPair":"ADABUSD","data":{"price":"0.85700000","symbol":"ADABUSD"},"level":"info","message":"Latest price","service":"api-3d0cd84-binance-ADABUSD","timestamp":"2022-03-09T17:52:28.556Z"}
{"assetPair":"ADABUSD","data":{"price":"0.85600000","symbol":"ADABUSD"},"level":"info","message":"Latest price","service":"api-3d0cd84-binance-ADABUSD","timestamp":"2022-03-09T17:55:28.635Z"}
{"assetPair":"ADABUSD","data":{"price":"0.85700000","symbol":"ADABUSD"},"level":"info","message":"Latest price","service":"api-3d0cd84-binance-ADABUSD","timestamp":"2022-03-09T17:58:28.769Z"}
{"assetPair":"ADABUSD","data":{"price":"0.85500000","symbol":"ADABUSD"},"level":"info","message":"Latest price","service":"api-3d0cd84-binance-ADABUSD","timestamp":"2022-03-09T18:01:28.950Z"}
{"assetPair":"ADABUSD","data":{"price":"0.85300000","symbol":"ADABUSD"},"level":"info","message":"Latest price","service":"api-3d0cd84-binance-ADABUSD","timestamp":"2022-03-09T18:04:29.077Z"}
{"assetPair":"ADABUSD","data":{"price":"0.85200000","symbol":"ADABUSD"},"level":"info","message":"Latest price","service":"api-3d0cd84-binance-ADABUSD","timestamp":"2022-03-09T18:07:29.193Z"}
{"assetPair":"ADABUSD","data":{"price":"0.84900000","symbol":"ADABUSD"},"level":"info","message":"Latest price","service":"api-3d0cd84-binance-ADABUSD","timestamp":"2022-03-09T18:10:29.331Z"}
{"assetPair":"ADABUSD","data":{"price":"0.84900000","symbol":"ADABUSD"},"level":"info","message":"Latest price","service":"api-3d0cd84-binance-ADABUSD","timestamp":"2022-03-09T18:13:29.391Z"}
{"assetPair":"ADABUSD","data":{"price":"0.84800000","symbol":"ADABUSD"},"level":"info","message":"Latest price","service":"api-3d0cd84-binance-ADABUSD","timestamp":"2022-03-09T18:16:29.514Z"}
{"assetPair":"ADABUSD","data":{"price":"0.84500000","symbol":"ADABUSD"},"level":"info","message":"Latest price","service":"api-3d0cd84-binance-ADABUSD","timestamp":"2022-03-09T18:19:29.566Z"}
{"assetPair":"ADABUSD","data":{"price":"0.84200000","symbol":"ADABUSD"},"level":"info","message":"Latest price","service":"api-3d0cd84-binance-ADABUSD","timestamp":"2022-03-09T18:22:29.630Z"}
{"assetPair":"ADABUSD","data":{"price":"0.84300000","symbol":"ADABUSD"},"level":"info","message":"Latest price","service":"api-3d0cd84-binance-ADABUSD","timestamp":"2022-03-09T18:25:29.759Z"}
{"assetPair":"ADABUSD","data":{"price":"0.84300000","symbol":"ADABUSD"},"level":"info","message":"Latest price","service":"api-3d0cd84-binance-ADABUSD","timestamp":"2022-03-09T18:28:29.790Z"}
{"assetPair":"ADABUSD","data":{"price":"0.84500000","symbol":"ADABUSD"},"level":"info","message":"Latest price","service":"api-3d0cd84-binance-ADABUSD","timestamp":"2022-03-09T18:31:29.916Z"}
{"assetPair":"ADABUSD","data":{"price":"0.84400000","symbol":"ADABUSD"},"level":"info","message":"Latest price","service":"api-3d0cd84-binance-ADABUSD","timestamp":"2022-03-09T18:34:30.015Z"}
{"assetPair":"ADABUSD","data":{"price":"0.84400000","symbol":"ADABUSD"},"level":"info","message":"Latest price","service":"api-3d0cd84-binance-ADABUSD","timestamp":"2022-03-09T18:37:30.110Z"}
{"assetPair":"ADABUSD","data":{"price":"0.84400000","symbol":"ADABUSD"},"level":"info","message":"Latest price","service":"api-3d0cd84-binance-ADABUSD","timestamp":"2022-03-09T18:40:30.232Z"}
{"assetPair":"ADABUSD","data":{"price":"0.84100000","symbol":"ADABUSD"},"level":"info","message":"Latest price","service":"api-3d0cd84-binance-ADABUSD","timestamp":"2022-03-09T18:43:30.312Z"}
{"assetPair":"ADABUSD","data":{"price":"0.84400000","symbol":"ADABUSD"},"level":"info","message":"Latest price","service":"api-3d0cd84-binance-ADABUSD","timestamp":"2022-03-09T18:46:30.437Z"}
{"assetPair":"ADABUSD","data":{"price":"0.84000000","symbol":"ADABUSD"},"level":"info","message":"Latest price","service":"api-3d0cd84-binance-ADABUSD","timestamp":"2022-03-09T18:49:30.605Z"}
{"assetPair":"ADABUSD","data":{"price":"0.84300000","symbol":"ADABUSD"},"level":"info","message":"Latest price","service":"api-3d0cd84-binance-ADABUSD","timestamp":"2022-03-09T18:52:30.658Z"}
{"assetPair":"ADABUSD","data":{"price":"0.84400000","symbol":"ADABUSD"},"level":"info","message":"Latest price","service":"api-3d0cd84-binance-ADABUSD","timestamp":"2022-03-09T18:55:30.721Z"}
{"assetPair":"ADABUSD","data":{"price":"0.84300000","symbol":"ADABUSD"},"level":"info","message":"Latest price","service":"api-3d0cd84-binance-ADABUSD","timestamp":"2022-03-09T18:58:30.765Z"}
{"assetPair":"ADABUSD","data":{"price":"0.84300000","symbol":"ADABUSD"},"level":"info","message":"Latest price","service":"api-3d0cd84-binance-ADABUSD","timestamp":"2022-03-09T19:01:30.855Z"}
{"assetPair":"ADABUSD","data":{"price":"0.84300000","symbol":"ADABUSD"},"level":"info","message":"Latest price","service":"api-3d0cd84-binance-ADABUSD","timestamp":"2022-03-09T19:04:30.984Z"}
{"assetPair":"ADABUSD","data":{"price":"0.84300000","symbol":"ADABUSD"},"level":"info","message":"Latest price","service":"api-3d0cd84-binance-ADABUSD","timestamp":"2022-03-09T19:07:31.110Z"}
{"assetPair":"ADABUSD","data":{"price":"0.84300000","symbol":"ADABUSD"},"level":"info","message":"Latest price","service":"api-3d0cd84-binance-ADABUSD","timestamp":"2022-03-09T19:10:31.178Z"}
{"assetPair":"ADABUSD","data":{"price":"0.84200000","symbol":"ADABUSD"},"level":"info","message":"Latest price","service":"api-3d0cd84-binance-ADABUSD","timestamp":"2022-03-09T19:13:31.301Z"}
{"assetPair":"ADABUSD","data":{"price":"0.83800000","symbol":"ADABUSD"},"level":"info","message":"Latest price","service":"api-3d0cd84-binance-ADABUSD","timestamp":"2022-03-09T19:16:31.426Z"}
{"assetPair":"ADABUSD","data":{"price":"0.83600000","symbol":"ADABUSD"},"level":"info","message":"Latest price","service":"api-3d0cd84-binance-ADABUSD","timestamp":"2022-03-09T19:19:31.463Z"}
{"assetPair":"ADABUSD","data":{"price":"0.84000000","symbol":"ADABUSD"},"level":"info","message":"Latest price","service":"api-3d0cd84-binance-ADABUSD","timestamp":"2022-03-09T19:22:31.559Z"}
{"assetPair":"ADABUSD","data":{"price":"0.84100000","symbol":"ADABUSD"},"level":"info","message":"Latest price","service":"api-3d0cd84-binance-ADABUSD","timestamp":"2022-03-09T19:25:31.617Z"}
{"assetPair":"ADABUSD","data":{"price":"0.83900000","symbol":"ADABUSD"},"level":"info","message":"Latest price","service":"api-3d0cd84-binance-ADABUSD","timestamp":"2022-03-09T19:28:31.738Z"}
{"assetPair":"ADABUSD","data":{"price":"0.84200000","symbol":"ADABUSD"},"level":"info","message":"Latest price","service":"api-3d0cd84-binance-ADABUSD","timestamp":"2022-03-09T19:31:31.839Z"}
{"assetPair":"ADABUSD","data":{"price":"0.84400000","symbol":"ADABUSD"},"level":"info","message":"Latest price","service":"api-3d0cd84-binance-ADABUSD","timestamp":"2022-03-09T19:34:31.934Z"}
{"assetPair":"ADABUSD","data":{"price":"0.84300000","symbol":"ADABUSD"},"level":"info","message":"Latest price","service":"api-3d0cd84-binance-ADABUSD","timestamp":"2022-03-09T19:37:32.065Z"}
{"assetPair":"ADABUSD","data":{"price":"0.84400000","symbol":"ADABUSD"},"level":"info","message":"Latest price","service":"api-3d0cd84-binance-ADABUSD","timestamp":"2022-03-09T19:40:32.160Z"}
{"assetPair":"ADABUSD","data":{"price":"0.84300000","symbol":"ADABUSD"},"level":"info","message":"Latest price","service":"api-3d0cd84-binance-ADABUSD","timestamp":"2022-03-09T19:43:32.304Z"}
{"assetPair":"ADABUSD","data":{"price":"0.84500000","symbol":"ADABUSD"},"level":"info","message":"Latest price","service":"api-3d0cd84-binance-ADABUSD","timestamp":"2022-03-09T19:46:32.437Z"}
{"assetPair":"ADABUSD","data":{"price":"0.84500000","symbol":"ADABUSD"},"level":"info","message":"Latest price","service":"api-3d0cd84-binance-ADABUSD","timestamp":"2022-03-09T19:49:32.557Z"}
{"assetPair":"ADABUSD","data":{"price":"0.84600000","symbol":"ADABUSD"},"level":"info","message":"Latest price","service":"api-3d0cd84-binance-ADABUSD","timestamp":"2022-03-09T19:52:32.711Z"}
{"assetPair":"ADABUSD","data":{"price":"0.84500000","symbol":"ADABUSD"},"level":"info","message":"Latest price","service":"api-3d0cd84-binance-ADABUSD","timestamp":"2022-03-09T19:55:32.800Z"}
{"assetPair":"ADABUSD","data":{"price":"0.84400000","symbol":"ADABUSD"},"level":"info","message":"Latest price","service":"api-3d0cd84-binance-ADABUSD","timestamp":"2022-03-09T19:58:32.943Z"}
{"assetPair":"ADABUSD","data":{"price":"0.84300000","symbol":"ADABUSD"},"level":"info","message":"Latest price","service":"api-3d0cd84-binance-ADABUSD","timestamp":"2022-03-09T20:01:33.075Z"}
{"assetPair":"ADABUSD","data":{"price":"0.84500000","symbol":"ADABUSD"},"level":"info","message":"Latest price","service":"api-3d0cd84-binance-ADABUSD","timestamp":"2022-03-09T20:04:33.208Z"}
{"assetPair":"ADABUSD","data":{"price":"0.84900000","symbol":"ADABUSD"},"level":"info","message":"Latest price","service":"api-3d0cd84-binance-ADABUSD","timestamp":"2022-03-09T20:07:33.339Z"}
{"assetPair":"ADABUSD","data":{"price":"0.84800000","symbol":"ADABUSD"},"level":"info","message":"Latest price","service":"api-3d0cd84-binance-ADABUSD","timestamp":"2022-03-09T20:10:33.473Z"}
{"assetPair":"ADABUSD","data":{"price":"0.84700000","symbol":"ADABUSD"},"level":"info","message":"Latest price","service":"api-3d0cd84-binance-ADABUSD","timestamp":"2022-03-09T20:13:33.602Z"}
{"assetPair":"ADABUSD","data":{"price":"0.84700000","symbol":"ADABUSD"},"level":"info","message":"Latest price","service":"api-3d0cd84-binance-ADABUSD","timestamp":"2022-03-09T20:16:33.778Z"}
{"assetPair":"ADABUSD","data":{"price":"0.84800000","symbol":"ADABUSD"},"level":"info","message":"Latest price","service":"api-3d0cd84-binance-ADABUSD","timestamp":"2022-03-09T20:19:33.903Z"}
{"assetPair":"ADABUSD","data":{"price":"0.84800000","symbol":"ADABUSD"},"level":"info","message":"Latest price","service":"api-3d0cd84-binance-ADABUSD","timestamp":"2022-03-09T20:22:34.033Z"}
{"assetPair":"ADABUSD","data":{"price":"0.84700000","symbol":"ADABUSD"},"level":"info","message":"Latest price","service":"api-3d0cd84-binance-ADABUSD","timestamp":"2022-03-09T20:25:34.074Z"}
{"assetPair":"ADABUSD","data":{"price":"0.84700000","symbol":"ADABUSD"},"level":"info","message":"Latest price","service":"api-3d0cd84-binance-ADABUSD","timestamp":"2022-03-09T20:28:34.154Z"}
{"assetPair":"ADABUSD","data":{"price":"0.84800000","symbol":"ADABUSD"},"level":"info","message":"Latest price","service":"api-3d0cd84-binance-ADABUSD","timestamp":"2022-03-09T20:31:34.285Z"}
{"assetPair":"ADABUSD","data":{"price":"0.84500000","symbol":"ADABUSD"},"level":"info","message":"Latest price","service":"api-3d0cd84-binance-ADABUSD","timestamp":"2022-03-09T20:34:34.376Z"}
{"assetPair":"ADABUSD","data":{"price":"0.84300000","symbol":"ADABUSD"},"level":"info","message":"Latest price","service":"api-3d0cd84-binance-ADABUSD","timestamp":"2022-03-09T20:37:34.462Z"}
{"assetPair":"ADABUSD","data":{"price":"0.84300000","symbol":"ADABUSD"},"level":"info","message":"Latest price","service":"api-3d0cd84-binance-ADABUSD","timestamp":"2022-03-09T20:40:34.591Z"}
{"assetPair":"ADABUSD","data":{"price":"0.84100000","symbol":"ADABUSD"},"level":"info","message":"Latest price","service":"api-3d0cd84-binance-ADABUSD","timestamp":"2022-03-09T20:43:34.710Z"}
{"assetPair":"ADABUSD","data":{"price":"0.84200000","symbol":"ADABUSD"},"level":"info","message":"Latest price","service":"api-3d0cd84-binance-ADABUSD","timestamp":"2022-03-09T20:46:34.805Z"}
{"assetPair":"ADABUSD","data":{"price":"0.84100000","symbol":"ADABUSD"},"level":"info","message":"Latest price","service":"api-3d0cd84-binance-ADABUSD","timestamp":"2022-03-09T20:49:34.972Z"}
{"assetPair":"ADABUSD","data":{"price":"0.83800000","symbol":"ADABUSD"},"level":"info","message":"Latest price","service":"api-3d0cd84-binance-ADABUSD","timestamp":"2022-03-09T20:52:35.073Z"}
{"assetPair":"ADABUSD","data":{"price":"0.84100000","symbol":"ADABUSD"},"level":"info","message":"Latest price","service":"api-3d0cd84-binance-ADABUSD","timestamp":"2022-03-09T20:55:35.140Z"}
{"assetPair":"ADABUSD","data":{"price":"0.84000000","symbol":"ADABUSD"},"level":"info","message":"Latest price","service":"api-3d0cd84-binance-ADABUSD","timestamp":"2022-03-09T20:58:35.227Z"}
{"assetPair":"ADABUSD","data":{"price":"0.84000000","symbol":"ADABUSD"},"level":"info","message":"Latest price","service":"api-3d0cd84-binance-ADABUSD","timestamp":"2022-03-09T21:01:35.355Z"}
{"assetPair":"ADABUSD","data":{"price":"0.84100000","symbol":"ADABUSD"},"level":"info","message":"Latest price","service":"api-3d0cd84-binance-ADABUSD","timestamp":"2022-03-09T21:04:35.392Z"}
{"assetPair":"ADABUSD","data":{"price":"0.84300000","symbol":"ADABUSD"},"level":"info","message":"Latest price","service":"api-3d0cd84-binance-ADABUSD","timestamp":"2022-03-09T21:07:35.560Z"}
{"assetPair":"ADABUSD","data":{"price":"0.84000000","symbol":"ADABUSD"},"level":"info","message":"Latest price","service":"api-3d0cd84-binance-ADABUSD","timestamp":"2022-03-09T21:10:35.620Z"}
{"assetPair":"ADABUSD","data":{"price":"0.84000000","symbol":"ADABUSD"},"level":"info","message":"Latest price","service":"api-3d0cd84-binance-ADABUSD","timestamp":"2022-03-09T21:13:35.747Z"}
