{"assetPair":"ADABUSD","data":{"price":"0.92300000","symbol":"ADABUSD"},"level":"info","message":"Latest price","service":"api-d27bc23-binance-ADABUSD","timestamp":"2022-03-03T13:01:20.325Z"}
{"assetPair":"ADABUSD","data":{"price":"0.92200000","symbol":"ADABUSD"},"level":"info","message":"Latest price","service":"api-d27bc23-binance-ADABUSD","timestamp":"2022-03-03T13:04:20.363Z"}
{"assetPair":"ADABUSD","data":{"price":"0.92300000","symbol":"ADABUSD"},"level":"info","message":"Latest price","service":"api-d27bc23-binance-ADABUSD","timestamp":"2022-03-03T13:07:20.460Z"}
{"assetPair":"ADABUSD","data":{"price":"0.92500000","symbol":"ADABUSD"},"level":"info","message":"Latest price","service":"api-d27bc23-binance-ADABUSD","timestamp":"2022-03-03T13:10:20.520Z"}
{"assetPair":"ADABUSD","data":{"price":"0.92400000","symbol":"ADABUSD"},"level":"info","message":"Latest price","service":"api-d27bc23-binance-ADABUSD","timestamp":"2022-03-03T13:13:20.558Z"}
{"assetPair":"ADABUSD","data":{"price":"0.92400000","symbol":"ADABUSD"},"level":"info","message":"Latest price","service":"api-d27bc23-binance-ADABUSD","timestamp":"2022-03-03T13:16:20.589Z"}
{"assetPair":"ADABUSD","data":{"price":"0.92400000","symbol":"ADABUSD"},"level":"info","message":"Latest price","service":"api-d27bc23-binance-ADABUSD","timestamp":"2022-03-03T13:19:20.627Z"}
{"assetPair":"ADABUSD","data":{"price":"0.92300000","symbol":"ADABUSD"},"level":"info","message":"Latest price","service":"api-d27bc23-binance-ADABUSD","timestamp":"2022-03-03T13:22:20.662Z"}
{"assetPair":"ADABUSD","data":{"price":"0.92500000","symbol":"ADABUSD"},"level":"info","message":"Latest price","service":"api-d27bc23-binance-ADABUSD","timestamp":"2022-03-03T13:25:20.696Z"}
{"assetPair":"ADABUSD","data":{"price":"0.92700000","symbol":"ADABUSD"},"level":"info","message":"Latest price","service":"api-d27bc23-binance-ADABUSD","timestamp":"2022-03-03T13:28:20.728Z"}
{"assetPair":"ADABUSD","data":{"price":"0.92500000","symbol":"ADABUSD"},"level":"info","message":"Latest price","service":"api-d27bc23-binance-ADABUSD","timestamp":"2022-03-03T13:31:20.758Z"}
{"assetPair":"ADABUSD","data":{"price":"0.92500000","symbol":"ADABUSD"},"level":"info","message":"Latest price","service":"api-d27bc23-binance-ADABUSD","timestamp":"2022-03-03T13:34:20.811Z"}
{"assetPair":"ADABUSD","data":{"price":"0.92700000","symbol":"ADABUSD"},"level":"info","message":"Latest price","service":"api-d27bc23-binance-ADABUSD","timestamp":"2022-03-03T13:37:20.840Z"}
{"assetPair":"ADABUSD","data":{"price":"0.92700000","symbol":"ADABUSD"},"level":"info","message":"Latest price","service":"api-d27bc23-binance-ADABUSD","timestamp":"2022-03-03T13:40:20.881Z"}
{"assetPair":"ADABUSD","data":{"price":"0.92800000","symbol":"ADABUSD"},"level":"info","message":"Latest price","service":"api-d27bc23-binance-ADABUSD","timestamp":"2022-03-03T13:43:20.911Z"}
{"assetPair":"ADABUSD","data":{"price":"0.92700000","symbol":"ADABUSD"},"level":"info","message":"Latest price","service":"api-d27bc23-binance-ADABUSD","timestamp":"2022-03-03T13:46:20.942Z"}
{"assetPair":"ADABUSD","data":{"price":"0.92600000","symbol":"ADABUSD"},"level":"info","message":"Latest price","service":"api-d27bc23-binance-ADABUSD","timestamp":"2022-03-03T13:49:20.974Z"}
{"assetPair":"ADABUSD","data":{"price":"0.92700000","symbol":"ADABUSD"},"level":"info","message":"Latest price","service":"api-d27bc23-binance-ADABUSD","timestamp":"2022-03-03T13:52:21.012Z"}
{"assetPair":"ADABUSD","data":{"price":"0.92800000","symbol":"ADABUSD"},"level":"info","message":"Latest price","service":"api-d27bc23-binance-ADABUSD","timestamp":"2022-03-03T13:55:21.052Z"}
{"assetPair":"ADABUSD","data":{"price":"0.93000000","symbol":"ADABUSD"},"level":"info","message":"Latest price","service":"api-d27bc23-binance-ADABUSD","timestamp":"2022-03-03T13:58:21.092Z"}
{"assetPair":"ADABUSD","data":{"price":"0.93200000","symbol":"ADABUSD"},"level":"info","message":"Latest price","service":"api-d27bc23-binance-ADABUSD","timestamp":"2022-03-03T14:01:21.150Z"}
{"assetPair":"ADABUSD","data":{"price":"0.93400000","symbol":"ADABUSD"},"level":"info","message":"Latest price","service":"api-d27bc23-binance-ADABUSD","timestamp":"2022-03-03T14:04:21.185Z"}
{"assetPair":"ADABUSD","data":{"price":"0.93800000","symbol":"ADABUSD"},"level":"info","message":"Latest price","service":"api-d27bc23-binance-ADABUSD","timestamp":"2022-03-03T14:07:21.224Z"}
{"assetPair":"ADABUSD","data":{"price":"0.93200000","symbol":"ADABUSD"},"level":"info","message":"Latest price","service":"api-d27bc23-binance-ADABUSD","timestamp":"2022-03-03T14:10:21.328Z"}
{"assetPair":"ADABUSD","data":{"price":"0.93100000","symbol":"ADABUSD"},"level":"info","message":"Latest price","service":"api-d27bc23-binance-ADABUSD","timestamp":"2022-03-03T14:13:21.358Z"}
{"assetPair":"ADABUSD","data":{"price":"0.93100000","symbol":"ADABUSD"},"level":"info","message":"Latest price","service":"api-d27bc23-binance-ADABUSD","timestamp":"2022-03-03T14:16:21.391Z"}
{"assetPair":"ADABUSD","data":{"price":"0.92900000","symbol":"ADABUSD"},"level":"info","message":"Latest price","service":"api-d27bc23-binance-ADABUSD","timestamp":"2022-03-03T14:19:21.418Z"}
{"assetPair":"ADABUSD","data":{"price":"0.92700000","symbol":"ADABUSD"},"level":"info","message":"Latest price","service":"api-d27bc23-binance-ADABUSD","timestamp":"2022-03-03T14:22:21.488Z"}
{"assetPair":"ADABUSD","data":{"price":"0.92600000","symbol":"ADABUSD"},"level":"info","message":"Latest price","service":"api-d27bc23-binance-ADABUSD","timestamp":"2022-03-03T14:25:21.570Z"}
{"assetPair":"ADABUSD","data":{"price":"0.92600000","symbol":"ADABUSD"},"level":"info","message":"Latest price","service":"api-d27bc23-binance-ADABUSD","timestamp":"2022-03-03T14:28:21.601Z"}
{"assetPair":"ADABUSD","data":{"price":"0.92700000","symbol":"ADABUSD"},"level":"info","message":"Latest price","service":"api-d27bc23-binance-ADABUSD","timestamp":"2022-03-03T14:31:21.629Z"}
{"assetPair":"ADABUSD","data":{"price":"0.92400000","symbol":"ADABUSD"},"level":"info","message":"Latest price","service":"api-d27bc23-binance-ADABUSD","timestamp":"2022-03-03T14:34:21.665Z"}
{"assetPair":"ADABUSD","data":{"price":"0.92300000","symbol":"ADABUSD"},"level":"info","message":"Latest price","service":"api-d27bc23-binance-ADABUSD","timestamp":"2022-03-03T14:37:21.722Z"}
{"assetPair":"ADABUSD","data":{"price":"0.92300000","symbol":"ADABUSD"},"level":"info","message":"Latest price","service":"api-d27bc23-binance-ADABUSD","timestamp":"2022-03-03T14:40:21.760Z"}
{"assetPair":"ADABUSD","data":{"price":"0.92200000","symbol":"ADABUSD"},"level":"info","message":"Latest price","service":"api-d27bc23-binance-ADABUSD","timestamp":"2022-03-03T14:43:21.785Z"}
{"assetPair":"ADABUSD","data":{"price":"0.92100000","symbol":"ADABUSD"},"level":"info","message":"Latest price","service":"api-d27bc23-binance-ADABUSD","timestamp":"2022-03-03T14:46:21.824Z"}
{"assetPair":"ADABUSD","data":{"price":"0.91400000","symbol":"ADABUSD"},"level":"info","message":"Latest price","service":"api-d27bc23-binance-ADABUSD","timestamp":"2022-03-03T14:49:21.857Z"}
{"assetPair":"ADABUSD","data":{"price":"0.91700000","symbol":"ADABUSD"},"level":"info","message":"Latest price","service":"api-d27bc23-binance-ADABUSD","timestamp":"2022-03-03T14:52:21.919Z"}
{"assetPair":"ADABUSD","data":{"price":"0.91900000","symbol":"ADABUSD"},"level":"info","message":"Latest price","service":"api-d27bc23-binance-ADABUSD","timestamp":"2022-03-03T14:55:21.974Z"}
{"assetPair":"ADABUSD","data":{"price":"0.91900000","symbol":"ADABUSD"},"level":"info","message":"Latest price","service":"api-d27bc23-binance-ADABUSD","timestamp":"2022-03-03T14:58:22.001Z"}
{"assetPair":"ADABUSD","data":{"price":"0.92000000","symbol":"ADABUSD"},"level":"info","message":"Latest price","service":"api-d27bc23-binance-ADABUSD","timestamp":"2022-03-03T15:01:22.071Z"}
{"assetPair":"ADABUSD","data":{"price":"0.92000000","symbol":"ADABUSD"},"level":"info","message":"Latest price","service":"api-d27bc23-binance-ADABUSD","timestamp":"2022-03-03T15:04:22.108Z"}
{"assetPair":"ADABUSD","data":{"price":"0.91600000","symbol":"ADABUSD"},"level":"info","message":"Latest price","service":"api-d27bc23-binance-ADABUSD","timestamp":"2022-03-03T15:07:22.145Z"}
{"assetPair":"ADABUSD","data":{"price":"0.91400000","symbol":"ADABUSD"},"level":"info","message":"Latest price","service":"api-d27bc23-binance-ADABUSD","timestamp":"2022-03-03T15:10:22.189Z"}
{"assetPair":"ADABUSD","data":{"price":"0.91400000","symbol":"ADABUSD"},"level":"info","message":"Latest price","service":"api-d27bc23-binance-ADABUSD","timestamp":"2022-03-03T15:13:22.221Z"}
{"assetPair":"ADABUSD","data":{"price":"0.91100000","symbol":"ADABUSD"},"level":"info","message":"Latest price","service":"api-d27bc23-binance-ADABUSD","timestamp":"2022-03-03T15:16:22.277Z"}
{"assetPair":"ADABUSD","data":{"price":"0.91300000","symbol":"ADABUSD"},"level":"info","message":"Latest price","service":"api-d27bc23-binance-ADABUSD","timestamp":"2022-03-03T15:19:22.399Z"}
{"assetPair":"ADABUSD","data":{"price":"0.91300000","symbol":"ADABUSD"},"level":"info","message":"Latest price","service":"api-d27bc23-binance-ADABUSD","timestamp":"2022-03-03T15:22:22.426Z"}
{"assetPair":"ADABUSD","data":{"price":"0.91100000","symbol":"ADABUSD"},"level":"info","message":"Latest price","service":"api-d27bc23-binance-ADABUSD","timestamp":"2022-03-03T15:25:22.462Z"}
{"assetPair":"ADABUSD","data":{"price":"0.91300000","symbol":"ADABUSD"},"level":"info","message":"Latest price","service":"api-d27bc23-binance-ADABUSD","timestamp":"2022-03-03T15:28:22.489Z"}
{"assetPair":"ADABUSD","data":{"price":"0.91500000","symbol":"ADABUSD"},"level":"info","message":"Latest price","service":"api-d27bc23-binance-ADABUSD","timestamp":"2022-03-03T15:31:22.518Z"}
{"assetPair":"ADABUSD","data":{"price":"0.91200000","symbol":"ADABUSD"},"level":"info","message":"Latest price","service":"api-d27bc23-binance-ADABUSD","timestamp":"2022-03-03T15:34:22.553Z"}
{"assetPair":"ADABUSD","data":{"price":"0.90500000","symbol":"ADABUSD"},"level":"info","message":"Latest price","service":"api-d27bc23-binance-ADABUSD","timestamp":"2022-03-03T15:37:22.589Z"}
{"assetPair":"ADABUSD","data":{"price":"0.90200000","symbol":"ADABUSD"},"level":"info","message":"Latest price","service":"api-d27bc23-binance-ADABUSD","timestamp":"2022-03-03T15:40:22.630Z"}
{"assetPair":"ADABUSD","data":{"price":"0.90100000","symbol":"ADABUSD"},"level":"info","message":"Latest price","service":"api-d27bc23-binance-ADABUSD","timestamp":"2022-03-03T15:43:22.689Z"}
{"assetPair":"ADABUSD","data":{"price":"0.89800000","symbol":"ADABUSD"},"level":"info","message":"Latest price","service":"api-d27bc23-binance-ADABUSD","timestamp":"2022-03-03T15:46:22.767Z"}
{"assetPair":"ADABUSD","data":{"price":"0.90600000","symbol":"ADABUSD"},"level":"info","message":"Latest price","service":"api-d27bc23-binance-ADABUSD","timestamp":"2022-03-03T15:49:22.798Z"}
{"assetPair":"ADABUSD","data":{"price":"0.90400000","symbol":"ADABUSD"},"level":"info","message":"Latest price","service":"api-d27bc23-binance-ADABUSD","timestamp":"2022-03-03T15:52:22.828Z"}
{"balance":{"asset":"ADA","free":"26.44520000","locked":"0.00000000"},"level":"info","message":"Binance balance","service":"api-d27bc23-binance-ADABUSD","timestamp":"2022-03-03T15:52:22.864Z"}
{"correctedPrice":"0.904","correctedQty":"26.4","forAsset":"BUSD","level":"info","message":"Initiating SELL","price":"0.90400000","quantity":"26.44520000","sellAsset":"ADA","service":"api-d27bc23-binance-ADABUSD","timestamp":"2022-03-03T15:52:22.865Z"}
{"data":{"clientOrderId":"FjNWbQk6X1pC9OmUC31ZaS","cummulativeQuoteQty":"0.00000000","executedQty":"0.00000000","fills":[],"orderId":690017996,"orderListId":-1,"origQty":"26.40000000","price":"0.90400000","side":"SELL","status":"NEW","symbol":"ADABUSD","timeInForce":"GTC","transactTime":1646322742895,"type":"LIMIT"},"level":"info","message":"SELL success","service":"api-d27bc23-binance-ADABUSD","timestamp":"2022-03-03T15:52:22.897Z"}
{"level":"info","message":"Checking order status","origClientOrderId":"FjNWbQk6X1pC9OmUC31ZaS","service":"api-d27bc23-binance-ADABUSD","symbol":"ADABUSD","timestamp":"2022-03-03T15:55:22.932Z"}
{"data":{"clientOrderId":"FjNWbQk6X1pC9OmUC31ZaS","cummulativeQuoteQty":"23.86560000","executedQty":"26.40000000","icebergQty":"0.00000000","isWorking":true,"orderId":690017996,"orderListId":-1,"origQty":"26.40000000","origQuoteOrderQty":"0.00000000","price":"0.90400000","side":"SELL","status":"FILLED","stopPrice":"0.00000000","symbol":"ADABUSD","time":1646322742895,"timeInForce":"GTC","type":"LIMIT","updateTime":1646322747819},"level":"info","message":"Order status","service":"api-d27bc23-binance-ADABUSD","timestamp":"2022-03-03T15:55:22.965Z"}
{"assetPair":"ADABUSD","data":{"price":"0.90400000","symbol":"ADABUSD"},"level":"info","message":"Latest price","service":"api-d27bc23-binance-ADABUSD","timestamp":"2022-03-03T15:55:22.998Z"}
{"assetPair":"ADABUSD","data":{"price":"0.90400000","symbol":"ADABUSD"},"level":"info","message":"Latest price","service":"api-d27bc23-binance-ADABUSD","timestamp":"2022-03-03T15:58:23.032Z"}
{"assetPair":"ADABUSD","data":{"price":"0.90200000","symbol":"ADABUSD"},"level":"info","message":"Latest price","service":"api-d27bc23-binance-ADABUSD","timestamp":"2022-03-03T16:01:23.069Z"}
{"assetPair":"ADABUSD","data":{"price":"0.89700000","symbol":"ADABUSD"},"level":"info","message":"Latest price","service":"api-d27bc23-binance-ADABUSD","timestamp":"2022-03-03T16:04:23.104Z"}
{"assetPair":"ADABUSD","data":{"price":"0.89800000","symbol":"ADABUSD"},"level":"info","message":"Latest price","service":"api-d27bc23-binance-ADABUSD","timestamp":"2022-03-03T16:07:23.131Z"}
{"assetPair":"ADABUSD","data":{"price":"0.89700000","symbol":"ADABUSD"},"level":"info","message":"Latest price","service":"api-d27bc23-binance-ADABUSD","timestamp":"2022-03-03T16:10:23.186Z"}
{"assetPair":"ADABUSD","data":{"price":"0.89300000","symbol":"ADABUSD"},"level":"info","message":"Latest price","service":"api-d27bc23-binance-ADABUSD","timestamp":"2022-03-03T16:13:23.259Z"}
{"assetPair":"ADABUSD","data":{"price":"0.89500000","symbol":"ADABUSD"},"level":"info","message":"Latest price","service":"api-d27bc23-binance-ADABUSD","timestamp":"2022-03-03T16:16:23.287Z"}
{"assetPair":"ADABUSD","data":{"price":"0.89600000","symbol":"ADABUSD"},"level":"info","message":"Latest price","service":"api-d27bc23-binance-ADABUSD","timestamp":"2022-03-03T16:19:23.323Z"}
{"assetPair":"ADABUSD","data":{"price":"0.89900000","symbol":"ADABUSD"},"level":"info","message":"Latest price","service":"api-d27bc23-binance-ADABUSD","timestamp":"2022-03-03T16:22:23.351Z"}
{"balance":{"asset":"BUSD","free":"43.99686520","locked":"0.00000000"},"level":"info","message":"Binance balance","service":"api-d27bc23-binance-ADABUSD","timestamp":"2022-03-03T16:22:23.385Z"}
{"buyAsset":"ADA","correctedPrice":"0.899","correctedQty":"27.5","level":"info","message":"Initiating BUY","price":"0.899","quantity":"27.53058954393770856507","service":"api-d27bc23-binance-ADABUSD","timestamp":"2022-03-03T16:22:23.385Z","withAsset":"BUSD"}
{"data":{"clientOrderId":"8jNNt1QgZWMDO4y524rk8K","cummulativeQuoteQty":"0.00000000","executedQty":"0.00000000","fills":[],"orderId":690037337,"orderListId":-1,"origQty":"27.50000000","price":"0.89900000","side":"BUY","status":"NEW","symbol":"ADABUSD","timeInForce":"GTC","transactTime":1646324543408,"type":"LIMIT"},"level":"info","message":"BUY success","service":"api-d27bc23-binance-ADABUSD","timestamp":"2022-03-03T16:22:23.413Z"}
{"level":"info","message":"Checking order status","origClientOrderId":"8jNNt1QgZWMDO4y524rk8K","service":"api-d27bc23-binance-ADABUSD","symbol":"ADABUSD","timestamp":"2022-03-03T16:25:23.417Z"}
{"data":{"clientOrderId":"8jNNt1QgZWMDO4y524rk8K","cummulativeQuoteQty":"24.72250000","executedQty":"27.50000000","icebergQty":"0.00000000","isWorking":true,"orderId":690037337,"orderListId":-1,"origQty":"27.50000000","origQuoteOrderQty":"0.00000000","price":"0.89900000","side":"BUY","status":"FILLED","stopPrice":"0.00000000","symbol":"ADABUSD","time":1646324543408,"timeInForce":"GTC","type":"LIMIT","updateTime":1646324577373},"level":"info","message":"Order status","service":"api-d27bc23-binance-ADABUSD","timestamp":"2022-03-03T16:25:23.444Z"}
{"assetPair":"ADABUSD","data":{"price":"0.89800000","symbol":"ADABUSD"},"level":"info","message":"Latest price","service":"api-d27bc23-binance-ADABUSD","timestamp":"2022-03-03T16:25:23.466Z"}
{"assetPair":"ADABUSD","data":{"price":"0.90100000","symbol":"ADABUSD"},"level":"info","message":"Latest price","service":"api-d27bc23-binance-ADABUSD","timestamp":"2022-03-03T16:28:23.496Z"}
{"assetPair":"ADABUSD","data":{"price":"0.90100000","symbol":"ADABUSD"},"level":"info","message":"Latest price","service":"api-d27bc23-binance-ADABUSD","timestamp":"2022-03-03T16:31:23.523Z"}
{"assetPair":"ADABUSD","data":{"price":"0.89900000","symbol":"ADABUSD"},"level":"info","message":"Latest price","service":"api-d27bc23-binance-ADABUSD","timestamp":"2022-03-03T16:34:23.578Z"}
{"assetPair":"ADABUSD","data":{"price":"0.89900000","symbol":"ADABUSD"},"level":"info","message":"Latest price","service":"api-d27bc23-binance-ADABUSD","timestamp":"2022-03-03T16:37:23.605Z"}
{"assetPair":"ADABUSD","data":{"price":"0.89600000","symbol":"ADABUSD"},"level":"info","message":"Latest price","service":"api-d27bc23-binance-ADABUSD","timestamp":"2022-03-03T16:40:23.633Z"}
{"assetPair":"ADABUSD","data":{"price":"0.89900000","symbol":"ADABUSD"},"level":"info","message":"Latest price","service":"api-d27bc23-binance-ADABUSD","timestamp":"2022-03-03T16:43:23.678Z"}
{"assetPair":"ADABUSD","data":{"price":"0.89800000","symbol":"ADABUSD"},"level":"info","message":"Latest price","service":"api-d27bc23-binance-ADABUSD","timestamp":"2022-03-03T16:46:23.719Z"}
{"assetPair":"ADABUSD","data":{"price":"0.89700000","symbol":"ADABUSD"},"level":"info","message":"Latest price","service":"api-d27bc23-binance-ADABUSD","timestamp":"2022-03-03T16:49:23.744Z"}
{"assetPair":"ADABUSD","data":{"price":"0.89700000","symbol":"ADABUSD"},"level":"info","message":"Latest price","service":"api-d27bc23-binance-ADABUSD","timestamp":"2022-03-03T16:52:23.779Z"}
{"assetPair":"ADABUSD","data":{"price":"0.89500000","symbol":"ADABUSD"},"level":"info","message":"Latest price","service":"api-d27bc23-binance-ADABUSD","timestamp":"2022-03-03T16:55:23.807Z"}
{"assetPair":"ADABUSD","data":{"price":"0.89800000","symbol":"ADABUSD"},"level":"info","message":"Latest price","service":"api-d27bc23-binance-ADABUSD","timestamp":"2022-03-03T16:58:23.839Z"}
{"assetPair":"ADABUSD","data":{"price":"0.89600000","symbol":"ADABUSD"},"level":"info","message":"Latest price","service":"api-d27bc23-binance-ADABUSD","timestamp":"2022-03-03T17:01:23.916Z"}
{"assetPair":"ADABUSD","data":{"price":"0.89600000","symbol":"ADABUSD"},"level":"info","message":"Latest price","service":"api-d27bc23-binance-ADABUSD","timestamp":"2022-03-03T17:04:23.991Z"}
{"assetPair":"ADABUSD","data":{"price":"0.89300000","symbol":"ADABUSD"},"level":"info","message":"Latest price","service":"api-d27bc23-binance-ADABUSD","timestamp":"2022-03-03T17:07:24.030Z"}
{"assetPair":"ADABUSD","data":{"price":"0.89600000","symbol":"ADABUSD"},"level":"info","message":"Latest price","service":"api-d27bc23-binance-ADABUSD","timestamp":"2022-03-03T17:10:24.071Z"}
{"assetPair":"ADABUSD","data":{"price":"0.89500000","symbol":"ADABUSD"},"level":"info","message":"Latest price","service":"api-d27bc23-binance-ADABUSD","timestamp":"2022-03-03T17:13:24.109Z"}
{"assetPair":"ADABUSD","data":{"price":"0.89300000","symbol":"ADABUSD"},"level":"info","message":"Latest price","service":"api-d27bc23-binance-ADABUSD","timestamp":"2022-03-03T17:16:24.147Z"}
{"assetPair":"ADABUSD","data":{"price":"0.89400000","symbol":"ADABUSD"},"level":"info","message":"Latest price","service":"api-d27bc23-binance-ADABUSD","timestamp":"2022-03-03T17:19:24.202Z"}
{"assetPair":"ADABUSD","data":{"price":"0.89200000","symbol":"ADABUSD"},"level":"info","message":"Latest price","service":"api-d27bc23-binance-ADABUSD","timestamp":"2022-03-03T17:22:24.233Z"}
{"assetPair":"ADABUSD","data":{"price":"0.88600000","symbol":"ADABUSD"},"level":"info","message":"Latest price","service":"api-d27bc23-binance-ADABUSD","timestamp":"2022-03-03T17:25:24.262Z"}
{"assetPair":"ADABUSD","data":{"price":"0.88800000","symbol":"ADABUSD"},"level":"info","message":"Latest price","service":"api-d27bc23-binance-ADABUSD","timestamp":"2022-03-03T17:28:24.293Z"}
{"assetPair":"ADABUSD","data":{"price":"0.89100000","symbol":"ADABUSD"},"level":"info","message":"Latest price","service":"api-d27bc23-binance-ADABUSD","timestamp":"2022-03-03T17:31:24.351Z"}
{"assetPair":"ADABUSD","data":{"price":"0.89500000","symbol":"ADABUSD"},"level":"info","message":"Latest price","service":"api-d27bc23-binance-ADABUSD","timestamp":"2022-03-03T17:34:24.420Z"}
{"assetPair":"ADABUSD","data":{"price":"0.89700000","symbol":"ADABUSD"},"level":"info","message":"Latest price","service":"api-d27bc23-binance-ADABUSD","timestamp":"2022-03-03T17:37:24.519Z"}
{"assetPair":"ADABUSD","data":{"price":"0.89400000","symbol":"ADABUSD"},"level":"info","message":"Latest price","service":"api-d27bc23-binance-ADABUSD","timestamp":"2022-03-03T17:40:24.555Z"}
{"assetPair":"ADABUSD","data":{"price":"0.89700000","symbol":"ADABUSD"},"level":"info","message":"Latest price","service":"api-d27bc23-binance-ADABUSD","timestamp":"2022-03-03T17:43:24.588Z"}
{"assetPair":"ADABUSD","data":{"price":"0.89600000","symbol":"ADABUSD"},"level":"info","message":"Latest price","service":"api-d27bc23-binance-ADABUSD","timestamp":"2022-03-03T17:46:24.620Z"}
{"assetPair":"ADABUSD","data":{"price":"0.89900000","symbol":"ADABUSD"},"level":"info","message":"Latest price","service":"api-d27bc23-binance-ADABUSD","timestamp":"2022-03-03T17:49:24.650Z"}
{"assetPair":"ADABUSD","data":{"price":"0.89700000","symbol":"ADABUSD"},"level":"info","message":"Latest price","service":"api-d27bc23-binance-ADABUSD","timestamp":"2022-03-03T17:52:24.687Z"}
{"assetPair":"ADABUSD","data":{"price":"0.89800000","symbol":"ADABUSD"},"level":"info","message":"Latest price","service":"api-d27bc23-binance-ADABUSD","timestamp":"2022-03-03T17:55:24.713Z"}
{"assetPair":"ADABUSD","data":{"price":"0.89800000","symbol":"ADABUSD"},"level":"info","message":"Latest price","service":"api-d27bc23-binance-ADABUSD","timestamp":"2022-03-03T17:58:24.755Z"}
{"assetPair":"ADABUSD","data":{"price":"0.89900000","symbol":"ADABUSD"},"level":"info","message":"Latest price","service":"api-d27bc23-binance-ADABUSD","timestamp":"2022-03-03T18:01:24.789Z"}
{"assetPair":"ADABUSD","data":{"price":"0.90000000","symbol":"ADABUSD"},"level":"info","message":"Latest price","service":"api-d27bc23-binance-ADABUSD","timestamp":"2022-03-03T18:04:24.864Z"}
{"assetPair":"ADABUSD","data":{"price":"0.90000000","symbol":"ADABUSD"},"level":"info","message":"Latest price","service":"api-d27bc23-binance-ADABUSD","timestamp":"2022-03-03T18:07:24.894Z"}
{"assetPair":"ADABUSD","data":{"price":"0.90000000","symbol":"ADABUSD"},"level":"info","message":"Latest price","service":"api-d27bc23-binance-ADABUSD","timestamp":"2022-03-03T18:10:24.924Z"}
{"assetPair":"ADABUSD","data":{"price":"0.90000000","symbol":"ADABUSD"},"level":"info","message":"Latest price","service":"api-d27bc23-binance-ADABUSD","timestamp":"2022-03-03T18:13:24.959Z"}
{"assetPair":"ADABUSD","data":{"price":"0.90000000","symbol":"ADABUSD"},"level":"info","message":"Latest price","service":"api-d27bc23-binance-ADABUSD","timestamp":"2022-03-03T18:16:24.991Z"}
{"assetPair":"ADABUSD","data":{"price":"0.90100000","symbol":"ADABUSD"},"level":"info","message":"Latest price","service":"api-d27bc23-binance-ADABUSD","timestamp":"2022-03-03T18:19:25.018Z"}
{"assetPair":"ADABUSD","data":{"price":"0.90200000","symbol":"ADABUSD"},"level":"info","message":"Latest price","service":"api-d27bc23-binance-ADABUSD","timestamp":"2022-03-03T18:22:25.044Z"}
{"assetPair":"ADABUSD","data":{"price":"0.90100000","symbol":"ADABUSD"},"level":"info","message":"Latest price","service":"api-d27bc23-binance-ADABUSD","timestamp":"2022-03-03T18:25:25.075Z"}
{"assetPair":"ADABUSD","data":{"price":"0.90000000","symbol":"ADABUSD"},"level":"info","message":"Latest price","service":"api-d27bc23-binance-ADABUSD","timestamp":"2022-03-03T18:28:25.110Z"}
{"assetPair":"ADABUSD","data":{"price":"0.89800000","symbol":"ADABUSD"},"level":"info","message":"Latest price","service":"api-d27bc23-binance-ADABUSD","timestamp":"2022-03-03T18:31:25.165Z"}
{"assetPair":"ADABUSD","data":{"price":"0.89700000","symbol":"ADABUSD"},"level":"info","message":"Latest price","service":"api-d27bc23-binance-ADABUSD","timestamp":"2022-03-03T18:34:25.203Z"}
{"assetPair":"ADABUSD","data":{"price":"0.89600000","symbol":"ADABUSD"},"level":"info","message":"Latest price","service":"api-d27bc23-binance-ADABUSD","timestamp":"2022-03-03T18:37:25.231Z"}
{"assetPair":"ADABUSD","data":{"price":"0.89400000","symbol":"ADABUSD"},"level":"info","message":"Latest price","service":"api-d27bc23-binance-ADABUSD","timestamp":"2022-03-03T18:40:25.265Z"}
{"assetPair":"ADABUSD","data":{"price":"0.89500000","symbol":"ADABUSD"},"level":"info","message":"Latest price","service":"api-d27bc23-binance-ADABUSD","timestamp":"2022-03-03T18:43:25.323Z"}
{"assetPair":"ADABUSD","data":{"price":"0.89500000","symbol":"ADABUSD"},"level":"info","message":"Latest price","service":"api-d27bc23-binance-ADABUSD","timestamp":"2022-03-03T18:46:25.349Z"}
{"assetPair":"ADABUSD","data":{"price":"0.89800000","symbol":"ADABUSD"},"level":"info","message":"Latest price","service":"api-d27bc23-binance-ADABUSD","timestamp":"2022-03-03T18:49:25.406Z"}
{"assetPair":"ADABUSD","data":{"price":"0.90000000","symbol":"ADABUSD"},"level":"info","message":"Latest price","service":"api-d27bc23-binance-ADABUSD","timestamp":"2022-03-03T18:52:25.436Z"}
{"assetPair":"ADABUSD","data":{"price":"0.89900000","symbol":"ADABUSD"},"level":"info","message":"Latest price","service":"api-d27bc23-binance-ADABUSD","timestamp":"2022-03-03T18:55:25.466Z"}
{"assetPair":"ADABUSD","data":{"price":"0.89800000","symbol":"ADABUSD"},"level":"info","message":"Latest price","service":"api-d27bc23-binance-ADABUSD","timestamp":"2022-03-03T18:58:25.523Z"}
{"assetPair":"ADABUSD","data":{"price":"0.90000000","symbol":"ADABUSD"},"level":"info","message":"Latest price","service":"api-d27bc23-binance-ADABUSD","timestamp":"2022-03-03T19:01:25.553Z"}
{"assetPair":"ADABUSD","data":{"price":"0.90000000","symbol":"ADABUSD"},"level":"info","message":"Latest price","service":"api-d27bc23-binance-ADABUSD","timestamp":"2022-03-03T19:04:25.590Z"}
{"assetPair":"ADABUSD","data":{"price":"0.90000000","symbol":"ADABUSD"},"level":"info","message":"Latest price","service":"api-d27bc23-binance-ADABUSD","timestamp":"2022-03-03T19:07:25.628Z"}
{"assetPair":"ADABUSD","data":{"price":"0.89900000","symbol":"ADABUSD"},"level":"info","message":"Latest price","service":"api-d27bc23-binance-ADABUSD","timestamp":"2022-03-03T19:10:25.655Z"}
{"assetPair":"ADABUSD","data":{"price":"0.90100000","symbol":"ADABUSD"},"level":"info","message":"Latest price","service":"api-d27bc23-binance-ADABUSD","timestamp":"2022-03-03T19:13:25.688Z"}
{"assetPair":"ADABUSD","data":{"price":"0.90000000","symbol":"ADABUSD"},"level":"info","message":"Latest price","service":"api-d27bc23-binance-ADABUSD","timestamp":"2022-03-03T19:16:25.718Z"}
{"assetPair":"ADABUSD","data":{"price":"0.90100000","symbol":"ADABUSD"},"level":"info","message":"Latest price","service":"api-d27bc23-binance-ADABUSD","timestamp":"2022-03-03T19:19:25.747Z"}
{"assetPair":"ADABUSD","data":{"price":"0.90000000","symbol":"ADABUSD"},"level":"info","message":"Latest price","service":"api-d27bc23-binance-ADABUSD","timestamp":"2022-03-03T19:22:25.776Z"}
{"assetPair":"ADABUSD","data":{"price":"0.90100000","symbol":"ADABUSD"},"level":"info","message":"Latest price","service":"api-d27bc23-binance-ADABUSD","timestamp":"2022-03-03T19:25:25.805Z"}
{"assetPair":"ADABUSD","data":{"price":"0.90300000","symbol":"ADABUSD"},"level":"info","message":"Latest price","service":"api-d27bc23-binance-ADABUSD","timestamp":"2022-03-03T19:28:25.834Z"}
{"assetPair":"ADABUSD","data":{"price":"0.90200000","symbol":"ADABUSD"},"level":"info","message":"Latest price","service":"api-d27bc23-binance-ADABUSD","timestamp":"2022-03-03T19:31:25.859Z"}
{"assetPair":"ADABUSD","data":{"price":"0.90200000","symbol":"ADABUSD"},"level":"info","message":"Latest price","service":"api-d27bc23-binance-ADABUSD","timestamp":"2022-03-03T19:34:25.929Z"}
{"assetPair":"ADABUSD","data":{"price":"0.90100000","symbol":"ADABUSD"},"level":"info","message":"Latest price","service":"api-d27bc23-binance-ADABUSD","timestamp":"2022-03-03T19:37:25.988Z"}
{"assetPair":"ADABUSD","data":{"price":"0.90100000","symbol":"ADABUSD"},"level":"info","message":"Latest price","service":"api-d27bc23-binance-ADABUSD","timestamp":"2022-03-03T19:40:26.071Z"}
{"assetPair":"ADABUSD","data":{"price":"0.90100000","symbol":"ADABUSD"},"level":"info","message":"Latest price","service":"api-d27bc23-binance-ADABUSD","timestamp":"2022-03-03T19:43:26.101Z"}
{"assetPair":"ADABUSD","data":{"price":"0.90100000","symbol":"ADABUSD"},"level":"info","message":"Latest price","service":"api-d27bc23-binance-ADABUSD","timestamp":"2022-03-03T19:46:26.132Z"}
{"assetPair":"ADABUSD","data":{"price":"0.89800000","symbol":"ADABUSD"},"level":"info","message":"Latest price","service":"api-d27bc23-binance-ADABUSD","timestamp":"2022-03-03T19:49:26.169Z"}
{"assetPair":"ADABUSD","data":{"price":"0.89700000","symbol":"ADABUSD"},"level":"info","message":"Latest price","service":"api-d27bc23-binance-ADABUSD","timestamp":"2022-03-03T19:52:26.205Z"}
{"assetPair":"ADABUSD","data":{"price":"0.90200000","symbol":"ADABUSD"},"level":"info","message":"Latest price","service":"api-d27bc23-binance-ADABUSD","timestamp":"2022-03-03T19:55:26.240Z"}
{"assetPair":"ADABUSD","data":{"price":"0.90100000","symbol":"ADABUSD"},"level":"info","message":"Latest price","service":"api-d27bc23-binance-ADABUSD","timestamp":"2022-03-03T19:58:26.269Z"}
{"assetPair":"ADABUSD","data":{"price":"0.89900000","symbol":"ADABUSD"},"level":"info","message":"Latest price","service":"api-d27bc23-binance-ADABUSD","timestamp":"2022-03-03T20:01:26.323Z"}
{"assetPair":"ADABUSD","data":{"price":"0.89700000","symbol":"ADABUSD"},"level":"info","message":"Latest price","service":"api-d27bc23-binance-ADABUSD","timestamp":"2022-03-03T20:04:26.352Z"}
{"assetPair":"ADABUSD","data":{"price":"0.89900000","symbol":"ADABUSD"},"level":"info","message":"Latest price","service":"api-d27bc23-binance-ADABUSD","timestamp":"2022-03-03T20:07:26.374Z"}
{"assetPair":"ADABUSD","data":{"price":"0.89900000","symbol":"ADABUSD"},"level":"info","message":"Latest price","service":"api-d27bc23-binance-ADABUSD","timestamp":"2022-03-03T20:10:26.401Z"}
{"assetPair":"ADABUSD","data":{"price":"0.89900000","symbol":"ADABUSD"},"level":"info","message":"Latest price","service":"api-d27bc23-binance-ADABUSD","timestamp":"2022-03-03T20:13:26.429Z"}
{"assetPair":"ADABUSD","data":{"price":"0.89800000","symbol":"ADABUSD"},"level":"info","message":"Latest price","service":"api-d27bc23-binance-ADABUSD","timestamp":"2022-03-03T20:16:26.454Z"}
{"assetPair":"ADABUSD","data":{"price":"0.89900000","symbol":"ADABUSD"},"level":"info","message":"Latest price","service":"api-d27bc23-binance-ADABUSD","timestamp":"2022-03-03T20:19:26.490Z"}
{"assetPair":"ADABUSD","data":{"price":"0.89800000","symbol":"ADABUSD"},"level":"info","message":"Latest price","service":"api-d27bc23-binance-ADABUSD","timestamp":"2022-03-03T20:22:26.558Z"}
{"assetPair":"ADABUSD","data":{"price":"0.89900000","symbol":"ADABUSD"},"level":"info","message":"Latest price","service":"api-d27bc23-binance-ADABUSD","timestamp":"2022-03-03T20:25:26.581Z"}
{"assetPair":"ADABUSD","data":{"price":"0.90000000","symbol":"ADABUSD"},"level":"info","message":"Latest price","service":"api-d27bc23-binance-ADABUSD","timestamp":"2022-03-03T20:28:26.613Z"}
{"assetPair":"ADABUSD","data":{"price":"0.90000000","symbol":"ADABUSD"},"level":"info","message":"Latest price","service":"api-d27bc23-binance-ADABUSD","timestamp":"2022-03-03T20:31:26.646Z"}
{"assetPair":"ADABUSD","data":{"price":"0.89800000","symbol":"ADABUSD"},"level":"info","message":"Latest price","service":"api-d27bc23-binance-ADABUSD","timestamp":"2022-03-03T20:34:26.722Z"}
{"assetPair":"ADABUSD","data":{"price":"0.89900000","symbol":"ADABUSD"},"level":"info","message":"Latest price","service":"api-d27bc23-binance-ADABUSD","timestamp":"2022-03-03T20:37:26.749Z"}
{"assetPair":"ADABUSD","data":{"price":"0.89900000","symbol":"ADABUSD"},"level":"info","message":"Latest price","service":"api-d27bc23-binance-ADABUSD","timestamp":"2022-03-03T20:40:26.802Z"}
{"assetPair":"ADABUSD","data":{"price":"0.89600000","symbol":"ADABUSD"},"level":"info","message":"Latest price","service":"api-d27bc23-binance-ADABUSD","timestamp":"2022-03-03T20:43:26.829Z"}
{"assetPair":"ADABUSD","data":{"price":"0.89600000","symbol":"ADABUSD"},"level":"info","message":"Latest price","service":"api-d27bc23-binance-ADABUSD","timestamp":"2022-03-03T20:46:26.859Z"}
{"assetPair":"ADABUSD","data":{"price":"0.89400000","symbol":"ADABUSD"},"level":"info","message":"Latest price","service":"api-d27bc23-binance-ADABUSD","timestamp":"2022-03-03T20:49:26.946Z"}
{"assetPair":"ADABUSD","data":{"price":"0.89600000","symbol":"ADABUSD"},"level":"info","message":"Latest price","service":"api-d27bc23-binance-ADABUSD","timestamp":"2022-03-03T20:52:26.980Z"}
{"assetPair":"ADABUSD","data":{"price":"0.89600000","symbol":"ADABUSD"},"level":"info","message":"Latest price","service":"api-d27bc23-binance-ADABUSD","timestamp":"2022-03-03T20:55:27.004Z"}
{"assetPair":"ADABUSD","data":{"price":"0.89700000","symbol":"ADABUSD"},"level":"info","message":"Latest price","service":"api-d27bc23-binance-ADABUSD","timestamp":"2022-03-03T20:58:27.071Z"}
{"assetPair":"ADABUSD","data":{"price":"0.89300000","symbol":"ADABUSD"},"level":"info","message":"Latest price","service":"api-d27bc23-binance-ADABUSD","timestamp":"2022-03-03T21:01:27.100Z"}
{"assetPair":"ADABUSD","data":{"price":"0.89200000","symbol":"ADABUSD"},"level":"info","message":"Latest price","service":"api-d27bc23-binance-ADABUSD","timestamp":"2022-03-03T21:04:27.125Z"}
{"assetPair":"ADABUSD","data":{"price":"0.89300000","symbol":"ADABUSD"},"level":"info","message":"Latest price","service":"api-d27bc23-binance-ADABUSD","timestamp":"2022-03-03T21:07:27.158Z"}
{"assetPair":"ADABUSD","data":{"price":"0.89700000","symbol":"ADABUSD"},"level":"info","message":"Latest price","service":"api-d27bc23-binance-ADABUSD","timestamp":"2022-03-03T21:10:27.185Z"}
{"assetPair":"ADABUSD","data":{"price":"0.89600000","symbol":"ADABUSD"},"level":"info","message":"Latest price","service":"api-d27bc23-binance-ADABUSD","timestamp":"2022-03-03T21:13:27.207Z"}
{"assetPair":"ADABUSD","data":{"price":"0.89700000","symbol":"ADABUSD"},"level":"info","message":"Latest price","service":"api-d27bc23-binance-ADABUSD","timestamp":"2022-03-03T21:16:27.265Z"}
{"assetPair":"ADABUSD","data":{"price":"0.89800000","symbol":"ADABUSD"},"level":"info","message":"Latest price","service":"api-d27bc23-binance-ADABUSD","timestamp":"2022-03-03T21:19:27.338Z"}
{"assetPair":"ADABUSD","data":{"price":"0.89700000","symbol":"ADABUSD"},"level":"info","message":"Latest price","service":"api-d27bc23-binance-ADABUSD","timestamp":"2022-03-03T21:22:27.460Z"}
{"assetPair":"ADABUSD","data":{"price":"0.89800000","symbol":"ADABUSD"},"level":"info","message":"Latest price","service":"api-d27bc23-binance-ADABUSD","timestamp":"2022-03-03T21:25:27.489Z"}
{"assetPair":"ADABUSD","data":{"price":"0.89800000","symbol":"ADABUSD"},"level":"info","message":"Latest price","service":"api-d27bc23-binance-ADABUSD","timestamp":"2022-03-03T21:28:27.523Z"}
{"assetPair":"ADABUSD","data":{"price":"0.89600000","symbol":"ADABUSD"},"level":"info","message":"Latest price","service":"api-d27bc23-binance-ADABUSD","timestamp":"2022-03-03T21:31:27.557Z"}
{"assetPair":"ADABUSD","data":{"price":"0.89500000","symbol":"ADABUSD"},"level":"info","message":"Latest price","service":"api-d27bc23-binance-ADABUSD","timestamp":"2022-03-03T21:34:27.611Z"}
{"assetPair":"ADABUSD","data":{"price":"0.89400000","symbol":"ADABUSD"},"level":"info","message":"Latest price","service":"api-d27bc23-binance-ADABUSD","timestamp":"2022-03-03T21:37:27.643Z"}
{"assetPair":"ADABUSD","data":{"price":"0.89500000","symbol":"ADABUSD"},"level":"info","message":"Latest price","service":"api-d27bc23-binance-ADABUSD","timestamp":"2022-03-03T21:40:27.715Z"}
{"assetPair":"ADABUSD","data":{"price":"0.89600000","symbol":"ADABUSD"},"level":"info","message":"Latest price","service":"api-d27bc23-binance-ADABUSD","timestamp":"2022-03-03T21:43:27.776Z"}
{"assetPair":"ADABUSD","data":{"price":"0.89400000","symbol":"ADABUSD"},"level":"info","message":"Latest price","service":"api-d27bc23-binance-ADABUSD","timestamp":"2022-03-03T21:46:27.843Z"}
{"assetPair":"ADABUSD","data":{"price":"0.89400000","symbol":"ADABUSD"},"level":"info","message":"Latest price","service":"api-d27bc23-binance-ADABUSD","timestamp":"2022-03-03T21:49:27.903Z"}
{"assetPair":"ADABUSD","data":{"price":"0.89100000","symbol":"ADABUSD"},"level":"info","message":"Latest price","service":"api-d27bc23-binance-ADABUSD","timestamp":"2022-03-03T21:52:27.933Z"}
{"assetPair":"ADABUSD","data":{"price":"0.89500000","symbol":"ADABUSD"},"level":"info","message":"Latest price","service":"api-d27bc23-binance-ADABUSD","timestamp":"2022-03-03T21:55:28.008Z"}
{"assetPair":"ADABUSD","data":{"price":"0.89600000","symbol":"ADABUSD"},"level":"info","message":"Latest price","service":"api-d27bc23-binance-ADABUSD","timestamp":"2022-03-03T21:58:28.034Z"}
{"assetPair":"ADABUSD","data":{"price":"0.89900000","symbol":"ADABUSD"},"level":"info","message":"Latest price","service":"api-d27bc23-binance-ADABUSD","timestamp":"2022-03-03T22:01:28.106Z"}
{"assetPair":"ADABUSD","data":{"price":"0.90600000","symbol":"ADABUSD"},"level":"info","message":"Latest price","service":"api-d27bc23-binance-ADABUSD","timestamp":"2022-03-03T22:04:28.220Z"}
{"assetPair":"ADABUSD","data":{"price":"0.90100000","symbol":"ADABUSD"},"level":"info","message":"Latest price","service":"api-d27bc23-binance-ADABUSD","timestamp":"2022-03-03T22:07:28.254Z"}
{"assetPair":"ADABUSD","data":{"price":"0.90200000","symbol":"ADABUSD"},"level":"info","message":"Latest price","service":"api-d27bc23-binance-ADABUSD","timestamp":"2022-03-03T22:10:28.312Z"}
{"assetPair":"ADABUSD","data":{"price":"0.90100000","symbol":"ADABUSD"},"level":"info","message":"Latest price","service":"api-d27bc23-binance-ADABUSD","timestamp":"2022-03-03T22:13:28.350Z"}
{"assetPair":"ADABUSD","data":{"price":"0.90200000","symbol":"ADABUSD"},"level":"info","message":"Latest price","service":"api-d27bc23-binance-ADABUSD","timestamp":"2022-03-03T22:16:28.419Z"}
{"assetPair":"ADABUSD","data":{"price":"0.90200000","symbol":"ADABUSD"},"level":"info","message":"Latest price","service":"api-d27bc23-binance-ADABUSD","timestamp":"2022-03-03T22:19:28.445Z"}
{"assetPair":"ADABUSD","data":{"price":"0.90300000","symbol":"ADABUSD"},"level":"info","message":"Latest price","service":"api-d27bc23-binance-ADABUSD","timestamp":"2022-03-03T22:22:28.475Z"}
{"assetPair":"ADABUSD","data":{"price":"0.90400000","symbol":"ADABUSD"},"level":"info","message":"Latest price","service":"api-d27bc23-binance-ADABUSD","timestamp":"2022-03-03T22:25:28.507Z"}
{"assetPair":"ADABUSD","data":{"price":"0.90600000","symbol":"ADABUSD"},"level":"info","message":"Latest price","service":"api-d27bc23-binance-ADABUSD","timestamp":"2022-03-03T22:28:28.537Z"}
{"assetPair":"ADABUSD","data":{"price":"0.90600000","symbol":"ADABUSD"},"level":"info","message":"Latest price","service":"api-d27bc23-binance-ADABUSD","timestamp":"2022-03-03T22:31:28.568Z"}
{"assetPair":"ADABUSD","data":{"price":"0.90600000","symbol":"ADABUSD"},"level":"info","message":"Latest price","service":"api-d27bc23-binance-ADABUSD","timestamp":"2022-03-03T22:34:28.624Z"}
{"assetPair":"ADABUSD","data":{"price":"0.90400000","symbol":"ADABUSD"},"level":"info","message":"Latest price","service":"api-d27bc23-binance-ADABUSD","timestamp":"2022-03-03T22:37:28.655Z"}
{"assetPair":"ADABUSD","data":{"price":"0.90600000","symbol":"ADABUSD"},"level":"info","message":"Latest price","service":"api-d27bc23-binance-ADABUSD","timestamp":"2022-03-03T22:40:28.685Z"}
{"assetPair":"ADABUSD","data":{"price":"0.90600000","symbol":"ADABUSD"},"level":"info","message":"Latest price","service":"api-d27bc23-binance-ADABUSD","timestamp":"2022-03-03T22:43:28.709Z"}
{"assetPair":"ADABUSD","data":{"price":"0.90600000","symbol":"ADABUSD"},"level":"info","message":"Latest price","service":"api-d27bc23-binance-ADABUSD","timestamp":"2022-03-03T22:46:28.736Z"}
{"assetPair":"ADABUSD","data":{"price":"0.90600000","symbol":"ADABUSD"},"level":"info","message":"Latest price","service":"api-d27bc23-binance-ADABUSD","timestamp":"2022-03-03T22:49:28.762Z"}
{"assetPair":"ADABUSD","data":{"price":"0.90600000","symbol":"ADABUSD"},"level":"info","message":"Latest price","service":"api-d27bc23-binance-ADABUSD","timestamp":"2022-03-03T22:52:28.797Z"}
{"assetPair":"ADABUSD","data":{"price":"0.90600000","symbol":"ADABUSD"},"level":"info","message":"Latest price","service":"api-d27bc23-binance-ADABUSD","timestamp":"2022-03-03T22:55:28.865Z"}
{"assetPair":"ADABUSD","data":{"price":"0.90700000","symbol":"ADABUSD"},"level":"info","message":"Latest price","service":"api-d27bc23-binance-ADABUSD","timestamp":"2022-03-03T22:58:28.891Z"}
{"assetPair":"ADABUSD","data":{"price":"0.90600000","symbol":"ADABUSD"},"level":"info","message":"Latest price","service":"api-d27bc23-binance-ADABUSD","timestamp":"2022-03-03T23:01:28.916Z"}
{"assetPair":"ADABUSD","data":{"price":"0.90500000","symbol":"ADABUSD"},"level":"info","message":"Latest price","service":"api-d27bc23-binance-ADABUSD","timestamp":"2022-03-03T23:04:28.941Z"}
{"assetPair":"ADABUSD","data":{"price":"0.90600000","symbol":"ADABUSD"},"level":"info","message":"Latest price","service":"api-d27bc23-binance-ADABUSD","timestamp":"2022-03-03T23:07:28.965Z"}
{"assetPair":"ADABUSD","data":{"price":"0.90500000","symbol":"ADABUSD"},"level":"info","message":"Latest price","service":"api-d27bc23-binance-ADABUSD","timestamp":"2022-03-03T23:10:29.000Z"}
{"assetPair":"ADABUSD","data":{"price":"0.90600000","symbol":"ADABUSD"},"level":"info","message":"Latest price","service":"api-d27bc23-binance-ADABUSD","timestamp":"2022-03-03T23:13:29.026Z"}
{"assetPair":"ADABUSD","data":{"price":"0.90800000","symbol":"ADABUSD"},"level":"info","message":"Latest price","service":"api-d27bc23-binance-ADABUSD","timestamp":"2022-03-03T23:16:29.067Z"}
{"assetPair":"ADABUSD","data":{"price":"0.90900000","symbol":"ADABUSD"},"level":"info","message":"Latest price","service":"api-d27bc23-binance-ADABUSD","timestamp":"2022-03-03T23:19:29.099Z"}
{"assetPair":"ADABUSD","data":{"price":"0.91000000","symbol":"ADABUSD"},"level":"info","message":"Latest price","service":"api-d27bc23-binance-ADABUSD","timestamp":"2022-03-03T23:22:29.128Z"}
{"assetPair":"ADABUSD","data":{"price":"0.90800000","symbol":"ADABUSD"},"level":"info","message":"Latest price","service":"api-d27bc23-binance-ADABUSD","timestamp":"2022-03-03T23:25:29.157Z"}
{"assetPair":"ADABUSD","data":{"price":"0.90700000","symbol":"ADABUSD"},"level":"info","message":"Latest price","service":"api-d27bc23-binance-ADABUSD","timestamp":"2022-03-03T23:28:29.234Z"}
{"assetPair":"ADABUSD","data":{"price":"0.90600000","symbol":"ADABUSD"},"level":"info","message":"Latest price","service":"api-d27bc23-binance-ADABUSD","timestamp":"2022-03-03T23:31:29.290Z"}
{"assetPair":"ADABUSD","data":{"price":"0.90600000","symbol":"ADABUSD"},"level":"info","message":"Latest price","service":"api-d27bc23-binance-ADABUSD","timestamp":"2022-03-03T23:34:29.321Z"}
{"assetPair":"ADABUSD","data":{"price":"0.90300000","symbol":"ADABUSD"},"level":"info","message":"Latest price","service":"api-d27bc23-binance-ADABUSD","timestamp":"2022-03-03T23:37:29.352Z"}
{"assetPair":"ADABUSD","data":{"price":"0.90400000","symbol":"ADABUSD"},"level":"info","message":"Latest price","service":"api-d27bc23-binance-ADABUSD","timestamp":"2022-03-03T23:40:29.382Z"}
{"assetPair":"ADABUSD","data":{"price":"0.90500000","symbol":"ADABUSD"},"level":"info","message":"Latest price","service":"api-d27bc23-binance-ADABUSD","timestamp":"2022-03-03T23:43:29.406Z"}
{"assetPair":"ADABUSD","data":{"price":"0.90500000","symbol":"ADABUSD"},"level":"info","message":"Latest price","service":"api-d27bc23-binance-ADABUSD","timestamp":"2022-03-03T23:46:29.437Z"}
{"assetPair":"ADABUSD","data":{"price":"0.90300000","symbol":"ADABUSD"},"level":"info","message":"Latest price","service":"api-d27bc23-binance-ADABUSD","timestamp":"2022-03-03T23:49:29.492Z"}
{"assetPair":"ADABUSD","data":{"price":"0.90200000","symbol":"ADABUSD"},"level":"info","message":"Latest price","service":"api-d27bc23-binance-ADABUSD","timestamp":"2022-03-03T23:52:29.521Z"}
{"assetPair":"ADABUSD","data":{"price":"0.90100000","symbol":"ADABUSD"},"level":"info","message":"Latest price","service":"api-d27bc23-binance-ADABUSD","timestamp":"2022-03-03T23:55:29.551Z"}
{"assetPair":"ADABUSD","data":{"price":"0.90200000","symbol":"ADABUSD"},"level":"info","message":"Latest price","service":"api-d27bc23-binance-ADABUSD","timestamp":"2022-03-03T23:58:29.581Z"}
{"assetPair":"ADABUSD","data":{"price":"0.90100000","symbol":"ADABUSD"},"level":"info","message":"Latest price","service":"api-d27bc23-binance-ADABUSD","timestamp":"2022-03-04T00:01:29.634Z"}
{"assetPair":"ADABUSD","data":{"price":"0.90300000","symbol":"ADABUSD"},"level":"info","message":"Latest price","service":"api-d27bc23-binance-ADABUSD","timestamp":"2022-03-04T00:04:29.665Z"}
{"assetPair":"ADABUSD","data":{"price":"0.90000000","symbol":"ADABUSD"},"level":"info","message":"Latest price","service":"api-d27bc23-binance-ADABUSD","timestamp":"2022-03-04T00:07:29.691Z"}
{"assetPair":"ADABUSD","data":{"price":"0.89700000","symbol":"ADABUSD"},"level":"info","message":"Latest price","service":"api-d27bc23-binance-ADABUSD","timestamp":"2022-03-04T00:10:29.764Z"}
{"assetPair":"ADABUSD","data":{"price":"0.89700000","symbol":"ADABUSD"},"level":"info","message":"Latest price","service":"api-d27bc23-binance-ADABUSD","timestamp":"2022-03-04T00:13:29.796Z"}
{"assetPair":"ADABUSD","data":{"price":"0.89700000","symbol":"ADABUSD"},"level":"info","message":"Latest price","service":"api-d27bc23-binance-ADABUSD","timestamp":"2022-03-04T00:16:29.823Z"}
{"assetPair":"ADABUSD","data":{"price":"0.89600000","symbol":"ADABUSD"},"level":"info","message":"Latest price","service":"api-d27bc23-binance-ADABUSD","timestamp":"2022-03-04T00:19:29.901Z"}
{"assetPair":"ADABUSD","data":{"price":"0.89700000","symbol":"ADABUSD"},"level":"info","message":"Latest price","service":"api-d27bc23-binance-ADABUSD","timestamp":"2022-03-04T00:22:29.942Z"}
{"assetPair":"ADABUSD","data":{"price":"0.89400000","symbol":"ADABUSD"},"level":"info","message":"Latest price","service":"api-d27bc23-binance-ADABUSD","timestamp":"2022-03-04T00:25:29.972Z"}
{"assetPair":"ADABUSD","data":{"price":"0.89400000","symbol":"ADABUSD"},"level":"info","message":"Latest price","service":"api-d27bc23-binance-ADABUSD","timestamp":"2022-03-04T00:28:30.003Z"}
{"assetPair":"ADABUSD","data":{"price":"0.89200000","symbol":"ADABUSD"},"level":"info","message":"Latest price","service":"api-d27bc23-binance-ADABUSD","timestamp":"2022-03-04T00:31:30.034Z"}
{"assetPair":"ADABUSD","data":{"price":"0.89300000","symbol":"ADABUSD"},"level":"info","message":"Latest price","service":"api-d27bc23-binance-ADABUSD","timestamp":"2022-03-04T00:34:30.069Z"}
{"assetPair":"ADABUSD","data":{"price":"0.89600000","symbol":"ADABUSD"},"level":"info","message":"Latest price","service":"api-d27bc23-binance-ADABUSD","timestamp":"2022-03-04T00:37:30.100Z"}
{"assetPair":"ADABUSD","data":{"price":"0.89500000","symbol":"ADABUSD"},"level":"info","message":"Latest price","service":"api-d27bc23-binance-ADABUSD","timestamp":"2022-03-04T00:40:30.190Z"}
{"assetPair":"ADABUSD","data":{"price":"0.89300000","symbol":"ADABUSD"},"level":"info","message":"Latest price","service":"api-d27bc23-binance-ADABUSD","timestamp":"2022-03-04T00:43:30.217Z"}
{"assetPair":"ADABUSD","data":{"price":"0.88300000","symbol":"ADABUSD"},"level":"info","message":"Latest price","service":"api-d27bc23-binance-ADABUSD","timestamp":"2022-03-04T00:46:30.255Z"}
{"assetPair":"ADABUSD","data":{"price":"0.87600000","symbol":"ADABUSD"},"level":"info","message":"Latest price","service":"api-d27bc23-binance-ADABUSD","timestamp":"2022-03-04T00:49:30.278Z"}
{"assetPair":"ADABUSD","data":{"price":"0.87500000","symbol":"ADABUSD"},"level":"info","message":"Latest price","service":"api-d27bc23-binance-ADABUSD","timestamp":"2022-03-04T00:52:30.308Z"}
{"assetPair":"ADABUSD","data":{"price":"0.87600000","symbol":"ADABUSD"},"level":"info","message":"Latest price","service":"api-d27bc23-binance-ADABUSD","timestamp":"2022-03-04T00:55:30.332Z"}
{"assetPair":"ADABUSD","data":{"price":"0.87400000","symbol":"ADABUSD"},"level":"info","message":"Latest price","service":"api-d27bc23-binance-ADABUSD","timestamp":"2022-03-04T00:58:30.359Z"}
{"assetPair":"ADABUSD","data":{"price":"0.87000000","symbol":"ADABUSD"},"level":"info","message":"Latest price","service":"api-d27bc23-binance-ADABUSD","timestamp":"2022-03-04T01:01:30.382Z"}
{"assetPair":"ADABUSD","data":{"price":"0.87400000","symbol":"ADABUSD"},"level":"info","message":"Latest price","service":"api-d27bc23-binance-ADABUSD","timestamp":"2022-03-04T01:04:30.418Z"}
{"assetPair":"ADABUSD","data":{"price":"0.87400000","symbol":"ADABUSD"},"level":"info","message":"Latest price","service":"api-d27bc23-binance-ADABUSD","timestamp":"2022-03-04T01:07:30.447Z"}
{"assetPair":"ADABUSD","data":{"price":"0.86800000","symbol":"ADABUSD"},"level":"info","message":"Latest price","service":"api-d27bc23-binance-ADABUSD","timestamp":"2022-03-04T01:10:30.504Z"}
{"balance":{"asset":"ADA","free":"27.54520000","locked":"0.00000000"},"level":"info","message":"Binance balance","service":"api-d27bc23-binance-ADABUSD","timestamp":"2022-03-04T01:10:30.584Z"}
{"correctedPrice":"0.868","correctedQty":"27.5","forAsset":"BUSD","level":"info","message":"Initiating SELL","price":"0.86800000","quantity":"27.54520000","sellAsset":"ADA","service":"api-d27bc23-binance-ADABUSD","timestamp":"2022-03-04T01:10:30.655Z"}
{"data":{"clientOrderId":"ALJ6DuOJjMMVvTSNnFt7IE","cummulativeQuoteQty":"23.87000000","executedQty":"27.50000000","fills":[{"commission":"0.02387000","commissionAsset":"BUSD","price":"0.86800000","qty":"27.50000000","tradeId":68605437}],"orderId":690223630,"orderListId":-1,"origQty":"27.50000000","price":"0.86800000","side":"SELL","status":"FILLED","symbol":"ADABUSD","timeInForce":"GTC","transactTime":1646356230718,"type":"LIMIT"},"level":"info","message":"SELL success","service":"api-d27bc23-binance-ADABUSD","timestamp":"2022-03-04T01:10:30.730Z"}
{"level":"info","message":"Checking order status","origClientOrderId":"ALJ6DuOJjMMVvTSNnFt7IE","service":"api-d27bc23-binance-ADABUSD","symbol":"ADABUSD","timestamp":"2022-03-04T01:13:30.737Z"}
{"data":{"clientOrderId":"ALJ6DuOJjMMVvTSNnFt7IE","cummulativeQuoteQty":"23.87000000","executedQty":"27.50000000","icebergQty":"0.00000000","isWorking":true,"orderId":690223630,"orderListId":-1,"origQty":"27.50000000","origQuoteOrderQty":"0.00000000","price":"0.86800000","side":"SELL","status":"FILLED","stopPrice":"0.00000000","symbol":"ADABUSD","time":1646356230718,"timeInForce":"GTC","type":"LIMIT","updateTime":1646356230718},"level":"info","message":"Order status","service":"api-d27bc23-binance-ADABUSD","timestamp":"2022-03-04T01:13:30.789Z"}
{"assetPair":"ADABUSD","data":{"price":"0.86800000","symbol":"ADABUSD"},"level":"info","message":"Latest price","service":"api-d27bc23-binance-ADABUSD","timestamp":"2022-03-04T01:13:30.814Z"}
{"assetPair":"ADABUSD","data":{"price":"0.87200000","symbol":"ADABUSD"},"level":"info","message":"Latest price","service":"api-d27bc23-binance-ADABUSD","timestamp":"2022-03-04T01:16:30.851Z"}
{"assetPair":"ADABUSD","data":{"price":"0.86900000","symbol":"ADABUSD"},"level":"info","message":"Latest price","service":"api-d27bc23-binance-ADABUSD","timestamp":"2022-03-04T01:19:30.876Z"}
{"assetPair":"ADABUSD","data":{"price":"0.87300000","symbol":"ADABUSD"},"level":"info","message":"Latest price","service":"api-d27bc23-binance-ADABUSD","timestamp":"2022-03-04T01:22:30.908Z"}
{"assetPair":"ADABUSD","data":{"price":"0.87600000","symbol":"ADABUSD"},"level":"info","message":"Latest price","service":"api-d27bc23-binance-ADABUSD","timestamp":"2022-03-04T01:25:30.939Z"}
{"balance":{"asset":"BUSD","free":"41.14826560","locked":"0.00000000"},"level":"info","message":"Binance balance","service":"api-d27bc23-binance-ADABUSD","timestamp":"2022-03-04T01:25:30.973Z"}
{"buyAsset":"ADA","correctedPrice":"0.876","correctedQty":"28.2","level":"info","message":"Initiating BUY","price":"0.876","quantity":"28.25342465753424657534","service":"api-d27bc23-binance-ADABUSD","timestamp":"2022-03-04T01:25:30.973Z","withAsset":"BUSD"}
{"data":{"clientOrderId":"PQlwUjeJdNFrzIoDRKQSEn","cummulativeQuoteQty":"24.70320000","executedQty":"28.20000000","fills":[{"commission":"0.02820000","commissionAsset":"ADA","price":"0.87600000","qty":"28.20000000","tradeId":68607801}],"orderId":690238191,"orderListId":-1,"origQty":"28.20000000","price":"0.87600000","side":"BUY","status":"FILLED","symbol":"ADABUSD","timeInForce":"GTC","transactTime":1646357130994,"type":"LIMIT"},"level":"info","message":"BUY success","service":"api-d27bc23-binance-ADABUSD","timestamp":"2022-03-04T01:25:30.999Z"}
{"level":"info","message":"Checking order status","origClientOrderId":"PQlwUjeJdNFrzIoDRKQSEn","service":"api-d27bc23-binance-ADABUSD","symbol":"ADABUSD","timestamp":"2022-03-04T01:28:31.003Z"}
{"data":{"clientOrderId":"PQlwUjeJdNFrzIoDRKQSEn","cummulativeQuoteQty":"24.70320000","executedQty":"28.20000000","icebergQty":"0.00000000","isWorking":true,"orderId":690238191,"orderListId":-1,"origQty":"28.20000000","origQuoteOrderQty":"0.00000000","price":"0.87600000","side":"BUY","status":"FILLED","stopPrice":"0.00000000","symbol":"ADABUSD","time":1646357130994,"timeInForce":"GTC","type":"LIMIT","updateTime":1646357130994},"level":"info","message":"Order status","service":"api-d27bc23-binance-ADABUSD","timestamp":"2022-03-04T01:28:31.039Z"}
{"assetPair":"ADABUSD","data":{"price":"0.87400000","symbol":"ADABUSD"},"level":"info","message":"Latest price","service":"api-d27bc23-binance-ADABUSD","timestamp":"2022-03-04T01:28:31.059Z"}
{"assetPair":"ADABUSD","data":{"price":"0.87300000","symbol":"ADABUSD"},"level":"info","message":"Latest price","service":"api-d27bc23-binance-ADABUSD","timestamp":"2022-03-04T01:31:31.135Z"}
{"assetPair":"ADABUSD","data":{"price":"0.87600000","symbol":"ADABUSD"},"level":"info","message":"Latest price","service":"api-d27bc23-binance-ADABUSD","timestamp":"2022-03-04T01:34:31.206Z"}
{"assetPair":"ADABUSD","data":{"price":"0.87300000","symbol":"ADABUSD"},"level":"info","message":"Latest price","service":"api-d27bc23-binance-ADABUSD","timestamp":"2022-03-04T01:37:31.230Z"}
{"assetPair":"ADABUSD","data":{"price":"0.87400000","symbol":"ADABUSD"},"level":"info","message":"Latest price","service":"api-d27bc23-binance-ADABUSD","timestamp":"2022-03-04T01:40:31.295Z"}
{"assetPair":"ADABUSD","data":{"price":"0.87600000","symbol":"ADABUSD"},"level":"info","message":"Latest price","service":"api-d27bc23-binance-ADABUSD","timestamp":"2022-03-04T01:43:31.323Z"}
{"assetPair":"ADABUSD","data":{"price":"0.87500000","symbol":"ADABUSD"},"level":"info","message":"Latest price","service":"api-d27bc23-binance-ADABUSD","timestamp":"2022-03-04T01:46:31.361Z"}
{"assetPair":"ADABUSD","data":{"price":"0.87600000","symbol":"ADABUSD"},"level":"info","message":"Latest price","service":"api-d27bc23-binance-ADABUSD","timestamp":"2022-03-04T01:49:31.396Z"}
{"assetPair":"ADABUSD","data":{"price":"0.87700000","symbol":"ADABUSD"},"level":"info","message":"Latest price","service":"api-d27bc23-binance-ADABUSD","timestamp":"2022-03-04T01:52:31.429Z"}
{"assetPair":"ADABUSD","data":{"price":"0.88100000","symbol":"ADABUSD"},"level":"info","message":"Latest price","service":"api-d27bc23-binance-ADABUSD","timestamp":"2022-03-04T01:55:31.459Z"}
{"assetPair":"ADABUSD","data":{"price":"0.88400000","symbol":"ADABUSD"},"level":"info","message":"Latest price","service":"api-d27bc23-binance-ADABUSD","timestamp":"2022-03-04T01:58:31.490Z"}
{"assetPair":"ADABUSD","data":{"price":"0.88100000","symbol":"ADABUSD"},"level":"info","message":"Latest price","service":"api-d27bc23-binance-ADABUSD","timestamp":"2022-03-04T02:01:31.565Z"}
{"assetPair":"ADABUSD","data":{"price":"0.88300000","symbol":"ADABUSD"},"level":"info","message":"Latest price","service":"api-d27bc23-binance-ADABUSD","timestamp":"2022-03-04T02:04:31.598Z"}
{"assetPair":"ADABUSD","data":{"price":"0.88000000","symbol":"ADABUSD"},"level":"info","message":"Latest price","service":"api-d27bc23-binance-ADABUSD","timestamp":"2022-03-04T02:07:31.636Z"}
{"assetPair":"ADABUSD","data":{"price":"0.88200000","symbol":"ADABUSD"},"level":"info","message":"Latest price","service":"api-d27bc23-binance-ADABUSD","timestamp":"2022-03-04T02:10:31.668Z"}
{"assetPair":"ADABUSD","data":{"price":"0.88200000","symbol":"ADABUSD"},"level":"info","message":"Latest price","service":"api-d27bc23-binance-ADABUSD","timestamp":"2022-03-04T02:13:31.698Z"}
{"assetPair":"ADABUSD","data":{"price":"0.88000000","symbol":"ADABUSD"},"level":"info","message":"Latest price","service":"api-d27bc23-binance-ADABUSD","timestamp":"2022-03-04T02:16:31.724Z"}
{"assetPair":"ADABUSD","data":{"price":"0.88100000","symbol":"ADABUSD"},"level":"info","message":"Latest price","service":"api-d27bc23-binance-ADABUSD","timestamp":"2022-03-04T02:19:31.759Z"}
{"assetPair":"ADABUSD","data":{"price":"0.88100000","symbol":"ADABUSD"},"level":"info","message":"Latest price","service":"api-d27bc23-binance-ADABUSD","timestamp":"2022-03-04T02:22:31.790Z"}
{"assetPair":"ADABUSD","data":{"price":"0.87900000","symbol":"ADABUSD"},"level":"info","message":"Latest price","service":"api-d27bc23-binance-ADABUSD","timestamp":"2022-03-04T02:25:31.825Z"}
{"assetPair":"ADABUSD","data":{"price":"0.88000000","symbol":"ADABUSD"},"level":"info","message":"Latest price","service":"api-d27bc23-binance-ADABUSD","timestamp":"2022-03-04T02:28:31.855Z"}
{"assetPair":"ADABUSD","data":{"price":"0.88000000","symbol":"ADABUSD"},"level":"info","message":"Latest price","service":"api-d27bc23-binance-ADABUSD","timestamp":"2022-03-04T02:31:31.883Z"}
{"assetPair":"ADABUSD","data":{"price":"0.87900000","symbol":"ADABUSD"},"level":"info","message":"Latest price","service":"api-d27bc23-binance-ADABUSD","timestamp":"2022-03-04T02:34:31.942Z"}
{"assetPair":"ADABUSD","data":{"price":"0.88200000","symbol":"ADABUSD"},"level":"info","message":"Latest price","service":"api-d27bc23-binance-ADABUSD","timestamp":"2022-03-04T02:37:31.968Z"}
{"assetPair":"ADABUSD","data":{"price":"0.88100000","symbol":"ADABUSD"},"level":"info","message":"Latest price","service":"api-d27bc23-binance-ADABUSD","timestamp":"2022-03-04T02:40:32.000Z"}
{"assetPair":"ADABUSD","data":{"price":"0.88200000","symbol":"ADABUSD"},"level":"info","message":"Latest price","service":"api-d27bc23-binance-ADABUSD","timestamp":"2022-03-04T02:43:32.034Z"}
{"assetPair":"ADABUSD","data":{"price":"0.88100000","symbol":"ADABUSD"},"level":"info","message":"Latest price","service":"api-d27bc23-binance-ADABUSD","timestamp":"2022-03-04T02:46:32.060Z"}
{"assetPair":"ADABUSD","data":{"price":"0.88000000","symbol":"ADABUSD"},"level":"info","message":"Latest price","service":"api-d27bc23-binance-ADABUSD","timestamp":"2022-03-04T02:49:32.100Z"}
{"assetPair":"ADABUSD","data":{"price":"0.87900000","symbol":"ADABUSD"},"level":"info","message":"Latest price","service":"api-d27bc23-binance-ADABUSD","timestamp":"2022-03-04T02:52:32.130Z"}
{"assetPair":"ADABUSD","data":{"price":"0.87800000","symbol":"ADABUSD"},"level":"info","message":"Latest price","service":"api-d27bc23-binance-ADABUSD","timestamp":"2022-03-04T02:55:32.157Z"}
{"assetPair":"ADABUSD","data":{"price":"0.87600000","symbol":"ADABUSD"},"level":"info","message":"Latest price","service":"api-d27bc23-binance-ADABUSD","timestamp":"2022-03-04T02:58:32.190Z"}
{"assetPair":"ADABUSD","data":{"price":"0.87500000","symbol":"ADABUSD"},"level":"info","message":"Latest price","service":"api-d27bc23-binance-ADABUSD","timestamp":"2022-03-04T03:01:32.265Z"}
{"assetPair":"ADABUSD","data":{"price":"0.87400000","symbol":"ADABUSD"},"level":"info","message":"Latest price","service":"api-d27bc23-binance-ADABUSD","timestamp":"2022-03-04T03:04:32.299Z"}
{"assetPair":"ADABUSD","data":{"price":"0.87300000","symbol":"ADABUSD"},"level":"info","message":"Latest price","service":"api-d27bc23-binance-ADABUSD","timestamp":"2022-03-04T03:07:32.328Z"}
{"assetPair":"ADABUSD","data":{"price":"0.87300000","symbol":"ADABUSD"},"level":"info","message":"Latest price","service":"api-d27bc23-binance-ADABUSD","timestamp":"2022-03-04T03:10:32.353Z"}
{"assetPair":"ADABUSD","data":{"price":"0.87200000","symbol":"ADABUSD"},"level":"info","message":"Latest price","service":"api-d27bc23-binance-ADABUSD","timestamp":"2022-03-04T03:13:32.387Z"}
{"assetPair":"ADABUSD","data":{"price":"0.87300000","symbol":"ADABUSD"},"level":"info","message":"Latest price","service":"api-d27bc23-binance-ADABUSD","timestamp":"2022-03-04T03:16:32.416Z"}
{"assetPair":"ADABUSD","data":{"price":"0.86700000","symbol":"ADABUSD"},"level":"info","message":"Latest price","service":"api-d27bc23-binance-ADABUSD","timestamp":"2022-03-04T03:19:32.446Z"}
{"assetPair":"ADABUSD","data":{"price":"0.87000000","symbol":"ADABUSD"},"level":"info","message":"Latest price","service":"api-d27bc23-binance-ADABUSD","timestamp":"2022-03-04T03:22:32.481Z"}
{"assetPair":"ADABUSD","data":{"price":"0.87300000","symbol":"ADABUSD"},"level":"info","message":"Latest price","service":"api-d27bc23-binance-ADABUSD","timestamp":"2022-03-04T03:25:32.559Z"}
{"assetPair":"ADABUSD","data":{"price":"0.87200000","symbol":"ADABUSD"},"level":"info","message":"Latest price","service":"api-d27bc23-binance-ADABUSD","timestamp":"2022-03-04T03:28:32.618Z"}
{"assetPair":"ADABUSD","data":{"price":"0.87200000","symbol":"ADABUSD"},"level":"info","message":"Latest price","service":"api-d27bc23-binance-ADABUSD","timestamp":"2022-03-04T03:31:32.641Z"}
{"assetPair":"ADABUSD","data":{"price":"0.87100000","symbol":"ADABUSD"},"level":"info","message":"Latest price","service":"api-d27bc23-binance-ADABUSD","timestamp":"2022-03-04T03:34:32.672Z"}
{"assetPair":"ADABUSD","data":{"price":"0.87200000","symbol":"ADABUSD"},"level":"info","message":"Latest price","service":"api-d27bc23-binance-ADABUSD","timestamp":"2022-03-04T03:37:32.701Z"}
{"assetPair":"ADABUSD","data":{"price":"0.87000000","symbol":"ADABUSD"},"level":"info","message":"Latest price","service":"api-d27bc23-binance-ADABUSD","timestamp":"2022-03-04T03:40:32.736Z"}
{"assetPair":"ADABUSD","data":{"price":"0.87200000","symbol":"ADABUSD"},"level":"info","message":"Latest price","service":"api-d27bc23-binance-ADABUSD","timestamp":"2022-03-04T03:43:32.792Z"}
{"assetPair":"ADABUSD","data":{"price":"0.87100000","symbol":"ADABUSD"},"level":"info","message":"Latest price","service":"api-d27bc23-binance-ADABUSD","timestamp":"2022-03-04T03:46:32.823Z"}
{"assetPair":"ADABUSD","data":{"price":"0.87400000","symbol":"ADABUSD"},"level":"info","message":"Latest price","service":"api-d27bc23-binance-ADABUSD","timestamp":"2022-03-04T03:49:32.894Z"}
{"assetPair":"ADABUSD","data":{"price":"0.87300000","symbol":"ADABUSD"},"level":"info","message":"Latest price","service":"api-d27bc23-binance-ADABUSD","timestamp":"2022-03-04T03:52:32.927Z"}
{"assetPair":"ADABUSD","data":{"price":"0.87400000","symbol":"ADABUSD"},"level":"info","message":"Latest price","service":"api-d27bc23-binance-ADABUSD","timestamp":"2022-03-04T03:55:32.960Z"}
{"assetPair":"ADABUSD","data":{"price":"0.87400000","symbol":"ADABUSD"},"level":"info","message":"Latest price","service":"api-d27bc23-binance-ADABUSD","timestamp":"2022-03-04T03:58:32.989Z"}
{"assetPair":"ADABUSD","data":{"price":"0.87300000","symbol":"ADABUSD"},"level":"info","message":"Latest price","service":"api-d27bc23-binance-ADABUSD","timestamp":"2022-03-04T04:01:33.016Z"}
{"assetPair":"ADABUSD","data":{"price":"0.87100000","symbol":"ADABUSD"},"level":"info","message":"Latest price","service":"api-d27bc23-binance-ADABUSD","timestamp":"2022-03-04T04:04:33.046Z"}
{"assetPair":"ADABUSD","data":{"price":"0.87100000","symbol":"ADABUSD"},"level":"info","message":"Latest price","service":"api-d27bc23-binance-ADABUSD","timestamp":"2022-03-04T04:07:33.103Z"}
{"assetPair":"ADABUSD","data":{"price":"0.87300000","symbol":"ADABUSD"},"level":"info","message":"Latest price","service":"api-d27bc23-binance-ADABUSD","timestamp":"2022-03-04T04:10:33.176Z"}
{"assetPair":"ADABUSD","data":{"price":"0.87100000","symbol":"ADABUSD"},"level":"info","message":"Latest price","service":"api-d27bc23-binance-ADABUSD","timestamp":"2022-03-04T04:13:33.249Z"}
{"assetPair":"ADABUSD","data":{"price":"0.87100000","symbol":"ADABUSD"},"level":"info","message":"Latest price","service":"api-d27bc23-binance-ADABUSD","timestamp":"2022-03-04T04:16:33.330Z"}
{"assetPair":"ADABUSD","data":{"price":"0.86900000","symbol":"ADABUSD"},"level":"info","message":"Latest price","service":"api-d27bc23-binance-ADABUSD","timestamp":"2022-03-04T04:19:33.359Z"}
{"assetPair":"ADABUSD","data":{"price":"0.86800000","symbol":"ADABUSD"},"level":"info","message":"Latest price","service":"api-d27bc23-binance-ADABUSD","timestamp":"2022-03-04T04:22:33.390Z"}
{"assetPair":"ADABUSD","data":{"price":"0.86700000","symbol":"ADABUSD"},"level":"info","message":"Latest price","service":"api-d27bc23-binance-ADABUSD","timestamp":"2022-03-04T04:25:33.421Z"}
{"assetPair":"ADABUSD","data":{"price":"0.86800000","symbol":"ADABUSD"},"level":"info","message":"Latest price","service":"api-d27bc23-binance-ADABUSD","timestamp":"2022-03-04T04:28:33.488Z"}
{"assetPair":"ADABUSD","data":{"price":"0.86700000","symbol":"ADABUSD"},"level":"info","message":"Latest price","service":"api-d27bc23-binance-ADABUSD","timestamp":"2022-03-04T04:31:33.540Z"}
{"assetPair":"ADABUSD","data":{"price":"0.86600000","symbol":"ADABUSD"},"level":"info","message":"Latest price","service":"api-d27bc23-binance-ADABUSD","timestamp":"2022-03-04T04:34:33.571Z"}
{"assetPair":"ADABUSD","data":{"price":"0.86700000","symbol":"ADABUSD"},"level":"info","message":"Latest price","service":"api-d27bc23-binance-ADABUSD","timestamp":"2022-03-04T04:37:33.627Z"}
{"assetPair":"ADABUSD","data":{"price":"0.86600000","symbol":"ADABUSD"},"level":"info","message":"Latest price","service":"api-d27bc23-binance-ADABUSD","timestamp":"2022-03-04T04:40:33.659Z"}
{"assetPair":"ADABUSD","data":{"price":"0.86700000","symbol":"ADABUSD"},"level":"info","message":"Latest price","service":"api-d27bc23-binance-ADABUSD","timestamp":"2022-03-04T04:43:33.692Z"}
{"assetPair":"ADABUSD","data":{"price":"0.86800000","symbol":"ADABUSD"},"level":"info","message":"Latest price","service":"api-d27bc23-binance-ADABUSD","timestamp":"2022-03-04T04:46:33.723Z"}
{"assetPair":"ADABUSD","data":{"price":"0.87000000","symbol":"ADABUSD"},"level":"info","message":"Latest price","service":"api-d27bc23-binance-ADABUSD","timestamp":"2022-03-04T04:49:33.774Z"}
{"assetPair":"ADABUSD","data":{"price":"0.87100000","symbol":"ADABUSD"},"level":"info","message":"Latest price","service":"api-d27bc23-binance-ADABUSD","timestamp":"2022-03-04T04:52:33.818Z"}
{"assetPair":"ADABUSD","data":{"price":"0.87100000","symbol":"ADABUSD"},"level":"info","message":"Latest price","service":"api-d27bc23-binance-ADABUSD","timestamp":"2022-03-04T04:55:33.850Z"}
{"assetPair":"ADABUSD","data":{"price":"0.87000000","symbol":"ADABUSD"},"level":"info","message":"Latest price","service":"api-d27bc23-binance-ADABUSD","timestamp":"2022-03-04T04:58:33.883Z"}
{"assetPair":"ADABUSD","data":{"price":"0.86900000","symbol":"ADABUSD"},"level":"info","message":"Latest price","service":"api-d27bc23-binance-ADABUSD","timestamp":"2022-03-04T05:01:33.963Z"}
{"assetPair":"ADABUSD","data":{"price":"0.86800000","symbol":"ADABUSD"},"level":"info","message":"Latest price","service":"api-d27bc23-binance-ADABUSD","timestamp":"2022-03-04T05:04:33.996Z"}
{"assetPair":"ADABUSD","data":{"price":"0.87000000","symbol":"ADABUSD"},"level":"info","message":"Latest price","service":"api-d27bc23-binance-ADABUSD","timestamp":"2022-03-04T05:07:34.025Z"}
{"assetPair":"ADABUSD","data":{"price":"0.87000000","symbol":"ADABUSD"},"level":"info","message":"Latest price","service":"api-d27bc23-binance-ADABUSD","timestamp":"2022-03-04T05:10:34.057Z"}
{"assetPair":"ADABUSD","data":{"price":"0.87100000","symbol":"ADABUSD"},"level":"info","message":"Latest price","service":"api-d27bc23-binance-ADABUSD","timestamp":"2022-03-04T05:13:34.092Z"}
{"assetPair":"ADABUSD","data":{"price":"0.87200000","symbol":"ADABUSD"},"level":"info","message":"Latest price","service":"api-d27bc23-binance-ADABUSD","timestamp":"2022-03-04T05:16:34.122Z"}
{"assetPair":"ADABUSD","data":{"price":"0.87100000","symbol":"ADABUSD"},"level":"info","message":"Latest price","service":"api-d27bc23-binance-ADABUSD","timestamp":"2022-03-04T05:19:34.155Z"}
{"assetPair":"ADABUSD","data":{"price":"0.86900000","symbol":"ADABUSD"},"level":"info","message":"Latest price","service":"api-d27bc23-binance-ADABUSD","timestamp":"2022-03-04T05:22:34.189Z"}
{"assetPair":"ADABUSD","data":{"price":"0.86900000","symbol":"ADABUSD"},"level":"info","message":"Latest price","service":"api-d27bc23-binance-ADABUSD","timestamp":"2022-03-04T05:25:34.215Z"}
{"assetPair":"ADABUSD","data":{"price":"0.86900000","symbol":"ADABUSD"},"level":"info","message":"Latest price","service":"api-d27bc23-binance-ADABUSD","timestamp":"2022-03-04T05:28:34.258Z"}
{"assetPair":"ADABUSD","data":{"price":"0.86600000","symbol":"ADABUSD"},"level":"info","message":"Latest price","service":"api-d27bc23-binance-ADABUSD","timestamp":"2022-03-04T05:31:34.321Z"}
{"assetPair":"ADABUSD","data":{"price":"0.86800000","symbol":"ADABUSD"},"level":"info","message":"Latest price","service":"api-d27bc23-binance-ADABUSD","timestamp":"2022-03-04T05:34:34.353Z"}
{"assetPair":"ADABUSD","data":{"price":"0.86700000","symbol":"ADABUSD"},"level":"info","message":"Latest price","service":"api-d27bc23-binance-ADABUSD","timestamp":"2022-03-04T05:37:34.374Z"}
{"assetPair":"ADABUSD","data":{"price":"0.86700000","symbol":"ADABUSD"},"level":"info","message":"Latest price","service":"api-d27bc23-binance-ADABUSD","timestamp":"2022-03-04T05:40:34.407Z"}
{"assetPair":"ADABUSD","data":{"price":"0.86700000","symbol":"ADABUSD"},"level":"info","message":"Latest price","service":"api-d27bc23-binance-ADABUSD","timestamp":"2022-03-04T05:43:34.475Z"}
{"assetPair":"ADABUSD","data":{"price":"0.86600000","symbol":"ADABUSD"},"level":"info","message":"Latest price","service":"api-d27bc23-binance-ADABUSD","timestamp":"2022-03-04T05:46:34.503Z"}
{"assetPair":"ADABUSD","data":{"price":"0.86500000","symbol":"ADABUSD"},"level":"info","message":"Latest price","service":"api-d27bc23-binance-ADABUSD","timestamp":"2022-03-04T05:49:34.535Z"}
{"assetPair":"ADABUSD","data":{"price":"0.86600000","symbol":"ADABUSD"},"level":"info","message":"Latest price","service":"api-d27bc23-binance-ADABUSD","timestamp":"2022-03-04T05:52:34.608Z"}
{"assetPair":"ADABUSD","data":{"price":"0.86600000","symbol":"ADABUSD"},"level":"info","message":"Latest price","service":"api-d27bc23-binance-ADABUSD","timestamp":"2022-03-04T05:55:34.640Z"}
{"assetPair":"ADABUSD","data":{"price":"0.86700000","symbol":"ADABUSD"},"level":"info","message":"Latest price","service":"api-d27bc23-binance-ADABUSD","timestamp":"2022-03-04T05:58:34.670Z"}
{"assetPair":"ADABUSD","data":{"price":"0.86800000","symbol":"ADABUSD"},"level":"info","message":"Latest price","service":"api-d27bc23-binance-ADABUSD","timestamp":"2022-03-04T06:01:34.705Z"}
{"assetPair":"ADABUSD","data":{"price":"0.86800000","symbol":"ADABUSD"},"level":"info","message":"Latest price","service":"api-d27bc23-binance-ADABUSD","timestamp":"2022-03-04T06:04:34.761Z"}
{"assetPair":"ADABUSD","data":{"price":"0.87000000","symbol":"ADABUSD"},"level":"info","message":"Latest price","service":"api-d27bc23-binance-ADABUSD","timestamp":"2022-03-04T06:07:34.828Z"}
{"assetPair":"ADABUSD","data":{"price":"0.87100000","symbol":"ADABUSD"},"level":"info","message":"Latest price","service":"api-d27bc23-binance-ADABUSD","timestamp":"2022-03-04T06:10:34.855Z"}
{"assetPair":"ADABUSD","data":{"price":"0.87200000","symbol":"ADABUSD"},"level":"info","message":"Latest price","service":"api-d27bc23-binance-ADABUSD","timestamp":"2022-03-04T06:13:34.886Z"}
{"assetPair":"ADABUSD","data":{"price":"0.87000000","symbol":"ADABUSD"},"level":"info","message":"Latest price","service":"api-d27bc23-binance-ADABUSD","timestamp":"2022-03-04T06:16:34.963Z"}
{"assetPair":"ADABUSD","data":{"price":"0.87100000","symbol":"ADABUSD"},"level":"info","message":"Latest price","service":"api-d27bc23-binance-ADABUSD","timestamp":"2022-03-04T06:19:35.011Z"}
{"assetPair":"ADABUSD","data":{"price":"0.87100000","symbol":"ADABUSD"},"level":"info","message":"Latest price","service":"api-d27bc23-binance-ADABUSD","timestamp":"2022-03-04T06:22:35.033Z"}
{"assetPair":"ADABUSD","data":{"price":"0.87200000","symbol":"ADABUSD"},"level":"info","message":"Latest price","service":"api-d27bc23-binance-ADABUSD","timestamp":"2022-03-04T06:25:35.069Z"}
{"assetPair":"ADABUSD","data":{"price":"0.87100000","symbol":"ADABUSD"},"level":"info","message":"Latest price","service":"api-d27bc23-binance-ADABUSD","timestamp":"2022-03-04T06:28:35.097Z"}
{"assetPair":"ADABUSD","data":{"price":"0.87700000","symbol":"ADABUSD"},"level":"info","message":"Latest price","service":"api-d27bc23-binance-ADABUSD","timestamp":"2022-03-04T06:31:35.164Z"}
{"assetPair":"ADABUSD","data":{"price":"0.87600000","symbol":"ADABUSD"},"level":"info","message":"Latest price","service":"api-d27bc23-binance-ADABUSD","timestamp":"2022-03-04T06:34:35.241Z"}
{"assetPair":"ADABUSD","data":{"price":"0.87300000","symbol":"ADABUSD"},"level":"info","message":"Latest price","service":"api-d27bc23-binance-ADABUSD","timestamp":"2022-03-04T06:37:35.300Z"}
{"assetPair":"ADABUSD","data":{"price":"0.87200000","symbol":"ADABUSD"},"level":"info","message":"Latest price","service":"api-d27bc23-binance-ADABUSD","timestamp":"2022-03-04T06:40:35.334Z"}
{"assetPair":"ADABUSD","data":{"price":"0.87500000","symbol":"ADABUSD"},"level":"info","message":"Latest price","service":"api-d27bc23-binance-ADABUSD","timestamp":"2022-03-04T06:43:35.363Z"}
{"assetPair":"ADABUSD","data":{"price":"0.87800000","symbol":"ADABUSD"},"level":"info","message":"Latest price","service":"api-d27bc23-binance-ADABUSD","timestamp":"2022-03-04T06:46:35.390Z"}
{"assetPair":"ADABUSD","data":{"price":"0.87300000","symbol":"ADABUSD"},"level":"info","message":"Latest price","service":"api-d27bc23-binance-ADABUSD","timestamp":"2022-03-04T06:49:35.424Z"}
{"assetPair":"ADABUSD","data":{"price":"0.87500000","symbol":"ADABUSD"},"level":"info","message":"Latest price","service":"api-d27bc23-binance-ADABUSD","timestamp":"2022-03-04T06:52:35.456Z"}
{"assetPair":"ADABUSD","data":{"price":"0.87400000","symbol":"ADABUSD"},"level":"info","message":"Latest price","service":"api-d27bc23-binance-ADABUSD","timestamp":"2022-03-04T06:55:35.493Z"}
{"assetPair":"ADABUSD","data":{"price":"0.87500000","symbol":"ADABUSD"},"level":"info","message":"Latest price","service":"api-d27bc23-binance-ADABUSD","timestamp":"2022-03-04T06:58:35.523Z"}
{"assetPair":"ADABUSD","data":{"price":"0.87400000","symbol":"ADABUSD"},"level":"info","message":"Latest price","service":"api-d27bc23-binance-ADABUSD","timestamp":"2022-03-04T07:01:35.554Z"}
{"assetPair":"ADABUSD","data":{"price":"0.87300000","symbol":"ADABUSD"},"level":"info","message":"Latest price","service":"api-d27bc23-binance-ADABUSD","timestamp":"2022-03-04T07:04:35.592Z"}
{"assetPair":"ADABUSD","data":{"price":"0.87200000","symbol":"ADABUSD"},"level":"info","message":"Latest price","service":"api-d27bc23-binance-ADABUSD","timestamp":"2022-03-04T07:07:35.622Z"}
{"assetPair":"ADABUSD","data":{"price":"0.87500000","symbol":"ADABUSD"},"level":"info","message":"Latest price","service":"api-d27bc23-binance-ADABUSD","timestamp":"2022-03-04T07:10:35.653Z"}
{"assetPair":"ADABUSD","data":{"price":"0.87100000","symbol":"ADABUSD"},"level":"info","message":"Latest price","service":"api-d27bc23-binance-ADABUSD","timestamp":"2022-03-04T07:13:35.727Z"}
{"assetPair":"ADABUSD","data":{"price":"0.87400000","symbol":"ADABUSD"},"level":"info","message":"Latest price","service":"api-d27bc23-binance-ADABUSD","timestamp":"2022-03-04T07:16:35.755Z"}
{"assetPair":"ADABUSD","data":{"price":"0.87200000","symbol":"ADABUSD"},"level":"info","message":"Latest price","service":"api-d27bc23-binance-ADABUSD","timestamp":"2022-03-04T07:19:35.810Z"}
{"assetPair":"ADABUSD","data":{"price":"0.87100000","symbol":"ADABUSD"},"level":"info","message":"Latest price","service":"api-d27bc23-binance-ADABUSD","timestamp":"2022-03-04T07:22:35.846Z"}
{"assetPair":"ADABUSD","data":{"price":"0.87200000","symbol":"ADABUSD"},"level":"info","message":"Latest price","service":"api-d27bc23-binance-ADABUSD","timestamp":"2022-03-04T07:25:35.877Z"}
{"assetPair":"ADABUSD","data":{"price":"0.87300000","symbol":"ADABUSD"},"level":"info","message":"Latest price","service":"api-d27bc23-binance-ADABUSD","timestamp":"2022-03-04T07:28:35.959Z"}
{"assetPair":"ADABUSD","data":{"price":"0.87200000","symbol":"ADABUSD"},"level":"info","message":"Latest price","service":"api-d27bc23-binance-ADABUSD","timestamp":"2022-03-04T07:31:36.009Z"}
{"assetPair":"ADABUSD","data":{"price":"0.87200000","symbol":"ADABUSD"},"level":"info","message":"Latest price","service":"api-d27bc23-binance-ADABUSD","timestamp":"2022-03-04T07:34:36.042Z"}
{"assetPair":"ADABUSD","data":{"price":"0.87200000","symbol":"ADABUSD"},"level":"info","message":"Latest price","service":"api-d27bc23-binance-ADABUSD","timestamp":"2022-03-04T07:37:36.080Z"}
{"assetPair":"ADABUSD","data":{"price":"0.87300000","symbol":"ADABUSD"},"level":"info","message":"Latest price","service":"api-d27bc23-binance-ADABUSD","timestamp":"2022-03-04T07:40:36.119Z"}
{"assetPair":"ADABUSD","data":{"price":"0.87300000","symbol":"ADABUSD"},"level":"info","message":"Latest price","service":"api-d27bc23-binance-ADABUSD","timestamp":"2022-03-04T07:43:36.154Z"}
{"assetPair":"ADABUSD","data":{"price":"0.87500000","symbol":"ADABUSD"},"level":"info","message":"Latest price","service":"api-d27bc23-binance-ADABUSD","timestamp":"2022-03-04T07:46:36.182Z"}
{"assetPair":"ADABUSD","data":{"price":"0.87500000","symbol":"ADABUSD"},"level":"info","message":"Latest price","service":"api-d27bc23-binance-ADABUSD","timestamp":"2022-03-04T07:49:36.221Z"}
{"assetPair":"ADABUSD","data":{"price":"0.87500000","symbol":"ADABUSD"},"level":"info","message":"Latest price","service":"api-d27bc23-binance-ADABUSD","timestamp":"2022-03-04T07:52:36.251Z"}
{"assetPair":"ADABUSD","data":{"price":"0.87600000","symbol":"ADABUSD"},"level":"info","message":"Latest price","service":"api-d27bc23-binance-ADABUSD","timestamp":"2022-03-04T07:55:36.281Z"}
{"assetPair":"ADABUSD","data":{"price":"0.87700000","symbol":"ADABUSD"},"level":"info","message":"Latest price","service":"api-d27bc23-binance-ADABUSD","timestamp":"2022-03-04T07:58:36.321Z"}
{"assetPair":"ADABUSD","data":{"price":"0.87800000","symbol":"ADABUSD"},"level":"info","message":"Latest price","service":"api-d27bc23-binance-ADABUSD","timestamp":"2022-03-04T08:01:36.353Z"}
{"assetPair":"ADABUSD","data":{"price":"0.87700000","symbol":"ADABUSD"},"level":"info","message":"Latest price","service":"api-d27bc23-binance-ADABUSD","timestamp":"2022-03-04T08:04:36.429Z"}
{"assetPair":"ADABUSD","data":{"price":"0.87900000","symbol":"ADABUSD"},"level":"info","message":"Latest price","service":"api-d27bc23-binance-ADABUSD","timestamp":"2022-03-04T08:07:36.460Z"}
{"assetPair":"ADABUSD","data":{"price":"0.88300000","symbol":"ADABUSD"},"level":"info","message":"Latest price","service":"api-d27bc23-binance-ADABUSD","timestamp":"2022-03-04T08:10:36.493Z"}
{"assetPair":"ADABUSD","data":{"price":"0.88100000","symbol":"ADABUSD"},"level":"info","message":"Latest price","service":"api-d27bc23-binance-ADABUSD","timestamp":"2022-03-04T08:13:36.560Z"}
{"assetPair":"ADABUSD","data":{"price":"0.88000000","symbol":"ADABUSD"},"level":"info","message":"Latest price","service":"api-d27bc23-binance-ADABUSD","timestamp":"2022-03-04T08:16:36.615Z"}
{"assetPair":"ADABUSD","data":{"price":"0.88000000","symbol":"ADABUSD"},"level":"info","message":"Latest price","service":"api-d27bc23-binance-ADABUSD","timestamp":"2022-03-04T08:19:36.692Z"}
{"assetPair":"ADABUSD","data":{"price":"0.88000000","symbol":"ADABUSD"},"level":"info","message":"Latest price","service":"api-d27bc23-binance-ADABUSD","timestamp":"2022-03-04T08:22:36.726Z"}
{"assetPair":"ADABUSD","data":{"price":"0.87800000","symbol":"ADABUSD"},"level":"info","message":"Latest price","service":"api-d27bc23-binance-ADABUSD","timestamp":"2022-03-04T08:25:36.754Z"}
{"assetPair":"ADABUSD","data":{"price":"0.87600000","symbol":"ADABUSD"},"level":"info","message":"Latest price","service":"api-d27bc23-binance-ADABUSD","timestamp":"2022-03-04T08:28:36.786Z"}
{"assetPair":"ADABUSD","data":{"price":"0.86800000","symbol":"ADABUSD"},"level":"info","message":"Latest price","service":"api-d27bc23-binance-ADABUSD","timestamp":"2022-03-04T08:31:36.817Z"}
{"assetPair":"ADABUSD","data":{"price":"0.86600000","symbol":"ADABUSD"},"level":"info","message":"Latest price","service":"api-d27bc23-binance-ADABUSD","timestamp":"2022-03-04T08:34:36.899Z"}
{"assetPair":"ADABUSD","data":{"price":"0.86800000","symbol":"ADABUSD"},"level":"info","message":"Latest price","service":"api-d27bc23-binance-ADABUSD","timestamp":"2022-03-04T08:37:36.961Z"}
{"assetPair":"ADABUSD","data":{"price":"0.87400000","symbol":"ADABUSD"},"level":"info","message":"Latest price","service":"api-d27bc23-binance-ADABUSD","timestamp":"2022-03-04T08:40:36.990Z"}
{"assetPair":"ADABUSD","data":{"price":"0.87300000","symbol":"ADABUSD"},"level":"info","message":"Latest price","service":"api-d27bc23-binance-ADABUSD","timestamp":"2022-03-04T08:43:37.057Z"}
{"assetPair":"ADABUSD","data":{"price":"0.87600000","symbol":"ADABUSD"},"level":"info","message":"Latest price","service":"api-d27bc23-binance-ADABUSD","timestamp":"2022-03-04T08:46:37.087Z"}
{"assetPair":"ADABUSD","data":{"price":"0.87600000","symbol":"ADABUSD"},"level":"info","message":"Latest price","service":"api-d27bc23-binance-ADABUSD","timestamp":"2022-03-04T08:49:37.119Z"}
{"assetPair":"ADABUSD","data":{"price":"0.87600000","symbol":"ADABUSD"},"level":"info","message":"Latest price","service":"api-d27bc23-binance-ADABUSD","timestamp":"2022-03-04T08:52:37.179Z"}
{"assetPair":"ADABUSD","data":{"price":"0.87700000","symbol":"ADABUSD"},"level":"info","message":"Latest price","service":"api-d27bc23-binance-ADABUSD","timestamp":"2022-03-04T08:55:37.211Z"}
{"assetPair":"ADABUSD","data":{"price":"0.87800000","symbol":"ADABUSD"},"level":"info","message":"Latest price","service":"api-d27bc23-binance-ADABUSD","timestamp":"2022-03-04T08:58:37.271Z"}
{"assetPair":"ADABUSD","data":{"price":"0.88100000","symbol":"ADABUSD"},"level":"info","message":"Latest price","service":"api-d27bc23-binance-ADABUSD","timestamp":"2022-03-04T09:01:37.364Z"}
{"assetPair":"ADABUSD","data":{"price":"0.88100000","symbol":"ADABUSD"},"level":"info","message":"Latest price","service":"api-d27bc23-binance-ADABUSD","timestamp":"2022-03-04T09:04:37.395Z"}
{"assetPair":"ADABUSD","data":{"price":"0.88000000","symbol":"ADABUSD"},"level":"info","message":"Latest price","service":"api-d27bc23-binance-ADABUSD","timestamp":"2022-03-04T09:07:37.430Z"}
{"assetPair":"ADABUSD","data":{"price":"0.87900000","symbol":"ADABUSD"},"level":"info","message":"Latest price","service":"api-d27bc23-binance-ADABUSD","timestamp":"2022-03-04T09:10:37.462Z"}
{"assetPair":"ADABUSD","data":{"price":"0.87900000","symbol":"ADABUSD"},"level":"info","message":"Latest price","service":"api-d27bc23-binance-ADABUSD","timestamp":"2022-03-04T09:13:37.494Z"}
{"assetPair":"ADABUSD","data":{"price":"0.87500000","symbol":"ADABUSD"},"level":"info","message":"Latest price","service":"api-d27bc23-binance-ADABUSD","timestamp":"2022-03-04T09:16:37.528Z"}
{"assetPair":"ADABUSD","data":{"price":"0.87600000","symbol":"ADABUSD"},"level":"info","message":"Latest price","service":"api-d27bc23-binance-ADABUSD","timestamp":"2022-03-04T09:19:37.582Z"}
{"assetPair":"ADABUSD","data":{"price":"0.87800000","symbol":"ADABUSD"},"level":"info","message":"Latest price","service":"api-d27bc23-binance-ADABUSD","timestamp":"2022-03-04T09:22:37.614Z"}
{"assetPair":"ADABUSD","data":{"price":"0.88000000","symbol":"ADABUSD"},"level":"info","message":"Latest price","service":"api-d27bc23-binance-ADABUSD","timestamp":"2022-03-04T09:25:37.681Z"}
{"assetPair":"ADABUSD","data":{"price":"0.88000000","symbol":"ADABUSD"},"level":"info","message":"Latest price","service":"api-d27bc23-binance-ADABUSD","timestamp":"2022-03-04T09:28:37.718Z"}
{"assetPair":"ADABUSD","data":{"price":"0.88000000","symbol":"ADABUSD"},"level":"info","message":"Latest price","service":"api-d27bc23-binance-ADABUSD","timestamp":"2022-03-04T09:31:37.773Z"}
{"assetPair":"ADABUSD","data":{"price":"0.87900000","symbol":"ADABUSD"},"level":"info","message":"Latest price","service":"api-d27bc23-binance-ADABUSD","timestamp":"2022-03-04T09:34:37.802Z"}
{"assetPair":"ADABUSD","data":{"price":"0.88000000","symbol":"ADABUSD"},"level":"info","message":"Latest price","service":"api-d27bc23-binance-ADABUSD","timestamp":"2022-03-04T09:37:37.859Z"}
{"assetPair":"ADABUSD","data":{"price":"0.87900000","symbol":"ADABUSD"},"level":"info","message":"Latest price","service":"api-d27bc23-binance-ADABUSD","timestamp":"2022-03-04T09:40:37.913Z"}
{"assetPair":"ADABUSD","data":{"price":"0.87900000","symbol":"ADABUSD"},"level":"info","message":"Latest price","service":"api-d27bc23-binance-ADABUSD","timestamp":"2022-03-04T09:43:37.973Z"}
{"assetPair":"ADABUSD","data":{"price":"0.88000000","symbol":"ADABUSD"},"level":"info","message":"Latest price","service":"api-d27bc23-binance-ADABUSD","timestamp":"2022-03-04T09:46:38.040Z"}
{"assetPair":"ADABUSD","data":{"price":"0.87800000","symbol":"ADABUSD"},"level":"info","message":"Latest price","service":"api-d27bc23-binance-ADABUSD","timestamp":"2022-03-04T09:49:38.100Z"}
{"assetPair":"ADABUSD","data":{"price":"0.87800000","symbol":"ADABUSD"},"level":"info","message":"Latest price","service":"api-d27bc23-binance-ADABUSD","timestamp":"2022-03-04T09:52:38.177Z"}
{"assetPair":"ADABUSD","data":{"price":"0.87900000","symbol":"ADABUSD"},"level":"info","message":"Latest price","service":"api-d27bc23-binance-ADABUSD","timestamp":"2022-03-04T09:55:38.261Z"}
{"assetPair":"ADABUSD","data":{"price":"0.87800000","symbol":"ADABUSD"},"level":"info","message":"Latest price","service":"api-d27bc23-binance-ADABUSD","timestamp":"2022-03-04T09:58:38.293Z"}
{"assetPair":"ADABUSD","data":{"price":"0.87900000","symbol":"ADABUSD"},"level":"info","message":"Latest price","service":"api-d27bc23-binance-ADABUSD","timestamp":"2022-03-04T10:01:38.335Z"}
{"assetPair":"ADABUSD","data":{"price":"0.88100000","symbol":"ADABUSD"},"level":"info","message":"Latest price","service":"api-d27bc23-binance-ADABUSD","timestamp":"2022-03-04T10:04:38.365Z"}
{"assetPair":"ADABUSD","data":{"price":"0.88200000","symbol":"ADABUSD"},"level":"info","message":"Latest price","service":"api-d27bc23-binance-ADABUSD","timestamp":"2022-03-04T10:07:38.406Z"}
{"assetPair":"ADABUSD","data":{"price":"0.88100000","symbol":"ADABUSD"},"level":"info","message":"Latest price","service":"api-d27bc23-binance-ADABUSD","timestamp":"2022-03-04T10:10:38.437Z"}
{"assetPair":"ADABUSD","data":{"price":"0.88300000","symbol":"ADABUSD"},"level":"info","message":"Latest price","service":"api-d27bc23-binance-ADABUSD","timestamp":"2022-03-04T10:13:38.467Z"}
{"assetPair":"ADABUSD","data":{"price":"0.88300000","symbol":"ADABUSD"},"level":"info","message":"Latest price","service":"api-d27bc23-binance-ADABUSD","timestamp":"2022-03-04T10:16:38.498Z"}
{"assetPair":"ADABUSD","data":{"price":"0.88400000","symbol":"ADABUSD"},"level":"info","message":"Latest price","service":"api-d27bc23-binance-ADABUSD","timestamp":"2022-03-04T10:19:38.525Z"}
{"assetPair":"ADABUSD","data":{"price":"0.88300000","symbol":"ADABUSD"},"level":"info","message":"Latest price","service":"api-d27bc23-binance-ADABUSD","timestamp":"2022-03-04T10:22:38.559Z"}
{"assetPair":"ADABUSD","data":{"price":"0.88300000","symbol":"ADABUSD"},"level":"info","message":"Latest price","service":"api-d27bc23-binance-ADABUSD","timestamp":"2022-03-04T10:25:38.632Z"}
{"assetPair":"ADABUSD","data":{"price":"0.88400000","symbol":"ADABUSD"},"level":"info","message":"Latest price","service":"api-d27bc23-binance-ADABUSD","timestamp":"2022-03-04T10:28:38.670Z"}
{"assetPair":"ADABUSD","data":{"price":"0.88200000","symbol":"ADABUSD"},"level":"info","message":"Latest price","service":"api-d27bc23-binance-ADABUSD","timestamp":"2022-03-04T10:31:38.710Z"}
{"assetPair":"ADABUSD","data":{"price":"0.88400000","symbol":"ADABUSD"},"level":"info","message":"Latest price","service":"api-d27bc23-binance-ADABUSD","timestamp":"2022-03-04T10:34:38.750Z"}
{"assetPair":"ADABUSD","data":{"price":"0.88500000","symbol":"ADABUSD"},"level":"info","message":"Latest price","service":"api-d27bc23-binance-ADABUSD","timestamp":"2022-03-04T10:37:38.783Z"}
{"assetPair":"ADABUSD","data":{"price":"0.88500000","symbol":"ADABUSD"},"level":"info","message":"Latest price","service":"api-d27bc23-binance-ADABUSD","timestamp":"2022-03-04T10:40:38.858Z"}
{"assetPair":"ADABUSD","data":{"price":"0.88600000","symbol":"ADABUSD"},"level":"info","message":"Latest price","service":"api-d27bc23-binance-ADABUSD","timestamp":"2022-03-04T10:43:38.905Z"}
{"assetPair":"ADABUSD","data":{"price":"0.88400000","symbol":"ADABUSD"},"level":"info","message":"Latest price","service":"api-d27bc23-binance-ADABUSD","timestamp":"2022-03-04T10:46:38.979Z"}
{"assetPair":"ADABUSD","data":{"price":"0.88500000","symbol":"ADABUSD"},"level":"info","message":"Latest price","service":"api-d27bc23-binance-ADABUSD","timestamp":"2022-03-04T10:49:39.020Z"}
{"assetPair":"ADABUSD","data":{"price":"0.88500000","symbol":"ADABUSD"},"level":"info","message":"Latest price","service":"api-d27bc23-binance-ADABUSD","timestamp":"2022-03-04T10:52:39.061Z"}
{"assetPair":"ADABUSD","data":{"price":"0.88300000","symbol":"ADABUSD"},"level":"info","message":"Latest price","service":"api-d27bc23-binance-ADABUSD","timestamp":"2022-03-04T10:55:39.103Z"}
{"assetPair":"ADABUSD","data":{"price":"0.88300000","symbol":"ADABUSD"},"level":"info","message":"Latest price","service":"api-d27bc23-binance-ADABUSD","timestamp":"2022-03-04T10:58:39.133Z"}
{"assetPair":"ADABUSD","data":{"price":"0.88300000","symbol":"ADABUSD"},"level":"info","message":"Latest price","service":"api-d27bc23-binance-ADABUSD","timestamp":"2022-03-04T11:01:39.161Z"}
{"assetPair":"ADABUSD","data":{"price":"0.88400000","symbol":"ADABUSD"},"level":"info","message":"Latest price","service":"api-d27bc23-binance-ADABUSD","timestamp":"2022-03-04T11:04:39.189Z"}
{"assetPair":"ADABUSD","data":{"price":"0.88400000","symbol":"ADABUSD"},"level":"info","message":"Latest price","service":"api-d27bc23-binance-ADABUSD","timestamp":"2022-03-04T11:07:39.213Z"}
{"assetPair":"ADABUSD","data":{"price":"0.88300000","symbol":"ADABUSD"},"level":"info","message":"Latest price","service":"api-d27bc23-binance-ADABUSD","timestamp":"2022-03-04T11:10:39.256Z"}
{"assetPair":"ADABUSD","data":{"price":"0.88400000","symbol":"ADABUSD"},"level":"info","message":"Latest price","service":"api-d27bc23-binance-ADABUSD","timestamp":"2022-03-04T11:13:39.288Z"}
{"assetPair":"ADABUSD","data":{"price":"0.88400000","symbol":"ADABUSD"},"level":"info","message":"Latest price","service":"api-d27bc23-binance-ADABUSD","timestamp":"2022-03-04T11:16:39.319Z"}
{"assetPair":"ADABUSD","data":{"price":"0.88400000","symbol":"ADABUSD"},"level":"info","message":"Latest price","service":"api-d27bc23-binance-ADABUSD","timestamp":"2022-03-04T11:19:39.375Z"}
{"assetPair":"ADABUSD","data":{"price":"0.88400000","symbol":"ADABUSD"},"level":"info","message":"Latest price","service":"api-d27bc23-binance-ADABUSD","timestamp":"2022-03-04T11:22:39.453Z"}
{"assetPair":"ADABUSD","data":{"price":"0.88500000","symbol":"ADABUSD"},"level":"info","message":"Latest price","service":"api-d27bc23-binance-ADABUSD","timestamp":"2022-03-04T11:25:39.486Z"}
{"assetPair":"ADABUSD","data":{"price":"0.88500000","symbol":"ADABUSD"},"level":"info","message":"Latest price","service":"api-d27bc23-binance-ADABUSD","timestamp":"2022-03-04T11:28:39.586Z"}
{"assetPair":"ADABUSD","data":{"price":"0.88400000","symbol":"ADABUSD"},"level":"info","message":"Latest price","service":"api-d27bc23-binance-ADABUSD","timestamp":"2022-03-04T11:31:39.628Z"}
{"assetPair":"ADABUSD","data":{"price":"0.88500000","symbol":"ADABUSD"},"level":"info","message":"Latest price","service":"api-d27bc23-binance-ADABUSD","timestamp":"2022-03-04T11:34:39.660Z"}
{"assetPair":"ADABUSD","data":{"price":"0.88500000","symbol":"ADABUSD"},"level":"info","message":"Latest price","service":"api-d27bc23-binance-ADABUSD","timestamp":"2022-03-04T11:37:39.693Z"}
{"assetPair":"ADABUSD","data":{"price":"0.88500000","symbol":"ADABUSD"},"level":"info","message":"Latest price","service":"api-d27bc23-binance-ADABUSD","timestamp":"2022-03-04T11:40:39.730Z"}
{"assetPair":"ADABUSD","data":{"price":"0.88700000","symbol":"ADABUSD"},"level":"info","message":"Latest price","service":"api-d27bc23-binance-ADABUSD","timestamp":"2022-03-04T11:43:39.762Z"}
{"assetPair":"ADABUSD","data":{"price":"0.88600000","symbol":"ADABUSD"},"level":"info","message":"Latest price","service":"api-d27bc23-binance-ADABUSD","timestamp":"2022-03-04T11:46:39.800Z"}
{"assetPair":"ADABUSD","data":{"price":"0.88800000","symbol":"ADABUSD"},"level":"info","message":"Latest price","service":"api-d27bc23-binance-ADABUSD","timestamp":"2022-03-04T11:49:39.839Z"}
{"assetPair":"ADABUSD","data":{"price":"0.88800000","symbol":"ADABUSD"},"level":"info","message":"Latest price","service":"api-d27bc23-binance-ADABUSD","timestamp":"2022-03-04T11:52:39.912Z"}
{"assetPair":"ADABUSD","data":{"price":"0.88900000","symbol":"ADABUSD"},"level":"info","message":"Latest price","service":"api-d27bc23-binance-ADABUSD","timestamp":"2022-03-04T11:55:39.941Z"}
{"assetPair":"ADABUSD","data":{"price":"0.88800000","symbol":"ADABUSD"},"level":"info","message":"Latest price","service":"api-d27bc23-binance-ADABUSD","timestamp":"2022-03-04T11:58:39.969Z"}
{"assetPair":"ADABUSD","data":{"price":"0.88700000","symbol":"ADABUSD"},"level":"info","message":"Latest price","service":"api-d27bc23-binance-ADABUSD","timestamp":"2022-03-04T12:01:40.001Z"}
{"assetPair":"ADABUSD","data":{"price":"0.88800000","symbol":"ADABUSD"},"level":"info","message":"Latest price","service":"api-d27bc23-binance-ADABUSD","timestamp":"2022-03-04T12:04:40.061Z"}
{"assetPair":"ADABUSD","data":{"price":"0.88700000","symbol":"ADABUSD"},"level":"info","message":"Latest price","service":"api-d27bc23-binance-ADABUSD","timestamp":"2022-03-04T12:07:40.095Z"}
{"assetPair":"ADABUSD","data":{"price":"0.88400000","symbol":"ADABUSD"},"level":"info","message":"Latest price","service":"api-d27bc23-binance-ADABUSD","timestamp":"2022-03-04T12:10:40.127Z"}
{"assetPair":"ADABUSD","data":{"price":"0.88400000","symbol":"ADABUSD"},"level":"info","message":"Latest price","service":"api-d27bc23-binance-ADABUSD","timestamp":"2022-03-04T12:13:40.186Z"}
{"assetPair":"ADABUSD","data":{"price":"0.88400000","symbol":"ADABUSD"},"level":"info","message":"Latest price","service":"api-d27bc23-binance-ADABUSD","timestamp":"2022-03-04T12:16:40.219Z"}
{"assetPair":"ADABUSD","data":{"price":"0.88700000","symbol":"ADABUSD"},"level":"info","message":"Latest price","service":"api-d27bc23-binance-ADABUSD","timestamp":"2022-03-04T12:19:40.247Z"}
{"assetPair":"ADABUSD","data":{"price":"0.88400000","symbol":"ADABUSD"},"level":"info","message":"Latest price","service":"api-d27bc23-binance-ADABUSD","timestamp":"2022-03-04T12:22:40.281Z"}
{"assetPair":"ADABUSD","data":{"price":"0.88200000","symbol":"ADABUSD"},"level":"info","message":"Latest price","service":"api-d27bc23-binance-ADABUSD","timestamp":"2022-03-04T12:25:40.311Z"}
{"assetPair":"ADABUSD","data":{"price":"0.88000000","symbol":"ADABUSD"},"level":"info","message":"Latest price","service":"api-d27bc23-binance-ADABUSD","timestamp":"2022-03-04T12:28:40.344Z"}
{"assetPair":"ADABUSD","data":{"price":"0.88200000","symbol":"ADABUSD"},"level":"info","message":"Latest price","service":"api-d27bc23-binance-ADABUSD","timestamp":"2022-03-04T12:31:40.398Z"}
{"assetPair":"ADABUSD","data":{"price":"0.88100000","symbol":"ADABUSD"},"level":"info","message":"Latest price","service":"api-d27bc23-binance-ADABUSD","timestamp":"2022-03-04T12:34:40.431Z"}
{"assetPair":"ADABUSD","data":{"price":"0.88300000","symbol":"ADABUSD"},"level":"info","message":"Latest price","service":"api-d27bc23-binance-ADABUSD","timestamp":"2022-03-04T12:37:40.511Z"}
{"assetPair":"ADABUSD","data":{"price":"0.88800000","symbol":"ADABUSD"},"level":"info","message":"Latest price","service":"api-d27bc23-binance-ADABUSD","timestamp":"2022-03-04T12:40:40.539Z"}
{"assetPair":"ADABUSD","data":{"price":"0.88600000","symbol":"ADABUSD"},"level":"info","message":"Latest price","service":"api-d27bc23-binance-ADABUSD","timestamp":"2022-03-04T12:43:40.580Z"}
{"assetPair":"ADABUSD","data":{"price":"0.88700000","symbol":"ADABUSD"},"level":"info","message":"Latest price","service":"api-d27bc23-binance-ADABUSD","timestamp":"2022-03-04T12:46:40.621Z"}
{"assetPair":"ADABUSD","data":{"price":"0.88500000","symbol":"ADABUSD"},"level":"info","message":"Latest price","service":"api-d27bc23-binance-ADABUSD","timestamp":"2022-03-04T12:49:40.654Z"}
{"assetPair":"ADABUSD","data":{"price":"0.88300000","symbol":"ADABUSD"},"level":"info","message":"Latest price","service":"api-d27bc23-binance-ADABUSD","timestamp":"2022-03-04T12:52:40.727Z"}
{"assetPair":"ADABUSD","data":{"price":"0.88400000","symbol":"ADABUSD"},"level":"info","message":"Latest price","service":"api-d27bc23-binance-ADABUSD","timestamp":"2022-03-04T12:55:40.765Z"}
{"assetPair":"ADABUSD","data":{"price":"0.88300000","symbol":"ADABUSD"},"level":"info","message":"Latest price","service":"api-d27bc23-binance-ADABUSD","timestamp":"2022-03-04T12:58:40.826Z"}
