{"assetPair":"LUNABUSD","data":{"price":"95.30000000","symbol":"LUNABUSD"},"level":"info","message":"Latest price","service":"api-aa6c681-binance-LUNABUSD","timestamp":"2022-03-10T08:52:25.942Z"}
{"assetPair":"LUNABUSD","data":{"price":"95.30000000","symbol":"LUNABUSD"},"level":"info","message":"Latest price","service":"api-aa6c681-binance-LUNABUSD","timestamp":"2022-03-10T08:52:25.970Z"}
{"assetPair":"LUNABUSD","data":{"price":"96.41000000","symbol":"LUNABUSD"},"level":"info","message":"Latest price","service":"api-aa6c681-binance-LUNABUSD","timestamp":"2022-03-10T09:01:26.086Z"}
{"assetPair":"LUNABUSD","data":{"price":"96.00000000","symbol":"LUNABUSD"},"level":"info","message":"Latest price","service":"api-aa6c681-binance-LUNABUSD","timestamp":"2022-03-10T09:10:26.157Z"}
{"assetPair":"LUNABUSD","data":{"price":"95.92000000","symbol":"LUNABUSD"},"level":"info","message":"Latest price","service":"api-aa6c681-binance-LUNABUSD","timestamp":"2022-03-10T09:19:26.300Z"}
{"assetPair":"LUNABUSD","data":{"price":"95.76000000","symbol":"LUNABUSD"},"level":"info","message":"Latest price","service":"api-aa6c681-binance-LUNABUSD","timestamp":"2022-03-10T09:28:26.356Z"}
{"assetPair":"LUNABUSD","data":{"price":"95.88000000","symbol":"LUNABUSD"},"level":"info","message":"Latest price","service":"api-aa6c681-binance-LUNABUSD","timestamp":"2022-03-10T09:37:26.497Z"}
{"assetPair":"LUNABUSD","data":{"price":"97.00000000","symbol":"LUNABUSD"},"level":"info","message":"Latest price","service":"api-aa6c681-binance-LUNABUSD","timestamp":"2022-03-10T09:46:26.585Z"}
{"balance":{"asset":"BUSD","free":"106.34585694","locked":"0.00000000"},"level":"info","message":"Binance balance","service":"api-aa6c681-binance-LUNABUSD","timestamp":"2022-03-10T09:46:26.618Z"}
{"buyAsset":"LUNA","correctedPrice":"97.00","correctedQty":"0.25","level":"info","message":"Initiating BUY","price":"97","quantity":"0.25515463917525773196","service":"api-aa6c681-binance-LUNABUSD","timestamp":"2022-03-10T09:46:26.642Z","withAsset":"BUSD"}
{"data":{"clientOrderId":"BmtuaSjCgPSah7NP6pFM9T","cummulativeQuoteQty":"24.24750000","executedQty":"0.25000000","fills":[{"commission":"0.00025000","commissionAsset":"LUNA","price":"96.99000000","qty":"0.25000000","tradeId":32532705}],"orderId":463369028,"orderListId":-1,"origQty":"0.25000000","price":"97.00000000","side":"BUY","status":"FILLED","symbol":"LUNABUSD","timeInForce":"GTC","transactTime":1646905586668,"type":"LIMIT"},"level":"info","message":"BUY success","service":"api-aa6c681-binance-LUNABUSD","timestamp":"2022-03-10T09:46:26.673Z"}
{"level":"info","message":"Checking order status","origClientOrderId":"BmtuaSjCgPSah7NP6pFM9T","service":"api-aa6c681-binance-LUNABUSD","symbol":"LUNABUSD","timestamp":"2022-03-10T09:55:26.786Z"}
{"assetPair":"AUDBUSD","data":{"price":"0.73310000","symbol":"AUDBUSD"},"level":"info","message":"Latest price","service":"api-aa6c681-binance-LUNABUSD","timestamp":"2022-03-10T09:55:26.827Z"}
{"data":{"clientOrderId":"BmtuaSjCgPSah7NP6pFM9T","cummulativeQuoteQty":"24.24750000","executedQty":"0.25000000","icebergQty":"0.00000000","isWorking":true,"orderId":463369028,"orderListId":-1,"origQty":"0.25000000","origQuoteOrderQty":"0.00000000","price":"97.00000000","side":"BUY","status":"FILLED","stopPrice":"0.00000000","symbol":"LUNABUSD","time":1646905586668,"timeInForce":"GTC","type":"LIMIT","updateTime":1646905586668},"level":"info","message":"Order status","service":"api-aa6c681-binance-LUNABUSD","timestamp":"2022-03-10T09:55:26.829Z"}
{"assetPair":"LUNABUSD","data":{"price":"97.61000000","symbol":"LUNABUSD"},"level":"info","message":"Latest price","service":"api-aa6c681-binance-LUNABUSD","timestamp":"2022-03-10T09:55:26.861Z"}
{"assetPair":"LUNABUSD","data":{"price":"96.96000000","symbol":"LUNABUSD"},"level":"info","message":"Latest price","service":"api-aa6c681-binance-LUNABUSD","timestamp":"2022-03-10T10:04:26.993Z"}
{"assetPair":"LUNABUSD","data":{"price":"97.10000000","symbol":"LUNABUSD"},"level":"info","message":"Latest price","service":"api-aa6c681-binance-LUNABUSD","timestamp":"2022-03-10T10:13:27.132Z"}
{"assetPair":"LUNABUSD","data":{"price":"97.31000000","symbol":"LUNABUSD"},"level":"info","message":"Latest price","service":"api-aa6c681-binance-LUNABUSD","timestamp":"2022-03-10T10:22:27.185Z"}
{"assetPair":"LUNABUSD","data":{"price":"96.66000000","symbol":"LUNABUSD"},"level":"info","message":"Latest price","service":"api-aa6c681-binance-LUNABUSD","timestamp":"2022-03-10T10:31:27.320Z"}
{"assetPair":"LUNABUSD","data":{"price":"96.37000000","symbol":"LUNABUSD"},"level":"info","message":"Latest price","service":"api-aa6c681-binance-LUNABUSD","timestamp":"2022-03-10T10:40:27.434Z"}
{"assetPair":"LUNABUSD","data":{"price":"95.84000000","symbol":"LUNABUSD"},"level":"info","message":"Latest price","service":"api-aa6c681-binance-LUNABUSD","timestamp":"2022-03-10T10:49:27.574Z"}
{"assetPair":"LUNABUSD","data":{"price":"94.69000000","symbol":"LUNABUSD"},"level":"info","message":"Latest price","service":"api-aa6c681-binance-LUNABUSD","timestamp":"2022-03-10T10:58:27.719Z"}
{"assetPair":"LUNABUSD","data":{"price":"94.26000000","symbol":"LUNABUSD"},"level":"info","message":"Latest price","service":"api-aa6c681-binance-LUNABUSD","timestamp":"2022-03-10T11:07:27.857Z"}
{"assetPair":"LUNABUSD","data":{"price":"95.22000000","symbol":"LUNABUSD"},"level":"info","message":"Latest price","service":"api-aa6c681-binance-LUNABUSD","timestamp":"2022-03-10T11:16:27.943Z"}
{"assetPair":"LUNABUSD","data":{"price":"95.26000000","symbol":"LUNABUSD"},"level":"info","message":"Latest price","service":"api-aa6c681-binance-LUNABUSD","timestamp":"2022-03-10T11:25:28.038Z"}
{"assetPair":"LUNABUSD","data":{"price":"94.88000000","symbol":"LUNABUSD"},"level":"info","message":"Latest price","service":"api-aa6c681-binance-LUNABUSD","timestamp":"2022-03-10T11:34:28.173Z"}
{"assetPair":"LUNABUSD","data":{"price":"95.41000000","symbol":"LUNABUSD"},"level":"info","message":"Latest price","service":"api-aa6c681-binance-LUNABUSD","timestamp":"2022-03-10T11:43:28.252Z"}
{"assetPair":"LUNABUSD","data":{"price":"95.75000000","symbol":"LUNABUSD"},"level":"info","message":"Latest price","service":"api-aa6c681-binance-LUNABUSD","timestamp":"2022-03-10T11:52:28.387Z"}
{"assetPair":"LUNABUSD","data":{"price":"95.59000000","symbol":"LUNABUSD"},"level":"info","message":"Latest price","service":"api-aa6c681-binance-LUNABUSD","timestamp":"2022-03-10T12:01:28.501Z"}
{"assetPair":"LUNABUSD","data":{"price":"95.32000000","symbol":"LUNABUSD"},"level":"info","message":"Latest price","service":"api-aa6c681-binance-LUNABUSD","timestamp":"2022-03-10T12:10:28.585Z"}
{"assetPair":"LUNABUSD","data":{"price":"95.25000000","symbol":"LUNABUSD"},"level":"info","message":"Latest price","service":"api-aa6c681-binance-LUNABUSD","timestamp":"2022-03-10T12:19:28.677Z"}
{"assetPair":"LUNABUSD","data":{"price":"95.81000000","symbol":"LUNABUSD"},"level":"info","message":"Latest price","service":"api-aa6c681-binance-LUNABUSD","timestamp":"2022-03-10T12:28:28.822Z"}
{"assetPair":"LUNABUSD","data":{"price":"95.56000000","symbol":"LUNABUSD"},"level":"info","message":"Latest price","service":"api-aa6c681-binance-LUNABUSD","timestamp":"2022-03-10T12:37:28.908Z"}
{"assetPair":"LUNABUSD","data":{"price":"95.57000000","symbol":"LUNABUSD"},"level":"info","message":"Latest price","service":"api-aa6c681-binance-LUNABUSD","timestamp":"2022-03-10T12:46:29.037Z"}
{"assetPair":"LUNABUSD","data":{"price":"95.52000000","symbol":"LUNABUSD"},"level":"info","message":"Latest price","service":"api-aa6c681-binance-LUNABUSD","timestamp":"2022-03-10T12:55:29.175Z"}
