{"assetPair":"LUNABUSD","data":{"price":"93.45000000","symbol":"LUNABUSD"},"level":"info","message":"Latest price","service":"api-735942b-binance-LUNABUSD","timestamp":"2022-03-14T13:09:42.023Z"}
{"assetPair":"LUNABUSD","data":{"price":"92.84000000","symbol":"LUNABUSD"},"level":"info","message":"Latest price","service":"api-735942b-binance-LUNABUSD","timestamp":"2022-03-14T13:24:42.167Z"}
{"assetPair":"LUNABUSD","data":{"price":"92.29000000","symbol":"LUNABUSD"},"level":"info","message":"Latest price","service":"api-735942b-binance-LUNABUSD","timestamp":"2022-03-14T13:39:42.335Z"}
{"assetPair":"LUNABUSD","data":{"price":"93.23000000","symbol":"LUNABUSD"},"level":"info","message":"Latest price","service":"api-735942b-binance-LUNABUSD","timestamp":"2022-03-14T13:54:42.466Z"}
{"assetPair":"LUNABUSD","data":{"price":"93.21000000","symbol":"LUNABUSD"},"level":"info","message":"Latest price","service":"api-735942b-binance-LUNABUSD","timestamp":"2022-03-14T14:09:42.588Z"}
{"assetPair":"LUNABUSD","data":{"price":"93.25000000","symbol":"LUNABUSD"},"level":"info","message":"Latest price","service":"api-735942b-binance-LUNABUSD","timestamp":"2022-03-14T14:24:42.653Z"}
{"assetPair":"LUNABUSD","data":{"price":"92.88000000","symbol":"LUNABUSD"},"level":"info","message":"Latest price","service":"api-735942b-binance-LUNABUSD","timestamp":"2022-03-14T14:39:42.757Z"}
{"assetPair":"LUNABUSD","data":{"price":"92.79000000","symbol":"LUNABUSD"},"level":"info","message":"Latest price","service":"api-735942b-binance-LUNABUSD","timestamp":"2022-03-14T14:54:42.891Z"}
{"assetPair":"LUNABUSD","data":{"price":"93.28000000","symbol":"LUNABUSD"},"level":"info","message":"Latest price","service":"api-735942b-binance-LUNABUSD","timestamp":"2022-03-14T15:09:43.018Z"}
{"assetPair":"LUNABUSD","data":{"price":"93.16000000","symbol":"LUNABUSD"},"level":"info","message":"Latest price","service":"api-735942b-binance-LUNABUSD","timestamp":"2022-03-14T15:24:43.150Z"}
{"assetPair":"LUNABUSD","data":{"price":"92.27000000","symbol":"LUNABUSD"},"level":"info","message":"Latest price","service":"api-735942b-binance-LUNABUSD","timestamp":"2022-03-14T15:39:43.237Z"}
{"assetPair":"LUNABUSD","data":{"price":"91.75000000","symbol":"LUNABUSD"},"level":"info","message":"Latest price","service":"api-735942b-binance-LUNABUSD","timestamp":"2022-03-14T15:54:43.335Z"}
{"assetPair":"LUNABUSD","data":{"price":"91.81000000","symbol":"LUNABUSD"},"level":"info","message":"Latest price","service":"api-735942b-binance-LUNABUSD","timestamp":"2022-03-14T16:09:43.473Z"}
{"assetPair":"LUNABUSD","data":{"price":"92.01000000","symbol":"LUNABUSD"},"level":"info","message":"Latest price","service":"api-735942b-binance-LUNABUSD","timestamp":"2022-03-14T16:24:43.582Z"}
{"assetPair":"LUNABUSD","data":{"price":"91.88000000","symbol":"LUNABUSD"},"level":"info","message":"Latest price","service":"api-735942b-binance-LUNABUSD","timestamp":"2022-03-14T16:39:43.659Z"}
{"assetPair":"LUNABUSD","data":{"price":"90.95000000","symbol":"LUNABUSD"},"level":"info","message":"Latest price","service":"api-735942b-binance-LUNABUSD","timestamp":"2022-03-14T16:54:43.774Z"}
{"assetPair":"LUNABUSD","data":{"price":"91.03000000","symbol":"LUNABUSD"},"level":"info","message":"Latest price","service":"api-735942b-binance-LUNABUSD","timestamp":"2022-03-14T17:09:43.843Z"}
{"assetPair":"LUNABUSD","data":{"price":"90.99000000","symbol":"LUNABUSD"},"level":"info","message":"Latest price","service":"api-735942b-binance-LUNABUSD","timestamp":"2022-03-14T17:24:43.976Z"}
{"assetPair":"LUNABUSD","data":{"price":"90.28000000","symbol":"LUNABUSD"},"level":"info","message":"Latest price","service":"api-735942b-binance-LUNABUSD","timestamp":"2022-03-14T17:39:44.062Z"}
{"assetPair":"LUNABUSD","data":{"price":"90.67000000","symbol":"LUNABUSD"},"level":"info","message":"Latest price","service":"api-735942b-binance-LUNABUSD","timestamp":"2022-03-14T17:54:44.167Z"}
{"assetPair":"LUNABUSD","data":{"price":"91.11000000","symbol":"LUNABUSD"},"level":"info","message":"Latest price","service":"api-735942b-binance-LUNABUSD","timestamp":"2022-03-14T18:09:44.326Z"}
{"balance":{"asset":"BUSD","free":"31.89818455","locked":"0.00000000"},"level":"info","message":"Binance balance","service":"api-735942b-binance-LUNABUSD","timestamp":"2022-03-14T18:09:44.371Z"}
{"buyAsset":"LUNA","correctedPrice":"91.11","correctedQty":"0.27","level":"info","message":"Initiating BUY","price":"91.11","quantity":"0.27164965426407639118","service":"api-735942b-binance-LUNABUSD","timestamp":"2022-03-14T18:09:44.424Z","withAsset":"BUSD"}
{"data":{"clientOrderId":"iJVkMbuIRnvU8k6nzP09eU","cummulativeQuoteQty":"24.59970000","executedQty":"0.27000000","fills":[{"commission":"0.00027000","commissionAsset":"LUNA","price":"91.11000000","qty":"0.27000000","tradeId":33541752}],"orderId":475468002,"orderListId":-1,"origQty":"0.27000000","price":"91.11000000","side":"BUY","status":"FILLED","symbol":"LUNABUSD","timeInForce":"GTC","transactTime":1647281384465,"type":"LIMIT"},"level":"info","message":"BUY success","service":"api-735942b-binance-LUNABUSD","timestamp":"2022-03-14T18:09:44.469Z"}
{"level":"info","message":"Checking order status","origClientOrderId":"iJVkMbuIRnvU8k6nzP09eU","service":"api-735942b-binance-LUNABUSD","symbol":"LUNABUSD","timestamp":"2022-03-14T18:24:44.597Z"}
{"assetPair":"AUDBUSD","data":{"price":"0.72160000","symbol":"AUDBUSD"},"level":"info","message":"Latest price","service":"api-735942b-binance-LUNABUSD","timestamp":"2022-03-14T18:24:44.625Z"}
{"data":{"clientOrderId":"iJVkMbuIRnvU8k6nzP09eU","cummulativeQuoteQty":"24.59970000","executedQty":"0.27000000","icebergQty":"0.00000000","isWorking":true,"orderId":475468002,"orderListId":-1,"origQty":"0.27000000","origQuoteOrderQty":"0.00000000","price":"91.11000000","side":"BUY","status":"FILLED","stopPrice":"0.00000000","symbol":"LUNABUSD","time":1647281384465,"timeInForce":"GTC","type":"LIMIT","updateTime":1647281384465},"level":"info","message":"Order status","service":"api-735942b-binance-LUNABUSD","timestamp":"2022-03-14T18:24:44.634Z"}
{"assetPair":"LUNABUSD","data":{"price":"90.31000000","symbol":"LUNABUSD"},"level":"info","message":"Latest price","service":"api-735942b-binance-LUNABUSD","timestamp":"2022-03-14T18:24:44.663Z"}
{"assetPair":"LUNABUSD","data":{"price":"90.32000000","symbol":"LUNABUSD"},"level":"info","message":"Latest price","service":"api-735942b-binance-LUNABUSD","timestamp":"2022-03-14T18:39:44.802Z"}
{"assetPair":"LUNABUSD","data":{"price":"90.41000000","symbol":"LUNABUSD"},"level":"info","message":"Latest price","service":"api-735942b-binance-LUNABUSD","timestamp":"2022-03-14T18:54:44.933Z"}
{"assetPair":"LUNABUSD","data":{"price":"90.84000000","symbol":"LUNABUSD"},"level":"info","message":"Latest price","service":"api-735942b-binance-LUNABUSD","timestamp":"2022-03-14T19:09:45.097Z"}
{"assetPair":"LUNABUSD","data":{"price":"90.97000000","symbol":"LUNABUSD"},"level":"info","message":"Latest price","service":"api-735942b-binance-LUNABUSD","timestamp":"2022-03-14T19:24:45.221Z"}
{"assetPair":"LUNABUSD","data":{"price":"90.74000000","symbol":"LUNABUSD"},"level":"info","message":"Latest price","service":"api-735942b-binance-LUNABUSD","timestamp":"2022-03-14T19:39:45.266Z"}
{"assetPair":"LUNABUSD","data":{"price":"91.07000000","symbol":"LUNABUSD"},"level":"info","message":"Latest price","service":"api-735942b-binance-LUNABUSD","timestamp":"2022-03-14T19:54:45.373Z"}
{"assetPair":"LUNABUSD","data":{"price":"91.81000000","symbol":"LUNABUSD"},"level":"info","message":"Latest price","service":"api-735942b-binance-LUNABUSD","timestamp":"2022-03-14T20:09:45.506Z"}
{"assetPair":"LUNABUSD","data":{"price":"90.81000000","symbol":"LUNABUSD"},"level":"info","message":"Latest price","service":"api-735942b-binance-LUNABUSD","timestamp":"2022-03-14T20:24:45.637Z"}
{"assetPair":"LUNABUSD","data":{"price":"91.10000000","symbol":"LUNABUSD"},"level":"info","message":"Latest price","service":"api-735942b-binance-LUNABUSD","timestamp":"2022-03-14T20:39:45.773Z"}
{"assetPair":"LUNABUSD","data":{"price":"90.51000000","symbol":"LUNABUSD"},"level":"info","message":"Latest price","service":"api-735942b-binance-LUNABUSD","timestamp":"2022-03-14T20:54:45.938Z"}
{"assetPair":"LUNABUSD","data":{"price":"90.47000000","symbol":"LUNABUSD"},"level":"info","message":"Latest price","service":"api-735942b-binance-LUNABUSD","timestamp":"2022-03-14T21:09:46.070Z"}
{"assetPair":"LUNABUSD","data":{"price":"90.88000000","symbol":"LUNABUSD"},"level":"info","message":"Latest price","service":"api-735942b-binance-LUNABUSD","timestamp":"2022-03-14T21:24:46.198Z"}
{"assetPair":"LUNABUSD","data":{"price":"91.25000000","symbol":"LUNABUSD"},"level":"info","message":"Latest price","service":"api-735942b-binance-LUNABUSD","timestamp":"2022-03-14T21:39:46.242Z"}
{"assetPair":"LUNABUSD","data":{"price":"91.40000000","symbol":"LUNABUSD"},"level":"info","message":"Latest price","service":"api-735942b-binance-LUNABUSD","timestamp":"2022-03-14T21:54:46.373Z"}
{"assetPair":"LUNABUSD","data":{"price":"91.81000000","symbol":"LUNABUSD"},"level":"info","message":"Latest price","service":"api-735942b-binance-LUNABUSD","timestamp":"2022-03-14T22:09:46.470Z"}
{"assetPair":"LUNABUSD","data":{"price":"92.46000000","symbol":"LUNABUSD"},"level":"info","message":"Latest price","service":"api-735942b-binance-LUNABUSD","timestamp":"2022-03-14T22:24:46.623Z"}
{"assetPair":"LUNABUSD","data":{"price":"92.88000000","symbol":"LUNABUSD"},"level":"info","message":"Latest price","service":"api-735942b-binance-LUNABUSD","timestamp":"2022-03-14T22:39:46.686Z"}
{"assetPair":"LUNABUSD","data":{"price":"93.16000000","symbol":"LUNABUSD"},"level":"info","message":"Latest price","service":"api-735942b-binance-LUNABUSD","timestamp":"2022-03-14T22:54:46.784Z"}
{"assetPair":"LUNABUSD","data":{"price":"93.64000000","symbol":"LUNABUSD"},"level":"info","message":"Latest price","service":"api-735942b-binance-LUNABUSD","timestamp":"2022-03-14T23:09:46.861Z"}
{"assetPair":"LUNABUSD","data":{"price":"94.06000000","symbol":"LUNABUSD"},"level":"info","message":"Latest price","service":"api-735942b-binance-LUNABUSD","timestamp":"2022-03-14T23:24:46.927Z"}
{"assetPair":"LUNABUSD","data":{"price":"93.83000000","symbol":"LUNABUSD"},"level":"info","message":"Latest price","service":"api-735942b-binance-LUNABUSD","timestamp":"2022-03-14T23:39:47.022Z"}
{"balance":{"asset":"LUNA","free":"0.27898000","locked":"0.00000000"},"level":"info","message":"Binance balance","service":"api-735942b-binance-LUNABUSD","timestamp":"2022-03-14T23:39:47.047Z"}
{"correctedPrice":"93.83","correctedQty":"0.27","forAsset":"BUSD","level":"info","message":"Initiating SELL","price":"93.83000000","quantity":"0.27898000","sellAsset":"LUNA","service":"api-735942b-binance-LUNABUSD","timestamp":"2022-03-14T23:39:47.048Z"}
{"data":{"clientOrderId":"BAVydX564YsDQcZbjBEZYV","cummulativeQuoteQty":"25.33680000","executedQty":"0.27000000","fills":[{"commission":"0.02533680","commissionAsset":"BUSD","price":"93.84000000","qty":"0.27000000","tradeId":33588465}],"orderId":476034389,"orderListId":-1,"origQty":"0.27000000","price":"93.83000000","side":"SELL","status":"FILLED","symbol":"LUNABUSD","timeInForce":"GTC","transactTime":1647301187074,"type":"LIMIT"},"level":"info","message":"SELL success","service":"api-735942b-binance-LUNABUSD","timestamp":"2022-03-14T23:39:47.076Z"}
{"level":"info","message":"Checking order status","origClientOrderId":"BAVydX564YsDQcZbjBEZYV","service":"api-735942b-binance-LUNABUSD","symbol":"LUNABUSD","timestamp":"2022-03-14T23:54:47.195Z"}
{"data":{"clientOrderId":"BAVydX564YsDQcZbjBEZYV","cummulativeQuoteQty":"25.33680000","executedQty":"0.27000000","icebergQty":"0.00000000","isWorking":true,"orderId":476034389,"orderListId":-1,"origQty":"0.27000000","origQuoteOrderQty":"0.00000000","price":"93.83000000","side":"SELL","status":"FILLED","stopPrice":"0.00000000","symbol":"LUNABUSD","time":1647301187074,"timeInForce":"GTC","type":"LIMIT","updateTime":1647301187074},"level":"info","message":"Order status","service":"api-735942b-binance-LUNABUSD","timestamp":"2022-03-14T23:54:47.221Z"}
{"assetPair":"LUNABUSD","data":{"price":"94.63000000","symbol":"LUNABUSD"},"level":"info","message":"Latest price","service":"api-735942b-binance-LUNABUSD","timestamp":"2022-03-14T23:54:47.248Z"}
{"assetPair":"LUNABUSD","data":{"price":"95.33000000","symbol":"LUNABUSD"},"level":"info","message":"Latest price","service":"api-735942b-binance-LUNABUSD","timestamp":"2022-03-15T00:09:47.332Z"}
{"balance":{"asset":"BUSD","free":"32.60994775","locked":"0.00000000"},"level":"info","message":"Binance balance","service":"api-735942b-binance-LUNABUSD","timestamp":"2022-03-15T00:09:47.385Z"}
{"buyAsset":"LUNA","correctedPrice":"95.33","correctedQty":"0.25","level":"info","message":"Initiating BUY","price":"95.33","quantity":"0.25962446239378999266","service":"api-735942b-binance-LUNABUSD","timestamp":"2022-03-15T00:09:47.386Z","withAsset":"BUSD"}
{"data":{"clientOrderId":"ERZE655yvTMETYfBWQYagC","cummulativeQuoteQty":"0.00000000","executedQty":"0.00000000","fills":[],"orderId":476114015,"orderListId":-1,"origQty":"0.25000000","price":"95.33000000","side":"BUY","status":"NEW","symbol":"LUNABUSD","timeInForce":"GTC","transactTime":1647302987426,"type":"LIMIT"},"level":"info","message":"BUY success","service":"api-735942b-binance-LUNABUSD","timestamp":"2022-03-15T00:09:47.436Z"}
{"level":"info","message":"Checking order status","origClientOrderId":"ERZE655yvTMETYfBWQYagC","service":"api-735942b-binance-LUNABUSD","symbol":"LUNABUSD","timestamp":"2022-03-15T00:24:47.539Z"}
{"data":{"clientOrderId":"ERZE655yvTMETYfBWQYagC","cummulativeQuoteQty":"23.83250000","executedQty":"0.25000000","icebergQty":"0.00000000","isWorking":true,"orderId":476114015,"orderListId":-1,"origQty":"0.25000000","origQuoteOrderQty":"0.00000000","price":"95.33000000","side":"BUY","status":"FILLED","stopPrice":"0.00000000","symbol":"LUNABUSD","time":1647302987426,"timeInForce":"GTC","type":"LIMIT","updateTime":1647302991286},"level":"info","message":"Order status","service":"api-735942b-binance-LUNABUSD","timestamp":"2022-03-15T00:24:47.565Z"}
{"assetPair":"LUNABUSD","data":{"price":"94.77000000","symbol":"LUNABUSD"},"level":"info","message":"Latest price","service":"api-735942b-binance-LUNABUSD","timestamp":"2022-03-15T00:24:47.603Z"}
{"assetPair":"LUNABUSD","data":{"price":"95.09000000","symbol":"LUNABUSD"},"level":"info","message":"Latest price","service":"api-735942b-binance-LUNABUSD","timestamp":"2022-03-15T00:39:47.736Z"}
{"assetPair":"LUNABUSD","data":{"price":"94.91000000","symbol":"LUNABUSD"},"level":"info","message":"Latest price","service":"api-735942b-binance-LUNABUSD","timestamp":"2022-03-15T00:54:47.865Z"}
{"assetPair":"LUNABUSD","data":{"price":"94.13000000","symbol":"LUNABUSD"},"level":"info","message":"Latest price","service":"api-735942b-binance-LUNABUSD","timestamp":"2022-03-15T01:09:47.906Z"}
{"assetPair":"LUNABUSD","data":{"price":"94.28000000","symbol":"LUNABUSD"},"level":"info","message":"Latest price","service":"api-735942b-binance-LUNABUSD","timestamp":"2022-03-15T01:24:48.038Z"}
{"assetPair":"LUNABUSD","data":{"price":"93.99000000","symbol":"LUNABUSD"},"level":"info","message":"Latest price","service":"api-735942b-binance-LUNABUSD","timestamp":"2022-03-15T01:39:48.133Z"}
{"assetPair":"LUNABUSD","data":{"price":"93.97000000","symbol":"LUNABUSD"},"level":"info","message":"Latest price","service":"api-735942b-binance-LUNABUSD","timestamp":"2022-03-15T01:54:48.275Z"}
{"assetPair":"LUNABUSD","data":{"price":"94.20000000","symbol":"LUNABUSD"},"level":"info","message":"Latest price","service":"api-735942b-binance-LUNABUSD","timestamp":"2022-03-15T02:09:48.391Z"}
{"assetPair":"LUNABUSD","data":{"price":"94.49000000","symbol":"LUNABUSD"},"level":"info","message":"Latest price","service":"api-735942b-binance-LUNABUSD","timestamp":"2022-03-15T02:24:48.508Z"}
{"assetPair":"LUNABUSD","data":{"price":"94.95000000","symbol":"LUNABUSD"},"level":"info","message":"Latest price","service":"api-735942b-binance-LUNABUSD","timestamp":"2022-03-15T02:39:48.674Z"}
{"assetPair":"LUNABUSD","data":{"price":"94.08000000","symbol":"LUNABUSD"},"level":"info","message":"Latest price","service":"api-735942b-binance-LUNABUSD","timestamp":"2022-03-15T02:54:48.734Z"}
{"assetPair":"LUNABUSD","data":{"price":"94.02000000","symbol":"LUNABUSD"},"level":"info","message":"Latest price","service":"api-735942b-binance-LUNABUSD","timestamp":"2022-03-15T03:09:48.866Z"}
{"assetPair":"LUNABUSD","data":{"price":"93.76000000","symbol":"LUNABUSD"},"level":"info","message":"Latest price","service":"api-735942b-binance-LUNABUSD","timestamp":"2022-03-15T03:24:48.996Z"}
{"assetPair":"LUNABUSD","data":{"price":"93.86000000","symbol":"LUNABUSD"},"level":"info","message":"Latest price","service":"api-735942b-binance-LUNABUSD","timestamp":"2022-03-15T03:39:49.077Z"}
{"assetPair":"LUNABUSD","data":{"price":"93.06000000","symbol":"LUNABUSD"},"level":"info","message":"Latest price","service":"api-735942b-binance-LUNABUSD","timestamp":"2022-03-15T03:54:49.161Z"}
{"assetPair":"LUNABUSD","data":{"price":"93.63000000","symbol":"LUNABUSD"},"level":"info","message":"Latest price","service":"api-735942b-binance-LUNABUSD","timestamp":"2022-03-15T04:09:49.315Z"}
{"assetPair":"LUNABUSD","data":{"price":"93.52000000","symbol":"LUNABUSD"},"level":"info","message":"Latest price","service":"api-735942b-binance-LUNABUSD","timestamp":"2022-03-15T04:24:49.345Z"}
{"assetPair":"LUNABUSD","data":{"price":"93.37000000","symbol":"LUNABUSD"},"level":"info","message":"Latest price","service":"api-735942b-binance-LUNABUSD","timestamp":"2022-03-15T04:39:49.476Z"}
{"assetPair":"LUNABUSD","data":{"price":"93.32000000","symbol":"LUNABUSD"},"level":"info","message":"Latest price","service":"api-735942b-binance-LUNABUSD","timestamp":"2022-03-15T04:54:49.578Z"}
{"assetPair":"LUNABUSD","data":{"price":"92.86000000","symbol":"LUNABUSD"},"level":"info","message":"Latest price","service":"api-735942b-binance-LUNABUSD","timestamp":"2022-03-15T05:09:49.664Z"}
{"assetPair":"LUNABUSD","data":{"price":"93.01000000","symbol":"LUNABUSD"},"level":"info","message":"Latest price","service":"api-735942b-binance-LUNABUSD","timestamp":"2022-03-15T05:24:49.793Z"}
{"assetPair":"LUNABUSD","data":{"price":"93.06000000","symbol":"LUNABUSD"},"level":"info","message":"Latest price","service":"api-735942b-binance-LUNABUSD","timestamp":"2022-03-15T05:39:49.925Z"}
{"assetPair":"LUNABUSD","data":{"price":"93.13000000","symbol":"LUNABUSD"},"level":"info","message":"Latest price","service":"api-735942b-binance-LUNABUSD","timestamp":"2022-03-15T05:54:50.054Z"}
{"assetPair":"LUNABUSD","data":{"price":"93.15000000","symbol":"LUNABUSD"},"level":"info","message":"Latest price","service":"api-735942b-binance-LUNABUSD","timestamp":"2022-03-15T06:09:50.194Z"}
{"assetPair":"LUNABUSD","data":{"price":"93.94000000","symbol":"LUNABUSD"},"level":"info","message":"Latest price","service":"api-735942b-binance-LUNABUSD","timestamp":"2022-03-15T06:24:50.323Z"}
{"assetPair":"LUNABUSD","data":{"price":"93.67000000","symbol":"LUNABUSD"},"level":"info","message":"Latest price","service":"api-735942b-binance-LUNABUSD","timestamp":"2022-03-15T06:39:50.458Z"}
{"assetPair":"LUNABUSD","data":{"price":"93.33000000","symbol":"LUNABUSD"},"level":"info","message":"Latest price","service":"api-735942b-binance-LUNABUSD","timestamp":"2022-03-15T06:54:50.577Z"}
{"assetPair":"LUNABUSD","data":{"price":"93.01000000","symbol":"LUNABUSD"},"level":"info","message":"Latest price","service":"api-735942b-binance-LUNABUSD","timestamp":"2022-03-15T07:09:50.656Z"}
{"assetPair":"LUNABUSD","data":{"price":"92.32000000","symbol":"LUNABUSD"},"level":"info","message":"Latest price","service":"api-735942b-binance-LUNABUSD","timestamp":"2022-03-15T07:24:50.809Z"}
{"assetPair":"LUNABUSD","data":{"price":"92.12000000","symbol":"LUNABUSD"},"level":"info","message":"Latest price","service":"api-735942b-binance-LUNABUSD","timestamp":"2022-03-15T07:39:50.937Z"}
{"assetPair":"LUNABUSD","data":{"price":"91.51000000","symbol":"LUNABUSD"},"level":"info","message":"Latest price","service":"api-735942b-binance-LUNABUSD","timestamp":"2022-03-15T07:54:51.049Z"}
{"assetPair":"LUNABUSD","data":{"price":"91.14000000","symbol":"LUNABUSD"},"level":"info","message":"Latest price","service":"api-735942b-binance-LUNABUSD","timestamp":"2022-03-15T08:09:51.182Z"}
{"assetPair":"LUNABUSD","data":{"price":"90.77000000","symbol":"LUNABUSD"},"level":"info","message":"Latest price","service":"api-735942b-binance-LUNABUSD","timestamp":"2022-03-15T08:24:51.345Z"}
{"assetPair":"LUNABUSD","data":{"price":"90.92000000","symbol":"LUNABUSD"},"level":"info","message":"Latest price","service":"api-735942b-binance-LUNABUSD","timestamp":"2022-03-15T08:39:51.473Z"}
{"assetPair":"LUNABUSD","data":{"price":"91.02000000","symbol":"LUNABUSD"},"level":"info","message":"Latest price","service":"api-735942b-binance-LUNABUSD","timestamp":"2022-03-15T08:54:51.578Z"}
{"assetPair":"LUNABUSD","data":{"price":"90.53000000","symbol":"LUNABUSD"},"level":"info","message":"Latest price","service":"api-735942b-binance-LUNABUSD","timestamp":"2022-03-15T09:09:51.707Z"}
{"assetPair":"LUNABUSD","data":{"price":"91.68000000","symbol":"LUNABUSD"},"level":"info","message":"Latest price","service":"api-735942b-binance-LUNABUSD","timestamp":"2022-03-15T09:24:51.793Z"}
{"assetPair":"LUNABUSD","data":{"price":"91.48000000","symbol":"LUNABUSD"},"level":"info","message":"Latest price","service":"api-735942b-binance-LUNABUSD","timestamp":"2022-03-15T09:39:51.923Z"}
{"assetPair":"LUNABUSD","data":{"price":"91.22000000","symbol":"LUNABUSD"},"level":"info","message":"Latest price","service":"api-735942b-binance-LUNABUSD","timestamp":"2022-03-15T09:54:52.048Z"}
{"assetPair":"LUNABUSD","data":{"price":"91.52000000","symbol":"LUNABUSD"},"level":"info","message":"Latest price","service":"api-735942b-binance-LUNABUSD","timestamp":"2022-03-15T10:09:52.173Z"}
{"assetPair":"LUNABUSD","data":{"price":"91.62000000","symbol":"LUNABUSD"},"level":"info","message":"Latest price","service":"api-735942b-binance-LUNABUSD","timestamp":"2022-03-15T10:24:52.303Z"}
{"assetPair":"LUNABUSD","data":{"price":"91.38000000","symbol":"LUNABUSD"},"level":"info","message":"Latest price","service":"api-735942b-binance-LUNABUSD","timestamp":"2022-03-15T10:39:52.338Z"}
{"assetPair":"LUNABUSD","data":{"price":"91.12000000","symbol":"LUNABUSD"},"level":"info","message":"Latest price","service":"api-735942b-binance-LUNABUSD","timestamp":"2022-03-15T10:54:52.451Z"}
{"assetPair":"LUNABUSD","data":{"price":"91.47000000","symbol":"LUNABUSD"},"level":"info","message":"Latest price","service":"api-735942b-binance-LUNABUSD","timestamp":"2022-03-15T11:09:52.601Z"}
{"assetPair":"LUNABUSD","data":{"price":"91.73000000","symbol":"LUNABUSD"},"level":"info","message":"Latest price","service":"api-735942b-binance-LUNABUSD","timestamp":"2022-03-15T11:24:52.653Z"}
{"assetPair":"LUNABUSD","data":{"price":"91.37000000","symbol":"LUNABUSD"},"level":"info","message":"Latest price","service":"api-735942b-binance-LUNABUSD","timestamp":"2022-03-15T11:39:52.746Z"}
{"assetPair":"LUNABUSD","data":{"price":"91.18000000","symbol":"LUNABUSD"},"level":"info","message":"Latest price","service":"api-735942b-binance-LUNABUSD","timestamp":"2022-03-15T11:54:52.830Z"}
{"assetPair":"LUNABUSD","data":{"price":"91.06000000","symbol":"LUNABUSD"},"level":"info","message":"Latest price","service":"api-735942b-binance-LUNABUSD","timestamp":"2022-03-15T12:09:52.913Z"}
{"assetPair":"LUNABUSD","data":{"price":"91.10000000","symbol":"LUNABUSD"},"level":"info","message":"Latest price","service":"api-735942b-binance-LUNABUSD","timestamp":"2022-03-15T12:24:53.051Z"}
{"assetPair":"LUNABUSD","data":{"price":"91.46000000","symbol":"LUNABUSD"},"level":"info","message":"Latest price","service":"api-735942b-binance-LUNABUSD","timestamp":"2022-03-15T12:39:53.122Z"}
{"assetPair":"LUNABUSD","data":{"price":"90.96000000","symbol":"LUNABUSD"},"level":"info","message":"Latest price","service":"api-735942b-binance-LUNABUSD","timestamp":"2022-03-15T12:54:53.164Z"}
