{"level":"info","message":"Checking order status","origClientOrderId":"pvvQsnitvgreShjaJ5O9ox","service":"api-1efbe35-binance-LUNABUSD","symbol":"LUNABUSD","timestamp":"2022-03-18T13:03:16.962Z"}
{"data":{"clientOrderId":"pvvQsnitvgreShjaJ5O9ox","cummulativeQuoteQty":"0.00000000","executedQty":"0.00000000","icebergQty":"0.00000000","isWorking":true,"orderId":483015003,"orderListId":-1,"origQty":"0.27000000","origQuoteOrderQty":"0.00000000","price":"84.77000000","side":"SELL","status":"NEW","stopPrice":"0.00000000","symbol":"LUNABUSD","time":1647593292492,"timeInForce":"GTC","type":"LIMIT","updateTime":1647593292492},"level":"info","message":"Order status","service":"api-1efbe35-binance-LUNABUSD","timestamp":"2022-03-18T13:03:17.091Z"}
{"level":"info","message":"Checking order status","origClientOrderId":"pvvQsnitvgreShjaJ5O9ox","service":"api-1efbe35-binance-LUNABUSD","symbol":"LUNABUSD","timestamp":"2022-03-18T13:18:17.227Z"}
{"data":{"clientOrderId":"pvvQsnitvgreShjaJ5O9ox","cummulativeQuoteQty":"0.00000000","executedQty":"0.00000000","icebergQty":"0.00000000","isWorking":true,"orderId":483015003,"orderListId":-1,"origQty":"0.27000000","origQuoteOrderQty":"0.00000000","price":"84.77000000","side":"SELL","status":"NEW","stopPrice":"0.00000000","symbol":"LUNABUSD","time":1647593292492,"timeInForce":"GTC","type":"LIMIT","updateTime":1647593292492},"level":"info","message":"Order status","service":"api-1efbe35-binance-LUNABUSD","timestamp":"2022-03-18T13:18:17.309Z"}
{"level":"info","message":"Checking order status","origClientOrderId":"pvvQsnitvgreShjaJ5O9ox","service":"api-1efbe35-binance-LUNABUSD","symbol":"LUNABUSD","timestamp":"2022-03-18T13:33:17.468Z"}
{"data":{"clientOrderId":"pvvQsnitvgreShjaJ5O9ox","cummulativeQuoteQty":"0.00000000","executedQty":"0.00000000","icebergQty":"0.00000000","isWorking":true,"orderId":483015003,"orderListId":-1,"origQty":"0.27000000","origQuoteOrderQty":"0.00000000","price":"84.77000000","side":"SELL","status":"NEW","stopPrice":"0.00000000","symbol":"LUNABUSD","time":1647593292492,"timeInForce":"GTC","type":"LIMIT","updateTime":1647593292492},"level":"info","message":"Order status","service":"api-1efbe35-binance-LUNABUSD","timestamp":"2022-03-18T13:33:17.572Z"}
{"level":"info","message":"Checking order status","origClientOrderId":"pvvQsnitvgreShjaJ5O9ox","service":"api-1efbe35-binance-LUNABUSD","symbol":"LUNABUSD","timestamp":"2022-03-18T13:48:17.780Z"}
{"data":{"clientOrderId":"pvvQsnitvgreShjaJ5O9ox","cummulativeQuoteQty":"0.00000000","executedQty":"0.00000000","icebergQty":"0.00000000","isWorking":true,"orderId":483015003,"orderListId":-1,"origQty":"0.27000000","origQuoteOrderQty":"0.00000000","price":"84.77000000","side":"SELL","status":"NEW","stopPrice":"0.00000000","symbol":"LUNABUSD","time":1647593292492,"timeInForce":"GTC","type":"LIMIT","updateTime":1647593292492},"level":"info","message":"Order status","service":"api-1efbe35-binance-LUNABUSD","timestamp":"2022-03-18T13:48:17.865Z"}
{"level":"info","message":"Checking order status","origClientOrderId":"pvvQsnitvgreShjaJ5O9ox","service":"api-1efbe35-binance-LUNABUSD","symbol":"LUNABUSD","timestamp":"2022-03-18T14:03:18.051Z"}
{"data":{"clientOrderId":"pvvQsnitvgreShjaJ5O9ox","cummulativeQuoteQty":"0.00000000","executedQty":"0.00000000","icebergQty":"0.00000000","isWorking":true,"orderId":483015003,"orderListId":-1,"origQty":"0.27000000","origQuoteOrderQty":"0.00000000","price":"84.77000000","side":"SELL","status":"NEW","stopPrice":"0.00000000","symbol":"LUNABUSD","time":1647593292492,"timeInForce":"GTC","type":"LIMIT","updateTime":1647593292492},"level":"info","message":"Order status","service":"api-1efbe35-binance-LUNABUSD","timestamp":"2022-03-18T14:03:18.135Z"}
{"level":"info","message":"Checking order status","origClientOrderId":"pvvQsnitvgreShjaJ5O9ox","service":"api-1efbe35-binance-LUNABUSD","symbol":"LUNABUSD","timestamp":"2022-03-18T14:18:18.343Z"}
{"data":{"clientOrderId":"pvvQsnitvgreShjaJ5O9ox","cummulativeQuoteQty":"0.00000000","executedQty":"0.00000000","icebergQty":"0.00000000","isWorking":true,"orderId":483015003,"orderListId":-1,"origQty":"0.27000000","origQuoteOrderQty":"0.00000000","price":"84.77000000","side":"SELL","status":"NEW","stopPrice":"0.00000000","symbol":"LUNABUSD","time":1647593292492,"timeInForce":"GTC","type":"LIMIT","updateTime":1647593292492},"level":"info","message":"Order status","service":"api-1efbe35-binance-LUNABUSD","timestamp":"2022-03-18T14:18:18.444Z"}
{"level":"info","message":"Checking order status","origClientOrderId":"pvvQsnitvgreShjaJ5O9ox","service":"api-1efbe35-binance-LUNABUSD","symbol":"LUNABUSD","timestamp":"2022-03-18T14:33:18.633Z"}
{"data":{"clientOrderId":"pvvQsnitvgreShjaJ5O9ox","cummulativeQuoteQty":"0.00000000","executedQty":"0.00000000","icebergQty":"0.00000000","isWorking":true,"orderId":483015003,"orderListId":-1,"origQty":"0.27000000","origQuoteOrderQty":"0.00000000","price":"84.77000000","side":"SELL","status":"NEW","stopPrice":"0.00000000","symbol":"LUNABUSD","time":1647593292492,"timeInForce":"GTC","type":"LIMIT","updateTime":1647593292492},"level":"info","message":"Order status","service":"api-1efbe35-binance-LUNABUSD","timestamp":"2022-03-18T14:33:18.727Z"}
{"level":"info","message":"Checking order status","origClientOrderId":"pvvQsnitvgreShjaJ5O9ox","service":"api-1efbe35-binance-LUNABUSD","symbol":"LUNABUSD","timestamp":"2022-03-18T14:48:18.914Z"}
{"data":{"clientOrderId":"pvvQsnitvgreShjaJ5O9ox","cummulativeQuoteQty":"0.00000000","executedQty":"0.00000000","icebergQty":"0.00000000","isWorking":true,"orderId":483015003,"orderListId":-1,"origQty":"0.27000000","origQuoteOrderQty":"0.00000000","price":"84.77000000","side":"SELL","status":"NEW","stopPrice":"0.00000000","symbol":"LUNABUSD","time":1647593292492,"timeInForce":"GTC","type":"LIMIT","updateTime":1647593292492},"level":"info","message":"Order status","service":"api-1efbe35-binance-LUNABUSD","timestamp":"2022-03-18T14:48:19.003Z"}
{"level":"info","message":"Checking order status","origClientOrderId":"pvvQsnitvgreShjaJ5O9ox","service":"api-1efbe35-binance-LUNABUSD","symbol":"LUNABUSD","timestamp":"2022-03-18T15:03:19.184Z"}
{"data":{"clientOrderId":"pvvQsnitvgreShjaJ5O9ox","cummulativeQuoteQty":"0.00000000","executedQty":"0.00000000","icebergQty":"0.00000000","isWorking":true,"orderId":483015003,"orderListId":-1,"origQty":"0.27000000","origQuoteOrderQty":"0.00000000","price":"84.77000000","side":"SELL","status":"NEW","stopPrice":"0.00000000","symbol":"LUNABUSD","time":1647593292492,"timeInForce":"GTC","type":"LIMIT","updateTime":1647593292492},"level":"info","message":"Order status","service":"api-1efbe35-binance-LUNABUSD","timestamp":"2022-03-18T15:03:19.279Z"}
{"level":"info","message":"Checking order status","origClientOrderId":"pvvQsnitvgreShjaJ5O9ox","service":"api-1efbe35-binance-LUNABUSD","symbol":"LUNABUSD","timestamp":"2022-03-18T15:18:19.464Z"}
{"data":{"clientOrderId":"pvvQsnitvgreShjaJ5O9ox","cummulativeQuoteQty":"0.00000000","executedQty":"0.00000000","icebergQty":"0.00000000","isWorking":true,"orderId":483015003,"orderListId":-1,"origQty":"0.27000000","origQuoteOrderQty":"0.00000000","price":"84.77000000","side":"SELL","status":"NEW","stopPrice":"0.00000000","symbol":"LUNABUSD","time":1647593292492,"timeInForce":"GTC","type":"LIMIT","updateTime":1647593292492},"level":"info","message":"Order status","service":"api-1efbe35-binance-LUNABUSD","timestamp":"2022-03-18T15:18:19.543Z"}
{"level":"info","message":"Checking order status","origClientOrderId":"pvvQsnitvgreShjaJ5O9ox","service":"api-1efbe35-binance-LUNABUSD","symbol":"LUNABUSD","timestamp":"2022-03-18T15:33:19.726Z"}
{"data":{"clientOrderId":"pvvQsnitvgreShjaJ5O9ox","cummulativeQuoteQty":"0.00000000","executedQty":"0.00000000","icebergQty":"0.00000000","isWorking":true,"orderId":483015003,"orderListId":-1,"origQty":"0.27000000","origQuoteOrderQty":"0.00000000","price":"84.77000000","side":"SELL","status":"NEW","stopPrice":"0.00000000","symbol":"LUNABUSD","time":1647593292492,"timeInForce":"GTC","type":"LIMIT","updateTime":1647593292492},"level":"info","message":"Order status","service":"api-1efbe35-binance-LUNABUSD","timestamp":"2022-03-18T15:33:19.816Z"}
{"level":"info","message":"Checking order status","origClientOrderId":"pvvQsnitvgreShjaJ5O9ox","service":"api-1efbe35-binance-LUNABUSD","symbol":"LUNABUSD","timestamp":"2022-03-18T15:48:19.935Z"}
{"data":{"clientOrderId":"pvvQsnitvgreShjaJ5O9ox","cummulativeQuoteQty":"22.88790000","executedQty":"0.27000000","icebergQty":"0.00000000","isWorking":true,"orderId":483015003,"orderListId":-1,"origQty":"0.27000000","origQuoteOrderQty":"0.00000000","price":"84.77000000","side":"SELL","status":"FILLED","stopPrice":"0.00000000","symbol":"LUNABUSD","time":1647593292492,"timeInForce":"GTC","type":"LIMIT","updateTime":1647617947827},"level":"info","message":"Order status","service":"api-1efbe35-binance-LUNABUSD","timestamp":"2022-03-18T15:48:20.030Z"}
{"assetPair":"AUDBUSD","data":{"price":"0.74020000","symbol":"AUDBUSD"},"level":"info","message":"Latest price","service":"api-1efbe35-binance-LUNABUSD","timestamp":"2022-03-18T15:48:20.083Z"}
{"assetPair":"LUNABUSD","data":{"price":"87.02000000","symbol":"LUNABUSD"},"level":"info","message":"Latest price","service":"api-1efbe35-binance-LUNABUSD","timestamp":"2022-03-18T19:48:20.981Z"}
{"assetPair":"LUNABUSD","data":{"price":"87.70000000","symbol":"LUNABUSD"},"level":"info","message":"Latest price","service":"api-1efbe35-binance-LUNABUSD","timestamp":"2022-03-18T20:03:21.245Z"}
{"balance":{"asset":"BUSD","free":"209.12390647","locked":"24.74527000"},"level":"info","message":"Binance balance","service":"api-1efbe35-binance-LUNABUSD","timestamp":"2022-03-18T20:03:21.284Z"}
{"buyAsset":"LUNA","correctedPrice":"87.70","correctedQty":"0.28","level":"info","message":"Initiating BUY","price":"87.7","quantity":"0.2822120866590649943","service":"api-1efbe35-binance-LUNABUSD","timestamp":"2022-03-18T20:03:21.291Z","withAsset":"BUSD"}
{"data":{"clientOrderId":"ys5QWbFFrhcAUQKFRBxnq7","cummulativeQuoteQty":"24.55320000","executedQty":"0.28000000","fills":[{"commission":"0.00028000","commissionAsset":"LUNA","price":"87.69000000","qty":"0.28000000","tradeId":34201254}],"orderId":483941813,"orderListId":-1,"origQty":"0.28000000","price":"87.70000000","side":"BUY","status":"FILLED","symbol":"LUNABUSD","timeInForce":"GTC","transactTime":1647633801313,"type":"LIMIT"},"level":"info","message":"BUY success","service":"api-1efbe35-binance-LUNABUSD","timestamp":"2022-03-18T20:03:21.320Z"}
{"level":"info","message":"Checking order status","origClientOrderId":"ys5QWbFFrhcAUQKFRBxnq7","service":"api-1efbe35-binance-LUNABUSD","symbol":"LUNABUSD","timestamp":"2022-03-18T20:18:21.509Z"}
{"data":{"clientOrderId":"ys5QWbFFrhcAUQKFRBxnq7","cummulativeQuoteQty":"24.55320000","executedQty":"0.28000000","icebergQty":"0.00000000","isWorking":true,"orderId":483941813,"orderListId":-1,"origQty":"0.28000000","origQuoteOrderQty":"0.00000000","price":"87.70000000","side":"BUY","status":"FILLED","stopPrice":"0.00000000","symbol":"LUNABUSD","time":1647633801313,"timeInForce":"GTC","type":"LIMIT","updateTime":1647633801313},"level":"info","message":"Order status","service":"api-1efbe35-binance-LUNABUSD","timestamp":"2022-03-18T20:18:21.601Z"}
{"assetPair":"LUNABUSD","data":{"price":"86.87000000","symbol":"LUNABUSD"},"level":"info","message":"Latest price","service":"api-1efbe35-binance-LUNABUSD","timestamp":"2022-03-18T20:18:21.651Z"}
{"assetPair":"LUNABUSD","data":{"price":"86.92000000","symbol":"LUNABUSD"},"level":"info","message":"Latest price","service":"api-1efbe35-binance-LUNABUSD","timestamp":"2022-03-18T20:33:21.864Z"}
{"assetPair":"LUNABUSD","data":{"price":"86.83000000","symbol":"LUNABUSD"},"level":"info","message":"Latest price","service":"api-1efbe35-binance-LUNABUSD","timestamp":"2022-03-18T20:48:22.060Z"}
{"assetPair":"LUNABUSD","data":{"price":"86.23000000","symbol":"LUNABUSD"},"level":"info","message":"Latest price","service":"api-1efbe35-binance-LUNABUSD","timestamp":"2022-03-18T21:03:22.331Z"}
{"assetPair":"LUNABUSD","data":{"price":"86.30000000","symbol":"LUNABUSD"},"level":"info","message":"Latest price","service":"api-1efbe35-binance-LUNABUSD","timestamp":"2022-03-18T21:18:22.572Z"}
{"assetPair":"LUNABUSD","data":{"price":"86.10000000","symbol":"LUNABUSD"},"level":"info","message":"Latest price","service":"api-1efbe35-binance-LUNABUSD","timestamp":"2022-03-18T21:33:22.812Z"}
{"assetPair":"LUNABUSD","data":{"price":"86.28000000","symbol":"LUNABUSD"},"level":"info","message":"Latest price","service":"api-1efbe35-binance-LUNABUSD","timestamp":"2022-03-18T21:48:22.997Z"}
{"assetPair":"LUNABUSD","data":{"price":"86.37000000","symbol":"LUNABUSD"},"level":"info","message":"Latest price","service":"api-1efbe35-binance-LUNABUSD","timestamp":"2022-03-18T22:03:23.181Z"}
{"assetPair":"LUNABUSD","data":{"price":"86.13000000","symbol":"LUNABUSD"},"level":"info","message":"Latest price","service":"api-1efbe35-binance-LUNABUSD","timestamp":"2022-03-18T22:18:23.458Z"}
{"assetPair":"LUNABUSD","data":{"price":"86.05000000","symbol":"LUNABUSD"},"level":"info","message":"Latest price","service":"api-1efbe35-binance-LUNABUSD","timestamp":"2022-03-18T22:33:23.711Z"}
{"assetPair":"LUNABUSD","data":{"price":"86.14000000","symbol":"LUNABUSD"},"level":"info","message":"Latest price","service":"api-1efbe35-binance-LUNABUSD","timestamp":"2022-03-18T22:48:23.947Z"}
{"assetPair":"LUNABUSD","data":{"price":"86.60000000","symbol":"LUNABUSD"},"level":"info","message":"Latest price","service":"api-1efbe35-binance-LUNABUSD","timestamp":"2022-03-18T23:03:24.304Z"}
{"assetPair":"LUNABUSD","data":{"price":"87.49000000","symbol":"LUNABUSD"},"level":"info","message":"Latest price","service":"api-1efbe35-binance-LUNABUSD","timestamp":"2022-03-18T23:18:24.490Z"}
{"assetPair":"LUNABUSD","data":{"price":"87.81000000","symbol":"LUNABUSD"},"level":"info","message":"Latest price","service":"api-1efbe35-binance-LUNABUSD","timestamp":"2022-03-18T23:33:24.655Z"}
{"assetPair":"LUNABUSD","data":{"price":"88.50000000","symbol":"LUNABUSD"},"level":"info","message":"Latest price","service":"api-1efbe35-binance-LUNABUSD","timestamp":"2022-03-18T23:48:24.865Z"}
{"assetPair":"LUNABUSD","data":{"price":"88.52000000","symbol":"LUNABUSD"},"level":"info","message":"Latest price","service":"api-1efbe35-binance-LUNABUSD","timestamp":"2022-03-19T00:03:25.152Z"}
{"assetPair":"LUNABUSD","data":{"price":"88.08000000","symbol":"LUNABUSD"},"level":"info","message":"Latest price","service":"api-1efbe35-binance-LUNABUSD","timestamp":"2022-03-19T00:18:25.353Z"}
