{"assetPair":"LUNABUSD","data":{"price":"95.74000000","symbol":"LUNABUSD"},"level":"info","message":"Latest price","service":"api-aa6c681-binance-LUNABUSD","timestamp":"2022-03-10T13:04:29.352Z"}
{"assetPair":"LUNABUSD","data":{"price":"95.15000000","symbol":"LUNABUSD"},"level":"info","message":"Latest price","service":"api-aa6c681-binance-LUNABUSD","timestamp":"2022-03-10T13:13:29.505Z"}
{"assetPair":"LUNABUSD","data":{"price":"95.08000000","symbol":"LUNABUSD"},"level":"info","message":"Latest price","service":"api-aa6c681-binance-LUNABUSD","timestamp":"2022-03-10T13:22:29.584Z"}
{"assetPair":"LUNABUSD","data":{"price":"96.86000000","symbol":"LUNABUSD"},"level":"info","message":"Latest price","service":"api-aa6c681-binance-LUNABUSD","timestamp":"2022-03-10T13:31:29.693Z"}
{"assetPair":"LUNABUSD","data":{"price":"95.59000000","symbol":"LUNABUSD"},"level":"info","message":"Latest price","service":"api-aa6c681-binance-LUNABUSD","timestamp":"2022-03-10T13:40:29.831Z"}
{"assetPair":"LUNABUSD","data":{"price":"93.90000000","symbol":"LUNABUSD"},"level":"info","message":"Latest price","service":"api-aa6c681-binance-LUNABUSD","timestamp":"2022-03-10T13:49:29.965Z"}
{"assetPair":"LUNABUSD","data":{"price":"95.06000000","symbol":"LUNABUSD"},"level":"info","message":"Latest price","service":"api-aa6c681-binance-LUNABUSD","timestamp":"2022-03-10T13:58:30.100Z"}
{"assetPair":"LUNABUSD","data":{"price":"95.58000000","symbol":"LUNABUSD"},"level":"info","message":"Latest price","service":"api-aa6c681-binance-LUNABUSD","timestamp":"2022-03-10T14:07:30.288Z"}
{"assetPair":"LUNABUSD","data":{"price":"95.98000000","symbol":"LUNABUSD"},"level":"info","message":"Latest price","service":"api-aa6c681-binance-LUNABUSD","timestamp":"2022-03-10T14:16:30.445Z"}
{"assetPair":"LUNABUSD","data":{"price":"95.78000000","symbol":"LUNABUSD"},"level":"info","message":"Latest price","service":"api-aa6c681-binance-LUNABUSD","timestamp":"2022-03-10T14:25:30.568Z"}
{"assetPair":"LUNABUSD","data":{"price":"96.26000000","symbol":"LUNABUSD"},"level":"info","message":"Latest price","service":"api-aa6c681-binance-LUNABUSD","timestamp":"2022-03-10T14:34:30.706Z"}
{"assetPair":"LUNABUSD","data":{"price":"97.49000000","symbol":"LUNABUSD"},"level":"info","message":"Latest price","service":"api-aa6c681-binance-LUNABUSD","timestamp":"2022-03-10T14:43:30.820Z"}
{"assetPair":"LUNABUSD","data":{"price":"97.15000000","symbol":"LUNABUSD"},"level":"info","message":"Latest price","service":"api-aa6c681-binance-LUNABUSD","timestamp":"2022-03-10T14:52:30.898Z"}
{"assetPair":"LUNABUSD","data":{"price":"98.62000000","symbol":"LUNABUSD"},"level":"info","message":"Latest price","service":"api-aa6c681-binance-LUNABUSD","timestamp":"2022-03-10T15:01:31.030Z"}
{"assetPair":"LUNABUSD","data":{"price":"100.98000000","symbol":"LUNABUSD"},"level":"info","message":"Latest price","service":"api-aa6c681-binance-LUNABUSD","timestamp":"2022-03-10T15:10:31.107Z"}
{"assetPair":"LUNABUSD","data":{"price":"102.65000000","symbol":"LUNABUSD"},"level":"info","message":"Latest price","service":"api-aa6c681-binance-LUNABUSD","timestamp":"2022-03-10T15:19:31.222Z"}
{"assetPair":"LUNABUSD","data":{"price":"101.35000000","symbol":"LUNABUSD"},"level":"info","message":"Latest price","service":"api-aa6c681-binance-LUNABUSD","timestamp":"2022-03-10T15:28:31.353Z"}
{"balance":{"asset":"LUNA","free":"0.24975000","locked":"0.00000000"},"level":"info","message":"Binance balance","service":"api-aa6c681-binance-LUNABUSD","timestamp":"2022-03-10T15:28:31.389Z"}
{"correctedPrice":"101.35","correctedQty":"0.24","forAsset":"BUSD","level":"info","message":"Initiating SELL","price":"101.35000000","quantity":"0.24975000","sellAsset":"LUNA","service":"api-aa6c681-binance-LUNABUSD","timestamp":"2022-03-10T15:28:31.390Z"}
{"data":{"clientOrderId":"RuXZbhciUmuCcH4lLsszKx","cummulativeQuoteQty":"24.32400000","executedQty":"0.24000000","fills":[{"commission":"0.02432400","commissionAsset":"BUSD","price":"101.35000000","qty":"0.24000000","tradeId":32649174}],"orderId":464305516,"orderListId":-1,"origQty":"0.24000000","price":"101.35000000","side":"SELL","status":"FILLED","symbol":"LUNABUSD","timeInForce":"GTC","transactTime":1646926111416,"type":"LIMIT"},"level":"info","message":"SELL success","service":"api-aa6c681-binance-LUNABUSD","timestamp":"2022-03-10T15:28:31.419Z"}
{"level":"info","message":"Checking order status","origClientOrderId":"RuXZbhciUmuCcH4lLsszKx","service":"api-aa6c681-binance-LUNABUSD","symbol":"LUNABUSD","timestamp":"2022-03-10T15:37:31.530Z"}
{"data":{"clientOrderId":"RuXZbhciUmuCcH4lLsszKx","cummulativeQuoteQty":"24.32400000","executedQty":"0.24000000","icebergQty":"0.00000000","isWorking":true,"orderId":464305516,"orderListId":-1,"origQty":"0.24000000","origQuoteOrderQty":"0.00000000","price":"101.35000000","side":"SELL","status":"FILLED","stopPrice":"0.00000000","symbol":"LUNABUSD","time":1646926111416,"timeInForce":"GTC","type":"LIMIT","updateTime":1646926111416},"level":"info","message":"Order status","service":"api-aa6c681-binance-LUNABUSD","timestamp":"2022-03-10T15:37:31.570Z"}
{"assetPair":"LUNABUSD","data":{"price":"100.95000000","symbol":"LUNABUSD"},"level":"info","message":"Latest price","service":"api-aa6c681-binance-LUNABUSD","timestamp":"2022-03-10T15:37:31.595Z"}
{"assetPair":"LUNABUSD","data":{"price":"101.13000000","symbol":"LUNABUSD"},"level":"info","message":"Latest price","service":"api-aa6c681-binance-LUNABUSD","timestamp":"2022-03-10T15:46:31.754Z"}
{"assetPair":"LUNABUSD","data":{"price":"102.11000000","symbol":"LUNABUSD"},"level":"info","message":"Latest price","service":"api-aa6c681-binance-LUNABUSD","timestamp":"2022-03-10T15:55:31.906Z"}
{"assetPair":"LUNABUSD","data":{"price":"104.01000000","symbol":"LUNABUSD"},"level":"info","message":"Latest price","service":"api-aa6c681-binance-LUNABUSD","timestamp":"2022-03-10T16:04:32.061Z"}
{"balance":{"asset":"BUSD","free":"57.48373294","locked":"0.00000000"},"level":"info","message":"Binance balance","service":"api-aa6c681-binance-LUNABUSD","timestamp":"2022-03-10T16:04:32.121Z"}
{"buyAsset":"LUNA","correctedPrice":"104.01","correctedQty":"0.23","level":"info","message":"Initiating BUY","price":"104.01","quantity":"0.23795788866455148543","service":"api-aa6c681-binance-LUNABUSD","timestamp":"2022-03-10T16:04:32.123Z","withAsset":"BUSD"}
{"data":{"clientOrderId":"3huAk43YNrdSmVO3Qz9IY6","cummulativeQuoteQty":"0.00000000","executedQty":"0.00000000","fills":[],"orderId":464457408,"orderListId":-1,"origQty":"0.23000000","price":"104.01000000","side":"BUY","status":"NEW","symbol":"LUNABUSD","timeInForce":"GTC","transactTime":1646928272161,"type":"LIMIT"},"level":"info","message":"BUY success","service":"api-aa6c681-binance-LUNABUSD","timestamp":"2022-03-10T16:04:32.172Z"}
{"level":"info","message":"Checking order status","origClientOrderId":"3huAk43YNrdSmVO3Qz9IY6","service":"api-aa6c681-binance-LUNABUSD","symbol":"LUNABUSD","timestamp":"2022-03-10T16:13:32.277Z"}
{"data":{"clientOrderId":"3huAk43YNrdSmVO3Qz9IY6","cummulativeQuoteQty":"23.92230000","executedQty":"0.23000000","icebergQty":"0.00000000","isWorking":true,"orderId":464457408,"orderListId":-1,"origQty":"0.23000000","origQuoteOrderQty":"0.00000000","price":"104.01000000","side":"BUY","status":"FILLED","stopPrice":"0.00000000","symbol":"LUNABUSD","time":1646928272161,"timeInForce":"GTC","type":"LIMIT","updateTime":1646928272166},"level":"info","message":"Order status","service":"api-aa6c681-binance-LUNABUSD","timestamp":"2022-03-10T16:13:32.335Z"}
{"assetPair":"LUNABUSD","data":{"price":"102.62000000","symbol":"LUNABUSD"},"level":"info","message":"Latest price","service":"api-aa6c681-binance-LUNABUSD","timestamp":"2022-03-10T16:13:32.387Z"}
{"assetPair":"LUNABUSD","data":{"price":"103.33000000","symbol":"LUNABUSD"},"level":"info","message":"Latest price","service":"api-aa6c681-binance-LUNABUSD","timestamp":"2022-03-10T16:22:32.516Z"}
{"assetPair":"LUNABUSD","data":{"price":"103.02000000","symbol":"LUNABUSD"},"level":"info","message":"Latest price","service":"api-aa6c681-binance-LUNABUSD","timestamp":"2022-03-10T16:31:32.645Z"}
{"assetPair":"LUNABUSD","data":{"price":"102.27000000","symbol":"LUNABUSD"},"level":"info","message":"Latest price","service":"api-aa6c681-binance-LUNABUSD","timestamp":"2022-03-10T16:40:32.774Z"}
{"assetPair":"LUNABUSD","data":{"price":"99.76000000","symbol":"LUNABUSD"},"level":"info","message":"Latest price","service":"api-aa6c681-binance-LUNABUSD","timestamp":"2022-03-10T16:49:32.906Z"}
{"assetPair":"LUNABUSD","data":{"price":"102.32000000","symbol":"LUNABUSD"},"level":"info","message":"Latest price","service":"api-aa6c681-binance-LUNABUSD","timestamp":"2022-03-10T16:58:32.997Z"}
{"assetPair":"LUNABUSD","data":{"price":"101.31000000","symbol":"LUNABUSD"},"level":"info","message":"Latest price","service":"api-aa6c681-binance-LUNABUSD","timestamp":"2022-03-10T17:07:33.122Z"}
{"assetPair":"LUNABUSD","data":{"price":"101.20000000","symbol":"LUNABUSD"},"level":"info","message":"Latest price","service":"api-aa6c681-binance-LUNABUSD","timestamp":"2022-03-10T17:16:33.246Z"}
{"assetPair":"LUNABUSD","data":{"price":"101.83000000","symbol":"LUNABUSD"},"level":"info","message":"Latest price","service":"api-aa6c681-binance-LUNABUSD","timestamp":"2022-03-10T17:25:33.324Z"}
{"assetPair":"LUNABUSD","data":{"price":"102.16000000","symbol":"LUNABUSD"},"level":"info","message":"Latest price","service":"api-aa6c681-binance-LUNABUSD","timestamp":"2022-03-10T17:34:33.365Z"}
{"assetPair":"LUNABUSD","data":{"price":"101.68000000","symbol":"LUNABUSD"},"level":"info","message":"Latest price","service":"api-aa6c681-binance-LUNABUSD","timestamp":"2022-03-10T17:43:33.457Z"}
{"assetPair":"LUNABUSD","data":{"price":"101.15000000","symbol":"LUNABUSD"},"level":"info","message":"Latest price","service":"api-aa6c681-binance-LUNABUSD","timestamp":"2022-03-10T17:52:33.577Z"}
{"assetPair":"LUNABUSD","data":{"price":"100.61000000","symbol":"LUNABUSD"},"level":"info","message":"Latest price","service":"api-aa6c681-binance-LUNABUSD","timestamp":"2022-03-10T18:01:33.698Z"}
{"assetPair":"LUNABUSD","data":{"price":"99.92000000","symbol":"LUNABUSD"},"level":"info","message":"Latest price","service":"api-aa6c681-binance-LUNABUSD","timestamp":"2022-03-10T18:10:33.831Z"}
{"assetPair":"LUNABUSD","data":{"price":"98.98000000","symbol":"LUNABUSD"},"level":"info","message":"Latest price","service":"api-aa6c681-binance-LUNABUSD","timestamp":"2022-03-10T18:19:33.890Z"}
{"assetPair":"LUNABUSD","data":{"price":"98.05000000","symbol":"LUNABUSD"},"level":"info","message":"Latest price","service":"api-aa6c681-binance-LUNABUSD","timestamp":"2022-03-10T18:28:33.953Z"}
{"assetPair":"LUNABUSD","data":{"price":"98.27000000","symbol":"LUNABUSD"},"level":"info","message":"Latest price","service":"api-aa6c681-binance-LUNABUSD","timestamp":"2022-03-10T18:37:34.081Z"}
{"assetPair":"LUNABUSD","data":{"price":"98.98000000","symbol":"LUNABUSD"},"level":"info","message":"Latest price","service":"api-aa6c681-binance-LUNABUSD","timestamp":"2022-03-10T18:46:34.149Z"}
{"assetPair":"LUNABUSD","data":{"price":"99.08000000","symbol":"LUNABUSD"},"level":"info","message":"Latest price","service":"api-aa6c681-binance-LUNABUSD","timestamp":"2022-03-10T18:55:34.179Z"}
{"assetPair":"LUNABUSD","data":{"price":"99.00000000","symbol":"LUNABUSD"},"level":"info","message":"Latest price","service":"api-aa6c681-binance-LUNABUSD","timestamp":"2022-03-10T19:04:34.321Z"}
{"assetPair":"LUNABUSD","data":{"price":"98.90000000","symbol":"LUNABUSD"},"level":"info","message":"Latest price","service":"api-aa6c681-binance-LUNABUSD","timestamp":"2022-03-10T19:13:34.445Z"}
{"assetPair":"LUNABUSD","data":{"price":"99.35000000","symbol":"LUNABUSD"},"level":"info","message":"Latest price","service":"api-aa6c681-binance-LUNABUSD","timestamp":"2022-03-10T19:22:34.579Z"}
{"assetPair":"LUNABUSD","data":{"price":"99.04000000","symbol":"LUNABUSD"},"level":"info","message":"Latest price","service":"api-aa6c681-binance-LUNABUSD","timestamp":"2022-03-10T19:31:34.661Z"}
{"assetPair":"LUNABUSD","data":{"price":"99.14000000","symbol":"LUNABUSD"},"level":"info","message":"Latest price","service":"api-aa6c681-binance-LUNABUSD","timestamp":"2022-03-10T19:40:34.786Z"}
{"assetPair":"LUNABUSD","data":{"price":"100.33000000","symbol":"LUNABUSD"},"level":"info","message":"Latest price","service":"api-aa6c681-binance-LUNABUSD","timestamp":"2022-03-10T19:49:34.919Z"}
{"assetPair":"LUNABUSD","data":{"price":"101.17000000","symbol":"LUNABUSD"},"level":"info","message":"Latest price","service":"api-aa6c681-binance-LUNABUSD","timestamp":"2022-03-10T19:58:35.020Z"}
{"assetPair":"LUNABUSD","data":{"price":"100.37000000","symbol":"LUNABUSD"},"level":"info","message":"Latest price","service":"api-aa6c681-binance-LUNABUSD","timestamp":"2022-03-10T20:07:35.091Z"}
{"assetPair":"LUNABUSD","data":{"price":"100.72000000","symbol":"LUNABUSD"},"level":"info","message":"Latest price","service":"api-aa6c681-binance-LUNABUSD","timestamp":"2022-03-10T20:16:35.229Z"}
{"assetPair":"LUNABUSD","data":{"price":"100.68000000","symbol":"LUNABUSD"},"level":"info","message":"Latest price","service":"api-aa6c681-binance-LUNABUSD","timestamp":"2022-03-10T20:25:35.276Z"}
{"assetPair":"LUNABUSD","data":{"price":"100.22000000","symbol":"LUNABUSD"},"level":"info","message":"Latest price","service":"api-aa6c681-binance-LUNABUSD","timestamp":"2022-03-10T20:34:35.394Z"}
{"assetPair":"LUNABUSD","data":{"price":"100.19000000","symbol":"LUNABUSD"},"level":"info","message":"Latest price","service":"api-aa6c681-binance-LUNABUSD","timestamp":"2022-03-10T20:43:35.522Z"}
{"assetPair":"LUNABUSD","data":{"price":"100.97000000","symbol":"LUNABUSD"},"level":"info","message":"Latest price","service":"api-aa6c681-binance-LUNABUSD","timestamp":"2022-03-10T20:52:35.555Z"}
{"assetPair":"LUNABUSD","data":{"price":"101.21000000","symbol":"LUNABUSD"},"level":"info","message":"Latest price","service":"api-aa6c681-binance-LUNABUSD","timestamp":"2022-03-10T21:01:35.683Z"}
{"assetPair":"LUNABUSD","data":{"price":"101.22000000","symbol":"LUNABUSD"},"level":"info","message":"Latest price","service":"api-aa6c681-binance-LUNABUSD","timestamp":"2022-03-10T21:10:35.744Z"}
{"assetPair":"LUNABUSD","data":{"price":"100.94000000","symbol":"LUNABUSD"},"level":"info","message":"Latest price","service":"api-aa6c681-binance-LUNABUSD","timestamp":"2022-03-10T21:19:35.912Z"}
{"assetPair":"LUNABUSD","data":{"price":"100.58000000","symbol":"LUNABUSD"},"level":"info","message":"Latest price","service":"api-aa6c681-binance-LUNABUSD","timestamp":"2022-03-10T21:28:36.079Z"}
{"assetPair":"LUNABUSD","data":{"price":"101.19000000","symbol":"LUNABUSD"},"level":"info","message":"Latest price","service":"api-aa6c681-binance-LUNABUSD","timestamp":"2022-03-10T21:37:36.178Z"}
{"assetPair":"LUNABUSD","data":{"price":"100.38000000","symbol":"LUNABUSD"},"level":"info","message":"Latest price","service":"api-aa6c681-binance-LUNABUSD","timestamp":"2022-03-10T21:46:36.299Z"}
{"assetPair":"LUNABUSD","data":{"price":"100.16000000","symbol":"LUNABUSD"},"level":"info","message":"Latest price","service":"api-aa6c681-binance-LUNABUSD","timestamp":"2022-03-10T21:55:36.433Z"}
{"assetPair":"LUNABUSD","data":{"price":"98.91000000","symbol":"LUNABUSD"},"level":"info","message":"Latest price","service":"api-aa6c681-binance-LUNABUSD","timestamp":"2022-03-10T22:04:36.536Z"}
{"assetPair":"LUNABUSD","data":{"price":"99.66000000","symbol":"LUNABUSD"},"level":"info","message":"Latest price","service":"api-aa6c681-binance-LUNABUSD","timestamp":"2022-03-10T22:13:36.651Z"}
{"assetPair":"LUNABUSD","data":{"price":"99.52000000","symbol":"LUNABUSD"},"level":"info","message":"Latest price","service":"api-aa6c681-binance-LUNABUSD","timestamp":"2022-03-10T22:22:36.814Z"}
{"assetPair":"LUNABUSD","data":{"price":"99.23000000","symbol":"LUNABUSD"},"level":"info","message":"Latest price","service":"api-aa6c681-binance-LUNABUSD","timestamp":"2022-03-10T22:31:36.975Z"}
{"assetPair":"LUNABUSD","data":{"price":"99.65000000","symbol":"LUNABUSD"},"level":"info","message":"Latest price","service":"api-aa6c681-binance-LUNABUSD","timestamp":"2022-03-10T22:40:37.083Z"}
{"assetPair":"LUNABUSD","data":{"price":"100.20000000","symbol":"LUNABUSD"},"level":"info","message":"Latest price","service":"api-aa6c681-binance-LUNABUSD","timestamp":"2022-03-10T22:49:37.216Z"}
{"assetPair":"LUNABUSD","data":{"price":"100.46000000","symbol":"LUNABUSD"},"level":"info","message":"Latest price","service":"api-aa6c681-binance-LUNABUSD","timestamp":"2022-03-10T22:58:37.386Z"}
{"assetPair":"LUNABUSD","data":{"price":"100.38000000","symbol":"LUNABUSD"},"level":"info","message":"Latest price","service":"api-aa6c681-binance-LUNABUSD","timestamp":"2022-03-10T23:07:37.455Z"}
{"assetPair":"LUNABUSD","data":{"price":"100.21000000","symbol":"LUNABUSD"},"level":"info","message":"Latest price","service":"api-aa6c681-binance-LUNABUSD","timestamp":"2022-03-10T23:16:37.586Z"}
{"assetPair":"LUNABUSD","data":{"price":"99.68000000","symbol":"LUNABUSD"},"level":"info","message":"Latest price","service":"api-aa6c681-binance-LUNABUSD","timestamp":"2022-03-10T23:25:37.738Z"}
{"assetPair":"LUNABUSD","data":{"price":"100.62000000","symbol":"LUNABUSD"},"level":"info","message":"Latest price","service":"api-aa6c681-binance-LUNABUSD","timestamp":"2022-03-10T23:34:37.864Z"}
{"assetPair":"LUNABUSD","data":{"price":"99.82000000","symbol":"LUNABUSD"},"level":"info","message":"Latest price","service":"api-aa6c681-binance-LUNABUSD","timestamp":"2022-03-10T23:43:38.019Z"}
{"assetPair":"LUNABUSD","data":{"price":"101.77000000","symbol":"LUNABUSD"},"level":"info","message":"Latest price","service":"api-aa6c681-binance-LUNABUSD","timestamp":"2022-03-10T23:52:38.151Z"}
{"assetPair":"LUNABUSD","data":{"price":"100.86000000","symbol":"LUNABUSD"},"level":"info","message":"Latest price","service":"api-aa6c681-binance-LUNABUSD","timestamp":"2022-03-11T00:01:38.247Z"}
{"assetPair":"LUNABUSD","data":{"price":"100.56000000","symbol":"LUNABUSD"},"level":"info","message":"Latest price","service":"api-aa6c681-binance-LUNABUSD","timestamp":"2022-03-11T00:10:38.376Z"}
{"assetPair":"LUNABUSD","data":{"price":"100.34000000","symbol":"LUNABUSD"},"level":"info","message":"Latest price","service":"api-aa6c681-binance-LUNABUSD","timestamp":"2022-03-11T00:19:38.558Z"}
{"assetPair":"LUNABUSD","data":{"price":"100.25000000","symbol":"LUNABUSD"},"level":"info","message":"Latest price","service":"api-aa6c681-binance-LUNABUSD","timestamp":"2022-03-11T00:28:38.714Z"}
{"assetPair":"LUNABUSD","data":{"price":"100.21000000","symbol":"LUNABUSD"},"level":"info","message":"Latest price","service":"api-aa6c681-binance-LUNABUSD","timestamp":"2022-03-11T00:37:38.795Z"}
{"assetPair":"LUNABUSD","data":{"price":"100.37000000","symbol":"LUNABUSD"},"level":"info","message":"Latest price","service":"api-aa6c681-binance-LUNABUSD","timestamp":"2022-03-11T00:46:38.922Z"}
{"assetPair":"LUNABUSD","data":{"price":"100.20000000","symbol":"LUNABUSD"},"level":"info","message":"Latest price","service":"api-aa6c681-binance-LUNABUSD","timestamp":"2022-03-11T00:55:39.052Z"}
{"assetPair":"LUNABUSD","data":{"price":"99.29000000","symbol":"LUNABUSD"},"level":"info","message":"Latest price","service":"api-aa6c681-binance-LUNABUSD","timestamp":"2022-03-11T01:04:39.175Z"}
{"assetPair":"LUNABUSD","data":{"price":"99.65000000","symbol":"LUNABUSD"},"level":"info","message":"Latest price","service":"api-aa6c681-binance-LUNABUSD","timestamp":"2022-03-11T01:13:39.315Z"}
{"assetPair":"LUNABUSD","data":{"price":"99.76000000","symbol":"LUNABUSD"},"level":"info","message":"Latest price","service":"api-aa6c681-binance-LUNABUSD","timestamp":"2022-03-11T01:22:39.468Z"}
{"assetPair":"LUNABUSD","data":{"price":"98.20000000","symbol":"LUNABUSD"},"level":"info","message":"Latest price","service":"api-aa6c681-binance-LUNABUSD","timestamp":"2022-03-11T01:31:39.588Z"}
{"balance":{"asset":"LUNA","free":"0.23975000","locked":"0.00000000"},"level":"info","message":"Binance balance","service":"api-aa6c681-binance-LUNABUSD","timestamp":"2022-03-11T01:31:39.619Z"}
{"correctedPrice":"98.20","correctedQty":"0.23","forAsset":"BUSD","level":"info","message":"Initiating SELL","price":"98.20000000","quantity":"0.23975000","sellAsset":"LUNA","service":"api-aa6c681-binance-LUNABUSD","timestamp":"2022-03-11T01:31:39.620Z"}
{"data":{"clientOrderId":"g5C76OXcLj1wLLy7iIu6Sp","cummulativeQuoteQty":"22.58600000","executedQty":"0.23000000","fills":[{"commission":"0.02258600","commissionAsset":"BUSD","price":"98.20000000","qty":"0.23000000","tradeId":32817651}],"orderId":465825437,"orderListId":-1,"origQty":"0.23000000","price":"98.20000000","side":"SELL","status":"FILLED","symbol":"LUNABUSD","timeInForce":"GTC","transactTime":1646962299653,"type":"LIMIT"},"level":"info","message":"SELL success","service":"api-aa6c681-binance-LUNABUSD","timestamp":"2022-03-11T01:31:39.657Z"}
{"assetPair":"AUDBUSD","data":{"price":"0.73260000","symbol":"AUDBUSD"},"level":"info","message":"Latest price","service":"api-aa6c681-binance-LUNABUSD","timestamp":"2022-03-11T01:31:39.690Z"}
{"level":"info","message":"Checking order status","origClientOrderId":"g5C76OXcLj1wLLy7iIu6Sp","service":"api-aa6c681-binance-LUNABUSD","symbol":"LUNABUSD","timestamp":"2022-03-11T01:40:39.798Z"}
{"data":{"clientOrderId":"g5C76OXcLj1wLLy7iIu6Sp","cummulativeQuoteQty":"22.58600000","executedQty":"0.23000000","icebergQty":"0.00000000","isWorking":true,"orderId":465825437,"orderListId":-1,"origQty":"0.23000000","origQuoteOrderQty":"0.00000000","price":"98.20000000","side":"SELL","status":"FILLED","stopPrice":"0.00000000","symbol":"LUNABUSD","time":1646962299653,"timeInForce":"GTC","type":"LIMIT","updateTime":1646962299653},"level":"info","message":"Order status","service":"api-aa6c681-binance-LUNABUSD","timestamp":"2022-03-11T01:40:39.835Z"}
{"assetPair":"LUNABUSD","data":{"price":"99.50000000","symbol":"LUNABUSD"},"level":"info","message":"Latest price","service":"api-aa6c681-binance-LUNABUSD","timestamp":"2022-03-11T01:40:39.863Z"}
{"assetPair":"LUNABUSD","data":{"price":"99.33000000","symbol":"LUNABUSD"},"level":"info","message":"Latest price","service":"api-aa6c681-binance-LUNABUSD","timestamp":"2022-03-11T01:49:39.908Z"}
{"assetPair":"LUNABUSD","data":{"price":"98.90000000","symbol":"LUNABUSD"},"level":"info","message":"Latest price","service":"api-aa6c681-binance-LUNABUSD","timestamp":"2022-03-11T01:58:40.054Z"}
{"assetPair":"LUNABUSD","data":{"price":"99.21000000","symbol":"LUNABUSD"},"level":"info","message":"Latest price","service":"api-aa6c681-binance-LUNABUSD","timestamp":"2022-03-11T02:07:40.194Z"}
{"assetPair":"LUNABUSD","data":{"price":"98.51000000","symbol":"LUNABUSD"},"level":"info","message":"Latest price","service":"api-aa6c681-binance-LUNABUSD","timestamp":"2022-03-11T02:16:40.274Z"}
{"assetPair":"LUNABUSD","data":{"price":"98.52000000","symbol":"LUNABUSD"},"level":"info","message":"Latest price","service":"api-aa6c681-binance-LUNABUSD","timestamp":"2022-03-11T02:25:40.405Z"}
{"assetPair":"LUNABUSD","data":{"price":"96.93000000","symbol":"LUNABUSD"},"level":"info","message":"Latest price","service":"api-aa6c681-binance-LUNABUSD","timestamp":"2022-03-11T02:34:40.536Z"}
{"assetPair":"LUNABUSD","data":{"price":"96.40000000","symbol":"LUNABUSD"},"level":"info","message":"Latest price","service":"api-aa6c681-binance-LUNABUSD","timestamp":"2022-03-11T02:43:40.672Z"}
{"assetPair":"LUNABUSD","data":{"price":"95.65000000","symbol":"LUNABUSD"},"level":"info","message":"Latest price","service":"api-aa6c681-binance-LUNABUSD","timestamp":"2022-03-11T02:52:40.799Z"}
{"assetPair":"LUNABUSD","data":{"price":"95.98000000","symbol":"LUNABUSD"},"level":"info","message":"Latest price","service":"api-aa6c681-binance-LUNABUSD","timestamp":"2022-03-11T03:01:40.944Z"}
{"assetPair":"LUNABUSD","data":{"price":"96.23000000","symbol":"LUNABUSD"},"level":"info","message":"Latest price","service":"api-aa6c681-binance-LUNABUSD","timestamp":"2022-03-11T03:10:41.051Z"}
{"assetPair":"LUNABUSD","data":{"price":"97.01000000","symbol":"LUNABUSD"},"level":"info","message":"Latest price","service":"api-aa6c681-binance-LUNABUSD","timestamp":"2022-03-11T03:19:41.165Z"}
{"assetPair":"LUNABUSD","data":{"price":"97.08000000","symbol":"LUNABUSD"},"level":"info","message":"Latest price","service":"api-aa6c681-binance-LUNABUSD","timestamp":"2022-03-11T03:28:41.229Z"}
{"assetPair":"LUNABUSD","data":{"price":"97.37000000","symbol":"LUNABUSD"},"level":"info","message":"Latest price","service":"api-aa6c681-binance-LUNABUSD","timestamp":"2022-03-11T03:37:41.287Z"}
{"assetPair":"LUNABUSD","data":{"price":"96.84000000","symbol":"LUNABUSD"},"level":"info","message":"Latest price","service":"api-aa6c681-binance-LUNABUSD","timestamp":"2022-03-11T03:46:41.408Z"}
{"assetPair":"LUNABUSD","data":{"price":"97.50000000","symbol":"LUNABUSD"},"level":"info","message":"Latest price","service":"api-aa6c681-binance-LUNABUSD","timestamp":"2022-03-11T03:55:41.534Z"}
{"assetPair":"LUNABUSD","data":{"price":"96.91000000","symbol":"LUNABUSD"},"level":"info","message":"Latest price","service":"api-aa6c681-binance-LUNABUSD","timestamp":"2022-03-11T04:04:41.592Z"}
{"assetPair":"LUNABUSD","data":{"price":"97.02000000","symbol":"LUNABUSD"},"level":"info","message":"Latest price","service":"api-aa6c681-binance-LUNABUSD","timestamp":"2022-03-11T04:13:41.697Z"}
{"assetPair":"LUNABUSD","data":{"price":"95.81000000","symbol":"LUNABUSD"},"level":"info","message":"Latest price","service":"api-aa6c681-binance-LUNABUSD","timestamp":"2022-03-11T04:22:41.782Z"}
{"assetPair":"LUNABUSD","data":{"price":"96.07000000","symbol":"LUNABUSD"},"level":"info","message":"Latest price","service":"api-aa6c681-binance-LUNABUSD","timestamp":"2022-03-11T04:31:41.955Z"}
{"assetPair":"LUNABUSD","data":{"price":"95.38000000","symbol":"LUNABUSD"},"level":"info","message":"Latest price","service":"api-aa6c681-binance-LUNABUSD","timestamp":"2022-03-11T04:40:42.091Z"}
{"assetPair":"LUNABUSD","data":{"price":"94.70000000","symbol":"LUNABUSD"},"level":"info","message":"Latest price","service":"api-aa6c681-binance-LUNABUSD","timestamp":"2022-03-11T04:49:42.202Z"}
{"assetPair":"LUNABUSD","data":{"price":"95.73000000","symbol":"LUNABUSD"},"level":"info","message":"Latest price","service":"api-aa6c681-binance-LUNABUSD","timestamp":"2022-03-11T04:58:42.329Z"}
{"assetPair":"LUNABUSD","data":{"price":"95.57000000","symbol":"LUNABUSD"},"level":"info","message":"Latest price","service":"api-aa6c681-binance-LUNABUSD","timestamp":"2022-03-11T05:07:42.465Z"}
{"assetPair":"LUNABUSD","data":{"price":"95.73000000","symbol":"LUNABUSD"},"level":"info","message":"Latest price","service":"api-aa6c681-binance-LUNABUSD","timestamp":"2022-03-11T05:16:42.594Z"}
{"assetPair":"LUNABUSD","data":{"price":"95.38000000","symbol":"LUNABUSD"},"level":"info","message":"Latest price","service":"api-aa6c681-binance-LUNABUSD","timestamp":"2022-03-11T05:25:42.674Z"}
{"assetPair":"LUNABUSD","data":{"price":"95.56000000","symbol":"LUNABUSD"},"level":"info","message":"Latest price","service":"api-aa6c681-binance-LUNABUSD","timestamp":"2022-03-11T05:34:42.798Z"}
{"assetPair":"LUNABUSD","data":{"price":"95.96000000","symbol":"LUNABUSD"},"level":"info","message":"Latest price","service":"api-aa6c681-binance-LUNABUSD","timestamp":"2022-03-11T05:43:42.932Z"}
{"balance":{"asset":"BUSD","free":"31.98534694","locked":"0.00000000"},"level":"info","message":"Binance balance","service":"api-aa6c681-binance-LUNABUSD","timestamp":"2022-03-11T05:43:42.961Z"}
{"buyAsset":"LUNA","correctedPrice":"95.96","correctedQty":"0.25","level":"info","message":"Initiating BUY","price":"95.96","quantity":"0.25791996665277198833","service":"api-aa6c681-binance-LUNABUSD","timestamp":"2022-03-11T05:43:42.962Z","withAsset":"BUSD"}
{"data":{"clientOrderId":"NfZs56vW9TxgTr6KmSAOIa","cummulativeQuoteQty":"23.98750000","executedQty":"0.25000000","fills":[{"commission":"0.00025000","commissionAsset":"LUNA","price":"95.95000000","qty":"0.25000000","tradeId":32864076}],"orderId":466454136,"orderListId":-1,"origQty":"0.25000000","price":"95.96000000","side":"BUY","status":"FILLED","symbol":"LUNABUSD","timeInForce":"GTC","transactTime":1646977422986,"type":"LIMIT"},"level":"info","message":"BUY success","service":"api-aa6c681-binance-LUNABUSD","timestamp":"2022-03-11T05:43:42.992Z"}
{"level":"info","message":"Checking order status","origClientOrderId":"NfZs56vW9TxgTr6KmSAOIa","service":"api-aa6c681-binance-LUNABUSD","symbol":"LUNABUSD","timestamp":"2022-03-11T05:52:43.060Z"}
{"data":{"clientOrderId":"NfZs56vW9TxgTr6KmSAOIa","cummulativeQuoteQty":"23.98750000","executedQty":"0.25000000","icebergQty":"0.00000000","isWorking":true,"orderId":466454136,"orderListId":-1,"origQty":"0.25000000","origQuoteOrderQty":"0.00000000","price":"95.96000000","side":"BUY","status":"FILLED","stopPrice":"0.00000000","symbol":"LUNABUSD","time":1646977422986,"timeInForce":"GTC","type":"LIMIT","updateTime":1646977422986},"level":"info","message":"Order status","service":"api-aa6c681-binance-LUNABUSD","timestamp":"2022-03-11T05:52:43.098Z"}
{"assetPair":"LUNABUSD","data":{"price":"96.06000000","symbol":"LUNABUSD"},"level":"info","message":"Latest price","service":"api-aa6c681-binance-LUNABUSD","timestamp":"2022-03-11T05:52:43.121Z"}
{"assetPair":"LUNABUSD","data":{"price":"96.37000000","symbol":"LUNABUSD"},"level":"info","message":"Latest price","service":"api-aa6c681-binance-LUNABUSD","timestamp":"2022-03-11T06:01:43.179Z"}
{"assetPair":"LUNABUSD","data":{"price":"95.61000000","symbol":"LUNABUSD"},"level":"info","message":"Latest price","service":"api-aa6c681-binance-LUNABUSD","timestamp":"2022-03-11T06:10:43.317Z"}
{"assetPair":"LUNABUSD","data":{"price":"95.73000000","symbol":"LUNABUSD"},"level":"info","message":"Latest price","service":"api-aa6c681-binance-LUNABUSD","timestamp":"2022-03-11T06:19:43.462Z"}
{"assetPair":"LUNABUSD","data":{"price":"95.81000000","symbol":"LUNABUSD"},"level":"info","message":"Latest price","service":"api-aa6c681-binance-LUNABUSD","timestamp":"2022-03-11T06:28:43.492Z"}
{"assetPair":"LUNABUSD","data":{"price":"96.23000000","symbol":"LUNABUSD"},"level":"info","message":"Latest price","service":"api-aa6c681-binance-LUNABUSD","timestamp":"2022-03-11T06:37:43.626Z"}
{"assetPair":"LUNABUSD","data":{"price":"96.44000000","symbol":"LUNABUSD"},"level":"info","message":"Latest price","service":"api-aa6c681-binance-LUNABUSD","timestamp":"2022-03-11T06:46:43.771Z"}
{"assetPair":"LUNABUSD","data":{"price":"96.75000000","symbol":"LUNABUSD"},"level":"info","message":"Latest price","service":"api-aa6c681-binance-LUNABUSD","timestamp":"2022-03-11T06:55:43.901Z"}
{"assetPair":"LUNABUSD","data":{"price":"98.90000000","symbol":"LUNABUSD"},"level":"info","message":"Latest price","service":"api-aa6c681-binance-LUNABUSD","timestamp":"2022-03-11T07:04:43.986Z"}
{"assetPair":"LUNABUSD","data":{"price":"98.35000000","symbol":"LUNABUSD"},"level":"info","message":"Latest price","service":"api-aa6c681-binance-LUNABUSD","timestamp":"2022-03-11T07:13:44.159Z"}
{"balance":{"asset":"LUNA","free":"0.25950000","locked":"0.00000000"},"level":"info","message":"Binance balance","service":"api-aa6c681-binance-LUNABUSD","timestamp":"2022-03-11T07:13:44.190Z"}
{"correctedPrice":"98.35","correctedQty":"0.25","forAsset":"BUSD","level":"info","message":"Initiating SELL","price":"98.35000000","quantity":"0.25950000","sellAsset":"LUNA","service":"api-aa6c681-binance-LUNABUSD","timestamp":"2022-03-11T07:13:44.190Z"}
{"data":{"clientOrderId":"2RwPA5MWF7WGoIpXlp4kHR","cummulativeQuoteQty":"0.00000000","executedQty":"0.00000000","fills":[],"orderId":466683755,"orderListId":-1,"origQty":"0.25000000","price":"98.35000000","side":"SELL","status":"NEW","symbol":"LUNABUSD","timeInForce":"GTC","transactTime":1646982824216,"type":"LIMIT"},"level":"info","message":"SELL success","service":"api-aa6c681-binance-LUNABUSD","timestamp":"2022-03-11T07:13:44.221Z"}
{"level":"info","message":"Checking order status","origClientOrderId":"2RwPA5MWF7WGoIpXlp4kHR","service":"api-aa6c681-binance-LUNABUSD","symbol":"LUNABUSD","timestamp":"2022-03-11T07:22:44.283Z"}
{"data":{"clientOrderId":"2RwPA5MWF7WGoIpXlp4kHR","cummulativeQuoteQty":"24.58750000","executedQty":"0.25000000","icebergQty":"0.00000000","isWorking":true,"orderId":466683755,"orderListId":-1,"origQty":"0.25000000","origQuoteOrderQty":"0.00000000","price":"98.35000000","side":"SELL","status":"FILLED","stopPrice":"0.00000000","symbol":"LUNABUSD","time":1646982824216,"timeInForce":"GTC","type":"LIMIT","updateTime":1646982831888},"level":"info","message":"Order status","service":"api-aa6c681-binance-LUNABUSD","timestamp":"2022-03-11T07:22:44.316Z"}
{"assetPair":"LUNABUSD","data":{"price":"98.01000000","symbol":"LUNABUSD"},"level":"info","message":"Latest price","service":"api-aa6c681-binance-LUNABUSD","timestamp":"2022-03-11T07:22:44.339Z"}
{"assetPair":"LUNABUSD","data":{"price":"98.82000000","symbol":"LUNABUSD"},"level":"info","message":"Latest price","service":"api-aa6c681-binance-LUNABUSD","timestamp":"2022-03-11T07:31:44.401Z"}
{"assetPair":"LUNABUSD","data":{"price":"99.09000000","symbol":"LUNABUSD"},"level":"info","message":"Latest price","service":"api-aa6c681-binance-LUNABUSD","timestamp":"2022-03-11T07:40:44.572Z"}
{"assetPair":"LUNABUSD","data":{"price":"99.42000000","symbol":"LUNABUSD"},"level":"info","message":"Latest price","service":"api-aa6c681-binance-LUNABUSD","timestamp":"2022-03-11T07:49:44.648Z"}
{"assetPair":"LUNABUSD","data":{"price":"98.83000000","symbol":"LUNABUSD"},"level":"info","message":"Latest price","service":"api-aa6c681-binance-LUNABUSD","timestamp":"2022-03-11T07:58:44.773Z"}
{"assetPair":"LUNABUSD","data":{"price":"98.83000000","symbol":"LUNABUSD"},"level":"info","message":"Latest price","service":"api-aa6c681-binance-LUNABUSD","timestamp":"2022-03-11T08:07:44.906Z"}
{"assetPair":"LUNABUSD","data":{"price":"99.16000000","symbol":"LUNABUSD"},"level":"info","message":"Latest price","service":"api-aa6c681-binance-LUNABUSD","timestamp":"2022-03-11T08:16:45.044Z"}
{"assetPair":"LUNABUSD","data":{"price":"98.33000000","symbol":"LUNABUSD"},"level":"info","message":"Latest price","service":"api-aa6c681-binance-LUNABUSD","timestamp":"2022-03-11T08:25:45.165Z"}
{"assetPair":"LUNABUSD","data":{"price":"97.50000000","symbol":"LUNABUSD"},"level":"info","message":"Latest price","service":"api-aa6c681-binance-LUNABUSD","timestamp":"2022-03-11T08:34:45.297Z"}
{"assetPair":"LUNABUSD","data":{"price":"98.43000000","symbol":"LUNABUSD"},"level":"info","message":"Latest price","service":"api-aa6c681-binance-LUNABUSD","timestamp":"2022-03-11T08:43:45.433Z"}
{"assetPair":"LUNABUSD","data":{"price":"98.17000000","symbol":"LUNABUSD"},"level":"info","message":"Latest price","service":"api-aa6c681-binance-LUNABUSD","timestamp":"2022-03-11T08:52:45.483Z"}
{"assetPair":"LUNABUSD","data":{"price":"97.97000000","symbol":"LUNABUSD"},"level":"info","message":"Latest price","service":"api-aa6c681-binance-LUNABUSD","timestamp":"2022-03-11T09:01:45.590Z"}
{"assetPair":"LUNABUSD","data":{"price":"98.12000000","symbol":"LUNABUSD"},"level":"info","message":"Latest price","service":"api-aa6c681-binance-LUNABUSD","timestamp":"2022-03-11T09:10:45.678Z"}
{"assetPair":"LUNABUSD","data":{"price":"98.17000000","symbol":"LUNABUSD"},"level":"info","message":"Latest price","service":"api-aa6c681-binance-LUNABUSD","timestamp":"2022-03-11T09:19:45.884Z"}
{"assetPair":"LUNABUSD","data":{"price":"98.55000000","symbol":"LUNABUSD"},"level":"info","message":"Latest price","service":"api-aa6c681-binance-LUNABUSD","timestamp":"2022-03-11T09:28:46.015Z"}
{"balance":{"asset":"BUSD","free":"33.09504694","locked":"0.00000000"},"level":"info","message":"Binance balance","service":"api-aa6c681-binance-LUNABUSD","timestamp":"2022-03-11T09:28:46.051Z"}
{"buyAsset":"LUNA","correctedPrice":"98.55","correctedQty":"0.25","level":"info","message":"Initiating BUY","price":"98.55","quantity":"0.25114155251141552511","service":"api-aa6c681-binance-LUNABUSD","timestamp":"2022-03-11T09:28:46.065Z","withAsset":"BUSD"}
{"data":{"clientOrderId":"ZQ7sjmdBmjWHW6sUSdEacJ","cummulativeQuoteQty":"24.63750000","executedQty":"0.25000000","fills":[{"commission":"0.00025000","commissionAsset":"LUNA","price":"98.55000000","qty":"0.25000000","tradeId":32904655}],"orderId":466978789,"orderListId":-1,"origQty":"0.25000000","price":"98.55000000","side":"BUY","status":"FILLED","symbol":"LUNABUSD","timeInForce":"GTC","transactTime":1646990926089,"type":"LIMIT"},"level":"info","message":"BUY success","service":"api-aa6c681-binance-LUNABUSD","timestamp":"2022-03-11T09:28:46.094Z"}
{"level":"info","message":"Checking order status","origClientOrderId":"ZQ7sjmdBmjWHW6sUSdEacJ","service":"api-aa6c681-binance-LUNABUSD","symbol":"LUNABUSD","timestamp":"2022-03-11T09:37:46.199Z"}
{"data":{"clientOrderId":"ZQ7sjmdBmjWHW6sUSdEacJ","cummulativeQuoteQty":"24.63750000","executedQty":"0.25000000","icebergQty":"0.00000000","isWorking":true,"orderId":466978789,"orderListId":-1,"origQty":"0.25000000","origQuoteOrderQty":"0.00000000","price":"98.55000000","side":"BUY","status":"FILLED","stopPrice":"0.00000000","symbol":"LUNABUSD","time":1646990926089,"timeInForce":"GTC","type":"LIMIT","updateTime":1646990926089},"level":"info","message":"Order status","service":"api-aa6c681-binance-LUNABUSD","timestamp":"2022-03-11T09:37:46.240Z"}
{"assetPair":"LUNABUSD","data":{"price":"98.02000000","symbol":"LUNABUSD"},"level":"info","message":"Latest price","service":"api-aa6c681-binance-LUNABUSD","timestamp":"2022-03-11T09:37:46.264Z"}
{"assetPair":"LUNABUSD","data":{"price":"97.72000000","symbol":"LUNABUSD"},"level":"info","message":"Latest price","service":"api-aa6c681-binance-LUNABUSD","timestamp":"2022-03-11T09:46:46.374Z"}
{"assetPair":"LUNABUSD","data":{"price":"97.04000000","symbol":"LUNABUSD"},"level":"info","message":"Latest price","service":"api-aa6c681-binance-LUNABUSD","timestamp":"2022-03-11T09:55:46.510Z"}
{"assetPair":"LUNABUSD","data":{"price":"97.44000000","symbol":"LUNABUSD"},"level":"info","message":"Latest price","service":"api-aa6c681-binance-LUNABUSD","timestamp":"2022-03-11T10:04:46.643Z"}
{"assetPair":"LUNABUSD","data":{"price":"96.67000000","symbol":"LUNABUSD"},"level":"info","message":"Latest price","service":"api-aa6c681-binance-LUNABUSD","timestamp":"2022-03-11T10:13:46.778Z"}
{"assetPair":"LUNABUSD","data":{"price":"96.85000000","symbol":"LUNABUSD"},"level":"info","message":"Latest price","service":"api-aa6c681-binance-LUNABUSD","timestamp":"2022-03-11T10:22:46.911Z"}
{"assetPair":"LUNABUSD","data":{"price":"97.40000000","symbol":"LUNABUSD"},"level":"info","message":"Latest price","service":"api-aa6c681-binance-LUNABUSD","timestamp":"2022-03-11T10:31:47.086Z"}
{"assetPair":"LUNABUSD","data":{"price":"97.08000000","symbol":"LUNABUSD"},"level":"info","message":"Latest price","service":"api-aa6c681-binance-LUNABUSD","timestamp":"2022-03-11T10:40:47.144Z"}
{"assetPair":"LUNABUSD","data":{"price":"97.30000000","symbol":"LUNABUSD"},"level":"info","message":"Latest price","service":"api-aa6c681-binance-LUNABUSD","timestamp":"2022-03-11T10:49:47.278Z"}
{"assetPair":"LUNABUSD","data":{"price":"97.19000000","symbol":"LUNABUSD"},"level":"info","message":"Latest price","service":"api-aa6c681-binance-LUNABUSD","timestamp":"2022-03-11T10:58:47.432Z"}
{"assetPair":"LUNABUSD","data":{"price":"96.72000000","symbol":"LUNABUSD"},"level":"info","message":"Latest price","service":"api-aa6c681-binance-LUNABUSD","timestamp":"2022-03-11T11:07:47.616Z"}
{"assetPair":"LUNABUSD","data":{"price":"96.02000000","symbol":"LUNABUSD"},"level":"info","message":"Latest price","service":"api-aa6c681-binance-LUNABUSD","timestamp":"2022-03-11T11:16:47.764Z"}
{"assetPair":"LUNABUSD","data":{"price":"96.99000000","symbol":"LUNABUSD"},"level":"info","message":"Latest price","service":"api-aa6c681-binance-LUNABUSD","timestamp":"2022-03-11T11:25:47.940Z"}
{"assetPair":"LUNABUSD","data":{"price":"98.34000000","symbol":"LUNABUSD"},"level":"info","message":"Latest price","service":"api-aa6c681-binance-LUNABUSD","timestamp":"2022-03-11T11:34:48.065Z"}
{"assetPair":"LUNABUSD","data":{"price":"99.93000000","symbol":"LUNABUSD"},"level":"info","message":"Latest price","service":"api-aa6c681-binance-LUNABUSD","timestamp":"2022-03-11T11:43:48.200Z"}
{"assetPair":"LUNABUSD","data":{"price":"98.91000000","symbol":"LUNABUSD"},"level":"info","message":"Latest price","service":"api-aa6c681-binance-LUNABUSD","timestamp":"2022-03-11T11:52:48.331Z"}
{"assetPair":"LUNABUSD","data":{"price":"98.89000000","symbol":"LUNABUSD"},"level":"info","message":"Latest price","service":"api-aa6c681-binance-LUNABUSD","timestamp":"2022-03-11T12:01:48.473Z"}
{"assetPair":"LUNABUSD","data":{"price":"99.68000000","symbol":"LUNABUSD"},"level":"info","message":"Latest price","service":"api-aa6c681-binance-LUNABUSD","timestamp":"2022-03-11T12:10:48.613Z"}
{"assetPair":"LUNABUSD","data":{"price":"99.32000000","symbol":"LUNABUSD"},"level":"info","message":"Latest price","service":"api-aa6c681-binance-LUNABUSD","timestamp":"2022-03-11T12:19:48.651Z"}
{"assetPair":"LUNABUSD","data":{"price":"99.38000000","symbol":"LUNABUSD"},"level":"info","message":"Latest price","service":"api-aa6c681-binance-LUNABUSD","timestamp":"2022-03-11T12:28:48.790Z"}
{"assetPair":"LUNABUSD","data":{"price":"99.30000000","symbol":"LUNABUSD"},"level":"info","message":"Latest price","service":"api-aa6c681-binance-LUNABUSD","timestamp":"2022-03-11T12:37:48.924Z"}
{"assetPair":"LUNABUSD","data":{"price":"98.63000000","symbol":"LUNABUSD"},"level":"info","message":"Latest price","service":"api-aa6c681-binance-LUNABUSD","timestamp":"2022-03-11T12:46:49.077Z"}
{"assetPair":"LUNABUSD","data":{"price":"98.07000000","symbol":"LUNABUSD"},"level":"info","message":"Latest price","service":"api-aa6c681-binance-LUNABUSD","timestamp":"2022-03-11T12:55:49.167Z"}
