{"assetPair":"LUNABUSD","data":{"price":"97.63000000","symbol":"LUNABUSD"},"level":"info","message":"Latest price","service":"api-aa6c681-binance-LUNABUSD","timestamp":"2022-03-11T13:04:49.322Z"}
{"assetPair":"LUNABUSD","data":{"price":"97.18000000","symbol":"LUNABUSD"},"level":"info","message":"Latest price","service":"api-aa6c681-binance-LUNABUSD","timestamp":"2022-03-11T13:13:49.455Z"}
{"assetPair":"LUNABUSD","data":{"price":"97.72000000","symbol":"LUNABUSD"},"level":"info","message":"Latest price","service":"api-aa6c681-binance-LUNABUSD","timestamp":"2022-03-11T13:22:49.583Z"}
{"assetPair":"LUNABUSD","data":{"price":"97.53000000","symbol":"LUNABUSD"},"level":"info","message":"Latest price","service":"api-aa6c681-binance-LUNABUSD","timestamp":"2022-03-11T13:31:49.680Z"}
{"assetPair":"LUNABUSD","data":{"price":"97.10000000","symbol":"LUNABUSD"},"level":"info","message":"Latest price","service":"api-aa6c681-binance-LUNABUSD","timestamp":"2022-03-11T13:40:49.770Z"}
{"assetPair":"LUNABUSD","data":{"price":"96.62000000","symbol":"LUNABUSD"},"level":"info","message":"Latest price","service":"api-aa6c681-binance-LUNABUSD","timestamp":"2022-03-11T13:49:49.809Z"}
{"assetPair":"LUNABUSD","data":{"price":"97.07000000","symbol":"LUNABUSD"},"level":"info","message":"Latest price","service":"api-aa6c681-binance-LUNABUSD","timestamp":"2022-03-11T13:58:49.945Z"}
{"assetPair":"LUNABUSD","data":{"price":"97.26000000","symbol":"LUNABUSD"},"level":"info","message":"Latest price","service":"api-aa6c681-binance-LUNABUSD","timestamp":"2022-03-11T14:07:49.987Z"}
{"assetPair":"LUNABUSD","data":{"price":"96.94000000","symbol":"LUNABUSD"},"level":"info","message":"Latest price","service":"api-aa6c681-binance-LUNABUSD","timestamp":"2022-03-11T14:16:50.098Z"}
{"assetPair":"LUNABUSD","data":{"price":"96.81000000","symbol":"LUNABUSD"},"level":"info","message":"Latest price","service":"api-aa6c681-binance-LUNABUSD","timestamp":"2022-03-11T14:25:50.160Z"}
{"assetPair":"LUNABUSD","data":{"price":"96.70000000","symbol":"LUNABUSD"},"level":"info","message":"Latest price","service":"api-aa6c681-binance-LUNABUSD","timestamp":"2022-03-11T14:34:50.213Z"}
{"assetPair":"LUNABUSD","data":{"price":"95.97000000","symbol":"LUNABUSD"},"level":"info","message":"Latest price","service":"api-aa6c681-binance-LUNABUSD","timestamp":"2022-03-11T14:43:50.296Z"}
{"assetPair":"LUNABUSD","data":{"price":"94.97000000","symbol":"LUNABUSD"},"level":"info","message":"Latest price","service":"api-aa6c681-binance-LUNABUSD","timestamp":"2022-03-11T14:52:50.428Z"}
{"assetPair":"LUNABUSD","data":{"price":"94.65000000","symbol":"LUNABUSD"},"level":"info","message":"Latest price","service":"api-aa6c681-binance-LUNABUSD","timestamp":"2022-03-11T15:01:50.504Z"}
{"assetPair":"LUNABUSD","data":{"price":"93.98000000","symbol":"LUNABUSD"},"level":"info","message":"Latest price","service":"api-aa6c681-binance-LUNABUSD","timestamp":"2022-03-11T15:10:50.587Z"}
{"assetPair":"LUNABUSD","data":{"price":"93.29000000","symbol":"LUNABUSD"},"level":"info","message":"Latest price","service":"api-aa6c681-binance-LUNABUSD","timestamp":"2022-03-11T15:19:50.662Z"}
{"assetPair":"LUNABUSD","data":{"price":"94.18000000","symbol":"LUNABUSD"},"level":"info","message":"Latest price","service":"api-aa6c681-binance-LUNABUSD","timestamp":"2022-03-11T15:28:50.782Z"}
{"assetPair":"LUNABUSD","data":{"price":"93.56000000","symbol":"LUNABUSD"},"level":"info","message":"Latest price","service":"api-aa6c681-binance-LUNABUSD","timestamp":"2022-03-11T15:37:50.921Z"}
{"balance":{"asset":"LUNA","free":"0.25925000","locked":"0.00000000"},"level":"info","message":"Binance balance","service":"api-aa6c681-binance-LUNABUSD","timestamp":"2022-03-11T15:37:50.954Z"}
{"correctedPrice":"93.56","correctedQty":"0.25","forAsset":"BUSD","level":"info","message":"Initiating SELL","price":"93.56000000","quantity":"0.25925000","sellAsset":"LUNA","service":"api-aa6c681-binance-LUNABUSD","timestamp":"2022-03-11T15:37:50.978Z"}
{"data":{"clientOrderId":"jxhFPHvbSfcGOcnYkbKMpA","cummulativeQuoteQty":"0.00000000","executedQty":"0.00000000","fills":[],"orderId":467962554,"orderListId":-1,"origQty":"0.25000000","price":"93.56000000","side":"SELL","status":"NEW","symbol":"LUNABUSD","timeInForce":"GTC","transactTime":1647013071001,"type":"LIMIT"},"level":"info","message":"SELL success","service":"api-aa6c681-binance-LUNABUSD","timestamp":"2022-03-11T15:37:51.022Z"}
{"assetPair":"AUDBUSD","data":{"price":"0.73200000","symbol":"AUDBUSD"},"level":"info","message":"Latest price","service":"api-aa6c681-binance-LUNABUSD","timestamp":"2022-03-11T15:37:51.071Z"}
{"level":"info","message":"Checking order status","origClientOrderId":"jxhFPHvbSfcGOcnYkbKMpA","service":"api-aa6c681-binance-LUNABUSD","symbol":"LUNABUSD","timestamp":"2022-03-11T15:46:51.145Z"}
{"data":{"clientOrderId":"jxhFPHvbSfcGOcnYkbKMpA","cummulativeQuoteQty":"23.39000000","executedQty":"0.25000000","icebergQty":"0.00000000","isWorking":true,"orderId":467962554,"orderListId":-1,"origQty":"0.25000000","origQuoteOrderQty":"0.00000000","price":"93.56000000","side":"SELL","status":"FILLED","stopPrice":"0.00000000","symbol":"LUNABUSD","time":1647013071001,"timeInForce":"GTC","type":"LIMIT","updateTime":1647013072586},"level":"info","message":"Order status","service":"api-aa6c681-binance-LUNABUSD","timestamp":"2022-03-11T15:46:51.177Z"}
{"assetPair":"LUNABUSD","data":{"price":"93.80000000","symbol":"LUNABUSD"},"level":"info","message":"Latest price","service":"api-aa6c681-binance-LUNABUSD","timestamp":"2022-03-11T15:46:51.200Z"}
{"assetPair":"LUNABUSD","data":{"price":"92.69000000","symbol":"LUNABUSD"},"level":"info","message":"Latest price","service":"api-aa6c681-binance-LUNABUSD","timestamp":"2022-03-11T15:55:51.466Z"}
{"assetPair":"LUNABUSD","data":{"price":"92.12000000","symbol":"LUNABUSD"},"level":"info","message":"Latest price","service":"api-aa6c681-binance-LUNABUSD","timestamp":"2022-03-11T16:04:51.582Z"}
{"assetPair":"LUNABUSD","data":{"price":"91.40000000","symbol":"LUNABUSD"},"level":"info","message":"Latest price","service":"api-aa6c681-binance-LUNABUSD","timestamp":"2022-03-11T16:13:51.716Z"}
{"assetPair":"LUNABUSD","data":{"price":"91.59000000","symbol":"LUNABUSD"},"level":"info","message":"Latest price","service":"api-aa6c681-binance-LUNABUSD","timestamp":"2022-03-11T16:22:51.842Z"}
{"assetPair":"LUNABUSD","data":{"price":"91.94000000","symbol":"LUNABUSD"},"level":"info","message":"Latest price","service":"api-aa6c681-binance-LUNABUSD","timestamp":"2022-03-11T16:31:51.973Z"}
{"assetPair":"LUNABUSD","data":{"price":"92.45000000","symbol":"LUNABUSD"},"level":"info","message":"Latest price","service":"api-aa6c681-binance-LUNABUSD","timestamp":"2022-03-11T16:40:52.108Z"}
{"balance":{"asset":"BUSD","free":"32.23660495","locked":"0.00000000"},"level":"info","message":"Binance balance","service":"api-aa6c681-binance-LUNABUSD","timestamp":"2022-03-11T16:40:52.164Z"}
{"buyAsset":"LUNA","correctedPrice":"92.45","correctedQty":"0.26","level":"info","message":"Initiating BUY","price":"92.45","quantity":"0.2677122769064359113","service":"api-aa6c681-binance-LUNABUSD","timestamp":"2022-03-11T16:40:52.165Z","withAsset":"BUSD"}
{"data":{"clientOrderId":"SVqyQC3X9GUn7mlXWk6Vm8","cummulativeQuoteQty":"0.00000000","executedQty":"0.00000000","fills":[],"orderId":468172279,"orderListId":-1,"origQty":"0.26000000","price":"92.45000000","side":"BUY","status":"NEW","symbol":"LUNABUSD","timeInForce":"GTC","transactTime":1647016852206,"type":"LIMIT"},"level":"info","message":"BUY success","service":"api-aa6c681-binance-LUNABUSD","timestamp":"2022-03-11T16:40:52.217Z"}
{"level":"info","message":"Checking order status","origClientOrderId":"SVqyQC3X9GUn7mlXWk6Vm8","service":"api-aa6c681-binance-LUNABUSD","symbol":"LUNABUSD","timestamp":"2022-03-11T16:49:52.297Z"}
{"data":{"clientOrderId":"SVqyQC3X9GUn7mlXWk6Vm8","cummulativeQuoteQty":"24.03700000","executedQty":"0.26000000","icebergQty":"0.00000000","isWorking":true,"orderId":468172279,"orderListId":-1,"origQty":"0.26000000","origQuoteOrderQty":"0.00000000","price":"92.45000000","side":"BUY","status":"FILLED","stopPrice":"0.00000000","symbol":"LUNABUSD","time":1647016852206,"timeInForce":"GTC","type":"LIMIT","updateTime":1647016853985},"level":"info","message":"Order status","service":"api-aa6c681-binance-LUNABUSD","timestamp":"2022-03-11T16:49:52.326Z"}
{"assetPair":"LUNABUSD","data":{"price":"91.84000000","symbol":"LUNABUSD"},"level":"info","message":"Latest price","service":"api-aa6c681-binance-LUNABUSD","timestamp":"2022-03-11T16:49:52.352Z"}
{"assetPair":"LUNABUSD","data":{"price":"92.41000000","symbol":"LUNABUSD"},"level":"info","message":"Latest price","service":"api-aa6c681-binance-LUNABUSD","timestamp":"2022-03-11T16:58:52.601Z"}
{"assetPair":"LUNABUSD","data":{"price":"92.07000000","symbol":"LUNABUSD"},"level":"info","message":"Latest price","service":"api-aa6c681-binance-LUNABUSD","timestamp":"2022-03-11T17:07:52.726Z"}
{"assetPair":"LUNABUSD","data":{"price":"91.73000000","symbol":"LUNABUSD"},"level":"info","message":"Latest price","service":"api-aa6c681-binance-LUNABUSD","timestamp":"2022-03-11T17:16:52.760Z"}
{"assetPair":"LUNABUSD","data":{"price":"91.78000000","symbol":"LUNABUSD"},"level":"info","message":"Latest price","service":"api-aa6c681-binance-LUNABUSD","timestamp":"2022-03-11T17:25:52.872Z"}
{"assetPair":"LUNABUSD","data":{"price":"92.23000000","symbol":"LUNABUSD"},"level":"info","message":"Latest price","service":"api-aa6c681-binance-LUNABUSD","timestamp":"2022-03-11T17:34:53.003Z"}
{"assetPair":"LUNABUSD","data":{"price":"92.53000000","symbol":"LUNABUSD"},"level":"info","message":"Latest price","service":"api-aa6c681-binance-LUNABUSD","timestamp":"2022-03-11T17:43:53.132Z"}
{"assetPair":"LUNABUSD","data":{"price":"92.88000000","symbol":"LUNABUSD"},"level":"info","message":"Latest price","service":"api-aa6c681-binance-LUNABUSD","timestamp":"2022-03-11T17:52:53.253Z"}
{"assetPair":"LUNABUSD","data":{"price":"92.63000000","symbol":"LUNABUSD"},"level":"info","message":"Latest price","service":"api-aa6c681-binance-LUNABUSD","timestamp":"2022-03-11T18:01:53.373Z"}
{"assetPair":"LUNABUSD","data":{"price":"92.13000000","symbol":"LUNABUSD"},"level":"info","message":"Latest price","service":"api-aa6c681-binance-LUNABUSD","timestamp":"2022-03-11T18:10:53.500Z"}
{"assetPair":"LUNABUSD","data":{"price":"91.89000000","symbol":"LUNABUSD"},"level":"info","message":"Latest price","service":"api-aa6c681-binance-LUNABUSD","timestamp":"2022-03-11T18:19:53.585Z"}
{"assetPair":"LUNABUSD","data":{"price":"92.04000000","symbol":"LUNABUSD"},"level":"info","message":"Latest price","service":"api-aa6c681-binance-LUNABUSD","timestamp":"2022-03-11T18:28:53.670Z"}
{"assetPair":"LUNABUSD","data":{"price":"91.83000000","symbol":"LUNABUSD"},"level":"info","message":"Latest price","service":"api-aa6c681-binance-LUNABUSD","timestamp":"2022-03-11T18:37:53.798Z"}
{"assetPair":"LUNABUSD","data":{"price":"91.08000000","symbol":"LUNABUSD"},"level":"info","message":"Latest price","service":"api-aa6c681-binance-LUNABUSD","timestamp":"2022-03-11T18:46:53.926Z"}
{"assetPair":"LUNABUSD","data":{"price":"90.43000000","symbol":"LUNABUSD"},"level":"info","message":"Latest price","service":"api-aa6c681-binance-LUNABUSD","timestamp":"2022-03-11T18:55:54.051Z"}
{"assetPair":"LUNABUSD","data":{"price":"89.99000000","symbol":"LUNABUSD"},"level":"info","message":"Latest price","service":"api-aa6c681-binance-LUNABUSD","timestamp":"2022-03-11T19:04:54.182Z"}
{"assetPair":"LUNABUSD","data":{"price":"89.60000000","symbol":"LUNABUSD"},"level":"info","message":"Latest price","service":"api-aa6c681-binance-LUNABUSD","timestamp":"2022-03-11T19:13:54.312Z"}
{"assetPair":"LUNABUSD","data":{"price":"90.40000000","symbol":"LUNABUSD"},"level":"info","message":"Latest price","service":"api-aa6c681-binance-LUNABUSD","timestamp":"2022-03-11T19:22:54.448Z"}
{"assetPair":"LUNABUSD","data":{"price":"90.07000000","symbol":"LUNABUSD"},"level":"info","message":"Latest price","service":"api-aa6c681-binance-LUNABUSD","timestamp":"2022-03-11T19:31:54.573Z"}
{"assetPair":"LUNABUSD","data":{"price":"90.07000000","symbol":"LUNABUSD"},"level":"info","message":"Latest price","service":"api-aa6c681-binance-LUNABUSD","timestamp":"2022-03-11T19:40:54.705Z"}
{"assetPair":"LUNABUSD","data":{"price":"90.05000000","symbol":"LUNABUSD"},"level":"info","message":"Latest price","service":"api-aa6c681-binance-LUNABUSD","timestamp":"2022-03-11T19:49:54.793Z"}
{"assetPair":"LUNABUSD","data":{"price":"89.01000000","symbol":"LUNABUSD"},"level":"info","message":"Latest price","service":"api-aa6c681-binance-LUNABUSD","timestamp":"2022-03-11T19:58:54.943Z"}
{"assetPair":"LUNABUSD","data":{"price":"89.87000000","symbol":"LUNABUSD"},"level":"info","message":"Latest price","service":"api-aa6c681-binance-LUNABUSD","timestamp":"2022-03-11T20:07:55.080Z"}
{"assetPair":"LUNABUSD","data":{"price":"90.33000000","symbol":"LUNABUSD"},"level":"info","message":"Latest price","service":"api-aa6c681-binance-LUNABUSD","timestamp":"2022-03-11T20:16:55.177Z"}
{"assetPair":"LUNABUSD","data":{"price":"90.81000000","symbol":"LUNABUSD"},"level":"info","message":"Latest price","service":"api-aa6c681-binance-LUNABUSD","timestamp":"2022-03-11T20:25:55.305Z"}
{"assetPair":"LUNABUSD","data":{"price":"90.11000000","symbol":"LUNABUSD"},"level":"info","message":"Latest price","service":"api-aa6c681-binance-LUNABUSD","timestamp":"2022-03-11T20:34:55.400Z"}
{"assetPair":"LUNABUSD","data":{"price":"90.66000000","symbol":"LUNABUSD"},"level":"info","message":"Latest price","service":"api-aa6c681-binance-LUNABUSD","timestamp":"2022-03-11T20:43:55.532Z"}
{"assetPair":"LUNABUSD","data":{"price":"89.76000000","symbol":"LUNABUSD"},"level":"info","message":"Latest price","service":"api-aa6c681-binance-LUNABUSD","timestamp":"2022-03-11T20:52:55.583Z"}
{"assetPair":"LUNABUSD","data":{"price":"90.33000000","symbol":"LUNABUSD"},"level":"info","message":"Latest price","service":"api-aa6c681-binance-LUNABUSD","timestamp":"2022-03-11T21:01:55.625Z"}
{"assetPair":"LUNABUSD","data":{"price":"90.58000000","symbol":"LUNABUSD"},"level":"info","message":"Latest price","service":"api-aa6c681-binance-LUNABUSD","timestamp":"2022-03-11T21:10:55.718Z"}
{"assetPair":"LUNABUSD","data":{"price":"90.57000000","symbol":"LUNABUSD"},"level":"info","message":"Latest price","service":"api-aa6c681-binance-LUNABUSD","timestamp":"2022-03-11T21:19:55.851Z"}
{"assetPair":"LUNABUSD","data":{"price":"91.57000000","symbol":"LUNABUSD"},"level":"info","message":"Latest price","service":"api-aa6c681-binance-LUNABUSD","timestamp":"2022-03-11T21:28:55.973Z"}
{"assetPair":"LUNABUSD","data":{"price":"90.92000000","symbol":"LUNABUSD"},"level":"info","message":"Latest price","service":"api-aa6c681-binance-LUNABUSD","timestamp":"2022-03-11T21:37:56.101Z"}
{"assetPair":"LUNABUSD","data":{"price":"91.03000000","symbol":"LUNABUSD"},"level":"info","message":"Latest price","service":"api-aa6c681-binance-LUNABUSD","timestamp":"2022-03-11T21:46:56.232Z"}
{"assetPair":"LUNABUSD","data":{"price":"90.80000000","symbol":"LUNABUSD"},"level":"info","message":"Latest price","service":"api-aa6c681-binance-LUNABUSD","timestamp":"2022-03-11T21:55:56.328Z"}
{"assetPair":"LUNABUSD","data":{"price":"91.26000000","symbol":"LUNABUSD"},"level":"info","message":"Latest price","service":"api-aa6c681-binance-LUNABUSD","timestamp":"2022-03-11T22:04:56.454Z"}
{"assetPair":"LUNABUSD","data":{"price":"90.93000000","symbol":"LUNABUSD"},"level":"info","message":"Latest price","service":"api-aa6c681-binance-LUNABUSD","timestamp":"2022-03-11T22:13:56.581Z"}
{"assetPair":"LUNABUSD","data":{"price":"90.63000000","symbol":"LUNABUSD"},"level":"info","message":"Latest price","service":"api-aa6c681-binance-LUNABUSD","timestamp":"2022-03-11T22:22:56.650Z"}
{"assetPair":"LUNABUSD","data":{"price":"90.64000000","symbol":"LUNABUSD"},"level":"info","message":"Latest price","service":"api-aa6c681-binance-LUNABUSD","timestamp":"2022-03-11T22:31:56.781Z"}
{"assetPair":"LUNABUSD","data":{"price":"90.88000000","symbol":"LUNABUSD"},"level":"info","message":"Latest price","service":"api-aa6c681-binance-LUNABUSD","timestamp":"2022-03-11T22:40:56.910Z"}
{"assetPair":"LUNABUSD","data":{"price":"91.08000000","symbol":"LUNABUSD"},"level":"info","message":"Latest price","service":"api-aa6c681-binance-LUNABUSD","timestamp":"2022-03-11T22:49:56.940Z"}
{"assetPair":"LUNABUSD","data":{"price":"90.91000000","symbol":"LUNABUSD"},"level":"info","message":"Latest price","service":"api-aa6c681-binance-LUNABUSD","timestamp":"2022-03-11T22:58:57.073Z"}
{"assetPair":"LUNABUSD","data":{"price":"90.23000000","symbol":"LUNABUSD"},"level":"info","message":"Latest price","service":"api-aa6c681-binance-LUNABUSD","timestamp":"2022-03-11T23:07:57.167Z"}
{"assetPair":"LUNABUSD","data":{"price":"90.08000000","symbol":"LUNABUSD"},"level":"info","message":"Latest price","service":"api-aa6c681-binance-LUNABUSD","timestamp":"2022-03-11T23:16:57.298Z"}
{"assetPair":"LUNABUSD","data":{"price":"89.48000000","symbol":"LUNABUSD"},"level":"info","message":"Latest price","service":"api-aa6c681-binance-LUNABUSD","timestamp":"2022-03-11T23:25:57.420Z"}
{"assetPair":"LUNABUSD","data":{"price":"90.20000000","symbol":"LUNABUSD"},"level":"info","message":"Latest price","service":"api-aa6c681-binance-LUNABUSD","timestamp":"2022-03-11T23:34:57.554Z"}
{"assetPair":"LUNABUSD","data":{"price":"89.76000000","symbol":"LUNABUSD"},"level":"info","message":"Latest price","service":"api-aa6c681-binance-LUNABUSD","timestamp":"2022-03-11T23:43:57.686Z"}
{"assetPair":"LUNABUSD","data":{"price":"88.33000000","symbol":"LUNABUSD"},"level":"info","message":"Latest price","service":"api-aa6c681-binance-LUNABUSD","timestamp":"2022-03-11T23:52:57.811Z"}
{"assetPair":"LUNABUSD","data":{"price":"88.65000000","symbol":"LUNABUSD"},"level":"info","message":"Latest price","service":"api-aa6c681-binance-LUNABUSD","timestamp":"2022-03-12T00:01:57.942Z"}
{"assetPair":"LUNABUSD","data":{"price":"89.08000000","symbol":"LUNABUSD"},"level":"info","message":"Latest price","service":"api-aa6c681-binance-LUNABUSD","timestamp":"2022-03-12T00:10:58.077Z"}
{"assetPair":"LUNABUSD","data":{"price":"90.06000000","symbol":"LUNABUSD"},"level":"info","message":"Latest price","service":"api-aa6c681-binance-LUNABUSD","timestamp":"2022-03-12T00:19:58.215Z"}
{"assetPair":"LUNABUSD","data":{"price":"90.48000000","symbol":"LUNABUSD"},"level":"info","message":"Latest price","service":"api-28193d9-binance-LUNABUSD","timestamp":"2022-03-12T00:30:46.953Z"}
{"assetPair":"LUNABUSD","data":{"price":"90.33000000","symbol":"LUNABUSD"},"level":"info","message":"Latest price","service":"api-28193d9-binance-LUNABUSD","timestamp":"2022-03-12T00:39:47.085Z"}
{"assetPair":"LUNABUSD","data":{"price":"90.84000000","symbol":"LUNABUSD"},"level":"info","message":"Latest price","service":"api-28193d9-binance-LUNABUSD","timestamp":"2022-03-12T00:48:47.197Z"}
{"assetPair":"LUNABUSD","data":{"price":"90.39000000","symbol":"LUNABUSD"},"level":"info","message":"Latest price","service":"api-28193d9-binance-LUNABUSD","timestamp":"2022-03-12T00:57:47.267Z"}
{"assetPair":"LUNABUSD","data":{"price":"90.07000000","symbol":"LUNABUSD"},"level":"info","message":"Latest price","service":"api-28193d9-binance-LUNABUSD","timestamp":"2022-03-12T01:06:47.397Z"}
{"assetPair":"LUNABUSD","data":{"price":"91.02000000","symbol":"LUNABUSD"},"level":"info","message":"Latest price","service":"api-28193d9-binance-LUNABUSD","timestamp":"2022-03-12T01:15:47.536Z"}
{"assetPair":"LUNABUSD","data":{"price":"91.25000000","symbol":"LUNABUSD"},"level":"info","message":"Latest price","service":"api-28193d9-binance-LUNABUSD","timestamp":"2022-03-12T01:24:47.588Z"}
{"assetPair":"LUNABUSD","data":{"price":"92.31000000","symbol":"LUNABUSD"},"level":"info","message":"Latest price","service":"api-28193d9-binance-LUNABUSD","timestamp":"2022-03-12T01:33:47.722Z"}
{"assetPair":"LUNABUSD","data":{"price":"91.89000000","symbol":"LUNABUSD"},"level":"info","message":"Latest price","service":"api-28193d9-binance-LUNABUSD","timestamp":"2022-03-12T01:42:47.855Z"}
{"assetPair":"LUNABUSD","data":{"price":"91.75000000","symbol":"LUNABUSD"},"level":"info","message":"Latest price","service":"api-28193d9-binance-LUNABUSD","timestamp":"2022-03-12T01:51:48.007Z"}
{"assetPair":"LUNABUSD","data":{"price":"91.43000000","symbol":"LUNABUSD"},"level":"info","message":"Latest price","service":"api-28193d9-binance-LUNABUSD","timestamp":"2022-03-12T02:00:48.134Z"}
{"assetPair":"LUNABUSD","data":{"price":"92.25000000","symbol":"LUNABUSD"},"level":"info","message":"Latest price","service":"api-28193d9-binance-LUNABUSD","timestamp":"2022-03-12T02:09:48.227Z"}
{"assetPair":"LUNABUSD","data":{"price":"92.03000000","symbol":"LUNABUSD"},"level":"info","message":"Latest price","service":"api-28193d9-binance-LUNABUSD","timestamp":"2022-03-12T02:18:48.355Z"}
{"assetPair":"LUNABUSD","data":{"price":"91.71000000","symbol":"LUNABUSD"},"level":"info","message":"Latest price","service":"api-28193d9-binance-LUNABUSD","timestamp":"2022-03-12T02:27:48.475Z"}
{"assetPair":"LUNABUSD","data":{"price":"91.37000000","symbol":"LUNABUSD"},"level":"info","message":"Latest price","service":"api-28193d9-binance-LUNABUSD","timestamp":"2022-03-12T02:36:48.573Z"}
{"assetPair":"LUNABUSD","data":{"price":"91.24000000","symbol":"LUNABUSD"},"level":"info","message":"Latest price","service":"api-28193d9-binance-LUNABUSD","timestamp":"2022-03-12T02:45:48.638Z"}
{"assetPair":"LUNABUSD","data":{"price":"91.25000000","symbol":"LUNABUSD"},"level":"info","message":"Latest price","service":"api-28193d9-binance-LUNABUSD","timestamp":"2022-03-12T02:54:48.710Z"}
{"assetPair":"LUNABUSD","data":{"price":"91.45000000","symbol":"LUNABUSD"},"level":"info","message":"Latest price","service":"api-28193d9-binance-LUNABUSD","timestamp":"2022-03-12T03:03:48.769Z"}
{"assetPair":"LUNABUSD","data":{"price":"91.67000000","symbol":"LUNABUSD"},"level":"info","message":"Latest price","service":"api-28193d9-binance-LUNABUSD","timestamp":"2022-03-12T03:12:48.897Z"}
{"assetPair":"LUNABUSD","data":{"price":"91.32000000","symbol":"LUNABUSD"},"level":"info","message":"Latest price","service":"api-28193d9-binance-LUNABUSD","timestamp":"2022-03-12T03:21:48.932Z"}
{"assetPair":"LUNABUSD","data":{"price":"91.65000000","symbol":"LUNABUSD"},"level":"info","message":"Latest price","service":"api-28193d9-binance-LUNABUSD","timestamp":"2022-03-12T03:30:49.058Z"}
{"assetPair":"LUNABUSD","data":{"price":"91.28000000","symbol":"LUNABUSD"},"level":"info","message":"Latest price","service":"api-28193d9-binance-LUNABUSD","timestamp":"2022-03-12T03:39:49.155Z"}
{"assetPair":"LUNABUSD","data":{"price":"91.27000000","symbol":"LUNABUSD"},"level":"info","message":"Latest price","service":"api-28193d9-binance-LUNABUSD","timestamp":"2022-03-12T03:48:49.232Z"}
{"assetPair":"LUNABUSD","data":{"price":"91.13000000","symbol":"LUNABUSD"},"level":"info","message":"Latest price","service":"api-28193d9-binance-LUNABUSD","timestamp":"2022-03-12T03:57:49.393Z"}
{"assetPair":"LUNABUSD","data":{"price":"91.01000000","symbol":"LUNABUSD"},"level":"info","message":"Latest price","service":"api-28193d9-binance-LUNABUSD","timestamp":"2022-03-12T04:06:49.524Z"}
{"assetPair":"LUNABUSD","data":{"price":"91.25000000","symbol":"LUNABUSD"},"level":"info","message":"Latest price","service":"api-28193d9-binance-LUNABUSD","timestamp":"2022-03-12T04:15:49.663Z"}
{"assetPair":"LUNABUSD","data":{"price":"91.49000000","symbol":"LUNABUSD"},"level":"info","message":"Latest price","service":"api-28193d9-binance-LUNABUSD","timestamp":"2022-03-12T04:24:49.701Z"}
{"assetPair":"LUNABUSD","data":{"price":"91.75000000","symbol":"LUNABUSD"},"level":"info","message":"Latest price","service":"api-28193d9-binance-LUNABUSD","timestamp":"2022-03-12T04:33:49.761Z"}
{"assetPair":"LUNABUSD","data":{"price":"91.58000000","symbol":"LUNABUSD"},"level":"info","message":"Latest price","service":"api-28193d9-binance-LUNABUSD","timestamp":"2022-03-12T04:42:49.795Z"}
{"assetPair":"LUNABUSD","data":{"price":"91.70000000","symbol":"LUNABUSD"},"level":"info","message":"Latest price","service":"api-28193d9-binance-LUNABUSD","timestamp":"2022-03-12T04:51:49.918Z"}
{"assetPair":"LUNABUSD","data":{"price":"91.28000000","symbol":"LUNABUSD"},"level":"info","message":"Latest price","service":"api-28193d9-binance-LUNABUSD","timestamp":"2022-03-12T05:00:50.054Z"}
{"assetPair":"LUNABUSD","data":{"price":"91.21000000","symbol":"LUNABUSD"},"level":"info","message":"Latest price","service":"api-28193d9-binance-LUNABUSD","timestamp":"2022-03-12T05:09:50.184Z"}
{"assetPair":"LUNABUSD","data":{"price":"91.30000000","symbol":"LUNABUSD"},"level":"info","message":"Latest price","service":"api-28193d9-binance-LUNABUSD","timestamp":"2022-03-12T05:18:50.292Z"}
{"assetPair":"LUNABUSD","data":{"price":"91.51000000","symbol":"LUNABUSD"},"level":"info","message":"Latest price","service":"api-28193d9-binance-LUNABUSD","timestamp":"2022-03-12T05:27:50.424Z"}
{"assetPair":"LUNABUSD","data":{"price":"91.27000000","symbol":"LUNABUSD"},"level":"info","message":"Latest price","service":"api-28193d9-binance-LUNABUSD","timestamp":"2022-03-12T05:36:50.468Z"}
{"assetPair":"LUNABUSD","data":{"price":"91.16000000","symbol":"LUNABUSD"},"level":"info","message":"Latest price","service":"api-28193d9-binance-LUNABUSD","timestamp":"2022-03-12T05:45:50.578Z"}
{"assetPair":"LUNABUSD","data":{"price":"91.36000000","symbol":"LUNABUSD"},"level":"info","message":"Latest price","service":"api-28193d9-binance-LUNABUSD","timestamp":"2022-03-12T05:54:50.634Z"}
{"assetPair":"LUNABUSD","data":{"price":"91.77000000","symbol":"LUNABUSD"},"level":"info","message":"Latest price","service":"api-28193d9-binance-LUNABUSD","timestamp":"2022-03-12T06:03:50.758Z"}
{"assetPair":"LUNABUSD","data":{"price":"91.29000000","symbol":"LUNABUSD"},"level":"info","message":"Latest price","service":"api-28193d9-binance-LUNABUSD","timestamp":"2022-03-12T06:12:50.902Z"}
{"assetPair":"LUNABUSD","data":{"price":"91.47000000","symbol":"LUNABUSD"},"level":"info","message":"Latest price","service":"api-28193d9-binance-LUNABUSD","timestamp":"2022-03-12T06:21:51.027Z"}
{"assetPair":"LUNABUSD","data":{"price":"91.30000000","symbol":"LUNABUSD"},"level":"info","message":"Latest price","service":"api-28193d9-binance-LUNABUSD","timestamp":"2022-03-12T06:30:51.158Z"}
{"assetPair":"LUNABUSD","data":{"price":"91.04000000","symbol":"LUNABUSD"},"level":"info","message":"Latest price","service":"api-28193d9-binance-LUNABUSD","timestamp":"2022-03-12T06:39:51.288Z"}
{"assetPair":"LUNABUSD","data":{"price":"91.33000000","symbol":"LUNABUSD"},"level":"info","message":"Latest price","service":"api-28193d9-binance-LUNABUSD","timestamp":"2022-03-12T06:48:51.442Z"}
{"assetPair":"LUNABUSD","data":{"price":"90.94000000","symbol":"LUNABUSD"},"level":"info","message":"Latest price","service":"api-28193d9-binance-LUNABUSD","timestamp":"2022-03-12T06:57:51.580Z"}
{"assetPair":"LUNABUSD","data":{"price":"90.80000000","symbol":"LUNABUSD"},"level":"info","message":"Latest price","service":"api-28193d9-binance-LUNABUSD","timestamp":"2022-03-12T07:06:51.630Z"}
{"assetPair":"LUNABUSD","data":{"price":"90.24000000","symbol":"LUNABUSD"},"level":"info","message":"Latest price","service":"api-28193d9-binance-LUNABUSD","timestamp":"2022-03-12T07:15:51.769Z"}
{"assetPair":"LUNABUSD","data":{"price":"90.22000000","symbol":"LUNABUSD"},"level":"info","message":"Latest price","service":"api-28193d9-binance-LUNABUSD","timestamp":"2022-03-12T07:24:51.874Z"}
{"assetPair":"LUNABUSD","data":{"price":"90.27000000","symbol":"LUNABUSD"},"level":"info","message":"Latest price","service":"api-28193d9-binance-LUNABUSD","timestamp":"2022-03-12T07:33:51.998Z"}
{"assetPair":"LUNABUSD","data":{"price":"89.40000000","symbol":"LUNABUSD"},"level":"info","message":"Latest price","service":"api-28193d9-binance-LUNABUSD","timestamp":"2022-03-12T07:42:52.081Z"}
{"assetPair":"LUNABUSD","data":{"price":"89.49000000","symbol":"LUNABUSD"},"level":"info","message":"Latest price","service":"api-28193d9-binance-LUNABUSD","timestamp":"2022-03-12T07:51:52.166Z"}
{"assetPair":"LUNABUSD","data":{"price":"89.44000000","symbol":"LUNABUSD"},"level":"info","message":"Latest price","service":"api-28193d9-binance-LUNABUSD","timestamp":"2022-03-12T08:00:52.265Z"}
{"assetPair":"LUNABUSD","data":{"price":"88.95000000","symbol":"LUNABUSD"},"level":"info","message":"Latest price","service":"api-28193d9-binance-LUNABUSD","timestamp":"2022-03-12T08:09:52.323Z"}
{"assetPair":"LUNABUSD","data":{"price":"88.65000000","symbol":"LUNABUSD"},"level":"info","message":"Latest price","service":"api-28193d9-binance-LUNABUSD","timestamp":"2022-03-12T08:18:52.451Z"}
{"assetPair":"LUNABUSD","data":{"price":"88.11000000","symbol":"LUNABUSD"},"level":"info","message":"Latest price","service":"api-28193d9-binance-LUNABUSD","timestamp":"2022-03-12T08:27:52.577Z"}
{"assetPair":"LUNABUSD","data":{"price":"88.54000000","symbol":"LUNABUSD"},"level":"info","message":"Latest price","service":"api-28193d9-binance-LUNABUSD","timestamp":"2022-03-12T08:36:52.651Z"}
{"assetPair":"LUNABUSD","data":{"price":"89.49000000","symbol":"LUNABUSD"},"level":"info","message":"Latest price","service":"api-28193d9-binance-LUNABUSD","timestamp":"2022-03-12T08:45:52.772Z"}
{"assetPair":"LUNABUSD","data":{"price":"89.25000000","symbol":"LUNABUSD"},"level":"info","message":"Latest price","service":"api-28193d9-binance-LUNABUSD","timestamp":"2022-03-12T08:54:52.940Z"}
{"assetPair":"LUNABUSD","data":{"price":"89.15000000","symbol":"LUNABUSD"},"level":"info","message":"Latest price","service":"api-28193d9-binance-LUNABUSD","timestamp":"2022-03-12T09:03:53.073Z"}
{"assetPair":"LUNABUSD","data":{"price":"89.28000000","symbol":"LUNABUSD"},"level":"info","message":"Latest price","service":"api-28193d9-binance-LUNABUSD","timestamp":"2022-03-12T09:12:53.154Z"}
{"assetPair":"LUNABUSD","data":{"price":"89.28000000","symbol":"LUNABUSD"},"level":"info","message":"Latest price","service":"api-28193d9-binance-LUNABUSD","timestamp":"2022-03-12T09:21:53.267Z"}
{"assetPair":"LUNABUSD","data":{"price":"89.51000000","symbol":"LUNABUSD"},"level":"info","message":"Latest price","service":"api-28193d9-binance-LUNABUSD","timestamp":"2022-03-12T09:30:53.376Z"}
{"assetPair":"LUNABUSD","data":{"price":"89.66000000","symbol":"LUNABUSD"},"level":"info","message":"Latest price","service":"api-28193d9-binance-LUNABUSD","timestamp":"2022-03-12T09:39:53.505Z"}
{"assetPair":"LUNABUSD","data":{"price":"89.77000000","symbol":"LUNABUSD"},"level":"info","message":"Latest price","service":"api-28193d9-binance-LUNABUSD","timestamp":"2022-03-12T09:48:53.576Z"}
{"assetPair":"LUNABUSD","data":{"price":"89.83000000","symbol":"LUNABUSD"},"level":"info","message":"Latest price","service":"api-28193d9-binance-LUNABUSD","timestamp":"2022-03-12T09:57:53.670Z"}
{"assetPair":"LUNABUSD","data":{"price":"89.62000000","symbol":"LUNABUSD"},"level":"info","message":"Latest price","service":"api-28193d9-binance-LUNABUSD","timestamp":"2022-03-12T10:06:53.705Z"}
{"assetPair":"LUNABUSD","data":{"price":"89.60000000","symbol":"LUNABUSD"},"level":"info","message":"Latest price","service":"api-28193d9-binance-LUNABUSD","timestamp":"2022-03-12T10:15:53.823Z"}
{"assetPair":"LUNABUSD","data":{"price":"90.04000000","symbol":"LUNABUSD"},"level":"info","message":"Latest price","service":"api-28193d9-binance-LUNABUSD","timestamp":"2022-03-12T10:24:53.862Z"}
{"assetPair":"LUNABUSD","data":{"price":"89.98000000","symbol":"LUNABUSD"},"level":"info","message":"Latest price","service":"api-28193d9-binance-LUNABUSD","timestamp":"2022-03-12T10:33:53.925Z"}
{"assetPair":"LUNABUSD","data":{"price":"90.05000000","symbol":"LUNABUSD"},"level":"info","message":"Latest price","service":"api-28193d9-binance-LUNABUSD","timestamp":"2022-03-12T10:42:54.055Z"}
{"assetPair":"LUNABUSD","data":{"price":"89.71000000","symbol":"LUNABUSD"},"level":"info","message":"Latest price","service":"api-28193d9-binance-LUNABUSD","timestamp":"2022-03-12T10:51:54.150Z"}
{"assetPair":"LUNABUSD","data":{"price":"89.76000000","symbol":"LUNABUSD"},"level":"info","message":"Latest price","service":"api-28193d9-binance-LUNABUSD","timestamp":"2022-03-12T11:00:54.224Z"}
{"assetPair":"LUNABUSD","data":{"price":"89.80000000","symbol":"LUNABUSD"},"level":"info","message":"Latest price","service":"api-28193d9-binance-LUNABUSD","timestamp":"2022-03-12T11:09:54.350Z"}
{"assetPair":"LUNABUSD","data":{"price":"89.93000000","symbol":"LUNABUSD"},"level":"info","message":"Latest price","service":"api-28193d9-binance-LUNABUSD","timestamp":"2022-03-12T11:18:54.487Z"}
{"assetPair":"LUNABUSD","data":{"price":"90.31000000","symbol":"LUNABUSD"},"level":"info","message":"Latest price","service":"api-28193d9-binance-LUNABUSD","timestamp":"2022-03-12T11:27:54.574Z"}
{"assetPair":"LUNABUSD","data":{"price":"89.75000000","symbol":"LUNABUSD"},"level":"info","message":"Latest price","service":"api-28193d9-binance-LUNABUSD","timestamp":"2022-03-12T11:36:54.743Z"}
{"assetPair":"LUNABUSD","data":{"price":"89.28000000","symbol":"LUNABUSD"},"level":"info","message":"Latest price","service":"api-28193d9-binance-LUNABUSD","timestamp":"2022-03-12T11:45:54.783Z"}
{"assetPair":"LUNABUSD","data":{"price":"89.40000000","symbol":"LUNABUSD"},"level":"info","message":"Latest price","service":"api-28193d9-binance-LUNABUSD","timestamp":"2022-03-12T11:54:54.917Z"}
{"assetPair":"LUNABUSD","data":{"price":"89.19000000","symbol":"LUNABUSD"},"level":"info","message":"Latest price","service":"api-28193d9-binance-LUNABUSD","timestamp":"2022-03-12T12:03:55.045Z"}
{"assetPair":"LUNABUSD","data":{"price":"89.50000000","symbol":"LUNABUSD"},"level":"info","message":"Latest price","service":"api-28193d9-binance-LUNABUSD","timestamp":"2022-03-12T12:12:55.076Z"}
{"assetPair":"LUNABUSD","data":{"price":"90.18000000","symbol":"LUNABUSD"},"level":"info","message":"Latest price","service":"api-28193d9-binance-LUNABUSD","timestamp":"2022-03-12T12:21:55.108Z"}
{"assetPair":"LUNABUSD","data":{"price":"89.93000000","symbol":"LUNABUSD"},"level":"info","message":"Latest price","service":"api-28193d9-binance-LUNABUSD","timestamp":"2022-03-12T12:30:55.142Z"}
{"assetPair":"LUNABUSD","data":{"price":"89.91000000","symbol":"LUNABUSD"},"level":"info","message":"Latest price","service":"api-28193d9-binance-LUNABUSD","timestamp":"2022-03-12T12:39:55.306Z"}
{"assetPair":"LUNABUSD","data":{"price":"90.14000000","symbol":"LUNABUSD"},"level":"info","message":"Latest price","service":"api-28193d9-binance-LUNABUSD","timestamp":"2022-03-12T12:48:55.433Z"}
{"assetPair":"LUNABUSD","data":{"price":"90.21000000","symbol":"LUNABUSD"},"level":"info","message":"Latest price","service":"api-28193d9-binance-LUNABUSD","timestamp":"2022-03-12T12:57:55.562Z"}
