{"assetPair":"LUNABUSD","data":{"price":"87.14000000","symbol":"LUNABUSD"},"level":"info","message":"Latest price","service":"api-28193d9-binance-LUNABUSD","timestamp":"2022-03-13T13:07:14.272Z"}
{"assetPair":"LUNABUSD","data":{"price":"88.33000000","symbol":"LUNABUSD"},"level":"info","message":"Latest price","service":"api-28193d9-binance-LUNABUSD","timestamp":"2022-03-13T13:16:14.415Z"}
{"assetPair":"LUNABUSD","data":{"price":"89.46000000","symbol":"LUNABUSD"},"level":"info","message":"Latest price","service":"api-28193d9-binance-LUNABUSD","timestamp":"2022-03-13T13:25:14.588Z"}
{"assetPair":"LUNABUSD","data":{"price":"89.29000000","symbol":"LUNABUSD"},"level":"info","message":"Latest price","service":"api-28193d9-binance-LUNABUSD","timestamp":"2022-03-13T13:34:14.725Z"}
{"assetPair":"LUNABUSD","data":{"price":"88.78000000","symbol":"LUNABUSD"},"level":"info","message":"Latest price","service":"api-28193d9-binance-LUNABUSD","timestamp":"2022-03-13T13:43:14.817Z"}
{"assetPair":"LUNABUSD","data":{"price":"88.37000000","symbol":"LUNABUSD"},"level":"info","message":"Latest price","service":"api-28193d9-binance-LUNABUSD","timestamp":"2022-03-13T13:52:14.898Z"}
{"assetPair":"LUNABUSD","data":{"price":"88.86000000","symbol":"LUNABUSD"},"level":"info","message":"Latest price","service":"api-28193d9-binance-LUNABUSD","timestamp":"2022-03-13T14:01:15.000Z"}
{"assetPair":"LUNABUSD","data":{"price":"89.08000000","symbol":"LUNABUSD"},"level":"info","message":"Latest price","service":"api-28193d9-binance-LUNABUSD","timestamp":"2022-03-13T14:10:15.115Z"}
{"assetPair":"LUNABUSD","data":{"price":"89.45000000","symbol":"LUNABUSD"},"level":"info","message":"Latest price","service":"api-28193d9-binance-LUNABUSD","timestamp":"2022-03-13T14:19:15.270Z"}
{"assetPair":"LUNABUSD","data":{"price":"91.19000000","symbol":"LUNABUSD"},"level":"info","message":"Latest price","service":"api-28193d9-binance-LUNABUSD","timestamp":"2022-03-13T14:28:15.409Z"}
{"assetPair":"LUNABUSD","data":{"price":"91.13000000","symbol":"LUNABUSD"},"level":"info","message":"Latest price","service":"api-28193d9-binance-LUNABUSD","timestamp":"2022-03-13T14:37:15.540Z"}
{"assetPair":"LUNABUSD","data":{"price":"91.00000000","symbol":"LUNABUSD"},"level":"info","message":"Latest price","service":"api-28193d9-binance-LUNABUSD","timestamp":"2022-03-13T14:46:15.615Z"}
{"assetPair":"LUNABUSD","data":{"price":"90.36000000","symbol":"LUNABUSD"},"level":"info","message":"Latest price","service":"api-28193d9-binance-LUNABUSD","timestamp":"2022-03-13T14:55:15.707Z"}
{"assetPair":"LUNABUSD","data":{"price":"92.15000000","symbol":"LUNABUSD"},"level":"info","message":"Latest price","service":"api-28193d9-binance-LUNABUSD","timestamp":"2022-03-13T15:04:15.848Z"}
{"assetPair":"LUNABUSD","data":{"price":"92.12000000","symbol":"LUNABUSD"},"level":"info","message":"Latest price","service":"api-28193d9-binance-LUNABUSD","timestamp":"2022-03-13T15:13:15.940Z"}
{"assetPair":"LUNABUSD","data":{"price":"92.01000000","symbol":"LUNABUSD"},"level":"info","message":"Latest price","service":"api-28193d9-binance-LUNABUSD","timestamp":"2022-03-13T15:22:16.142Z"}
{"assetPair":"LUNABUSD","data":{"price":"91.82000000","symbol":"LUNABUSD"},"level":"info","message":"Latest price","service":"api-28193d9-binance-LUNABUSD","timestamp":"2022-03-13T15:31:16.225Z"}
{"assetPair":"LUNABUSD","data":{"price":"91.83000000","symbol":"LUNABUSD"},"level":"info","message":"Latest price","service":"api-28193d9-binance-LUNABUSD","timestamp":"2022-03-13T15:40:16.405Z"}
{"assetPair":"LUNABUSD","data":{"price":"91.93000000","symbol":"LUNABUSD"},"level":"info","message":"Latest price","service":"api-28193d9-binance-LUNABUSD","timestamp":"2022-03-13T15:49:16.539Z"}
{"assetPair":"LUNABUSD","data":{"price":"91.42000000","symbol":"LUNABUSD"},"level":"info","message":"Latest price","service":"api-28193d9-binance-LUNABUSD","timestamp":"2022-03-13T15:58:16.609Z"}
{"assetPair":"LUNABUSD","data":{"price":"91.20000000","symbol":"LUNABUSD"},"level":"info","message":"Latest price","service":"api-28193d9-binance-LUNABUSD","timestamp":"2022-03-13T16:07:16.748Z"}
{"assetPair":"LUNABUSD","data":{"price":"90.78000000","symbol":"LUNABUSD"},"level":"info","message":"Latest price","service":"api-28193d9-binance-LUNABUSD","timestamp":"2022-03-13T16:16:16.884Z"}
{"assetPair":"LUNABUSD","data":{"price":"90.90000000","symbol":"LUNABUSD"},"level":"info","message":"Latest price","service":"api-28193d9-binance-LUNABUSD","timestamp":"2022-03-13T16:25:17.021Z"}
{"assetPair":"LUNABUSD","data":{"price":"90.60000000","symbol":"LUNABUSD"},"level":"info","message":"Latest price","service":"api-28193d9-binance-LUNABUSD","timestamp":"2022-03-13T16:34:17.149Z"}
{"assetPair":"LUNABUSD","data":{"price":"90.93000000","symbol":"LUNABUSD"},"level":"info","message":"Latest price","service":"api-28193d9-binance-LUNABUSD","timestamp":"2022-03-13T16:43:17.254Z"}
{"assetPair":"LUNABUSD","data":{"price":"91.06000000","symbol":"LUNABUSD"},"level":"info","message":"Latest price","service":"api-28193d9-binance-LUNABUSD","timestamp":"2022-03-13T16:52:17.324Z"}
{"assetPair":"LUNABUSD","data":{"price":"90.42000000","symbol":"LUNABUSD"},"level":"info","message":"Latest price","service":"api-28193d9-binance-LUNABUSD","timestamp":"2022-03-13T17:01:17.459Z"}
{"assetPair":"LUNABUSD","data":{"price":"90.37000000","symbol":"LUNABUSD"},"level":"info","message":"Latest price","service":"api-28193d9-binance-LUNABUSD","timestamp":"2022-03-13T17:10:17.578Z"}
{"assetPair":"LUNABUSD","data":{"price":"90.83000000","symbol":"LUNABUSD"},"level":"info","message":"Latest price","service":"api-28193d9-binance-LUNABUSD","timestamp":"2022-03-13T17:19:17.709Z"}
{"assetPair":"LUNABUSD","data":{"price":"90.66000000","symbol":"LUNABUSD"},"level":"info","message":"Latest price","service":"api-28193d9-binance-LUNABUSD","timestamp":"2022-03-13T17:28:17.845Z"}
{"assetPair":"LUNABUSD","data":{"price":"90.88000000","symbol":"LUNABUSD"},"level":"info","message":"Latest price","service":"api-28193d9-binance-LUNABUSD","timestamp":"2022-03-13T17:37:18.057Z"}
{"assetPair":"LUNABUSD","data":{"price":"90.64000000","symbol":"LUNABUSD"},"level":"info","message":"Latest price","service":"api-28193d9-binance-LUNABUSD","timestamp":"2022-03-13T17:46:18.185Z"}
{"assetPair":"LUNABUSD","data":{"price":"90.64000000","symbol":"LUNABUSD"},"level":"info","message":"Latest price","service":"api-28193d9-binance-LUNABUSD","timestamp":"2022-03-13T17:55:18.286Z"}
{"assetPair":"LUNABUSD","data":{"price":"90.55000000","symbol":"LUNABUSD"},"level":"info","message":"Latest price","service":"api-28193d9-binance-LUNABUSD","timestamp":"2022-03-13T18:04:18.319Z"}
{"assetPair":"LUNABUSD","data":{"price":"90.49000000","symbol":"LUNABUSD"},"level":"info","message":"Latest price","service":"api-28193d9-binance-LUNABUSD","timestamp":"2022-03-13T18:13:18.401Z"}
{"assetPair":"LUNABUSD","data":{"price":"90.29000000","symbol":"LUNABUSD"},"level":"info","message":"Latest price","service":"api-28193d9-binance-LUNABUSD","timestamp":"2022-03-13T18:22:18.535Z"}
{"assetPair":"LUNABUSD","data":{"price":"90.24000000","symbol":"LUNABUSD"},"level":"info","message":"Latest price","service":"api-28193d9-binance-LUNABUSD","timestamp":"2022-03-13T18:31:18.659Z"}
{"assetPair":"LUNABUSD","data":{"price":"89.90000000","symbol":"LUNABUSD"},"level":"info","message":"Latest price","service":"api-28193d9-binance-LUNABUSD","timestamp":"2022-03-13T18:40:18.784Z"}
{"assetPair":"LUNABUSD","data":{"price":"89.84000000","symbol":"LUNABUSD"},"level":"info","message":"Latest price","service":"api-28193d9-binance-LUNABUSD","timestamp":"2022-03-13T18:49:18.825Z"}
{"assetPair":"LUNABUSD","data":{"price":"89.84000000","symbol":"LUNABUSD"},"level":"info","message":"Latest price","service":"api-28193d9-binance-LUNABUSD","timestamp":"2022-03-13T18:58:18.898Z"}
{"assetPair":"LUNABUSD","data":{"price":"89.39000000","symbol":"LUNABUSD"},"level":"info","message":"Latest price","service":"api-28193d9-binance-LUNABUSD","timestamp":"2022-03-13T19:07:18.954Z"}
{"assetPair":"LUNABUSD","data":{"price":"89.59000000","symbol":"LUNABUSD"},"level":"info","message":"Latest price","service":"api-28193d9-binance-LUNABUSD","timestamp":"2022-03-13T19:16:19.145Z"}
{"assetPair":"LUNABUSD","data":{"price":"89.74000000","symbol":"LUNABUSD"},"level":"info","message":"Latest price","service":"api-28193d9-binance-LUNABUSD","timestamp":"2022-03-13T19:25:19.271Z"}
{"assetPair":"LUNABUSD","data":{"price":"89.45000000","symbol":"LUNABUSD"},"level":"info","message":"Latest price","service":"api-28193d9-binance-LUNABUSD","timestamp":"2022-03-13T19:34:19.408Z"}
{"assetPair":"LUNABUSD","data":{"price":"89.22000000","symbol":"LUNABUSD"},"level":"info","message":"Latest price","service":"api-28193d9-binance-LUNABUSD","timestamp":"2022-03-13T19:43:19.547Z"}
{"assetPair":"LUNABUSD","data":{"price":"89.23000000","symbol":"LUNABUSD"},"level":"info","message":"Latest price","service":"api-28193d9-binance-LUNABUSD","timestamp":"2022-03-13T19:52:19.674Z"}
{"assetPair":"LUNABUSD","data":{"price":"89.00000000","symbol":"LUNABUSD"},"level":"info","message":"Latest price","service":"api-28193d9-binance-LUNABUSD","timestamp":"2022-03-13T20:01:19.807Z"}
{"assetPair":"LUNABUSD","data":{"price":"88.93000000","symbol":"LUNABUSD"},"level":"info","message":"Latest price","service":"api-28193d9-binance-LUNABUSD","timestamp":"2022-03-13T20:10:19.933Z"}
{"assetPair":"LUNABUSD","data":{"price":"89.09000000","symbol":"LUNABUSD"},"level":"info","message":"Latest price","service":"api-28193d9-binance-LUNABUSD","timestamp":"2022-03-13T20:19:20.072Z"}
{"assetPair":"LUNABUSD","data":{"price":"88.99000000","symbol":"LUNABUSD"},"level":"info","message":"Latest price","service":"api-28193d9-binance-LUNABUSD","timestamp":"2022-03-13T20:28:20.212Z"}
{"assetPair":"LUNABUSD","data":{"price":"89.10000000","symbol":"LUNABUSD"},"level":"info","message":"Latest price","service":"api-28193d9-binance-LUNABUSD","timestamp":"2022-03-13T20:37:20.292Z"}
{"assetPair":"LUNABUSD","data":{"price":"89.04000000","symbol":"LUNABUSD"},"level":"info","message":"Latest price","service":"api-28193d9-binance-LUNABUSD","timestamp":"2022-03-13T20:46:20.420Z"}
{"assetPair":"LUNABUSD","data":{"price":"88.76000000","symbol":"LUNABUSD"},"level":"info","message":"Latest price","service":"api-28193d9-binance-LUNABUSD","timestamp":"2022-03-13T20:55:20.549Z"}
{"assetPair":"LUNABUSD","data":{"price":"88.83000000","symbol":"LUNABUSD"},"level":"info","message":"Latest price","service":"api-28193d9-binance-LUNABUSD","timestamp":"2022-03-13T21:04:20.665Z"}
{"assetPair":"LUNABUSD","data":{"price":"89.00000000","symbol":"LUNABUSD"},"level":"info","message":"Latest price","service":"api-28193d9-binance-LUNABUSD","timestamp":"2022-03-13T21:13:20.804Z"}
{"assetPair":"LUNABUSD","data":{"price":"88.76000000","symbol":"LUNABUSD"},"level":"info","message":"Latest price","service":"api-28193d9-binance-LUNABUSD","timestamp":"2022-03-13T21:22:20.941Z"}
{"assetPair":"LUNABUSD","data":{"price":"88.90000000","symbol":"LUNABUSD"},"level":"info","message":"Latest price","service":"api-28193d9-binance-LUNABUSD","timestamp":"2022-03-13T21:31:20.997Z"}
{"assetPair":"LUNABUSD","data":{"price":"88.98000000","symbol":"LUNABUSD"},"level":"info","message":"Latest price","service":"api-28193d9-binance-LUNABUSD","timestamp":"2022-03-13T21:40:21.131Z"}
{"assetPair":"LUNABUSD","data":{"price":"88.74000000","symbol":"LUNABUSD"},"level":"info","message":"Latest price","service":"api-28193d9-binance-LUNABUSD","timestamp":"2022-03-13T21:49:21.238Z"}
{"assetPair":"LUNABUSD","data":{"price":"88.38000000","symbol":"LUNABUSD"},"level":"info","message":"Latest price","service":"api-28193d9-binance-LUNABUSD","timestamp":"2022-03-13T21:58:21.366Z"}
{"assetPair":"LUNABUSD","data":{"price":"87.57000000","symbol":"LUNABUSD"},"level":"info","message":"Latest price","service":"api-28193d9-binance-LUNABUSD","timestamp":"2022-03-13T22:07:21.409Z"}
{"assetPair":"LUNABUSD","data":{"price":"87.49000000","symbol":"LUNABUSD"},"level":"info","message":"Latest price","service":"api-28193d9-binance-LUNABUSD","timestamp":"2022-03-13T22:16:21.543Z"}
{"assetPair":"LUNABUSD","data":{"price":"87.49000000","symbol":"LUNABUSD"},"level":"info","message":"Latest price","service":"api-28193d9-binance-LUNABUSD","timestamp":"2022-03-13T22:25:21.672Z"}
{"assetPair":"LUNABUSD","data":{"price":"87.96000000","symbol":"LUNABUSD"},"level":"info","message":"Latest price","service":"api-28193d9-binance-LUNABUSD","timestamp":"2022-03-13T22:34:21.778Z"}
{"assetPair":"LUNABUSD","data":{"price":"87.59000000","symbol":"LUNABUSD"},"level":"info","message":"Latest price","service":"api-28193d9-binance-LUNABUSD","timestamp":"2022-03-13T22:43:21.863Z"}
{"assetPair":"LUNABUSD","data":{"price":"85.71000000","symbol":"LUNABUSD"},"level":"info","message":"Latest price","service":"api-28193d9-binance-LUNABUSD","timestamp":"2022-03-13T22:52:21.945Z"}
{"assetPair":"LUNABUSD","data":{"price":"85.78000000","symbol":"LUNABUSD"},"level":"info","message":"Latest price","service":"api-28193d9-binance-LUNABUSD","timestamp":"2022-03-13T23:01:22.051Z"}
{"assetPair":"LUNABUSD","data":{"price":"86.85000000","symbol":"LUNABUSD"},"level":"info","message":"Latest price","service":"api-28193d9-binance-LUNABUSD","timestamp":"2022-03-13T23:10:22.181Z"}
{"assetPair":"LUNABUSD","data":{"price":"86.92000000","symbol":"LUNABUSD"},"level":"info","message":"Latest price","service":"api-28193d9-binance-LUNABUSD","timestamp":"2022-03-13T23:19:22.314Z"}
{"assetPair":"LUNABUSD","data":{"price":"86.99000000","symbol":"LUNABUSD"},"level":"info","message":"Latest price","service":"api-28193d9-binance-LUNABUSD","timestamp":"2022-03-13T23:28:22.471Z"}
{"assetPair":"LUNABUSD","data":{"price":"86.68000000","symbol":"LUNABUSD"},"level":"info","message":"Latest price","service":"api-28193d9-binance-LUNABUSD","timestamp":"2022-03-13T23:37:22.613Z"}
{"assetPair":"LUNABUSD","data":{"price":"86.56000000","symbol":"LUNABUSD"},"level":"info","message":"Latest price","service":"api-28193d9-binance-LUNABUSD","timestamp":"2022-03-13T23:46:22.779Z"}
{"assetPair":"LUNABUSD","data":{"price":"87.34000000","symbol":"LUNABUSD"},"level":"info","message":"Latest price","service":"api-28193d9-binance-LUNABUSD","timestamp":"2022-03-13T23:55:22.849Z"}
{"assetPair":"LUNABUSD","data":{"price":"87.28000000","symbol":"LUNABUSD"},"level":"info","message":"Latest price","service":"api-28193d9-binance-LUNABUSD","timestamp":"2022-03-14T00:04:22.994Z"}
{"assetPair":"LUNABUSD","data":{"price":"86.69000000","symbol":"LUNABUSD"},"level":"info","message":"Latest price","service":"api-28193d9-binance-LUNABUSD","timestamp":"2022-03-14T00:13:23.109Z"}
{"assetPair":"LUNABUSD","data":{"price":"87.78000000","symbol":"LUNABUSD"},"level":"info","message":"Latest price","service":"api-28193d9-binance-LUNABUSD","timestamp":"2022-03-14T00:22:23.266Z"}
{"assetPair":"LUNABUSD","data":{"price":"87.52000000","symbol":"LUNABUSD"},"level":"info","message":"Latest price","service":"api-28193d9-binance-LUNABUSD","timestamp":"2022-03-14T00:31:23.335Z"}
{"assetPair":"LUNABUSD","data":{"price":"87.09000000","symbol":"LUNABUSD"},"level":"info","message":"Latest price","service":"api-28193d9-binance-LUNABUSD","timestamp":"2022-03-14T00:40:23.474Z"}
{"assetPair":"LUNABUSD","data":{"price":"87.23000000","symbol":"LUNABUSD"},"level":"info","message":"Latest price","service":"api-28193d9-binance-LUNABUSD","timestamp":"2022-03-14T00:49:23.582Z"}
{"assetPair":"LUNABUSD","data":{"price":"87.49000000","symbol":"LUNABUSD"},"level":"info","message":"Latest price","service":"api-28193d9-binance-LUNABUSD","timestamp":"2022-03-14T00:58:23.660Z"}
{"assetPair":"LUNABUSD","data":{"price":"88.12000000","symbol":"LUNABUSD"},"level":"info","message":"Latest price","service":"api-28193d9-binance-LUNABUSD","timestamp":"2022-03-14T01:07:23.746Z"}
{"assetPair":"LUNABUSD","data":{"price":"88.19000000","symbol":"LUNABUSD"},"level":"info","message":"Latest price","service":"api-28193d9-binance-LUNABUSD","timestamp":"2022-03-14T01:16:23.910Z"}
{"assetPair":"LUNABUSD","data":{"price":"87.85000000","symbol":"LUNABUSD"},"level":"info","message":"Latest price","service":"api-28193d9-binance-LUNABUSD","timestamp":"2022-03-14T01:25:24.041Z"}
{"assetPair":"LUNABUSD","data":{"price":"88.08000000","symbol":"LUNABUSD"},"level":"info","message":"Latest price","service":"api-28193d9-binance-LUNABUSD","timestamp":"2022-03-14T01:34:24.137Z"}
{"assetPair":"LUNABUSD","data":{"price":"88.14000000","symbol":"LUNABUSD"},"level":"info","message":"Latest price","service":"api-28193d9-binance-LUNABUSD","timestamp":"2022-03-14T01:43:24.299Z"}
{"assetPair":"LUNABUSD","data":{"price":"88.29000000","symbol":"LUNABUSD"},"level":"info","message":"Latest price","service":"api-28193d9-binance-LUNABUSD","timestamp":"2022-03-14T01:52:24.435Z"}
{"assetPair":"LUNABUSD","data":{"price":"88.60000000","symbol":"LUNABUSD"},"level":"info","message":"Latest price","service":"api-28193d9-binance-LUNABUSD","timestamp":"2022-03-14T02:01:24.546Z"}
{"assetPair":"LUNABUSD","data":{"price":"88.74000000","symbol":"LUNABUSD"},"level":"info","message":"Latest price","service":"api-28193d9-binance-LUNABUSD","timestamp":"2022-03-14T02:10:24.617Z"}
{"assetPair":"LUNABUSD","data":{"price":"89.38000000","symbol":"LUNABUSD"},"level":"info","message":"Latest price","service":"api-28193d9-binance-LUNABUSD","timestamp":"2022-03-14T02:19:24.678Z"}
{"assetPair":"LUNABUSD","data":{"price":"89.93000000","symbol":"LUNABUSD"},"level":"info","message":"Latest price","service":"api-28193d9-binance-LUNABUSD","timestamp":"2022-03-14T02:28:24.822Z"}
{"assetPair":"LUNABUSD","data":{"price":"89.53000000","symbol":"LUNABUSD"},"level":"info","message":"Latest price","service":"api-28193d9-binance-LUNABUSD","timestamp":"2022-03-14T02:37:24.940Z"}
{"assetPair":"LUNABUSD","data":{"price":"89.47000000","symbol":"LUNABUSD"},"level":"info","message":"Latest price","service":"api-28193d9-binance-LUNABUSD","timestamp":"2022-03-14T02:46:25.101Z"}
{"assetPair":"LUNABUSD","data":{"price":"89.01000000","symbol":"LUNABUSD"},"level":"info","message":"Latest price","service":"api-28193d9-binance-LUNABUSD","timestamp":"2022-03-14T02:55:25.217Z"}
{"assetPair":"LUNABUSD","data":{"price":"89.23000000","symbol":"LUNABUSD"},"level":"info","message":"Latest price","service":"api-28193d9-binance-LUNABUSD","timestamp":"2022-03-14T03:04:25.325Z"}
{"assetPair":"LUNABUSD","data":{"price":"88.62000000","symbol":"LUNABUSD"},"level":"info","message":"Latest price","service":"api-28193d9-binance-LUNABUSD","timestamp":"2022-03-14T03:13:25.456Z"}
{"assetPair":"LUNABUSD","data":{"price":"88.94000000","symbol":"LUNABUSD"},"level":"info","message":"Latest price","service":"api-28193d9-binance-LUNABUSD","timestamp":"2022-03-14T03:22:25.540Z"}
{"assetPair":"LUNABUSD","data":{"price":"89.72000000","symbol":"LUNABUSD"},"level":"info","message":"Latest price","service":"api-28193d9-binance-LUNABUSD","timestamp":"2022-03-14T03:31:25.633Z"}
{"assetPair":"LUNABUSD","data":{"price":"89.25000000","symbol":"LUNABUSD"},"level":"info","message":"Latest price","service":"api-28193d9-binance-LUNABUSD","timestamp":"2022-03-14T03:40:25.759Z"}
{"assetPair":"LUNABUSD","data":{"price":"89.69000000","symbol":"LUNABUSD"},"level":"info","message":"Latest price","service":"api-28193d9-binance-LUNABUSD","timestamp":"2022-03-14T03:49:25.970Z"}
{"assetPair":"LUNABUSD","data":{"price":"89.81000000","symbol":"LUNABUSD"},"level":"info","message":"Latest price","service":"api-28193d9-binance-LUNABUSD","timestamp":"2022-03-14T03:58:26.096Z"}
{"assetPair":"LUNABUSD","data":{"price":"90.06000000","symbol":"LUNABUSD"},"level":"info","message":"Latest price","service":"api-28193d9-binance-LUNABUSD","timestamp":"2022-03-14T04:07:26.162Z"}
{"assetPair":"LUNABUSD","data":{"price":"91.50000000","symbol":"LUNABUSD"},"level":"info","message":"Latest price","service":"api-28193d9-binance-LUNABUSD","timestamp":"2022-03-14T04:16:26.227Z"}
{"assetPair":"LUNABUSD","data":{"price":"90.65000000","symbol":"LUNABUSD"},"level":"info","message":"Latest price","service":"api-28193d9-binance-LUNABUSD","timestamp":"2022-03-14T04:25:26.371Z"}
{"assetPair":"LUNABUSD","data":{"price":"90.40000000","symbol":"LUNABUSD"},"level":"info","message":"Latest price","service":"api-28193d9-binance-LUNABUSD","timestamp":"2022-03-14T04:34:26.487Z"}
{"assetPair":"LUNABUSD","data":{"price":"90.29000000","symbol":"LUNABUSD"},"level":"info","message":"Latest price","service":"api-28193d9-binance-LUNABUSD","timestamp":"2022-03-14T04:43:26.587Z"}
{"assetPair":"LUNABUSD","data":{"price":"90.76000000","symbol":"LUNABUSD"},"level":"info","message":"Latest price","service":"api-28193d9-binance-LUNABUSD","timestamp":"2022-03-14T04:52:26.689Z"}
{"assetPair":"LUNABUSD","data":{"price":"90.28000000","symbol":"LUNABUSD"},"level":"info","message":"Latest price","service":"api-28193d9-binance-LUNABUSD","timestamp":"2022-03-14T05:01:26.790Z"}
{"assetPair":"LUNABUSD","data":{"price":"90.43000000","symbol":"LUNABUSD"},"level":"info","message":"Latest price","service":"api-28193d9-binance-LUNABUSD","timestamp":"2022-03-14T05:10:26.893Z"}
{"assetPair":"LUNABUSD","data":{"price":"90.12000000","symbol":"LUNABUSD"},"level":"info","message":"Latest price","service":"api-28193d9-binance-LUNABUSD","timestamp":"2022-03-14T05:19:27.057Z"}
{"assetPair":"LUNABUSD","data":{"price":"90.17000000","symbol":"LUNABUSD"},"level":"info","message":"Latest price","service":"api-28193d9-binance-LUNABUSD","timestamp":"2022-03-14T05:28:27.135Z"}
{"assetPair":"LUNABUSD","data":{"price":"90.03000000","symbol":"LUNABUSD"},"level":"info","message":"Latest price","service":"api-28193d9-binance-LUNABUSD","timestamp":"2022-03-14T05:37:27.177Z"}
{"assetPair":"LUNABUSD","data":{"price":"89.98000000","symbol":"LUNABUSD"},"level":"info","message":"Latest price","service":"api-28193d9-binance-LUNABUSD","timestamp":"2022-03-14T05:46:27.312Z"}
{"assetPair":"LUNABUSD","data":{"price":"89.60000000","symbol":"LUNABUSD"},"level":"info","message":"Latest price","service":"api-28193d9-binance-LUNABUSD","timestamp":"2022-03-14T05:55:27.439Z"}
{"assetPair":"LUNABUSD","data":{"price":"89.56000000","symbol":"LUNABUSD"},"level":"info","message":"Latest price","service":"api-28193d9-binance-LUNABUSD","timestamp":"2022-03-14T06:04:27.564Z"}
{"assetPair":"LUNABUSD","data":{"price":"90.17000000","symbol":"LUNABUSD"},"level":"info","message":"Latest price","service":"api-28193d9-binance-LUNABUSD","timestamp":"2022-03-14T06:13:27.663Z"}
{"assetPair":"LUNABUSD","data":{"price":"90.36000000","symbol":"LUNABUSD"},"level":"info","message":"Latest price","service":"api-28193d9-binance-LUNABUSD","timestamp":"2022-03-14T06:22:27.823Z"}
{"assetPair":"LUNABUSD","data":{"price":"90.48000000","symbol":"LUNABUSD"},"level":"info","message":"Latest price","service":"api-28193d9-binance-LUNABUSD","timestamp":"2022-03-14T06:31:27.958Z"}
{"assetPair":"LUNABUSD","data":{"price":"90.73000000","symbol":"LUNABUSD"},"level":"info","message":"Latest price","service":"api-28193d9-binance-LUNABUSD","timestamp":"2022-03-14T06:40:28.088Z"}
{"assetPair":"LUNABUSD","data":{"price":"90.34000000","symbol":"LUNABUSD"},"level":"info","message":"Latest price","service":"api-28193d9-binance-LUNABUSD","timestamp":"2022-03-14T06:49:28.224Z"}
{"assetPair":"LUNABUSD","data":{"price":"90.27000000","symbol":"LUNABUSD"},"level":"info","message":"Latest price","service":"api-28193d9-binance-LUNABUSD","timestamp":"2022-03-14T06:58:28.359Z"}
{"assetPair":"LUNABUSD","data":{"price":"90.31000000","symbol":"LUNABUSD"},"level":"info","message":"Latest price","service":"api-28193d9-binance-LUNABUSD","timestamp":"2022-03-14T07:07:28.482Z"}
{"assetPair":"LUNABUSD","data":{"price":"90.45000000","symbol":"LUNABUSD"},"level":"info","message":"Latest price","service":"api-28193d9-binance-LUNABUSD","timestamp":"2022-03-14T07:16:28.612Z"}
{"assetPair":"LUNABUSD","data":{"price":"90.17000000","symbol":"LUNABUSD"},"level":"info","message":"Latest price","service":"api-28193d9-binance-LUNABUSD","timestamp":"2022-03-14T07:25:28.701Z"}
{"assetPair":"LUNABUSD","data":{"price":"90.61000000","symbol":"LUNABUSD"},"level":"info","message":"Latest price","service":"api-28193d9-binance-LUNABUSD","timestamp":"2022-03-14T07:34:28.866Z"}
{"assetPair":"LUNABUSD","data":{"price":"90.53000000","symbol":"LUNABUSD"},"level":"info","message":"Latest price","service":"api-28193d9-binance-LUNABUSD","timestamp":"2022-03-14T07:43:28.995Z"}
{"assetPair":"LUNABUSD","data":{"price":"90.77000000","symbol":"LUNABUSD"},"level":"info","message":"Latest price","service":"api-28193d9-binance-LUNABUSD","timestamp":"2022-03-14T07:52:29.129Z"}
{"assetPair":"LUNABUSD","data":{"price":"90.81000000","symbol":"LUNABUSD"},"level":"info","message":"Latest price","service":"api-28193d9-binance-LUNABUSD","timestamp":"2022-03-14T08:01:29.261Z"}
{"assetPair":"LUNABUSD","data":{"price":"91.79000000","symbol":"LUNABUSD"},"level":"info","message":"Latest price","service":"api-28193d9-binance-LUNABUSD","timestamp":"2022-03-14T08:10:29.391Z"}
{"assetPair":"LUNABUSD","data":{"price":"91.43000000","symbol":"LUNABUSD"},"level":"info","message":"Latest price","service":"api-28193d9-binance-LUNABUSD","timestamp":"2022-03-14T08:19:29.522Z"}
{"assetPair":"LUNABUSD","data":{"price":"91.48000000","symbol":"LUNABUSD"},"level":"info","message":"Latest price","service":"api-28193d9-binance-LUNABUSD","timestamp":"2022-03-14T08:28:29.677Z"}
{"assetPair":"LUNABUSD","data":{"price":"91.41000000","symbol":"LUNABUSD"},"level":"info","message":"Latest price","service":"api-28193d9-binance-LUNABUSD","timestamp":"2022-03-14T08:37:29.800Z"}
{"assetPair":"LUNABUSD","data":{"price":"91.94000000","symbol":"LUNABUSD"},"level":"info","message":"Latest price","service":"api-28193d9-binance-LUNABUSD","timestamp":"2022-03-14T08:46:29.942Z"}
{"assetPair":"LUNABUSD","data":{"price":"92.43000000","symbol":"LUNABUSD"},"level":"info","message":"Latest price","service":"api-28193d9-binance-LUNABUSD","timestamp":"2022-03-14T08:55:30.053Z"}
{"assetPair":"LUNABUSD","data":{"price":"92.27000000","symbol":"LUNABUSD"},"level":"info","message":"Latest price","service":"api-28193d9-binance-LUNABUSD","timestamp":"2022-03-14T09:04:30.185Z"}
{"assetPair":"LUNABUSD","data":{"price":"92.23000000","symbol":"LUNABUSD"},"level":"info","message":"Latest price","service":"api-28193d9-binance-LUNABUSD","timestamp":"2022-03-14T09:13:30.305Z"}
{"assetPair":"LUNABUSD","data":{"price":"92.97000000","symbol":"LUNABUSD"},"level":"info","message":"Latest price","service":"api-28193d9-binance-LUNABUSD","timestamp":"2022-03-14T09:22:30.372Z"}
{"assetPair":"LUNABUSD","data":{"price":"93.41000000","symbol":"LUNABUSD"},"level":"info","message":"Latest price","service":"api-28193d9-binance-LUNABUSD","timestamp":"2022-03-14T09:31:30.508Z"}
{"assetPair":"LUNABUSD","data":{"price":"93.90000000","symbol":"LUNABUSD"},"level":"info","message":"Latest price","service":"api-28193d9-binance-LUNABUSD","timestamp":"2022-03-14T09:40:30.641Z"}
{"assetPair":"LUNABUSD","data":{"price":"94.39000000","symbol":"LUNABUSD"},"level":"info","message":"Latest price","service":"api-28193d9-binance-LUNABUSD","timestamp":"2022-03-14T09:49:30.702Z"}
{"assetPair":"LUNABUSD","data":{"price":"94.02000000","symbol":"LUNABUSD"},"level":"info","message":"Latest price","service":"api-28193d9-binance-LUNABUSD","timestamp":"2022-03-14T09:58:30.823Z"}
{"balance":{"asset":"LUNA","free":"0.26925000","locked":"0.00000000"},"level":"info","message":"Binance balance","service":"api-28193d9-binance-LUNABUSD","timestamp":"2022-03-14T09:58:30.892Z"}
{"correctedPrice":"94.02","correctedQty":"0.26","forAsset":"BUSD","level":"info","message":"Initiating SELL","price":"94.02000000","quantity":"0.26925000","sellAsset":"LUNA","service":"api-28193d9-binance-LUNABUSD","timestamp":"2022-03-14T09:58:30.911Z"}
{"data":{"clientOrderId":"IDMkfgyhac3JiMIUTj1kHF","cummulativeQuoteQty":"24.44520000","executedQty":"0.26000000","fills":[{"commission":"0.02444520","commissionAsset":"BUSD","price":"94.02000000","qty":"0.26000000","tradeId":33462554}],"orderId":474381185,"orderListId":-1,"origQty":"0.26000000","price":"94.02000000","side":"SELL","status":"FILLED","symbol":"LUNABUSD","timeInForce":"GTC","transactTime":1647251910935,"type":"LIMIT"},"level":"info","message":"SELL success","service":"api-28193d9-binance-LUNABUSD","timestamp":"2022-03-14T09:58:30.940Z"}
{"assetPair":"AUDBUSD","data":{"price":"0.72540000","symbol":"AUDBUSD"},"level":"info","message":"Latest price","service":"api-28193d9-binance-LUNABUSD","timestamp":"2022-03-14T09:58:31.006Z"}
{"level":"info","message":"Checking order status","origClientOrderId":"IDMkfgyhac3JiMIUTj1kHF","service":"api-28193d9-binance-LUNABUSD","symbol":"LUNABUSD","timestamp":"2022-03-14T10:07:31.081Z"}
{"data":{"clientOrderId":"IDMkfgyhac3JiMIUTj1kHF","cummulativeQuoteQty":"24.44520000","executedQty":"0.26000000","icebergQty":"0.00000000","isWorking":true,"orderId":474381185,"orderListId":-1,"origQty":"0.26000000","origQuoteOrderQty":"0.00000000","price":"94.02000000","side":"SELL","status":"FILLED","stopPrice":"0.00000000","symbol":"LUNABUSD","time":1647251910935,"timeInForce":"GTC","type":"LIMIT","updateTime":1647251910935},"level":"info","message":"Order status","service":"api-28193d9-binance-LUNABUSD","timestamp":"2022-03-14T10:07:31.119Z"}
{"assetPair":"LUNABUSD","data":{"price":"94.34000000","symbol":"LUNABUSD"},"level":"info","message":"Latest price","service":"api-28193d9-binance-LUNABUSD","timestamp":"2022-03-14T10:07:31.151Z"}
{"assetPair":"LUNABUSD","data":{"price":"94.26000000","symbol":"LUNABUSD"},"level":"info","message":"Latest price","service":"api-28193d9-binance-LUNABUSD","timestamp":"2022-03-14T10:16:31.299Z"}
{"assetPair":"LUNABUSD","data":{"price":"94.06000000","symbol":"LUNABUSD"},"level":"info","message":"Latest price","service":"api-28193d9-binance-LUNABUSD","timestamp":"2022-03-14T10:25:31.402Z"}
{"assetPair":"LUNABUSD","data":{"price":"93.44000000","symbol":"LUNABUSD"},"level":"info","message":"Latest price","service":"api-735942b-binance-LUNABUSD","timestamp":"2022-03-14T10:39:40.842Z"}
{"assetPair":"LUNABUSD","data":{"price":"93.40000000","symbol":"LUNABUSD"},"level":"info","message":"Latest price","service":"api-735942b-binance-LUNABUSD","timestamp":"2022-03-14T10:54:40.935Z"}
{"assetPair":"LUNABUSD","data":{"price":"92.86000000","symbol":"LUNABUSD"},"level":"info","message":"Latest price","service":"api-735942b-binance-LUNABUSD","timestamp":"2022-03-14T11:09:41.031Z"}
{"assetPair":"LUNABUSD","data":{"price":"93.78000000","symbol":"LUNABUSD"},"level":"info","message":"Latest price","service":"api-735942b-binance-LUNABUSD","timestamp":"2022-03-14T11:24:41.127Z"}
{"assetPair":"LUNABUSD","data":{"price":"93.23000000","symbol":"LUNABUSD"},"level":"info","message":"Latest price","service":"api-735942b-binance-LUNABUSD","timestamp":"2022-03-14T11:39:41.252Z"}
{"assetPair":"LUNABUSD","data":{"price":"92.96000000","symbol":"LUNABUSD"},"level":"info","message":"Latest price","service":"api-735942b-binance-LUNABUSD","timestamp":"2022-03-14T11:54:41.357Z"}
{"assetPair":"LUNABUSD","data":{"price":"93.16000000","symbol":"LUNABUSD"},"level":"info","message":"Latest price","service":"api-735942b-binance-LUNABUSD","timestamp":"2022-03-14T12:09:41.505Z"}
{"assetPair":"LUNABUSD","data":{"price":"92.57000000","symbol":"LUNABUSD"},"level":"info","message":"Latest price","service":"api-735942b-binance-LUNABUSD","timestamp":"2022-03-14T12:24:41.587Z"}
{"assetPair":"LUNABUSD","data":{"price":"92.18000000","symbol":"LUNABUSD"},"level":"info","message":"Latest price","service":"api-735942b-binance-LUNABUSD","timestamp":"2022-03-14T12:39:41.706Z"}
{"assetPair":"LUNABUSD","data":{"price":"92.20000000","symbol":"LUNABUSD"},"level":"info","message":"Latest price","service":"api-735942b-binance-LUNABUSD","timestamp":"2022-03-14T12:54:41.835Z"}
