{"assetPair":"LUNABUSD","data":{"price":"90.61000000","symbol":"LUNABUSD"},"level":"info","message":"Latest price","service":"api-735942b-binance-LUNABUSD","timestamp":"2022-03-15T13:09:53.268Z"}
{"assetPair":"LUNABUSD","data":{"price":"90.69000000","symbol":"LUNABUSD"},"level":"info","message":"Latest price","service":"api-735942b-binance-LUNABUSD","timestamp":"2022-03-15T13:24:53.399Z"}
{"assetPair":"LUNABUSD","data":{"price":"90.56000000","symbol":"LUNABUSD"},"level":"info","message":"Latest price","service":"api-735942b-binance-LUNABUSD","timestamp":"2022-03-15T13:39:53.543Z"}
{"assetPair":"LUNABUSD","data":{"price":"89.80000000","symbol":"LUNABUSD"},"level":"info","message":"Latest price","service":"api-735942b-binance-LUNABUSD","timestamp":"2022-03-15T13:54:53.601Z"}
{"assetPair":"LUNABUSD","data":{"price":"90.53000000","symbol":"LUNABUSD"},"level":"info","message":"Latest price","service":"api-735942b-binance-LUNABUSD","timestamp":"2022-03-15T14:09:53.668Z"}
{"assetPair":"LUNABUSD","data":{"price":"90.59000000","symbol":"LUNABUSD"},"level":"info","message":"Latest price","service":"api-735942b-binance-LUNABUSD","timestamp":"2022-03-15T14:24:53.796Z"}
{"assetPair":"LUNABUSD","data":{"price":"91.29000000","symbol":"LUNABUSD"},"level":"info","message":"Latest price","service":"api-735942b-binance-LUNABUSD","timestamp":"2022-03-15T14:39:53.934Z"}
{"assetPair":"LUNABUSD","data":{"price":"91.44000000","symbol":"LUNABUSD"},"level":"info","message":"Latest price","service":"api-735942b-binance-LUNABUSD","timestamp":"2022-03-15T14:54:54.070Z"}
{"assetPair":"LUNABUSD","data":{"price":"91.43000000","symbol":"LUNABUSD"},"level":"info","message":"Latest price","service":"api-735942b-binance-LUNABUSD","timestamp":"2022-03-15T15:09:54.152Z"}
{"assetPair":"LUNABUSD","data":{"price":"92.05000000","symbol":"LUNABUSD"},"level":"info","message":"Latest price","service":"api-735942b-binance-LUNABUSD","timestamp":"2022-03-15T15:24:54.281Z"}
{"assetPair":"LUNABUSD","data":{"price":"92.36000000","symbol":"LUNABUSD"},"level":"info","message":"Latest price","service":"api-735942b-binance-LUNABUSD","timestamp":"2022-03-15T15:39:54.403Z"}
{"assetPair":"LUNABUSD","data":{"price":"91.77000000","symbol":"LUNABUSD"},"level":"info","message":"Latest price","service":"api-735942b-binance-LUNABUSD","timestamp":"2022-03-15T15:54:54.441Z"}
{"assetPair":"LUNABUSD","data":{"price":"91.22000000","symbol":"LUNABUSD"},"level":"info","message":"Latest price","service":"api-735942b-binance-LUNABUSD","timestamp":"2022-03-15T16:09:54.520Z"}
{"assetPair":"LUNABUSD","data":{"price":"91.83000000","symbol":"LUNABUSD"},"level":"info","message":"Latest price","service":"api-735942b-binance-LUNABUSD","timestamp":"2022-03-15T16:24:54.577Z"}
{"assetPair":"LUNABUSD","data":{"price":"91.70000000","symbol":"LUNABUSD"},"level":"info","message":"Latest price","service":"api-735942b-binance-LUNABUSD","timestamp":"2022-03-15T16:39:54.661Z"}
{"assetPair":"LUNABUSD","data":{"price":"91.32000000","symbol":"LUNABUSD"},"level":"info","message":"Latest price","service":"api-735942b-binance-LUNABUSD","timestamp":"2022-03-15T16:54:54.787Z"}
{"assetPair":"LUNABUSD","data":{"price":"90.78000000","symbol":"LUNABUSD"},"level":"info","message":"Latest price","service":"api-735942b-binance-LUNABUSD","timestamp":"2022-03-15T17:09:54.914Z"}
{"assetPair":"LUNABUSD","data":{"price":"90.64000000","symbol":"LUNABUSD"},"level":"info","message":"Latest price","service":"api-735942b-binance-LUNABUSD","timestamp":"2022-03-15T17:24:54.975Z"}
{"assetPair":"LUNABUSD","data":{"price":"90.76000000","symbol":"LUNABUSD"},"level":"info","message":"Latest price","service":"api-735942b-binance-LUNABUSD","timestamp":"2022-03-15T17:39:55.078Z"}
{"assetPair":"LUNABUSD","data":{"price":"90.97000000","symbol":"LUNABUSD"},"level":"info","message":"Latest price","service":"api-735942b-binance-LUNABUSD","timestamp":"2022-03-15T17:54:55.135Z"}
{"assetPair":"LUNABUSD","data":{"price":"90.51000000","symbol":"LUNABUSD"},"level":"info","message":"Latest price","service":"api-735942b-binance-LUNABUSD","timestamp":"2022-03-15T18:09:55.167Z"}
{"assetPair":"LUNABUSD","data":{"price":"90.66000000","symbol":"LUNABUSD"},"level":"info","message":"Latest price","service":"api-735942b-binance-LUNABUSD","timestamp":"2022-03-15T18:24:55.274Z"}
{"assetPair":"LUNABUSD","data":{"price":"90.67000000","symbol":"LUNABUSD"},"level":"info","message":"Latest price","service":"api-735942b-binance-LUNABUSD","timestamp":"2022-03-15T18:39:55.404Z"}
{"assetPair":"LUNABUSD","data":{"price":"91.12000000","symbol":"LUNABUSD"},"level":"info","message":"Latest price","service":"api-735942b-binance-LUNABUSD","timestamp":"2022-03-15T18:54:55.556Z"}
{"assetPair":"LUNABUSD","data":{"price":"91.08000000","symbol":"LUNABUSD"},"level":"info","message":"Latest price","service":"api-735942b-binance-LUNABUSD","timestamp":"2022-03-15T19:09:55.626Z"}
{"assetPair":"LUNABUSD","data":{"price":"90.80000000","symbol":"LUNABUSD"},"level":"info","message":"Latest price","service":"api-735942b-binance-LUNABUSD","timestamp":"2022-03-15T19:24:55.787Z"}
{"assetPair":"LUNABUSD","data":{"price":"91.12000000","symbol":"LUNABUSD"},"level":"info","message":"Latest price","service":"api-735942b-binance-LUNABUSD","timestamp":"2022-03-15T19:39:55.939Z"}
{"assetPair":"LUNABUSD","data":{"price":"90.16000000","symbol":"LUNABUSD"},"level":"info","message":"Latest price","service":"api-735942b-binance-LUNABUSD","timestamp":"2022-03-15T19:54:56.033Z"}
{"assetPair":"LUNABUSD","data":{"price":"89.58000000","symbol":"LUNABUSD"},"level":"info","message":"Latest price","service":"api-735942b-binance-LUNABUSD","timestamp":"2022-03-15T20:09:56.176Z"}
{"assetPair":"LUNABUSD","data":{"price":"88.92000000","symbol":"LUNABUSD"},"level":"info","message":"Latest price","service":"api-735942b-binance-LUNABUSD","timestamp":"2022-03-15T20:24:56.318Z"}
{"assetPair":"LUNABUSD","data":{"price":"89.65000000","symbol":"LUNABUSD"},"level":"info","message":"Latest price","service":"api-735942b-binance-LUNABUSD","timestamp":"2022-03-15T20:39:56.398Z"}
{"assetPair":"LUNABUSD","data":{"price":"88.90000000","symbol":"LUNABUSD"},"level":"info","message":"Latest price","service":"api-735942b-binance-LUNABUSD","timestamp":"2022-03-15T20:54:56.536Z"}
{"balance":{"asset":"LUNA","free":"0.25898000","locked":"0.00000000"},"level":"info","message":"Binance balance","service":"api-735942b-binance-LUNABUSD","timestamp":"2022-03-15T20:54:56.584Z"}
{"correctedPrice":"88.90","correctedQty":"0.25","forAsset":"BUSD","level":"info","message":"Initiating SELL","price":"88.90000000","quantity":"0.25898000","sellAsset":"LUNA","service":"api-735942b-binance-LUNABUSD","timestamp":"2022-03-15T20:54:56.605Z"}
{"data":{"clientOrderId":"1Je33LeUMeMGv42I5c8N9a","cummulativeQuoteQty":"22.22500000","executedQty":"0.25000000","fills":[{"commission":"0.02222500","commissionAsset":"BUSD","price":"88.90000000","qty":"0.25000000","tradeId":33747816}],"orderId":478283935,"orderListId":-1,"origQty":"0.25000000","price":"88.90000000","side":"SELL","status":"FILLED","symbol":"LUNABUSD","timeInForce":"GTC","transactTime":1647377696629,"type":"LIMIT"},"level":"info","message":"SELL success","service":"api-735942b-binance-LUNABUSD","timestamp":"2022-03-15T20:54:56.633Z"}
{"assetPair":"AUDBUSD","data":{"price":"0.72040000","symbol":"AUDBUSD"},"level":"info","message":"Latest price","service":"api-735942b-binance-LUNABUSD","timestamp":"2022-03-15T20:54:56.680Z"}
{"level":"info","message":"Checking order status","origClientOrderId":"1Je33LeUMeMGv42I5c8N9a","service":"api-735942b-binance-LUNABUSD","symbol":"LUNABUSD","timestamp":"2022-03-15T21:09:56.713Z"}
{"data":{"clientOrderId":"1Je33LeUMeMGv42I5c8N9a","cummulativeQuoteQty":"22.22500000","executedQty":"0.25000000","icebergQty":"0.00000000","isWorking":true,"orderId":478283935,"orderListId":-1,"origQty":"0.25000000","origQuoteOrderQty":"0.00000000","price":"88.90000000","side":"SELL","status":"FILLED","stopPrice":"0.00000000","symbol":"LUNABUSD","time":1647377696629,"timeInForce":"GTC","type":"LIMIT","updateTime":1647377696629},"level":"info","message":"Order status","service":"api-735942b-binance-LUNABUSD","timestamp":"2022-03-15T21:09:56.750Z"}
{"assetPair":"LUNABUSD","data":{"price":"88.77000000","symbol":"LUNABUSD"},"level":"info","message":"Latest price","service":"api-735942b-binance-LUNABUSD","timestamp":"2022-03-15T21:09:56.775Z"}
{"assetPair":"LUNABUSD","data":{"price":"89.05000000","symbol":"LUNABUSD"},"level":"info","message":"Latest price","service":"api-735942b-binance-LUNABUSD","timestamp":"2022-03-15T21:24:56.952Z"}
{"assetPair":"LUNABUSD","data":{"price":"89.04000000","symbol":"LUNABUSD"},"level":"info","message":"Latest price","service":"api-735942b-binance-LUNABUSD","timestamp":"2022-03-15T21:39:57.086Z"}
{"assetPair":"LUNABUSD","data":{"price":"89.33000000","symbol":"LUNABUSD"},"level":"info","message":"Latest price","service":"api-735942b-binance-LUNABUSD","timestamp":"2022-03-15T21:54:57.164Z"}
{"balance":{"asset":"BUSD","free":"80.95149775","locked":"0.00000000"},"level":"info","message":"Binance balance","service":"api-735942b-binance-LUNABUSD","timestamp":"2022-03-15T21:54:57.195Z"}
{"buyAsset":"LUNA","correctedPrice":"89.33","correctedQty":"0.27","level":"info","message":"Initiating BUY","price":"89.33","quantity":"0.27706257696182693384","service":"api-735942b-binance-LUNABUSD","timestamp":"2022-03-15T21:54:57.196Z","withAsset":"BUSD"}
{"data":{"clientOrderId":"HSw2uZOJJyIg8ZyaYI3xgn","cummulativeQuoteQty":"0.00000000","executedQty":"0.00000000","fills":[],"orderId":478350720,"orderListId":-1,"origQty":"0.27000000","price":"89.33000000","side":"BUY","status":"NEW","symbol":"LUNABUSD","timeInForce":"GTC","transactTime":1647381297220,"type":"LIMIT"},"level":"info","message":"BUY success","service":"api-735942b-binance-LUNABUSD","timestamp":"2022-03-15T21:54:57.225Z"}
{"level":"info","message":"Checking order status","origClientOrderId":"HSw2uZOJJyIg8ZyaYI3xgn","service":"api-735942b-binance-LUNABUSD","symbol":"LUNABUSD","timestamp":"2022-03-15T22:09:57.328Z"}
{"data":{"clientOrderId":"HSw2uZOJJyIg8ZyaYI3xgn","cummulativeQuoteQty":"24.11910000","executedQty":"0.27000000","icebergQty":"0.00000000","isWorking":true,"orderId":478350720,"orderListId":-1,"origQty":"0.27000000","origQuoteOrderQty":"0.00000000","price":"89.33000000","side":"BUY","status":"FILLED","stopPrice":"0.00000000","symbol":"LUNABUSD","time":1647381297220,"timeInForce":"GTC","type":"LIMIT","updateTime":1647381297475},"level":"info","message":"Order status","service":"api-735942b-binance-LUNABUSD","timestamp":"2022-03-15T22:09:57.362Z"}
{"assetPair":"LUNABUSD","data":{"price":"88.96000000","symbol":"LUNABUSD"},"level":"info","message":"Latest price","service":"api-735942b-binance-LUNABUSD","timestamp":"2022-03-15T22:09:57.388Z"}
{"assetPair":"LUNABUSD","data":{"price":"88.59000000","symbol":"LUNABUSD"},"level":"info","message":"Latest price","service":"api-735942b-binance-LUNABUSD","timestamp":"2022-03-15T22:24:57.463Z"}
{"assetPair":"LUNABUSD","data":{"price":"88.13000000","symbol":"LUNABUSD"},"level":"info","message":"Latest price","service":"api-735942b-binance-LUNABUSD","timestamp":"2022-03-15T22:39:57.514Z"}
{"assetPair":"LUNABUSD","data":{"price":"88.63000000","symbol":"LUNABUSD"},"level":"info","message":"Latest price","service":"api-735942b-binance-LUNABUSD","timestamp":"2022-03-15T22:54:57.626Z"}
{"assetPair":"LUNABUSD","data":{"price":"88.73000000","symbol":"LUNABUSD"},"level":"info","message":"Latest price","service":"api-735942b-binance-LUNABUSD","timestamp":"2022-03-15T23:09:57.681Z"}
{"assetPair":"LUNABUSD","data":{"price":"88.51000000","symbol":"LUNABUSD"},"level":"info","message":"Latest price","service":"api-735942b-binance-LUNABUSD","timestamp":"2022-03-15T23:24:57.814Z"}
{"assetPair":"LUNABUSD","data":{"price":"89.22000000","symbol":"LUNABUSD"},"level":"info","message":"Latest price","service":"api-735942b-binance-LUNABUSD","timestamp":"2022-03-15T23:39:57.953Z"}
{"assetPair":"LUNABUSD","data":{"price":"88.59000000","symbol":"LUNABUSD"},"level":"info","message":"Latest price","service":"api-735942b-binance-LUNABUSD","timestamp":"2022-03-15T23:54:58.082Z"}
{"assetPair":"LUNABUSD","data":{"price":"89.04000000","symbol":"LUNABUSD"},"level":"info","message":"Latest price","service":"api-735942b-binance-LUNABUSD","timestamp":"2022-03-16T00:09:58.149Z"}
{"assetPair":"LUNABUSD","data":{"price":"88.34000000","symbol":"LUNABUSD"},"level":"info","message":"Latest price","service":"api-735942b-binance-LUNABUSD","timestamp":"2022-03-16T00:24:58.210Z"}
{"assetPair":"LUNABUSD","data":{"price":"88.13000000","symbol":"LUNABUSD"},"level":"info","message":"Latest price","service":"api-735942b-binance-LUNABUSD","timestamp":"2022-03-16T00:39:58.350Z"}
{"assetPair":"LUNABUSD","data":{"price":"87.23000000","symbol":"LUNABUSD"},"level":"info","message":"Latest price","service":"api-735942b-binance-LUNABUSD","timestamp":"2022-03-16T00:54:58.504Z"}
{"assetPair":"LUNABUSD","data":{"price":"87.50000000","symbol":"LUNABUSD"},"level":"info","message":"Latest price","service":"api-735942b-binance-LUNABUSD","timestamp":"2022-03-16T01:09:58.592Z"}
{"assetPair":"LUNABUSD","data":{"price":"87.80000000","symbol":"LUNABUSD"},"level":"info","message":"Latest price","service":"api-735942b-binance-LUNABUSD","timestamp":"2022-03-16T01:24:58.641Z"}
{"assetPair":"LUNABUSD","data":{"price":"87.18000000","symbol":"LUNABUSD"},"level":"info","message":"Latest price","service":"api-735942b-binance-LUNABUSD","timestamp":"2022-03-16T01:39:58.798Z"}
{"assetPair":"LUNABUSD","data":{"price":"88.19000000","symbol":"LUNABUSD"},"level":"info","message":"Latest price","service":"api-735942b-binance-LUNABUSD","timestamp":"2022-03-16T01:54:58.927Z"}
{"assetPair":"LUNABUSD","data":{"price":"89.48000000","symbol":"LUNABUSD"},"level":"info","message":"Latest price","service":"api-735942b-binance-LUNABUSD","timestamp":"2022-03-16T02:09:59.109Z"}
{"assetPair":"LUNABUSD","data":{"price":"89.28000000","symbol":"LUNABUSD"},"level":"info","message":"Latest price","service":"api-735942b-binance-LUNABUSD","timestamp":"2022-03-16T02:24:59.175Z"}
{"assetPair":"LUNABUSD","data":{"price":"89.14000000","symbol":"LUNABUSD"},"level":"info","message":"Latest price","service":"api-735942b-binance-LUNABUSD","timestamp":"2022-03-16T02:39:59.321Z"}
{"assetPair":"LUNABUSD","data":{"price":"89.22000000","symbol":"LUNABUSD"},"level":"info","message":"Latest price","service":"api-735942b-binance-LUNABUSD","timestamp":"2022-03-16T02:54:59.371Z"}
{"assetPair":"LUNABUSD","data":{"price":"89.46000000","symbol":"LUNABUSD"},"level":"info","message":"Latest price","service":"api-735942b-binance-LUNABUSD","timestamp":"2022-03-16T03:09:59.464Z"}
{"assetPair":"LUNABUSD","data":{"price":"88.34000000","symbol":"LUNABUSD"},"level":"info","message":"Latest price","service":"api-735942b-binance-LUNABUSD","timestamp":"2022-03-16T03:24:59.590Z"}
{"assetPair":"LUNABUSD","data":{"price":"87.61000000","symbol":"LUNABUSD"},"level":"info","message":"Latest price","service":"api-735942b-binance-LUNABUSD","timestamp":"2022-03-16T03:39:59.660Z"}
{"assetPair":"LUNABUSD","data":{"price":"87.30000000","symbol":"LUNABUSD"},"level":"info","message":"Latest price","service":"api-735942b-binance-LUNABUSD","timestamp":"2022-03-16T03:54:59.876Z"}
{"assetPair":"LUNABUSD","data":{"price":"87.47000000","symbol":"LUNABUSD"},"level":"info","message":"Latest price","service":"api-735942b-binance-LUNABUSD","timestamp":"2022-03-16T04:10:00.008Z"}
{"assetPair":"LUNABUSD","data":{"price":"87.04000000","symbol":"LUNABUSD"},"level":"info","message":"Latest price","service":"api-735942b-binance-LUNABUSD","timestamp":"2022-03-16T04:25:00.128Z"}
{"assetPair":"LUNABUSD","data":{"price":"87.56000000","symbol":"LUNABUSD"},"level":"info","message":"Latest price","service":"api-735942b-binance-LUNABUSD","timestamp":"2022-03-16T04:40:00.163Z"}
{"assetPair":"LUNABUSD","data":{"price":"87.82000000","symbol":"LUNABUSD"},"level":"info","message":"Latest price","service":"api-735942b-binance-LUNABUSD","timestamp":"2022-03-16T04:55:00.269Z"}
{"assetPair":"LUNABUSD","data":{"price":"87.64000000","symbol":"LUNABUSD"},"level":"info","message":"Latest price","service":"api-735942b-binance-LUNABUSD","timestamp":"2022-03-16T05:10:00.372Z"}
{"assetPair":"LUNABUSD","data":{"price":"87.55000000","symbol":"LUNABUSD"},"level":"info","message":"Latest price","service":"api-735942b-binance-LUNABUSD","timestamp":"2022-03-16T05:25:00.488Z"}
{"assetPair":"LUNABUSD","data":{"price":"87.76000000","symbol":"LUNABUSD"},"level":"info","message":"Latest price","service":"api-735942b-binance-LUNABUSD","timestamp":"2022-03-16T05:40:00.616Z"}
{"assetPair":"LUNABUSD","data":{"price":"88.09000000","symbol":"LUNABUSD"},"level":"info","message":"Latest price","service":"api-735942b-binance-LUNABUSD","timestamp":"2022-03-16T05:55:00.753Z"}
{"assetPair":"LUNABUSD","data":{"price":"88.33000000","symbol":"LUNABUSD"},"level":"info","message":"Latest price","service":"api-735942b-binance-LUNABUSD","timestamp":"2022-03-16T06:10:00.903Z"}
{"assetPair":"LUNABUSD","data":{"price":"88.39000000","symbol":"LUNABUSD"},"level":"info","message":"Latest price","service":"api-735942b-binance-LUNABUSD","timestamp":"2022-03-16T06:25:01.039Z"}
{"assetPair":"LUNABUSD","data":{"price":"88.38000000","symbol":"LUNABUSD"},"level":"info","message":"Latest price","service":"api-735942b-binance-LUNABUSD","timestamp":"2022-03-16T06:40:01.085Z"}
{"assetPair":"LUNABUSD","data":{"price":"88.28000000","symbol":"LUNABUSD"},"level":"info","message":"Latest price","service":"api-735942b-binance-LUNABUSD","timestamp":"2022-03-16T06:55:01.268Z"}
{"assetPair":"LUNABUSD","data":{"price":"87.83000000","symbol":"LUNABUSD"},"level":"info","message":"Latest price","service":"api-735942b-binance-LUNABUSD","timestamp":"2022-03-16T07:10:01.405Z"}
{"assetPair":"LUNABUSD","data":{"price":"87.68000000","symbol":"LUNABUSD"},"level":"info","message":"Latest price","service":"api-735942b-binance-LUNABUSD","timestamp":"2022-03-16T07:25:01.549Z"}
{"assetPair":"LUNABUSD","data":{"price":"88.19000000","symbol":"LUNABUSD"},"level":"info","message":"Latest price","service":"api-735942b-binance-LUNABUSD","timestamp":"2022-03-16T07:40:01.691Z"}
{"assetPair":"LUNABUSD","data":{"price":"87.95000000","symbol":"LUNABUSD"},"level":"info","message":"Latest price","service":"api-735942b-binance-LUNABUSD","timestamp":"2022-03-16T07:55:01.797Z"}
{"assetPair":"LUNABUSD","data":{"price":"88.63000000","symbol":"LUNABUSD"},"level":"info","message":"Latest price","service":"api-735942b-binance-LUNABUSD","timestamp":"2022-03-16T08:10:01.870Z"}
{"assetPair":"LUNABUSD","data":{"price":"88.36000000","symbol":"LUNABUSD"},"level":"info","message":"Latest price","service":"api-735942b-binance-LUNABUSD","timestamp":"2022-03-16T08:25:02.007Z"}
{"assetPair":"LUNABUSD","data":{"price":"89.19000000","symbol":"LUNABUSD"},"level":"info","message":"Latest price","service":"api-735942b-binance-LUNABUSD","timestamp":"2022-03-16T08:40:02.139Z"}
{"assetPair":"LUNABUSD","data":{"price":"89.58000000","symbol":"LUNABUSD"},"level":"info","message":"Latest price","service":"api-735942b-binance-LUNABUSD","timestamp":"2022-03-16T08:55:02.230Z"}
{"assetPair":"LUNABUSD","data":{"price":"89.52000000","symbol":"LUNABUSD"},"level":"info","message":"Latest price","service":"api-735942b-binance-LUNABUSD","timestamp":"2022-03-16T09:10:02.364Z"}
{"assetPair":"LUNABUSD","data":{"price":"89.29000000","symbol":"LUNABUSD"},"level":"info","message":"Latest price","service":"api-735942b-binance-LUNABUSD","timestamp":"2022-03-16T09:25:02.496Z"}
{"assetPair":"LUNABUSD","data":{"price":"89.06000000","symbol":"LUNABUSD"},"level":"info","message":"Latest price","service":"api-735942b-binance-LUNABUSD","timestamp":"2022-03-16T09:40:02.670Z"}
{"assetPair":"LUNABUSD","data":{"price":"89.50000000","symbol":"LUNABUSD"},"level":"info","message":"Latest price","service":"api-735942b-binance-LUNABUSD","timestamp":"2022-03-16T09:55:02.797Z"}
{"assetPair":"LUNABUSD","data":{"price":"89.31000000","symbol":"LUNABUSD"},"level":"info","message":"Latest price","service":"api-735942b-binance-LUNABUSD","timestamp":"2022-03-16T10:10:02.855Z"}
{"assetPair":"LUNABUSD","data":{"price":"89.83000000","symbol":"LUNABUSD"},"level":"info","message":"Latest price","service":"api-735942b-binance-LUNABUSD","timestamp":"2022-03-16T10:25:02.995Z"}
{"assetPair":"LUNABUSD","data":{"price":"89.76000000","symbol":"LUNABUSD"},"level":"info","message":"Latest price","service":"api-735942b-binance-LUNABUSD","timestamp":"2022-03-16T10:40:03.053Z"}
{"assetPair":"LUNABUSD","data":{"price":"89.56000000","symbol":"LUNABUSD"},"level":"info","message":"Latest price","service":"api-735942b-binance-LUNABUSD","timestamp":"2022-03-16T10:55:03.185Z"}
{"assetPair":"LUNABUSD","data":{"price":"89.36000000","symbol":"LUNABUSD"},"level":"info","message":"Latest price","service":"api-735942b-binance-LUNABUSD","timestamp":"2022-03-16T11:10:03.235Z"}
{"assetPair":"LUNABUSD","data":{"price":"89.69000000","symbol":"LUNABUSD"},"level":"info","message":"Latest price","service":"api-735942b-binance-LUNABUSD","timestamp":"2022-03-16T11:25:03.302Z"}
{"assetPair":"LUNABUSD","data":{"price":"90.20000000","symbol":"LUNABUSD"},"level":"info","message":"Latest price","service":"api-735942b-binance-LUNABUSD","timestamp":"2022-03-16T11:40:03.437Z"}
{"assetPair":"LUNABUSD","data":{"price":"89.92000000","symbol":"LUNABUSD"},"level":"info","message":"Latest price","service":"api-735942b-binance-LUNABUSD","timestamp":"2022-03-16T11:55:03.730Z"}
{"assetPair":"LUNABUSD","data":{"price":"89.70000000","symbol":"LUNABUSD"},"level":"info","message":"Latest price","service":"api-735942b-binance-LUNABUSD","timestamp":"2022-03-16T12:10:03.857Z"}
{"assetPair":"LUNABUSD","data":{"price":"89.52000000","symbol":"LUNABUSD"},"level":"info","message":"Latest price","service":"api-735942b-binance-LUNABUSD","timestamp":"2022-03-16T12:25:04.019Z"}
{"assetPair":"LUNABUSD","data":{"price":"89.40000000","symbol":"LUNABUSD"},"level":"info","message":"Latest price","service":"api-735942b-binance-LUNABUSD","timestamp":"2022-03-16T12:40:04.102Z"}
{"assetPair":"LUNABUSD","data":{"price":"89.63000000","symbol":"LUNABUSD"},"level":"info","message":"Latest price","service":"api-1efbe35-binance-LUNABUSD","timestamp":"2022-03-16T12:56:46.712Z"}
