{"assetPair":"LUNABUSD","data":{"price":"89.44000000","symbol":"LUNABUSD"},"level":"info","message":"Latest price","service":"api-1efbe35-binance-LUNABUSD","timestamp":"2022-03-17T13:01:09.449Z"}
{"assetPair":"LUNABUSD","data":{"price":"89.19000000","symbol":"LUNABUSD"},"level":"info","message":"Latest price","service":"api-1efbe35-binance-LUNABUSD","timestamp":"2022-03-17T13:16:09.539Z"}
{"assetPair":"LUNABUSD","data":{"price":"88.85000000","symbol":"LUNABUSD"},"level":"info","message":"Latest price","service":"api-1efbe35-binance-LUNABUSD","timestamp":"2022-03-17T13:31:09.668Z"}
{"assetPair":"LUNABUSD","data":{"price":"89.03000000","symbol":"LUNABUSD"},"level":"info","message":"Latest price","service":"api-1efbe35-binance-LUNABUSD","timestamp":"2022-03-17T13:46:09.808Z"}
{"assetPair":"LUNABUSD","data":{"price":"89.31000000","symbol":"LUNABUSD"},"level":"info","message":"Latest price","service":"api-1efbe35-binance-LUNABUSD","timestamp":"2022-03-17T14:01:09.933Z"}
{"assetPair":"LUNABUSD","data":{"price":"89.13000000","symbol":"LUNABUSD"},"level":"info","message":"Latest price","service":"api-1efbe35-binance-LUNABUSD","timestamp":"2022-03-17T14:16:10.075Z"}
{"assetPair":"LUNABUSD","data":{"price":"88.62000000","symbol":"LUNABUSD"},"level":"info","message":"Latest price","service":"api-1efbe35-binance-LUNABUSD","timestamp":"2022-03-17T14:31:10.218Z"}
{"assetPair":"LUNABUSD","data":{"price":"88.07000000","symbol":"LUNABUSD"},"level":"info","message":"Latest price","service":"api-1efbe35-binance-LUNABUSD","timestamp":"2022-03-17T14:46:10.411Z"}
{"assetPair":"LUNABUSD","data":{"price":"87.90000000","symbol":"LUNABUSD"},"level":"info","message":"Latest price","service":"api-1efbe35-binance-LUNABUSD","timestamp":"2022-03-17T15:01:10.544Z"}
{"assetPair":"LUNABUSD","data":{"price":"88.27000000","symbol":"LUNABUSD"},"level":"info","message":"Latest price","service":"api-1efbe35-binance-LUNABUSD","timestamp":"2022-03-17T15:16:10.861Z"}
{"assetPair":"LUNABUSD","data":{"price":"88.38000000","symbol":"LUNABUSD"},"level":"info","message":"Latest price","service":"api-1efbe35-binance-LUNABUSD","timestamp":"2022-03-17T15:31:10.997Z"}
{"assetPair":"LUNABUSD","data":{"price":"87.94000000","symbol":"LUNABUSD"},"level":"info","message":"Latest price","service":"api-1efbe35-binance-LUNABUSD","timestamp":"2022-03-17T15:46:11.118Z"}
{"assetPair":"LUNABUSD","data":{"price":"87.79000000","symbol":"LUNABUSD"},"level":"info","message":"Latest price","service":"api-1efbe35-binance-LUNABUSD","timestamp":"2022-03-17T16:01:11.267Z"}
{"assetPair":"LUNABUSD","data":{"price":"87.89000000","symbol":"LUNABUSD"},"level":"info","message":"Latest price","service":"api-1efbe35-binance-LUNABUSD","timestamp":"2022-03-17T16:16:11.465Z"}
{"assetPair":"LUNABUSD","data":{"price":"87.70000000","symbol":"LUNABUSD"},"level":"info","message":"Latest price","service":"api-1efbe35-binance-LUNABUSD","timestamp":"2022-03-17T16:31:11.597Z"}
{"assetPair":"LUNABUSD","data":{"price":"87.86000000","symbol":"LUNABUSD"},"level":"info","message":"Latest price","service":"api-1efbe35-binance-LUNABUSD","timestamp":"2022-03-17T16:46:11.730Z"}
{"assetPair":"LUNABUSD","data":{"price":"87.98000000","symbol":"LUNABUSD"},"level":"info","message":"Latest price","service":"api-1efbe35-binance-LUNABUSD","timestamp":"2022-03-17T17:01:11.857Z"}
{"assetPair":"LUNABUSD","data":{"price":"87.49000000","symbol":"LUNABUSD"},"level":"info","message":"Latest price","service":"api-1efbe35-binance-LUNABUSD","timestamp":"2022-03-17T17:16:11.943Z"}
{"assetPair":"LUNABUSD","data":{"price":"87.52000000","symbol":"LUNABUSD"},"level":"info","message":"Latest price","service":"api-1efbe35-binance-LUNABUSD","timestamp":"2022-03-17T17:31:12.081Z"}
{"assetPair":"LUNABUSD","data":{"price":"87.31000000","symbol":"LUNABUSD"},"level":"info","message":"Latest price","service":"api-1efbe35-binance-LUNABUSD","timestamp":"2022-03-17T17:46:12.128Z"}
{"assetPair":"LUNABUSD","data":{"price":"87.64000000","symbol":"LUNABUSD"},"level":"info","message":"Latest price","service":"api-1efbe35-binance-LUNABUSD","timestamp":"2022-03-17T18:01:12.169Z"}
{"assetPair":"LUNABUSD","data":{"price":"87.50000000","symbol":"LUNABUSD"},"level":"info","message":"Latest price","service":"api-1efbe35-binance-LUNABUSD","timestamp":"2022-03-17T18:16:12.289Z"}
{"assetPair":"LUNABUSD","data":{"price":"87.32000000","symbol":"LUNABUSD"},"level":"info","message":"Latest price","service":"api-1efbe35-binance-LUNABUSD","timestamp":"2022-03-17T18:31:12.339Z"}
{"assetPair":"LUNABUSD","data":{"price":"87.27000000","symbol":"LUNABUSD"},"level":"info","message":"Latest price","service":"api-1efbe35-binance-LUNABUSD","timestamp":"2022-03-17T18:46:12.458Z"}
{"assetPair":"LUNABUSD","data":{"price":"87.64000000","symbol":"LUNABUSD"},"level":"info","message":"Latest price","service":"api-1efbe35-binance-LUNABUSD","timestamp":"2022-03-17T19:01:12.582Z"}
{"assetPair":"LUNABUSD","data":{"price":"87.66000000","symbol":"LUNABUSD"},"level":"info","message":"Latest price","service":"api-1efbe35-binance-LUNABUSD","timestamp":"2022-03-17T19:16:12.711Z"}
{"assetPair":"LUNABUSD","data":{"price":"87.59000000","symbol":"LUNABUSD"},"level":"info","message":"Latest price","service":"api-1efbe35-binance-LUNABUSD","timestamp":"2022-03-17T19:31:12.803Z"}
{"assetPair":"LUNABUSD","data":{"price":"87.74000000","symbol":"LUNABUSD"},"level":"info","message":"Latest price","service":"api-1efbe35-binance-LUNABUSD","timestamp":"2022-03-17T19:46:12.902Z"}
{"assetPair":"LUNABUSD","data":{"price":"87.79000000","symbol":"LUNABUSD"},"level":"info","message":"Latest price","service":"api-1efbe35-binance-LUNABUSD","timestamp":"2022-03-17T20:01:13.009Z"}
{"assetPair":"LUNABUSD","data":{"price":"87.44000000","symbol":"LUNABUSD"},"level":"info","message":"Latest price","service":"api-1efbe35-binance-LUNABUSD","timestamp":"2022-03-17T20:16:13.115Z"}
{"assetPair":"LUNABUSD","data":{"price":"87.28000000","symbol":"LUNABUSD"},"level":"info","message":"Latest price","service":"api-1efbe35-binance-LUNABUSD","timestamp":"2022-03-17T20:31:13.158Z"}
{"assetPair":"LUNABUSD","data":{"price":"87.14000000","symbol":"LUNABUSD"},"level":"info","message":"Latest price","service":"api-1efbe35-binance-LUNABUSD","timestamp":"2022-03-17T20:46:13.262Z"}
{"assetPair":"LUNABUSD","data":{"price":"87.26000000","symbol":"LUNABUSD"},"level":"info","message":"Latest price","service":"api-1efbe35-binance-LUNABUSD","timestamp":"2022-03-17T21:01:13.407Z"}
{"assetPair":"LUNABUSD","data":{"price":"87.18000000","symbol":"LUNABUSD"},"level":"info","message":"Latest price","service":"api-1efbe35-binance-LUNABUSD","timestamp":"2022-03-17T21:16:13.542Z"}
{"assetPair":"LUNABUSD","data":{"price":"86.59000000","symbol":"LUNABUSD"},"level":"info","message":"Latest price","service":"api-1efbe35-binance-LUNABUSD","timestamp":"2022-03-17T21:31:13.677Z"}
{"assetPair":"LUNABUSD","data":{"price":"87.44000000","symbol":"LUNABUSD"},"level":"info","message":"Latest price","service":"api-1efbe35-binance-LUNABUSD","timestamp":"2022-03-17T21:46:13.860Z"}
{"assetPair":"LUNABUSD","data":{"price":"87.55000000","symbol":"LUNABUSD"},"level":"info","message":"Latest price","service":"api-1efbe35-binance-LUNABUSD","timestamp":"2022-03-17T22:01:13.922Z"}
{"assetPair":"LUNABUSD","data":{"price":"87.29000000","symbol":"LUNABUSD"},"level":"info","message":"Latest price","service":"api-1efbe35-binance-LUNABUSD","timestamp":"2022-03-17T22:16:14.023Z"}
{"assetPair":"LUNABUSD","data":{"price":"87.13000000","symbol":"LUNABUSD"},"level":"info","message":"Latest price","service":"api-1efbe35-binance-LUNABUSD","timestamp":"2022-03-17T22:31:14.150Z"}
{"assetPair":"LUNABUSD","data":{"price":"87.11000000","symbol":"LUNABUSD"},"level":"info","message":"Latest price","service":"api-1efbe35-binance-LUNABUSD","timestamp":"2022-03-17T22:46:14.236Z"}
{"assetPair":"LUNABUSD","data":{"price":"87.29000000","symbol":"LUNABUSD"},"level":"info","message":"Latest price","service":"api-1efbe35-binance-LUNABUSD","timestamp":"2022-03-17T23:01:14.365Z"}
{"assetPair":"LUNABUSD","data":{"price":"86.87000000","symbol":"LUNABUSD"},"level":"info","message":"Latest price","service":"api-1efbe35-binance-LUNABUSD","timestamp":"2022-03-17T23:16:14.403Z"}
{"assetPair":"LUNABUSD","data":{"price":"87.01000000","symbol":"LUNABUSD"},"level":"info","message":"Latest price","service":"api-1efbe35-binance-LUNABUSD","timestamp":"2022-03-17T23:31:14.541Z"}
{"assetPair":"LUNABUSD","data":{"price":"86.87000000","symbol":"LUNABUSD"},"level":"info","message":"Latest price","service":"api-1efbe35-binance-LUNABUSD","timestamp":"2022-03-17T23:46:14.659Z"}
{"assetPair":"LUNABUSD","data":{"price":"86.79000000","symbol":"LUNABUSD"},"level":"info","message":"Latest price","service":"api-1efbe35-binance-LUNABUSD","timestamp":"2022-03-18T00:01:14.796Z"}
{"assetPair":"LUNABUSD","data":{"price":"85.66000000","symbol":"LUNABUSD"},"level":"info","message":"Latest price","service":"api-1efbe35-binance-LUNABUSD","timestamp":"2022-03-18T00:16:14.915Z"}
{"assetPair":"LUNABUSD","data":{"price":"86.17000000","symbol":"LUNABUSD"},"level":"info","message":"Latest price","service":"api-1efbe35-binance-LUNABUSD","timestamp":"2022-03-18T00:31:15.012Z"}
{"assetPair":"LUNABUSD","data":{"price":"86.02000000","symbol":"LUNABUSD"},"level":"info","message":"Latest price","service":"api-1efbe35-binance-LUNABUSD","timestamp":"2022-03-18T00:46:15.146Z"}
{"assetPair":"LUNABUSD","data":{"price":"85.38000000","symbol":"LUNABUSD"},"level":"info","message":"Latest price","service":"api-1efbe35-binance-LUNABUSD","timestamp":"2022-03-18T01:07:28.364Z"}
{"assetPair":"LUNABUSD","data":{"price":"85.91000000","symbol":"LUNABUSD"},"level":"info","message":"Latest price","service":"api-1efbe35-binance-LUNABUSD","timestamp":"2022-03-18T01:22:28.495Z"}
{"assetPair":"LUNABUSD","data":{"price":"85.63000000","symbol":"LUNABUSD"},"level":"info","message":"Latest price","service":"api-1efbe35-binance-LUNABUSD","timestamp":"2022-03-18T01:37:28.599Z"}
{"assetPair":"LUNABUSD","data":{"price":"85.65000000","symbol":"LUNABUSD"},"level":"info","message":"Latest price","service":"api-1efbe35-binance-LUNABUSD","timestamp":"2022-03-18T01:52:28.763Z"}
{"assetPair":"LUNABUSD","data":{"price":"86.04000000","symbol":"LUNABUSD"},"level":"info","message":"Latest price","service":"api-1efbe35-binance-LUNABUSD","timestamp":"2022-03-18T02:07:28.913Z"}
{"assetPair":"LUNABUSD","data":{"price":"85.60000000","symbol":"LUNABUSD"},"level":"info","message":"Latest price","service":"api-1efbe35-binance-LUNABUSD","timestamp":"2022-03-18T02:22:29.013Z"}
{"assetPair":"LUNABUSD","data":{"price":"85.32000000","symbol":"LUNABUSD"},"level":"info","message":"Latest price","service":"api-1efbe35-binance-LUNABUSD","timestamp":"2022-03-18T02:37:29.177Z"}
{"assetPair":"LUNABUSD","data":{"price":"85.21000000","symbol":"LUNABUSD"},"level":"info","message":"Latest price","service":"api-1efbe35-binance-LUNABUSD","timestamp":"2022-03-18T02:52:29.308Z"}
{"assetPair":"LUNABUSD","data":{"price":"85.23000000","symbol":"LUNABUSD"},"level":"info","message":"Latest price","service":"api-1efbe35-binance-LUNABUSD","timestamp":"2022-03-18T03:07:29.367Z"}
{"assetPair":"LUNABUSD","data":{"price":"85.41000000","symbol":"LUNABUSD"},"level":"info","message":"Latest price","service":"api-1efbe35-binance-LUNABUSD","timestamp":"2022-03-18T03:22:29.504Z"}
{"assetPair":"LUNABUSD","data":{"price":"85.31000000","symbol":"LUNABUSD"},"level":"info","message":"Latest price","service":"api-1efbe35-binance-LUNABUSD","timestamp":"2022-03-18T03:37:29.598Z"}
{"assetPair":"LUNABUSD","data":{"price":"85.40000000","symbol":"LUNABUSD"},"level":"info","message":"Latest price","service":"api-1efbe35-binance-LUNABUSD","timestamp":"2022-03-18T03:52:29.726Z"}
{"assetPair":"LUNABUSD","data":{"price":"85.52000000","symbol":"LUNABUSD"},"level":"info","message":"Latest price","service":"api-1efbe35-binance-LUNABUSD","timestamp":"2022-03-18T04:07:29.857Z"}
{"assetPair":"LUNABUSD","data":{"price":"85.71000000","symbol":"LUNABUSD"},"level":"info","message":"Latest price","service":"api-1efbe35-binance-LUNABUSD","timestamp":"2022-03-18T04:22:30.038Z"}
{"assetPair":"LUNABUSD","data":{"price":"86.02000000","symbol":"LUNABUSD"},"level":"info","message":"Latest price","service":"api-1efbe35-binance-LUNABUSD","timestamp":"2022-03-18T05:03:08.899Z"}
{"assetPair":"LUNABUSD","data":{"price":"86.03000000","symbol":"LUNABUSD"},"level":"info","message":"Latest price","service":"api-1efbe35-binance-LUNABUSD","timestamp":"2022-03-18T05:18:09.037Z"}
{"assetPair":"LUNABUSD","data":{"price":"86.01000000","symbol":"LUNABUSD"},"level":"info","message":"Latest price","service":"api-1efbe35-binance-LUNABUSD","timestamp":"2022-03-18T05:33:09.154Z"}
{"assetPair":"LUNABUSD","data":{"price":"86.18000000","symbol":"LUNABUSD"},"level":"info","message":"Latest price","service":"api-1efbe35-binance-LUNABUSD","timestamp":"2022-03-18T05:48:09.280Z"}
{"assetPair":"LUNABUSD","data":{"price":"86.43000000","symbol":"LUNABUSD"},"level":"info","message":"Latest price","service":"api-1efbe35-binance-LUNABUSD","timestamp":"2022-03-18T06:03:09.415Z"}
{"assetPair":"LUNABUSD","data":{"price":"86.24000000","symbol":"LUNABUSD"},"level":"info","message":"Latest price","service":"api-1efbe35-binance-LUNABUSD","timestamp":"2022-03-18T06:18:09.661Z"}
{"assetPair":"LUNABUSD","data":{"price":"85.81000000","symbol":"LUNABUSD"},"level":"info","message":"Latest price","service":"api-1efbe35-binance-LUNABUSD","timestamp":"2022-03-18T06:33:09.915Z"}
{"assetPair":"LUNABUSD","data":{"price":"85.63000000","symbol":"LUNABUSD"},"level":"info","message":"Latest price","service":"api-1efbe35-binance-LUNABUSD","timestamp":"2022-03-18T06:48:10.191Z"}
{"assetPair":"LUNABUSD","data":{"price":"85.93000000","symbol":"LUNABUSD"},"level":"info","message":"Latest price","service":"api-1efbe35-binance-LUNABUSD","timestamp":"2022-03-18T07:03:10.354Z"}
{"assetPair":"LUNABUSD","data":{"price":"85.68000000","symbol":"LUNABUSD"},"level":"info","message":"Latest price","service":"api-1efbe35-binance-LUNABUSD","timestamp":"2022-03-18T07:18:10.695Z"}
{"assetPair":"LUNABUSD","data":{"price":"85.23000000","symbol":"LUNABUSD"},"level":"info","message":"Latest price","service":"api-1efbe35-binance-LUNABUSD","timestamp":"2022-03-18T07:33:11.040Z"}
{"assetPair":"LUNABUSD","data":{"price":"84.99000000","symbol":"LUNABUSD"},"level":"info","message":"Latest price","service":"api-1efbe35-binance-LUNABUSD","timestamp":"2022-03-18T07:48:11.333Z"}
{"assetPair":"LUNABUSD","data":{"price":"84.77000000","symbol":"LUNABUSD"},"level":"info","message":"Latest price","service":"api-1efbe35-binance-LUNABUSD","timestamp":"2022-03-18T08:03:11.646Z"}
{"assetPair":"LUNABUSD","data":{"price":"84.80000000","symbol":"LUNABUSD"},"level":"info","message":"Latest price","service":"api-1efbe35-binance-LUNABUSD","timestamp":"2022-03-18T08:18:11.836Z"}
{"assetPair":"LUNABUSD","data":{"price":"85.15000000","symbol":"LUNABUSD"},"level":"info","message":"Latest price","service":"api-1efbe35-binance-LUNABUSD","timestamp":"2022-03-18T08:33:12.121Z"}
{"assetPair":"LUNABUSD","data":{"price":"84.77000000","symbol":"LUNABUSD"},"level":"info","message":"Latest price","service":"api-1efbe35-binance-LUNABUSD","timestamp":"2022-03-18T08:48:12.392Z"}
{"balance":{"asset":"LUNA","free":"0.27898000","locked":"0.00000000"},"level":"info","message":"Binance balance","service":"api-1efbe35-binance-LUNABUSD","timestamp":"2022-03-18T08:48:12.432Z"}
{"correctedPrice":"84.77","correctedQty":"0.27","forAsset":"BUSD","level":"info","message":"Initiating SELL","price":"84.77000000","quantity":"0.27898000","sellAsset":"LUNA","service":"api-1efbe35-binance-LUNABUSD","timestamp":"2022-03-18T08:48:12.462Z"}
{"data":{"clientOrderId":"pvvQsnitvgreShjaJ5O9ox","cummulativeQuoteQty":"0.00000000","executedQty":"0.00000000","fills":[],"orderId":483015003,"orderListId":-1,"origQty":"0.27000000","price":"84.77000000","side":"SELL","status":"NEW","symbol":"LUNABUSD","timeInForce":"GTC","transactTime":1647593292492,"type":"LIMIT"},"level":"info","message":"SELL success","service":"api-1efbe35-binance-LUNABUSD","timestamp":"2022-03-18T08:48:12.497Z"}
{"level":"info","message":"Checking order status","origClientOrderId":"pvvQsnitvgreShjaJ5O9ox","service":"api-1efbe35-binance-LUNABUSD","symbol":"LUNABUSD","timestamp":"2022-03-18T09:03:12.704Z"}
{"data":{"clientOrderId":"pvvQsnitvgreShjaJ5O9ox","cummulativeQuoteQty":"0.00000000","executedQty":"0.00000000","icebergQty":"0.00000000","isWorking":true,"orderId":483015003,"orderListId":-1,"origQty":"0.27000000","origQuoteOrderQty":"0.00000000","price":"84.77000000","side":"SELL","status":"NEW","stopPrice":"0.00000000","symbol":"LUNABUSD","time":1647593292492,"timeInForce":"GTC","type":"LIMIT","updateTime":1647593292492},"level":"info","message":"Order status","service":"api-1efbe35-binance-LUNABUSD","timestamp":"2022-03-18T09:03:12.785Z"}
{"level":"info","message":"Checking order status","origClientOrderId":"pvvQsnitvgreShjaJ5O9ox","service":"api-1efbe35-binance-LUNABUSD","symbol":"LUNABUSD","timestamp":"2022-03-18T09:18:12.970Z"}
{"data":{"clientOrderId":"pvvQsnitvgreShjaJ5O9ox","cummulativeQuoteQty":"0.00000000","executedQty":"0.00000000","icebergQty":"0.00000000","isWorking":true,"orderId":483015003,"orderListId":-1,"origQty":"0.27000000","origQuoteOrderQty":"0.00000000","price":"84.77000000","side":"SELL","status":"NEW","stopPrice":"0.00000000","symbol":"LUNABUSD","time":1647593292492,"timeInForce":"GTC","type":"LIMIT","updateTime":1647593292492},"level":"info","message":"Order status","service":"api-1efbe35-binance-LUNABUSD","timestamp":"2022-03-18T09:18:13.051Z"}
{"level":"info","message":"Checking order status","origClientOrderId":"pvvQsnitvgreShjaJ5O9ox","service":"api-1efbe35-binance-LUNABUSD","symbol":"LUNABUSD","timestamp":"2022-03-18T09:33:13.179Z"}
{"data":{"clientOrderId":"pvvQsnitvgreShjaJ5O9ox","cummulativeQuoteQty":"0.00000000","executedQty":"0.00000000","icebergQty":"0.00000000","isWorking":true,"orderId":483015003,"orderListId":-1,"origQty":"0.27000000","origQuoteOrderQty":"0.00000000","price":"84.77000000","side":"SELL","status":"NEW","stopPrice":"0.00000000","symbol":"LUNABUSD","time":1647593292492,"timeInForce":"GTC","type":"LIMIT","updateTime":1647593292492},"level":"info","message":"Order status","service":"api-1efbe35-binance-LUNABUSD","timestamp":"2022-03-18T09:33:13.247Z"}
{"level":"info","message":"Checking order status","origClientOrderId":"pvvQsnitvgreShjaJ5O9ox","service":"api-1efbe35-binance-LUNABUSD","symbol":"LUNABUSD","timestamp":"2022-03-18T09:48:13.432Z"}
{"data":{"clientOrderId":"pvvQsnitvgreShjaJ5O9ox","cummulativeQuoteQty":"0.00000000","executedQty":"0.00000000","icebergQty":"0.00000000","isWorking":true,"orderId":483015003,"orderListId":-1,"origQty":"0.27000000","origQuoteOrderQty":"0.00000000","price":"84.77000000","side":"SELL","status":"NEW","stopPrice":"0.00000000","symbol":"LUNABUSD","time":1647593292492,"timeInForce":"GTC","type":"LIMIT","updateTime":1647593292492},"level":"info","message":"Order status","service":"api-1efbe35-binance-LUNABUSD","timestamp":"2022-03-18T09:48:13.527Z"}
{"level":"info","message":"Checking order status","origClientOrderId":"pvvQsnitvgreShjaJ5O9ox","service":"api-1efbe35-binance-LUNABUSD","symbol":"LUNABUSD","timestamp":"2022-03-18T10:03:13.673Z"}
{"data":{"clientOrderId":"pvvQsnitvgreShjaJ5O9ox","cummulativeQuoteQty":"0.00000000","executedQty":"0.00000000","icebergQty":"0.00000000","isWorking":true,"orderId":483015003,"orderListId":-1,"origQty":"0.27000000","origQuoteOrderQty":"0.00000000","price":"84.77000000","side":"SELL","status":"NEW","stopPrice":"0.00000000","symbol":"LUNABUSD","time":1647593292492,"timeInForce":"GTC","type":"LIMIT","updateTime":1647593292492},"level":"info","message":"Order status","service":"api-1efbe35-binance-LUNABUSD","timestamp":"2022-03-18T10:03:13.736Z"}
{"level":"info","message":"Checking order status","origClientOrderId":"pvvQsnitvgreShjaJ5O9ox","service":"api-1efbe35-binance-LUNABUSD","symbol":"LUNABUSD","timestamp":"2022-03-18T10:18:13.920Z"}
{"data":{"clientOrderId":"pvvQsnitvgreShjaJ5O9ox","cummulativeQuoteQty":"0.00000000","executedQty":"0.00000000","icebergQty":"0.00000000","isWorking":true,"orderId":483015003,"orderListId":-1,"origQty":"0.27000000","origQuoteOrderQty":"0.00000000","price":"84.77000000","side":"SELL","status":"NEW","stopPrice":"0.00000000","symbol":"LUNABUSD","time":1647593292492,"timeInForce":"GTC","type":"LIMIT","updateTime":1647593292492},"level":"info","message":"Order status","service":"api-1efbe35-binance-LUNABUSD","timestamp":"2022-03-18T10:18:14.005Z"}
{"level":"info","message":"Checking order status","origClientOrderId":"pvvQsnitvgreShjaJ5O9ox","service":"api-1efbe35-binance-LUNABUSD","symbol":"LUNABUSD","timestamp":"2022-03-18T10:33:14.191Z"}
{"data":{"clientOrderId":"pvvQsnitvgreShjaJ5O9ox","cummulativeQuoteQty":"0.00000000","executedQty":"0.00000000","icebergQty":"0.00000000","isWorking":true,"orderId":483015003,"orderListId":-1,"origQty":"0.27000000","origQuoteOrderQty":"0.00000000","price":"84.77000000","side":"SELL","status":"NEW","stopPrice":"0.00000000","symbol":"LUNABUSD","time":1647593292492,"timeInForce":"GTC","type":"LIMIT","updateTime":1647593292492},"level":"info","message":"Order status","service":"api-1efbe35-binance-LUNABUSD","timestamp":"2022-03-18T10:33:14.289Z"}
{"level":"info","message":"Checking order status","origClientOrderId":"pvvQsnitvgreShjaJ5O9ox","service":"api-1efbe35-binance-LUNABUSD","symbol":"LUNABUSD","timestamp":"2022-03-18T10:48:14.410Z"}
{"data":{"clientOrderId":"pvvQsnitvgreShjaJ5O9ox","cummulativeQuoteQty":"0.00000000","executedQty":"0.00000000","icebergQty":"0.00000000","isWorking":true,"orderId":483015003,"orderListId":-1,"origQty":"0.27000000","origQuoteOrderQty":"0.00000000","price":"84.77000000","side":"SELL","status":"NEW","stopPrice":"0.00000000","symbol":"LUNABUSD","time":1647593292492,"timeInForce":"GTC","type":"LIMIT","updateTime":1647593292492},"level":"info","message":"Order status","service":"api-1efbe35-binance-LUNABUSD","timestamp":"2022-03-18T10:48:14.503Z"}
{"level":"info","message":"Checking order status","origClientOrderId":"pvvQsnitvgreShjaJ5O9ox","service":"api-1efbe35-binance-LUNABUSD","symbol":"LUNABUSD","timestamp":"2022-03-18T11:03:14.697Z"}
{"data":{"clientOrderId":"pvvQsnitvgreShjaJ5O9ox","cummulativeQuoteQty":"0.00000000","executedQty":"0.00000000","icebergQty":"0.00000000","isWorking":true,"orderId":483015003,"orderListId":-1,"origQty":"0.27000000","origQuoteOrderQty":"0.00000000","price":"84.77000000","side":"SELL","status":"NEW","stopPrice":"0.00000000","symbol":"LUNABUSD","time":1647593292492,"timeInForce":"GTC","type":"LIMIT","updateTime":1647593292492},"level":"info","message":"Order status","service":"api-1efbe35-binance-LUNABUSD","timestamp":"2022-03-18T11:03:14.783Z"}
{"level":"info","message":"Checking order status","origClientOrderId":"pvvQsnitvgreShjaJ5O9ox","service":"api-1efbe35-binance-LUNABUSD","symbol":"LUNABUSD","timestamp":"2022-03-18T11:18:14.968Z"}
{"data":{"clientOrderId":"pvvQsnitvgreShjaJ5O9ox","cummulativeQuoteQty":"0.00000000","executedQty":"0.00000000","icebergQty":"0.00000000","isWorking":true,"orderId":483015003,"orderListId":-1,"origQty":"0.27000000","origQuoteOrderQty":"0.00000000","price":"84.77000000","side":"SELL","status":"NEW","stopPrice":"0.00000000","symbol":"LUNABUSD","time":1647593292492,"timeInForce":"GTC","type":"LIMIT","updateTime":1647593292492},"level":"info","message":"Order status","service":"api-1efbe35-binance-LUNABUSD","timestamp":"2022-03-18T11:18:15.055Z"}
{"level":"info","message":"Checking order status","origClientOrderId":"pvvQsnitvgreShjaJ5O9ox","service":"api-1efbe35-binance-LUNABUSD","symbol":"LUNABUSD","timestamp":"2022-03-18T11:33:15.248Z"}
{"data":{"clientOrderId":"pvvQsnitvgreShjaJ5O9ox","cummulativeQuoteQty":"0.00000000","executedQty":"0.00000000","icebergQty":"0.00000000","isWorking":true,"orderId":483015003,"orderListId":-1,"origQty":"0.27000000","origQuoteOrderQty":"0.00000000","price":"84.77000000","side":"SELL","status":"NEW","stopPrice":"0.00000000","symbol":"LUNABUSD","time":1647593292492,"timeInForce":"GTC","type":"LIMIT","updateTime":1647593292492},"level":"info","message":"Order status","service":"api-1efbe35-binance-LUNABUSD","timestamp":"2022-03-18T11:33:15.343Z"}
{"level":"info","message":"Checking order status","origClientOrderId":"pvvQsnitvgreShjaJ5O9ox","service":"api-1efbe35-binance-LUNABUSD","symbol":"LUNABUSD","timestamp":"2022-03-18T11:48:15.537Z"}
{"data":{"clientOrderId":"pvvQsnitvgreShjaJ5O9ox","cummulativeQuoteQty":"0.00000000","executedQty":"0.00000000","icebergQty":"0.00000000","isWorking":true,"orderId":483015003,"orderListId":-1,"origQty":"0.27000000","origQuoteOrderQty":"0.00000000","price":"84.77000000","side":"SELL","status":"NEW","stopPrice":"0.00000000","symbol":"LUNABUSD","time":1647593292492,"timeInForce":"GTC","type":"LIMIT","updateTime":1647593292492},"level":"info","message":"Order status","service":"api-1efbe35-binance-LUNABUSD","timestamp":"2022-03-18T11:48:15.640Z"}
{"level":"info","message":"Checking order status","origClientOrderId":"pvvQsnitvgreShjaJ5O9ox","service":"api-1efbe35-binance-LUNABUSD","symbol":"LUNABUSD","timestamp":"2022-03-18T12:03:15.818Z"}
{"data":{"clientOrderId":"pvvQsnitvgreShjaJ5O9ox","cummulativeQuoteQty":"0.00000000","executedQty":"0.00000000","icebergQty":"0.00000000","isWorking":true,"orderId":483015003,"orderListId":-1,"origQty":"0.27000000","origQuoteOrderQty":"0.00000000","price":"84.77000000","side":"SELL","status":"NEW","stopPrice":"0.00000000","symbol":"LUNABUSD","time":1647593292492,"timeInForce":"GTC","type":"LIMIT","updateTime":1647593292492},"level":"info","message":"Order status","service":"api-1efbe35-binance-LUNABUSD","timestamp":"2022-03-18T12:03:15.919Z"}
{"level":"info","message":"Checking order status","origClientOrderId":"pvvQsnitvgreShjaJ5O9ox","service":"api-1efbe35-binance-LUNABUSD","symbol":"LUNABUSD","timestamp":"2022-03-18T12:18:16.087Z"}
{"data":{"clientOrderId":"pvvQsnitvgreShjaJ5O9ox","cummulativeQuoteQty":"0.00000000","executedQty":"0.00000000","icebergQty":"0.00000000","isWorking":true,"orderId":483015003,"orderListId":-1,"origQty":"0.27000000","origQuoteOrderQty":"0.00000000","price":"84.77000000","side":"SELL","status":"NEW","stopPrice":"0.00000000","symbol":"LUNABUSD","time":1647593292492,"timeInForce":"GTC","type":"LIMIT","updateTime":1647593292492},"level":"info","message":"Order status","service":"api-1efbe35-binance-LUNABUSD","timestamp":"2022-03-18T12:18:16.183Z"}
{"level":"info","message":"Checking order status","origClientOrderId":"pvvQsnitvgreShjaJ5O9ox","service":"api-1efbe35-binance-LUNABUSD","symbol":"LUNABUSD","timestamp":"2022-03-18T12:33:16.389Z"}
{"data":{"clientOrderId":"pvvQsnitvgreShjaJ5O9ox","cummulativeQuoteQty":"0.00000000","executedQty":"0.00000000","icebergQty":"0.00000000","isWorking":true,"orderId":483015003,"orderListId":-1,"origQty":"0.27000000","origQuoteOrderQty":"0.00000000","price":"84.77000000","side":"SELL","status":"NEW","stopPrice":"0.00000000","symbol":"LUNABUSD","time":1647593292492,"timeInForce":"GTC","type":"LIMIT","updateTime":1647593292492},"level":"info","message":"Order status","service":"api-1efbe35-binance-LUNABUSD","timestamp":"2022-03-18T12:33:16.475Z"}
{"level":"info","message":"Checking order status","origClientOrderId":"pvvQsnitvgreShjaJ5O9ox","service":"api-1efbe35-binance-LUNABUSD","symbol":"LUNABUSD","timestamp":"2022-03-18T12:48:16.687Z"}
{"data":{"clientOrderId":"pvvQsnitvgreShjaJ5O9ox","cummulativeQuoteQty":"0.00000000","executedQty":"0.00000000","icebergQty":"0.00000000","isWorking":true,"orderId":483015003,"orderListId":-1,"origQty":"0.27000000","origQuoteOrderQty":"0.00000000","price":"84.77000000","side":"SELL","status":"NEW","stopPrice":"0.00000000","symbol":"LUNABUSD","time":1647593292492,"timeInForce":"GTC","type":"LIMIT","updateTime":1647593292492},"level":"info","message":"Order status","service":"api-1efbe35-binance-LUNABUSD","timestamp":"2022-03-18T12:48:16.766Z"}
