{"assetPair":"XRPBUSD","data":{"price":"0.74480000","symbol":"XRPBUSD"},"level":"info","message":"Latest price","service":"api-d27bc23-binance-XRPBUSD","timestamp":"2022-03-05T13:02:09.108Z"}
{"assetPair":"XRPBUSD","data":{"price":"0.74080000","symbol":"XRPBUSD"},"level":"info","message":"Latest price","service":"api-d27bc23-binance-XRPBUSD","timestamp":"2022-03-05T13:05:09.138Z"}
{"assetPair":"XRPBUSD","data":{"price":"0.74150000","symbol":"XRPBUSD"},"level":"info","message":"Latest price","service":"api-d27bc23-binance-XRPBUSD","timestamp":"2022-03-05T13:08:09.205Z"}
{"assetPair":"XRPBUSD","data":{"price":"0.74450000","symbol":"XRPBUSD"},"level":"info","message":"Latest price","service":"api-d27bc23-binance-XRPBUSD","timestamp":"2022-03-05T13:11:09.244Z"}
{"assetPair":"XRPBUSD","data":{"price":"0.74630000","symbol":"XRPBUSD"},"level":"info","message":"Latest price","service":"api-d27bc23-binance-XRPBUSD","timestamp":"2022-03-05T13:14:09.277Z"}
{"assetPair":"XRPBUSD","data":{"price":"0.74500000","symbol":"XRPBUSD"},"level":"info","message":"Latest price","service":"api-d27bc23-binance-XRPBUSD","timestamp":"2022-03-05T13:17:09.304Z"}
{"assetPair":"XRPBUSD","data":{"price":"0.74780000","symbol":"XRPBUSD"},"level":"info","message":"Latest price","service":"api-d27bc23-binance-XRPBUSD","timestamp":"2022-03-05T13:20:09.334Z"}
{"assetPair":"XRPBUSD","data":{"price":"0.74850000","symbol":"XRPBUSD"},"level":"info","message":"Latest price","service":"api-d27bc23-binance-XRPBUSD","timestamp":"2022-03-05T13:23:09.364Z"}
{"assetPair":"XRPBUSD","data":{"price":"0.75160000","symbol":"XRPBUSD"},"level":"info","message":"Latest price","service":"api-d27bc23-binance-XRPBUSD","timestamp":"2022-03-05T13:26:09.399Z"}
{"assetPair":"XRPBUSD","data":{"price":"0.74990000","symbol":"XRPBUSD"},"level":"info","message":"Latest price","service":"api-d27bc23-binance-XRPBUSD","timestamp":"2022-03-05T13:29:09.432Z"}
{"balance":{"asset":"XRP","free":"33.37700000","locked":"0.00000000"},"level":"info","message":"Binance balance","service":"api-d27bc23-binance-XRPBUSD","timestamp":"2022-03-05T13:29:09.464Z"}
{"correctedPrice":"0.7499","correctedQty":"33","forAsset":"BUSD","level":"info","message":"Initiating SELL","price":"0.74990000","quantity":"33.37700000","sellAsset":"XRP","service":"api-d27bc23-binance-XRPBUSD","timestamp":"2022-03-05T13:29:09.465Z"}
{"data":{"clientOrderId":"Raf6D9jCrRu45shUn4Bny4","cummulativeQuoteQty":"0.00000000","executedQty":"0.00000000","fills":[],"orderId":736345560,"orderListId":-1,"origQty":"33.00000000","price":"0.74990000","side":"SELL","status":"NEW","symbol":"XRPBUSD","timeInForce":"GTC","transactTime":1646486949520,"type":"LIMIT"},"level":"info","message":"SELL success","service":"api-d27bc23-binance-XRPBUSD","timestamp":"2022-03-05T13:29:09.525Z"}
{"level":"info","message":"Checking order status","origClientOrderId":"Raf6D9jCrRu45shUn4Bny4","service":"api-d27bc23-binance-XRPBUSD","symbol":"XRPBUSD","timestamp":"2022-03-05T13:32:09.531Z"}
{"data":{"clientOrderId":"Raf6D9jCrRu45shUn4Bny4","cummulativeQuoteQty":"24.74670000","executedQty":"33.00000000","icebergQty":"0.00000000","isWorking":true,"orderId":736345560,"orderListId":-1,"origQty":"33.00000000","origQuoteOrderQty":"0.00000000","price":"0.74990000","side":"SELL","status":"FILLED","stopPrice":"0.00000000","symbol":"XRPBUSD","time":1646486949520,"timeInForce":"GTC","type":"LIMIT","updateTime":1646487041075},"level":"info","message":"Order status","service":"api-d27bc23-binance-XRPBUSD","timestamp":"2022-03-05T13:32:09.562Z"}
{"assetPair":"XRPBUSD","data":{"price":"0.75180000","symbol":"XRPBUSD"},"level":"info","message":"Latest price","service":"api-d27bc23-binance-XRPBUSD","timestamp":"2022-03-05T13:32:09.582Z"}
{"assetPair":"XRPBUSD","data":{"price":"0.75070000","symbol":"XRPBUSD"},"level":"info","message":"Latest price","service":"api-d27bc23-binance-XRPBUSD","timestamp":"2022-03-05T13:35:09.623Z"}
{"assetPair":"XRPBUSD","data":{"price":"0.75270000","symbol":"XRPBUSD"},"level":"info","message":"Latest price","service":"api-d27bc23-binance-XRPBUSD","timestamp":"2022-03-05T13:38:09.658Z"}
{"balance":{"asset":"BUSD","free":"38.23857380","locked":"0.00000000"},"level":"info","message":"Binance balance","service":"api-d27bc23-binance-XRPBUSD","timestamp":"2022-03-05T13:38:09.685Z"}
{"buyAsset":"XRP","correctedPrice":"0.7527","correctedQty":"32","level":"info","message":"Initiating BUY","price":"0.7527","quantity":"32.88162614587485053806","service":"api-d27bc23-binance-XRPBUSD","timestamp":"2022-03-05T13:38:09.686Z","withAsset":"BUSD"}
{"data":{"clientOrderId":"nYrHss67efKHxnijfFWr2O","cummulativeQuoteQty":"24.08320000","executedQty":"32.00000000","fills":[{"commission":"0.03200000","commissionAsset":"XRP","price":"0.75260000","qty":"32.00000000","tradeId":54379204}],"orderId":736359577,"orderListId":-1,"origQty":"32.00000000","price":"0.75270000","side":"BUY","status":"FILLED","symbol":"XRPBUSD","timeInForce":"GTC","transactTime":1646487489709,"type":"LIMIT"},"level":"info","message":"BUY success","service":"api-d27bc23-binance-XRPBUSD","timestamp":"2022-03-05T13:38:09.713Z"}
{"level":"info","message":"Checking order status","origClientOrderId":"nYrHss67efKHxnijfFWr2O","service":"api-d27bc23-binance-XRPBUSD","symbol":"XRPBUSD","timestamp":"2022-03-05T13:41:09.717Z"}
{"data":{"clientOrderId":"nYrHss67efKHxnijfFWr2O","cummulativeQuoteQty":"24.08320000","executedQty":"32.00000000","icebergQty":"0.00000000","isWorking":true,"orderId":736359577,"orderListId":-1,"origQty":"32.00000000","origQuoteOrderQty":"0.00000000","price":"0.75270000","side":"BUY","status":"FILLED","stopPrice":"0.00000000","symbol":"XRPBUSD","time":1646487489709,"timeInForce":"GTC","type":"LIMIT","updateTime":1646487489709},"level":"info","message":"Order status","service":"api-d27bc23-binance-XRPBUSD","timestamp":"2022-03-05T13:41:09.755Z"}
{"assetPair":"XRPBUSD","data":{"price":"0.75260000","symbol":"XRPBUSD"},"level":"info","message":"Latest price","service":"api-d27bc23-binance-XRPBUSD","timestamp":"2022-03-05T13:41:09.784Z"}
{"assetPair":"XRPBUSD","data":{"price":"0.75180000","symbol":"XRPBUSD"},"level":"info","message":"Latest price","service":"api-d27bc23-binance-XRPBUSD","timestamp":"2022-03-05T13:44:09.812Z"}
{"assetPair":"XRPBUSD","data":{"price":"0.75040000","symbol":"XRPBUSD"},"level":"info","message":"Latest price","service":"api-d27bc23-binance-XRPBUSD","timestamp":"2022-03-05T13:47:09.869Z"}
{"assetPair":"XRPBUSD","data":{"price":"0.75260000","symbol":"XRPBUSD"},"level":"info","message":"Latest price","service":"api-d27bc23-binance-XRPBUSD","timestamp":"2022-03-05T13:50:09.899Z"}
{"assetPair":"XRPBUSD","data":{"price":"0.75360000","symbol":"XRPBUSD"},"level":"info","message":"Latest price","service":"api-d27bc23-binance-XRPBUSD","timestamp":"2022-03-05T13:53:09.973Z"}
{"assetPair":"XRPBUSD","data":{"price":"0.75340000","symbol":"XRPBUSD"},"level":"info","message":"Latest price","service":"api-d27bc23-binance-XRPBUSD","timestamp":"2022-03-05T13:56:10.003Z"}
{"assetPair":"XRPBUSD","data":{"price":"0.75800000","symbol":"XRPBUSD"},"level":"info","message":"Latest price","service":"api-d27bc23-binance-XRPBUSD","timestamp":"2022-03-05T13:59:10.036Z"}
{"assetPair":"XRPBUSD","data":{"price":"0.75890000","symbol":"XRPBUSD"},"level":"info","message":"Latest price","service":"api-d27bc23-binance-XRPBUSD","timestamp":"2022-03-05T14:02:10.074Z"}
{"assetPair":"XRPBUSD","data":{"price":"0.75680000","symbol":"XRPBUSD"},"level":"info","message":"Latest price","service":"api-d27bc23-binance-XRPBUSD","timestamp":"2022-03-05T14:05:10.108Z"}
{"assetPair":"XRPBUSD","data":{"price":"0.75740000","symbol":"XRPBUSD"},"level":"info","message":"Latest price","service":"api-d27bc23-binance-XRPBUSD","timestamp":"2022-03-05T14:08:10.142Z"}
{"assetPair":"XRPBUSD","data":{"price":"0.76220000","symbol":"XRPBUSD"},"level":"info","message":"Latest price","service":"api-d27bc23-binance-XRPBUSD","timestamp":"2022-03-05T14:11:10.172Z"}
{"assetPair":"XRPBUSD","data":{"price":"0.76310000","symbol":"XRPBUSD"},"level":"info","message":"Latest price","service":"api-d27bc23-binance-XRPBUSD","timestamp":"2022-03-05T14:14:10.208Z"}
{"assetPair":"XRPBUSD","data":{"price":"0.76700000","symbol":"XRPBUSD"},"level":"info","message":"Latest price","service":"api-d27bc23-binance-XRPBUSD","timestamp":"2022-03-05T14:17:10.234Z"}
{"assetPair":"XRPBUSD","data":{"price":"0.76590000","symbol":"XRPBUSD"},"level":"info","message":"Latest price","service":"api-d27bc23-binance-XRPBUSD","timestamp":"2022-03-05T14:20:10.267Z"}
{"assetPair":"XRPBUSD","data":{"price":"0.76220000","symbol":"XRPBUSD"},"level":"info","message":"Latest price","service":"api-d27bc23-binance-XRPBUSD","timestamp":"2022-03-05T14:23:10.293Z"}
{"assetPair":"XRPBUSD","data":{"price":"0.76060000","symbol":"XRPBUSD"},"level":"info","message":"Latest price","service":"api-d27bc23-binance-XRPBUSD","timestamp":"2022-03-05T14:26:10.333Z"}
{"assetPair":"XRPBUSD","data":{"price":"0.75970000","symbol":"XRPBUSD"},"level":"info","message":"Latest price","service":"api-d27bc23-binance-XRPBUSD","timestamp":"2022-03-05T14:29:10.360Z"}
{"assetPair":"XRPBUSD","data":{"price":"0.76160000","symbol":"XRPBUSD"},"level":"info","message":"Latest price","service":"api-d27bc23-binance-XRPBUSD","timestamp":"2022-03-05T14:32:10.392Z"}
{"assetPair":"XRPBUSD","data":{"price":"0.75750000","symbol":"XRPBUSD"},"level":"info","message":"Latest price","service":"api-d27bc23-binance-XRPBUSD","timestamp":"2022-03-05T14:35:10.420Z"}
{"assetPair":"XRPBUSD","data":{"price":"0.75780000","symbol":"XRPBUSD"},"level":"info","message":"Latest price","service":"api-d27bc23-binance-XRPBUSD","timestamp":"2022-03-05T14:38:10.453Z"}
{"assetPair":"XRPBUSD","data":{"price":"0.75750000","symbol":"XRPBUSD"},"level":"info","message":"Latest price","service":"api-d27bc23-binance-XRPBUSD","timestamp":"2022-03-05T14:41:10.485Z"}
{"assetPair":"XRPBUSD","data":{"price":"0.75770000","symbol":"XRPBUSD"},"level":"info","message":"Latest price","service":"api-d27bc23-binance-XRPBUSD","timestamp":"2022-03-05T14:44:10.518Z"}
{"assetPair":"XRPBUSD","data":{"price":"0.75800000","symbol":"XRPBUSD"},"level":"info","message":"Latest price","service":"api-d27bc23-binance-XRPBUSD","timestamp":"2022-03-05T14:47:10.547Z"}
{"assetPair":"XRPBUSD","data":{"price":"0.75570000","symbol":"XRPBUSD"},"level":"info","message":"Latest price","service":"api-d27bc23-binance-XRPBUSD","timestamp":"2022-03-05T14:50:10.586Z"}
{"assetPair":"XRPBUSD","data":{"price":"0.75680000","symbol":"XRPBUSD"},"level":"info","message":"Latest price","service":"api-d27bc23-binance-XRPBUSD","timestamp":"2022-03-05T14:53:10.614Z"}
{"assetPair":"XRPBUSD","data":{"price":"0.75770000","symbol":"XRPBUSD"},"level":"info","message":"Latest price","service":"api-d27bc23-binance-XRPBUSD","timestamp":"2022-03-05T14:56:10.654Z"}
{"assetPair":"XRPBUSD","data":{"price":"0.75880000","symbol":"XRPBUSD"},"level":"info","message":"Latest price","service":"api-d27bc23-binance-XRPBUSD","timestamp":"2022-03-05T14:59:10.684Z"}
{"assetPair":"XRPBUSD","data":{"price":"0.75930000","symbol":"XRPBUSD"},"level":"info","message":"Latest price","service":"api-d27bc23-binance-XRPBUSD","timestamp":"2022-03-05T15:02:10.720Z"}
{"assetPair":"XRPBUSD","data":{"price":"0.75870000","symbol":"XRPBUSD"},"level":"info","message":"Latest price","service":"api-d27bc23-binance-XRPBUSD","timestamp":"2022-03-05T15:05:10.749Z"}
{"assetPair":"XRPBUSD","data":{"price":"0.76100000","symbol":"XRPBUSD"},"level":"info","message":"Latest price","service":"api-d27bc23-binance-XRPBUSD","timestamp":"2022-03-05T15:08:10.806Z"}
{"assetPair":"XRPBUSD","data":{"price":"0.76170000","symbol":"XRPBUSD"},"level":"info","message":"Latest price","service":"api-d27bc23-binance-XRPBUSD","timestamp":"2022-03-05T15:11:10.835Z"}
{"assetPair":"XRPBUSD","data":{"price":"0.76210000","symbol":"XRPBUSD"},"level":"info","message":"Latest price","service":"api-d27bc23-binance-XRPBUSD","timestamp":"2022-03-05T15:14:10.888Z"}
{"assetPair":"XRPBUSD","data":{"price":"0.76120000","symbol":"XRPBUSD"},"level":"info","message":"Latest price","service":"api-d27bc23-binance-XRPBUSD","timestamp":"2022-03-05T15:17:10.922Z"}
{"assetPair":"XRPBUSD","data":{"price":"0.76090000","symbol":"XRPBUSD"},"level":"info","message":"Latest price","service":"api-d27bc23-binance-XRPBUSD","timestamp":"2022-03-05T15:20:10.956Z"}
{"assetPair":"XRPBUSD","data":{"price":"0.75880000","symbol":"XRPBUSD"},"level":"info","message":"Latest price","service":"api-d27bc23-binance-XRPBUSD","timestamp":"2022-03-05T15:23:10.982Z"}
{"assetPair":"XRPBUSD","data":{"price":"0.75550000","symbol":"XRPBUSD"},"level":"info","message":"Latest price","service":"api-d27bc23-binance-XRPBUSD","timestamp":"2022-03-05T15:26:11.093Z"}
{"assetPair":"XRPBUSD","data":{"price":"0.75690000","symbol":"XRPBUSD"},"level":"info","message":"Latest price","service":"api-d27bc23-binance-XRPBUSD","timestamp":"2022-03-05T15:29:11.125Z"}
{"assetPair":"XRPBUSD","data":{"price":"0.75980000","symbol":"XRPBUSD"},"level":"info","message":"Latest price","service":"api-d27bc23-binance-XRPBUSD","timestamp":"2022-03-05T15:32:11.201Z"}
{"assetPair":"XRPBUSD","data":{"price":"0.75840000","symbol":"XRPBUSD"},"level":"info","message":"Latest price","service":"api-d27bc23-binance-XRPBUSD","timestamp":"2022-03-05T15:35:11.271Z"}
{"assetPair":"XRPBUSD","data":{"price":"0.75840000","symbol":"XRPBUSD"},"level":"info","message":"Latest price","service":"api-d27bc23-binance-XRPBUSD","timestamp":"2022-03-05T15:38:11.308Z"}
{"assetPair":"XRPBUSD","data":{"price":"0.75800000","symbol":"XRPBUSD"},"level":"info","message":"Latest price","service":"api-d27bc23-binance-XRPBUSD","timestamp":"2022-03-05T15:41:11.370Z"}
{"assetPair":"XRPBUSD","data":{"price":"0.75780000","symbol":"XRPBUSD"},"level":"info","message":"Latest price","service":"api-d27bc23-binance-XRPBUSD","timestamp":"2022-03-05T15:44:11.409Z"}
{"assetPair":"XRPBUSD","data":{"price":"0.75760000","symbol":"XRPBUSD"},"level":"info","message":"Latest price","service":"api-d27bc23-binance-XRPBUSD","timestamp":"2022-03-05T15:47:11.469Z"}
{"assetPair":"XRPBUSD","data":{"price":"0.75830000","symbol":"XRPBUSD"},"level":"info","message":"Latest price","service":"api-d27bc23-binance-XRPBUSD","timestamp":"2022-03-05T15:50:11.502Z"}
{"assetPair":"XRPBUSD","data":{"price":"0.75830000","symbol":"XRPBUSD"},"level":"info","message":"Latest price","service":"api-d27bc23-binance-XRPBUSD","timestamp":"2022-03-05T15:53:11.540Z"}
{"assetPair":"XRPBUSD","data":{"price":"0.76040000","symbol":"XRPBUSD"},"level":"info","message":"Latest price","service":"api-d27bc23-binance-XRPBUSD","timestamp":"2022-03-05T15:56:11.564Z"}
{"assetPair":"XRPBUSD","data":{"price":"0.75940000","symbol":"XRPBUSD"},"level":"info","message":"Latest price","service":"api-d27bc23-binance-XRPBUSD","timestamp":"2022-03-05T15:59:11.590Z"}
{"assetPair":"XRPBUSD","data":{"price":"0.76100000","symbol":"XRPBUSD"},"level":"info","message":"Latest price","service":"api-d27bc23-binance-XRPBUSD","timestamp":"2022-03-05T16:02:11.620Z"}
{"assetPair":"XRPBUSD","data":{"price":"0.76210000","symbol":"XRPBUSD"},"level":"info","message":"Latest price","service":"api-d27bc23-binance-XRPBUSD","timestamp":"2022-03-05T16:05:11.665Z"}
{"assetPair":"XRPBUSD","data":{"price":"0.76070000","symbol":"XRPBUSD"},"level":"info","message":"Latest price","service":"api-d27bc23-binance-XRPBUSD","timestamp":"2022-03-05T16:08:11.700Z"}
{"assetPair":"XRPBUSD","data":{"price":"0.76020000","symbol":"XRPBUSD"},"level":"info","message":"Latest price","service":"api-d27bc23-binance-XRPBUSD","timestamp":"2022-03-05T16:11:11.740Z"}
{"assetPair":"XRPBUSD","data":{"price":"0.76080000","symbol":"XRPBUSD"},"level":"info","message":"Latest price","service":"api-d27bc23-binance-XRPBUSD","timestamp":"2022-03-05T16:14:11.768Z"}
{"assetPair":"XRPBUSD","data":{"price":"0.75960000","symbol":"XRPBUSD"},"level":"info","message":"Latest price","service":"api-d27bc23-binance-XRPBUSD","timestamp":"2022-03-05T16:17:11.796Z"}
{"assetPair":"XRPBUSD","data":{"price":"0.75750000","symbol":"XRPBUSD"},"level":"info","message":"Latest price","service":"api-d27bc23-binance-XRPBUSD","timestamp":"2022-03-05T16:20:11.840Z"}
{"assetPair":"XRPBUSD","data":{"price":"0.76000000","symbol":"XRPBUSD"},"level":"info","message":"Latest price","service":"api-d27bc23-binance-XRPBUSD","timestamp":"2022-03-05T16:23:11.865Z"}
{"assetPair":"XRPBUSD","data":{"price":"0.76000000","symbol":"XRPBUSD"},"level":"info","message":"Latest price","service":"api-d27bc23-binance-XRPBUSD","timestamp":"2022-03-05T16:26:11.921Z"}
{"assetPair":"XRPBUSD","data":{"price":"0.76030000","symbol":"XRPBUSD"},"level":"info","message":"Latest price","service":"api-d27bc23-binance-XRPBUSD","timestamp":"2022-03-05T16:29:11.973Z"}
{"assetPair":"XRPBUSD","data":{"price":"0.76010000","symbol":"XRPBUSD"},"level":"info","message":"Latest price","service":"api-d27bc23-binance-XRPBUSD","timestamp":"2022-03-05T16:32:12.007Z"}
{"assetPair":"XRPBUSD","data":{"price":"0.76200000","symbol":"XRPBUSD"},"level":"info","message":"Latest price","service":"api-d27bc23-binance-XRPBUSD","timestamp":"2022-03-05T16:35:12.036Z"}
{"assetPair":"XRPBUSD","data":{"price":"0.76280000","symbol":"XRPBUSD"},"level":"info","message":"Latest price","service":"api-d27bc23-binance-XRPBUSD","timestamp":"2022-03-05T16:38:12.071Z"}
{"assetPair":"XRPBUSD","data":{"price":"0.76340000","symbol":"XRPBUSD"},"level":"info","message":"Latest price","service":"api-d27bc23-binance-XRPBUSD","timestamp":"2022-03-05T16:41:12.142Z"}
{"assetPair":"XRPBUSD","data":{"price":"0.76450000","symbol":"XRPBUSD"},"level":"info","message":"Latest price","service":"api-d27bc23-binance-XRPBUSD","timestamp":"2022-03-05T16:44:12.199Z"}
{"assetPair":"XRPBUSD","data":{"price":"0.76440000","symbol":"XRPBUSD"},"level":"info","message":"Latest price","service":"api-d27bc23-binance-XRPBUSD","timestamp":"2022-03-05T16:47:12.232Z"}
{"assetPair":"XRPBUSD","data":{"price":"0.76120000","symbol":"XRPBUSD"},"level":"info","message":"Latest price","service":"api-d27bc23-binance-XRPBUSD","timestamp":"2022-03-05T16:50:12.304Z"}
{"assetPair":"XRPBUSD","data":{"price":"0.76060000","symbol":"XRPBUSD"},"level":"info","message":"Latest price","service":"api-d27bc23-binance-XRPBUSD","timestamp":"2022-03-05T16:53:12.330Z"}
{"assetPair":"XRPBUSD","data":{"price":"0.75920000","symbol":"XRPBUSD"},"level":"info","message":"Latest price","service":"api-d27bc23-binance-XRPBUSD","timestamp":"2022-03-05T16:56:12.362Z"}
{"assetPair":"XRPBUSD","data":{"price":"0.75770000","symbol":"XRPBUSD"},"level":"info","message":"Latest price","service":"api-d27bc23-binance-XRPBUSD","timestamp":"2022-03-05T16:59:12.441Z"}
{"assetPair":"XRPBUSD","data":{"price":"0.76030000","symbol":"XRPBUSD"},"level":"info","message":"Latest price","service":"api-d27bc23-binance-XRPBUSD","timestamp":"2022-03-05T17:02:12.465Z"}
{"assetPair":"XRPBUSD","data":{"price":"0.76040000","symbol":"XRPBUSD"},"level":"info","message":"Latest price","service":"api-d27bc23-binance-XRPBUSD","timestamp":"2022-03-05T17:05:12.529Z"}
{"assetPair":"XRPBUSD","data":{"price":"0.76250000","symbol":"XRPBUSD"},"level":"info","message":"Latest price","service":"api-d27bc23-binance-XRPBUSD","timestamp":"2022-03-05T17:08:12.587Z"}
{"assetPair":"XRPBUSD","data":{"price":"0.76180000","symbol":"XRPBUSD"},"level":"info","message":"Latest price","service":"api-d27bc23-binance-XRPBUSD","timestamp":"2022-03-05T17:11:12.655Z"}
{"assetPair":"XRPBUSD","data":{"price":"0.76210000","symbol":"XRPBUSD"},"level":"info","message":"Latest price","service":"api-d27bc23-binance-XRPBUSD","timestamp":"2022-03-05T17:14:12.682Z"}
{"assetPair":"XRPBUSD","data":{"price":"0.76140000","symbol":"XRPBUSD"},"level":"info","message":"Latest price","service":"api-d27bc23-binance-XRPBUSD","timestamp":"2022-03-05T17:17:12.712Z"}
{"assetPair":"XRPBUSD","data":{"price":"0.75960000","symbol":"XRPBUSD"},"level":"info","message":"Latest price","service":"api-d27bc23-binance-XRPBUSD","timestamp":"2022-03-05T17:20:12.767Z"}
{"assetPair":"XRPBUSD","data":{"price":"0.75970000","symbol":"XRPBUSD"},"level":"info","message":"Latest price","service":"api-d27bc23-binance-XRPBUSD","timestamp":"2022-03-05T17:23:12.793Z"}
{"assetPair":"XRPBUSD","data":{"price":"0.76000000","symbol":"XRPBUSD"},"level":"info","message":"Latest price","service":"api-d27bc23-binance-XRPBUSD","timestamp":"2022-03-05T17:26:12.824Z"}
{"assetPair":"XRPBUSD","data":{"price":"0.75850000","symbol":"XRPBUSD"},"level":"info","message":"Latest price","service":"api-d27bc23-binance-XRPBUSD","timestamp":"2022-03-05T17:29:12.854Z"}
{"assetPair":"XRPBUSD","data":{"price":"0.75700000","symbol":"XRPBUSD"},"level":"info","message":"Latest price","service":"api-d27bc23-binance-XRPBUSD","timestamp":"2022-03-05T17:32:12.888Z"}
{"assetPair":"XRPBUSD","data":{"price":"0.75630000","symbol":"XRPBUSD"},"level":"info","message":"Latest price","service":"api-d27bc23-binance-XRPBUSD","timestamp":"2022-03-05T17:35:12.915Z"}
{"assetPair":"XRPBUSD","data":{"price":"0.75740000","symbol":"XRPBUSD"},"level":"info","message":"Latest price","service":"api-d27bc23-binance-XRPBUSD","timestamp":"2022-03-05T17:38:12.946Z"}
{"assetPair":"XRPBUSD","data":{"price":"0.75670000","symbol":"XRPBUSD"},"level":"info","message":"Latest price","service":"api-d27bc23-binance-XRPBUSD","timestamp":"2022-03-05T17:41:12.978Z"}
{"assetPair":"XRPBUSD","data":{"price":"0.75650000","symbol":"XRPBUSD"},"level":"info","message":"Latest price","service":"api-d27bc23-binance-XRPBUSD","timestamp":"2022-03-05T17:44:13.007Z"}
{"assetPair":"XRPBUSD","data":{"price":"0.75680000","symbol":"XRPBUSD"},"level":"info","message":"Latest price","service":"api-d27bc23-binance-XRPBUSD","timestamp":"2022-03-05T17:47:13.034Z"}
{"assetPair":"XRPBUSD","data":{"price":"0.75510000","symbol":"XRPBUSD"},"level":"info","message":"Latest price","service":"api-d27bc23-binance-XRPBUSD","timestamp":"2022-03-05T17:50:13.100Z"}
{"assetPair":"XRPBUSD","data":{"price":"0.75430000","symbol":"XRPBUSD"},"level":"info","message":"Latest price","service":"api-d27bc23-binance-XRPBUSD","timestamp":"2022-03-05T17:53:13.135Z"}
{"assetPair":"XRPBUSD","data":{"price":"0.75340000","symbol":"XRPBUSD"},"level":"info","message":"Latest price","service":"api-d27bc23-binance-XRPBUSD","timestamp":"2022-03-05T17:56:13.175Z"}
{"assetPair":"XRPBUSD","data":{"price":"0.75340000","symbol":"XRPBUSD"},"level":"info","message":"Latest price","service":"api-d27bc23-binance-XRPBUSD","timestamp":"2022-03-05T17:59:13.216Z"}
{"assetPair":"XRPBUSD","data":{"price":"0.75200000","symbol":"XRPBUSD"},"level":"info","message":"Latest price","service":"api-d27bc23-binance-XRPBUSD","timestamp":"2022-03-05T18:02:13.259Z"}
{"assetPair":"XRPBUSD","data":{"price":"0.75110000","symbol":"XRPBUSD"},"level":"info","message":"Latest price","service":"api-d27bc23-binance-XRPBUSD","timestamp":"2022-03-05T18:05:13.285Z"}
{"assetPair":"XRPBUSD","data":{"price":"0.75000000","symbol":"XRPBUSD"},"level":"info","message":"Latest price","service":"api-d27bc23-binance-XRPBUSD","timestamp":"2022-03-05T18:08:13.314Z"}
{"assetPair":"XRPBUSD","data":{"price":"0.75110000","symbol":"XRPBUSD"},"level":"info","message":"Latest price","service":"api-d27bc23-binance-XRPBUSD","timestamp":"2022-03-05T18:11:13.369Z"}
{"assetPair":"XRPBUSD","data":{"price":"0.75150000","symbol":"XRPBUSD"},"level":"info","message":"Latest price","service":"api-d27bc23-binance-XRPBUSD","timestamp":"2022-03-05T18:14:13.402Z"}
{"assetPair":"XRPBUSD","data":{"price":"0.75160000","symbol":"XRPBUSD"},"level":"info","message":"Latest price","service":"api-d27bc23-binance-XRPBUSD","timestamp":"2022-03-05T18:17:13.476Z"}
{"assetPair":"XRPBUSD","data":{"price":"0.75200000","symbol":"XRPBUSD"},"level":"info","message":"Latest price","service":"api-d27bc23-binance-XRPBUSD","timestamp":"2022-03-05T18:20:13.534Z"}
{"assetPair":"XRPBUSD","data":{"price":"0.75270000","symbol":"XRPBUSD"},"level":"info","message":"Latest price","service":"api-d27bc23-binance-XRPBUSD","timestamp":"2022-03-05T18:23:13.612Z"}
{"assetPair":"XRPBUSD","data":{"price":"0.75120000","symbol":"XRPBUSD"},"level":"info","message":"Latest price","service":"api-d27bc23-binance-XRPBUSD","timestamp":"2022-03-05T18:26:13.703Z"}
{"assetPair":"XRPBUSD","data":{"price":"0.75100000","symbol":"XRPBUSD"},"level":"info","message":"Latest price","service":"api-d27bc23-binance-XRPBUSD","timestamp":"2022-03-05T18:29:13.754Z"}
{"assetPair":"XRPBUSD","data":{"price":"0.75130000","symbol":"XRPBUSD"},"level":"info","message":"Latest price","service":"api-d27bc23-binance-XRPBUSD","timestamp":"2022-03-05T18:32:13.781Z"}
{"assetPair":"XRPBUSD","data":{"price":"0.74980000","symbol":"XRPBUSD"},"level":"info","message":"Latest price","service":"api-d27bc23-binance-XRPBUSD","timestamp":"2022-03-05T18:35:13.811Z"}
{"assetPair":"XRPBUSD","data":{"price":"0.75100000","symbol":"XRPBUSD"},"level":"info","message":"Latest price","service":"api-d27bc23-binance-XRPBUSD","timestamp":"2022-03-05T18:38:13.841Z"}
{"assetPair":"XRPBUSD","data":{"price":"0.75000000","symbol":"XRPBUSD"},"level":"info","message":"Latest price","service":"api-d27bc23-binance-XRPBUSD","timestamp":"2022-03-05T18:41:13.919Z"}
{"assetPair":"XRPBUSD","data":{"price":"0.75160000","symbol":"XRPBUSD"},"level":"info","message":"Latest price","service":"api-d27bc23-binance-XRPBUSD","timestamp":"2022-03-05T18:44:13.973Z"}
{"assetPair":"XRPBUSD","data":{"price":"0.75270000","symbol":"XRPBUSD"},"level":"info","message":"Latest price","service":"api-d27bc23-binance-XRPBUSD","timestamp":"2022-03-05T18:47:13.997Z"}
{"assetPair":"XRPBUSD","data":{"price":"0.75360000","symbol":"XRPBUSD"},"level":"info","message":"Latest price","service":"api-d27bc23-binance-XRPBUSD","timestamp":"2022-03-05T18:50:14.056Z"}
{"assetPair":"XRPBUSD","data":{"price":"0.75310000","symbol":"XRPBUSD"},"level":"info","message":"Latest price","service":"api-d27bc23-binance-XRPBUSD","timestamp":"2022-03-05T18:53:14.086Z"}
{"assetPair":"XRPBUSD","data":{"price":"0.75340000","symbol":"XRPBUSD"},"level":"info","message":"Latest price","service":"api-d27bc23-binance-XRPBUSD","timestamp":"2022-03-05T18:56:14.169Z"}
{"assetPair":"XRPBUSD","data":{"price":"0.75430000","symbol":"XRPBUSD"},"level":"info","message":"Latest price","service":"api-d27bc23-binance-XRPBUSD","timestamp":"2022-03-05T18:59:14.196Z"}
{"assetPair":"XRPBUSD","data":{"price":"0.75390000","symbol":"XRPBUSD"},"level":"info","message":"Latest price","service":"api-d27bc23-binance-XRPBUSD","timestamp":"2022-03-05T19:02:14.222Z"}
{"assetPair":"XRPBUSD","data":{"price":"0.75500000","symbol":"XRPBUSD"},"level":"info","message":"Latest price","service":"api-d27bc23-binance-XRPBUSD","timestamp":"2022-03-05T19:05:14.249Z"}
{"assetPair":"XRPBUSD","data":{"price":"0.75450000","symbol":"XRPBUSD"},"level":"info","message":"Latest price","service":"api-d27bc23-binance-XRPBUSD","timestamp":"2022-03-05T19:08:14.281Z"}
{"assetPair":"XRPBUSD","data":{"price":"0.75480000","symbol":"XRPBUSD"},"level":"info","message":"Latest price","service":"api-d27bc23-binance-XRPBUSD","timestamp":"2022-03-05T19:11:14.311Z"}
{"assetPair":"XRPBUSD","data":{"price":"0.75490000","symbol":"XRPBUSD"},"level":"info","message":"Latest price","service":"api-d27bc23-binance-XRPBUSD","timestamp":"2022-03-05T19:14:14.343Z"}
{"assetPair":"XRPBUSD","data":{"price":"0.75440000","symbol":"XRPBUSD"},"level":"info","message":"Latest price","service":"api-d27bc23-binance-XRPBUSD","timestamp":"2022-03-05T19:17:14.379Z"}
{"assetPair":"XRPBUSD","data":{"price":"0.75490000","symbol":"XRPBUSD"},"level":"info","message":"Latest price","service":"api-d27bc23-binance-XRPBUSD","timestamp":"2022-03-05T19:20:14.409Z"}
{"assetPair":"XRPBUSD","data":{"price":"0.75510000","symbol":"XRPBUSD"},"level":"info","message":"Latest price","service":"api-d27bc23-binance-XRPBUSD","timestamp":"2022-03-05T19:23:14.496Z"}
{"assetPair":"XRPBUSD","data":{"price":"0.75400000","symbol":"XRPBUSD"},"level":"info","message":"Latest price","service":"api-d27bc23-binance-XRPBUSD","timestamp":"2022-03-05T19:26:14.574Z"}
{"assetPair":"XRPBUSD","data":{"price":"0.75290000","symbol":"XRPBUSD"},"level":"info","message":"Latest price","service":"api-d27bc23-binance-XRPBUSD","timestamp":"2022-03-05T19:29:14.643Z"}
{"assetPair":"XRPBUSD","data":{"price":"0.75260000","symbol":"XRPBUSD"},"level":"info","message":"Latest price","service":"api-d27bc23-binance-XRPBUSD","timestamp":"2022-03-05T19:32:14.714Z"}
{"assetPair":"XRPBUSD","data":{"price":"0.75210000","symbol":"XRPBUSD"},"level":"info","message":"Latest price","service":"api-d27bc23-binance-XRPBUSD","timestamp":"2022-03-05T19:35:14.777Z"}
{"assetPair":"XRPBUSD","data":{"price":"0.75100000","symbol":"XRPBUSD"},"level":"info","message":"Latest price","service":"api-d27bc23-binance-XRPBUSD","timestamp":"2022-03-05T19:38:14.808Z"}
{"assetPair":"XRPBUSD","data":{"price":"0.75150000","symbol":"XRPBUSD"},"level":"info","message":"Latest price","service":"api-d27bc23-binance-XRPBUSD","timestamp":"2022-03-05T19:41:14.893Z"}
{"assetPair":"XRPBUSD","data":{"price":"0.75090000","symbol":"XRPBUSD"},"level":"info","message":"Latest price","service":"api-d27bc23-binance-XRPBUSD","timestamp":"2022-03-05T19:44:14.960Z"}
{"assetPair":"XRPBUSD","data":{"price":"0.75130000","symbol":"XRPBUSD"},"level":"info","message":"Latest price","service":"api-d27bc23-binance-XRPBUSD","timestamp":"2022-03-05T19:47:14.990Z"}
{"assetPair":"XRPBUSD","data":{"price":"0.75200000","symbol":"XRPBUSD"},"level":"info","message":"Latest price","service":"api-d27bc23-binance-XRPBUSD","timestamp":"2022-03-05T19:50:15.017Z"}
{"assetPair":"XRPBUSD","data":{"price":"0.75230000","symbol":"XRPBUSD"},"level":"info","message":"Latest price","service":"api-d27bc23-binance-XRPBUSD","timestamp":"2022-03-05T19:53:15.089Z"}
{"assetPair":"XRPBUSD","data":{"price":"0.75290000","symbol":"XRPBUSD"},"level":"info","message":"Latest price","service":"api-d27bc23-binance-XRPBUSD","timestamp":"2022-03-05T19:56:15.120Z"}
{"assetPair":"XRPBUSD","data":{"price":"0.75250000","symbol":"XRPBUSD"},"level":"info","message":"Latest price","service":"api-d27bc23-binance-XRPBUSD","timestamp":"2022-03-05T19:59:15.145Z"}
{"assetPair":"XRPBUSD","data":{"price":"0.75170000","symbol":"XRPBUSD"},"level":"info","message":"Latest price","service":"api-d27bc23-binance-XRPBUSD","timestamp":"2022-03-05T20:02:15.216Z"}
{"assetPair":"XRPBUSD","data":{"price":"0.75280000","symbol":"XRPBUSD"},"level":"info","message":"Latest price","service":"api-d27bc23-binance-XRPBUSD","timestamp":"2022-03-05T20:05:15.280Z"}
{"assetPair":"XRPBUSD","data":{"price":"0.75270000","symbol":"XRPBUSD"},"level":"info","message":"Latest price","service":"api-d27bc23-binance-XRPBUSD","timestamp":"2022-03-05T20:08:15.338Z"}
{"assetPair":"XRPBUSD","data":{"price":"0.75350000","symbol":"XRPBUSD"},"level":"info","message":"Latest price","service":"api-d27bc23-binance-XRPBUSD","timestamp":"2022-03-05T20:11:15.373Z"}
{"assetPair":"XRPBUSD","data":{"price":"0.75340000","symbol":"XRPBUSD"},"level":"info","message":"Latest price","service":"api-d27bc23-binance-XRPBUSD","timestamp":"2022-03-05T20:14:15.425Z"}
{"assetPair":"XRPBUSD","data":{"price":"0.75370000","symbol":"XRPBUSD"},"level":"info","message":"Latest price","service":"api-d27bc23-binance-XRPBUSD","timestamp":"2022-03-05T20:17:15.451Z"}
{"assetPair":"XRPBUSD","data":{"price":"0.75350000","symbol":"XRPBUSD"},"level":"info","message":"Latest price","service":"api-d27bc23-binance-XRPBUSD","timestamp":"2022-03-05T20:20:15.483Z"}
{"assetPair":"XRPBUSD","data":{"price":"0.75180000","symbol":"XRPBUSD"},"level":"info","message":"Latest price","service":"api-d27bc23-binance-XRPBUSD","timestamp":"2022-03-05T20:23:15.520Z"}
{"assetPair":"XRPBUSD","data":{"price":"0.75250000","symbol":"XRPBUSD"},"level":"info","message":"Latest price","service":"api-d27bc23-binance-XRPBUSD","timestamp":"2022-03-05T20:26:15.602Z"}
{"assetPair":"XRPBUSD","data":{"price":"0.75210000","symbol":"XRPBUSD"},"level":"info","message":"Latest price","service":"api-d27bc23-binance-XRPBUSD","timestamp":"2022-03-05T20:29:15.674Z"}
{"assetPair":"XRPBUSD","data":{"price":"0.75140000","symbol":"XRPBUSD"},"level":"info","message":"Latest price","service":"api-d27bc23-binance-XRPBUSD","timestamp":"2022-03-05T20:32:15.705Z"}
{"assetPair":"XRPBUSD","data":{"price":"0.75170000","symbol":"XRPBUSD"},"level":"info","message":"Latest price","service":"api-d27bc23-binance-XRPBUSD","timestamp":"2022-03-05T20:35:15.744Z"}
{"assetPair":"XRPBUSD","data":{"price":"0.75180000","symbol":"XRPBUSD"},"level":"info","message":"Latest price","service":"api-d27bc23-binance-XRPBUSD","timestamp":"2022-03-05T20:38:15.782Z"}
{"assetPair":"XRPBUSD","data":{"price":"0.75240000","symbol":"XRPBUSD"},"level":"info","message":"Latest price","service":"api-d27bc23-binance-XRPBUSD","timestamp":"2022-03-05T20:41:15.837Z"}
{"assetPair":"XRPBUSD","data":{"price":"0.75300000","symbol":"XRPBUSD"},"level":"info","message":"Latest price","service":"api-d27bc23-binance-XRPBUSD","timestamp":"2022-03-05T20:44:15.865Z"}
{"assetPair":"XRPBUSD","data":{"price":"0.75310000","symbol":"XRPBUSD"},"level":"info","message":"Latest price","service":"api-d27bc23-binance-XRPBUSD","timestamp":"2022-03-05T20:47:15.895Z"}
{"assetPair":"XRPBUSD","data":{"price":"0.75320000","symbol":"XRPBUSD"},"level":"info","message":"Latest price","service":"api-d27bc23-binance-XRPBUSD","timestamp":"2022-03-05T20:50:15.926Z"}
{"assetPair":"XRPBUSD","data":{"price":"0.75310000","symbol":"XRPBUSD"},"level":"info","message":"Latest price","service":"api-d27bc23-binance-XRPBUSD","timestamp":"2022-03-05T20:53:15.967Z"}
{"assetPair":"XRPBUSD","data":{"price":"0.75360000","symbol":"XRPBUSD"},"level":"info","message":"Latest price","service":"api-d27bc23-binance-XRPBUSD","timestamp":"2022-03-05T20:56:16.018Z"}
{"assetPair":"XRPBUSD","data":{"price":"0.75250000","symbol":"XRPBUSD"},"level":"info","message":"Latest price","service":"api-d27bc23-binance-XRPBUSD","timestamp":"2022-03-05T20:59:16.076Z"}
{"assetPair":"XRPBUSD","data":{"price":"0.75230000","symbol":"XRPBUSD"},"level":"info","message":"Latest price","service":"api-d27bc23-binance-XRPBUSD","timestamp":"2022-03-05T21:02:16.106Z"}
{"assetPair":"XRPBUSD","data":{"price":"0.74800000","symbol":"XRPBUSD"},"level":"info","message":"Latest price","service":"api-d27bc23-binance-XRPBUSD","timestamp":"2022-03-05T21:05:16.167Z"}
{"assetPair":"XRPBUSD","data":{"price":"0.74830000","symbol":"XRPBUSD"},"level":"info","message":"Latest price","service":"api-d27bc23-binance-XRPBUSD","timestamp":"2022-03-05T21:08:16.256Z"}
{"assetPair":"XRPBUSD","data":{"price":"0.74890000","symbol":"XRPBUSD"},"level":"info","message":"Latest price","service":"api-d27bc23-binance-XRPBUSD","timestamp":"2022-03-05T21:11:16.285Z"}
{"assetPair":"XRPBUSD","data":{"price":"0.74910000","symbol":"XRPBUSD"},"level":"info","message":"Latest price","service":"api-d27bc23-binance-XRPBUSD","timestamp":"2022-03-05T21:14:16.314Z"}
{"assetPair":"XRPBUSD","data":{"price":"0.74880000","symbol":"XRPBUSD"},"level":"info","message":"Latest price","service":"api-d27bc23-binance-XRPBUSD","timestamp":"2022-03-05T21:17:16.348Z"}
{"assetPair":"XRPBUSD","data":{"price":"0.74870000","symbol":"XRPBUSD"},"level":"info","message":"Latest price","service":"api-d27bc23-binance-XRPBUSD","timestamp":"2022-03-05T21:20:16.379Z"}
{"assetPair":"XRPBUSD","data":{"price":"0.74960000","symbol":"XRPBUSD"},"level":"info","message":"Latest price","service":"api-d27bc23-binance-XRPBUSD","timestamp":"2022-03-05T21:23:16.409Z"}
{"assetPair":"XRPBUSD","data":{"price":"0.74970000","symbol":"XRPBUSD"},"level":"info","message":"Latest price","service":"api-d27bc23-binance-XRPBUSD","timestamp":"2022-03-05T21:26:16.456Z"}
{"assetPair":"XRPBUSD","data":{"price":"0.74920000","symbol":"XRPBUSD"},"level":"info","message":"Latest price","service":"api-d27bc23-binance-XRPBUSD","timestamp":"2022-03-05T21:29:16.486Z"}
{"assetPair":"XRPBUSD","data":{"price":"0.74940000","symbol":"XRPBUSD"},"level":"info","message":"Latest price","service":"api-d27bc23-binance-XRPBUSD","timestamp":"2022-03-05T21:32:16.516Z"}
{"assetPair":"XRPBUSD","data":{"price":"0.74950000","symbol":"XRPBUSD"},"level":"info","message":"Latest price","service":"api-d27bc23-binance-XRPBUSD","timestamp":"2022-03-05T21:35:16.597Z"}
{"assetPair":"XRPBUSD","data":{"price":"0.74950000","symbol":"XRPBUSD"},"level":"info","message":"Latest price","service":"api-d27bc23-binance-XRPBUSD","timestamp":"2022-03-05T21:38:16.620Z"}
{"assetPair":"XRPBUSD","data":{"price":"0.74920000","symbol":"XRPBUSD"},"level":"info","message":"Latest price","service":"api-d27bc23-binance-XRPBUSD","timestamp":"2022-03-05T21:41:16.657Z"}
{"assetPair":"XRPBUSD","data":{"price":"0.74810000","symbol":"XRPBUSD"},"level":"info","message":"Latest price","service":"api-d27bc23-binance-XRPBUSD","timestamp":"2022-03-05T21:44:16.686Z"}
{"assetPair":"XRPBUSD","data":{"price":"0.74880000","symbol":"XRPBUSD"},"level":"info","message":"Latest price","service":"api-d27bc23-binance-XRPBUSD","timestamp":"2022-03-05T21:47:16.725Z"}
{"assetPair":"XRPBUSD","data":{"price":"0.74750000","symbol":"XRPBUSD"},"level":"info","message":"Latest price","service":"api-d27bc23-binance-XRPBUSD","timestamp":"2022-03-05T21:50:16.759Z"}
{"assetPair":"XRPBUSD","data":{"price":"0.74620000","symbol":"XRPBUSD"},"level":"info","message":"Latest price","service":"api-d27bc23-binance-XRPBUSD","timestamp":"2022-03-05T21:53:16.786Z"}
{"assetPair":"XRPBUSD","data":{"price":"0.74600000","symbol":"XRPBUSD"},"level":"info","message":"Latest price","service":"api-d27bc23-binance-XRPBUSD","timestamp":"2022-03-05T21:56:16.827Z"}
{"assetPair":"XRPBUSD","data":{"price":"0.74570000","symbol":"XRPBUSD"},"level":"info","message":"Latest price","service":"api-d27bc23-binance-XRPBUSD","timestamp":"2022-03-05T21:59:16.888Z"}
{"assetPair":"XRPBUSD","data":{"price":"0.74430000","symbol":"XRPBUSD"},"level":"info","message":"Latest price","service":"api-d27bc23-binance-XRPBUSD","timestamp":"2022-03-05T22:02:16.927Z"}
{"assetPair":"XRPBUSD","data":{"price":"0.74420000","symbol":"XRPBUSD"},"level":"info","message":"Latest price","service":"api-d27bc23-binance-XRPBUSD","timestamp":"2022-03-05T22:05:16.960Z"}
{"assetPair":"XRPBUSD","data":{"price":"0.74470000","symbol":"XRPBUSD"},"level":"info","message":"Latest price","service":"api-d27bc23-binance-XRPBUSD","timestamp":"2022-03-05T22:08:16.989Z"}
{"assetPair":"XRPBUSD","data":{"price":"0.74530000","symbol":"XRPBUSD"},"level":"info","message":"Latest price","service":"api-d27bc23-binance-XRPBUSD","timestamp":"2022-03-05T22:11:17.017Z"}
{"assetPair":"XRPBUSD","data":{"price":"0.74570000","symbol":"XRPBUSD"},"level":"info","message":"Latest price","service":"api-d27bc23-binance-XRPBUSD","timestamp":"2022-03-05T22:14:17.055Z"}
{"assetPair":"XRPBUSD","data":{"price":"0.74630000","symbol":"XRPBUSD"},"level":"info","message":"Latest price","service":"api-d27bc23-binance-XRPBUSD","timestamp":"2022-03-05T22:17:17.112Z"}
{"assetPair":"XRPBUSD","data":{"price":"0.74670000","symbol":"XRPBUSD"},"level":"info","message":"Latest price","service":"api-d27bc23-binance-XRPBUSD","timestamp":"2022-03-05T22:20:17.147Z"}
{"assetPair":"XRPBUSD","data":{"price":"0.74800000","symbol":"XRPBUSD"},"level":"info","message":"Latest price","service":"api-d27bc23-binance-XRPBUSD","timestamp":"2022-03-05T22:23:17.202Z"}
{"assetPair":"XRPBUSD","data":{"price":"0.74950000","symbol":"XRPBUSD"},"level":"info","message":"Latest price","service":"api-d27bc23-binance-XRPBUSD","timestamp":"2022-03-05T22:26:17.241Z"}
{"assetPair":"XRPBUSD","data":{"price":"0.74840000","symbol":"XRPBUSD"},"level":"info","message":"Latest price","service":"api-d27bc23-binance-XRPBUSD","timestamp":"2022-03-05T22:29:17.275Z"}
{"assetPair":"XRPBUSD","data":{"price":"0.74990000","symbol":"XRPBUSD"},"level":"info","message":"Latest price","service":"api-d27bc23-binance-XRPBUSD","timestamp":"2022-03-05T22:32:17.311Z"}
{"assetPair":"XRPBUSD","data":{"price":"0.75170000","symbol":"XRPBUSD"},"level":"info","message":"Latest price","service":"api-d27bc23-binance-XRPBUSD","timestamp":"2022-03-05T22:35:17.344Z"}
{"assetPair":"XRPBUSD","data":{"price":"0.74960000","symbol":"XRPBUSD"},"level":"info","message":"Latest price","service":"api-d27bc23-binance-XRPBUSD","timestamp":"2022-03-05T22:38:17.424Z"}
{"assetPair":"XRPBUSD","data":{"price":"0.75040000","symbol":"XRPBUSD"},"level":"info","message":"Latest price","service":"api-d27bc23-binance-XRPBUSD","timestamp":"2022-03-05T22:41:17.496Z"}
{"assetPair":"XRPBUSD","data":{"price":"0.75080000","symbol":"XRPBUSD"},"level":"info","message":"Latest price","service":"api-d27bc23-binance-XRPBUSD","timestamp":"2022-03-05T22:44:17.530Z"}
{"assetPair":"XRPBUSD","data":{"price":"0.75170000","symbol":"XRPBUSD"},"level":"info","message":"Latest price","service":"api-d27bc23-binance-XRPBUSD","timestamp":"2022-03-05T22:47:17.560Z"}
{"assetPair":"XRPBUSD","data":{"price":"0.75370000","symbol":"XRPBUSD"},"level":"info","message":"Latest price","service":"api-d27bc23-binance-XRPBUSD","timestamp":"2022-03-05T22:50:17.602Z"}
{"assetPair":"XRPBUSD","data":{"price":"0.75450000","symbol":"XRPBUSD"},"level":"info","message":"Latest price","service":"api-d27bc23-binance-XRPBUSD","timestamp":"2022-03-05T22:53:17.638Z"}
{"assetPair":"XRPBUSD","data":{"price":"0.75380000","symbol":"XRPBUSD"},"level":"info","message":"Latest price","service":"api-d27bc23-binance-XRPBUSD","timestamp":"2022-03-05T22:56:17.678Z"}
{"assetPair":"XRPBUSD","data":{"price":"0.75230000","symbol":"XRPBUSD"},"level":"info","message":"Latest price","service":"api-d27bc23-binance-XRPBUSD","timestamp":"2022-03-05T22:59:17.720Z"}
{"assetPair":"XRPBUSD","data":{"price":"0.75090000","symbol":"XRPBUSD"},"level":"info","message":"Latest price","service":"api-d27bc23-binance-XRPBUSD","timestamp":"2022-03-05T23:02:17.782Z"}
{"assetPair":"XRPBUSD","data":{"price":"0.75050000","symbol":"XRPBUSD"},"level":"info","message":"Latest price","service":"api-d27bc23-binance-XRPBUSD","timestamp":"2022-03-05T23:05:17.811Z"}
{"assetPair":"XRPBUSD","data":{"price":"0.75420000","symbol":"XRPBUSD"},"level":"info","message":"Latest price","service":"api-d27bc23-binance-XRPBUSD","timestamp":"2022-03-05T23:08:17.882Z"}
{"assetPair":"XRPBUSD","data":{"price":"0.75820000","symbol":"XRPBUSD"},"level":"info","message":"Latest price","service":"api-d27bc23-binance-XRPBUSD","timestamp":"2022-03-05T23:11:17.920Z"}
{"assetPair":"XRPBUSD","data":{"price":"0.75660000","symbol":"XRPBUSD"},"level":"info","message":"Latest price","service":"api-d27bc23-binance-XRPBUSD","timestamp":"2022-03-05T23:14:17.974Z"}
{"assetPair":"XRPBUSD","data":{"price":"0.75570000","symbol":"XRPBUSD"},"level":"info","message":"Latest price","service":"api-d27bc23-binance-XRPBUSD","timestamp":"2022-03-05T23:17:18.007Z"}
{"assetPair":"XRPBUSD","data":{"price":"0.75650000","symbol":"XRPBUSD"},"level":"info","message":"Latest price","service":"api-d27bc23-binance-XRPBUSD","timestamp":"2022-03-05T23:20:18.039Z"}
{"assetPair":"XRPBUSD","data":{"price":"0.75590000","symbol":"XRPBUSD"},"level":"info","message":"Latest price","service":"api-d27bc23-binance-XRPBUSD","timestamp":"2022-03-05T23:23:18.072Z"}
{"assetPair":"XRPBUSD","data":{"price":"0.75500000","symbol":"XRPBUSD"},"level":"info","message":"Latest price","service":"api-d27bc23-binance-XRPBUSD","timestamp":"2022-03-05T23:26:18.122Z"}
{"assetPair":"XRPBUSD","data":{"price":"0.75470000","symbol":"XRPBUSD"},"level":"info","message":"Latest price","service":"api-d27bc23-binance-XRPBUSD","timestamp":"2022-03-05T23:29:18.183Z"}
{"assetPair":"XRPBUSD","data":{"price":"0.75520000","symbol":"XRPBUSD"},"level":"info","message":"Latest price","service":"api-d27bc23-binance-XRPBUSD","timestamp":"2022-03-05T23:32:18.213Z"}
{"assetPair":"XRPBUSD","data":{"price":"0.75240000","symbol":"XRPBUSD"},"level":"info","message":"Latest price","service":"api-d27bc23-binance-XRPBUSD","timestamp":"2022-03-05T23:35:18.244Z"}
{"assetPair":"XRPBUSD","data":{"price":"0.75380000","symbol":"XRPBUSD"},"level":"info","message":"Latest price","service":"api-d27bc23-binance-XRPBUSD","timestamp":"2022-03-05T23:38:18.280Z"}
{"assetPair":"XRPBUSD","data":{"price":"0.75350000","symbol":"XRPBUSD"},"level":"info","message":"Latest price","service":"api-d27bc23-binance-XRPBUSD","timestamp":"2022-03-05T23:41:18.310Z"}
{"assetPair":"XRPBUSD","data":{"price":"0.75310000","symbol":"XRPBUSD"},"level":"info","message":"Latest price","service":"api-d27bc23-binance-XRPBUSD","timestamp":"2022-03-05T23:44:18.335Z"}
{"assetPair":"XRPBUSD","data":{"price":"0.75320000","symbol":"XRPBUSD"},"level":"info","message":"Latest price","service":"api-d27bc23-binance-XRPBUSD","timestamp":"2022-03-05T23:47:18.376Z"}
{"assetPair":"XRPBUSD","data":{"price":"0.75340000","symbol":"XRPBUSD"},"level":"info","message":"Latest price","service":"api-d27bc23-binance-XRPBUSD","timestamp":"2022-03-05T23:50:18.407Z"}
{"assetPair":"XRPBUSD","data":{"price":"0.75500000","symbol":"XRPBUSD"},"level":"info","message":"Latest price","service":"api-d27bc23-binance-XRPBUSD","timestamp":"2022-03-05T23:53:18.435Z"}
{"assetPair":"XRPBUSD","data":{"price":"0.75370000","symbol":"XRPBUSD"},"level":"info","message":"Latest price","service":"api-d27bc23-binance-XRPBUSD","timestamp":"2022-03-05T23:56:18.465Z"}
{"assetPair":"XRPBUSD","data":{"price":"0.75400000","symbol":"XRPBUSD"},"level":"info","message":"Latest price","service":"api-d27bc23-binance-XRPBUSD","timestamp":"2022-03-05T23:59:18.531Z"}
{"assetPair":"XRPBUSD","data":{"price":"0.75490000","symbol":"XRPBUSD"},"level":"info","message":"Latest price","service":"api-d27bc23-binance-XRPBUSD","timestamp":"2022-03-06T00:02:18.561Z"}
{"assetPair":"XRPBUSD","data":{"price":"0.75740000","symbol":"XRPBUSD"},"level":"info","message":"Latest price","service":"api-d27bc23-binance-XRPBUSD","timestamp":"2022-03-06T00:05:18.602Z"}
{"assetPair":"XRPBUSD","data":{"price":"0.75610000","symbol":"XRPBUSD"},"level":"info","message":"Latest price","service":"api-d27bc23-binance-XRPBUSD","timestamp":"2022-03-06T00:08:18.639Z"}
{"assetPair":"XRPBUSD","data":{"price":"0.75580000","symbol":"XRPBUSD"},"level":"info","message":"Latest price","service":"api-d27bc23-binance-XRPBUSD","timestamp":"2022-03-06T00:11:18.674Z"}
{"assetPair":"XRPBUSD","data":{"price":"0.75610000","symbol":"XRPBUSD"},"level":"info","message":"Latest price","service":"api-d27bc23-binance-XRPBUSD","timestamp":"2022-03-06T00:14:18.737Z"}
{"assetPair":"XRPBUSD","data":{"price":"0.75540000","symbol":"XRPBUSD"},"level":"info","message":"Latest price","service":"api-d27bc23-binance-XRPBUSD","timestamp":"2022-03-06T00:17:18.767Z"}
{"assetPair":"XRPBUSD","data":{"price":"0.75580000","symbol":"XRPBUSD"},"level":"info","message":"Latest price","service":"api-d27bc23-binance-XRPBUSD","timestamp":"2022-03-06T00:20:18.836Z"}
{"assetPair":"XRPBUSD","data":{"price":"0.75560000","symbol":"XRPBUSD"},"level":"info","message":"Latest price","service":"api-d27bc23-binance-XRPBUSD","timestamp":"2022-03-06T00:23:18.893Z"}
{"assetPair":"XRPBUSD","data":{"price":"0.75540000","symbol":"XRPBUSD"},"level":"info","message":"Latest price","service":"api-d27bc23-binance-XRPBUSD","timestamp":"2022-03-06T00:26:18.989Z"}
{"assetPair":"XRPBUSD","data":{"price":"0.75660000","symbol":"XRPBUSD"},"level":"info","message":"Latest price","service":"api-d27bc23-binance-XRPBUSD","timestamp":"2022-03-06T00:29:19.020Z"}
{"assetPair":"XRPBUSD","data":{"price":"0.75750000","symbol":"XRPBUSD"},"level":"info","message":"Latest price","service":"api-d27bc23-binance-XRPBUSD","timestamp":"2022-03-06T00:32:19.048Z"}
{"assetPair":"XRPBUSD","data":{"price":"0.75730000","symbol":"XRPBUSD"},"level":"info","message":"Latest price","service":"api-d27bc23-binance-XRPBUSD","timestamp":"2022-03-06T00:35:19.088Z"}
{"assetPair":"XRPBUSD","data":{"price":"0.75790000","symbol":"XRPBUSD"},"level":"info","message":"Latest price","service":"api-d27bc23-binance-XRPBUSD","timestamp":"2022-03-06T00:38:19.125Z"}
{"assetPair":"XRPBUSD","data":{"price":"0.75680000","symbol":"XRPBUSD"},"level":"info","message":"Latest price","service":"api-d27bc23-binance-XRPBUSD","timestamp":"2022-03-06T00:41:19.185Z"}
{"assetPair":"XRPBUSD","data":{"price":"0.75630000","symbol":"XRPBUSD"},"level":"info","message":"Latest price","service":"api-d27bc23-binance-XRPBUSD","timestamp":"2022-03-06T00:44:19.215Z"}
{"assetPair":"XRPBUSD","data":{"price":"0.75620000","symbol":"XRPBUSD"},"level":"info","message":"Latest price","service":"api-d27bc23-binance-XRPBUSD","timestamp":"2022-03-06T00:47:19.243Z"}
{"assetPair":"XRPBUSD","data":{"price":"0.75710000","symbol":"XRPBUSD"},"level":"info","message":"Latest price","service":"api-d27bc23-binance-XRPBUSD","timestamp":"2022-03-06T00:50:19.272Z"}
{"assetPair":"XRPBUSD","data":{"price":"0.75710000","symbol":"XRPBUSD"},"level":"info","message":"Latest price","service":"api-d27bc23-binance-XRPBUSD","timestamp":"2022-03-06T00:53:19.337Z"}
{"assetPair":"XRPBUSD","data":{"price":"0.75690000","symbol":"XRPBUSD"},"level":"info","message":"Latest price","service":"api-d27bc23-binance-XRPBUSD","timestamp":"2022-03-06T00:56:19.366Z"}
{"assetPair":"XRPBUSD","data":{"price":"0.75700000","symbol":"XRPBUSD"},"level":"info","message":"Latest price","service":"api-d27bc23-binance-XRPBUSD","timestamp":"2022-03-06T00:59:19.401Z"}
{"assetPair":"XRPBUSD","data":{"price":"0.75670000","symbol":"XRPBUSD"},"level":"info","message":"Latest price","service":"api-d27bc23-binance-XRPBUSD","timestamp":"2022-03-06T01:02:19.430Z"}
{"assetPair":"XRPBUSD","data":{"price":"0.75740000","symbol":"XRPBUSD"},"level":"info","message":"Latest price","service":"api-d27bc23-binance-XRPBUSD","timestamp":"2022-03-06T01:05:19.461Z"}
{"assetPair":"XRPBUSD","data":{"price":"0.75650000","symbol":"XRPBUSD"},"level":"info","message":"Latest price","service":"api-d27bc23-binance-XRPBUSD","timestamp":"2022-03-06T01:08:19.540Z"}
{"assetPair":"XRPBUSD","data":{"price":"0.75640000","symbol":"XRPBUSD"},"level":"info","message":"Latest price","service":"api-d27bc23-binance-XRPBUSD","timestamp":"2022-03-06T01:11:19.579Z"}
{"assetPair":"XRPBUSD","data":{"price":"0.75610000","symbol":"XRPBUSD"},"level":"info","message":"Latest price","service":"api-d27bc23-binance-XRPBUSD","timestamp":"2022-03-06T01:14:19.612Z"}
{"assetPair":"XRPBUSD","data":{"price":"0.75600000","symbol":"XRPBUSD"},"level":"info","message":"Latest price","service":"api-d27bc23-binance-XRPBUSD","timestamp":"2022-03-06T01:17:19.692Z"}
{"assetPair":"XRPBUSD","data":{"price":"0.75550000","symbol":"XRPBUSD"},"level":"info","message":"Latest price","service":"api-d27bc23-binance-XRPBUSD","timestamp":"2022-03-06T01:20:19.731Z"}
{"assetPair":"XRPBUSD","data":{"price":"0.75530000","symbol":"XRPBUSD"},"level":"info","message":"Latest price","service":"api-d27bc23-binance-XRPBUSD","timestamp":"2022-03-06T01:23:19.796Z"}
{"assetPair":"XRPBUSD","data":{"price":"0.75440000","symbol":"XRPBUSD"},"level":"info","message":"Latest price","service":"api-d27bc23-binance-XRPBUSD","timestamp":"2022-03-06T01:26:19.832Z"}
{"assetPair":"XRPBUSD","data":{"price":"0.75520000","symbol":"XRPBUSD"},"level":"info","message":"Latest price","service":"api-d27bc23-binance-XRPBUSD","timestamp":"2022-03-06T01:29:19.885Z"}
{"assetPair":"XRPBUSD","data":{"price":"0.75320000","symbol":"XRPBUSD"},"level":"info","message":"Latest price","service":"api-d27bc23-binance-XRPBUSD","timestamp":"2022-03-06T01:32:19.914Z"}
{"assetPair":"XRPBUSD","data":{"price":"0.75150000","symbol":"XRPBUSD"},"level":"info","message":"Latest price","service":"api-d27bc23-binance-XRPBUSD","timestamp":"2022-03-06T01:35:19.972Z"}
{"assetPair":"XRPBUSD","data":{"price":"0.75040000","symbol":"XRPBUSD"},"level":"info","message":"Latest price","service":"api-d27bc23-binance-XRPBUSD","timestamp":"2022-03-06T01:38:20.009Z"}
{"assetPair":"XRPBUSD","data":{"price":"0.74950000","symbol":"XRPBUSD"},"level":"info","message":"Latest price","service":"api-d27bc23-binance-XRPBUSD","timestamp":"2022-03-06T01:41:20.039Z"}
{"assetPair":"XRPBUSD","data":{"price":"0.75080000","symbol":"XRPBUSD"},"level":"info","message":"Latest price","service":"api-d27bc23-binance-XRPBUSD","timestamp":"2022-03-06T01:44:20.069Z"}
{"assetPair":"XRPBUSD","data":{"price":"0.75070000","symbol":"XRPBUSD"},"level":"info","message":"Latest price","service":"api-d27bc23-binance-XRPBUSD","timestamp":"2022-03-06T01:47:20.092Z"}
{"assetPair":"XRPBUSD","data":{"price":"0.75120000","symbol":"XRPBUSD"},"level":"info","message":"Latest price","service":"api-d27bc23-binance-XRPBUSD","timestamp":"2022-03-06T01:50:20.135Z"}
{"assetPair":"XRPBUSD","data":{"price":"0.75070000","symbol":"XRPBUSD"},"level":"info","message":"Latest price","service":"api-d27bc23-binance-XRPBUSD","timestamp":"2022-03-06T01:53:20.191Z"}
{"assetPair":"XRPBUSD","data":{"price":"0.75080000","symbol":"XRPBUSD"},"level":"info","message":"Latest price","service":"api-d27bc23-binance-XRPBUSD","timestamp":"2022-03-06T01:56:20.219Z"}
{"assetPair":"XRPBUSD","data":{"price":"0.75070000","symbol":"XRPBUSD"},"level":"info","message":"Latest price","service":"api-d27bc23-binance-XRPBUSD","timestamp":"2022-03-06T01:59:20.249Z"}
{"assetPair":"XRPBUSD","data":{"price":"0.74950000","symbol":"XRPBUSD"},"level":"info","message":"Latest price","service":"api-d27bc23-binance-XRPBUSD","timestamp":"2022-03-06T02:02:20.285Z"}
{"assetPair":"XRPBUSD","data":{"price":"0.74860000","symbol":"XRPBUSD"},"level":"info","message":"Latest price","service":"api-d27bc23-binance-XRPBUSD","timestamp":"2022-03-06T02:05:20.365Z"}
{"assetPair":"XRPBUSD","data":{"price":"0.74920000","symbol":"XRPBUSD"},"level":"info","message":"Latest price","service":"api-d27bc23-binance-XRPBUSD","timestamp":"2022-03-06T02:08:20.402Z"}
{"assetPair":"XRPBUSD","data":{"price":"0.74980000","symbol":"XRPBUSD"},"level":"info","message":"Latest price","service":"api-d27bc23-binance-XRPBUSD","timestamp":"2022-03-06T02:11:20.464Z"}
{"assetPair":"XRPBUSD","data":{"price":"0.75030000","symbol":"XRPBUSD"},"level":"info","message":"Latest price","service":"api-d27bc23-binance-XRPBUSD","timestamp":"2022-03-06T02:14:20.489Z"}
{"assetPair":"XRPBUSD","data":{"price":"0.75090000","symbol":"XRPBUSD"},"level":"info","message":"Latest price","service":"api-d27bc23-binance-XRPBUSD","timestamp":"2022-03-06T02:17:20.517Z"}
{"assetPair":"XRPBUSD","data":{"price":"0.75160000","symbol":"XRPBUSD"},"level":"info","message":"Latest price","service":"api-d27bc23-binance-XRPBUSD","timestamp":"2022-03-06T02:20:20.557Z"}
{"assetPair":"XRPBUSD","data":{"price":"0.75090000","symbol":"XRPBUSD"},"level":"info","message":"Latest price","service":"api-d27bc23-binance-XRPBUSD","timestamp":"2022-03-06T02:23:20.596Z"}
{"assetPair":"XRPBUSD","data":{"price":"0.75060000","symbol":"XRPBUSD"},"level":"info","message":"Latest price","service":"api-d27bc23-binance-XRPBUSD","timestamp":"2022-03-06T02:26:20.631Z"}
{"assetPair":"XRPBUSD","data":{"price":"0.75200000","symbol":"XRPBUSD"},"level":"info","message":"Latest price","service":"api-d27bc23-binance-XRPBUSD","timestamp":"2022-03-06T02:29:20.675Z"}
{"assetPair":"XRPBUSD","data":{"price":"0.75250000","symbol":"XRPBUSD"},"level":"info","message":"Latest price","service":"api-d27bc23-binance-XRPBUSD","timestamp":"2022-03-06T02:32:20.735Z"}
{"assetPair":"XRPBUSD","data":{"price":"0.75320000","symbol":"XRPBUSD"},"level":"info","message":"Latest price","service":"api-d27bc23-binance-XRPBUSD","timestamp":"2022-03-06T02:35:20.779Z"}
{"assetPair":"XRPBUSD","data":{"price":"0.75370000","symbol":"XRPBUSD"},"level":"info","message":"Latest price","service":"api-d27bc23-binance-XRPBUSD","timestamp":"2022-03-06T02:38:20.832Z"}
{"assetPair":"XRPBUSD","data":{"price":"0.75230000","symbol":"XRPBUSD"},"level":"info","message":"Latest price","service":"api-d27bc23-binance-XRPBUSD","timestamp":"2022-03-06T02:41:20.866Z"}
{"assetPair":"XRPBUSD","data":{"price":"0.75330000","symbol":"XRPBUSD"},"level":"info","message":"Latest price","service":"api-d27bc23-binance-XRPBUSD","timestamp":"2022-03-06T02:44:20.900Z"}
{"assetPair":"XRPBUSD","data":{"price":"0.75250000","symbol":"XRPBUSD"},"level":"info","message":"Latest price","service":"api-d27bc23-binance-XRPBUSD","timestamp":"2022-03-06T02:47:20.935Z"}
{"assetPair":"XRPBUSD","data":{"price":"0.75120000","symbol":"XRPBUSD"},"level":"info","message":"Latest price","service":"api-d27bc23-binance-XRPBUSD","timestamp":"2022-03-06T02:50:20.967Z"}
{"assetPair":"XRPBUSD","data":{"price":"0.75080000","symbol":"XRPBUSD"},"level":"info","message":"Latest price","service":"api-d27bc23-binance-XRPBUSD","timestamp":"2022-03-06T02:53:20.996Z"}
{"assetPair":"XRPBUSD","data":{"price":"0.75080000","symbol":"XRPBUSD"},"level":"info","message":"Latest price","service":"api-d27bc23-binance-XRPBUSD","timestamp":"2022-03-06T02:56:21.038Z"}
{"assetPair":"XRPBUSD","data":{"price":"0.75140000","symbol":"XRPBUSD"},"level":"info","message":"Latest price","service":"api-d27bc23-binance-XRPBUSD","timestamp":"2022-03-06T02:59:21.066Z"}
{"assetPair":"XRPBUSD","data":{"price":"0.75170000","symbol":"XRPBUSD"},"level":"info","message":"Latest price","service":"api-d27bc23-binance-XRPBUSD","timestamp":"2022-03-06T03:02:21.098Z"}
{"assetPair":"XRPBUSD","data":{"price":"0.75250000","symbol":"XRPBUSD"},"level":"info","message":"Latest price","service":"api-d27bc23-binance-XRPBUSD","timestamp":"2022-03-06T03:05:21.130Z"}
{"assetPair":"XRPBUSD","data":{"price":"0.75220000","symbol":"XRPBUSD"},"level":"info","message":"Latest price","service":"api-d27bc23-binance-XRPBUSD","timestamp":"2022-03-06T03:08:21.164Z"}
{"assetPair":"XRPBUSD","data":{"price":"0.75190000","symbol":"XRPBUSD"},"level":"info","message":"Latest price","service":"api-d27bc23-binance-XRPBUSD","timestamp":"2022-03-06T03:11:21.246Z"}
{"assetPair":"XRPBUSD","data":{"price":"0.75150000","symbol":"XRPBUSD"},"level":"info","message":"Latest price","service":"api-d27bc23-binance-XRPBUSD","timestamp":"2022-03-06T03:14:21.276Z"}
{"assetPair":"XRPBUSD","data":{"price":"0.74940000","symbol":"XRPBUSD"},"level":"info","message":"Latest price","service":"api-d27bc23-binance-XRPBUSD","timestamp":"2022-03-06T03:17:21.310Z"}
{"assetPair":"XRPBUSD","data":{"price":"0.74810000","symbol":"XRPBUSD"},"level":"info","message":"Latest price","service":"api-d27bc23-binance-XRPBUSD","timestamp":"2022-03-06T03:20:21.379Z"}
{"assetPair":"XRPBUSD","data":{"price":"0.74720000","symbol":"XRPBUSD"},"level":"info","message":"Latest price","service":"api-d27bc23-binance-XRPBUSD","timestamp":"2022-03-06T03:23:21.413Z"}
{"assetPair":"XRPBUSD","data":{"price":"0.74690000","symbol":"XRPBUSD"},"level":"info","message":"Latest price","service":"api-d27bc23-binance-XRPBUSD","timestamp":"2022-03-06T03:26:21.448Z"}
{"assetPair":"XRPBUSD","data":{"price":"0.74680000","symbol":"XRPBUSD"},"level":"info","message":"Latest price","service":"api-d27bc23-binance-XRPBUSD","timestamp":"2022-03-06T03:29:21.505Z"}
{"assetPair":"XRPBUSD","data":{"price":"0.74700000","symbol":"XRPBUSD"},"level":"info","message":"Latest price","service":"api-d27bc23-binance-XRPBUSD","timestamp":"2022-03-06T03:32:21.549Z"}
{"assetPair":"XRPBUSD","data":{"price":"0.74540000","symbol":"XRPBUSD"},"level":"info","message":"Latest price","service":"api-d27bc23-binance-XRPBUSD","timestamp":"2022-03-06T03:35:21.604Z"}
{"assetPair":"XRPBUSD","data":{"price":"0.74410000","symbol":"XRPBUSD"},"level":"info","message":"Latest price","service":"api-d27bc23-binance-XRPBUSD","timestamp":"2022-03-06T03:38:21.667Z"}
{"assetPair":"XRPBUSD","data":{"price":"0.74250000","symbol":"XRPBUSD"},"level":"info","message":"Latest price","service":"api-d27bc23-binance-XRPBUSD","timestamp":"2022-03-06T03:41:21.719Z"}
{"assetPair":"XRPBUSD","data":{"price":"0.74260000","symbol":"XRPBUSD"},"level":"info","message":"Latest price","service":"api-d27bc23-binance-XRPBUSD","timestamp":"2022-03-06T03:44:21.771Z"}
{"assetPair":"XRPBUSD","data":{"price":"0.74370000","symbol":"XRPBUSD"},"level":"info","message":"Latest price","service":"api-d27bc23-binance-XRPBUSD","timestamp":"2022-03-06T03:47:21.804Z"}
{"assetPair":"XRPBUSD","data":{"price":"0.74440000","symbol":"XRPBUSD"},"level":"info","message":"Latest price","service":"api-d27bc23-binance-XRPBUSD","timestamp":"2022-03-06T03:50:21.869Z"}
{"assetPair":"XRPBUSD","data":{"price":"0.74520000","symbol":"XRPBUSD"},"level":"info","message":"Latest price","service":"api-d27bc23-binance-XRPBUSD","timestamp":"2022-03-06T03:53:21.936Z"}
{"assetPair":"XRPBUSD","data":{"price":"0.74470000","symbol":"XRPBUSD"},"level":"info","message":"Latest price","service":"api-d27bc23-binance-XRPBUSD","timestamp":"2022-03-06T03:56:21.994Z"}
{"assetPair":"XRPBUSD","data":{"price":"0.74270000","symbol":"XRPBUSD"},"level":"info","message":"Latest price","service":"api-d27bc23-binance-XRPBUSD","timestamp":"2022-03-06T03:59:22.037Z"}
{"assetPair":"XRPBUSD","data":{"price":"0.74240000","symbol":"XRPBUSD"},"level":"info","message":"Latest price","service":"api-d27bc23-binance-XRPBUSD","timestamp":"2022-03-06T04:02:22.108Z"}
{"assetPair":"XRPBUSD","data":{"price":"0.73350000","symbol":"XRPBUSD"},"level":"info","message":"Latest price","service":"api-d27bc23-binance-XRPBUSD","timestamp":"2022-03-06T04:05:22.144Z"}
{"assetPair":"XRPBUSD","data":{"price":"0.73590000","symbol":"XRPBUSD"},"level":"info","message":"Latest price","service":"api-d27bc23-binance-XRPBUSD","timestamp":"2022-03-06T04:08:22.175Z"}
{"assetPair":"XRPBUSD","data":{"price":"0.73430000","symbol":"XRPBUSD"},"level":"info","message":"Latest price","service":"api-d27bc23-binance-XRPBUSD","timestamp":"2022-03-06T04:11:22.281Z"}
{"assetPair":"XRPBUSD","data":{"price":"0.73720000","symbol":"XRPBUSD"},"level":"info","message":"Latest price","service":"api-d27bc23-binance-XRPBUSD","timestamp":"2022-03-06T04:14:22.310Z"}
{"assetPair":"XRPBUSD","data":{"price":"0.73700000","symbol":"XRPBUSD"},"level":"info","message":"Latest price","service":"api-d27bc23-binance-XRPBUSD","timestamp":"2022-03-06T04:17:22.341Z"}
{"assetPair":"XRPBUSD","data":{"price":"0.73670000","symbol":"XRPBUSD"},"level":"info","message":"Latest price","service":"api-d27bc23-binance-XRPBUSD","timestamp":"2022-03-06T04:20:22.373Z"}
{"assetPair":"XRPBUSD","data":{"price":"0.73720000","symbol":"XRPBUSD"},"level":"info","message":"Latest price","service":"api-d27bc23-binance-XRPBUSD","timestamp":"2022-03-06T04:23:22.404Z"}
{"assetPair":"XRPBUSD","data":{"price":"0.73740000","symbol":"XRPBUSD"},"level":"info","message":"Latest price","service":"api-d27bc23-binance-XRPBUSD","timestamp":"2022-03-06T04:26:22.440Z"}
{"assetPair":"XRPBUSD","data":{"price":"0.73800000","symbol":"XRPBUSD"},"level":"info","message":"Latest price","service":"api-d27bc23-binance-XRPBUSD","timestamp":"2022-03-06T04:29:22.470Z"}
{"assetPair":"XRPBUSD","data":{"price":"0.73950000","symbol":"XRPBUSD"},"level":"info","message":"Latest price","service":"api-d27bc23-binance-XRPBUSD","timestamp":"2022-03-06T04:32:22.504Z"}
{"assetPair":"XRPBUSD","data":{"price":"0.73940000","symbol":"XRPBUSD"},"level":"info","message":"Latest price","service":"api-d27bc23-binance-XRPBUSD","timestamp":"2022-03-06T04:35:22.537Z"}
{"assetPair":"XRPBUSD","data":{"price":"0.74120000","symbol":"XRPBUSD"},"level":"info","message":"Latest price","service":"api-d27bc23-binance-XRPBUSD","timestamp":"2022-03-06T04:38:22.574Z"}
{"assetPair":"XRPBUSD","data":{"price":"0.74550000","symbol":"XRPBUSD"},"level":"info","message":"Latest price","service":"api-d27bc23-binance-XRPBUSD","timestamp":"2022-03-06T04:41:22.665Z"}
{"assetPair":"XRPBUSD","data":{"price":"0.74350000","symbol":"XRPBUSD"},"level":"info","message":"Latest price","service":"api-d27bc23-binance-XRPBUSD","timestamp":"2022-03-06T04:44:22.699Z"}
{"assetPair":"XRPBUSD","data":{"price":"0.74400000","symbol":"XRPBUSD"},"level":"info","message":"Latest price","service":"api-d27bc23-binance-XRPBUSD","timestamp":"2022-03-06T04:47:22.727Z"}
{"assetPair":"XRPBUSD","data":{"price":"0.74450000","symbol":"XRPBUSD"},"level":"info","message":"Latest price","service":"api-d27bc23-binance-XRPBUSD","timestamp":"2022-03-06T04:50:22.764Z"}
{"assetPair":"XRPBUSD","data":{"price":"0.74380000","symbol":"XRPBUSD"},"level":"info","message":"Latest price","service":"api-d27bc23-binance-XRPBUSD","timestamp":"2022-03-06T04:53:22.794Z"}
{"assetPair":"XRPBUSD","data":{"price":"0.74410000","symbol":"XRPBUSD"},"level":"info","message":"Latest price","service":"api-d27bc23-binance-XRPBUSD","timestamp":"2022-03-06T04:56:22.863Z"}
{"assetPair":"XRPBUSD","data":{"price":"0.74330000","symbol":"XRPBUSD"},"level":"info","message":"Latest price","service":"api-d27bc23-binance-XRPBUSD","timestamp":"2022-03-06T04:59:22.892Z"}
{"assetPair":"XRPBUSD","data":{"price":"0.74450000","symbol":"XRPBUSD"},"level":"info","message":"Latest price","service":"api-d27bc23-binance-XRPBUSD","timestamp":"2022-03-06T05:02:22.921Z"}
{"assetPair":"XRPBUSD","data":{"price":"0.74460000","symbol":"XRPBUSD"},"level":"info","message":"Latest price","service":"api-d27bc23-binance-XRPBUSD","timestamp":"2022-03-06T05:05:22.949Z"}
{"assetPair":"XRPBUSD","data":{"price":"0.74470000","symbol":"XRPBUSD"},"level":"info","message":"Latest price","service":"api-d27bc23-binance-XRPBUSD","timestamp":"2022-03-06T05:08:23.015Z"}
{"assetPair":"XRPBUSD","data":{"price":"0.74400000","symbol":"XRPBUSD"},"level":"info","message":"Latest price","service":"api-d27bc23-binance-XRPBUSD","timestamp":"2022-03-06T05:11:23.074Z"}
{"assetPair":"XRPBUSD","data":{"price":"0.74440000","symbol":"XRPBUSD"},"level":"info","message":"Latest price","service":"api-d27bc23-binance-XRPBUSD","timestamp":"2022-03-06T05:14:23.104Z"}
{"assetPair":"XRPBUSD","data":{"price":"0.74500000","symbol":"XRPBUSD"},"level":"info","message":"Latest price","service":"api-d27bc23-binance-XRPBUSD","timestamp":"2022-03-06T05:17:23.137Z"}
{"assetPair":"XRPBUSD","data":{"price":"0.74520000","symbol":"XRPBUSD"},"level":"info","message":"Latest price","service":"api-d27bc23-binance-XRPBUSD","timestamp":"2022-03-06T05:20:23.201Z"}
{"assetPair":"XRPBUSD","data":{"price":"0.74490000","symbol":"XRPBUSD"},"level":"info","message":"Latest price","service":"api-d27bc23-binance-XRPBUSD","timestamp":"2022-03-06T05:23:23.277Z"}
{"assetPair":"XRPBUSD","data":{"price":"0.74460000","symbol":"XRPBUSD"},"level":"info","message":"Latest price","service":"api-d27bc23-binance-XRPBUSD","timestamp":"2022-03-06T05:26:23.344Z"}
{"assetPair":"XRPBUSD","data":{"price":"0.74410000","symbol":"XRPBUSD"},"level":"info","message":"Latest price","service":"api-d27bc23-binance-XRPBUSD","timestamp":"2022-03-06T05:29:23.373Z"}
{"assetPair":"XRPBUSD","data":{"price":"0.74410000","symbol":"XRPBUSD"},"level":"info","message":"Latest price","service":"api-d27bc23-binance-XRPBUSD","timestamp":"2022-03-06T05:32:23.436Z"}
{"assetPair":"XRPBUSD","data":{"price":"0.74270000","symbol":"XRPBUSD"},"level":"info","message":"Latest price","service":"api-d27bc23-binance-XRPBUSD","timestamp":"2022-03-06T05:35:23.489Z"}
{"assetPair":"XRPBUSD","data":{"price":"0.74210000","symbol":"XRPBUSD"},"level":"info","message":"Latest price","service":"api-d27bc23-binance-XRPBUSD","timestamp":"2022-03-06T05:38:23.554Z"}
{"assetPair":"XRPBUSD","data":{"price":"0.74270000","symbol":"XRPBUSD"},"level":"info","message":"Latest price","service":"api-d27bc23-binance-XRPBUSD","timestamp":"2022-03-06T05:41:23.877Z"}
{"assetPair":"XRPBUSD","data":{"price":"0.74320000","symbol":"XRPBUSD"},"level":"info","message":"Latest price","service":"api-d27bc23-binance-XRPBUSD","timestamp":"2022-03-06T05:44:23.903Z"}
{"assetPair":"XRPBUSD","data":{"price":"0.74410000","symbol":"XRPBUSD"},"level":"info","message":"Latest price","service":"api-d27bc23-binance-XRPBUSD","timestamp":"2022-03-06T05:47:23.931Z"}
{"assetPair":"XRPBUSD","data":{"price":"0.74360000","symbol":"XRPBUSD"},"level":"info","message":"Latest price","service":"api-d27bc23-binance-XRPBUSD","timestamp":"2022-03-06T05:50:23.969Z"}
{"assetPair":"XRPBUSD","data":{"price":"0.74450000","symbol":"XRPBUSD"},"level":"info","message":"Latest price","service":"api-d27bc23-binance-XRPBUSD","timestamp":"2022-03-06T05:53:23.998Z"}
{"assetPair":"XRPBUSD","data":{"price":"0.74490000","symbol":"XRPBUSD"},"level":"info","message":"Latest price","service":"api-d27bc23-binance-XRPBUSD","timestamp":"2022-03-06T05:56:24.040Z"}
{"assetPair":"XRPBUSD","data":{"price":"0.74460000","symbol":"XRPBUSD"},"level":"info","message":"Latest price","service":"api-d27bc23-binance-XRPBUSD","timestamp":"2022-03-06T05:59:24.074Z"}
{"assetPair":"XRPBUSD","data":{"price":"0.74590000","symbol":"XRPBUSD"},"level":"info","message":"Latest price","service":"api-d27bc23-binance-XRPBUSD","timestamp":"2022-03-06T06:02:24.140Z"}
{"assetPair":"XRPBUSD","data":{"price":"0.74650000","symbol":"XRPBUSD"},"level":"info","message":"Latest price","service":"api-d27bc23-binance-XRPBUSD","timestamp":"2022-03-06T06:05:24.180Z"}
{"assetPair":"XRPBUSD","data":{"price":"0.74760000","symbol":"XRPBUSD"},"level":"info","message":"Latest price","service":"api-d27bc23-binance-XRPBUSD","timestamp":"2022-03-06T06:08:24.257Z"}
{"assetPair":"XRPBUSD","data":{"price":"0.74810000","symbol":"XRPBUSD"},"level":"info","message":"Latest price","service":"api-d27bc23-binance-XRPBUSD","timestamp":"2022-03-06T06:11:24.294Z"}
{"assetPair":"XRPBUSD","data":{"price":"0.74770000","symbol":"XRPBUSD"},"level":"info","message":"Latest price","service":"api-d27bc23-binance-XRPBUSD","timestamp":"2022-03-06T06:14:24.343Z"}
{"assetPair":"XRPBUSD","data":{"price":"0.74680000","symbol":"XRPBUSD"},"level":"info","message":"Latest price","service":"api-d27bc23-binance-XRPBUSD","timestamp":"2022-03-06T06:17:24.400Z"}
{"assetPair":"XRPBUSD","data":{"price":"0.74590000","symbol":"XRPBUSD"},"level":"info","message":"Latest price","service":"api-d27bc23-binance-XRPBUSD","timestamp":"2022-03-06T06:20:24.437Z"}
{"assetPair":"XRPBUSD","data":{"price":"0.74750000","symbol":"XRPBUSD"},"level":"info","message":"Latest price","service":"api-d27bc23-binance-XRPBUSD","timestamp":"2022-03-06T06:23:24.467Z"}
{"assetPair":"XRPBUSD","data":{"price":"0.74920000","symbol":"XRPBUSD"},"level":"info","message":"Latest price","service":"api-d27bc23-binance-XRPBUSD","timestamp":"2022-03-06T06:26:24.498Z"}
{"assetPair":"XRPBUSD","data":{"price":"0.74900000","symbol":"XRPBUSD"},"level":"info","message":"Latest price","service":"api-d27bc23-binance-XRPBUSD","timestamp":"2022-03-06T06:29:24.528Z"}
{"assetPair":"XRPBUSD","data":{"price":"0.74860000","symbol":"XRPBUSD"},"level":"info","message":"Latest price","service":"api-d27bc23-binance-XRPBUSD","timestamp":"2022-03-06T06:32:24.569Z"}
{"assetPair":"XRPBUSD","data":{"price":"0.74810000","symbol":"XRPBUSD"},"level":"info","message":"Latest price","service":"api-d27bc23-binance-XRPBUSD","timestamp":"2022-03-06T06:35:24.605Z"}
{"assetPair":"XRPBUSD","data":{"price":"0.74840000","symbol":"XRPBUSD"},"level":"info","message":"Latest price","service":"api-d27bc23-binance-XRPBUSD","timestamp":"2022-03-06T06:38:24.638Z"}
{"assetPair":"XRPBUSD","data":{"price":"0.74820000","symbol":"XRPBUSD"},"level":"info","message":"Latest price","service":"api-d27bc23-binance-XRPBUSD","timestamp":"2022-03-06T06:41:24.701Z"}
{"assetPair":"XRPBUSD","data":{"price":"0.74750000","symbol":"XRPBUSD"},"level":"info","message":"Latest price","service":"api-d27bc23-binance-XRPBUSD","timestamp":"2022-03-06T06:44:24.729Z"}
{"assetPair":"XRPBUSD","data":{"price":"0.74700000","symbol":"XRPBUSD"},"level":"info","message":"Latest price","service":"api-d27bc23-binance-XRPBUSD","timestamp":"2022-03-06T06:47:24.785Z"}
{"assetPair":"XRPBUSD","data":{"price":"0.74690000","symbol":"XRPBUSD"},"level":"info","message":"Latest price","service":"api-d27bc23-binance-XRPBUSD","timestamp":"2022-03-06T06:50:24.815Z"}
{"assetPair":"XRPBUSD","data":{"price":"0.74700000","symbol":"XRPBUSD"},"level":"info","message":"Latest price","service":"api-d27bc23-binance-XRPBUSD","timestamp":"2022-03-06T06:53:24.845Z"}
{"assetPair":"XRPBUSD","data":{"price":"0.74700000","symbol":"XRPBUSD"},"level":"info","message":"Latest price","service":"api-d27bc23-binance-XRPBUSD","timestamp":"2022-03-06T06:56:24.882Z"}
{"assetPair":"XRPBUSD","data":{"price":"0.74720000","symbol":"XRPBUSD"},"level":"info","message":"Latest price","service":"api-c4627c9-binance-XRPBUSD","timestamp":"2022-03-06T07:49:57.836Z"}
{"assetPair":"XRPBUSD","data":{"price":"0.74730000","symbol":"XRPBUSD"},"level":"info","message":"Latest price","service":"api-c4627c9-binance-XRPBUSD","timestamp":"2022-03-06T07:52:57.873Z"}
{"assetPair":"XRPBUSD","data":{"price":"0.74650000","symbol":"XRPBUSD"},"level":"info","message":"Latest price","service":"api-c4627c9-binance-XRPBUSD","timestamp":"2022-03-06T07:55:57.908Z"}
{"assetPair":"XRPBUSD","data":{"price":"0.74670000","symbol":"XRPBUSD"},"level":"info","message":"Latest price","service":"api-c4627c9-binance-XRPBUSD","timestamp":"2022-03-06T07:58:57.950Z"}
{"assetPair":"XRPBUSD","data":{"price":"0.74580000","symbol":"XRPBUSD"},"level":"info","message":"Latest price","service":"api-c4627c9-binance-XRPBUSD","timestamp":"2022-03-06T08:01:57.982Z"}
{"assetPair":"XRPBUSD","data":{"price":"0.74530000","symbol":"XRPBUSD"},"level":"info","message":"Latest price","service":"api-c4627c9-binance-XRPBUSD","timestamp":"2022-03-06T08:04:58.012Z"}
{"assetPair":"XRPBUSD","data":{"price":"0.74450000","symbol":"XRPBUSD"},"level":"info","message":"Latest price","service":"api-c4627c9-binance-XRPBUSD","timestamp":"2022-03-06T08:07:58.047Z"}
{"assetPair":"XRPBUSD","data":{"price":"0.74340000","symbol":"XRPBUSD"},"level":"info","message":"Latest price","service":"api-c4627c9-binance-XRPBUSD","timestamp":"2022-03-06T08:10:58.078Z"}
{"assetPair":"XRPBUSD","data":{"price":"0.74470000","symbol":"XRPBUSD"},"level":"info","message":"Latest price","service":"api-c4627c9-binance-XRPBUSD","timestamp":"2022-03-06T08:13:58.107Z"}
{"assetPair":"XRPBUSD","data":{"price":"0.74410000","symbol":"XRPBUSD"},"level":"info","message":"Latest price","service":"api-c4627c9-binance-XRPBUSD","timestamp":"2022-03-06T08:16:58.138Z"}
{"assetPair":"XRPBUSD","data":{"price":"0.74490000","symbol":"XRPBUSD"},"level":"info","message":"Latest price","service":"api-c4627c9-binance-XRPBUSD","timestamp":"2022-03-06T08:19:58.166Z"}
{"assetPair":"XRPBUSD","data":{"price":"0.74460000","symbol":"XRPBUSD"},"level":"info","message":"Latest price","service":"api-c4627c9-binance-XRPBUSD","timestamp":"2022-03-06T08:22:58.195Z"}
{"assetPair":"XRPBUSD","data":{"price":"0.74660000","symbol":"XRPBUSD"},"level":"info","message":"Latest price","service":"api-c4627c9-binance-XRPBUSD","timestamp":"2022-03-06T08:25:58.227Z"}
{"assetPair":"XRPBUSD","data":{"price":"0.74370000","symbol":"XRPBUSD"},"level":"info","message":"Latest price","service":"api-dd844ab-binance-XRPBUSD","timestamp":"2022-03-06T08:37:26.805Z"}
{"assetPair":"XRPBUSD","data":{"price":"0.74400000","symbol":"XRPBUSD"},"level":"info","message":"Latest price","service":"api-dd844ab-binance-XRPBUSD","timestamp":"2022-03-06T08:40:26.921Z"}
{"assetPair":"XRPBUSD","data":{"price":"0.74450000","symbol":"XRPBUSD"},"level":"info","message":"Latest price","service":"api-dd844ab-binance-XRPBUSD","timestamp":"2022-03-06T08:43:27.035Z"}
{"assetPair":"XRPBUSD","data":{"price":"0.74450000","symbol":"XRPBUSD"},"level":"info","message":"Latest price","service":"api-dd844ab-binance-XRPBUSD","timestamp":"2022-03-06T08:46:27.180Z"}
{"assetPair":"XRPBUSD","data":{"price":"0.74370000","symbol":"XRPBUSD"},"level":"info","message":"Latest price","service":"api-dd844ab-binance-XRPBUSD","timestamp":"2022-03-06T08:49:27.333Z"}
{"assetPair":"XRPBUSD","data":{"price":"0.74250000","symbol":"XRPBUSD"},"level":"info","message":"Latest price","service":"api-17434d8-binance-XRPBUSD","timestamp":"2022-03-06T08:58:03.114Z"}
{"assetPair":"XRPBUSD","data":{"price":"0.74300000","symbol":"XRPBUSD"},"level":"info","message":"Latest price","service":"api-17434d8-binance-XRPBUSD","timestamp":"2022-03-06T09:01:03.271Z"}
{"assetPair":"XRPBUSD","data":{"price":"0.74120000","symbol":"XRPBUSD"},"level":"info","message":"Latest price","service":"api-17434d8-binance-XRPBUSD","timestamp":"2022-03-06T09:04:03.378Z"}
{"assetPair":"XRPBUSD","data":{"price":"0.74330000","symbol":"XRPBUSD"},"level":"info","message":"Latest price","service":"api-17434d8-binance-XRPBUSD","timestamp":"2022-03-06T09:07:03.526Z"}
{"assetPair":"XRPBUSD","data":{"price":"0.74230000","symbol":"XRPBUSD"},"level":"info","message":"Latest price","service":"api-007fe0e-binance-XRPBUSD","timestamp":"2022-03-06T09:15:16.106Z"}
{"assetPair":"XRPBUSD","data":{"price":"0.74040000","symbol":"XRPBUSD"},"level":"info","message":"Latest price","service":"api-007fe0e-binance-XRPBUSD","timestamp":"2022-03-06T09:18:16.209Z"}
{"assetPair":"XRPBUSD","data":{"price":"0.73900000","symbol":"XRPBUSD"},"level":"info","message":"Latest price","service":"api-007fe0e-binance-XRPBUSD","timestamp":"2022-03-06T09:21:16.373Z"}
{"assetPair":"XRPBUSD","data":{"price":"0.73800000","symbol":"XRPBUSD"},"level":"info","message":"Latest price","service":"api-007fe0e-binance-XRPBUSD","timestamp":"2022-03-06T09:24:16.526Z"}
{"assetPair":"XRPBUSD","data":{"price":"0.73760000","symbol":"XRPBUSD"},"level":"info","message":"Latest price","service":"api-007fe0e-binance-XRPBUSD","timestamp":"2022-03-06T09:27:16.649Z"}
{"assetPair":"XRPBUSD","data":{"price":"0.73790000","symbol":"XRPBUSD"},"level":"info","message":"Latest price","service":"api-007fe0e-binance-XRPBUSD","timestamp":"2022-03-06T09:30:16.791Z"}
{"assetPair":"XRPBUSD","data":{"price":"0.73840000","symbol":"XRPBUSD"},"level":"info","message":"Latest price","service":"api-007fe0e-binance-XRPBUSD","timestamp":"2022-03-06T09:33:16.936Z"}
{"assetPair":"XRPBUSD","data":{"price":"0.73920000","symbol":"XRPBUSD"},"level":"info","message":"Latest price","service":"api-007fe0e-binance-XRPBUSD","timestamp":"2022-03-06T09:36:17.108Z"}
{"assetPair":"XRPBUSD","data":{"price":"0.73910000","symbol":"XRPBUSD"},"level":"info","message":"Latest price","service":"api-007fe0e-binance-XRPBUSD","timestamp":"2022-03-06T09:39:17.194Z"}
{"assetPair":"XRPBUSD","data":{"price":"0.73880000","symbol":"XRPBUSD"},"level":"info","message":"Latest price","service":"api-007fe0e-binance-XRPBUSD","timestamp":"2022-03-06T09:42:17.327Z"}
{"assetPair":"XRPBUSD","data":{"price":"0.73800000","symbol":"XRPBUSD"},"level":"info","message":"Latest price","service":"api-007fe0e-binance-XRPBUSD","timestamp":"2022-03-06T09:45:17.462Z"}
{"assetPair":"XRPBUSD","data":{"price":"0.73770000","symbol":"XRPBUSD"},"level":"info","message":"Latest price","service":"api-007fe0e-binance-XRPBUSD","timestamp":"2022-03-06T09:48:17.602Z"}
{"assetPair":"XRPBUSD","data":{"price":"0.73510000","symbol":"XRPBUSD"},"level":"info","message":"Latest price","service":"api-007fe0e-binance-XRPBUSD","timestamp":"2022-03-06T09:51:17.771Z"}
{"assetPair":"XRPBUSD","data":{"price":"0.73520000","symbol":"XRPBUSD"},"level":"info","message":"Latest price","service":"api-007fe0e-binance-XRPBUSD","timestamp":"2022-03-06T09:54:17.912Z"}
{"assetPair":"XRPBUSD","data":{"price":"0.73600000","symbol":"XRPBUSD"},"level":"info","message":"Latest price","service":"api-007fe0e-binance-XRPBUSD","timestamp":"2022-03-06T09:57:18.018Z"}
{"assetPair":"XRPBUSD","data":{"price":"0.73390000","symbol":"XRPBUSD"},"level":"info","message":"Latest price","service":"api-007fe0e-binance-XRPBUSD","timestamp":"2022-03-06T10:00:18.163Z"}
{"assetPair":"XRPBUSD","data":{"price":"0.73050000","symbol":"XRPBUSD"},"level":"info","message":"Latest price","service":"api-007fe0e-binance-XRPBUSD","timestamp":"2022-03-06T10:03:18.275Z"}
{"assetPair":"XRPBUSD","data":{"price":"0.73180000","symbol":"XRPBUSD"},"level":"info","message":"Latest price","service":"api-007fe0e-binance-XRPBUSD","timestamp":"2022-03-06T10:06:18.404Z"}
{"assetPair":"XRPBUSD","data":{"price":"0.73490000","symbol":"XRPBUSD"},"level":"info","message":"Latest price","service":"api-8c7c17d-binance-XRPBUSD","timestamp":"2022-03-06T10:16:23.107Z"}
{"assetPair":"XRPBUSD","data":{"price":"0.73210000","symbol":"XRPBUSD"},"level":"info","message":"Latest price","service":"api-8c7c17d-binance-XRPBUSD","timestamp":"2022-03-06T10:19:23.214Z"}
{"assetPair":"XRPBUSD","data":{"price":"0.73250000","symbol":"XRPBUSD"},"level":"info","message":"Latest price","service":"api-8c7c17d-binance-XRPBUSD","timestamp":"2022-03-06T10:22:23.352Z"}
{"assetPair":"XRPBUSD","data":{"price":"0.73180000","symbol":"XRPBUSD"},"level":"info","message":"Latest price","service":"api-8c7c17d-binance-XRPBUSD","timestamp":"2022-03-06T10:25:23.524Z"}
{"assetPair":"XRPBUSD","data":{"price":"0.73340000","symbol":"XRPBUSD"},"level":"info","message":"Latest price","service":"api-8c7c17d-binance-XRPBUSD","timestamp":"2022-03-06T10:28:23.659Z"}
{"assetPair":"XRPBUSD","data":{"price":"0.73400000","symbol":"XRPBUSD"},"level":"info","message":"Latest price","service":"api-8c7c17d-binance-XRPBUSD","timestamp":"2022-03-06T10:31:23.757Z"}
{"assetPair":"XRPBUSD","data":{"price":"0.73400000","symbol":"XRPBUSD"},"level":"info","message":"Latest price","service":"api-8c7c17d-binance-XRPBUSD","timestamp":"2022-03-06T10:34:23.819Z"}
{"assetPair":"XRPBUSD","data":{"price":"0.73400000","symbol":"XRPBUSD"},"level":"info","message":"Latest price","service":"api-8c7c17d-binance-XRPBUSD","timestamp":"2022-03-06T10:37:23.954Z"}
{"assetPair":"XRPBUSD","data":{"price":"0.73430000","symbol":"XRPBUSD"},"level":"info","message":"Latest price","service":"api-8c7c17d-binance-XRPBUSD","timestamp":"2022-03-06T10:40:24.072Z"}
{"assetPair":"XRPBUSD","data":{"price":"0.73520000","symbol":"XRPBUSD"},"level":"info","message":"Latest price","service":"api-8c7c17d-binance-XRPBUSD","timestamp":"2022-03-06T10:43:24.206Z"}
{"assetPair":"XRPBUSD","data":{"price":"0.73560000","symbol":"XRPBUSD"},"level":"info","message":"Latest price","service":"api-8c7c17d-binance-XRPBUSD","timestamp":"2022-03-06T10:46:24.354Z"}
{"assetPair":"XRPBUSD","data":{"price":"0.73270000","symbol":"XRPBUSD"},"level":"info","message":"Latest price","service":"api-8c7c17d-binance-XRPBUSD","timestamp":"2022-03-06T10:49:24.455Z"}
{"assetPair":"XRPBUSD","data":{"price":"0.73290000","symbol":"XRPBUSD"},"level":"info","message":"Latest price","service":"api-8c7c17d-binance-XRPBUSD","timestamp":"2022-03-06T10:52:24.558Z"}
{"assetPair":"XRPBUSD","data":{"price":"0.73280000","symbol":"XRPBUSD"},"level":"info","message":"Latest price","service":"api-8c7c17d-binance-XRPBUSD","timestamp":"2022-03-06T10:55:24.618Z"}
{"assetPair":"XRPBUSD","data":{"price":"0.73280000","symbol":"XRPBUSD"},"level":"info","message":"Latest price","service":"api-8c7c17d-binance-XRPBUSD","timestamp":"2022-03-06T10:58:24.777Z"}
{"assetPair":"XRPBUSD","data":{"price":"0.73270000","symbol":"XRPBUSD"},"level":"info","message":"Latest price","service":"api-8c7c17d-binance-XRPBUSD","timestamp":"2022-03-06T11:01:24.920Z"}
{"assetPair":"XRPBUSD","data":{"price":"0.72950000","symbol":"XRPBUSD"},"level":"info","message":"Latest price","service":"api-8c7c17d-binance-XRPBUSD","timestamp":"2022-03-06T11:04:25.033Z"}
{"assetPair":"XRPBUSD","data":{"price":"0.73150000","symbol":"XRPBUSD"},"level":"info","message":"Latest price","service":"api-8c7c17d-binance-XRPBUSD","timestamp":"2022-03-06T11:07:25.153Z"}
{"assetPair":"XRPBUSD","data":{"price":"0.73130000","symbol":"XRPBUSD"},"level":"info","message":"Latest price","service":"api-8c7c17d-binance-XRPBUSD","timestamp":"2022-03-06T11:10:25.290Z"}
{"assetPair":"XRPBUSD","data":{"price":"0.73140000","symbol":"XRPBUSD"},"level":"info","message":"Latest price","service":"api-8c7c17d-binance-XRPBUSD","timestamp":"2022-03-06T11:13:25.341Z"}
{"assetPair":"XRPBUSD","data":{"price":"0.73080000","symbol":"XRPBUSD"},"level":"info","message":"Latest price","service":"api-8c7c17d-binance-XRPBUSD","timestamp":"2022-03-06T11:16:25.468Z"}
{"assetPair":"XRPBUSD","data":{"price":"0.73010000","symbol":"XRPBUSD"},"level":"info","message":"Latest price","service":"api-8c7c17d-binance-XRPBUSD","timestamp":"2022-03-06T11:19:25.624Z"}
{"assetPair":"XRPBUSD","data":{"price":"0.72830000","symbol":"XRPBUSD"},"level":"info","message":"Latest price","service":"api-8c7c17d-binance-XRPBUSD","timestamp":"2022-03-06T11:22:25.752Z"}
{"balance":{"asset":"XRP","free":"32.34500000","locked":"0.00000000"},"level":"info","message":"Binance balance","service":"api-8c7c17d-binance-XRPBUSD","timestamp":"2022-03-06T11:22:25.788Z"}
{"correctedPrice":"0.7283","correctedQty":"32","forAsset":"BUSD","level":"info","message":"Initiating SELL","price":"0.72830000","quantity":"32.34500000","sellAsset":"XRP","service":"api-8c7c17d-binance-XRPBUSD","timestamp":"2022-03-06T11:22:25.814Z"}
{"data":{"clientOrderId":"0eTKyAY5etfK38R6QH5nqR","cummulativeQuoteQty":"23.30560000","executedQty":"32.00000000","fills":[{"commission":"0.02330560","commissionAsset":"BUSD","price":"0.72830000","qty":"32.00000000","tradeId":54420428}],"orderId":737115435,"orderListId":-1,"origQty":"32.00000000","price":"0.72830000","side":"SELL","status":"FILLED","symbol":"XRPBUSD","timeInForce":"GTC","transactTime":1646565745846,"type":"LIMIT"},"level":"info","message":"SELL success","service":"api-8c7c17d-binance-XRPBUSD","timestamp":"2022-03-06T11:22:25.849Z"}
{"level":"info","message":"Checking order status","origClientOrderId":"0eTKyAY5etfK38R6QH5nqR","service":"api-8c7c17d-binance-XRPBUSD","symbol":"XRPBUSD","timestamp":"2022-03-06T11:25:25.878Z"}
{"data":{"clientOrderId":"0eTKyAY5etfK38R6QH5nqR","cummulativeQuoteQty":"23.30560000","executedQty":"32.00000000","icebergQty":"0.00000000","isWorking":true,"orderId":737115435,"orderListId":-1,"origQty":"32.00000000","origQuoteOrderQty":"0.00000000","price":"0.72830000","side":"SELL","status":"FILLED","stopPrice":"0.00000000","symbol":"XRPBUSD","time":1646565745846,"timeInForce":"GTC","type":"LIMIT","updateTime":1646565745846},"level":"info","message":"Order status","service":"api-8c7c17d-binance-XRPBUSD","timestamp":"2022-03-06T11:25:25.935Z"}
{"assetPair":"XRPBUSD","data":{"price":"0.72870000","symbol":"XRPBUSD"},"level":"info","message":"Latest price","service":"api-8c7c17d-binance-XRPBUSD","timestamp":"2022-03-06T11:25:25.997Z"}
{"assetPair":"XRPBUSD","data":{"price":"0.72870000","symbol":"XRPBUSD"},"level":"info","message":"Latest price","service":"api-8c7c17d-binance-XRPBUSD","timestamp":"2022-03-06T11:28:26.104Z"}
{"assetPair":"XRPBUSD","data":{"price":"0.73120000","symbol":"XRPBUSD"},"level":"info","message":"Latest price","service":"api-8c7c17d-binance-XRPBUSD","timestamp":"2022-03-06T11:31:26.230Z"}
{"assetPair":"XRPBUSD","data":{"price":"0.73360000","symbol":"XRPBUSD"},"level":"info","message":"Latest price","service":"api-8c7c17d-binance-XRPBUSD","timestamp":"2022-03-06T11:34:26.339Z"}
{"balance":{"asset":"BUSD","free":"37.29931054","locked":"0.00000000"},"level":"info","message":"Binance balance","service":"api-8c7c17d-binance-XRPBUSD","timestamp":"2022-03-06T11:34:26.370Z"}
{"buyAsset":"XRP","correctedPrice":"0.7336","correctedQty":"33","level":"info","message":"Initiating BUY","price":"0.7336","quantity":"33.73773173391494002181","service":"api-8c7c17d-binance-XRPBUSD","timestamp":"2022-03-06T11:34:26.371Z","withAsset":"BUSD"}
{"data":{"clientOrderId":"za0cFamrBuPi9mvb7GT5Rl","cummulativeQuoteQty":"24.20550000","executedQty":"33.00000000","fills":[{"commission":"0.03300000","commissionAsset":"XRP","price":"0.73350000","qty":"33.00000000","tradeId":54420824}],"orderId":737124138,"orderListId":-1,"origQty":"33.00000000","price":"0.73360000","side":"BUY","status":"FILLED","symbol":"XRPBUSD","timeInForce":"GTC","transactTime":1646566466394,"type":"LIMIT"},"level":"info","message":"BUY success","service":"api-8c7c17d-binance-XRPBUSD","timestamp":"2022-03-06T11:34:26.408Z"}
{"level":"info","message":"Checking order status","origClientOrderId":"za0cFamrBuPi9mvb7GT5Rl","service":"api-8c7c17d-binance-XRPBUSD","symbol":"XRPBUSD","timestamp":"2022-03-06T11:37:26.443Z"}
{"data":{"clientOrderId":"za0cFamrBuPi9mvb7GT5Rl","cummulativeQuoteQty":"24.20550000","executedQty":"33.00000000","icebergQty":"0.00000000","isWorking":true,"orderId":737124138,"orderListId":-1,"origQty":"33.00000000","origQuoteOrderQty":"0.00000000","price":"0.73360000","side":"BUY","status":"FILLED","stopPrice":"0.00000000","symbol":"XRPBUSD","time":1646566466394,"timeInForce":"GTC","type":"LIMIT","updateTime":1646566466394},"level":"info","message":"Order status","service":"api-8c7c17d-binance-XRPBUSD","timestamp":"2022-03-06T11:37:26.501Z"}
{"assetPair":"XRPBUSD","data":{"price":"0.73140000","symbol":"XRPBUSD"},"level":"info","message":"Latest price","service":"api-8c7c17d-binance-XRPBUSD","timestamp":"2022-03-06T11:37:26.564Z"}
{"assetPair":"XRPBUSD","data":{"price":"0.73140000","symbol":"XRPBUSD"},"level":"info","message":"Latest price","service":"api-8c7c17d-binance-XRPBUSD","timestamp":"2022-03-06T11:40:26.642Z"}
{"assetPair":"XRPBUSD","data":{"price":"0.73140000","symbol":"XRPBUSD"},"level":"info","message":"Latest price","service":"api-8c7c17d-binance-XRPBUSD","timestamp":"2022-03-06T11:43:26.692Z"}
{"assetPair":"XRPBUSD","data":{"price":"0.73220000","symbol":"XRPBUSD"},"level":"info","message":"Latest price","service":"api-8c7c17d-binance-XRPBUSD","timestamp":"2022-03-06T11:46:26.817Z"}
{"assetPair":"XRPBUSD","data":{"price":"0.73310000","symbol":"XRPBUSD"},"level":"info","message":"Latest price","service":"api-8c7c17d-binance-XRPBUSD","timestamp":"2022-03-06T11:49:26.938Z"}
{"assetPair":"XRPBUSD","data":{"price":"0.73320000","symbol":"XRPBUSD"},"level":"info","message":"Latest price","service":"api-8c7c17d-binance-XRPBUSD","timestamp":"2022-03-06T11:52:27.066Z"}
{"assetPair":"XRPBUSD","data":{"price":"0.73460000","symbol":"XRPBUSD"},"level":"info","message":"Latest price","service":"api-8c7c17d-binance-XRPBUSD","timestamp":"2022-03-06T11:55:27.136Z"}
{"assetPair":"XRPBUSD","data":{"price":"0.73400000","symbol":"XRPBUSD"},"level":"info","message":"Latest price","service":"api-8c7c17d-binance-XRPBUSD","timestamp":"2022-03-06T11:58:27.250Z"}
{"assetPair":"XRPBUSD","data":{"price":"0.73560000","symbol":"XRPBUSD"},"level":"info","message":"Latest price","service":"api-8c7c17d-binance-XRPBUSD","timestamp":"2022-03-06T12:01:27.360Z"}
{"assetPair":"XRPBUSD","data":{"price":"0.73670000","symbol":"XRPBUSD"},"level":"info","message":"Latest price","service":"api-8c7c17d-binance-XRPBUSD","timestamp":"2022-03-06T12:04:27.516Z"}
{"assetPair":"XRPBUSD","data":{"price":"0.73420000","symbol":"XRPBUSD"},"level":"info","message":"Latest price","service":"api-8c7c17d-binance-XRPBUSD","timestamp":"2022-03-06T12:07:27.648Z"}
{"assetPair":"XRPBUSD","data":{"price":"0.73260000","symbol":"XRPBUSD"},"level":"info","message":"Latest price","service":"api-8c7c17d-binance-XRPBUSD","timestamp":"2022-03-06T12:10:27.777Z"}
{"assetPair":"XRPBUSD","data":{"price":"0.73120000","symbol":"XRPBUSD"},"level":"info","message":"Latest price","service":"api-8c7c17d-binance-XRPBUSD","timestamp":"2022-03-06T12:13:27.805Z"}
{"assetPair":"XRPBUSD","data":{"price":"0.72950000","symbol":"XRPBUSD"},"level":"info","message":"Latest price","service":"api-8c7c17d-binance-XRPBUSD","timestamp":"2022-03-06T12:16:27.848Z"}
{"assetPair":"XRPBUSD","data":{"price":"0.73130000","symbol":"XRPBUSD"},"level":"info","message":"Latest price","service":"api-8c7c17d-binance-XRPBUSD","timestamp":"2022-03-06T12:19:27.967Z"}
{"assetPair":"XRPBUSD","data":{"price":"0.73240000","symbol":"XRPBUSD"},"level":"info","message":"Latest price","service":"api-8c7c17d-binance-XRPBUSD","timestamp":"2022-03-06T12:22:28.116Z"}
{"assetPair":"XRPBUSD","data":{"price":"0.73330000","symbol":"XRPBUSD"},"level":"info","message":"Latest price","service":"api-8c7c17d-binance-XRPBUSD","timestamp":"2022-03-06T12:25:28.157Z"}
{"assetPair":"XRPBUSD","data":{"price":"0.73390000","symbol":"XRPBUSD"},"level":"info","message":"Latest price","service":"api-8c7c17d-binance-XRPBUSD","timestamp":"2022-03-06T12:28:28.311Z"}
{"assetPair":"XRPBUSD","data":{"price":"0.73590000","symbol":"XRPBUSD"},"level":"info","message":"Latest price","service":"api-8c7c17d-binance-XRPBUSD","timestamp":"2022-03-06T12:31:28.390Z"}
{"assetPair":"XRPBUSD","data":{"price":"0.73620000","symbol":"XRPBUSD"},"level":"info","message":"Latest price","service":"api-8c7c17d-binance-XRPBUSD","timestamp":"2022-03-06T12:34:28.523Z"}
{"assetPair":"XRPBUSD","data":{"price":"0.73490000","symbol":"XRPBUSD"},"level":"info","message":"Latest price","service":"api-8c7c17d-binance-XRPBUSD","timestamp":"2022-03-06T12:37:28.657Z"}
{"assetPair":"XRPBUSD","data":{"price":"0.73310000","symbol":"XRPBUSD"},"level":"info","message":"Latest price","service":"api-8c7c17d-binance-XRPBUSD","timestamp":"2022-03-06T12:40:28.784Z"}
{"assetPair":"XRPBUSD","data":{"price":"0.73240000","symbol":"XRPBUSD"},"level":"info","message":"Latest price","service":"api-8c7c17d-binance-XRPBUSD","timestamp":"2022-03-06T12:43:28.869Z"}
{"assetPair":"XRPBUSD","data":{"price":"0.73190000","symbol":"XRPBUSD"},"level":"info","message":"Latest price","service":"api-8c7c17d-binance-XRPBUSD","timestamp":"2022-03-06T12:46:28.956Z"}
{"assetPair":"XRPBUSD","data":{"price":"0.73330000","symbol":"XRPBUSD"},"level":"info","message":"Latest price","service":"api-8c7c17d-binance-XRPBUSD","timestamp":"2022-03-06T12:49:29.023Z"}
{"assetPair":"XRPBUSD","data":{"price":"0.73340000","symbol":"XRPBUSD"},"level":"info","message":"Latest price","service":"api-8c7c17d-binance-XRPBUSD","timestamp":"2022-03-06T12:52:29.166Z"}
{"assetPair":"XRPBUSD","data":{"price":"0.73460000","symbol":"XRPBUSD"},"level":"info","message":"Latest price","service":"api-8c7c17d-binance-XRPBUSD","timestamp":"2022-03-06T12:55:29.299Z"}
{"assetPair":"XRPBUSD","data":{"price":"0.73430000","symbol":"XRPBUSD"},"level":"info","message":"Latest price","service":"api-8c7c17d-binance-XRPBUSD","timestamp":"2022-03-06T12:58:29.438Z"}
