{"assetPair":"XRPBUSD","data":{"price":"0.74290000","symbol":"XRPBUSD"},"level":"info","message":"Latest price","service":"api-8c7c17d-binance-XRPBUSD","timestamp":"2022-03-07T13:02:25.036Z"}
{"assetPair":"XRPBUSD","data":{"price":"0.74160000","symbol":"XRPBUSD"},"level":"info","message":"Latest price","service":"api-8c7c17d-binance-XRPBUSD","timestamp":"2022-03-07T13:05:25.095Z"}
{"assetPair":"XRPBUSD","data":{"price":"0.74270000","symbol":"XRPBUSD"},"level":"info","message":"Latest price","service":"api-8c7c17d-binance-XRPBUSD","timestamp":"2022-03-07T13:08:25.159Z"}
{"assetPair":"XRPBUSD","data":{"price":"0.74490000","symbol":"XRPBUSD"},"level":"info","message":"Latest price","service":"api-8c7c17d-binance-XRPBUSD","timestamp":"2022-03-07T13:11:25.284Z"}
{"assetPair":"XRPBUSD","data":{"price":"0.74660000","symbol":"XRPBUSD"},"level":"info","message":"Latest price","service":"api-8c7c17d-binance-XRPBUSD","timestamp":"2022-03-07T13:14:25.414Z"}
{"assetPair":"XRPBUSD","data":{"price":"0.74680000","symbol":"XRPBUSD"},"level":"info","message":"Latest price","service":"api-8c7c17d-binance-XRPBUSD","timestamp":"2022-03-07T13:17:25.545Z"}
{"assetPair":"XRPBUSD","data":{"price":"0.74590000","symbol":"XRPBUSD"},"level":"info","message":"Latest price","service":"api-8c7c17d-binance-XRPBUSD","timestamp":"2022-03-07T13:20:25.713Z"}
{"assetPair":"XRPBUSD","data":{"price":"0.74550000","symbol":"XRPBUSD"},"level":"info","message":"Latest price","service":"api-8c7c17d-binance-XRPBUSD","timestamp":"2022-03-07T13:23:25.844Z"}
{"assetPair":"XRPBUSD","data":{"price":"0.74550000","symbol":"XRPBUSD"},"level":"info","message":"Latest price","service":"api-8c7c17d-binance-XRPBUSD","timestamp":"2022-03-07T13:26:25.908Z"}
{"assetPair":"XRPBUSD","data":{"price":"0.74620000","symbol":"XRPBUSD"},"level":"info","message":"Latest price","service":"api-8c7c17d-binance-XRPBUSD","timestamp":"2022-03-07T13:29:26.026Z"}
{"assetPair":"XRPBUSD","data":{"price":"0.74590000","symbol":"XRPBUSD"},"level":"info","message":"Latest price","service":"api-8c7c17d-binance-XRPBUSD","timestamp":"2022-03-07T13:32:26.148Z"}
{"assetPair":"XRPBUSD","data":{"price":"0.74820000","symbol":"XRPBUSD"},"level":"info","message":"Latest price","service":"api-8c7c17d-binance-XRPBUSD","timestamp":"2022-03-07T13:35:26.273Z"}
{"assetPair":"XRPBUSD","data":{"price":"0.74820000","symbol":"XRPBUSD"},"level":"info","message":"Latest price","service":"api-8c7c17d-binance-XRPBUSD","timestamp":"2022-03-07T13:38:26.368Z"}
{"assetPair":"XRPBUSD","data":{"price":"0.75010000","symbol":"XRPBUSD"},"level":"info","message":"Latest price","service":"api-8c7c17d-binance-XRPBUSD","timestamp":"2022-03-07T13:41:26.442Z"}
{"assetPair":"XRPBUSD","data":{"price":"0.75010000","symbol":"XRPBUSD"},"level":"info","message":"Latest price","service":"api-8c7c17d-binance-XRPBUSD","timestamp":"2022-03-07T13:44:26.564Z"}
{"assetPair":"XRPBUSD","data":{"price":"0.75180000","symbol":"XRPBUSD"},"level":"info","message":"Latest price","service":"api-8c7c17d-binance-XRPBUSD","timestamp":"2022-03-07T13:47:26.691Z"}
{"assetPair":"XRPBUSD","data":{"price":"0.74980000","symbol":"XRPBUSD"},"level":"info","message":"Latest price","service":"api-8c7c17d-binance-XRPBUSD","timestamp":"2022-03-07T13:50:26.822Z"}
{"assetPair":"XRPBUSD","data":{"price":"0.74910000","symbol":"XRPBUSD"},"level":"info","message":"Latest price","service":"api-8c7c17d-binance-XRPBUSD","timestamp":"2022-03-07T13:53:26.941Z"}
{"assetPair":"XRPBUSD","data":{"price":"0.74990000","symbol":"XRPBUSD"},"level":"info","message":"Latest price","service":"api-8c7c17d-binance-XRPBUSD","timestamp":"2022-03-07T13:56:27.084Z"}
{"assetPair":"XRPBUSD","data":{"price":"0.74990000","symbol":"XRPBUSD"},"level":"info","message":"Latest price","service":"api-8c7c17d-binance-XRPBUSD","timestamp":"2022-03-07T13:59:27.242Z"}
{"assetPair":"XRPBUSD","data":{"price":"0.74810000","symbol":"XRPBUSD"},"level":"info","message":"Latest price","service":"api-8c7c17d-binance-XRPBUSD","timestamp":"2022-03-07T14:02:27.296Z"}
{"assetPair":"XRPBUSD","data":{"price":"0.74950000","symbol":"XRPBUSD"},"level":"info","message":"Latest price","service":"api-8c7c17d-binance-XRPBUSD","timestamp":"2022-03-07T14:05:27.362Z"}
{"assetPair":"XRPBUSD","data":{"price":"0.75180000","symbol":"XRPBUSD"},"level":"info","message":"Latest price","service":"api-8c7c17d-binance-XRPBUSD","timestamp":"2022-03-07T14:08:27.457Z"}
{"assetPair":"XRPBUSD","data":{"price":"0.74930000","symbol":"XRPBUSD"},"level":"info","message":"Latest price","service":"api-8c7c17d-binance-XRPBUSD","timestamp":"2022-03-07T14:11:27.596Z"}
{"assetPair":"XRPBUSD","data":{"price":"0.74910000","symbol":"XRPBUSD"},"level":"info","message":"Latest price","service":"api-8c7c17d-binance-XRPBUSD","timestamp":"2022-03-07T14:14:27.655Z"}
{"assetPair":"XRPBUSD","data":{"price":"0.74700000","symbol":"XRPBUSD"},"level":"info","message":"Latest price","service":"api-8c7c17d-binance-XRPBUSD","timestamp":"2022-03-07T14:17:27.807Z"}
{"assetPair":"XRPBUSD","data":{"price":"0.74700000","symbol":"XRPBUSD"},"level":"info","message":"Latest price","service":"api-8c7c17d-binance-XRPBUSD","timestamp":"2022-03-07T14:20:27.938Z"}
{"assetPair":"XRPBUSD","data":{"price":"0.74890000","symbol":"XRPBUSD"},"level":"info","message":"Latest price","service":"api-8c7c17d-binance-XRPBUSD","timestamp":"2022-03-07T14:23:28.107Z"}
{"assetPair":"XRPBUSD","data":{"price":"0.74810000","symbol":"XRPBUSD"},"level":"info","message":"Latest price","service":"api-8c7c17d-binance-XRPBUSD","timestamp":"2022-03-07T14:26:28.250Z"}
{"assetPair":"XRPBUSD","data":{"price":"0.74820000","symbol":"XRPBUSD"},"level":"info","message":"Latest price","service":"api-8c7c17d-binance-XRPBUSD","timestamp":"2022-03-07T14:29:28.294Z"}
{"assetPair":"XRPBUSD","data":{"price":"0.74820000","symbol":"XRPBUSD"},"level":"info","message":"Latest price","service":"api-8c7c17d-binance-XRPBUSD","timestamp":"2022-03-07T14:32:28.355Z"}
{"assetPair":"XRPBUSD","data":{"price":"0.74470000","symbol":"XRPBUSD"},"level":"info","message":"Latest price","service":"api-8c7c17d-binance-XRPBUSD","timestamp":"2022-03-07T14:35:28.510Z"}
{"assetPair":"XRPBUSD","data":{"price":"0.74710000","symbol":"XRPBUSD"},"level":"info","message":"Latest price","service":"api-8c7c17d-binance-XRPBUSD","timestamp":"2022-03-07T14:38:28.582Z"}
{"assetPair":"XRPBUSD","data":{"price":"0.74750000","symbol":"XRPBUSD"},"level":"info","message":"Latest price","service":"api-8c7c17d-binance-XRPBUSD","timestamp":"2022-03-07T14:41:28.722Z"}
{"assetPair":"XRPBUSD","data":{"price":"0.74340000","symbol":"XRPBUSD"},"level":"info","message":"Latest price","service":"api-8c7c17d-binance-XRPBUSD","timestamp":"2022-03-07T14:44:28.765Z"}
{"assetPair":"XRPBUSD","data":{"price":"0.74360000","symbol":"XRPBUSD"},"level":"info","message":"Latest price","service":"api-8c7c17d-binance-XRPBUSD","timestamp":"2022-03-07T14:47:28.898Z"}
{"assetPair":"XRPBUSD","data":{"price":"0.74430000","symbol":"XRPBUSD"},"level":"info","message":"Latest price","service":"api-8c7c17d-binance-XRPBUSD","timestamp":"2022-03-07T14:50:28.974Z"}
{"assetPair":"XRPBUSD","data":{"price":"0.74240000","symbol":"XRPBUSD"},"level":"info","message":"Latest price","service":"api-8c7c17d-binance-XRPBUSD","timestamp":"2022-03-07T14:53:29.153Z"}
{"assetPair":"XRPBUSD","data":{"price":"0.74430000","symbol":"XRPBUSD"},"level":"info","message":"Latest price","service":"api-8c7c17d-binance-XRPBUSD","timestamp":"2022-03-07T14:56:29.281Z"}
{"assetPair":"XRPBUSD","data":{"price":"0.74160000","symbol":"XRPBUSD"},"level":"info","message":"Latest price","service":"api-8c7c17d-binance-XRPBUSD","timestamp":"2022-03-07T14:59:29.419Z"}
{"assetPair":"XRPBUSD","data":{"price":"0.74120000","symbol":"XRPBUSD"},"level":"info","message":"Latest price","service":"api-8c7c17d-binance-XRPBUSD","timestamp":"2022-03-07T15:02:29.547Z"}
{"assetPair":"XRPBUSD","data":{"price":"0.74300000","symbol":"XRPBUSD"},"level":"info","message":"Latest price","service":"api-8c7c17d-binance-XRPBUSD","timestamp":"2022-03-07T15:05:29.638Z"}
{"assetPair":"XRPBUSD","data":{"price":"0.74520000","symbol":"XRPBUSD"},"level":"info","message":"Latest price","service":"api-8c7c17d-binance-XRPBUSD","timestamp":"2022-03-07T15:08:29.807Z"}
{"assetPair":"XRPBUSD","data":{"price":"0.74450000","symbol":"XRPBUSD"},"level":"info","message":"Latest price","service":"api-8c7c17d-binance-XRPBUSD","timestamp":"2022-03-07T15:11:29.922Z"}
{"assetPair":"XRPBUSD","data":{"price":"0.74410000","symbol":"XRPBUSD"},"level":"info","message":"Latest price","service":"api-8c7c17d-binance-XRPBUSD","timestamp":"2022-03-07T15:14:29.994Z"}
{"assetPair":"XRPBUSD","data":{"price":"0.73990000","symbol":"XRPBUSD"},"level":"info","message":"Latest price","service":"api-8c7c17d-binance-XRPBUSD","timestamp":"2022-03-07T15:17:30.068Z"}
{"assetPair":"XRPBUSD","data":{"price":"0.74010000","symbol":"XRPBUSD"},"level":"info","message":"Latest price","service":"api-8c7c17d-binance-XRPBUSD","timestamp":"2022-03-07T15:20:30.205Z"}
{"assetPair":"XRPBUSD","data":{"price":"0.74180000","symbol":"XRPBUSD"},"level":"info","message":"Latest price","service":"api-8c7c17d-binance-XRPBUSD","timestamp":"2022-03-07T15:23:30.342Z"}
{"assetPair":"XRPBUSD","data":{"price":"0.74030000","symbol":"XRPBUSD"},"level":"info","message":"Latest price","service":"api-8c7c17d-binance-XRPBUSD","timestamp":"2022-03-07T15:26:30.401Z"}
{"assetPair":"XRPBUSD","data":{"price":"0.74370000","symbol":"XRPBUSD"},"level":"info","message":"Latest price","service":"api-8c7c17d-binance-XRPBUSD","timestamp":"2022-03-07T15:29:30.532Z"}
{"assetPair":"XRPBUSD","data":{"price":"0.74480000","symbol":"XRPBUSD"},"level":"info","message":"Latest price","service":"api-8c7c17d-binance-XRPBUSD","timestamp":"2022-03-07T15:32:30.589Z"}
{"assetPair":"XRPBUSD","data":{"price":"0.74560000","symbol":"XRPBUSD"},"level":"info","message":"Latest price","service":"api-8c7c17d-binance-XRPBUSD","timestamp":"2022-03-07T15:35:30.716Z"}
{"assetPair":"XRPBUSD","data":{"price":"0.74530000","symbol":"XRPBUSD"},"level":"info","message":"Latest price","service":"api-8c7c17d-binance-XRPBUSD","timestamp":"2022-03-07T15:38:30.798Z"}
{"assetPair":"XRPBUSD","data":{"price":"0.74610000","symbol":"XRPBUSD"},"level":"info","message":"Latest price","service":"api-8c7c17d-binance-XRPBUSD","timestamp":"2022-03-07T15:41:30.924Z"}
{"assetPair":"XRPBUSD","data":{"price":"0.74450000","symbol":"XRPBUSD"},"level":"info","message":"Latest price","service":"api-8c7c17d-binance-XRPBUSD","timestamp":"2022-03-07T15:44:31.066Z"}
{"assetPair":"XRPBUSD","data":{"price":"0.74420000","symbol":"XRPBUSD"},"level":"info","message":"Latest price","service":"api-8c7c17d-binance-XRPBUSD","timestamp":"2022-03-07T15:47:31.141Z"}
{"assetPair":"XRPBUSD","data":{"price":"0.74500000","symbol":"XRPBUSD"},"level":"info","message":"Latest price","service":"api-8c7c17d-binance-XRPBUSD","timestamp":"2022-03-07T15:50:31.272Z"}
{"assetPair":"XRPBUSD","data":{"price":"0.74620000","symbol":"XRPBUSD"},"level":"info","message":"Latest price","service":"api-8c7c17d-binance-XRPBUSD","timestamp":"2022-03-07T15:53:31.405Z"}
{"assetPair":"XRPBUSD","data":{"price":"0.74550000","symbol":"XRPBUSD"},"level":"info","message":"Latest price","service":"api-8c7c17d-binance-XRPBUSD","timestamp":"2022-03-07T15:56:31.544Z"}
{"assetPair":"XRPBUSD","data":{"price":"0.74660000","symbol":"XRPBUSD"},"level":"info","message":"Latest price","service":"api-8c7c17d-binance-XRPBUSD","timestamp":"2022-03-07T15:59:31.642Z"}
{"assetPair":"XRPBUSD","data":{"price":"0.74610000","symbol":"XRPBUSD"},"level":"info","message":"Latest price","service":"api-8c7c17d-binance-XRPBUSD","timestamp":"2022-03-07T16:02:31.776Z"}
{"assetPair":"XRPBUSD","data":{"price":"0.74820000","symbol":"XRPBUSD"},"level":"info","message":"Latest price","service":"api-8c7c17d-binance-XRPBUSD","timestamp":"2022-03-07T16:05:31.875Z"}
{"assetPair":"XRPBUSD","data":{"price":"0.75000000","symbol":"XRPBUSD"},"level":"info","message":"Latest price","service":"api-8c7c17d-binance-XRPBUSD","timestamp":"2022-03-07T16:08:31.976Z"}
{"assetPair":"XRPBUSD","data":{"price":"0.74910000","symbol":"XRPBUSD"},"level":"info","message":"Latest price","service":"api-8c7c17d-binance-XRPBUSD","timestamp":"2022-03-07T16:11:32.103Z"}
{"assetPair":"XRPBUSD","data":{"price":"0.74720000","symbol":"XRPBUSD"},"level":"info","message":"Latest price","service":"api-8c7c17d-binance-XRPBUSD","timestamp":"2022-03-07T16:14:32.231Z"}
{"assetPair":"XRPBUSD","data":{"price":"0.74690000","symbol":"XRPBUSD"},"level":"info","message":"Latest price","service":"api-8c7c17d-binance-XRPBUSD","timestamp":"2022-03-07T16:17:32.359Z"}
{"assetPair":"XRPBUSD","data":{"price":"0.74680000","symbol":"XRPBUSD"},"level":"info","message":"Latest price","service":"api-8c7c17d-binance-XRPBUSD","timestamp":"2022-03-07T16:20:32.477Z"}
{"assetPair":"XRPBUSD","data":{"price":"0.74540000","symbol":"XRPBUSD"},"level":"info","message":"Latest price","service":"api-8c7c17d-binance-XRPBUSD","timestamp":"2022-03-07T16:23:32.563Z"}
{"assetPair":"XRPBUSD","data":{"price":"0.74560000","symbol":"XRPBUSD"},"level":"info","message":"Latest price","service":"api-8c7c17d-binance-XRPBUSD","timestamp":"2022-03-07T16:26:32.640Z"}
{"assetPair":"XRPBUSD","data":{"price":"0.74480000","symbol":"XRPBUSD"},"level":"info","message":"Latest price","service":"api-8c7c17d-binance-XRPBUSD","timestamp":"2022-03-07T16:29:32.780Z"}
{"assetPair":"XRPBUSD","data":{"price":"0.74330000","symbol":"XRPBUSD"},"level":"info","message":"Latest price","service":"api-8c7c17d-binance-XRPBUSD","timestamp":"2022-03-07T16:32:32.932Z"}
{"assetPair":"XRPBUSD","data":{"price":"0.74400000","symbol":"XRPBUSD"},"level":"info","message":"Latest price","service":"api-8c7c17d-binance-XRPBUSD","timestamp":"2022-03-07T16:35:33.066Z"}
{"assetPair":"XRPBUSD","data":{"price":"0.74400000","symbol":"XRPBUSD"},"level":"info","message":"Latest price","service":"api-8c7c17d-binance-XRPBUSD","timestamp":"2022-03-07T16:38:33.108Z"}
{"assetPair":"XRPBUSD","data":{"price":"0.74070000","symbol":"XRPBUSD"},"level":"info","message":"Latest price","service":"api-8c7c17d-binance-XRPBUSD","timestamp":"2022-03-07T16:41:33.230Z"}
{"assetPair":"XRPBUSD","data":{"price":"0.74190000","symbol":"XRPBUSD"},"level":"info","message":"Latest price","service":"api-8c7c17d-binance-XRPBUSD","timestamp":"2022-03-07T16:44:33.355Z"}
{"assetPair":"XRPBUSD","data":{"price":"0.74310000","symbol":"XRPBUSD"},"level":"info","message":"Latest price","service":"api-8c7c17d-binance-XRPBUSD","timestamp":"2022-03-07T16:47:33.472Z"}
{"assetPair":"XRPBUSD","data":{"price":"0.74220000","symbol":"XRPBUSD"},"level":"info","message":"Latest price","service":"api-8c7c17d-binance-XRPBUSD","timestamp":"2022-03-07T16:50:33.595Z"}
{"assetPair":"XRPBUSD","data":{"price":"0.74170000","symbol":"XRPBUSD"},"level":"info","message":"Latest price","service":"api-8c7c17d-binance-XRPBUSD","timestamp":"2022-03-07T16:53:33.680Z"}
{"assetPair":"XRPBUSD","data":{"price":"0.74050000","symbol":"XRPBUSD"},"level":"info","message":"Latest price","service":"api-8c7c17d-binance-XRPBUSD","timestamp":"2022-03-07T16:56:33.790Z"}
{"assetPair":"XRPBUSD","data":{"price":"0.73990000","symbol":"XRPBUSD"},"level":"info","message":"Latest price","service":"api-8c7c17d-binance-XRPBUSD","timestamp":"2022-03-07T16:59:33.835Z"}
{"assetPair":"XRPBUSD","data":{"price":"0.73740000","symbol":"XRPBUSD"},"level":"info","message":"Latest price","service":"api-8c7c17d-binance-XRPBUSD","timestamp":"2022-03-07T17:02:33.961Z"}
{"assetPair":"XRPBUSD","data":{"price":"0.73960000","symbol":"XRPBUSD"},"level":"info","message":"Latest price","service":"api-8c7c17d-binance-XRPBUSD","timestamp":"2022-03-07T17:05:34.027Z"}
{"assetPair":"XRPBUSD","data":{"price":"0.73710000","symbol":"XRPBUSD"},"level":"info","message":"Latest price","service":"api-8c7c17d-binance-XRPBUSD","timestamp":"2022-03-07T17:08:34.119Z"}
{"assetPair":"XRPBUSD","data":{"price":"0.73810000","symbol":"XRPBUSD"},"level":"info","message":"Latest price","service":"api-8c7c17d-binance-XRPBUSD","timestamp":"2022-03-07T17:11:34.289Z"}
{"assetPair":"XRPBUSD","data":{"price":"0.73600000","symbol":"XRPBUSD"},"level":"info","message":"Latest price","service":"api-8c7c17d-binance-XRPBUSD","timestamp":"2022-03-07T17:14:34.437Z"}
{"assetPair":"XRPBUSD","data":{"price":"0.73790000","symbol":"XRPBUSD"},"level":"info","message":"Latest price","service":"api-8c7c17d-binance-XRPBUSD","timestamp":"2022-03-07T17:17:34.559Z"}
{"assetPair":"XRPBUSD","data":{"price":"0.73770000","symbol":"XRPBUSD"},"level":"info","message":"Latest price","service":"api-8c7c17d-binance-XRPBUSD","timestamp":"2022-03-07T17:20:34.636Z"}
{"assetPair":"XRPBUSD","data":{"price":"0.73760000","symbol":"XRPBUSD"},"level":"info","message":"Latest price","service":"api-8c7c17d-binance-XRPBUSD","timestamp":"2022-03-07T17:23:34.773Z"}
{"assetPair":"XRPBUSD","data":{"price":"0.73830000","symbol":"XRPBUSD"},"level":"info","message":"Latest price","service":"api-8c7c17d-binance-XRPBUSD","timestamp":"2022-03-07T17:26:34.879Z"}
{"assetPair":"XRPBUSD","data":{"price":"0.73720000","symbol":"XRPBUSD"},"level":"info","message":"Latest price","service":"api-8c7c17d-binance-XRPBUSD","timestamp":"2022-03-07T17:29:34.995Z"}
{"assetPair":"XRPBUSD","data":{"price":"0.73720000","symbol":"XRPBUSD"},"level":"info","message":"Latest price","service":"api-8c7c17d-binance-XRPBUSD","timestamp":"2022-03-07T17:32:35.054Z"}
{"assetPair":"XRPBUSD","data":{"price":"0.73740000","symbol":"XRPBUSD"},"level":"info","message":"Latest price","service":"api-8c7c17d-binance-XRPBUSD","timestamp":"2022-03-07T17:35:35.179Z"}
{"assetPair":"XRPBUSD","data":{"price":"0.73650000","symbol":"XRPBUSD"},"level":"info","message":"Latest price","service":"api-8c7c17d-binance-XRPBUSD","timestamp":"2022-03-07T17:38:35.302Z"}
{"assetPair":"XRPBUSD","data":{"price":"0.73720000","symbol":"XRPBUSD"},"level":"info","message":"Latest price","service":"api-8c7c17d-binance-XRPBUSD","timestamp":"2022-03-07T17:41:35.413Z"}
{"assetPair":"XRPBUSD","data":{"price":"0.73780000","symbol":"XRPBUSD"},"level":"info","message":"Latest price","service":"api-8c7c17d-binance-XRPBUSD","timestamp":"2022-03-07T17:44:35.545Z"}
{"assetPair":"XRPBUSD","data":{"price":"0.73880000","symbol":"XRPBUSD"},"level":"info","message":"Latest price","service":"api-8c7c17d-binance-XRPBUSD","timestamp":"2022-03-07T17:47:35.646Z"}
{"assetPair":"XRPBUSD","data":{"price":"0.74030000","symbol":"XRPBUSD"},"level":"info","message":"Latest price","service":"api-8c7c17d-binance-XRPBUSD","timestamp":"2022-03-07T17:50:35.834Z"}
{"assetPair":"XRPBUSD","data":{"price":"0.73930000","symbol":"XRPBUSD"},"level":"info","message":"Latest price","service":"api-8c7c17d-binance-XRPBUSD","timestamp":"2022-03-07T17:53:35.895Z"}
{"assetPair":"XRPBUSD","data":{"price":"0.73920000","symbol":"XRPBUSD"},"level":"info","message":"Latest price","service":"api-8c7c17d-binance-XRPBUSD","timestamp":"2022-03-07T17:56:36.013Z"}
{"assetPair":"XRPBUSD","data":{"price":"0.73780000","symbol":"XRPBUSD"},"level":"info","message":"Latest price","service":"api-8c7c17d-binance-XRPBUSD","timestamp":"2022-03-07T17:59:36.066Z"}
{"assetPair":"XRPBUSD","data":{"price":"0.73390000","symbol":"XRPBUSD"},"level":"info","message":"Latest price","service":"api-8c7c17d-binance-XRPBUSD","timestamp":"2022-03-07T18:02:36.127Z"}
{"assetPair":"XRPBUSD","data":{"price":"0.72990000","symbol":"XRPBUSD"},"level":"info","message":"Latest price","service":"api-8c7c17d-binance-XRPBUSD","timestamp":"2022-03-07T18:05:36.230Z"}
{"assetPair":"XRPBUSD","data":{"price":"0.72970000","symbol":"XRPBUSD"},"level":"info","message":"Latest price","service":"api-8c7c17d-binance-XRPBUSD","timestamp":"2022-03-07T18:08:36.365Z"}
{"assetPair":"XRPBUSD","data":{"price":"0.72710000","symbol":"XRPBUSD"},"level":"info","message":"Latest price","service":"api-8c7c17d-binance-XRPBUSD","timestamp":"2022-03-07T18:11:36.502Z"}
{"assetPair":"XRPBUSD","data":{"price":"0.72660000","symbol":"XRPBUSD"},"level":"info","message":"Latest price","service":"api-8c7c17d-binance-XRPBUSD","timestamp":"2022-03-07T18:14:36.547Z"}
{"assetPair":"XRPBUSD","data":{"price":"0.72840000","symbol":"XRPBUSD"},"level":"info","message":"Latest price","service":"api-8c7c17d-binance-XRPBUSD","timestamp":"2022-03-07T18:17:36.607Z"}
{"assetPair":"XRPBUSD","data":{"price":"0.72620000","symbol":"XRPBUSD"},"level":"info","message":"Latest price","service":"api-8c7c17d-binance-XRPBUSD","timestamp":"2022-03-07T18:20:36.740Z"}
{"assetPair":"XRPBUSD","data":{"price":"0.72710000","symbol":"XRPBUSD"},"level":"info","message":"Latest price","service":"api-8c7c17d-binance-XRPBUSD","timestamp":"2022-03-07T18:23:36.844Z"}
{"assetPair":"XRPBUSD","data":{"price":"0.72580000","symbol":"XRPBUSD"},"level":"info","message":"Latest price","service":"api-8c7c17d-binance-XRPBUSD","timestamp":"2022-03-07T18:26:37.003Z"}
{"assetPair":"XRPBUSD","data":{"price":"0.72550000","symbol":"XRPBUSD"},"level":"info","message":"Latest price","service":"api-8c7c17d-binance-XRPBUSD","timestamp":"2022-03-07T18:29:37.116Z"}
{"assetPair":"XRPBUSD","data":{"price":"0.72550000","symbol":"XRPBUSD"},"level":"info","message":"Latest price","service":"api-8c7c17d-binance-XRPBUSD","timestamp":"2022-03-07T18:32:37.196Z"}
{"assetPair":"XRPBUSD","data":{"price":"0.72540000","symbol":"XRPBUSD"},"level":"info","message":"Latest price","service":"api-8c7c17d-binance-XRPBUSD","timestamp":"2022-03-07T18:35:37.248Z"}
{"assetPair":"XRPBUSD","data":{"price":"0.72300000","symbol":"XRPBUSD"},"level":"info","message":"Latest price","service":"api-8c7c17d-binance-XRPBUSD","timestamp":"2022-03-07T18:38:37.383Z"}
{"assetPair":"XRPBUSD","data":{"price":"0.72420000","symbol":"XRPBUSD"},"level":"info","message":"Latest price","service":"api-8c7c17d-binance-XRPBUSD","timestamp":"2022-03-07T18:41:37.509Z"}
{"assetPair":"XRPBUSD","data":{"price":"0.72590000","symbol":"XRPBUSD"},"level":"info","message":"Latest price","service":"api-8c7c17d-binance-XRPBUSD","timestamp":"2022-03-07T18:44:37.663Z"}
{"assetPair":"XRPBUSD","data":{"price":"0.72740000","symbol":"XRPBUSD"},"level":"info","message":"Latest price","service":"api-8c7c17d-binance-XRPBUSD","timestamp":"2022-03-07T18:47:37.731Z"}
{"assetPair":"XRPBUSD","data":{"price":"0.72780000","symbol":"XRPBUSD"},"level":"info","message":"Latest price","service":"api-8c7c17d-binance-XRPBUSD","timestamp":"2022-03-07T18:50:37.865Z"}
{"assetPair":"XRPBUSD","data":{"price":"0.72820000","symbol":"XRPBUSD"},"level":"info","message":"Latest price","service":"api-8c7c17d-binance-XRPBUSD","timestamp":"2022-03-07T18:53:37.998Z"}
{"assetPair":"XRPBUSD","data":{"price":"0.72690000","symbol":"XRPBUSD"},"level":"info","message":"Latest price","service":"api-8c7c17d-binance-XRPBUSD","timestamp":"2022-03-07T18:56:38.112Z"}
{"assetPair":"XRPBUSD","data":{"price":"0.72590000","symbol":"XRPBUSD"},"level":"info","message":"Latest price","service":"api-8c7c17d-binance-XRPBUSD","timestamp":"2022-03-07T18:59:38.169Z"}
{"assetPair":"XRPBUSD","data":{"price":"0.72510000","symbol":"XRPBUSD"},"level":"info","message":"Latest price","service":"api-8c7c17d-binance-XRPBUSD","timestamp":"2022-03-07T19:02:38.203Z"}
{"assetPair":"XRPBUSD","data":{"price":"0.72520000","symbol":"XRPBUSD"},"level":"info","message":"Latest price","service":"api-8c7c17d-binance-XRPBUSD","timestamp":"2022-03-07T19:05:38.336Z"}
{"assetPair":"XRPBUSD","data":{"price":"0.72670000","symbol":"XRPBUSD"},"level":"info","message":"Latest price","service":"api-8c7c17d-binance-XRPBUSD","timestamp":"2022-03-07T19:08:38.472Z"}
{"assetPair":"XRPBUSD","data":{"price":"0.72880000","symbol":"XRPBUSD"},"level":"info","message":"Latest price","service":"api-8c7c17d-binance-XRPBUSD","timestamp":"2022-03-07T19:11:38.592Z"}
{"assetPair":"XRPBUSD","data":{"price":"0.72800000","symbol":"XRPBUSD"},"level":"info","message":"Latest price","service":"api-8c7c17d-binance-XRPBUSD","timestamp":"2022-03-07T19:14:38.628Z"}
{"assetPair":"XRPBUSD","data":{"price":"0.72820000","symbol":"XRPBUSD"},"level":"info","message":"Latest price","service":"api-8c7c17d-binance-XRPBUSD","timestamp":"2022-03-07T19:17:38.779Z"}
{"assetPair":"XRPBUSD","data":{"price":"0.72800000","symbol":"XRPBUSD"},"level":"info","message":"Latest price","service":"api-8c7c17d-binance-XRPBUSD","timestamp":"2022-03-07T19:20:38.868Z"}
{"assetPair":"XRPBUSD","data":{"price":"0.72550000","symbol":"XRPBUSD"},"level":"info","message":"Latest price","service":"api-8c7c17d-binance-XRPBUSD","timestamp":"2022-03-07T19:23:38.969Z"}
{"assetPair":"XRPBUSD","data":{"price":"0.72430000","symbol":"XRPBUSD"},"level":"info","message":"Latest price","service":"api-8c7c17d-binance-XRPBUSD","timestamp":"2022-03-07T19:26:39.059Z"}
{"assetPair":"XRPBUSD","data":{"price":"0.72400000","symbol":"XRPBUSD"},"level":"info","message":"Latest price","service":"api-8c7c17d-binance-XRPBUSD","timestamp":"2022-03-07T19:29:39.111Z"}
{"assetPair":"XRPBUSD","data":{"price":"0.72110000","symbol":"XRPBUSD"},"level":"info","message":"Latest price","service":"api-8c7c17d-binance-XRPBUSD","timestamp":"2022-03-07T19:32:39.262Z"}
{"assetPair":"XRPBUSD","data":{"price":"0.71640000","symbol":"XRPBUSD"},"level":"info","message":"Latest price","service":"api-8c7c17d-binance-XRPBUSD","timestamp":"2022-03-07T19:35:39.411Z"}
{"assetPair":"XRPBUSD","data":{"price":"0.71450000","symbol":"XRPBUSD"},"level":"info","message":"Latest price","service":"api-8c7c17d-binance-XRPBUSD","timestamp":"2022-03-07T19:38:39.490Z"}
{"assetPair":"XRPBUSD","data":{"price":"0.71370000","symbol":"XRPBUSD"},"level":"info","message":"Latest price","service":"api-8c7c17d-binance-XRPBUSD","timestamp":"2022-03-07T19:41:39.614Z"}
{"assetPair":"XRPBUSD","data":{"price":"0.71410000","symbol":"XRPBUSD"},"level":"info","message":"Latest price","service":"api-8c7c17d-binance-XRPBUSD","timestamp":"2022-03-07T19:44:39.698Z"}
{"assetPair":"XRPBUSD","data":{"price":"0.71400000","symbol":"XRPBUSD"},"level":"info","message":"Latest price","service":"api-8c7c17d-binance-XRPBUSD","timestamp":"2022-03-07T19:47:39.748Z"}
{"assetPair":"XRPBUSD","data":{"price":"0.71470000","symbol":"XRPBUSD"},"level":"info","message":"Latest price","service":"api-8c7c17d-binance-XRPBUSD","timestamp":"2022-03-07T19:50:39.879Z"}
{"assetPair":"XRPBUSD","data":{"price":"0.71370000","symbol":"XRPBUSD"},"level":"info","message":"Latest price","service":"api-8c7c17d-binance-XRPBUSD","timestamp":"2022-03-07T19:53:40.032Z"}
{"assetPair":"XRPBUSD","data":{"price":"0.71570000","symbol":"XRPBUSD"},"level":"info","message":"Latest price","service":"api-8c7c17d-binance-XRPBUSD","timestamp":"2022-03-07T19:56:40.129Z"}
{"assetPair":"XRPBUSD","data":{"price":"0.71140000","symbol":"XRPBUSD"},"level":"info","message":"Latest price","service":"api-8c7c17d-binance-XRPBUSD","timestamp":"2022-03-07T19:59:40.309Z"}
{"balance":{"asset":"XRP","free":"33.31200000","locked":"0.00000000"},"level":"info","message":"Binance balance","service":"api-8c7c17d-binance-XRPBUSD","timestamp":"2022-03-07T19:59:40.345Z"}
{"correctedPrice":"0.7114","correctedQty":"33","forAsset":"BUSD","level":"info","message":"Initiating SELL","price":"0.71140000","quantity":"33.31200000","sellAsset":"XRP","service":"api-8c7c17d-binance-XRPBUSD","timestamp":"2022-03-07T19:59:40.371Z"}
{"data":{"clientOrderId":"CCYgST4jc9aKP2uHe2TQhc","cummulativeQuoteQty":"0.00000000","executedQty":"0.00000000","fills":[],"orderId":738390097,"orderListId":-1,"origQty":"33.00000000","price":"0.71140000","side":"SELL","status":"NEW","symbol":"XRPBUSD","timeInForce":"GTC","transactTime":1646683180398,"type":"LIMIT"},"level":"info","message":"SELL success","service":"api-8c7c17d-binance-XRPBUSD","timestamp":"2022-03-07T19:59:40.404Z"}
{"level":"info","message":"Checking order status","origClientOrderId":"CCYgST4jc9aKP2uHe2TQhc","service":"api-8c7c17d-binance-XRPBUSD","symbol":"XRPBUSD","timestamp":"2022-03-07T20:02:40.430Z"}
{"data":{"clientOrderId":"CCYgST4jc9aKP2uHe2TQhc","cummulativeQuoteQty":"23.47620000","executedQty":"33.00000000","icebergQty":"0.00000000","isWorking":true,"orderId":738390097,"orderListId":-1,"origQty":"33.00000000","origQuoteOrderQty":"0.00000000","price":"0.71140000","side":"SELL","status":"FILLED","stopPrice":"0.00000000","symbol":"XRPBUSD","time":1646683180398,"timeInForce":"GTC","type":"LIMIT","updateTime":1646683181194},"level":"info","message":"Order status","service":"api-8c7c17d-binance-XRPBUSD","timestamp":"2022-03-07T20:02:40.469Z"}
{"assetPair":"XRPBUSD","data":{"price":"0.70730000","symbol":"XRPBUSD"},"level":"info","message":"Latest price","service":"api-8c7c17d-binance-XRPBUSD","timestamp":"2022-03-07T20:02:40.496Z"}
{"assetPair":"XRPBUSD","data":{"price":"0.70940000","symbol":"XRPBUSD"},"level":"info","message":"Latest price","service":"api-8c7c17d-binance-XRPBUSD","timestamp":"2022-03-07T20:05:40.624Z"}
{"assetPair":"XRPBUSD","data":{"price":"0.70800000","symbol":"XRPBUSD"},"level":"info","message":"Latest price","service":"api-8c7c17d-binance-XRPBUSD","timestamp":"2022-03-07T20:08:40.644Z"}
{"assetPair":"XRPBUSD","data":{"price":"0.71000000","symbol":"XRPBUSD"},"level":"info","message":"Latest price","service":"api-8c7c17d-binance-XRPBUSD","timestamp":"2022-03-07T20:11:40.760Z"}
{"assetPair":"XRPBUSD","data":{"price":"0.71030000","symbol":"XRPBUSD"},"level":"info","message":"Latest price","service":"api-8c7c17d-binance-XRPBUSD","timestamp":"2022-03-07T20:14:40.915Z"}
{"assetPair":"XRPBUSD","data":{"price":"0.70980000","symbol":"XRPBUSD"},"level":"info","message":"Latest price","service":"api-8c7c17d-binance-XRPBUSD","timestamp":"2022-03-07T20:17:41.030Z"}
{"assetPair":"XRPBUSD","data":{"price":"0.71080000","symbol":"XRPBUSD"},"level":"info","message":"Latest price","service":"api-8c7c17d-binance-XRPBUSD","timestamp":"2022-03-07T20:20:41.084Z"}
{"assetPair":"XRPBUSD","data":{"price":"0.71380000","symbol":"XRPBUSD"},"level":"info","message":"Latest price","service":"api-8c7c17d-binance-XRPBUSD","timestamp":"2022-03-07T20:23:41.167Z"}
{"balance":{"asset":"BUSD","free":"33.90233974","locked":"0.00000000"},"level":"info","message":"Binance balance","service":"api-8c7c17d-binance-XRPBUSD","timestamp":"2022-03-07T20:23:41.200Z"}
{"buyAsset":"XRP","correctedPrice":"0.7138","correctedQty":"34","level":"info","message":"Initiating BUY","price":"0.7138","quantity":"34.67357803306248248809","service":"api-8c7c17d-binance-XRPBUSD","timestamp":"2022-03-07T20:23:41.201Z","withAsset":"BUSD"}
{"data":{"clientOrderId":"RJrznrVZxDES5lDtxvkyPR","cummulativeQuoteQty":"24.26920000","executedQty":"34.00000000","fills":[{"commission":"0.03400000","commissionAsset":"XRP","price":"0.71380000","qty":"34.00000000","tradeId":54490316}],"orderId":738412965,"orderListId":-1,"origQty":"34.00000000","price":"0.71380000","side":"BUY","status":"FILLED","symbol":"XRPBUSD","timeInForce":"GTC","transactTime":1646684621222,"type":"LIMIT"},"level":"info","message":"BUY success","service":"api-8c7c17d-binance-XRPBUSD","timestamp":"2022-03-07T20:23:41.225Z"}
{"level":"info","message":"Checking order status","origClientOrderId":"RJrznrVZxDES5lDtxvkyPR","service":"api-8c7c17d-binance-XRPBUSD","symbol":"XRPBUSD","timestamp":"2022-03-07T20:26:41.272Z"}
{"data":{"clientOrderId":"RJrznrVZxDES5lDtxvkyPR","cummulativeQuoteQty":"24.26920000","executedQty":"34.00000000","icebergQty":"0.00000000","isWorking":true,"orderId":738412965,"orderListId":-1,"origQty":"34.00000000","origQuoteOrderQty":"0.00000000","price":"0.71380000","side":"BUY","status":"FILLED","stopPrice":"0.00000000","symbol":"XRPBUSD","time":1646684621222,"timeInForce":"GTC","type":"LIMIT","updateTime":1646684621222},"level":"info","message":"Order status","service":"api-8c7c17d-binance-XRPBUSD","timestamp":"2022-03-07T20:26:41.315Z"}
{"assetPair":"XRPBUSD","data":{"price":"0.71530000","symbol":"XRPBUSD"},"level":"info","message":"Latest price","service":"api-8c7c17d-binance-XRPBUSD","timestamp":"2022-03-07T20:26:41.337Z"}
{"assetPair":"XRPBUSD","data":{"price":"0.71610000","symbol":"XRPBUSD"},"level":"info","message":"Latest price","service":"api-8c7c17d-binance-XRPBUSD","timestamp":"2022-03-07T20:29:41.462Z"}
{"assetPair":"XRPBUSD","data":{"price":"0.71430000","symbol":"XRPBUSD"},"level":"info","message":"Latest price","service":"api-8c7c17d-binance-XRPBUSD","timestamp":"2022-03-07T20:32:41.614Z"}
{"assetPair":"XRPBUSD","data":{"price":"0.71320000","symbol":"XRPBUSD"},"level":"info","message":"Latest price","service":"api-8c7c17d-binance-XRPBUSD","timestamp":"2022-03-07T20:35:41.726Z"}
{"assetPair":"XRPBUSD","data":{"price":"0.71280000","symbol":"XRPBUSD"},"level":"info","message":"Latest price","service":"api-8c7c17d-binance-XRPBUSD","timestamp":"2022-03-07T20:38:41.854Z"}
{"assetPair":"XRPBUSD","data":{"price":"0.71300000","symbol":"XRPBUSD"},"level":"info","message":"Latest price","service":"api-8c7c17d-binance-XRPBUSD","timestamp":"2022-03-07T20:41:41.980Z"}
{"assetPair":"XRPBUSD","data":{"price":"0.71640000","symbol":"XRPBUSD"},"level":"info","message":"Latest price","service":"api-8c7c17d-binance-XRPBUSD","timestamp":"2022-03-07T20:44:42.080Z"}
{"assetPair":"XRPBUSD","data":{"price":"0.71680000","symbol":"XRPBUSD"},"level":"info","message":"Latest price","service":"api-8c7c17d-binance-XRPBUSD","timestamp":"2022-03-07T20:47:42.142Z"}
{"assetPair":"XRPBUSD","data":{"price":"0.71670000","symbol":"XRPBUSD"},"level":"info","message":"Latest price","service":"api-8c7c17d-binance-XRPBUSD","timestamp":"2022-03-07T20:50:42.208Z"}
{"assetPair":"XRPBUSD","data":{"price":"0.71590000","symbol":"XRPBUSD"},"level":"info","message":"Latest price","service":"api-8c7c17d-binance-XRPBUSD","timestamp":"2022-03-07T20:53:42.281Z"}
{"assetPair":"XRPBUSD","data":{"price":"0.71630000","symbol":"XRPBUSD"},"level":"info","message":"Latest price","service":"api-8c7c17d-binance-XRPBUSD","timestamp":"2022-03-07T20:56:42.342Z"}
{"assetPair":"XRPBUSD","data":{"price":"0.71550000","symbol":"XRPBUSD"},"level":"info","message":"Latest price","service":"api-8c7c17d-binance-XRPBUSD","timestamp":"2022-03-07T20:59:42.477Z"}
{"assetPair":"XRPBUSD","data":{"price":"0.71490000","symbol":"XRPBUSD"},"level":"info","message":"Latest price","service":"api-8c7c17d-binance-XRPBUSD","timestamp":"2022-03-07T21:02:42.557Z"}
{"assetPair":"XRPBUSD","data":{"price":"0.71540000","symbol":"XRPBUSD"},"level":"info","message":"Latest price","service":"api-8c7c17d-binance-XRPBUSD","timestamp":"2022-03-07T21:05:42.629Z"}
{"assetPair":"XRPBUSD","data":{"price":"0.71500000","symbol":"XRPBUSD"},"level":"info","message":"Latest price","service":"api-8c7c17d-binance-XRPBUSD","timestamp":"2022-03-07T21:08:42.759Z"}
{"assetPair":"XRPBUSD","data":{"price":"0.71720000","symbol":"XRPBUSD"},"level":"info","message":"Latest price","service":"api-8c7c17d-binance-XRPBUSD","timestamp":"2022-03-07T21:11:42.849Z"}
{"assetPair":"XRPBUSD","data":{"price":"0.71880000","symbol":"XRPBUSD"},"level":"info","message":"Latest price","service":"api-8c7c17d-binance-XRPBUSD","timestamp":"2022-03-07T21:14:43.006Z"}
{"assetPair":"XRPBUSD","data":{"price":"0.72150000","symbol":"XRPBUSD"},"level":"info","message":"Latest price","service":"api-8c7c17d-binance-XRPBUSD","timestamp":"2022-03-07T21:17:43.146Z"}
{"assetPair":"XRPBUSD","data":{"price":"0.72130000","symbol":"XRPBUSD"},"level":"info","message":"Latest price","service":"api-8c7c17d-binance-XRPBUSD","timestamp":"2022-03-07T21:20:43.272Z"}
{"assetPair":"XRPBUSD","data":{"price":"0.71950000","symbol":"XRPBUSD"},"level":"info","message":"Latest price","service":"api-8c7c17d-binance-XRPBUSD","timestamp":"2022-03-07T21:23:43.441Z"}
{"assetPair":"XRPBUSD","data":{"price":"0.71820000","symbol":"XRPBUSD"},"level":"info","message":"Latest price","service":"api-8c7c17d-binance-XRPBUSD","timestamp":"2022-03-07T21:26:43.611Z"}
{"assetPair":"XRPBUSD","data":{"price":"0.71850000","symbol":"XRPBUSD"},"level":"info","message":"Latest price","service":"api-8c7c17d-binance-XRPBUSD","timestamp":"2022-03-07T21:29:43.744Z"}
{"assetPair":"XRPBUSD","data":{"price":"0.71410000","symbol":"XRPBUSD"},"level":"info","message":"Latest price","service":"api-8c7c17d-binance-XRPBUSD","timestamp":"2022-03-07T21:32:43.875Z"}
{"assetPair":"XRPBUSD","data":{"price":"0.71640000","symbol":"XRPBUSD"},"level":"info","message":"Latest price","service":"api-8c7c17d-binance-XRPBUSD","timestamp":"2022-03-07T21:35:44.021Z"}
{"assetPair":"XRPBUSD","data":{"price":"0.71610000","symbol":"XRPBUSD"},"level":"info","message":"Latest price","service":"api-8c7c17d-binance-XRPBUSD","timestamp":"2022-03-07T21:38:44.093Z"}
{"assetPair":"XRPBUSD","data":{"price":"0.71670000","symbol":"XRPBUSD"},"level":"info","message":"Latest price","service":"api-8c7c17d-binance-XRPBUSD","timestamp":"2022-03-07T21:41:44.178Z"}
{"assetPair":"XRPBUSD","data":{"price":"0.71840000","symbol":"XRPBUSD"},"level":"info","message":"Latest price","service":"api-8c7c17d-binance-XRPBUSD","timestamp":"2022-03-07T21:44:44.312Z"}
{"assetPair":"XRPBUSD","data":{"price":"0.71870000","symbol":"XRPBUSD"},"level":"info","message":"Latest price","service":"api-8c7c17d-binance-XRPBUSD","timestamp":"2022-03-07T21:47:44.447Z"}
{"assetPair":"XRPBUSD","data":{"price":"0.72020000","symbol":"XRPBUSD"},"level":"info","message":"Latest price","service":"api-8c7c17d-binance-XRPBUSD","timestamp":"2022-03-07T21:50:44.568Z"}
{"assetPair":"XRPBUSD","data":{"price":"0.72000000","symbol":"XRPBUSD"},"level":"info","message":"Latest price","service":"api-8c7c17d-binance-XRPBUSD","timestamp":"2022-03-07T21:53:44.697Z"}
{"assetPair":"XRPBUSD","data":{"price":"0.71960000","symbol":"XRPBUSD"},"level":"info","message":"Latest price","service":"api-8c7c17d-binance-XRPBUSD","timestamp":"2022-03-07T21:56:44.773Z"}
{"assetPair":"XRPBUSD","data":{"price":"0.72010000","symbol":"XRPBUSD"},"level":"info","message":"Latest price","service":"api-8c7c17d-binance-XRPBUSD","timestamp":"2022-03-07T21:59:44.914Z"}
{"assetPair":"XRPBUSD","data":{"price":"0.72230000","symbol":"XRPBUSD"},"level":"info","message":"Latest price","service":"api-8c7c17d-binance-XRPBUSD","timestamp":"2022-03-07T22:02:44.973Z"}
{"assetPair":"XRPBUSD","data":{"price":"0.72230000","symbol":"XRPBUSD"},"level":"info","message":"Latest price","service":"api-8c7c17d-binance-XRPBUSD","timestamp":"2022-03-07T22:05:45.064Z"}
{"assetPair":"XRPBUSD","data":{"price":"0.72310000","symbol":"XRPBUSD"},"level":"info","message":"Latest price","service":"api-8c7c17d-binance-XRPBUSD","timestamp":"2022-03-07T22:08:45.185Z"}
{"assetPair":"XRPBUSD","data":{"price":"0.72400000","symbol":"XRPBUSD"},"level":"info","message":"Latest price","service":"api-8c7c17d-binance-XRPBUSD","timestamp":"2022-03-07T22:11:45.325Z"}
{"assetPair":"XRPBUSD","data":{"price":"0.72400000","symbol":"XRPBUSD"},"level":"info","message":"Latest price","service":"api-8c7c17d-binance-XRPBUSD","timestamp":"2022-03-07T22:14:45.450Z"}
{"assetPair":"XRPBUSD","data":{"price":"0.72310000","symbol":"XRPBUSD"},"level":"info","message":"Latest price","service":"api-8c7c17d-binance-XRPBUSD","timestamp":"2022-03-07T22:17:45.557Z"}
{"assetPair":"XRPBUSD","data":{"price":"0.72360000","symbol":"XRPBUSD"},"level":"info","message":"Latest price","service":"api-8c7c17d-binance-XRPBUSD","timestamp":"2022-03-07T22:20:45.673Z"}
{"assetPair":"XRPBUSD","data":{"price":"0.72380000","symbol":"XRPBUSD"},"level":"info","message":"Latest price","service":"api-8c7c17d-binance-XRPBUSD","timestamp":"2022-03-07T22:23:45.803Z"}
{"assetPair":"XRPBUSD","data":{"price":"0.72570000","symbol":"XRPBUSD"},"level":"info","message":"Latest price","service":"api-8c7c17d-binance-XRPBUSD","timestamp":"2022-03-07T22:26:45.945Z"}
{"assetPair":"XRPBUSD","data":{"price":"0.72610000","symbol":"XRPBUSD"},"level":"info","message":"Latest price","service":"api-8c7c17d-binance-XRPBUSD","timestamp":"2022-03-07T22:29:46.104Z"}
{"assetPair":"XRPBUSD","data":{"price":"0.72610000","symbol":"XRPBUSD"},"level":"info","message":"Latest price","service":"api-8c7c17d-binance-XRPBUSD","timestamp":"2022-03-07T22:32:46.231Z"}
{"assetPair":"XRPBUSD","data":{"price":"0.72570000","symbol":"XRPBUSD"},"level":"info","message":"Latest price","service":"api-8c7c17d-binance-XRPBUSD","timestamp":"2022-03-07T22:35:46.295Z"}
{"assetPair":"XRPBUSD","data":{"price":"0.72770000","symbol":"XRPBUSD"},"level":"info","message":"Latest price","service":"api-8c7c17d-binance-XRPBUSD","timestamp":"2022-03-07T22:38:46.404Z"}
{"assetPair":"XRPBUSD","data":{"price":"0.72750000","symbol":"XRPBUSD"},"level":"info","message":"Latest price","service":"api-8c7c17d-binance-XRPBUSD","timestamp":"2022-03-07T22:41:46.471Z"}
{"assetPair":"XRPBUSD","data":{"price":"0.72660000","symbol":"XRPBUSD"},"level":"info","message":"Latest price","service":"api-8c7c17d-binance-XRPBUSD","timestamp":"2022-03-07T22:44:46.600Z"}
{"assetPair":"XRPBUSD","data":{"price":"0.72410000","symbol":"XRPBUSD"},"level":"info","message":"Latest price","service":"api-8c7c17d-binance-XRPBUSD","timestamp":"2022-03-07T22:47:46.735Z"}
{"assetPair":"XRPBUSD","data":{"price":"0.72400000","symbol":"XRPBUSD"},"level":"info","message":"Latest price","service":"api-8c7c17d-binance-XRPBUSD","timestamp":"2022-03-07T22:50:46.867Z"}
{"assetPair":"XRPBUSD","data":{"price":"0.72160000","symbol":"XRPBUSD"},"level":"info","message":"Latest price","service":"api-8c7c17d-binance-XRPBUSD","timestamp":"2022-03-07T22:53:46.987Z"}
{"assetPair":"XRPBUSD","data":{"price":"0.72150000","symbol":"XRPBUSD"},"level":"info","message":"Latest price","service":"api-8c7c17d-binance-XRPBUSD","timestamp":"2022-03-07T22:56:47.053Z"}
{"assetPair":"XRPBUSD","data":{"price":"0.72330000","symbol":"XRPBUSD"},"level":"info","message":"Latest price","service":"api-8c7c17d-binance-XRPBUSD","timestamp":"2022-03-07T22:59:47.191Z"}
{"assetPair":"XRPBUSD","data":{"price":"0.72250000","symbol":"XRPBUSD"},"level":"info","message":"Latest price","service":"api-8c7c17d-binance-XRPBUSD","timestamp":"2022-03-07T23:02:47.338Z"}
{"assetPair":"XRPBUSD","data":{"price":"0.72490000","symbol":"XRPBUSD"},"level":"info","message":"Latest price","service":"api-8c7c17d-binance-XRPBUSD","timestamp":"2022-03-07T23:05:47.472Z"}
{"assetPair":"XRPBUSD","data":{"price":"0.72510000","symbol":"XRPBUSD"},"level":"info","message":"Latest price","service":"api-8c7c17d-binance-XRPBUSD","timestamp":"2022-03-07T23:08:47.630Z"}
{"assetPair":"XRPBUSD","data":{"price":"0.72470000","symbol":"XRPBUSD"},"level":"info","message":"Latest price","service":"api-8c7c17d-binance-XRPBUSD","timestamp":"2022-03-07T23:11:47.790Z"}
{"assetPair":"XRPBUSD","data":{"price":"0.72280000","symbol":"XRPBUSD"},"level":"info","message":"Latest price","service":"api-8c7c17d-binance-XRPBUSD","timestamp":"2022-03-07T23:14:47.916Z"}
{"assetPair":"XRPBUSD","data":{"price":"0.72360000","symbol":"XRPBUSD"},"level":"info","message":"Latest price","service":"api-8c7c17d-binance-XRPBUSD","timestamp":"2022-03-07T23:17:48.018Z"}
{"assetPair":"XRPBUSD","data":{"price":"0.72260000","symbol":"XRPBUSD"},"level":"info","message":"Latest price","service":"api-8c7c17d-binance-XRPBUSD","timestamp":"2022-03-07T23:20:48.144Z"}
{"assetPair":"XRPBUSD","data":{"price":"0.72470000","symbol":"XRPBUSD"},"level":"info","message":"Latest price","service":"api-8c7c17d-binance-XRPBUSD","timestamp":"2022-03-07T23:23:48.235Z"}
{"assetPair":"XRPBUSD","data":{"price":"0.72510000","symbol":"XRPBUSD"},"level":"info","message":"Latest price","service":"api-8c7c17d-binance-XRPBUSD","timestamp":"2022-03-07T23:26:48.376Z"}
{"assetPair":"XRPBUSD","data":{"price":"0.72690000","symbol":"XRPBUSD"},"level":"info","message":"Latest price","service":"api-8c7c17d-binance-XRPBUSD","timestamp":"2022-03-07T23:29:48.505Z"}
{"assetPair":"XRPBUSD","data":{"price":"0.73010000","symbol":"XRPBUSD"},"level":"info","message":"Latest price","service":"api-8c7c17d-binance-XRPBUSD","timestamp":"2022-03-07T23:32:48.642Z"}
{"assetPair":"XRPBUSD","data":{"price":"0.72670000","symbol":"XRPBUSD"},"level":"info","message":"Latest price","service":"api-8c7c17d-binance-XRPBUSD","timestamp":"2022-03-07T23:35:48.763Z"}
{"balance":{"asset":"XRP","free":"34.27800000","locked":"0.00000000"},"level":"info","message":"Binance balance","service":"api-8c7c17d-binance-XRPBUSD","timestamp":"2022-03-07T23:35:48.796Z"}
{"correctedPrice":"0.7267","correctedQty":"34","forAsset":"BUSD","level":"info","message":"Initiating SELL","price":"0.72670000","quantity":"34.27800000","sellAsset":"XRP","service":"api-8c7c17d-binance-XRPBUSD","timestamp":"2022-03-07T23:35:48.797Z"}
{"data":{"clientOrderId":"cnaETgCuFCxmHYYqarNW9M","cummulativeQuoteQty":"0.00000000","executedQty":"0.00000000","fills":[],"orderId":738521290,"orderListId":-1,"origQty":"34.00000000","price":"0.72670000","side":"SELL","status":"NEW","symbol":"XRPBUSD","timeInForce":"GTC","transactTime":1646696148824,"type":"LIMIT"},"level":"info","message":"SELL success","service":"api-8c7c17d-binance-XRPBUSD","timestamp":"2022-03-07T23:35:48.829Z"}
{"level":"info","message":"Checking order status","origClientOrderId":"cnaETgCuFCxmHYYqarNW9M","service":"api-8c7c17d-binance-XRPBUSD","symbol":"XRPBUSD","timestamp":"2022-03-07T23:38:48.934Z"}
{"data":{"clientOrderId":"cnaETgCuFCxmHYYqarNW9M","cummulativeQuoteQty":"24.70780000","executedQty":"34.00000000","icebergQty":"0.00000000","isWorking":true,"orderId":738521290,"orderListId":-1,"origQty":"34.00000000","origQuoteOrderQty":"0.00000000","price":"0.72670000","side":"SELL","status":"FILLED","stopPrice":"0.00000000","symbol":"XRPBUSD","time":1646696148824,"timeInForce":"GTC","type":"LIMIT","updateTime":1646696157337},"level":"info","message":"Order status","service":"api-8c7c17d-binance-XRPBUSD","timestamp":"2022-03-07T23:38:48.987Z"}
{"assetPair":"XRPBUSD","data":{"price":"0.72690000","symbol":"XRPBUSD"},"level":"info","message":"Latest price","service":"api-8c7c17d-binance-XRPBUSD","timestamp":"2022-03-07T23:38:49.031Z"}
{"assetPair":"XRPBUSD","data":{"price":"0.72610000","symbol":"XRPBUSD"},"level":"info","message":"Latest price","service":"api-8c7c17d-binance-XRPBUSD","timestamp":"2022-03-07T23:41:49.065Z"}
{"assetPair":"XRPBUSD","data":{"price":"0.72690000","symbol":"XRPBUSD"},"level":"info","message":"Latest price","service":"api-8c7c17d-binance-XRPBUSD","timestamp":"2022-03-07T23:44:49.193Z"}
{"assetPair":"XRPBUSD","data":{"price":"0.72190000","symbol":"XRPBUSD"},"level":"info","message":"Latest price","service":"api-8c7c17d-binance-XRPBUSD","timestamp":"2022-03-07T23:47:49.319Z"}
{"assetPair":"XRPBUSD","data":{"price":"0.72270000","symbol":"XRPBUSD"},"level":"info","message":"Latest price","service":"api-8c7c17d-binance-XRPBUSD","timestamp":"2022-03-07T23:50:49.445Z"}
{"assetPair":"XRPBUSD","data":{"price":"0.72250000","symbol":"XRPBUSD"},"level":"info","message":"Latest price","service":"api-8c7c17d-binance-XRPBUSD","timestamp":"2022-03-07T23:53:49.602Z"}
{"assetPair":"XRPBUSD","data":{"price":"0.72330000","symbol":"XRPBUSD"},"level":"info","message":"Latest price","service":"api-8c7c17d-binance-XRPBUSD","timestamp":"2022-03-07T23:56:49.627Z"}
{"assetPair":"XRPBUSD","data":{"price":"0.72000000","symbol":"XRPBUSD"},"level":"info","message":"Latest price","service":"api-8c7c17d-binance-XRPBUSD","timestamp":"2022-03-07T23:59:49.748Z"}
{"assetPair":"XRPBUSD","data":{"price":"0.71720000","symbol":"XRPBUSD"},"level":"info","message":"Latest price","service":"api-8c7c17d-binance-XRPBUSD","timestamp":"2022-03-08T00:02:49.829Z"}
{"assetPair":"XRPBUSD","data":{"price":"0.72010000","symbol":"XRPBUSD"},"level":"info","message":"Latest price","service":"api-8c7c17d-binance-XRPBUSD","timestamp":"2022-03-08T00:05:49.985Z"}
{"assetPair":"XRPBUSD","data":{"price":"0.72350000","symbol":"XRPBUSD"},"level":"info","message":"Latest price","service":"api-8c7c17d-binance-XRPBUSD","timestamp":"2022-03-08T00:08:50.021Z"}
{"balance":{"asset":"BUSD","free":"34.41233974","locked":"0.00000000"},"level":"info","message":"Binance balance","service":"api-8c7c17d-binance-XRPBUSD","timestamp":"2022-03-08T00:08:50.043Z"}
{"buyAsset":"XRP","correctedPrice":"0.7235","correctedQty":"34","level":"info","message":"Initiating BUY","price":"0.7235","quantity":"34.20870767104353835522","service":"api-8c7c17d-binance-XRPBUSD","timestamp":"2022-03-08T00:08:50.043Z","withAsset":"BUSD"}
{"data":{"clientOrderId":"q51kK0tgAC7mx6SBctZaOQ","cummulativeQuoteQty":"0.00000000","executedQty":"0.00000000","fills":[],"orderId":738542929,"orderListId":-1,"origQty":"34.00000000","price":"0.72350000","side":"BUY","status":"NEW","symbol":"XRPBUSD","timeInForce":"GTC","transactTime":1646698130070,"type":"LIMIT"},"level":"info","message":"BUY success","service":"api-8c7c17d-binance-XRPBUSD","timestamp":"2022-03-08T00:08:50.073Z"}
{"level":"info","message":"Checking order status","origClientOrderId":"q51kK0tgAC7mx6SBctZaOQ","service":"api-8c7c17d-binance-XRPBUSD","symbol":"XRPBUSD","timestamp":"2022-03-08T00:11:50.119Z"}
{"data":{"clientOrderId":"q51kK0tgAC7mx6SBctZaOQ","cummulativeQuoteQty":"24.59900000","executedQty":"34.00000000","icebergQty":"0.00000000","isWorking":true,"orderId":738542929,"orderListId":-1,"origQty":"34.00000000","origQuoteOrderQty":"0.00000000","price":"0.72350000","side":"BUY","status":"FILLED","stopPrice":"0.00000000","symbol":"XRPBUSD","time":1646698130070,"timeInForce":"GTC","type":"LIMIT","updateTime":1646698139212},"level":"info","message":"Order status","service":"api-8c7c17d-binance-XRPBUSD","timestamp":"2022-03-08T00:11:50.153Z"}
{"assetPair":"XRPBUSD","data":{"price":"0.71840000","symbol":"XRPBUSD"},"level":"info","message":"Latest price","service":"api-8c7c17d-binance-XRPBUSD","timestamp":"2022-03-08T00:11:50.183Z"}
{"assetPair":"XRPBUSD","data":{"price":"0.72210000","symbol":"XRPBUSD"},"level":"info","message":"Latest price","service":"api-8c7c17d-binance-XRPBUSD","timestamp":"2022-03-08T00:14:50.348Z"}
{"assetPair":"XRPBUSD","data":{"price":"0.72380000","symbol":"XRPBUSD"},"level":"info","message":"Latest price","service":"api-8c7c17d-binance-XRPBUSD","timestamp":"2022-03-08T00:17:50.505Z"}
{"assetPair":"XRPBUSD","data":{"price":"0.72300000","symbol":"XRPBUSD"},"level":"info","message":"Latest price","service":"api-8c7c17d-binance-XRPBUSD","timestamp":"2022-03-08T00:20:50.595Z"}
{"assetPair":"XRPBUSD","data":{"price":"0.72340000","symbol":"XRPBUSD"},"level":"info","message":"Latest price","service":"api-8c7c17d-binance-XRPBUSD","timestamp":"2022-03-08T00:23:50.652Z"}
{"assetPair":"XRPBUSD","data":{"price":"0.72380000","symbol":"XRPBUSD"},"level":"info","message":"Latest price","service":"api-8c7c17d-binance-XRPBUSD","timestamp":"2022-03-08T00:26:50.770Z"}
{"assetPair":"XRPBUSD","data":{"price":"0.72290000","symbol":"XRPBUSD"},"level":"info","message":"Latest price","service":"api-8c7c17d-binance-XRPBUSD","timestamp":"2022-03-08T00:29:50.917Z"}
{"assetPair":"XRPBUSD","data":{"price":"0.72440000","symbol":"XRPBUSD"},"level":"info","message":"Latest price","service":"api-8c7c17d-binance-XRPBUSD","timestamp":"2022-03-08T00:32:50.998Z"}
{"assetPair":"XRPBUSD","data":{"price":"0.72500000","symbol":"XRPBUSD"},"level":"info","message":"Latest price","service":"api-8c7c17d-binance-XRPBUSD","timestamp":"2022-03-08T00:35:51.091Z"}
{"assetPair":"XRPBUSD","data":{"price":"0.72410000","symbol":"XRPBUSD"},"level":"info","message":"Latest price","service":"api-8c7c17d-binance-XRPBUSD","timestamp":"2022-03-08T00:38:51.137Z"}
{"assetPair":"XRPBUSD","data":{"price":"0.72460000","symbol":"XRPBUSD"},"level":"info","message":"Latest price","service":"api-8c7c17d-binance-XRPBUSD","timestamp":"2022-03-08T00:41:51.270Z"}
{"assetPair":"XRPBUSD","data":{"price":"0.72400000","symbol":"XRPBUSD"},"level":"info","message":"Latest price","service":"api-8c7c17d-binance-XRPBUSD","timestamp":"2022-03-08T00:44:51.449Z"}
{"assetPair":"XRPBUSD","data":{"price":"0.72600000","symbol":"XRPBUSD"},"level":"info","message":"Latest price","service":"api-8c7c17d-binance-XRPBUSD","timestamp":"2022-03-08T00:47:51.557Z"}
{"assetPair":"XRPBUSD","data":{"price":"0.72650000","symbol":"XRPBUSD"},"level":"info","message":"Latest price","service":"api-8c7c17d-binance-XRPBUSD","timestamp":"2022-03-08T00:50:51.685Z"}
{"assetPair":"XRPBUSD","data":{"price":"0.72660000","symbol":"XRPBUSD"},"level":"info","message":"Latest price","service":"api-8c7c17d-binance-XRPBUSD","timestamp":"2022-03-08T00:53:52.040Z"}
{"assetPair":"XRPBUSD","data":{"price":"0.72530000","symbol":"XRPBUSD"},"level":"info","message":"Latest price","service":"api-8c7c17d-binance-XRPBUSD","timestamp":"2022-03-08T00:56:52.158Z"}
{"assetPair":"XRPBUSD","data":{"price":"0.72310000","symbol":"XRPBUSD"},"level":"info","message":"Latest price","service":"api-8c7c17d-binance-XRPBUSD","timestamp":"2022-03-08T00:59:52.304Z"}
{"assetPair":"XRPBUSD","data":{"price":"0.72240000","symbol":"XRPBUSD"},"level":"info","message":"Latest price","service":"api-8c7c17d-binance-XRPBUSD","timestamp":"2022-03-08T01:02:52.402Z"}
{"assetPair":"XRPBUSD","data":{"price":"0.72090000","symbol":"XRPBUSD"},"level":"info","message":"Latest price","service":"api-8c7c17d-binance-XRPBUSD","timestamp":"2022-03-08T01:05:52.429Z"}
{"assetPair":"XRPBUSD","data":{"price":"0.72100000","symbol":"XRPBUSD"},"level":"info","message":"Latest price","service":"api-8c7c17d-binance-XRPBUSD","timestamp":"2022-03-08T01:08:52.461Z"}
{"assetPair":"XRPBUSD","data":{"price":"0.72530000","symbol":"XRPBUSD"},"level":"info","message":"Latest price","service":"api-8c7c17d-binance-XRPBUSD","timestamp":"2022-03-08T01:11:52.615Z"}
{"assetPair":"XRPBUSD","data":{"price":"0.72520000","symbol":"XRPBUSD"},"level":"info","message":"Latest price","service":"api-8c7c17d-binance-XRPBUSD","timestamp":"2022-03-08T01:14:52.741Z"}
{"assetPair":"XRPBUSD","data":{"price":"0.72470000","symbol":"XRPBUSD"},"level":"info","message":"Latest price","service":"api-8c7c17d-binance-XRPBUSD","timestamp":"2022-03-08T01:17:52.869Z"}
{"assetPair":"XRPBUSD","data":{"price":"0.72400000","symbol":"XRPBUSD"},"level":"info","message":"Latest price","service":"api-8c7c17d-binance-XRPBUSD","timestamp":"2022-03-08T01:20:52.996Z"}
{"assetPair":"XRPBUSD","data":{"price":"0.72380000","symbol":"XRPBUSD"},"level":"info","message":"Latest price","service":"api-8c7c17d-binance-XRPBUSD","timestamp":"2022-03-08T01:23:53.141Z"}
{"assetPair":"XRPBUSD","data":{"price":"0.72530000","symbol":"XRPBUSD"},"level":"info","message":"Latest price","service":"api-8c7c17d-binance-XRPBUSD","timestamp":"2022-03-08T01:26:53.241Z"}
{"assetPair":"XRPBUSD","data":{"price":"0.72480000","symbol":"XRPBUSD"},"level":"info","message":"Latest price","service":"api-8c7c17d-binance-XRPBUSD","timestamp":"2022-03-08T01:29:53.333Z"}
{"assetPair":"XRPBUSD","data":{"price":"0.72470000","symbol":"XRPBUSD"},"level":"info","message":"Latest price","service":"api-8c7c17d-binance-XRPBUSD","timestamp":"2022-03-08T01:32:53.469Z"}
{"assetPair":"XRPBUSD","data":{"price":"0.72460000","symbol":"XRPBUSD"},"level":"info","message":"Latest price","service":"api-8c7c17d-binance-XRPBUSD","timestamp":"2022-03-08T01:35:53.602Z"}
{"assetPair":"XRPBUSD","data":{"price":"0.72220000","symbol":"XRPBUSD"},"level":"info","message":"Latest price","service":"api-8c7c17d-binance-XRPBUSD","timestamp":"2022-03-08T01:38:53.699Z"}
{"assetPair":"XRPBUSD","data":{"price":"0.72170000","symbol":"XRPBUSD"},"level":"info","message":"Latest price","service":"api-8c7c17d-binance-XRPBUSD","timestamp":"2022-03-08T01:41:53.851Z"}
{"assetPair":"XRPBUSD","data":{"price":"0.72280000","symbol":"XRPBUSD"},"level":"info","message":"Latest price","service":"api-8c7c17d-binance-XRPBUSD","timestamp":"2022-03-08T01:44:53.998Z"}
{"assetPair":"XRPBUSD","data":{"price":"0.72330000","symbol":"XRPBUSD"},"level":"info","message":"Latest price","service":"api-8c7c17d-binance-XRPBUSD","timestamp":"2022-03-08T01:47:54.097Z"}
{"assetPair":"XRPBUSD","data":{"price":"0.72450000","symbol":"XRPBUSD"},"level":"info","message":"Latest price","service":"api-8c7c17d-binance-XRPBUSD","timestamp":"2022-03-08T01:50:54.218Z"}
{"assetPair":"XRPBUSD","data":{"price":"0.72400000","symbol":"XRPBUSD"},"level":"info","message":"Latest price","service":"api-8c7c17d-binance-XRPBUSD","timestamp":"2022-03-08T01:53:54.296Z"}
{"assetPair":"XRPBUSD","data":{"price":"0.72510000","symbol":"XRPBUSD"},"level":"info","message":"Latest price","service":"api-8c7c17d-binance-XRPBUSD","timestamp":"2022-03-08T01:56:54.430Z"}
{"assetPair":"XRPBUSD","data":{"price":"0.72330000","symbol":"XRPBUSD"},"level":"info","message":"Latest price","service":"api-8c7c17d-binance-XRPBUSD","timestamp":"2022-03-08T01:59:54.569Z"}
{"assetPair":"XRPBUSD","data":{"price":"0.72350000","symbol":"XRPBUSD"},"level":"info","message":"Latest price","service":"api-8c7c17d-binance-XRPBUSD","timestamp":"2022-03-08T02:02:54.689Z"}
{"assetPair":"XRPBUSD","data":{"price":"0.72230000","symbol":"XRPBUSD"},"level":"info","message":"Latest price","service":"api-8c7c17d-binance-XRPBUSD","timestamp":"2022-03-08T02:05:54.738Z"}
{"assetPair":"XRPBUSD","data":{"price":"0.72090000","symbol":"XRPBUSD"},"level":"info","message":"Latest price","service":"api-8c7c17d-binance-XRPBUSD","timestamp":"2022-03-08T02:08:54.883Z"}
{"assetPair":"XRPBUSD","data":{"price":"0.72300000","symbol":"XRPBUSD"},"level":"info","message":"Latest price","service":"api-8c7c17d-binance-XRPBUSD","timestamp":"2022-03-08T02:11:55.070Z"}
{"assetPair":"XRPBUSD","data":{"price":"0.72420000","symbol":"XRPBUSD"},"level":"info","message":"Latest price","service":"api-8c7c17d-binance-XRPBUSD","timestamp":"2022-03-08T02:14:55.142Z"}
{"assetPair":"XRPBUSD","data":{"price":"0.72540000","symbol":"XRPBUSD"},"level":"info","message":"Latest price","service":"api-8c7c17d-binance-XRPBUSD","timestamp":"2022-03-08T02:17:55.277Z"}
{"assetPair":"XRPBUSD","data":{"price":"0.72490000","symbol":"XRPBUSD"},"level":"info","message":"Latest price","service":"api-8c7c17d-binance-XRPBUSD","timestamp":"2022-03-08T02:20:55.406Z"}
{"assetPair":"XRPBUSD","data":{"price":"0.72400000","symbol":"XRPBUSD"},"level":"info","message":"Latest price","service":"api-8c7c17d-binance-XRPBUSD","timestamp":"2022-03-08T02:23:55.593Z"}
{"assetPair":"XRPBUSD","data":{"price":"0.72310000","symbol":"XRPBUSD"},"level":"info","message":"Latest price","service":"api-8c7c17d-binance-XRPBUSD","timestamp":"2022-03-08T02:26:55.718Z"}
{"assetPair":"XRPBUSD","data":{"price":"0.72400000","symbol":"XRPBUSD"},"level":"info","message":"Latest price","service":"api-8c7c17d-binance-XRPBUSD","timestamp":"2022-03-08T02:29:55.879Z"}
{"assetPair":"XRPBUSD","data":{"price":"0.72330000","symbol":"XRPBUSD"},"level":"info","message":"Latest price","service":"api-8c7c17d-binance-XRPBUSD","timestamp":"2022-03-08T02:32:56.004Z"}
{"assetPair":"XRPBUSD","data":{"price":"0.72310000","symbol":"XRPBUSD"},"level":"info","message":"Latest price","service":"api-8c7c17d-binance-XRPBUSD","timestamp":"2022-03-08T02:35:56.124Z"}
{"assetPair":"XRPBUSD","data":{"price":"0.72110000","symbol":"XRPBUSD"},"level":"info","message":"Latest price","service":"api-8c7c17d-binance-XRPBUSD","timestamp":"2022-03-08T02:38:56.254Z"}
{"assetPair":"XRPBUSD","data":{"price":"0.72330000","symbol":"XRPBUSD"},"level":"info","message":"Latest price","service":"api-8c7c17d-binance-XRPBUSD","timestamp":"2022-03-08T02:41:56.383Z"}
{"assetPair":"XRPBUSD","data":{"price":"0.72860000","symbol":"XRPBUSD"},"level":"info","message":"Latest price","service":"api-8c7c17d-binance-XRPBUSD","timestamp":"2022-03-08T02:44:56.538Z"}
{"assetPair":"XRPBUSD","data":{"price":"0.73000000","symbol":"XRPBUSD"},"level":"info","message":"Latest price","service":"api-8c7c17d-binance-XRPBUSD","timestamp":"2022-03-08T02:47:56.635Z"}
{"assetPair":"XRPBUSD","data":{"price":"0.72830000","symbol":"XRPBUSD"},"level":"info","message":"Latest price","service":"api-8c7c17d-binance-XRPBUSD","timestamp":"2022-03-08T02:50:56.790Z"}
{"assetPair":"XRPBUSD","data":{"price":"0.72670000","symbol":"XRPBUSD"},"level":"info","message":"Latest price","service":"api-8c7c17d-binance-XRPBUSD","timestamp":"2022-03-08T02:53:56.939Z"}
{"assetPair":"XRPBUSD","data":{"price":"0.72640000","symbol":"XRPBUSD"},"level":"info","message":"Latest price","service":"api-8c7c17d-binance-XRPBUSD","timestamp":"2022-03-08T02:56:57.056Z"}
{"assetPair":"XRPBUSD","data":{"price":"0.72550000","symbol":"XRPBUSD"},"level":"info","message":"Latest price","service":"api-8c7c17d-binance-XRPBUSD","timestamp":"2022-03-08T02:59:57.155Z"}
{"assetPair":"XRPBUSD","data":{"price":"0.72560000","symbol":"XRPBUSD"},"level":"info","message":"Latest price","service":"api-8c7c17d-binance-XRPBUSD","timestamp":"2022-03-08T03:02:57.285Z"}
{"assetPair":"XRPBUSD","data":{"price":"0.72700000","symbol":"XRPBUSD"},"level":"info","message":"Latest price","service":"api-8c7c17d-binance-XRPBUSD","timestamp":"2022-03-08T03:05:57.392Z"}
{"assetPair":"XRPBUSD","data":{"price":"0.72650000","symbol":"XRPBUSD"},"level":"info","message":"Latest price","service":"api-8c7c17d-binance-XRPBUSD","timestamp":"2022-03-08T03:08:57.511Z"}
{"assetPair":"XRPBUSD","data":{"price":"0.72610000","symbol":"XRPBUSD"},"level":"info","message":"Latest price","service":"api-8c7c17d-binance-XRPBUSD","timestamp":"2022-03-08T03:11:57.638Z"}
{"assetPair":"XRPBUSD","data":{"price":"0.72610000","symbol":"XRPBUSD"},"level":"info","message":"Latest price","service":"api-8c7c17d-binance-XRPBUSD","timestamp":"2022-03-08T03:14:57.786Z"}
{"assetPair":"XRPBUSD","data":{"price":"0.72710000","symbol":"XRPBUSD"},"level":"info","message":"Latest price","service":"api-8c7c17d-binance-XRPBUSD","timestamp":"2022-03-08T03:17:57.856Z"}
{"assetPair":"XRPBUSD","data":{"price":"0.72480000","symbol":"XRPBUSD"},"level":"info","message":"Latest price","service":"api-8c7c17d-binance-XRPBUSD","timestamp":"2022-03-08T03:20:57.995Z"}
{"assetPair":"XRPBUSD","data":{"price":"0.72520000","symbol":"XRPBUSD"},"level":"info","message":"Latest price","service":"api-8c7c17d-binance-XRPBUSD","timestamp":"2022-03-08T03:23:58.134Z"}
{"assetPair":"XRPBUSD","data":{"price":"0.72590000","symbol":"XRPBUSD"},"level":"info","message":"Latest price","service":"api-8c7c17d-binance-XRPBUSD","timestamp":"2022-03-08T03:26:58.181Z"}
{"assetPair":"XRPBUSD","data":{"price":"0.72650000","symbol":"XRPBUSD"},"level":"info","message":"Latest price","service":"api-8c7c17d-binance-XRPBUSD","timestamp":"2022-03-08T03:29:58.308Z"}
{"assetPair":"XRPBUSD","data":{"price":"0.72680000","symbol":"XRPBUSD"},"level":"info","message":"Latest price","service":"api-8c7c17d-binance-XRPBUSD","timestamp":"2022-03-08T03:32:58.486Z"}
{"assetPair":"XRPBUSD","data":{"price":"0.72650000","symbol":"XRPBUSD"},"level":"info","message":"Latest price","service":"api-8c7c17d-binance-XRPBUSD","timestamp":"2022-03-08T03:35:58.623Z"}
{"assetPair":"XRPBUSD","data":{"price":"0.72550000","symbol":"XRPBUSD"},"level":"info","message":"Latest price","service":"api-8c7c17d-binance-XRPBUSD","timestamp":"2022-03-08T03:38:58.699Z"}
{"assetPair":"XRPBUSD","data":{"price":"0.72530000","symbol":"XRPBUSD"},"level":"info","message":"Latest price","service":"api-8c7c17d-binance-XRPBUSD","timestamp":"2022-03-08T03:41:58.784Z"}
{"assetPair":"XRPBUSD","data":{"price":"0.72610000","symbol":"XRPBUSD"},"level":"info","message":"Latest price","service":"api-8c7c17d-binance-XRPBUSD","timestamp":"2022-03-08T03:44:58.907Z"}
{"assetPair":"XRPBUSD","data":{"price":"0.72660000","symbol":"XRPBUSD"},"level":"info","message":"Latest price","service":"api-8c7c17d-binance-XRPBUSD","timestamp":"2022-03-08T03:47:59.022Z"}
{"assetPair":"XRPBUSD","data":{"price":"0.72740000","symbol":"XRPBUSD"},"level":"info","message":"Latest price","service":"api-8c7c17d-binance-XRPBUSD","timestamp":"2022-03-08T03:50:59.138Z"}
{"assetPair":"XRPBUSD","data":{"price":"0.72760000","symbol":"XRPBUSD"},"level":"info","message":"Latest price","service":"api-8c7c17d-binance-XRPBUSD","timestamp":"2022-03-08T03:53:59.265Z"}
{"assetPair":"XRPBUSD","data":{"price":"0.72800000","symbol":"XRPBUSD"},"level":"info","message":"Latest price","service":"api-8c7c17d-binance-XRPBUSD","timestamp":"2022-03-08T03:56:59.390Z"}
{"assetPair":"XRPBUSD","data":{"price":"0.72840000","symbol":"XRPBUSD"},"level":"info","message":"Latest price","service":"api-8c7c17d-binance-XRPBUSD","timestamp":"2022-03-08T03:59:59.483Z"}
{"assetPair":"XRPBUSD","data":{"price":"0.72820000","symbol":"XRPBUSD"},"level":"info","message":"Latest price","service":"api-8c7c17d-binance-XRPBUSD","timestamp":"2022-03-08T04:02:59.604Z"}
{"assetPair":"XRPBUSD","data":{"price":"0.72840000","symbol":"XRPBUSD"},"level":"info","message":"Latest price","service":"api-8c7c17d-binance-XRPBUSD","timestamp":"2022-03-08T04:05:59.681Z"}
{"assetPair":"XRPBUSD","data":{"price":"0.72850000","symbol":"XRPBUSD"},"level":"info","message":"Latest price","service":"api-8c7c17d-binance-XRPBUSD","timestamp":"2022-03-08T04:08:59.778Z"}
{"assetPair":"XRPBUSD","data":{"price":"0.72790000","symbol":"XRPBUSD"},"level":"info","message":"Latest price","service":"api-8c7c17d-binance-XRPBUSD","timestamp":"2022-03-08T04:11:59.920Z"}
{"assetPair":"XRPBUSD","data":{"price":"0.72860000","symbol":"XRPBUSD"},"level":"info","message":"Latest price","service":"api-8c7c17d-binance-XRPBUSD","timestamp":"2022-03-08T04:15:00.060Z"}
{"assetPair":"XRPBUSD","data":{"price":"0.72820000","symbol":"XRPBUSD"},"level":"info","message":"Latest price","service":"api-8c7c17d-binance-XRPBUSD","timestamp":"2022-03-08T04:18:00.147Z"}
{"assetPair":"XRPBUSD","data":{"price":"0.72800000","symbol":"XRPBUSD"},"level":"info","message":"Latest price","service":"api-8c7c17d-binance-XRPBUSD","timestamp":"2022-03-08T04:21:00.286Z"}
{"assetPair":"XRPBUSD","data":{"price":"0.72710000","symbol":"XRPBUSD"},"level":"info","message":"Latest price","service":"api-8c7c17d-binance-XRPBUSD","timestamp":"2022-03-08T04:24:00.425Z"}
{"assetPair":"XRPBUSD","data":{"price":"0.72660000","symbol":"XRPBUSD"},"level":"info","message":"Latest price","service":"api-8c7c17d-binance-XRPBUSD","timestamp":"2022-03-08T04:27:00.570Z"}
{"assetPair":"XRPBUSD","data":{"price":"0.72520000","symbol":"XRPBUSD"},"level":"info","message":"Latest price","service":"api-8c7c17d-binance-XRPBUSD","timestamp":"2022-03-08T04:30:00.721Z"}
{"assetPair":"XRPBUSD","data":{"price":"0.72630000","symbol":"XRPBUSD"},"level":"info","message":"Latest price","service":"api-8c7c17d-binance-XRPBUSD","timestamp":"2022-03-08T04:33:00.762Z"}
{"assetPair":"XRPBUSD","data":{"price":"0.72630000","symbol":"XRPBUSD"},"level":"info","message":"Latest price","service":"api-8c7c17d-binance-XRPBUSD","timestamp":"2022-03-08T04:36:00.857Z"}
{"assetPair":"XRPBUSD","data":{"price":"0.72710000","symbol":"XRPBUSD"},"level":"info","message":"Latest price","service":"api-8c7c17d-binance-XRPBUSD","timestamp":"2022-03-08T04:39:00.994Z"}
{"assetPair":"XRPBUSD","data":{"price":"0.72730000","symbol":"XRPBUSD"},"level":"info","message":"Latest price","service":"api-8c7c17d-binance-XRPBUSD","timestamp":"2022-03-08T04:42:01.164Z"}
{"assetPair":"XRPBUSD","data":{"price":"0.72740000","symbol":"XRPBUSD"},"level":"info","message":"Latest price","service":"api-8c7c17d-binance-XRPBUSD","timestamp":"2022-03-08T04:45:01.228Z"}
{"assetPair":"XRPBUSD","data":{"price":"0.72700000","symbol":"XRPBUSD"},"level":"info","message":"Latest price","service":"api-8c7c17d-binance-XRPBUSD","timestamp":"2022-03-08T04:48:01.334Z"}
{"assetPair":"XRPBUSD","data":{"price":"0.72620000","symbol":"XRPBUSD"},"level":"info","message":"Latest price","service":"api-8c7c17d-binance-XRPBUSD","timestamp":"2022-03-08T04:51:01.487Z"}
{"assetPair":"XRPBUSD","data":{"price":"0.72670000","symbol":"XRPBUSD"},"level":"info","message":"Latest price","service":"api-8c7c17d-binance-XRPBUSD","timestamp":"2022-03-08T04:54:01.601Z"}
{"assetPair":"XRPBUSD","data":{"price":"0.72640000","symbol":"XRPBUSD"},"level":"info","message":"Latest price","service":"api-8c7c17d-binance-XRPBUSD","timestamp":"2022-03-08T04:57:01.647Z"}
{"assetPair":"XRPBUSD","data":{"price":"0.72640000","symbol":"XRPBUSD"},"level":"info","message":"Latest price","service":"api-8c7c17d-binance-XRPBUSD","timestamp":"2022-03-08T05:00:01.790Z"}
{"assetPair":"XRPBUSD","data":{"price":"0.72690000","symbol":"XRPBUSD"},"level":"info","message":"Latest price","service":"api-8c7c17d-binance-XRPBUSD","timestamp":"2022-03-08T05:03:01.916Z"}
{"assetPair":"XRPBUSD","data":{"price":"0.72710000","symbol":"XRPBUSD"},"level":"info","message":"Latest price","service":"api-8c7c17d-binance-XRPBUSD","timestamp":"2022-03-08T05:06:02.057Z"}
{"assetPair":"XRPBUSD","data":{"price":"0.72510000","symbol":"XRPBUSD"},"level":"info","message":"Latest price","service":"api-8c7c17d-binance-XRPBUSD","timestamp":"2022-03-08T05:09:02.119Z"}
{"assetPair":"XRPBUSD","data":{"price":"0.72370000","symbol":"XRPBUSD"},"level":"info","message":"Latest price","service":"api-8c7c17d-binance-XRPBUSD","timestamp":"2022-03-08T05:12:02.254Z"}
{"assetPair":"XRPBUSD","data":{"price":"0.72340000","symbol":"XRPBUSD"},"level":"info","message":"Latest price","service":"api-8c7c17d-binance-XRPBUSD","timestamp":"2022-03-08T05:15:02.395Z"}
{"assetPair":"XRPBUSD","data":{"price":"0.72420000","symbol":"XRPBUSD"},"level":"info","message":"Latest price","service":"api-8c7c17d-binance-XRPBUSD","timestamp":"2022-03-08T05:18:02.491Z"}
{"assetPair":"XRPBUSD","data":{"price":"0.72240000","symbol":"XRPBUSD"},"level":"info","message":"Latest price","service":"api-8c7c17d-binance-XRPBUSD","timestamp":"2022-03-08T05:21:02.630Z"}
{"assetPair":"XRPBUSD","data":{"price":"0.72340000","symbol":"XRPBUSD"},"level":"info","message":"Latest price","service":"api-8c7c17d-binance-XRPBUSD","timestamp":"2022-03-08T05:24:02.764Z"}
{"assetPair":"XRPBUSD","data":{"price":"0.72360000","symbol":"XRPBUSD"},"level":"info","message":"Latest price","service":"api-8c7c17d-binance-XRPBUSD","timestamp":"2022-03-08T05:27:02.891Z"}
{"assetPair":"XRPBUSD","data":{"price":"0.72180000","symbol":"XRPBUSD"},"level":"info","message":"Latest price","service":"api-8c7c17d-binance-XRPBUSD","timestamp":"2022-03-08T05:30:02.994Z"}
{"assetPair":"XRPBUSD","data":{"price":"0.72170000","symbol":"XRPBUSD"},"level":"info","message":"Latest price","service":"api-8c7c17d-binance-XRPBUSD","timestamp":"2022-03-08T05:33:03.130Z"}
{"assetPair":"XRPBUSD","data":{"price":"0.72200000","symbol":"XRPBUSD"},"level":"info","message":"Latest price","service":"api-8c7c17d-binance-XRPBUSD","timestamp":"2022-03-08T05:36:03.227Z"}
{"assetPair":"XRPBUSD","data":{"price":"0.72170000","symbol":"XRPBUSD"},"level":"info","message":"Latest price","service":"api-8c7c17d-binance-XRPBUSD","timestamp":"2022-03-08T05:39:03.361Z"}
{"assetPair":"XRPBUSD","data":{"price":"0.72250000","symbol":"XRPBUSD"},"level":"info","message":"Latest price","service":"api-8c7c17d-binance-XRPBUSD","timestamp":"2022-03-08T05:42:03.428Z"}
{"assetPair":"XRPBUSD","data":{"price":"0.72200000","symbol":"XRPBUSD"},"level":"info","message":"Latest price","service":"api-8c7c17d-binance-XRPBUSD","timestamp":"2022-03-08T05:45:03.548Z"}
{"assetPair":"XRPBUSD","data":{"price":"0.72180000","symbol":"XRPBUSD"},"level":"info","message":"Latest price","service":"api-8c7c17d-binance-XRPBUSD","timestamp":"2022-03-08T05:48:03.660Z"}
{"assetPair":"XRPBUSD","data":{"price":"0.72080000","symbol":"XRPBUSD"},"level":"info","message":"Latest price","service":"api-8c7c17d-binance-XRPBUSD","timestamp":"2022-03-08T05:51:03.806Z"}
{"assetPair":"XRPBUSD","data":{"price":"0.72180000","symbol":"XRPBUSD"},"level":"info","message":"Latest price","service":"api-8c7c17d-binance-XRPBUSD","timestamp":"2022-03-08T05:54:03.949Z"}
{"assetPair":"XRPBUSD","data":{"price":"0.72200000","symbol":"XRPBUSD"},"level":"info","message":"Latest price","service":"api-8c7c17d-binance-XRPBUSD","timestamp":"2022-03-08T05:57:04.076Z"}
{"assetPair":"XRPBUSD","data":{"price":"0.72180000","symbol":"XRPBUSD"},"level":"info","message":"Latest price","service":"api-8c7c17d-binance-XRPBUSD","timestamp":"2022-03-08T06:00:04.180Z"}
{"assetPair":"XRPBUSD","data":{"price":"0.72230000","symbol":"XRPBUSD"},"level":"info","message":"Latest price","service":"api-8c7c17d-binance-XRPBUSD","timestamp":"2022-03-08T06:03:04.312Z"}
{"assetPair":"XRPBUSD","data":{"price":"0.72290000","symbol":"XRPBUSD"},"level":"info","message":"Latest price","service":"api-8c7c17d-binance-XRPBUSD","timestamp":"2022-03-08T06:06:04.449Z"}
{"assetPair":"XRPBUSD","data":{"price":"0.72280000","symbol":"XRPBUSD"},"level":"info","message":"Latest price","service":"api-8c7c17d-binance-XRPBUSD","timestamp":"2022-03-08T06:09:04.597Z"}
{"assetPair":"XRPBUSD","data":{"price":"0.72120000","symbol":"XRPBUSD"},"level":"info","message":"Latest price","service":"api-8c7c17d-binance-XRPBUSD","timestamp":"2022-03-08T06:12:04.665Z"}
{"assetPair":"XRPBUSD","data":{"price":"0.72110000","symbol":"XRPBUSD"},"level":"info","message":"Latest price","service":"api-8c7c17d-binance-XRPBUSD","timestamp":"2022-03-08T06:15:04.818Z"}
{"assetPair":"XRPBUSD","data":{"price":"0.72220000","symbol":"XRPBUSD"},"level":"info","message":"Latest price","service":"api-8c7c17d-binance-XRPBUSD","timestamp":"2022-03-08T06:18:04.942Z"}
{"assetPair":"XRPBUSD","data":{"price":"0.72140000","symbol":"XRPBUSD"},"level":"info","message":"Latest price","service":"api-8c7c17d-binance-XRPBUSD","timestamp":"2022-03-08T06:21:05.069Z"}
{"assetPair":"XRPBUSD","data":{"price":"0.71590000","symbol":"XRPBUSD"},"level":"info","message":"Latest price","service":"api-8c7c17d-binance-XRPBUSD","timestamp":"2022-03-08T06:24:05.141Z"}
{"assetPair":"XRPBUSD","data":{"price":"0.71450000","symbol":"XRPBUSD"},"level":"info","message":"Latest price","service":"api-8c7c17d-binance-XRPBUSD","timestamp":"2022-03-08T06:27:05.267Z"}
{"assetPair":"XRPBUSD","data":{"price":"0.71640000","symbol":"XRPBUSD"},"level":"info","message":"Latest price","service":"api-8c7c17d-binance-XRPBUSD","timestamp":"2022-03-08T06:30:05.397Z"}
{"assetPair":"XRPBUSD","data":{"price":"0.71610000","symbol":"XRPBUSD"},"level":"info","message":"Latest price","service":"api-8c7c17d-binance-XRPBUSD","timestamp":"2022-03-08T06:33:05.521Z"}
{"assetPair":"XRPBUSD","data":{"price":"0.71500000","symbol":"XRPBUSD"},"level":"info","message":"Latest price","service":"api-8c7c17d-binance-XRPBUSD","timestamp":"2022-03-08T06:36:05.557Z"}
{"assetPair":"XRPBUSD","data":{"price":"0.71560000","symbol":"XRPBUSD"},"level":"info","message":"Latest price","service":"api-8c7c17d-binance-XRPBUSD","timestamp":"2022-03-08T06:39:05.692Z"}
{"assetPair":"XRPBUSD","data":{"price":"0.71710000","symbol":"XRPBUSD"},"level":"info","message":"Latest price","service":"api-8c7c17d-binance-XRPBUSD","timestamp":"2022-03-08T06:42:05.844Z"}
{"assetPair":"XRPBUSD","data":{"price":"0.71660000","symbol":"XRPBUSD"},"level":"info","message":"Latest price","service":"api-8c7c17d-binance-XRPBUSD","timestamp":"2022-03-08T06:45:05.943Z"}
{"assetPair":"XRPBUSD","data":{"price":"0.71550000","symbol":"XRPBUSD"},"level":"info","message":"Latest price","service":"api-8c7c17d-binance-XRPBUSD","timestamp":"2022-03-08T06:48:06.064Z"}
{"assetPair":"XRPBUSD","data":{"price":"0.71690000","symbol":"XRPBUSD"},"level":"info","message":"Latest price","service":"api-8c7c17d-binance-XRPBUSD","timestamp":"2022-03-08T06:51:06.177Z"}
{"assetPair":"XRPBUSD","data":{"price":"0.71690000","symbol":"XRPBUSD"},"level":"info","message":"Latest price","service":"api-8c7c17d-binance-XRPBUSD","timestamp":"2022-03-08T06:54:06.305Z"}
{"assetPair":"XRPBUSD","data":{"price":"0.71870000","symbol":"XRPBUSD"},"level":"info","message":"Latest price","service":"api-8c7c17d-binance-XRPBUSD","timestamp":"2022-03-08T06:57:06.359Z"}
{"assetPair":"XRPBUSD","data":{"price":"0.71860000","symbol":"XRPBUSD"},"level":"info","message":"Latest price","service":"api-8c7c17d-binance-XRPBUSD","timestamp":"2022-03-08T07:00:06.484Z"}
{"assetPair":"XRPBUSD","data":{"price":"0.71900000","symbol":"XRPBUSD"},"level":"info","message":"Latest price","service":"api-8c7c17d-binance-XRPBUSD","timestamp":"2022-03-08T07:03:06.587Z"}
{"assetPair":"XRPBUSD","data":{"price":"0.71830000","symbol":"XRPBUSD"},"level":"info","message":"Latest price","service":"api-8c7c17d-binance-XRPBUSD","timestamp":"2022-03-08T07:06:06.717Z"}
{"assetPair":"XRPBUSD","data":{"price":"0.71850000","symbol":"XRPBUSD"},"level":"info","message":"Latest price","service":"api-8c7c17d-binance-XRPBUSD","timestamp":"2022-03-08T07:09:06.886Z"}
{"assetPair":"XRPBUSD","data":{"price":"0.71880000","symbol":"XRPBUSD"},"level":"info","message":"Latest price","service":"api-8c7c17d-binance-XRPBUSD","timestamp":"2022-03-08T07:12:07.014Z"}
{"assetPair":"XRPBUSD","data":{"price":"0.71760000","symbol":"XRPBUSD"},"level":"info","message":"Latest price","service":"api-8c7c17d-binance-XRPBUSD","timestamp":"2022-03-08T07:15:07.131Z"}
{"assetPair":"XRPBUSD","data":{"price":"0.71850000","symbol":"XRPBUSD"},"level":"info","message":"Latest price","service":"api-8c7c17d-binance-XRPBUSD","timestamp":"2022-03-08T07:18:07.259Z"}
{"assetPair":"XRPBUSD","data":{"price":"0.71920000","symbol":"XRPBUSD"},"level":"info","message":"Latest price","service":"api-8c7c17d-binance-XRPBUSD","timestamp":"2022-03-08T07:21:07.378Z"}
{"assetPair":"XRPBUSD","data":{"price":"0.71840000","symbol":"XRPBUSD"},"level":"info","message":"Latest price","service":"api-8c7c17d-binance-XRPBUSD","timestamp":"2022-03-08T07:24:07.495Z"}
{"assetPair":"XRPBUSD","data":{"price":"0.71870000","symbol":"XRPBUSD"},"level":"info","message":"Latest price","service":"api-8c7c17d-binance-XRPBUSD","timestamp":"2022-03-08T07:27:07.574Z"}
{"assetPair":"XRPBUSD","data":{"price":"0.72100000","symbol":"XRPBUSD"},"level":"info","message":"Latest price","service":"api-8c7c17d-binance-XRPBUSD","timestamp":"2022-03-08T07:30:07.700Z"}
{"assetPair":"XRPBUSD","data":{"price":"0.72140000","symbol":"XRPBUSD"},"level":"info","message":"Latest price","service":"api-8c7c17d-binance-XRPBUSD","timestamp":"2022-03-08T07:33:07.834Z"}
{"assetPair":"XRPBUSD","data":{"price":"0.72180000","symbol":"XRPBUSD"},"level":"info","message":"Latest price","service":"api-8c7c17d-binance-XRPBUSD","timestamp":"2022-03-08T07:36:07.978Z"}
{"assetPair":"XRPBUSD","data":{"price":"0.72310000","symbol":"XRPBUSD"},"level":"info","message":"Latest price","service":"api-8c7c17d-binance-XRPBUSD","timestamp":"2022-03-08T07:39:08.119Z"}
{"assetPair":"XRPBUSD","data":{"price":"0.72430000","symbol":"XRPBUSD"},"level":"info","message":"Latest price","service":"api-8c7c17d-binance-XRPBUSD","timestamp":"2022-03-08T07:42:08.276Z"}
{"assetPair":"XRPBUSD","data":{"price":"0.72500000","symbol":"XRPBUSD"},"level":"info","message":"Latest price","service":"api-8c7c17d-binance-XRPBUSD","timestamp":"2022-03-08T07:45:08.394Z"}
{"assetPair":"XRPBUSD","data":{"price":"0.72440000","symbol":"XRPBUSD"},"level":"info","message":"Latest price","service":"api-8c7c17d-binance-XRPBUSD","timestamp":"2022-03-08T07:48:08.550Z"}
{"assetPair":"XRPBUSD","data":{"price":"0.72350000","symbol":"XRPBUSD"},"level":"info","message":"Latest price","service":"api-8c7c17d-binance-XRPBUSD","timestamp":"2022-03-08T07:51:08.646Z"}
{"assetPair":"XRPBUSD","data":{"price":"0.72280000","symbol":"XRPBUSD"},"level":"info","message":"Latest price","service":"api-8c7c17d-binance-XRPBUSD","timestamp":"2022-03-08T07:54:08.786Z"}
{"assetPair":"XRPBUSD","data":{"price":"0.72270000","symbol":"XRPBUSD"},"level":"info","message":"Latest price","service":"api-8c7c17d-binance-XRPBUSD","timestamp":"2022-03-08T07:57:08.929Z"}
{"assetPair":"XRPBUSD","data":{"price":"0.72340000","symbol":"XRPBUSD"},"level":"info","message":"Latest price","service":"api-8c7c17d-binance-XRPBUSD","timestamp":"2022-03-08T08:00:12.101Z"}
{"assetPair":"XRPBUSD","data":{"price":"0.72280000","symbol":"XRPBUSD"},"level":"info","message":"Latest price","service":"api-8c7c17d-binance-XRPBUSD","timestamp":"2022-03-08T08:03:13.242Z"}
{"assetPair":"XRPBUSD","data":{"price":"0.72490000","symbol":"XRPBUSD"},"level":"info","message":"Latest price","service":"api-8c7c17d-binance-XRPBUSD","timestamp":"2022-03-08T08:06:13.410Z"}
{"assetPair":"XRPBUSD","data":{"price":"0.72390000","symbol":"XRPBUSD"},"level":"info","message":"Latest price","service":"api-8c7c17d-binance-XRPBUSD","timestamp":"2022-03-08T08:09:13.565Z"}
{"assetPair":"XRPBUSD","data":{"price":"0.72410000","symbol":"XRPBUSD"},"level":"info","message":"Latest price","service":"api-8c7c17d-binance-XRPBUSD","timestamp":"2022-03-08T08:12:13.690Z"}
{"assetPair":"XRPBUSD","data":{"price":"0.72540000","symbol":"XRPBUSD"},"level":"info","message":"Latest price","service":"api-8c7c17d-binance-XRPBUSD","timestamp":"2022-03-08T08:15:13.820Z"}
{"assetPair":"XRPBUSD","data":{"price":"0.72650000","symbol":"XRPBUSD"},"level":"info","message":"Latest price","service":"api-8c7c17d-binance-XRPBUSD","timestamp":"2022-03-08T08:18:13.881Z"}
{"assetPair":"XRPBUSD","data":{"price":"0.72620000","symbol":"XRPBUSD"},"level":"info","message":"Latest price","service":"api-8c7c17d-binance-XRPBUSD","timestamp":"2022-03-08T08:21:14.019Z"}
{"assetPair":"XRPBUSD","data":{"price":"0.72580000","symbol":"XRPBUSD"},"level":"info","message":"Latest price","service":"api-8c7c17d-binance-XRPBUSD","timestamp":"2022-03-08T08:24:14.152Z"}
{"assetPair":"XRPBUSD","data":{"price":"0.72570000","symbol":"XRPBUSD"},"level":"info","message":"Latest price","service":"api-8c7c17d-binance-XRPBUSD","timestamp":"2022-03-08T08:27:14.305Z"}
{"assetPair":"XRPBUSD","data":{"price":"0.72650000","symbol":"XRPBUSD"},"level":"info","message":"Latest price","service":"api-8c7c17d-binance-XRPBUSD","timestamp":"2022-03-08T08:30:14.473Z"}
{"assetPair":"XRPBUSD","data":{"price":"0.72750000","symbol":"XRPBUSD"},"level":"info","message":"Latest price","service":"api-8c7c17d-binance-XRPBUSD","timestamp":"2022-03-08T08:33:14.567Z"}
{"assetPair":"XRPBUSD","data":{"price":"0.72720000","symbol":"XRPBUSD"},"level":"info","message":"Latest price","service":"api-8c7c17d-binance-XRPBUSD","timestamp":"2022-03-08T08:36:14.631Z"}
{"assetPair":"XRPBUSD","data":{"price":"0.72740000","symbol":"XRPBUSD"},"level":"info","message":"Latest price","service":"api-8c7c17d-binance-XRPBUSD","timestamp":"2022-03-08T08:39:14.774Z"}
{"assetPair":"XRPBUSD","data":{"price":"0.72740000","symbol":"XRPBUSD"},"level":"info","message":"Latest price","service":"api-8c7c17d-binance-XRPBUSD","timestamp":"2022-03-08T08:42:14.951Z"}
{"assetPair":"XRPBUSD","data":{"price":"0.72770000","symbol":"XRPBUSD"},"level":"info","message":"Latest price","service":"api-8c7c17d-binance-XRPBUSD","timestamp":"2022-03-08T08:45:15.056Z"}
{"assetPair":"XRPBUSD","data":{"price":"0.72840000","symbol":"XRPBUSD"},"level":"info","message":"Latest price","service":"api-8c7c17d-binance-XRPBUSD","timestamp":"2022-03-08T08:48:15.133Z"}
{"assetPair":"XRPBUSD","data":{"price":"0.72520000","symbol":"XRPBUSD"},"level":"info","message":"Latest price","service":"api-8c7c17d-binance-XRPBUSD","timestamp":"2022-03-08T08:51:15.223Z"}
{"assetPair":"XRPBUSD","data":{"price":"0.72400000","symbol":"XRPBUSD"},"level":"info","message":"Latest price","service":"api-8c7c17d-binance-XRPBUSD","timestamp":"2022-03-08T08:54:15.391Z"}
{"assetPair":"XRPBUSD","data":{"price":"0.72440000","symbol":"XRPBUSD"},"level":"info","message":"Latest price","service":"api-8c7c17d-binance-XRPBUSD","timestamp":"2022-03-08T08:57:15.523Z"}
{"assetPair":"XRPBUSD","data":{"price":"0.72500000","symbol":"XRPBUSD"},"level":"info","message":"Latest price","service":"api-8c7c17d-binance-XRPBUSD","timestamp":"2022-03-08T09:00:15.660Z"}
{"assetPair":"XRPBUSD","data":{"price":"0.72620000","symbol":"XRPBUSD"},"level":"info","message":"Latest price","service":"api-8c7c17d-binance-XRPBUSD","timestamp":"2022-03-08T09:03:15.796Z"}
{"assetPair":"XRPBUSD","data":{"price":"0.72480000","symbol":"XRPBUSD"},"level":"info","message":"Latest price","service":"api-8c7c17d-binance-XRPBUSD","timestamp":"2022-03-08T09:06:15.926Z"}
{"assetPair":"XRPBUSD","data":{"price":"0.72420000","symbol":"XRPBUSD"},"level":"info","message":"Latest price","service":"api-8c7c17d-binance-XRPBUSD","timestamp":"2022-03-08T09:09:16.029Z"}
{"assetPair":"XRPBUSD","data":{"price":"0.72440000","symbol":"XRPBUSD"},"level":"info","message":"Latest price","service":"api-8c7c17d-binance-XRPBUSD","timestamp":"2022-03-08T09:12:16.123Z"}
{"assetPair":"XRPBUSD","data":{"price":"0.72490000","symbol":"XRPBUSD"},"level":"info","message":"Latest price","service":"api-8c7c17d-binance-XRPBUSD","timestamp":"2022-03-08T09:15:16.228Z"}
{"assetPair":"XRPBUSD","data":{"price":"0.72630000","symbol":"XRPBUSD"},"level":"info","message":"Latest price","service":"api-8c7c17d-binance-XRPBUSD","timestamp":"2022-03-08T09:18:16.322Z"}
{"assetPair":"XRPBUSD","data":{"price":"0.72590000","symbol":"XRPBUSD"},"level":"info","message":"Latest price","service":"api-8c7c17d-binance-XRPBUSD","timestamp":"2022-03-08T09:21:16.447Z"}
{"assetPair":"XRPBUSD","data":{"price":"0.72560000","symbol":"XRPBUSD"},"level":"info","message":"Latest price","service":"api-8c7c17d-binance-XRPBUSD","timestamp":"2022-03-08T09:24:16.569Z"}
{"assetPair":"XRPBUSD","data":{"price":"0.72620000","symbol":"XRPBUSD"},"level":"info","message":"Latest price","service":"api-8c7c17d-binance-XRPBUSD","timestamp":"2022-03-08T09:27:16.698Z"}
{"assetPair":"XRPBUSD","data":{"price":"0.72660000","symbol":"XRPBUSD"},"level":"info","message":"Latest price","service":"api-8c7c17d-binance-XRPBUSD","timestamp":"2022-03-08T09:30:16.771Z"}
{"assetPair":"XRPBUSD","data":{"price":"0.72710000","symbol":"XRPBUSD"},"level":"info","message":"Latest price","service":"api-8c7c17d-binance-XRPBUSD","timestamp":"2022-03-08T09:33:16.839Z"}
{"assetPair":"XRPBUSD","data":{"price":"0.72710000","symbol":"XRPBUSD"},"level":"info","message":"Latest price","service":"api-8c7c17d-binance-XRPBUSD","timestamp":"2022-03-08T09:36:16.936Z"}
{"assetPair":"XRPBUSD","data":{"price":"0.72780000","symbol":"XRPBUSD"},"level":"info","message":"Latest price","service":"api-8c7c17d-binance-XRPBUSD","timestamp":"2022-03-08T09:39:17.114Z"}
{"assetPair":"XRPBUSD","data":{"price":"0.72740000","symbol":"XRPBUSD"},"level":"info","message":"Latest price","service":"api-8c7c17d-binance-XRPBUSD","timestamp":"2022-03-08T09:42:17.223Z"}
{"assetPair":"XRPBUSD","data":{"price":"0.72690000","symbol":"XRPBUSD"},"level":"info","message":"Latest price","service":"api-8c7c17d-binance-XRPBUSD","timestamp":"2022-03-08T09:45:17.352Z"}
{"assetPair":"XRPBUSD","data":{"price":"0.72700000","symbol":"XRPBUSD"},"level":"info","message":"Latest price","service":"api-8c7c17d-binance-XRPBUSD","timestamp":"2022-03-08T09:48:17.439Z"}
{"assetPair":"XRPBUSD","data":{"price":"0.72710000","symbol":"XRPBUSD"},"level":"info","message":"Latest price","service":"api-8c7c17d-binance-XRPBUSD","timestamp":"2022-03-08T09:51:17.600Z"}
{"assetPair":"XRPBUSD","data":{"price":"0.72800000","symbol":"XRPBUSD"},"level":"info","message":"Latest price","service":"api-8c7c17d-binance-XRPBUSD","timestamp":"2022-03-08T09:54:17.727Z"}
{"assetPair":"XRPBUSD","data":{"price":"0.72810000","symbol":"XRPBUSD"},"level":"info","message":"Latest price","service":"api-8c7c17d-binance-XRPBUSD","timestamp":"2022-03-08T09:57:17.823Z"}
{"assetPair":"XRPBUSD","data":{"price":"0.72790000","symbol":"XRPBUSD"},"level":"info","message":"Latest price","service":"api-8c7c17d-binance-XRPBUSD","timestamp":"2022-03-08T10:00:17.904Z"}
{"assetPair":"XRPBUSD","data":{"price":"0.72630000","symbol":"XRPBUSD"},"level":"info","message":"Latest price","service":"api-8c7c17d-binance-XRPBUSD","timestamp":"2022-03-08T10:03:18.027Z"}
{"assetPair":"XRPBUSD","data":{"price":"0.72520000","symbol":"XRPBUSD"},"level":"info","message":"Latest price","service":"api-8c7c17d-binance-XRPBUSD","timestamp":"2022-03-08T10:06:18.141Z"}
{"assetPair":"XRPBUSD","data":{"price":"0.72420000","symbol":"XRPBUSD"},"level":"info","message":"Latest price","service":"api-8c7c17d-binance-XRPBUSD","timestamp":"2022-03-08T10:09:18.268Z"}
{"assetPair":"XRPBUSD","data":{"price":"0.72420000","symbol":"XRPBUSD"},"level":"info","message":"Latest price","service":"api-8c7c17d-binance-XRPBUSD","timestamp":"2022-03-08T10:12:18.400Z"}
{"assetPair":"XRPBUSD","data":{"price":"0.72420000","symbol":"XRPBUSD"},"level":"info","message":"Latest price","service":"api-8c7c17d-binance-XRPBUSD","timestamp":"2022-03-08T10:15:18.445Z"}
{"assetPair":"XRPBUSD","data":{"price":"0.72480000","symbol":"XRPBUSD"},"level":"info","message":"Latest price","service":"api-8c7c17d-binance-XRPBUSD","timestamp":"2022-03-08T10:18:18.529Z"}
{"assetPair":"XRPBUSD","data":{"price":"0.72400000","symbol":"XRPBUSD"},"level":"info","message":"Latest price","service":"api-8c7c17d-binance-XRPBUSD","timestamp":"2022-03-08T10:21:18.662Z"}
{"assetPair":"XRPBUSD","data":{"price":"0.72280000","symbol":"XRPBUSD"},"level":"info","message":"Latest price","service":"api-8c7c17d-binance-XRPBUSD","timestamp":"2022-03-08T10:24:18.767Z"}
{"assetPair":"XRPBUSD","data":{"price":"0.72330000","symbol":"XRPBUSD"},"level":"info","message":"Latest price","service":"api-8c7c17d-binance-XRPBUSD","timestamp":"2022-03-08T10:27:18.897Z"}
{"assetPair":"XRPBUSD","data":{"price":"0.72410000","symbol":"XRPBUSD"},"level":"info","message":"Latest price","service":"api-8c7c17d-binance-XRPBUSD","timestamp":"2022-03-08T10:30:18.993Z"}
{"assetPair":"XRPBUSD","data":{"price":"0.72420000","symbol":"XRPBUSD"},"level":"info","message":"Latest price","service":"api-8c7c17d-binance-XRPBUSD","timestamp":"2022-03-08T10:33:19.116Z"}
{"assetPair":"XRPBUSD","data":{"price":"0.72450000","symbol":"XRPBUSD"},"level":"info","message":"Latest price","service":"api-8c7c17d-binance-XRPBUSD","timestamp":"2022-03-08T10:36:19.165Z"}
{"assetPair":"XRPBUSD","data":{"price":"0.72590000","symbol":"XRPBUSD"},"level":"info","message":"Latest price","service":"api-8c7c17d-binance-XRPBUSD","timestamp":"2022-03-08T10:39:19.317Z"}
{"assetPair":"XRPBUSD","data":{"price":"0.72710000","symbol":"XRPBUSD"},"level":"info","message":"Latest price","service":"api-8c7c17d-binance-XRPBUSD","timestamp":"2022-03-08T10:42:19.485Z"}
{"assetPair":"XRPBUSD","data":{"price":"0.72600000","symbol":"XRPBUSD"},"level":"info","message":"Latest price","service":"api-8c7c17d-binance-XRPBUSD","timestamp":"2022-03-08T10:45:19.593Z"}
{"assetPair":"XRPBUSD","data":{"price":"0.72580000","symbol":"XRPBUSD"},"level":"info","message":"Latest price","service":"api-8c7c17d-binance-XRPBUSD","timestamp":"2022-03-08T10:48:19.716Z"}
{"assetPair":"XRPBUSD","data":{"price":"0.72680000","symbol":"XRPBUSD"},"level":"info","message":"Latest price","service":"api-8c7c17d-binance-XRPBUSD","timestamp":"2022-03-08T10:51:19.841Z"}
{"assetPair":"XRPBUSD","data":{"price":"0.73000000","symbol":"XRPBUSD"},"level":"info","message":"Latest price","service":"api-8c7c17d-binance-XRPBUSD","timestamp":"2022-03-08T10:54:19.972Z"}
{"assetPair":"XRPBUSD","data":{"price":"0.72710000","symbol":"XRPBUSD"},"level":"info","message":"Latest price","service":"api-8c7c17d-binance-XRPBUSD","timestamp":"2022-03-08T10:57:20.018Z"}
{"assetPair":"XRPBUSD","data":{"price":"0.72760000","symbol":"XRPBUSD"},"level":"info","message":"Latest price","service":"api-8c7c17d-binance-XRPBUSD","timestamp":"2022-03-08T11:00:20.164Z"}
{"assetPair":"XRPBUSD","data":{"price":"0.72880000","symbol":"XRPBUSD"},"level":"info","message":"Latest price","service":"api-8c7c17d-binance-XRPBUSD","timestamp":"2022-03-08T11:03:20.303Z"}
{"assetPair":"XRPBUSD","data":{"price":"0.72730000","symbol":"XRPBUSD"},"level":"info","message":"Latest price","service":"api-8c7c17d-binance-XRPBUSD","timestamp":"2022-03-08T11:06:20.461Z"}
{"assetPair":"XRPBUSD","data":{"price":"0.72690000","symbol":"XRPBUSD"},"level":"info","message":"Latest price","service":"api-8c7c17d-binance-XRPBUSD","timestamp":"2022-03-08T11:09:20.587Z"}
{"assetPair":"XRPBUSD","data":{"price":"0.72680000","symbol":"XRPBUSD"},"level":"info","message":"Latest price","service":"api-8c7c17d-binance-XRPBUSD","timestamp":"2022-03-08T11:12:20.740Z"}
{"assetPair":"XRPBUSD","data":{"price":"0.72590000","symbol":"XRPBUSD"},"level":"info","message":"Latest price","service":"api-8c7c17d-binance-XRPBUSD","timestamp":"2022-03-08T11:15:20.844Z"}
{"assetPair":"XRPBUSD","data":{"price":"0.72570000","symbol":"XRPBUSD"},"level":"info","message":"Latest price","service":"api-8c7c17d-binance-XRPBUSD","timestamp":"2022-03-08T11:18:20.894Z"}
{"assetPair":"XRPBUSD","data":{"price":"0.72570000","symbol":"XRPBUSD"},"level":"info","message":"Latest price","service":"api-8c7c17d-binance-XRPBUSD","timestamp":"2022-03-08T11:21:21.037Z"}
{"assetPair":"XRPBUSD","data":{"price":"0.72600000","symbol":"XRPBUSD"},"level":"info","message":"Latest price","service":"api-8c7c17d-binance-XRPBUSD","timestamp":"2022-03-08T11:24:21.161Z"}
{"assetPair":"XRPBUSD","data":{"price":"0.72690000","symbol":"XRPBUSD"},"level":"info","message":"Latest price","service":"api-8c7c17d-binance-XRPBUSD","timestamp":"2022-03-08T11:27:21.291Z"}
{"assetPair":"XRPBUSD","data":{"price":"0.72710000","symbol":"XRPBUSD"},"level":"info","message":"Latest price","service":"api-8c7c17d-binance-XRPBUSD","timestamp":"2022-03-08T11:30:21.415Z"}
{"assetPair":"XRPBUSD","data":{"price":"0.72610000","symbol":"XRPBUSD"},"level":"info","message":"Latest price","service":"api-8c7c17d-binance-XRPBUSD","timestamp":"2022-03-08T11:33:21.560Z"}
{"assetPair":"XRPBUSD","data":{"price":"0.72640000","symbol":"XRPBUSD"},"level":"info","message":"Latest price","service":"api-8c7c17d-binance-XRPBUSD","timestamp":"2022-03-08T11:36:21.693Z"}
{"assetPair":"XRPBUSD","data":{"price":"0.72340000","symbol":"XRPBUSD"},"level":"info","message":"Latest price","service":"api-8c7c17d-binance-XRPBUSD","timestamp":"2022-03-08T11:39:21.793Z"}
{"assetPair":"XRPBUSD","data":{"price":"0.72460000","symbol":"XRPBUSD"},"level":"info","message":"Latest price","service":"api-8c7c17d-binance-XRPBUSD","timestamp":"2022-03-08T11:42:21.958Z"}
{"assetPair":"XRPBUSD","data":{"price":"0.72620000","symbol":"XRPBUSD"},"level":"info","message":"Latest price","service":"api-8c7c17d-binance-XRPBUSD","timestamp":"2022-03-08T11:45:22.028Z"}
{"assetPair":"XRPBUSD","data":{"price":"0.72670000","symbol":"XRPBUSD"},"level":"info","message":"Latest price","service":"api-8c7c17d-binance-XRPBUSD","timestamp":"2022-03-08T11:48:22.192Z"}
{"assetPair":"XRPBUSD","data":{"price":"0.72740000","symbol":"XRPBUSD"},"level":"info","message":"Latest price","service":"api-8c7c17d-binance-XRPBUSD","timestamp":"2022-03-08T11:51:22.361Z"}
{"assetPair":"XRPBUSD","data":{"price":"0.72650000","symbol":"XRPBUSD"},"level":"info","message":"Latest price","service":"api-8c7c17d-binance-XRPBUSD","timestamp":"2022-03-08T11:54:22.490Z"}
{"assetPair":"XRPBUSD","data":{"price":"0.72650000","symbol":"XRPBUSD"},"level":"info","message":"Latest price","service":"api-8c7c17d-binance-XRPBUSD","timestamp":"2022-03-08T11:57:22.595Z"}
{"assetPair":"XRPBUSD","data":{"price":"0.72810000","symbol":"XRPBUSD"},"level":"info","message":"Latest price","service":"api-8c7c17d-binance-XRPBUSD","timestamp":"2022-03-08T12:00:22.661Z"}
{"assetPair":"XRPBUSD","data":{"price":"0.72840000","symbol":"XRPBUSD"},"level":"info","message":"Latest price","service":"api-8c7c17d-binance-XRPBUSD","timestamp":"2022-03-08T12:03:22.765Z"}
{"assetPair":"XRPBUSD","data":{"price":"0.72870000","symbol":"XRPBUSD"},"level":"info","message":"Latest price","service":"api-8c7c17d-binance-XRPBUSD","timestamp":"2022-03-08T12:06:22.900Z"}
{"assetPair":"XRPBUSD","data":{"price":"0.72920000","symbol":"XRPBUSD"},"level":"info","message":"Latest price","service":"api-8c7c17d-binance-XRPBUSD","timestamp":"2022-03-08T12:09:23.035Z"}
{"assetPair":"XRPBUSD","data":{"price":"0.72770000","symbol":"XRPBUSD"},"level":"info","message":"Latest price","service":"api-8c7c17d-binance-XRPBUSD","timestamp":"2022-03-08T12:12:23.139Z"}
{"assetPair":"XRPBUSD","data":{"price":"0.72720000","symbol":"XRPBUSD"},"level":"info","message":"Latest price","service":"api-8c7c17d-binance-XRPBUSD","timestamp":"2022-03-08T12:15:23.270Z"}
{"assetPair":"XRPBUSD","data":{"price":"0.72750000","symbol":"XRPBUSD"},"level":"info","message":"Latest price","service":"api-8c7c17d-binance-XRPBUSD","timestamp":"2022-03-08T12:18:23.403Z"}
{"assetPair":"XRPBUSD","data":{"price":"0.72650000","symbol":"XRPBUSD"},"level":"info","message":"Latest price","service":"api-8c7c17d-binance-XRPBUSD","timestamp":"2022-03-08T12:21:23.497Z"}
{"assetPair":"XRPBUSD","data":{"price":"0.72630000","symbol":"XRPBUSD"},"level":"info","message":"Latest price","service":"api-8c7c17d-binance-XRPBUSD","timestamp":"2022-03-08T12:24:23.626Z"}
{"assetPair":"XRPBUSD","data":{"price":"0.72620000","symbol":"XRPBUSD"},"level":"info","message":"Latest price","service":"api-8c7c17d-binance-XRPBUSD","timestamp":"2022-03-08T12:27:23.739Z"}
{"assetPair":"XRPBUSD","data":{"price":"0.72560000","symbol":"XRPBUSD"},"level":"info","message":"Latest price","service":"api-8c7c17d-binance-XRPBUSD","timestamp":"2022-03-08T12:30:23.790Z"}
{"assetPair":"XRPBUSD","data":{"price":"0.72610000","symbol":"XRPBUSD"},"level":"info","message":"Latest price","service":"api-8c7c17d-binance-XRPBUSD","timestamp":"2022-03-08T12:33:23.883Z"}
{"assetPair":"XRPBUSD","data":{"price":"0.72640000","symbol":"XRPBUSD"},"level":"info","message":"Latest price","service":"api-8c7c17d-binance-XRPBUSD","timestamp":"2022-03-08T12:36:24.027Z"}
{"assetPair":"XRPBUSD","data":{"price":"0.72630000","symbol":"XRPBUSD"},"level":"info","message":"Latest price","service":"api-8c7c17d-binance-XRPBUSD","timestamp":"2022-03-08T12:39:24.085Z"}
{"assetPair":"XRPBUSD","data":{"price":"0.72460000","symbol":"XRPBUSD"},"level":"info","message":"Latest price","service":"api-8c7c17d-binance-XRPBUSD","timestamp":"2022-03-08T12:42:24.222Z"}
{"assetPair":"XRPBUSD","data":{"price":"0.72410000","symbol":"XRPBUSD"},"level":"info","message":"Latest price","service":"api-8c7c17d-binance-XRPBUSD","timestamp":"2022-03-08T12:45:24.368Z"}
{"assetPair":"XRPBUSD","data":{"price":"0.72400000","symbol":"XRPBUSD"},"level":"info","message":"Latest price","service":"api-8c7c17d-binance-XRPBUSD","timestamp":"2022-03-08T12:48:24.497Z"}
{"assetPair":"XRPBUSD","data":{"price":"0.72370000","symbol":"XRPBUSD"},"level":"info","message":"Latest price","service":"api-8c7c17d-binance-XRPBUSD","timestamp":"2022-03-08T12:51:24.556Z"}
{"assetPair":"XRPBUSD","data":{"price":"0.72430000","symbol":"XRPBUSD"},"level":"info","message":"Latest price","service":"api-8c7c17d-binance-XRPBUSD","timestamp":"2022-03-08T12:54:24.646Z"}
{"assetPair":"XRPBUSD","data":{"price":"0.72460000","symbol":"XRPBUSD"},"level":"info","message":"Latest price","service":"api-8c7c17d-binance-XRPBUSD","timestamp":"2022-03-08T12:57:24.769Z"}
