{"assetPair":"XRPBUSD","data":{"price":"0.77950000","symbol":"XRPBUSD"},"level":"info","message":"Latest price","service":"api-d27bc23-binance-XRPBUSD","timestamp":"2022-03-01T13:00:46.646Z"}
{"assetPair":"XRPBUSD","data":{"price":"0.78060000","symbol":"XRPBUSD"},"level":"info","message":"Latest price","service":"api-d27bc23-binance-XRPBUSD","timestamp":"2022-03-01T13:03:46.679Z"}
{"assetPair":"XRPBUSD","data":{"price":"0.78480000","symbol":"XRPBUSD"},"level":"info","message":"Latest price","service":"api-d27bc23-binance-XRPBUSD","timestamp":"2022-03-01T13:06:46.716Z"}
{"assetPair":"XRPBUSD","data":{"price":"0.78200000","symbol":"XRPBUSD"},"level":"info","message":"Latest price","service":"api-d27bc23-binance-XRPBUSD","timestamp":"2022-03-01T13:09:46.750Z"}
{"assetPair":"XRPBUSD","data":{"price":"0.78040000","symbol":"XRPBUSD"},"level":"info","message":"Latest price","service":"api-d27bc23-binance-XRPBUSD","timestamp":"2022-03-01T13:12:46.788Z"}
{"assetPair":"XRPBUSD","data":{"price":"0.78070000","symbol":"XRPBUSD"},"level":"info","message":"Latest price","service":"api-d27bc23-binance-XRPBUSD","timestamp":"2022-03-01T13:15:46.828Z"}
{"assetPair":"XRPBUSD","data":{"price":"0.77880000","symbol":"XRPBUSD"},"level":"info","message":"Latest price","service":"api-d27bc23-binance-XRPBUSD","timestamp":"2022-03-01T13:18:46.863Z"}
{"assetPair":"XRPBUSD","data":{"price":"0.77750000","symbol":"XRPBUSD"},"level":"info","message":"Latest price","service":"api-d27bc23-binance-XRPBUSD","timestamp":"2022-03-01T13:21:46.915Z"}
{"assetPair":"XRPBUSD","data":{"price":"0.77780000","symbol":"XRPBUSD"},"level":"info","message":"Latest price","service":"api-d27bc23-binance-XRPBUSD","timestamp":"2022-03-01T13:24:46.955Z"}
{"assetPair":"XRPBUSD","data":{"price":"0.77930000","symbol":"XRPBUSD"},"level":"info","message":"Latest price","service":"api-d27bc23-binance-XRPBUSD","timestamp":"2022-03-01T13:27:46.993Z"}
{"assetPair":"XRPBUSD","data":{"price":"0.78030000","symbol":"XRPBUSD"},"level":"info","message":"Latest price","service":"api-d27bc23-binance-XRPBUSD","timestamp":"2022-03-01T13:30:47.036Z"}
{"assetPair":"XRPBUSD","data":{"price":"0.78350000","symbol":"XRPBUSD"},"level":"info","message":"Latest price","service":"api-d27bc23-binance-XRPBUSD","timestamp":"2022-03-01T13:33:47.072Z"}
{"assetPair":"XRPBUSD","data":{"price":"0.78810000","symbol":"XRPBUSD"},"level":"info","message":"Latest price","service":"api-d27bc23-binance-XRPBUSD","timestamp":"2022-03-01T13:36:47.108Z"}
{"assetPair":"XRPBUSD","data":{"price":"0.78470000","symbol":"XRPBUSD"},"level":"info","message":"Latest price","service":"api-d27bc23-binance-XRPBUSD","timestamp":"2022-03-01T13:39:47.146Z"}
{"assetPair":"XRPBUSD","data":{"price":"0.78300000","symbol":"XRPBUSD"},"level":"info","message":"Latest price","service":"api-d27bc23-binance-XRPBUSD","timestamp":"2022-03-01T13:42:47.186Z"}
{"assetPair":"XRPBUSD","data":{"price":"0.78360000","symbol":"XRPBUSD"},"level":"info","message":"Latest price","service":"api-d27bc23-binance-XRPBUSD","timestamp":"2022-03-01T13:45:47.250Z"}
{"assetPair":"XRPBUSD","data":{"price":"0.78530000","symbol":"XRPBUSD"},"level":"info","message":"Latest price","service":"api-d27bc23-binance-XRPBUSD","timestamp":"2022-03-01T13:48:47.294Z"}
{"assetPair":"XRPBUSD","data":{"price":"0.78980000","symbol":"XRPBUSD"},"level":"info","message":"Latest price","service":"api-d27bc23-binance-XRPBUSD","timestamp":"2022-03-01T13:51:47.323Z"}
{"assetPair":"XRPBUSD","data":{"price":"0.79450000","symbol":"XRPBUSD"},"level":"info","message":"Latest price","service":"api-d27bc23-binance-XRPBUSD","timestamp":"2022-03-01T13:54:47.413Z"}
{"assetPair":"XRPBUSD","data":{"price":"0.79720000","symbol":"XRPBUSD"},"level":"info","message":"Latest price","service":"api-d27bc23-binance-XRPBUSD","timestamp":"2022-03-01T13:57:47.460Z"}
{"assetPair":"XRPBUSD","data":{"price":"0.79570000","symbol":"XRPBUSD"},"level":"info","message":"Latest price","service":"api-d27bc23-binance-XRPBUSD","timestamp":"2022-03-01T14:00:47.498Z"}
{"assetPair":"XRPBUSD","data":{"price":"0.79940000","symbol":"XRPBUSD"},"level":"info","message":"Latest price","service":"api-d27bc23-binance-XRPBUSD","timestamp":"2022-03-01T14:03:47.541Z"}
{"assetPair":"XRPBUSD","data":{"price":"0.79910000","symbol":"XRPBUSD"},"level":"info","message":"Latest price","service":"api-d27bc23-binance-XRPBUSD","timestamp":"2022-03-01T14:06:47.581Z"}
{"assetPair":"XRPBUSD","data":{"price":"0.79800000","symbol":"XRPBUSD"},"level":"info","message":"Latest price","service":"api-d27bc23-binance-XRPBUSD","timestamp":"2022-03-01T14:09:47.623Z"}
{"assetPair":"XRPBUSD","data":{"price":"0.80100000","symbol":"XRPBUSD"},"level":"info","message":"Latest price","service":"api-d27bc23-binance-XRPBUSD","timestamp":"2022-03-01T14:12:47.679Z"}
{"assetPair":"XRPBUSD","data":{"price":"0.80160000","symbol":"XRPBUSD"},"level":"info","message":"Latest price","service":"api-d27bc23-binance-XRPBUSD","timestamp":"2022-03-01T14:15:47.712Z"}
{"assetPair":"XRPBUSD","data":{"price":"0.79780000","symbol":"XRPBUSD"},"level":"info","message":"Latest price","service":"api-d27bc23-binance-XRPBUSD","timestamp":"2022-03-01T14:18:47.755Z"}
{"balance":{"asset":"XRP","free":"31.50700000","locked":"0.00000000"},"level":"info","message":"Binance balance","service":"api-d27bc23-binance-XRPBUSD","timestamp":"2022-03-01T14:18:47.786Z"}
{"correctedPrice":"0.7978","correctedQty":"31","forAsset":"BUSD","level":"info","message":"Initiating SELL","price":"0.79780000","quantity":"31.50700000","sellAsset":"XRP","service":"api-d27bc23-binance-XRPBUSD","timestamp":"2022-03-01T14:18:47.787Z"}
{"data":{"clientOrderId":"jnOHzHEZORUjQrtUgHbKmd","cummulativeQuoteQty":"0.00000000","executedQty":"0.00000000","fills":[],"orderId":732395641,"orderListId":-1,"origQty":"31.00000000","price":"0.79780000","side":"SELL","status":"NEW","symbol":"XRPBUSD","timeInForce":"GTC","transactTime":1646144327816,"type":"LIMIT"},"level":"info","message":"SELL success","service":"api-d27bc23-binance-XRPBUSD","timestamp":"2022-03-01T14:18:47.820Z"}
{"level":"info","message":"Checking order status","origClientOrderId":"jnOHzHEZORUjQrtUgHbKmd","service":"api-d27bc23-binance-XRPBUSD","symbol":"XRPBUSD","timestamp":"2022-03-01T14:21:47.825Z"}
{"data":{"clientOrderId":"jnOHzHEZORUjQrtUgHbKmd","cummulativeQuoteQty":"24.73180000","executedQty":"31.00000000","icebergQty":"0.00000000","isWorking":true,"orderId":732395641,"orderListId":-1,"origQty":"31.00000000","origQuoteOrderQty":"0.00000000","price":"0.79780000","side":"SELL","status":"FILLED","stopPrice":"0.00000000","symbol":"XRPBUSD","time":1646144327816,"timeInForce":"GTC","type":"LIMIT","updateTime":1646144343481},"level":"info","message":"Order status","service":"api-d27bc23-binance-XRPBUSD","timestamp":"2022-03-01T14:21:47.868Z"}
{"assetPair":"XRPBUSD","data":{"price":"0.79680000","symbol":"XRPBUSD"},"level":"info","message":"Latest price","service":"api-d27bc23-binance-XRPBUSD","timestamp":"2022-03-01T14:21:47.900Z"}
{"assetPair":"XRPBUSD","data":{"price":"0.79610000","symbol":"XRPBUSD"},"level":"info","message":"Latest price","service":"api-d27bc23-binance-XRPBUSD","timestamp":"2022-03-01T14:24:47.942Z"}
{"assetPair":"XRPBUSD","data":{"price":"0.79660000","symbol":"XRPBUSD"},"level":"info","message":"Latest price","service":"api-d27bc23-binance-XRPBUSD","timestamp":"2022-03-01T14:27:47.972Z"}
{"assetPair":"XRPBUSD","data":{"price":"0.79520000","symbol":"XRPBUSD"},"level":"info","message":"Latest price","service":"api-d27bc23-binance-XRPBUSD","timestamp":"2022-03-01T14:30:48.042Z"}
{"assetPair":"XRPBUSD","data":{"price":"0.77730000","symbol":"XRPBUSD"},"level":"info","message":"Latest price","service":"api-d27bc23-binance-XRPBUSD","timestamp":"2022-03-01T14:33:48.080Z"}
{"assetPair":"XRPBUSD","data":{"price":"0.78360000","symbol":"XRPBUSD"},"level":"info","message":"Latest price","service":"api-d27bc23-binance-XRPBUSD","timestamp":"2022-03-01T14:36:48.111Z"}
{"assetPair":"XRPBUSD","data":{"price":"0.78700000","symbol":"XRPBUSD"},"level":"info","message":"Latest price","service":"api-d27bc23-binance-XRPBUSD","timestamp":"2022-03-01T14:39:48.144Z"}
{"balance":{"asset":"BUSD","free":"99.73762038","locked":"0.00000000"},"level":"info","message":"Binance balance","service":"api-d27bc23-binance-XRPBUSD","timestamp":"2022-03-01T14:39:48.176Z"}
{"buyAsset":"XRP","correctedPrice":"0.7870","correctedQty":"31","level":"info","message":"Initiating BUY","price":"0.787","quantity":"31.44853875476493011436","service":"api-d27bc23-binance-XRPBUSD","timestamp":"2022-03-01T14:39:48.177Z","withAsset":"BUSD"}
{"data":{"clientOrderId":"rFQUQVxXZpFqLRE1ZAbBw7","cummulativeQuoteQty":"24.39390000","executedQty":"31.00000000","fills":[{"commission":"0.03100000","commissionAsset":"XRP","price":"0.78690000","qty":"31.00000000","tradeId":54176982}],"orderId":732434815,"orderListId":-1,"origQty":"31.00000000","price":"0.78700000","side":"BUY","status":"FILLED","symbol":"XRPBUSD","timeInForce":"GTC","transactTime":1646145588198,"type":"LIMIT"},"level":"info","message":"BUY success","service":"api-d27bc23-binance-XRPBUSD","timestamp":"2022-03-01T14:39:48.203Z"}
{"level":"info","message":"Checking order status","origClientOrderId":"rFQUQVxXZpFqLRE1ZAbBw7","service":"api-d27bc23-binance-XRPBUSD","symbol":"XRPBUSD","timestamp":"2022-03-01T14:42:48.206Z"}
{"data":{"clientOrderId":"rFQUQVxXZpFqLRE1ZAbBw7","cummulativeQuoteQty":"24.39390000","executedQty":"31.00000000","icebergQty":"0.00000000","isWorking":true,"orderId":732434815,"orderListId":-1,"origQty":"31.00000000","origQuoteOrderQty":"0.00000000","price":"0.78700000","side":"BUY","status":"FILLED","stopPrice":"0.00000000","symbol":"XRPBUSD","time":1646145588198,"timeInForce":"GTC","type":"LIMIT","updateTime":1646145588198},"level":"info","message":"Order status","service":"api-d27bc23-binance-XRPBUSD","timestamp":"2022-03-01T14:42:48.248Z"}
{"assetPair":"XRPBUSD","data":{"price":"0.78340000","symbol":"XRPBUSD"},"level":"info","message":"Latest price","service":"api-d27bc23-binance-XRPBUSD","timestamp":"2022-03-01T14:42:48.270Z"}
{"assetPair":"XRPBUSD","data":{"price":"0.78300000","symbol":"XRPBUSD"},"level":"info","message":"Latest price","service":"api-d27bc23-binance-XRPBUSD","timestamp":"2022-03-01T14:45:48.373Z"}
{"assetPair":"XRPBUSD","data":{"price":"0.78340000","symbol":"XRPBUSD"},"level":"info","message":"Latest price","service":"api-d27bc23-binance-XRPBUSD","timestamp":"2022-03-01T14:48:48.453Z"}
{"assetPair":"XRPBUSD","data":{"price":"0.78080000","symbol":"XRPBUSD"},"level":"info","message":"Latest price","service":"api-d27bc23-binance-XRPBUSD","timestamp":"2022-03-01T14:51:48.497Z"}
{"assetPair":"XRPBUSD","data":{"price":"0.78180000","symbol":"XRPBUSD"},"level":"info","message":"Latest price","service":"api-d27bc23-binance-XRPBUSD","timestamp":"2022-03-01T14:54:48.527Z"}
{"assetPair":"XRPBUSD","data":{"price":"0.78320000","symbol":"XRPBUSD"},"level":"info","message":"Latest price","service":"api-d27bc23-binance-XRPBUSD","timestamp":"2022-03-01T14:57:48.623Z"}
{"assetPair":"XRPBUSD","data":{"price":"0.78480000","symbol":"XRPBUSD"},"level":"info","message":"Latest price","service":"api-d27bc23-binance-XRPBUSD","timestamp":"2022-03-01T15:00:48.665Z"}
{"assetPair":"XRPBUSD","data":{"price":"0.78110000","symbol":"XRPBUSD"},"level":"info","message":"Latest price","service":"api-d27bc23-binance-XRPBUSD","timestamp":"2022-03-01T15:03:48.701Z"}
{"assetPair":"XRPBUSD","data":{"price":"0.78380000","symbol":"XRPBUSD"},"level":"info","message":"Latest price","service":"api-d27bc23-binance-XRPBUSD","timestamp":"2022-03-01T15:06:48.736Z"}
{"assetPair":"XRPBUSD","data":{"price":"0.78430000","symbol":"XRPBUSD"},"level":"info","message":"Latest price","service":"api-d27bc23-binance-XRPBUSD","timestamp":"2022-03-01T15:09:48.769Z"}
{"assetPair":"XRPBUSD","data":{"price":"0.78110000","symbol":"XRPBUSD"},"level":"info","message":"Latest price","service":"api-d27bc23-binance-XRPBUSD","timestamp":"2022-03-01T15:12:48.811Z"}
{"assetPair":"XRPBUSD","data":{"price":"0.78180000","symbol":"XRPBUSD"},"level":"info","message":"Latest price","service":"api-d27bc23-binance-XRPBUSD","timestamp":"2022-03-01T15:15:48.873Z"}
{"assetPair":"XRPBUSD","data":{"price":"0.78560000","symbol":"XRPBUSD"},"level":"info","message":"Latest price","service":"api-d27bc23-binance-XRPBUSD","timestamp":"2022-03-01T15:18:48.910Z"}
{"assetPair":"XRPBUSD","data":{"price":"0.78650000","symbol":"XRPBUSD"},"level":"info","message":"Latest price","service":"api-d27bc23-binance-XRPBUSD","timestamp":"2022-03-01T15:21:48.950Z"}
{"assetPair":"XRPBUSD","data":{"price":"0.78460000","symbol":"XRPBUSD"},"level":"info","message":"Latest price","service":"api-d27bc23-binance-XRPBUSD","timestamp":"2022-03-01T15:24:49.034Z"}
{"assetPair":"XRPBUSD","data":{"price":"0.78440000","symbol":"XRPBUSD"},"level":"info","message":"Latest price","service":"api-d27bc23-binance-XRPBUSD","timestamp":"2022-03-01T15:27:49.068Z"}
{"assetPair":"XRPBUSD","data":{"price":"0.78180000","symbol":"XRPBUSD"},"level":"info","message":"Latest price","service":"api-d27bc23-binance-XRPBUSD","timestamp":"2022-03-01T15:30:49.128Z"}
{"assetPair":"XRPBUSD","data":{"price":"0.78410000","symbol":"XRPBUSD"},"level":"info","message":"Latest price","service":"api-d27bc23-binance-XRPBUSD","timestamp":"2022-03-01T15:33:49.156Z"}
{"assetPair":"XRPBUSD","data":{"price":"0.78020000","symbol":"XRPBUSD"},"level":"info","message":"Latest price","service":"api-d27bc23-binance-XRPBUSD","timestamp":"2022-03-01T15:36:49.192Z"}
{"assetPair":"XRPBUSD","data":{"price":"0.78010000","symbol":"XRPBUSD"},"level":"info","message":"Latest price","service":"api-d27bc23-binance-XRPBUSD","timestamp":"2022-03-01T15:39:49.230Z"}
{"assetPair":"XRPBUSD","data":{"price":"0.77680000","symbol":"XRPBUSD"},"level":"info","message":"Latest price","service":"api-d27bc23-binance-XRPBUSD","timestamp":"2022-03-01T15:42:49.280Z"}
{"assetPair":"XRPBUSD","data":{"price":"0.77350000","symbol":"XRPBUSD"},"level":"info","message":"Latest price","service":"api-d27bc23-binance-XRPBUSD","timestamp":"2022-03-01T15:45:49.348Z"}
{"assetPair":"XRPBUSD","data":{"price":"0.77480000","symbol":"XRPBUSD"},"level":"info","message":"Latest price","service":"api-d27bc23-binance-XRPBUSD","timestamp":"2022-03-01T15:48:49.383Z"}
{"assetPair":"XRPBUSD","data":{"price":"0.77910000","symbol":"XRPBUSD"},"level":"info","message":"Latest price","service":"api-d27bc23-binance-XRPBUSD","timestamp":"2022-03-01T15:51:49.445Z"}
{"assetPair":"XRPBUSD","data":{"price":"0.77960000","symbol":"XRPBUSD"},"level":"info","message":"Latest price","service":"api-d27bc23-binance-XRPBUSD","timestamp":"2022-03-01T15:54:49.509Z"}
{"assetPair":"XRPBUSD","data":{"price":"0.77830000","symbol":"XRPBUSD"},"level":"info","message":"Latest price","service":"api-d27bc23-binance-XRPBUSD","timestamp":"2022-03-01T15:57:49.552Z"}
{"assetPair":"XRPBUSD","data":{"price":"0.77860000","symbol":"XRPBUSD"},"level":"info","message":"Latest price","service":"api-d27bc23-binance-XRPBUSD","timestamp":"2022-03-01T16:00:49.589Z"}
{"assetPair":"XRPBUSD","data":{"price":"0.78140000","symbol":"XRPBUSD"},"level":"info","message":"Latest price","service":"api-d27bc23-binance-XRPBUSD","timestamp":"2022-03-01T16:03:49.622Z"}
{"assetPair":"XRPBUSD","data":{"price":"0.77950000","symbol":"XRPBUSD"},"level":"info","message":"Latest price","service":"api-d27bc23-binance-XRPBUSD","timestamp":"2022-03-01T16:06:49.650Z"}
{"assetPair":"XRPBUSD","data":{"price":"0.77980000","symbol":"XRPBUSD"},"level":"info","message":"Latest price","service":"api-d27bc23-binance-XRPBUSD","timestamp":"2022-03-01T16:09:49.685Z"}
{"assetPair":"XRPBUSD","data":{"price":"0.78160000","symbol":"XRPBUSD"},"level":"info","message":"Latest price","service":"api-d27bc23-binance-XRPBUSD","timestamp":"2022-03-01T16:12:49.719Z"}
{"assetPair":"XRPBUSD","data":{"price":"0.78580000","symbol":"XRPBUSD"},"level":"info","message":"Latest price","service":"api-d27bc23-binance-XRPBUSD","timestamp":"2022-03-01T16:15:49.753Z"}
{"assetPair":"XRPBUSD","data":{"price":"0.78740000","symbol":"XRPBUSD"},"level":"info","message":"Latest price","service":"api-d27bc23-binance-XRPBUSD","timestamp":"2022-03-01T16:18:49.786Z"}
{"assetPair":"XRPBUSD","data":{"price":"0.78360000","symbol":"XRPBUSD"},"level":"info","message":"Latest price","service":"api-d27bc23-binance-XRPBUSD","timestamp":"2022-03-01T16:21:49.818Z"}
{"assetPair":"XRPBUSD","data":{"price":"0.78330000","symbol":"XRPBUSD"},"level":"info","message":"Latest price","service":"api-d27bc23-binance-XRPBUSD","timestamp":"2022-03-01T16:24:49.874Z"}
{"assetPair":"XRPBUSD","data":{"price":"0.78150000","symbol":"XRPBUSD"},"level":"info","message":"Latest price","service":"api-d27bc23-binance-XRPBUSD","timestamp":"2022-03-01T16:27:49.898Z"}
{"assetPair":"XRPBUSD","data":{"price":"0.77790000","symbol":"XRPBUSD"},"level":"info","message":"Latest price","service":"api-d27bc23-binance-XRPBUSD","timestamp":"2022-03-01T16:30:50.019Z"}
{"assetPair":"XRPBUSD","data":{"price":"0.77450000","symbol":"XRPBUSD"},"level":"info","message":"Latest price","service":"api-d27bc23-binance-XRPBUSD","timestamp":"2022-03-01T16:33:50.053Z"}
{"assetPair":"XRPBUSD","data":{"price":"0.77500000","symbol":"XRPBUSD"},"level":"info","message":"Latest price","service":"api-d27bc23-binance-XRPBUSD","timestamp":"2022-03-01T16:36:50.086Z"}
{"assetPair":"XRPBUSD","data":{"price":"0.77690000","symbol":"XRPBUSD"},"level":"info","message":"Latest price","service":"api-d27bc23-binance-XRPBUSD","timestamp":"2022-03-01T16:39:50.130Z"}
{"assetPair":"XRPBUSD","data":{"price":"0.77550000","symbol":"XRPBUSD"},"level":"info","message":"Latest price","service":"api-d27bc23-binance-XRPBUSD","timestamp":"2022-03-01T16:42:50.163Z"}
{"assetPair":"XRPBUSD","data":{"price":"0.77270000","symbol":"XRPBUSD"},"level":"info","message":"Latest price","service":"api-d27bc23-binance-XRPBUSD","timestamp":"2022-03-01T16:45:50.200Z"}
{"assetPair":"XRPBUSD","data":{"price":"0.77310000","symbol":"XRPBUSD"},"level":"info","message":"Latest price","service":"api-d27bc23-binance-XRPBUSD","timestamp":"2022-03-01T16:48:50.232Z"}
{"assetPair":"XRPBUSD","data":{"price":"0.77240000","symbol":"XRPBUSD"},"level":"info","message":"Latest price","service":"api-d27bc23-binance-XRPBUSD","timestamp":"2022-03-01T16:51:50.300Z"}
{"assetPair":"XRPBUSD","data":{"price":"0.77160000","symbol":"XRPBUSD"},"level":"info","message":"Latest price","service":"api-d27bc23-binance-XRPBUSD","timestamp":"2022-03-01T16:54:50.337Z"}
{"assetPair":"XRPBUSD","data":{"price":"0.77040000","symbol":"XRPBUSD"},"level":"info","message":"Latest price","service":"api-d27bc23-binance-XRPBUSD","timestamp":"2022-03-01T16:57:50.402Z"}
{"assetPair":"XRPBUSD","data":{"price":"0.77270000","symbol":"XRPBUSD"},"level":"info","message":"Latest price","service":"api-d27bc23-binance-XRPBUSD","timestamp":"2022-03-01T17:00:50.533Z"}
{"assetPair":"XRPBUSD","data":{"price":"0.77330000","symbol":"XRPBUSD"},"level":"info","message":"Latest price","service":"api-d27bc23-binance-XRPBUSD","timestamp":"2022-03-01T17:03:50.573Z"}
{"assetPair":"XRPBUSD","data":{"price":"0.77220000","symbol":"XRPBUSD"},"level":"info","message":"Latest price","service":"api-d27bc23-binance-XRPBUSD","timestamp":"2022-03-01T17:06:50.607Z"}
{"assetPair":"XRPBUSD","data":{"price":"0.77250000","symbol":"XRPBUSD"},"level":"info","message":"Latest price","service":"api-d27bc23-binance-XRPBUSD","timestamp":"2022-03-01T17:09:50.659Z"}
{"assetPair":"XRPBUSD","data":{"price":"0.77180000","symbol":"XRPBUSD"},"level":"info","message":"Latest price","service":"api-d27bc23-binance-XRPBUSD","timestamp":"2022-03-01T17:12:50.688Z"}
{"assetPair":"XRPBUSD","data":{"price":"0.77590000","symbol":"XRPBUSD"},"level":"info","message":"Latest price","service":"api-d27bc23-binance-XRPBUSD","timestamp":"2022-03-01T17:15:50.720Z"}
{"assetPair":"XRPBUSD","data":{"price":"0.77880000","symbol":"XRPBUSD"},"level":"info","message":"Latest price","service":"api-d27bc23-binance-XRPBUSD","timestamp":"2022-03-01T17:18:50.753Z"}
{"assetPair":"XRPBUSD","data":{"price":"0.77860000","symbol":"XRPBUSD"},"level":"info","message":"Latest price","service":"api-d27bc23-binance-XRPBUSD","timestamp":"2022-03-01T17:21:50.782Z"}
{"assetPair":"XRPBUSD","data":{"price":"0.77870000","symbol":"XRPBUSD"},"level":"info","message":"Latest price","service":"api-d27bc23-binance-XRPBUSD","timestamp":"2022-03-01T17:24:50.813Z"}
{"assetPair":"XRPBUSD","data":{"price":"0.77870000","symbol":"XRPBUSD"},"level":"info","message":"Latest price","service":"api-d27bc23-binance-XRPBUSD","timestamp":"2022-03-01T17:27:50.841Z"}
{"assetPair":"XRPBUSD","data":{"price":"0.77810000","symbol":"XRPBUSD"},"level":"info","message":"Latest price","service":"api-d27bc23-binance-XRPBUSD","timestamp":"2022-03-01T17:30:50.876Z"}
{"assetPair":"XRPBUSD","data":{"price":"0.77940000","symbol":"XRPBUSD"},"level":"info","message":"Latest price","service":"api-d27bc23-binance-XRPBUSD","timestamp":"2022-03-01T17:33:50.901Z"}
{"assetPair":"XRPBUSD","data":{"price":"0.77950000","symbol":"XRPBUSD"},"level":"info","message":"Latest price","service":"api-d27bc23-binance-XRPBUSD","timestamp":"2022-03-01T17:36:50.929Z"}
{"assetPair":"XRPBUSD","data":{"price":"0.78010000","symbol":"XRPBUSD"},"level":"info","message":"Latest price","service":"api-d27bc23-binance-XRPBUSD","timestamp":"2022-03-01T17:39:50.969Z"}
{"assetPair":"XRPBUSD","data":{"price":"0.78000000","symbol":"XRPBUSD"},"level":"info","message":"Latest price","service":"api-d27bc23-binance-XRPBUSD","timestamp":"2022-03-01T17:42:51.009Z"}
{"assetPair":"XRPBUSD","data":{"price":"0.78170000","symbol":"XRPBUSD"},"level":"info","message":"Latest price","service":"api-d27bc23-binance-XRPBUSD","timestamp":"2022-03-01T17:45:51.048Z"}
{"assetPair":"XRPBUSD","data":{"price":"0.78290000","symbol":"XRPBUSD"},"level":"info","message":"Latest price","service":"api-d27bc23-binance-XRPBUSD","timestamp":"2022-03-01T17:48:51.080Z"}
{"assetPair":"XRPBUSD","data":{"price":"0.78490000","symbol":"XRPBUSD"},"level":"info","message":"Latest price","service":"api-d27bc23-binance-XRPBUSD","timestamp":"2022-03-01T17:51:51.116Z"}
{"assetPair":"XRPBUSD","data":{"price":"0.78270000","symbol":"XRPBUSD"},"level":"info","message":"Latest price","service":"api-d27bc23-binance-XRPBUSD","timestamp":"2022-03-01T17:54:51.149Z"}
{"assetPair":"XRPBUSD","data":{"price":"0.78150000","symbol":"XRPBUSD"},"level":"info","message":"Latest price","service":"api-d27bc23-binance-XRPBUSD","timestamp":"2022-03-01T17:57:51.187Z"}
{"assetPair":"XRPBUSD","data":{"price":"0.78240000","symbol":"XRPBUSD"},"level":"info","message":"Latest price","service":"api-d27bc23-binance-XRPBUSD","timestamp":"2022-03-01T18:00:51.228Z"}
{"assetPair":"XRPBUSD","data":{"price":"0.78200000","symbol":"XRPBUSD"},"level":"info","message":"Latest price","service":"api-d27bc23-binance-XRPBUSD","timestamp":"2022-03-01T18:03:51.289Z"}
{"assetPair":"XRPBUSD","data":{"price":"0.78160000","symbol":"XRPBUSD"},"level":"info","message":"Latest price","service":"api-d27bc23-binance-XRPBUSD","timestamp":"2022-03-01T18:06:51.323Z"}
{"assetPair":"XRPBUSD","data":{"price":"0.77950000","symbol":"XRPBUSD"},"level":"info","message":"Latest price","service":"api-d27bc23-binance-XRPBUSD","timestamp":"2022-03-01T18:09:51.388Z"}
{"assetPair":"XRPBUSD","data":{"price":"0.77870000","symbol":"XRPBUSD"},"level":"info","message":"Latest price","service":"api-d27bc23-binance-XRPBUSD","timestamp":"2022-03-01T18:12:51.423Z"}
{"assetPair":"XRPBUSD","data":{"price":"0.77840000","symbol":"XRPBUSD"},"level":"info","message":"Latest price","service":"api-d27bc23-binance-XRPBUSD","timestamp":"2022-03-01T18:15:51.460Z"}
{"assetPair":"XRPBUSD","data":{"price":"0.78010000","symbol":"XRPBUSD"},"level":"info","message":"Latest price","service":"api-d27bc23-binance-XRPBUSD","timestamp":"2022-03-01T18:18:51.489Z"}
{"assetPair":"XRPBUSD","data":{"price":"0.78070000","symbol":"XRPBUSD"},"level":"info","message":"Latest price","service":"api-d27bc23-binance-XRPBUSD","timestamp":"2022-03-01T18:21:51.530Z"}
{"assetPair":"XRPBUSD","data":{"price":"0.78010000","symbol":"XRPBUSD"},"level":"info","message":"Latest price","service":"api-d27bc23-binance-XRPBUSD","timestamp":"2022-03-01T18:24:51.565Z"}
{"assetPair":"XRPBUSD","data":{"price":"0.78010000","symbol":"XRPBUSD"},"level":"info","message":"Latest price","service":"api-d27bc23-binance-XRPBUSD","timestamp":"2022-03-01T18:27:51.641Z"}
{"assetPair":"XRPBUSD","data":{"price":"0.78070000","symbol":"XRPBUSD"},"level":"info","message":"Latest price","service":"api-d27bc23-binance-XRPBUSD","timestamp":"2022-03-01T18:30:51.675Z"}
{"assetPair":"XRPBUSD","data":{"price":"0.78090000","symbol":"XRPBUSD"},"level":"info","message":"Latest price","service":"api-d27bc23-binance-XRPBUSD","timestamp":"2022-03-01T18:33:51.730Z"}
{"assetPair":"XRPBUSD","data":{"price":"0.78390000","symbol":"XRPBUSD"},"level":"info","message":"Latest price","service":"api-d27bc23-binance-XRPBUSD","timestamp":"2022-03-01T18:36:51.766Z"}
{"assetPair":"XRPBUSD","data":{"price":"0.78430000","symbol":"XRPBUSD"},"level":"info","message":"Latest price","service":"api-d27bc23-binance-XRPBUSD","timestamp":"2022-03-01T18:39:51.794Z"}
{"assetPair":"XRPBUSD","data":{"price":"0.78460000","symbol":"XRPBUSD"},"level":"info","message":"Latest price","service":"api-d27bc23-binance-XRPBUSD","timestamp":"2022-03-01T18:42:51.854Z"}
{"assetPair":"XRPBUSD","data":{"price":"0.78660000","symbol":"XRPBUSD"},"level":"info","message":"Latest price","service":"api-d27bc23-binance-XRPBUSD","timestamp":"2022-03-01T18:45:51.880Z"}
{"assetPair":"XRPBUSD","data":{"price":"0.78560000","symbol":"XRPBUSD"},"level":"info","message":"Latest price","service":"api-d27bc23-binance-XRPBUSD","timestamp":"2022-03-01T18:48:51.918Z"}
{"assetPair":"XRPBUSD","data":{"price":"0.78610000","symbol":"XRPBUSD"},"level":"info","message":"Latest price","service":"api-d27bc23-binance-XRPBUSD","timestamp":"2022-03-01T18:51:51.978Z"}
{"assetPair":"XRPBUSD","data":{"price":"0.78510000","symbol":"XRPBUSD"},"level":"info","message":"Latest price","service":"api-d27bc23-binance-XRPBUSD","timestamp":"2022-03-01T18:54:52.011Z"}
{"assetPair":"XRPBUSD","data":{"price":"0.78700000","symbol":"XRPBUSD"},"level":"info","message":"Latest price","service":"api-d27bc23-binance-XRPBUSD","timestamp":"2022-03-01T18:57:52.041Z"}
{"assetPair":"XRPBUSD","data":{"price":"0.78650000","symbol":"XRPBUSD"},"level":"info","message":"Latest price","service":"api-d27bc23-binance-XRPBUSD","timestamp":"2022-03-01T19:00:52.078Z"}
{"assetPair":"XRPBUSD","data":{"price":"0.78480000","symbol":"XRPBUSD"},"level":"info","message":"Latest price","service":"api-d27bc23-binance-XRPBUSD","timestamp":"2022-03-01T19:03:52.118Z"}
{"assetPair":"XRPBUSD","data":{"price":"0.78620000","symbol":"XRPBUSD"},"level":"info","message":"Latest price","service":"api-d27bc23-binance-XRPBUSD","timestamp":"2022-03-01T19:06:52.149Z"}
{"assetPair":"XRPBUSD","data":{"price":"0.78550000","symbol":"XRPBUSD"},"level":"info","message":"Latest price","service":"api-d27bc23-binance-XRPBUSD","timestamp":"2022-03-01T19:09:52.179Z"}
{"assetPair":"XRPBUSD","data":{"price":"0.78270000","symbol":"XRPBUSD"},"level":"info","message":"Latest price","service":"api-d27bc23-binance-XRPBUSD","timestamp":"2022-03-01T19:12:52.212Z"}
{"assetPair":"XRPBUSD","data":{"price":"0.78300000","symbol":"XRPBUSD"},"level":"info","message":"Latest price","service":"api-d27bc23-binance-XRPBUSD","timestamp":"2022-03-01T19:15:52.244Z"}
{"assetPair":"XRPBUSD","data":{"price":"0.78390000","symbol":"XRPBUSD"},"level":"info","message":"Latest price","service":"api-d27bc23-binance-XRPBUSD","timestamp":"2022-03-01T19:18:52.275Z"}
{"assetPair":"XRPBUSD","data":{"price":"0.78390000","symbol":"XRPBUSD"},"level":"info","message":"Latest price","service":"api-d27bc23-binance-XRPBUSD","timestamp":"2022-03-01T19:21:52.314Z"}
{"assetPair":"XRPBUSD","data":{"price":"0.78570000","symbol":"XRPBUSD"},"level":"info","message":"Latest price","service":"api-d27bc23-binance-XRPBUSD","timestamp":"2022-03-01T19:24:52.352Z"}
{"assetPair":"XRPBUSD","data":{"price":"0.78580000","symbol":"XRPBUSD"},"level":"info","message":"Latest price","service":"api-d27bc23-binance-XRPBUSD","timestamp":"2022-03-01T19:27:52.382Z"}
{"assetPair":"XRPBUSD","data":{"price":"0.78550000","symbol":"XRPBUSD"},"level":"info","message":"Latest price","service":"api-d27bc23-binance-XRPBUSD","timestamp":"2022-03-01T19:30:52.520Z"}
{"assetPair":"XRPBUSD","data":{"price":"0.78350000","symbol":"XRPBUSD"},"level":"info","message":"Latest price","service":"api-d27bc23-binance-XRPBUSD","timestamp":"2022-03-01T19:33:52.553Z"}
{"assetPair":"XRPBUSD","data":{"price":"0.78250000","symbol":"XRPBUSD"},"level":"info","message":"Latest price","service":"api-d27bc23-binance-XRPBUSD","timestamp":"2022-03-01T19:36:52.588Z"}
{"assetPair":"XRPBUSD","data":{"price":"0.78350000","symbol":"XRPBUSD"},"level":"info","message":"Latest price","service":"api-d27bc23-binance-XRPBUSD","timestamp":"2022-03-01T19:39:52.654Z"}
{"assetPair":"XRPBUSD","data":{"price":"0.78320000","symbol":"XRPBUSD"},"level":"info","message":"Latest price","service":"api-d27bc23-binance-XRPBUSD","timestamp":"2022-03-01T19:42:52.716Z"}
{"assetPair":"XRPBUSD","data":{"price":"0.78340000","symbol":"XRPBUSD"},"level":"info","message":"Latest price","service":"api-d27bc23-binance-XRPBUSD","timestamp":"2022-03-01T19:45:52.748Z"}
{"assetPair":"XRPBUSD","data":{"price":"0.78180000","symbol":"XRPBUSD"},"level":"info","message":"Latest price","service":"api-d27bc23-binance-XRPBUSD","timestamp":"2022-03-01T19:48:52.775Z"}
{"assetPair":"XRPBUSD","data":{"price":"0.78000000","symbol":"XRPBUSD"},"level":"info","message":"Latest price","service":"api-d27bc23-binance-XRPBUSD","timestamp":"2022-03-01T19:51:52.815Z"}
{"assetPair":"XRPBUSD","data":{"price":"0.78000000","symbol":"XRPBUSD"},"level":"info","message":"Latest price","service":"api-d27bc23-binance-XRPBUSD","timestamp":"2022-03-01T19:54:52.849Z"}
{"assetPair":"XRPBUSD","data":{"price":"0.78030000","symbol":"XRPBUSD"},"level":"info","message":"Latest price","service":"api-d27bc23-binance-XRPBUSD","timestamp":"2022-03-01T19:57:52.937Z"}
{"assetPair":"XRPBUSD","data":{"price":"0.78240000","symbol":"XRPBUSD"},"level":"info","message":"Latest price","service":"api-d27bc23-binance-XRPBUSD","timestamp":"2022-03-01T20:00:52.970Z"}
{"assetPair":"XRPBUSD","data":{"price":"0.78300000","symbol":"XRPBUSD"},"level":"info","message":"Latest price","service":"api-d27bc23-binance-XRPBUSD","timestamp":"2022-03-01T20:03:52.997Z"}
{"assetPair":"XRPBUSD","data":{"price":"0.78470000","symbol":"XRPBUSD"},"level":"info","message":"Latest price","service":"api-d27bc23-binance-XRPBUSD","timestamp":"2022-03-01T20:06:53.037Z"}
{"assetPair":"XRPBUSD","data":{"price":"0.78200000","symbol":"XRPBUSD"},"level":"info","message":"Latest price","service":"api-d27bc23-binance-XRPBUSD","timestamp":"2022-03-01T20:09:53.103Z"}
{"assetPair":"XRPBUSD","data":{"price":"0.78340000","symbol":"XRPBUSD"},"level":"info","message":"Latest price","service":"api-d27bc23-binance-XRPBUSD","timestamp":"2022-03-01T20:12:53.141Z"}
{"assetPair":"XRPBUSD","data":{"price":"0.78520000","symbol":"XRPBUSD"},"level":"info","message":"Latest price","service":"api-d27bc23-binance-XRPBUSD","timestamp":"2022-03-01T20:15:53.221Z"}
{"assetPair":"XRPBUSD","data":{"price":"0.78270000","symbol":"XRPBUSD"},"level":"info","message":"Latest price","service":"api-d27bc23-binance-XRPBUSD","timestamp":"2022-03-01T20:18:53.254Z"}
{"assetPair":"XRPBUSD","data":{"price":"0.78270000","symbol":"XRPBUSD"},"level":"info","message":"Latest price","service":"api-d27bc23-binance-XRPBUSD","timestamp":"2022-03-01T20:21:53.296Z"}
{"assetPair":"XRPBUSD","data":{"price":"0.78380000","symbol":"XRPBUSD"},"level":"info","message":"Latest price","service":"api-d27bc23-binance-XRPBUSD","timestamp":"2022-03-01T20:24:53.374Z"}
{"assetPair":"XRPBUSD","data":{"price":"0.78430000","symbol":"XRPBUSD"},"level":"info","message":"Latest price","service":"api-d27bc23-binance-XRPBUSD","timestamp":"2022-03-01T20:27:53.402Z"}
{"assetPair":"XRPBUSD","data":{"price":"0.78170000","symbol":"XRPBUSD"},"level":"info","message":"Latest price","service":"api-d27bc23-binance-XRPBUSD","timestamp":"2022-03-01T20:30:53.441Z"}
{"assetPair":"XRPBUSD","data":{"price":"0.78300000","symbol":"XRPBUSD"},"level":"info","message":"Latest price","service":"api-d27bc23-binance-XRPBUSD","timestamp":"2022-03-01T20:33:53.482Z"}
{"assetPair":"XRPBUSD","data":{"price":"0.78300000","symbol":"XRPBUSD"},"level":"info","message":"Latest price","service":"api-d27bc23-binance-XRPBUSD","timestamp":"2022-03-01T20:36:53.534Z"}
{"assetPair":"XRPBUSD","data":{"price":"0.78440000","symbol":"XRPBUSD"},"level":"info","message":"Latest price","service":"api-d27bc23-binance-XRPBUSD","timestamp":"2022-03-01T20:39:53.561Z"}
{"assetPair":"XRPBUSD","data":{"price":"0.78470000","symbol":"XRPBUSD"},"level":"info","message":"Latest price","service":"api-d27bc23-binance-XRPBUSD","timestamp":"2022-03-01T20:42:53.600Z"}
{"assetPair":"XRPBUSD","data":{"price":"0.78270000","symbol":"XRPBUSD"},"level":"info","message":"Latest price","service":"api-d27bc23-binance-XRPBUSD","timestamp":"2022-03-01T20:45:53.631Z"}
{"assetPair":"XRPBUSD","data":{"price":"0.78270000","symbol":"XRPBUSD"},"level":"info","message":"Latest price","service":"api-d27bc23-binance-XRPBUSD","timestamp":"2022-03-01T20:48:53.702Z"}
{"assetPair":"XRPBUSD","data":{"price":"0.78240000","symbol":"XRPBUSD"},"level":"info","message":"Latest price","service":"api-d27bc23-binance-XRPBUSD","timestamp":"2022-03-01T20:51:53.733Z"}
{"assetPair":"XRPBUSD","data":{"price":"0.78460000","symbol":"XRPBUSD"},"level":"info","message":"Latest price","service":"api-d27bc23-binance-XRPBUSD","timestamp":"2022-03-01T20:54:53.770Z"}
{"assetPair":"XRPBUSD","data":{"price":"0.78500000","symbol":"XRPBUSD"},"level":"info","message":"Latest price","service":"api-d27bc23-binance-XRPBUSD","timestamp":"2022-03-01T20:57:53.809Z"}
{"assetPair":"XRPBUSD","data":{"price":"0.78610000","symbol":"XRPBUSD"},"level":"info","message":"Latest price","service":"api-d27bc23-binance-XRPBUSD","timestamp":"2022-03-01T21:00:53.842Z"}
{"assetPair":"XRPBUSD","data":{"price":"0.78730000","symbol":"XRPBUSD"},"level":"info","message":"Latest price","service":"api-d27bc23-binance-XRPBUSD","timestamp":"2022-03-01T21:03:53.871Z"}
{"assetPair":"XRPBUSD","data":{"price":"0.78740000","symbol":"XRPBUSD"},"level":"info","message":"Latest price","service":"api-d27bc23-binance-XRPBUSD","timestamp":"2022-03-01T21:06:53.938Z"}
{"assetPair":"XRPBUSD","data":{"price":"0.78720000","symbol":"XRPBUSD"},"level":"info","message":"Latest price","service":"api-d27bc23-binance-XRPBUSD","timestamp":"2022-03-01T21:09:53.969Z"}
{"assetPair":"XRPBUSD","data":{"price":"0.78630000","symbol":"XRPBUSD"},"level":"info","message":"Latest price","service":"api-d27bc23-binance-XRPBUSD","timestamp":"2022-03-01T21:12:54.003Z"}
{"assetPair":"XRPBUSD","data":{"price":"0.78370000","symbol":"XRPBUSD"},"level":"info","message":"Latest price","service":"api-d27bc23-binance-XRPBUSD","timestamp":"2022-03-01T21:15:54.042Z"}
{"assetPair":"XRPBUSD","data":{"price":"0.78130000","symbol":"XRPBUSD"},"level":"info","message":"Latest price","service":"api-d27bc23-binance-XRPBUSD","timestamp":"2022-03-01T21:18:54.121Z"}
{"assetPair":"XRPBUSD","data":{"price":"0.78260000","symbol":"XRPBUSD"},"level":"info","message":"Latest price","service":"api-d27bc23-binance-XRPBUSD","timestamp":"2022-03-01T21:21:54.184Z"}
{"assetPair":"XRPBUSD","data":{"price":"0.78170000","symbol":"XRPBUSD"},"level":"info","message":"Latest price","service":"api-d27bc23-binance-XRPBUSD","timestamp":"2022-03-01T21:24:54.253Z"}
{"assetPair":"XRPBUSD","data":{"price":"0.78370000","symbol":"XRPBUSD"},"level":"info","message":"Latest price","service":"api-d27bc23-binance-XRPBUSD","timestamp":"2022-03-01T21:27:54.282Z"}
{"assetPair":"XRPBUSD","data":{"price":"0.78340000","symbol":"XRPBUSD"},"level":"info","message":"Latest price","service":"api-d27bc23-binance-XRPBUSD","timestamp":"2022-03-01T21:30:54.312Z"}
{"assetPair":"XRPBUSD","data":{"price":"0.78050000","symbol":"XRPBUSD"},"level":"info","message":"Latest price","service":"api-d27bc23-binance-XRPBUSD","timestamp":"2022-03-01T21:33:54.362Z"}
{"assetPair":"XRPBUSD","data":{"price":"0.78050000","symbol":"XRPBUSD"},"level":"info","message":"Latest price","service":"api-d27bc23-binance-XRPBUSD","timestamp":"2022-03-01T21:36:54.400Z"}
{"assetPair":"XRPBUSD","data":{"price":"0.78100000","symbol":"XRPBUSD"},"level":"info","message":"Latest price","service":"api-d27bc23-binance-XRPBUSD","timestamp":"2022-03-01T21:39:54.439Z"}
{"assetPair":"XRPBUSD","data":{"price":"0.78110000","symbol":"XRPBUSD"},"level":"info","message":"Latest price","service":"api-d27bc23-binance-XRPBUSD","timestamp":"2022-03-01T21:42:54.473Z"}
{"assetPair":"XRPBUSD","data":{"price":"0.78160000","symbol":"XRPBUSD"},"level":"info","message":"Latest price","service":"api-d27bc23-binance-XRPBUSD","timestamp":"2022-03-01T21:45:54.530Z"}
{"assetPair":"XRPBUSD","data":{"price":"0.78250000","symbol":"XRPBUSD"},"level":"info","message":"Latest price","service":"api-d27bc23-binance-XRPBUSD","timestamp":"2022-03-01T21:48:54.568Z"}
{"assetPair":"XRPBUSD","data":{"price":"0.78290000","symbol":"XRPBUSD"},"level":"info","message":"Latest price","service":"api-d27bc23-binance-XRPBUSD","timestamp":"2022-03-01T21:51:54.640Z"}
{"assetPair":"XRPBUSD","data":{"price":"0.78200000","symbol":"XRPBUSD"},"level":"info","message":"Latest price","service":"api-d27bc23-binance-XRPBUSD","timestamp":"2022-03-01T21:54:54.707Z"}
{"assetPair":"XRPBUSD","data":{"price":"0.78390000","symbol":"XRPBUSD"},"level":"info","message":"Latest price","service":"api-d27bc23-binance-XRPBUSD","timestamp":"2022-03-01T21:57:54.738Z"}
{"assetPair":"XRPBUSD","data":{"price":"0.78210000","symbol":"XRPBUSD"},"level":"info","message":"Latest price","service":"api-d27bc23-binance-XRPBUSD","timestamp":"2022-03-01T22:00:54.773Z"}
{"assetPair":"XRPBUSD","data":{"price":"0.78040000","symbol":"XRPBUSD"},"level":"info","message":"Latest price","service":"api-d27bc23-binance-XRPBUSD","timestamp":"2022-03-01T22:03:54.812Z"}
{"assetPair":"XRPBUSD","data":{"price":"0.78190000","symbol":"XRPBUSD"},"level":"info","message":"Latest price","service":"api-d27bc23-binance-XRPBUSD","timestamp":"2022-03-01T22:06:54.850Z"}
{"assetPair":"XRPBUSD","data":{"price":"0.78170000","symbol":"XRPBUSD"},"level":"info","message":"Latest price","service":"api-d27bc23-binance-XRPBUSD","timestamp":"2022-03-01T22:09:54.882Z"}
{"assetPair":"XRPBUSD","data":{"price":"0.78060000","symbol":"XRPBUSD"},"level":"info","message":"Latest price","service":"api-d27bc23-binance-XRPBUSD","timestamp":"2022-03-01T22:12:54.908Z"}
{"assetPair":"XRPBUSD","data":{"price":"0.78180000","symbol":"XRPBUSD"},"level":"info","message":"Latest price","service":"api-d27bc23-binance-XRPBUSD","timestamp":"2022-03-01T22:15:54.954Z"}
{"assetPair":"XRPBUSD","data":{"price":"0.78150000","symbol":"XRPBUSD"},"level":"info","message":"Latest price","service":"api-d27bc23-binance-XRPBUSD","timestamp":"2022-03-01T22:18:55.012Z"}
{"assetPair":"XRPBUSD","data":{"price":"0.78450000","symbol":"XRPBUSD"},"level":"info","message":"Latest price","service":"api-d27bc23-binance-XRPBUSD","timestamp":"2022-03-01T22:21:55.039Z"}
{"assetPair":"XRPBUSD","data":{"price":"0.78740000","symbol":"XRPBUSD"},"level":"info","message":"Latest price","service":"api-d27bc23-binance-XRPBUSD","timestamp":"2022-03-01T22:24:55.094Z"}
{"assetPair":"XRPBUSD","data":{"price":"0.78610000","symbol":"XRPBUSD"},"level":"info","message":"Latest price","service":"api-d27bc23-binance-XRPBUSD","timestamp":"2022-03-01T22:27:55.126Z"}
{"assetPair":"XRPBUSD","data":{"price":"0.78580000","symbol":"XRPBUSD"},"level":"info","message":"Latest price","service":"api-d27bc23-binance-XRPBUSD","timestamp":"2022-03-01T22:30:55.191Z"}
{"assetPair":"XRPBUSD","data":{"price":"0.78330000","symbol":"XRPBUSD"},"level":"info","message":"Latest price","service":"api-d27bc23-binance-XRPBUSD","timestamp":"2022-03-01T22:33:55.229Z"}
{"assetPair":"XRPBUSD","data":{"price":"0.78600000","symbol":"XRPBUSD"},"level":"info","message":"Latest price","service":"api-d27bc23-binance-XRPBUSD","timestamp":"2022-03-01T22:36:55.261Z"}
{"assetPair":"XRPBUSD","data":{"price":"0.78520000","symbol":"XRPBUSD"},"level":"info","message":"Latest price","service":"api-d27bc23-binance-XRPBUSD","timestamp":"2022-03-01T22:39:55.297Z"}
{"assetPair":"XRPBUSD","data":{"price":"0.78750000","symbol":"XRPBUSD"},"level":"info","message":"Latest price","service":"api-d27bc23-binance-XRPBUSD","timestamp":"2022-03-01T22:42:55.341Z"}
{"assetPair":"XRPBUSD","data":{"price":"0.78580000","symbol":"XRPBUSD"},"level":"info","message":"Latest price","service":"api-d27bc23-binance-XRPBUSD","timestamp":"2022-03-01T22:45:55.372Z"}
{"assetPair":"XRPBUSD","data":{"price":"0.78580000","symbol":"XRPBUSD"},"level":"info","message":"Latest price","service":"api-d27bc23-binance-XRPBUSD","timestamp":"2022-03-01T22:48:55.404Z"}
{"assetPair":"XRPBUSD","data":{"price":"0.78600000","symbol":"XRPBUSD"},"level":"info","message":"Latest price","service":"api-d27bc23-binance-XRPBUSD","timestamp":"2022-03-01T22:51:55.432Z"}
{"assetPair":"XRPBUSD","data":{"price":"0.78630000","symbol":"XRPBUSD"},"level":"info","message":"Latest price","service":"api-d27bc23-binance-XRPBUSD","timestamp":"2022-03-01T22:54:55.467Z"}
{"assetPair":"XRPBUSD","data":{"price":"0.78760000","symbol":"XRPBUSD"},"level":"info","message":"Latest price","service":"api-d27bc23-binance-XRPBUSD","timestamp":"2022-03-01T22:57:55.510Z"}
{"assetPair":"XRPBUSD","data":{"price":"0.78650000","symbol":"XRPBUSD"},"level":"info","message":"Latest price","service":"api-d27bc23-binance-XRPBUSD","timestamp":"2022-03-01T23:00:55.606Z"}
{"assetPair":"XRPBUSD","data":{"price":"0.78620000","symbol":"XRPBUSD"},"level":"info","message":"Latest price","service":"api-d27bc23-binance-XRPBUSD","timestamp":"2022-03-01T23:03:55.637Z"}
{"assetPair":"XRPBUSD","data":{"price":"0.78500000","symbol":"XRPBUSD"},"level":"info","message":"Latest price","service":"api-d27bc23-binance-XRPBUSD","timestamp":"2022-03-01T23:06:55.700Z"}
{"assetPair":"XRPBUSD","data":{"price":"0.78400000","symbol":"XRPBUSD"},"level":"info","message":"Latest price","service":"api-d27bc23-binance-XRPBUSD","timestamp":"2022-03-01T23:09:55.775Z"}
{"assetPair":"XRPBUSD","data":{"price":"0.78350000","symbol":"XRPBUSD"},"level":"info","message":"Latest price","service":"api-d27bc23-binance-XRPBUSD","timestamp":"2022-03-01T23:12:55.824Z"}
{"assetPair":"XRPBUSD","data":{"price":"0.78410000","symbol":"XRPBUSD"},"level":"info","message":"Latest price","service":"api-d27bc23-binance-XRPBUSD","timestamp":"2022-03-01T23:15:55.852Z"}
{"assetPair":"XRPBUSD","data":{"price":"0.78430000","symbol":"XRPBUSD"},"level":"info","message":"Latest price","service":"api-d27bc23-binance-XRPBUSD","timestamp":"2022-03-01T23:18:55.888Z"}
{"assetPair":"XRPBUSD","data":{"price":"0.78460000","symbol":"XRPBUSD"},"level":"info","message":"Latest price","service":"api-d27bc23-binance-XRPBUSD","timestamp":"2022-03-01T23:21:55.958Z"}
{"assetPair":"XRPBUSD","data":{"price":"0.78470000","symbol":"XRPBUSD"},"level":"info","message":"Latest price","service":"api-d27bc23-binance-XRPBUSD","timestamp":"2022-03-01T23:24:55.988Z"}
{"assetPair":"XRPBUSD","data":{"price":"0.78530000","symbol":"XRPBUSD"},"level":"info","message":"Latest price","service":"api-d27bc23-binance-XRPBUSD","timestamp":"2022-03-01T23:27:56.021Z"}
{"assetPair":"XRPBUSD","data":{"price":"0.78440000","symbol":"XRPBUSD"},"level":"info","message":"Latest price","service":"api-d27bc23-binance-XRPBUSD","timestamp":"2022-03-01T23:30:56.055Z"}
{"assetPair":"XRPBUSD","data":{"price":"0.78470000","symbol":"XRPBUSD"},"level":"info","message":"Latest price","service":"api-d27bc23-binance-XRPBUSD","timestamp":"2022-03-01T23:33:56.083Z"}
{"assetPair":"XRPBUSD","data":{"price":"0.78670000","symbol":"XRPBUSD"},"level":"info","message":"Latest price","service":"api-d27bc23-binance-XRPBUSD","timestamp":"2022-03-01T23:36:56.118Z"}
{"assetPair":"XRPBUSD","data":{"price":"0.78670000","symbol":"XRPBUSD"},"level":"info","message":"Latest price","service":"api-d27bc23-binance-XRPBUSD","timestamp":"2022-03-01T23:39:56.162Z"}
{"assetPair":"XRPBUSD","data":{"price":"0.78650000","symbol":"XRPBUSD"},"level":"info","message":"Latest price","service":"api-d27bc23-binance-XRPBUSD","timestamp":"2022-03-01T23:42:56.201Z"}
{"assetPair":"XRPBUSD","data":{"price":"0.78740000","symbol":"XRPBUSD"},"level":"info","message":"Latest price","service":"api-d27bc23-binance-XRPBUSD","timestamp":"2022-03-01T23:45:56.239Z"}
{"assetPair":"XRPBUSD","data":{"price":"0.78560000","symbol":"XRPBUSD"},"level":"info","message":"Latest price","service":"api-d27bc23-binance-XRPBUSD","timestamp":"2022-03-01T23:48:56.314Z"}
{"assetPair":"XRPBUSD","data":{"price":"0.78690000","symbol":"XRPBUSD"},"level":"info","message":"Latest price","service":"api-d27bc23-binance-XRPBUSD","timestamp":"2022-03-01T23:51:56.355Z"}
{"assetPair":"XRPBUSD","data":{"price":"0.78420000","symbol":"XRPBUSD"},"level":"info","message":"Latest price","service":"api-d27bc23-binance-XRPBUSD","timestamp":"2022-03-01T23:54:56.398Z"}
{"assetPair":"XRPBUSD","data":{"price":"0.78460000","symbol":"XRPBUSD"},"level":"info","message":"Latest price","service":"api-d27bc23-binance-XRPBUSD","timestamp":"2022-03-01T23:57:56.433Z"}
{"assetPair":"XRPBUSD","data":{"price":"0.78340000","symbol":"XRPBUSD"},"level":"info","message":"Latest price","service":"api-d27bc23-binance-XRPBUSD","timestamp":"2022-03-02T00:00:56.500Z"}
{"assetPair":"XRPBUSD","data":{"price":"0.78090000","symbol":"XRPBUSD"},"level":"info","message":"Latest price","service":"api-d27bc23-binance-XRPBUSD","timestamp":"2022-03-02T00:03:56.532Z"}
{"assetPair":"XRPBUSD","data":{"price":"0.78120000","symbol":"XRPBUSD"},"level":"info","message":"Latest price","service":"api-d27bc23-binance-XRPBUSD","timestamp":"2022-03-02T00:06:56.569Z"}
{"assetPair":"XRPBUSD","data":{"price":"0.77910000","symbol":"XRPBUSD"},"level":"info","message":"Latest price","service":"api-d27bc23-binance-XRPBUSD","timestamp":"2022-03-02T00:09:56.610Z"}
{"assetPair":"XRPBUSD","data":{"price":"0.77890000","symbol":"XRPBUSD"},"level":"info","message":"Latest price","service":"api-d27bc23-binance-XRPBUSD","timestamp":"2022-03-02T00:12:56.644Z"}
{"assetPair":"XRPBUSD","data":{"price":"0.78100000","symbol":"XRPBUSD"},"level":"info","message":"Latest price","service":"api-d27bc23-binance-XRPBUSD","timestamp":"2022-03-02T00:15:56.675Z"}
{"assetPair":"XRPBUSD","data":{"price":"0.78080000","symbol":"XRPBUSD"},"level":"info","message":"Latest price","service":"api-d27bc23-binance-XRPBUSD","timestamp":"2022-03-02T00:18:56.753Z"}
{"assetPair":"XRPBUSD","data":{"price":"0.77960000","symbol":"XRPBUSD"},"level":"info","message":"Latest price","service":"api-d27bc23-binance-XRPBUSD","timestamp":"2022-03-02T00:21:56.817Z"}
{"assetPair":"XRPBUSD","data":{"price":"0.77580000","symbol":"XRPBUSD"},"level":"info","message":"Latest price","service":"api-d27bc23-binance-XRPBUSD","timestamp":"2022-03-02T00:24:56.854Z"}
{"assetPair":"XRPBUSD","data":{"price":"0.77380000","symbol":"XRPBUSD"},"level":"info","message":"Latest price","service":"api-d27bc23-binance-XRPBUSD","timestamp":"2022-03-02T00:27:56.933Z"}
{"assetPair":"XRPBUSD","data":{"price":"0.77230000","symbol":"XRPBUSD"},"level":"info","message":"Latest price","service":"api-d27bc23-binance-XRPBUSD","timestamp":"2022-03-02T00:30:56.966Z"}
{"assetPair":"XRPBUSD","data":{"price":"0.77200000","symbol":"XRPBUSD"},"level":"info","message":"Latest price","service":"api-d27bc23-binance-XRPBUSD","timestamp":"2022-03-02T00:33:57.023Z"}
{"assetPair":"XRPBUSD","data":{"price":"0.77030000","symbol":"XRPBUSD"},"level":"info","message":"Latest price","service":"api-d27bc23-binance-XRPBUSD","timestamp":"2022-03-02T00:36:57.084Z"}
{"assetPair":"XRPBUSD","data":{"price":"0.77420000","symbol":"XRPBUSD"},"level":"info","message":"Latest price","service":"api-d27bc23-binance-XRPBUSD","timestamp":"2022-03-02T00:39:57.115Z"}
{"assetPair":"XRPBUSD","data":{"price":"0.77330000","symbol":"XRPBUSD"},"level":"info","message":"Latest price","service":"api-d27bc23-binance-XRPBUSD","timestamp":"2022-03-02T00:42:57.185Z"}
{"assetPair":"XRPBUSD","data":{"price":"0.77540000","symbol":"XRPBUSD"},"level":"info","message":"Latest price","service":"api-d27bc23-binance-XRPBUSD","timestamp":"2022-03-02T00:45:57.214Z"}
{"assetPair":"XRPBUSD","data":{"price":"0.77490000","symbol":"XRPBUSD"},"level":"info","message":"Latest price","service":"api-d27bc23-binance-XRPBUSD","timestamp":"2022-03-02T00:48:57.254Z"}
{"assetPair":"XRPBUSD","data":{"price":"0.77250000","symbol":"XRPBUSD"},"level":"info","message":"Latest price","service":"api-d27bc23-binance-XRPBUSD","timestamp":"2022-03-02T00:51:57.289Z"}
{"assetPair":"XRPBUSD","data":{"price":"0.77370000","symbol":"XRPBUSD"},"level":"info","message":"Latest price","service":"api-d27bc23-binance-XRPBUSD","timestamp":"2022-03-02T00:54:57.316Z"}
{"assetPair":"XRPBUSD","data":{"price":"0.77430000","symbol":"XRPBUSD"},"level":"info","message":"Latest price","service":"api-d27bc23-binance-XRPBUSD","timestamp":"2022-03-02T00:57:57.408Z"}
{"assetPair":"XRPBUSD","data":{"price":"0.77520000","symbol":"XRPBUSD"},"level":"info","message":"Latest price","service":"api-d27bc23-binance-XRPBUSD","timestamp":"2022-03-02T01:00:57.467Z"}
{"assetPair":"XRPBUSD","data":{"price":"0.77670000","symbol":"XRPBUSD"},"level":"info","message":"Latest price","service":"api-d27bc23-binance-XRPBUSD","timestamp":"2022-03-02T01:03:57.498Z"}
{"assetPair":"XRPBUSD","data":{"price":"0.77700000","symbol":"XRPBUSD"},"level":"info","message":"Latest price","service":"api-d27bc23-binance-XRPBUSD","timestamp":"2022-03-02T01:06:57.532Z"}
{"assetPair":"XRPBUSD","data":{"price":"0.77760000","symbol":"XRPBUSD"},"level":"info","message":"Latest price","service":"api-d27bc23-binance-XRPBUSD","timestamp":"2022-03-02T01:09:57.569Z"}
{"assetPair":"XRPBUSD","data":{"price":"0.77700000","symbol":"XRPBUSD"},"level":"info","message":"Latest price","service":"api-d27bc23-binance-XRPBUSD","timestamp":"2022-03-02T01:12:57.598Z"}
{"assetPair":"XRPBUSD","data":{"price":"0.77510000","symbol":"XRPBUSD"},"level":"info","message":"Latest price","service":"api-d27bc23-binance-XRPBUSD","timestamp":"2022-03-02T01:15:57.677Z"}
{"assetPair":"XRPBUSD","data":{"price":"0.77380000","symbol":"XRPBUSD"},"level":"info","message":"Latest price","service":"api-d27bc23-binance-XRPBUSD","timestamp":"2022-03-02T01:18:57.736Z"}
{"assetPair":"XRPBUSD","data":{"price":"0.77000000","symbol":"XRPBUSD"},"level":"info","message":"Latest price","service":"api-d27bc23-binance-XRPBUSD","timestamp":"2022-03-02T01:21:57.760Z"}
{"assetPair":"XRPBUSD","data":{"price":"0.77160000","symbol":"XRPBUSD"},"level":"info","message":"Latest price","service":"api-d27bc23-binance-XRPBUSD","timestamp":"2022-03-02T01:24:57.792Z"}
{"assetPair":"XRPBUSD","data":{"price":"0.77080000","symbol":"XRPBUSD"},"level":"info","message":"Latest price","service":"api-d27bc23-binance-XRPBUSD","timestamp":"2022-03-02T01:27:57.822Z"}
{"assetPair":"XRPBUSD","data":{"price":"0.77070000","symbol":"XRPBUSD"},"level":"info","message":"Latest price","service":"api-d27bc23-binance-XRPBUSD","timestamp":"2022-03-02T01:30:57.894Z"}
{"assetPair":"XRPBUSD","data":{"price":"0.77350000","symbol":"XRPBUSD"},"level":"info","message":"Latest price","service":"api-d27bc23-binance-XRPBUSD","timestamp":"2022-03-02T01:33:57.932Z"}
{"assetPair":"XRPBUSD","data":{"price":"0.77390000","symbol":"XRPBUSD"},"level":"info","message":"Latest price","service":"api-d27bc23-binance-XRPBUSD","timestamp":"2022-03-02T01:36:57.964Z"}
{"assetPair":"XRPBUSD","data":{"price":"0.77170000","symbol":"XRPBUSD"},"level":"info","message":"Latest price","service":"api-d27bc23-binance-XRPBUSD","timestamp":"2022-03-02T01:39:58.007Z"}
{"assetPair":"XRPBUSD","data":{"price":"0.77160000","symbol":"XRPBUSD"},"level":"info","message":"Latest price","service":"api-d27bc23-binance-XRPBUSD","timestamp":"2022-03-02T01:42:58.038Z"}
{"assetPair":"XRPBUSD","data":{"price":"0.77070000","symbol":"XRPBUSD"},"level":"info","message":"Latest price","service":"api-d27bc23-binance-XRPBUSD","timestamp":"2022-03-02T01:45:58.081Z"}
{"assetPair":"XRPBUSD","data":{"price":"0.77210000","symbol":"XRPBUSD"},"level":"info","message":"Latest price","service":"api-d27bc23-binance-XRPBUSD","timestamp":"2022-03-02T01:48:58.111Z"}
{"assetPair":"XRPBUSD","data":{"price":"0.77220000","symbol":"XRPBUSD"},"level":"info","message":"Latest price","service":"api-d27bc23-binance-XRPBUSD","timestamp":"2022-03-02T01:51:58.149Z"}
{"assetPair":"XRPBUSD","data":{"price":"0.77340000","symbol":"XRPBUSD"},"level":"info","message":"Latest price","service":"api-d27bc23-binance-XRPBUSD","timestamp":"2022-03-02T01:54:58.179Z"}
{"assetPair":"XRPBUSD","data":{"price":"0.77390000","symbol":"XRPBUSD"},"level":"info","message":"Latest price","service":"api-d27bc23-binance-XRPBUSD","timestamp":"2022-03-02T01:57:58.213Z"}
{"assetPair":"XRPBUSD","data":{"price":"0.77220000","symbol":"XRPBUSD"},"level":"info","message":"Latest price","service":"api-d27bc23-binance-XRPBUSD","timestamp":"2022-03-02T02:00:58.254Z"}
{"assetPair":"XRPBUSD","data":{"price":"0.77330000","symbol":"XRPBUSD"},"level":"info","message":"Latest price","service":"api-d27bc23-binance-XRPBUSD","timestamp":"2022-03-02T02:03:58.304Z"}
{"assetPair":"XRPBUSD","data":{"price":"0.77390000","symbol":"XRPBUSD"},"level":"info","message":"Latest price","service":"api-d27bc23-binance-XRPBUSD","timestamp":"2022-03-02T02:06:58.345Z"}
{"assetPair":"XRPBUSD","data":{"price":"0.77320000","symbol":"XRPBUSD"},"level":"info","message":"Latest price","service":"api-d27bc23-binance-XRPBUSD","timestamp":"2022-03-02T02:09:58.405Z"}
{"assetPair":"XRPBUSD","data":{"price":"0.77400000","symbol":"XRPBUSD"},"level":"info","message":"Latest price","service":"api-d27bc23-binance-XRPBUSD","timestamp":"2022-03-02T02:12:58.438Z"}
{"assetPair":"XRPBUSD","data":{"price":"0.77240000","symbol":"XRPBUSD"},"level":"info","message":"Latest price","service":"api-d27bc23-binance-XRPBUSD","timestamp":"2022-03-02T02:15:58.468Z"}
{"assetPair":"XRPBUSD","data":{"price":"0.77130000","symbol":"XRPBUSD"},"level":"info","message":"Latest price","service":"api-d27bc23-binance-XRPBUSD","timestamp":"2022-03-02T02:18:58.501Z"}
{"assetPair":"XRPBUSD","data":{"price":"0.77150000","symbol":"XRPBUSD"},"level":"info","message":"Latest price","service":"api-d27bc23-binance-XRPBUSD","timestamp":"2022-03-02T02:21:58.535Z"}
{"assetPair":"XRPBUSD","data":{"price":"0.77210000","symbol":"XRPBUSD"},"level":"info","message":"Latest price","service":"api-d27bc23-binance-XRPBUSD","timestamp":"2022-03-02T02:24:58.571Z"}
{"assetPair":"XRPBUSD","data":{"price":"0.77190000","symbol":"XRPBUSD"},"level":"info","message":"Latest price","service":"api-d27bc23-binance-XRPBUSD","timestamp":"2022-03-02T02:27:58.635Z"}
{"assetPair":"XRPBUSD","data":{"price":"0.77360000","symbol":"XRPBUSD"},"level":"info","message":"Latest price","service":"api-d27bc23-binance-XRPBUSD","timestamp":"2022-03-02T02:30:58.670Z"}
{"assetPair":"XRPBUSD","data":{"price":"0.77340000","symbol":"XRPBUSD"},"level":"info","message":"Latest price","service":"api-d27bc23-binance-XRPBUSD","timestamp":"2022-03-02T02:33:58.709Z"}
{"assetPair":"XRPBUSD","data":{"price":"0.77160000","symbol":"XRPBUSD"},"level":"info","message":"Latest price","service":"api-d27bc23-binance-XRPBUSD","timestamp":"2022-03-02T02:36:58.761Z"}
{"assetPair":"XRPBUSD","data":{"price":"0.76720000","symbol":"XRPBUSD"},"level":"info","message":"Latest price","service":"api-d27bc23-binance-XRPBUSD","timestamp":"2022-03-02T02:39:58.795Z"}
{"assetPair":"XRPBUSD","data":{"price":"0.76720000","symbol":"XRPBUSD"},"level":"info","message":"Latest price","service":"api-d27bc23-binance-XRPBUSD","timestamp":"2022-03-02T02:42:58.860Z"}
{"assetPair":"XRPBUSD","data":{"price":"0.76800000","symbol":"XRPBUSD"},"level":"info","message":"Latest price","service":"api-d27bc23-binance-XRPBUSD","timestamp":"2022-03-02T02:45:58.907Z"}
{"assetPair":"XRPBUSD","data":{"price":"0.76730000","symbol":"XRPBUSD"},"level":"info","message":"Latest price","service":"api-d27bc23-binance-XRPBUSD","timestamp":"2022-03-02T02:48:58.936Z"}
{"assetPair":"XRPBUSD","data":{"price":"0.76660000","symbol":"XRPBUSD"},"level":"info","message":"Latest price","service":"api-d27bc23-binance-XRPBUSD","timestamp":"2022-03-02T02:51:58.979Z"}
{"assetPair":"XRPBUSD","data":{"price":"0.76710000","symbol":"XRPBUSD"},"level":"info","message":"Latest price","service":"api-d27bc23-binance-XRPBUSD","timestamp":"2022-03-02T02:54:59.044Z"}
{"assetPair":"XRPBUSD","data":{"price":"0.76980000","symbol":"XRPBUSD"},"level":"info","message":"Latest price","service":"api-d27bc23-binance-XRPBUSD","timestamp":"2022-03-02T02:57:59.112Z"}
{"assetPair":"XRPBUSD","data":{"price":"0.76920000","symbol":"XRPBUSD"},"level":"info","message":"Latest price","service":"api-d27bc23-binance-XRPBUSD","timestamp":"2022-03-02T03:00:59.152Z"}
{"assetPair":"XRPBUSD","data":{"price":"0.77070000","symbol":"XRPBUSD"},"level":"info","message":"Latest price","service":"api-d27bc23-binance-XRPBUSD","timestamp":"2022-03-02T03:03:59.183Z"}
{"assetPair":"XRPBUSD","data":{"price":"0.77260000","symbol":"XRPBUSD"},"level":"info","message":"Latest price","service":"api-d27bc23-binance-XRPBUSD","timestamp":"2022-03-02T03:06:59.215Z"}
{"assetPair":"XRPBUSD","data":{"price":"0.77330000","symbol":"XRPBUSD"},"level":"info","message":"Latest price","service":"api-d27bc23-binance-XRPBUSD","timestamp":"2022-03-02T03:09:59.245Z"}
{"assetPair":"XRPBUSD","data":{"price":"0.77340000","symbol":"XRPBUSD"},"level":"info","message":"Latest price","service":"api-d27bc23-binance-XRPBUSD","timestamp":"2022-03-02T03:12:59.282Z"}
{"assetPair":"XRPBUSD","data":{"price":"0.77370000","symbol":"XRPBUSD"},"level":"info","message":"Latest price","service":"api-d27bc23-binance-XRPBUSD","timestamp":"2022-03-02T03:15:59.319Z"}
{"assetPair":"XRPBUSD","data":{"price":"0.77310000","symbol":"XRPBUSD"},"level":"info","message":"Latest price","service":"api-d27bc23-binance-XRPBUSD","timestamp":"2022-03-02T03:18:59.351Z"}
{"assetPair":"XRPBUSD","data":{"price":"0.77260000","symbol":"XRPBUSD"},"level":"info","message":"Latest price","service":"api-d27bc23-binance-XRPBUSD","timestamp":"2022-03-02T03:21:59.433Z"}
{"assetPair":"XRPBUSD","data":{"price":"0.77260000","symbol":"XRPBUSD"},"level":"info","message":"Latest price","service":"api-d27bc23-binance-XRPBUSD","timestamp":"2022-03-02T03:24:59.529Z"}
{"assetPair":"XRPBUSD","data":{"price":"0.77270000","symbol":"XRPBUSD"},"level":"info","message":"Latest price","service":"api-d27bc23-binance-XRPBUSD","timestamp":"2022-03-02T03:27:59.594Z"}
{"assetPair":"XRPBUSD","data":{"price":"0.77220000","symbol":"XRPBUSD"},"level":"info","message":"Latest price","service":"api-d27bc23-binance-XRPBUSD","timestamp":"2022-03-02T03:30:59.630Z"}
{"assetPair":"XRPBUSD","data":{"price":"0.77430000","symbol":"XRPBUSD"},"level":"info","message":"Latest price","service":"api-d27bc23-binance-XRPBUSD","timestamp":"2022-03-02T03:33:59.667Z"}
{"assetPair":"XRPBUSD","data":{"price":"0.77580000","symbol":"XRPBUSD"},"level":"info","message":"Latest price","service":"api-d27bc23-binance-XRPBUSD","timestamp":"2022-03-02T03:36:59.706Z"}
{"assetPair":"XRPBUSD","data":{"price":"0.77760000","symbol":"XRPBUSD"},"level":"info","message":"Latest price","service":"api-d27bc23-binance-XRPBUSD","timestamp":"2022-03-02T03:39:59.751Z"}
{"assetPair":"XRPBUSD","data":{"price":"0.77740000","symbol":"XRPBUSD"},"level":"info","message":"Latest price","service":"api-d27bc23-binance-XRPBUSD","timestamp":"2022-03-02T03:42:59.790Z"}
{"assetPair":"XRPBUSD","data":{"price":"0.77690000","symbol":"XRPBUSD"},"level":"info","message":"Latest price","service":"api-d27bc23-binance-XRPBUSD","timestamp":"2022-03-02T03:45:59.876Z"}
{"assetPair":"XRPBUSD","data":{"price":"0.77840000","symbol":"XRPBUSD"},"level":"info","message":"Latest price","service":"api-d27bc23-binance-XRPBUSD","timestamp":"2022-03-02T03:48:59.927Z"}
{"assetPair":"XRPBUSD","data":{"price":"0.77950000","symbol":"XRPBUSD"},"level":"info","message":"Latest price","service":"api-d27bc23-binance-XRPBUSD","timestamp":"2022-03-02T03:51:59.960Z"}
{"assetPair":"XRPBUSD","data":{"price":"0.77990000","symbol":"XRPBUSD"},"level":"info","message":"Latest price","service":"api-d27bc23-binance-XRPBUSD","timestamp":"2022-03-02T03:55:00.005Z"}
{"assetPair":"XRPBUSD","data":{"price":"0.77900000","symbol":"XRPBUSD"},"level":"info","message":"Latest price","service":"api-d27bc23-binance-XRPBUSD","timestamp":"2022-03-02T03:58:00.102Z"}
{"assetPair":"XRPBUSD","data":{"price":"0.77740000","symbol":"XRPBUSD"},"level":"info","message":"Latest price","service":"api-d27bc23-binance-XRPBUSD","timestamp":"2022-03-02T04:01:00.137Z"}
{"assetPair":"XRPBUSD","data":{"price":"0.77770000","symbol":"XRPBUSD"},"level":"info","message":"Latest price","service":"api-d27bc23-binance-XRPBUSD","timestamp":"2022-03-02T04:04:00.197Z"}
{"assetPair":"XRPBUSD","data":{"price":"0.78090000","symbol":"XRPBUSD"},"level":"info","message":"Latest price","service":"api-d27bc23-binance-XRPBUSD","timestamp":"2022-03-02T04:07:00.266Z"}
{"assetPair":"XRPBUSD","data":{"price":"0.78040000","symbol":"XRPBUSD"},"level":"info","message":"Latest price","service":"api-d27bc23-binance-XRPBUSD","timestamp":"2022-03-02T04:10:00.299Z"}
{"assetPair":"XRPBUSD","data":{"price":"0.77960000","symbol":"XRPBUSD"},"level":"info","message":"Latest price","service":"api-d27bc23-binance-XRPBUSD","timestamp":"2022-03-02T04:13:00.335Z"}
{"assetPair":"XRPBUSD","data":{"price":"0.77860000","symbol":"XRPBUSD"},"level":"info","message":"Latest price","service":"api-d27bc23-binance-XRPBUSD","timestamp":"2022-03-02T04:16:00.372Z"}
{"assetPair":"XRPBUSD","data":{"price":"0.77870000","symbol":"XRPBUSD"},"level":"info","message":"Latest price","service":"api-d27bc23-binance-XRPBUSD","timestamp":"2022-03-02T04:19:00.466Z"}
{"assetPair":"XRPBUSD","data":{"price":"0.77990000","symbol":"XRPBUSD"},"level":"info","message":"Latest price","service":"api-d27bc23-binance-XRPBUSD","timestamp":"2022-03-02T04:22:00.499Z"}
{"assetPair":"XRPBUSD","data":{"price":"0.77990000","symbol":"XRPBUSD"},"level":"info","message":"Latest price","service":"api-d27bc23-binance-XRPBUSD","timestamp":"2022-03-02T04:25:00.543Z"}
{"assetPair":"XRPBUSD","data":{"price":"0.77940000","symbol":"XRPBUSD"},"level":"info","message":"Latest price","service":"api-d27bc23-binance-XRPBUSD","timestamp":"2022-03-02T04:28:00.573Z"}
{"assetPair":"XRPBUSD","data":{"price":"0.77800000","symbol":"XRPBUSD"},"level":"info","message":"Latest price","service":"api-d27bc23-binance-XRPBUSD","timestamp":"2022-03-02T04:31:00.603Z"}
{"assetPair":"XRPBUSD","data":{"price":"0.77880000","symbol":"XRPBUSD"},"level":"info","message":"Latest price","service":"api-d27bc23-binance-XRPBUSD","timestamp":"2022-03-02T04:34:00.640Z"}
{"assetPair":"XRPBUSD","data":{"price":"0.77960000","symbol":"XRPBUSD"},"level":"info","message":"Latest price","service":"api-d27bc23-binance-XRPBUSD","timestamp":"2022-03-02T04:37:00.714Z"}
{"assetPair":"XRPBUSD","data":{"price":"0.77960000","symbol":"XRPBUSD"},"level":"info","message":"Latest price","service":"api-d27bc23-binance-XRPBUSD","timestamp":"2022-03-02T04:40:00.750Z"}
{"assetPair":"XRPBUSD","data":{"price":"0.77830000","symbol":"XRPBUSD"},"level":"info","message":"Latest price","service":"api-d27bc23-binance-XRPBUSD","timestamp":"2022-03-02T04:43:00.785Z"}
{"assetPair":"XRPBUSD","data":{"price":"0.77810000","symbol":"XRPBUSD"},"level":"info","message":"Latest price","service":"api-d27bc23-binance-XRPBUSD","timestamp":"2022-03-02T04:46:00.821Z"}
{"assetPair":"XRPBUSD","data":{"price":"0.77700000","symbol":"XRPBUSD"},"level":"info","message":"Latest price","service":"api-d27bc23-binance-XRPBUSD","timestamp":"2022-03-02T04:49:00.899Z"}
{"assetPair":"XRPBUSD","data":{"price":"0.77680000","symbol":"XRPBUSD"},"level":"info","message":"Latest price","service":"api-d27bc23-binance-XRPBUSD","timestamp":"2022-03-02T04:52:00.935Z"}
{"assetPair":"XRPBUSD","data":{"price":"0.77330000","symbol":"XRPBUSD"},"level":"info","message":"Latest price","service":"api-d27bc23-binance-XRPBUSD","timestamp":"2022-03-02T04:55:01.006Z"}
{"assetPair":"XRPBUSD","data":{"price":"0.77480000","symbol":"XRPBUSD"},"level":"info","message":"Latest price","service":"api-d27bc23-binance-XRPBUSD","timestamp":"2022-03-02T04:58:01.040Z"}
{"assetPair":"XRPBUSD","data":{"price":"0.77470000","symbol":"XRPBUSD"},"level":"info","message":"Latest price","service":"api-d27bc23-binance-XRPBUSD","timestamp":"2022-03-02T05:01:01.074Z"}
{"assetPair":"XRPBUSD","data":{"price":"0.77370000","symbol":"XRPBUSD"},"level":"info","message":"Latest price","service":"api-d27bc23-binance-XRPBUSD","timestamp":"2022-03-02T05:04:01.151Z"}
{"assetPair":"XRPBUSD","data":{"price":"0.77390000","symbol":"XRPBUSD"},"level":"info","message":"Latest price","service":"api-d27bc23-binance-XRPBUSD","timestamp":"2022-03-02T05:07:01.191Z"}
{"assetPair":"XRPBUSD","data":{"price":"0.77310000","symbol":"XRPBUSD"},"level":"info","message":"Latest price","service":"api-d27bc23-binance-XRPBUSD","timestamp":"2022-03-02T05:10:01.235Z"}
{"assetPair":"XRPBUSD","data":{"price":"0.77250000","symbol":"XRPBUSD"},"level":"info","message":"Latest price","service":"api-d27bc23-binance-XRPBUSD","timestamp":"2022-03-02T05:13:01.264Z"}
{"assetPair":"XRPBUSD","data":{"price":"0.77270000","symbol":"XRPBUSD"},"level":"info","message":"Latest price","service":"api-d27bc23-binance-XRPBUSD","timestamp":"2022-03-02T05:16:01.308Z"}
{"assetPair":"XRPBUSD","data":{"price":"0.77350000","symbol":"XRPBUSD"},"level":"info","message":"Latest price","service":"api-d27bc23-binance-XRPBUSD","timestamp":"2022-03-02T05:19:01.336Z"}
{"assetPair":"XRPBUSD","data":{"price":"0.77320000","symbol":"XRPBUSD"},"level":"info","message":"Latest price","service":"api-d27bc23-binance-XRPBUSD","timestamp":"2022-03-02T05:22:01.367Z"}
{"assetPair":"XRPBUSD","data":{"price":"0.77350000","symbol":"XRPBUSD"},"level":"info","message":"Latest price","service":"api-d27bc23-binance-XRPBUSD","timestamp":"2022-03-02T05:25:01.410Z"}
{"assetPair":"XRPBUSD","data":{"price":"0.77140000","symbol":"XRPBUSD"},"level":"info","message":"Latest price","service":"api-d27bc23-binance-XRPBUSD","timestamp":"2022-03-02T05:28:01.447Z"}
{"assetPair":"XRPBUSD","data":{"price":"0.77140000","symbol":"XRPBUSD"},"level":"info","message":"Latest price","service":"api-d27bc23-binance-XRPBUSD","timestamp":"2022-03-02T05:31:01.502Z"}
{"assetPair":"XRPBUSD","data":{"price":"0.77190000","symbol":"XRPBUSD"},"level":"info","message":"Latest price","service":"api-d27bc23-binance-XRPBUSD","timestamp":"2022-03-02T05:34:01.536Z"}
{"assetPair":"XRPBUSD","data":{"price":"0.77340000","symbol":"XRPBUSD"},"level":"info","message":"Latest price","service":"api-d27bc23-binance-XRPBUSD","timestamp":"2022-03-02T05:37:01.569Z"}
{"assetPair":"XRPBUSD","data":{"price":"0.77360000","symbol":"XRPBUSD"},"level":"info","message":"Latest price","service":"api-d27bc23-binance-XRPBUSD","timestamp":"2022-03-02T05:40:01.639Z"}
{"assetPair":"XRPBUSD","data":{"price":"0.77430000","symbol":"XRPBUSD"},"level":"info","message":"Latest price","service":"api-d27bc23-binance-XRPBUSD","timestamp":"2022-03-02T05:43:01.676Z"}
{"assetPair":"XRPBUSD","data":{"price":"0.77550000","symbol":"XRPBUSD"},"level":"info","message":"Latest price","service":"api-d27bc23-binance-XRPBUSD","timestamp":"2022-03-02T05:46:01.738Z"}
{"assetPair":"XRPBUSD","data":{"price":"0.77500000","symbol":"XRPBUSD"},"level":"info","message":"Latest price","service":"api-d27bc23-binance-XRPBUSD","timestamp":"2022-03-02T05:49:01.767Z"}
{"assetPair":"XRPBUSD","data":{"price":"0.77540000","symbol":"XRPBUSD"},"level":"info","message":"Latest price","service":"api-d27bc23-binance-XRPBUSD","timestamp":"2022-03-02T05:52:01.807Z"}
{"assetPair":"XRPBUSD","data":{"price":"0.77540000","symbol":"XRPBUSD"},"level":"info","message":"Latest price","service":"api-d27bc23-binance-XRPBUSD","timestamp":"2022-03-02T05:55:01.914Z"}
{"assetPair":"XRPBUSD","data":{"price":"0.77470000","symbol":"XRPBUSD"},"level":"info","message":"Latest price","service":"api-d27bc23-binance-XRPBUSD","timestamp":"2022-03-02T05:58:02.035Z"}
{"assetPair":"XRPBUSD","data":{"price":"0.77370000","symbol":"XRPBUSD"},"level":"info","message":"Latest price","service":"api-d27bc23-binance-XRPBUSD","timestamp":"2022-03-02T06:01:02.080Z"}
{"assetPair":"XRPBUSD","data":{"price":"0.77440000","symbol":"XRPBUSD"},"level":"info","message":"Latest price","service":"api-d27bc23-binance-XRPBUSD","timestamp":"2022-03-02T06:04:02.113Z"}
{"assetPair":"XRPBUSD","data":{"price":"0.77410000","symbol":"XRPBUSD"},"level":"info","message":"Latest price","service":"api-d27bc23-binance-XRPBUSD","timestamp":"2022-03-02T06:07:02.188Z"}
{"assetPair":"XRPBUSD","data":{"price":"0.77510000","symbol":"XRPBUSD"},"level":"info","message":"Latest price","service":"api-d27bc23-binance-XRPBUSD","timestamp":"2022-03-02T06:10:02.225Z"}
{"assetPair":"XRPBUSD","data":{"price":"0.77280000","symbol":"XRPBUSD"},"level":"info","message":"Latest price","service":"api-d27bc23-binance-XRPBUSD","timestamp":"2022-03-02T06:13:02.263Z"}
{"assetPair":"XRPBUSD","data":{"price":"0.77330000","symbol":"XRPBUSD"},"level":"info","message":"Latest price","service":"api-d27bc23-binance-XRPBUSD","timestamp":"2022-03-02T06:16:02.307Z"}
{"assetPair":"XRPBUSD","data":{"price":"0.77300000","symbol":"XRPBUSD"},"level":"info","message":"Latest price","service":"api-d27bc23-binance-XRPBUSD","timestamp":"2022-03-02T06:19:02.349Z"}
{"assetPair":"XRPBUSD","data":{"price":"0.77260000","symbol":"XRPBUSD"},"level":"info","message":"Latest price","service":"api-d27bc23-binance-XRPBUSD","timestamp":"2022-03-02T06:22:02.382Z"}
{"assetPair":"XRPBUSD","data":{"price":"0.77020000","symbol":"XRPBUSD"},"level":"info","message":"Latest price","service":"api-d27bc23-binance-XRPBUSD","timestamp":"2022-03-02T06:25:02.416Z"}
{"assetPair":"XRPBUSD","data":{"price":"0.77070000","symbol":"XRPBUSD"},"level":"info","message":"Latest price","service":"api-d27bc23-binance-XRPBUSD","timestamp":"2022-03-02T06:28:02.531Z"}
{"assetPair":"XRPBUSD","data":{"price":"0.77120000","symbol":"XRPBUSD"},"level":"info","message":"Latest price","service":"api-d27bc23-binance-XRPBUSD","timestamp":"2022-03-02T06:31:02.570Z"}
{"assetPair":"XRPBUSD","data":{"price":"0.76960000","symbol":"XRPBUSD"},"level":"info","message":"Latest price","service":"api-d27bc23-binance-XRPBUSD","timestamp":"2022-03-02T06:34:02.608Z"}
{"assetPair":"XRPBUSD","data":{"price":"0.76950000","symbol":"XRPBUSD"},"level":"info","message":"Latest price","service":"api-d27bc23-binance-XRPBUSD","timestamp":"2022-03-02T06:37:02.638Z"}
{"assetPair":"XRPBUSD","data":{"price":"0.77050000","symbol":"XRPBUSD"},"level":"info","message":"Latest price","service":"api-d27bc23-binance-XRPBUSD","timestamp":"2022-03-02T06:40:02.672Z"}
{"assetPair":"XRPBUSD","data":{"price":"0.77030000","symbol":"XRPBUSD"},"level":"info","message":"Latest price","service":"api-d27bc23-binance-XRPBUSD","timestamp":"2022-03-02T06:43:02.748Z"}
{"assetPair":"XRPBUSD","data":{"price":"0.77070000","symbol":"XRPBUSD"},"level":"info","message":"Latest price","service":"api-d27bc23-binance-XRPBUSD","timestamp":"2022-03-02T06:46:02.806Z"}
{"assetPair":"XRPBUSD","data":{"price":"0.77010000","symbol":"XRPBUSD"},"level":"info","message":"Latest price","service":"api-d27bc23-binance-XRPBUSD","timestamp":"2022-03-02T06:49:02.880Z"}
{"assetPair":"XRPBUSD","data":{"price":"0.77050000","symbol":"XRPBUSD"},"level":"info","message":"Latest price","service":"api-d27bc23-binance-XRPBUSD","timestamp":"2022-03-02T06:52:02.921Z"}
{"assetPair":"XRPBUSD","data":{"price":"0.76950000","symbol":"XRPBUSD"},"level":"info","message":"Latest price","service":"api-d27bc23-binance-XRPBUSD","timestamp":"2022-03-02T06:55:02.955Z"}
{"assetPair":"XRPBUSD","data":{"price":"0.76720000","symbol":"XRPBUSD"},"level":"info","message":"Latest price","service":"api-d27bc23-binance-XRPBUSD","timestamp":"2022-03-02T06:58:02.991Z"}
{"assetPair":"XRPBUSD","data":{"price":"0.76720000","symbol":"XRPBUSD"},"level":"info","message":"Latest price","service":"api-d27bc23-binance-XRPBUSD","timestamp":"2022-03-02T07:01:03.021Z"}
{"assetPair":"XRPBUSD","data":{"price":"0.76670000","symbol":"XRPBUSD"},"level":"info","message":"Latest price","service":"api-d27bc23-binance-XRPBUSD","timestamp":"2022-03-02T07:04:03.055Z"}
{"assetPair":"XRPBUSD","data":{"price":"0.76560000","symbol":"XRPBUSD"},"level":"info","message":"Latest price","service":"api-d27bc23-binance-XRPBUSD","timestamp":"2022-03-02T07:07:03.114Z"}
{"assetPair":"XRPBUSD","data":{"price":"0.76400000","symbol":"XRPBUSD"},"level":"info","message":"Latest price","service":"api-d27bc23-binance-XRPBUSD","timestamp":"2022-03-02T07:10:03.150Z"}
{"assetPair":"XRPBUSD","data":{"price":"0.76260000","symbol":"XRPBUSD"},"level":"info","message":"Latest price","service":"api-d27bc23-binance-XRPBUSD","timestamp":"2022-03-02T07:13:03.180Z"}
{"assetPair":"XRPBUSD","data":{"price":"0.76250000","symbol":"XRPBUSD"},"level":"info","message":"Latest price","service":"api-d27bc23-binance-XRPBUSD","timestamp":"2022-03-02T07:16:03.220Z"}
{"assetPair":"XRPBUSD","data":{"price":"0.76360000","symbol":"XRPBUSD"},"level":"info","message":"Latest price","service":"api-d27bc23-binance-XRPBUSD","timestamp":"2022-03-02T07:19:03.301Z"}
{"assetPair":"XRPBUSD","data":{"price":"0.76220000","symbol":"XRPBUSD"},"level":"info","message":"Latest price","service":"api-d27bc23-binance-XRPBUSD","timestamp":"2022-03-02T07:22:03.336Z"}
{"assetPair":"XRPBUSD","data":{"price":"0.76220000","symbol":"XRPBUSD"},"level":"info","message":"Latest price","service":"api-d27bc23-binance-XRPBUSD","timestamp":"2022-03-02T07:25:03.417Z"}
{"assetPair":"XRPBUSD","data":{"price":"0.76390000","symbol":"XRPBUSD"},"level":"info","message":"Latest price","service":"api-d27bc23-binance-XRPBUSD","timestamp":"2022-03-02T07:28:03.487Z"}
{"assetPair":"XRPBUSD","data":{"price":"0.76640000","symbol":"XRPBUSD"},"level":"info","message":"Latest price","service":"api-d27bc23-binance-XRPBUSD","timestamp":"2022-03-02T07:31:03.523Z"}
{"assetPair":"XRPBUSD","data":{"price":"0.76550000","symbol":"XRPBUSD"},"level":"info","message":"Latest price","service":"api-d27bc23-binance-XRPBUSD","timestamp":"2022-03-02T07:34:03.570Z"}
{"assetPair":"XRPBUSD","data":{"price":"0.76630000","symbol":"XRPBUSD"},"level":"info","message":"Latest price","service":"api-d27bc23-binance-XRPBUSD","timestamp":"2022-03-02T07:37:03.606Z"}
{"assetPair":"XRPBUSD","data":{"price":"0.76560000","symbol":"XRPBUSD"},"level":"info","message":"Latest price","service":"api-d27bc23-binance-XRPBUSD","timestamp":"2022-03-02T07:40:03.638Z"}
{"assetPair":"XRPBUSD","data":{"price":"0.76710000","symbol":"XRPBUSD"},"level":"info","message":"Latest price","service":"api-d27bc23-binance-XRPBUSD","timestamp":"2022-03-02T07:43:03.697Z"}
{"assetPair":"XRPBUSD","data":{"price":"0.76770000","symbol":"XRPBUSD"},"level":"info","message":"Latest price","service":"api-d27bc23-binance-XRPBUSD","timestamp":"2022-03-02T07:46:03.759Z"}
{"assetPair":"XRPBUSD","data":{"price":"0.76650000","symbol":"XRPBUSD"},"level":"info","message":"Latest price","service":"api-d27bc23-binance-XRPBUSD","timestamp":"2022-03-02T07:49:03.788Z"}
{"assetPair":"XRPBUSD","data":{"price":"0.76850000","symbol":"XRPBUSD"},"level":"info","message":"Latest price","service":"api-d27bc23-binance-XRPBUSD","timestamp":"2022-03-02T07:52:03.826Z"}
{"assetPair":"XRPBUSD","data":{"price":"0.76820000","symbol":"XRPBUSD"},"level":"info","message":"Latest price","service":"api-d27bc23-binance-XRPBUSD","timestamp":"2022-03-02T07:55:03.885Z"}
{"assetPair":"XRPBUSD","data":{"price":"0.76790000","symbol":"XRPBUSD"},"level":"info","message":"Latest price","service":"api-d27bc23-binance-XRPBUSD","timestamp":"2022-03-02T07:58:03.917Z"}
{"assetPair":"XRPBUSD","data":{"price":"0.76860000","symbol":"XRPBUSD"},"level":"info","message":"Latest price","service":"api-d27bc23-binance-XRPBUSD","timestamp":"2022-03-02T08:01:03.957Z"}
{"assetPair":"XRPBUSD","data":{"price":"0.76870000","symbol":"XRPBUSD"},"level":"info","message":"Latest price","service":"api-d27bc23-binance-XRPBUSD","timestamp":"2022-03-02T08:04:03.992Z"}
{"assetPair":"XRPBUSD","data":{"price":"0.76630000","symbol":"XRPBUSD"},"level":"info","message":"Latest price","service":"api-d27bc23-binance-XRPBUSD","timestamp":"2022-03-02T08:07:04.063Z"}
{"assetPair":"XRPBUSD","data":{"price":"0.76560000","symbol":"XRPBUSD"},"level":"info","message":"Latest price","service":"api-d27bc23-binance-XRPBUSD","timestamp":"2022-03-02T08:10:04.142Z"}
{"assetPair":"XRPBUSD","data":{"price":"0.76610000","symbol":"XRPBUSD"},"level":"info","message":"Latest price","service":"api-d27bc23-binance-XRPBUSD","timestamp":"2022-03-02T08:13:04.201Z"}
{"assetPair":"XRPBUSD","data":{"price":"0.76690000","symbol":"XRPBUSD"},"level":"info","message":"Latest price","service":"api-d27bc23-binance-XRPBUSD","timestamp":"2022-03-02T08:16:04.258Z"}
{"assetPair":"XRPBUSD","data":{"price":"0.76980000","symbol":"XRPBUSD"},"level":"info","message":"Latest price","service":"api-d27bc23-binance-XRPBUSD","timestamp":"2022-03-02T08:19:04.284Z"}
{"assetPair":"XRPBUSD","data":{"price":"0.76970000","symbol":"XRPBUSD"},"level":"info","message":"Latest price","service":"api-d27bc23-binance-XRPBUSD","timestamp":"2022-03-02T08:22:04.343Z"}
{"assetPair":"XRPBUSD","data":{"price":"0.77060000","symbol":"XRPBUSD"},"level":"info","message":"Latest price","service":"api-d27bc23-binance-XRPBUSD","timestamp":"2022-03-02T08:25:04.375Z"}
{"assetPair":"XRPBUSD","data":{"price":"0.77080000","symbol":"XRPBUSD"},"level":"info","message":"Latest price","service":"api-d27bc23-binance-XRPBUSD","timestamp":"2022-03-02T08:28:04.405Z"}
{"assetPair":"XRPBUSD","data":{"price":"0.77070000","symbol":"XRPBUSD"},"level":"info","message":"Latest price","service":"api-d27bc23-binance-XRPBUSD","timestamp":"2022-03-02T08:31:04.440Z"}
{"assetPair":"XRPBUSD","data":{"price":"0.77150000","symbol":"XRPBUSD"},"level":"info","message":"Latest price","service":"api-d27bc23-binance-XRPBUSD","timestamp":"2022-03-02T08:34:04.478Z"}
{"assetPair":"XRPBUSD","data":{"price":"0.77070000","symbol":"XRPBUSD"},"level":"info","message":"Latest price","service":"api-d27bc23-binance-XRPBUSD","timestamp":"2022-03-02T08:37:04.513Z"}
{"assetPair":"XRPBUSD","data":{"price":"0.77140000","symbol":"XRPBUSD"},"level":"info","message":"Latest price","service":"api-d27bc23-binance-XRPBUSD","timestamp":"2022-03-02T08:40:04.554Z"}
{"assetPair":"XRPBUSD","data":{"price":"0.77080000","symbol":"XRPBUSD"},"level":"info","message":"Latest price","service":"api-d27bc23-binance-XRPBUSD","timestamp":"2022-03-02T08:43:04.592Z"}
{"assetPair":"XRPBUSD","data":{"price":"0.76950000","symbol":"XRPBUSD"},"level":"info","message":"Latest price","service":"api-d27bc23-binance-XRPBUSD","timestamp":"2022-03-02T08:46:04.623Z"}
{"assetPair":"XRPBUSD","data":{"price":"0.76810000","symbol":"XRPBUSD"},"level":"info","message":"Latest price","service":"api-d27bc23-binance-XRPBUSD","timestamp":"2022-03-02T08:49:04.654Z"}
{"assetPair":"XRPBUSD","data":{"price":"0.76590000","symbol":"XRPBUSD"},"level":"info","message":"Latest price","service":"api-d27bc23-binance-XRPBUSD","timestamp":"2022-03-02T08:52:04.690Z"}
{"assetPair":"XRPBUSD","data":{"price":"0.76610000","symbol":"XRPBUSD"},"level":"info","message":"Latest price","service":"api-d27bc23-binance-XRPBUSD","timestamp":"2022-03-02T08:55:04.758Z"}
{"assetPair":"XRPBUSD","data":{"price":"0.76640000","symbol":"XRPBUSD"},"level":"info","message":"Latest price","service":"api-d27bc23-binance-XRPBUSD","timestamp":"2022-03-02T08:58:04.789Z"}
{"assetPair":"XRPBUSD","data":{"price":"0.76420000","symbol":"XRPBUSD"},"level":"info","message":"Latest price","service":"api-d27bc23-binance-XRPBUSD","timestamp":"2022-03-02T09:01:04.822Z"}
{"assetPair":"XRPBUSD","data":{"price":"0.76680000","symbol":"XRPBUSD"},"level":"info","message":"Latest price","service":"api-d27bc23-binance-XRPBUSD","timestamp":"2022-03-02T09:04:04.869Z"}
{"assetPair":"XRPBUSD","data":{"price":"0.76760000","symbol":"XRPBUSD"},"level":"info","message":"Latest price","service":"api-d27bc23-binance-XRPBUSD","timestamp":"2022-03-02T09:07:04.899Z"}
{"assetPair":"XRPBUSD","data":{"price":"0.76780000","symbol":"XRPBUSD"},"level":"info","message":"Latest price","service":"api-d27bc23-binance-XRPBUSD","timestamp":"2022-03-02T09:10:04.934Z"}
{"assetPair":"XRPBUSD","data":{"price":"0.76820000","symbol":"XRPBUSD"},"level":"info","message":"Latest price","service":"api-d27bc23-binance-XRPBUSD","timestamp":"2022-03-02T09:13:04.977Z"}
{"assetPair":"XRPBUSD","data":{"price":"0.76670000","symbol":"XRPBUSD"},"level":"info","message":"Latest price","service":"api-d27bc23-binance-XRPBUSD","timestamp":"2022-03-02T09:16:05.049Z"}
{"assetPair":"XRPBUSD","data":{"price":"0.76840000","symbol":"XRPBUSD"},"level":"info","message":"Latest price","service":"api-d27bc23-binance-XRPBUSD","timestamp":"2022-03-02T09:19:05.086Z"}
{"assetPair":"XRPBUSD","data":{"price":"0.76980000","symbol":"XRPBUSD"},"level":"info","message":"Latest price","service":"api-d27bc23-binance-XRPBUSD","timestamp":"2022-03-02T09:22:05.121Z"}
{"assetPair":"XRPBUSD","data":{"price":"0.76870000","symbol":"XRPBUSD"},"level":"info","message":"Latest price","service":"api-d27bc23-binance-XRPBUSD","timestamp":"2022-03-02T09:25:05.158Z"}
{"assetPair":"XRPBUSD","data":{"price":"0.76790000","symbol":"XRPBUSD"},"level":"info","message":"Latest price","service":"api-d27bc23-binance-XRPBUSD","timestamp":"2022-03-02T09:28:05.197Z"}
{"assetPair":"XRPBUSD","data":{"price":"0.76970000","symbol":"XRPBUSD"},"level":"info","message":"Latest price","service":"api-d27bc23-binance-XRPBUSD","timestamp":"2022-03-02T09:31:05.231Z"}
{"assetPair":"XRPBUSD","data":{"price":"0.76650000","symbol":"XRPBUSD"},"level":"info","message":"Latest price","service":"api-d27bc23-binance-XRPBUSD","timestamp":"2022-03-02T09:34:05.272Z"}
{"assetPair":"XRPBUSD","data":{"price":"0.76850000","symbol":"XRPBUSD"},"level":"info","message":"Latest price","service":"api-d27bc23-binance-XRPBUSD","timestamp":"2022-03-02T09:37:05.312Z"}
{"assetPair":"XRPBUSD","data":{"price":"0.76860000","symbol":"XRPBUSD"},"level":"info","message":"Latest price","service":"api-d27bc23-binance-XRPBUSD","timestamp":"2022-03-02T09:40:05.373Z"}
{"assetPair":"XRPBUSD","data":{"price":"0.76820000","symbol":"XRPBUSD"},"level":"info","message":"Latest price","service":"api-d27bc23-binance-XRPBUSD","timestamp":"2022-03-02T09:43:05.411Z"}
{"assetPair":"XRPBUSD","data":{"price":"0.76740000","symbol":"XRPBUSD"},"level":"info","message":"Latest price","service":"api-d27bc23-binance-XRPBUSD","timestamp":"2022-03-02T09:46:05.446Z"}
{"assetPair":"XRPBUSD","data":{"price":"0.77000000","symbol":"XRPBUSD"},"level":"info","message":"Latest price","service":"api-d27bc23-binance-XRPBUSD","timestamp":"2022-03-02T09:49:05.475Z"}
{"assetPair":"XRPBUSD","data":{"price":"0.76990000","symbol":"XRPBUSD"},"level":"info","message":"Latest price","service":"api-d27bc23-binance-XRPBUSD","timestamp":"2022-03-02T09:52:05.523Z"}
{"assetPair":"XRPBUSD","data":{"price":"0.76920000","symbol":"XRPBUSD"},"level":"info","message":"Latest price","service":"api-d27bc23-binance-XRPBUSD","timestamp":"2022-03-02T09:55:05.560Z"}
{"assetPair":"XRPBUSD","data":{"price":"0.76850000","symbol":"XRPBUSD"},"level":"info","message":"Latest price","service":"api-d27bc23-binance-XRPBUSD","timestamp":"2022-03-02T09:58:05.592Z"}
{"assetPair":"XRPBUSD","data":{"price":"0.76920000","symbol":"XRPBUSD"},"level":"info","message":"Latest price","service":"api-d27bc23-binance-XRPBUSD","timestamp":"2022-03-02T10:01:05.622Z"}
{"assetPair":"XRPBUSD","data":{"price":"0.77060000","symbol":"XRPBUSD"},"level":"info","message":"Latest price","service":"api-d27bc23-binance-XRPBUSD","timestamp":"2022-03-02T10:04:05.661Z"}
{"assetPair":"XRPBUSD","data":{"price":"0.77130000","symbol":"XRPBUSD"},"level":"info","message":"Latest price","service":"api-d27bc23-binance-XRPBUSD","timestamp":"2022-03-02T10:07:05.713Z"}
{"assetPair":"XRPBUSD","data":{"price":"0.77230000","symbol":"XRPBUSD"},"level":"info","message":"Latest price","service":"api-d27bc23-binance-XRPBUSD","timestamp":"2022-03-02T10:10:05.749Z"}
{"assetPair":"XRPBUSD","data":{"price":"0.77260000","symbol":"XRPBUSD"},"level":"info","message":"Latest price","service":"api-d27bc23-binance-XRPBUSD","timestamp":"2022-03-02T10:13:05.782Z"}
{"assetPair":"XRPBUSD","data":{"price":"0.77250000","symbol":"XRPBUSD"},"level":"info","message":"Latest price","service":"api-d27bc23-binance-XRPBUSD","timestamp":"2022-03-02T10:16:05.819Z"}
{"assetPair":"XRPBUSD","data":{"price":"0.77310000","symbol":"XRPBUSD"},"level":"info","message":"Latest price","service":"api-d27bc23-binance-XRPBUSD","timestamp":"2022-03-02T10:19:05.881Z"}
{"assetPair":"XRPBUSD","data":{"price":"0.77350000","symbol":"XRPBUSD"},"level":"info","message":"Latest price","service":"api-d27bc23-binance-XRPBUSD","timestamp":"2022-03-02T10:22:05.914Z"}
{"assetPair":"XRPBUSD","data":{"price":"0.77290000","symbol":"XRPBUSD"},"level":"info","message":"Latest price","service":"api-d27bc23-binance-XRPBUSD","timestamp":"2022-03-02T10:25:05.973Z"}
{"assetPair":"XRPBUSD","data":{"price":"0.77320000","symbol":"XRPBUSD"},"level":"info","message":"Latest price","service":"api-d27bc23-binance-XRPBUSD","timestamp":"2022-03-02T10:28:06.002Z"}
{"assetPair":"XRPBUSD","data":{"price":"0.77400000","symbol":"XRPBUSD"},"level":"info","message":"Latest price","service":"api-d27bc23-binance-XRPBUSD","timestamp":"2022-03-02T10:31:06.037Z"}
{"assetPair":"XRPBUSD","data":{"price":"0.77540000","symbol":"XRPBUSD"},"level":"info","message":"Latest price","service":"api-d27bc23-binance-XRPBUSD","timestamp":"2022-03-02T10:34:06.082Z"}
{"assetPair":"XRPBUSD","data":{"price":"0.77690000","symbol":"XRPBUSD"},"level":"info","message":"Latest price","service":"api-d27bc23-binance-XRPBUSD","timestamp":"2022-03-02T10:37:06.112Z"}
{"assetPair":"XRPBUSD","data":{"price":"0.77650000","symbol":"XRPBUSD"},"level":"info","message":"Latest price","service":"api-d27bc23-binance-XRPBUSD","timestamp":"2022-03-02T10:40:06.149Z"}
{"assetPair":"XRPBUSD","data":{"price":"0.77630000","symbol":"XRPBUSD"},"level":"info","message":"Latest price","service":"api-d27bc23-binance-XRPBUSD","timestamp":"2022-03-02T10:43:06.181Z"}
{"assetPair":"XRPBUSD","data":{"price":"0.77490000","symbol":"XRPBUSD"},"level":"info","message":"Latest price","service":"api-d27bc23-binance-XRPBUSD","timestamp":"2022-03-02T10:46:06.214Z"}
{"assetPair":"XRPBUSD","data":{"price":"0.77550000","symbol":"XRPBUSD"},"level":"info","message":"Latest price","service":"api-d27bc23-binance-XRPBUSD","timestamp":"2022-03-02T10:49:06.374Z"}
{"assetPair":"XRPBUSD","data":{"price":"0.77520000","symbol":"XRPBUSD"},"level":"info","message":"Latest price","service":"api-d27bc23-binance-XRPBUSD","timestamp":"2022-03-02T10:52:06.405Z"}
{"assetPair":"XRPBUSD","data":{"price":"0.77490000","symbol":"XRPBUSD"},"level":"info","message":"Latest price","service":"api-d27bc23-binance-XRPBUSD","timestamp":"2022-03-02T10:55:06.461Z"}
{"assetPair":"XRPBUSD","data":{"price":"0.77450000","symbol":"XRPBUSD"},"level":"info","message":"Latest price","service":"api-d27bc23-binance-XRPBUSD","timestamp":"2022-03-02T10:58:06.496Z"}
{"assetPair":"XRPBUSD","data":{"price":"0.77520000","symbol":"XRPBUSD"},"level":"info","message":"Latest price","service":"api-d27bc23-binance-XRPBUSD","timestamp":"2022-03-02T11:01:06.534Z"}
{"assetPair":"XRPBUSD","data":{"price":"0.77440000","symbol":"XRPBUSD"},"level":"info","message":"Latest price","service":"api-d27bc23-binance-XRPBUSD","timestamp":"2022-03-02T11:04:06.566Z"}
{"assetPair":"XRPBUSD","data":{"price":"0.77350000","symbol":"XRPBUSD"},"level":"info","message":"Latest price","service":"api-d27bc23-binance-XRPBUSD","timestamp":"2022-03-02T11:07:06.625Z"}
{"assetPair":"XRPBUSD","data":{"price":"0.77390000","symbol":"XRPBUSD"},"level":"info","message":"Latest price","service":"api-d27bc23-binance-XRPBUSD","timestamp":"2022-03-02T11:10:06.701Z"}
{"assetPair":"XRPBUSD","data":{"price":"0.77480000","symbol":"XRPBUSD"},"level":"info","message":"Latest price","service":"api-d27bc23-binance-XRPBUSD","timestamp":"2022-03-02T11:13:06.801Z"}
{"assetPair":"XRPBUSD","data":{"price":"0.77650000","symbol":"XRPBUSD"},"level":"info","message":"Latest price","service":"api-d27bc23-binance-XRPBUSD","timestamp":"2022-03-02T11:16:06.882Z"}
{"assetPair":"XRPBUSD","data":{"price":"0.77720000","symbol":"XRPBUSD"},"level":"info","message":"Latest price","service":"api-d27bc23-binance-XRPBUSD","timestamp":"2022-03-02T11:19:06.918Z"}
{"assetPair":"XRPBUSD","data":{"price":"0.77810000","symbol":"XRPBUSD"},"level":"info","message":"Latest price","service":"api-d27bc23-binance-XRPBUSD","timestamp":"2022-03-02T11:22:06.953Z"}
{"assetPair":"XRPBUSD","data":{"price":"0.77800000","symbol":"XRPBUSD"},"level":"info","message":"Latest price","service":"api-d27bc23-binance-XRPBUSD","timestamp":"2022-03-02T11:25:06.990Z"}
{"assetPair":"XRPBUSD","data":{"price":"0.77660000","symbol":"XRPBUSD"},"level":"info","message":"Latest price","service":"api-d27bc23-binance-XRPBUSD","timestamp":"2022-03-02T11:28:07.021Z"}
{"assetPair":"XRPBUSD","data":{"price":"0.77830000","symbol":"XRPBUSD"},"level":"info","message":"Latest price","service":"api-d27bc23-binance-XRPBUSD","timestamp":"2022-03-02T11:31:07.079Z"}
{"assetPair":"XRPBUSD","data":{"price":"0.77900000","symbol":"XRPBUSD"},"level":"info","message":"Latest price","service":"api-d27bc23-binance-XRPBUSD","timestamp":"2022-03-02T11:34:07.121Z"}
{"assetPair":"XRPBUSD","data":{"price":"0.77920000","symbol":"XRPBUSD"},"level":"info","message":"Latest price","service":"api-d27bc23-binance-XRPBUSD","timestamp":"2022-03-02T11:37:07.165Z"}
{"assetPair":"XRPBUSD","data":{"price":"0.77830000","symbol":"XRPBUSD"},"level":"info","message":"Latest price","service":"api-d27bc23-binance-XRPBUSD","timestamp":"2022-03-02T11:40:07.235Z"}
{"assetPair":"XRPBUSD","data":{"price":"0.77800000","symbol":"XRPBUSD"},"level":"info","message":"Latest price","service":"api-d27bc23-binance-XRPBUSD","timestamp":"2022-03-02T11:43:07.279Z"}
{"assetPair":"XRPBUSD","data":{"price":"0.77860000","symbol":"XRPBUSD"},"level":"info","message":"Latest price","service":"api-d27bc23-binance-XRPBUSD","timestamp":"2022-03-02T11:46:07.318Z"}
{"assetPair":"XRPBUSD","data":{"price":"0.77800000","symbol":"XRPBUSD"},"level":"info","message":"Latest price","service":"api-d27bc23-binance-XRPBUSD","timestamp":"2022-03-02T11:49:07.355Z"}
{"assetPair":"XRPBUSD","data":{"price":"0.77710000","symbol":"XRPBUSD"},"level":"info","message":"Latest price","service":"api-d27bc23-binance-XRPBUSD","timestamp":"2022-03-02T11:52:07.411Z"}
{"assetPair":"XRPBUSD","data":{"price":"0.77690000","symbol":"XRPBUSD"},"level":"info","message":"Latest price","service":"api-d27bc23-binance-XRPBUSD","timestamp":"2022-03-02T11:55:07.447Z"}
{"assetPair":"XRPBUSD","data":{"price":"0.77700000","symbol":"XRPBUSD"},"level":"info","message":"Latest price","service":"api-d27bc23-binance-XRPBUSD","timestamp":"2022-03-02T11:58:07.478Z"}
{"assetPair":"XRPBUSD","data":{"price":"0.77670000","symbol":"XRPBUSD"},"level":"info","message":"Latest price","service":"api-d27bc23-binance-XRPBUSD","timestamp":"2022-03-02T12:01:07.564Z"}
{"assetPair":"XRPBUSD","data":{"price":"0.77720000","symbol":"XRPBUSD"},"level":"info","message":"Latest price","service":"api-d27bc23-binance-XRPBUSD","timestamp":"2022-03-02T12:04:07.596Z"}
{"assetPair":"XRPBUSD","data":{"price":"0.77810000","symbol":"XRPBUSD"},"level":"info","message":"Latest price","service":"api-d27bc23-binance-XRPBUSD","timestamp":"2022-03-02T12:07:07.631Z"}
{"assetPair":"XRPBUSD","data":{"price":"0.77870000","symbol":"XRPBUSD"},"level":"info","message":"Latest price","service":"api-d27bc23-binance-XRPBUSD","timestamp":"2022-03-02T12:10:07.664Z"}
{"assetPair":"XRPBUSD","data":{"price":"0.77830000","symbol":"XRPBUSD"},"level":"info","message":"Latest price","service":"api-d27bc23-binance-XRPBUSD","timestamp":"2022-03-02T12:13:07.707Z"}
{"assetPair":"XRPBUSD","data":{"price":"0.77970000","symbol":"XRPBUSD"},"level":"info","message":"Latest price","service":"api-d27bc23-binance-XRPBUSD","timestamp":"2022-03-02T12:16:07.746Z"}
{"assetPair":"XRPBUSD","data":{"price":"0.77780000","symbol":"XRPBUSD"},"level":"info","message":"Latest price","service":"api-d27bc23-binance-XRPBUSD","timestamp":"2022-03-02T12:19:07.805Z"}
{"assetPair":"XRPBUSD","data":{"price":"0.77270000","symbol":"XRPBUSD"},"level":"info","message":"Latest price","service":"api-d27bc23-binance-XRPBUSD","timestamp":"2022-03-02T12:22:07.840Z"}
{"assetPair":"XRPBUSD","data":{"price":"0.77300000","symbol":"XRPBUSD"},"level":"info","message":"Latest price","service":"api-d27bc23-binance-XRPBUSD","timestamp":"2022-03-02T12:25:07.894Z"}
{"assetPair":"XRPBUSD","data":{"price":"0.77140000","symbol":"XRPBUSD"},"level":"info","message":"Latest price","service":"api-d27bc23-binance-XRPBUSD","timestamp":"2022-03-02T12:28:07.934Z"}
{"assetPair":"XRPBUSD","data":{"price":"0.77010000","symbol":"XRPBUSD"},"level":"info","message":"Latest price","service":"api-d27bc23-binance-XRPBUSD","timestamp":"2022-03-02T12:31:07.995Z"}
{"assetPair":"XRPBUSD","data":{"price":"0.76830000","symbol":"XRPBUSD"},"level":"info","message":"Latest price","service":"api-d27bc23-binance-XRPBUSD","timestamp":"2022-03-02T12:34:08.057Z"}
{"assetPair":"XRPBUSD","data":{"price":"0.76990000","symbol":"XRPBUSD"},"level":"info","message":"Latest price","service":"api-d27bc23-binance-XRPBUSD","timestamp":"2022-03-02T12:37:08.098Z"}
{"assetPair":"XRPBUSD","data":{"price":"0.77030000","symbol":"XRPBUSD"},"level":"info","message":"Latest price","service":"api-d27bc23-binance-XRPBUSD","timestamp":"2022-03-02T12:40:08.138Z"}
{"assetPair":"XRPBUSD","data":{"price":"0.77150000","symbol":"XRPBUSD"},"level":"info","message":"Latest price","service":"api-d27bc23-binance-XRPBUSD","timestamp":"2022-03-02T12:43:08.175Z"}
{"assetPair":"XRPBUSD","data":{"price":"0.76840000","symbol":"XRPBUSD"},"level":"info","message":"Latest price","service":"api-d27bc23-binance-XRPBUSD","timestamp":"2022-03-02T12:46:08.215Z"}
{"assetPair":"XRPBUSD","data":{"price":"0.77030000","symbol":"XRPBUSD"},"level":"info","message":"Latest price","service":"api-d27bc23-binance-XRPBUSD","timestamp":"2022-03-02T12:49:08.261Z"}
{"assetPair":"XRPBUSD","data":{"price":"0.77170000","symbol":"XRPBUSD"},"level":"info","message":"Latest price","service":"api-d27bc23-binance-XRPBUSD","timestamp":"2022-03-02T12:52:08.295Z"}
{"assetPair":"XRPBUSD","data":{"price":"0.77200000","symbol":"XRPBUSD"},"level":"info","message":"Latest price","service":"api-d27bc23-binance-XRPBUSD","timestamp":"2022-03-02T12:55:08.329Z"}
{"assetPair":"XRPBUSD","data":{"price":"0.77130000","symbol":"XRPBUSD"},"level":"info","message":"Latest price","service":"api-d27bc23-binance-XRPBUSD","timestamp":"2022-03-02T12:58:08.362Z"}
