{"assetPair":"XRPBUSD","data":{"price":"0.76430000","symbol":"XRPBUSD"},"level":"info","message":"Latest price","service":"api-d27bc23-binance-XRPBUSD","timestamp":"2022-02-27T13:00:08.844Z"}
{"assetPair":"XRPBUSD","data":{"price":"0.76180000","symbol":"XRPBUSD"},"level":"info","message":"Latest price","service":"api-d27bc23-binance-XRPBUSD","timestamp":"2022-02-27T13:03:08.876Z"}
{"assetPair":"XRPBUSD","data":{"price":"0.76150000","symbol":"XRPBUSD"},"level":"info","message":"Latest price","service":"api-d27bc23-binance-XRPBUSD","timestamp":"2022-02-27T13:06:08.911Z"}
{"assetPair":"XRPBUSD","data":{"price":"0.76030000","symbol":"XRPBUSD"},"level":"info","message":"Latest price","service":"api-d27bc23-binance-XRPBUSD","timestamp":"2022-02-27T13:09:08.963Z"}
{"assetPair":"XRPBUSD","data":{"price":"0.76160000","symbol":"XRPBUSD"},"level":"info","message":"Latest price","service":"api-d27bc23-binance-XRPBUSD","timestamp":"2022-02-27T13:12:08.997Z"}
{"assetPair":"XRPBUSD","data":{"price":"0.76300000","symbol":"XRPBUSD"},"level":"info","message":"Latest price","service":"api-d27bc23-binance-XRPBUSD","timestamp":"2022-02-27T13:15:09.036Z"}
{"assetPair":"XRPBUSD","data":{"price":"0.76380000","symbol":"XRPBUSD"},"level":"info","message":"Latest price","service":"api-d27bc23-binance-XRPBUSD","timestamp":"2022-02-27T13:18:09.067Z"}
{"assetPair":"XRPBUSD","data":{"price":"0.76220000","symbol":"XRPBUSD"},"level":"info","message":"Latest price","service":"api-d27bc23-binance-XRPBUSD","timestamp":"2022-02-27T13:21:09.110Z"}
{"assetPair":"XRPBUSD","data":{"price":"0.76190000","symbol":"XRPBUSD"},"level":"info","message":"Latest price","service":"api-d27bc23-binance-XRPBUSD","timestamp":"2022-02-27T13:24:09.141Z"}
{"assetPair":"XRPBUSD","data":{"price":"0.76150000","symbol":"XRPBUSD"},"level":"info","message":"Latest price","service":"api-d27bc23-binance-XRPBUSD","timestamp":"2022-02-27T13:27:09.179Z"}
{"assetPair":"XRPBUSD","data":{"price":"0.75970000","symbol":"XRPBUSD"},"level":"info","message":"Latest price","service":"api-d27bc23-binance-XRPBUSD","timestamp":"2022-02-27T13:30:09.242Z"}
{"assetPair":"XRPBUSD","data":{"price":"0.75810000","symbol":"XRPBUSD"},"level":"info","message":"Latest price","service":"api-d27bc23-binance-XRPBUSD","timestamp":"2022-02-27T13:33:09.276Z"}
{"assetPair":"XRPBUSD","data":{"price":"0.74850000","symbol":"XRPBUSD"},"level":"info","message":"Latest price","service":"api-d27bc23-binance-XRPBUSD","timestamp":"2022-02-27T13:36:09.332Z"}
{"assetPair":"XRPBUSD","data":{"price":"0.74880000","symbol":"XRPBUSD"},"level":"info","message":"Latest price","service":"api-d27bc23-binance-XRPBUSD","timestamp":"2022-02-27T13:39:09.361Z"}
{"assetPair":"XRPBUSD","data":{"price":"0.74890000","symbol":"XRPBUSD"},"level":"info","message":"Latest price","service":"api-d27bc23-binance-XRPBUSD","timestamp":"2022-02-27T13:42:09.387Z"}
{"assetPair":"XRPBUSD","data":{"price":"0.74000000","symbol":"XRPBUSD"},"level":"info","message":"Latest price","service":"api-d27bc23-binance-XRPBUSD","timestamp":"2022-02-27T13:45:09.415Z"}
{"assetPair":"XRPBUSD","data":{"price":"0.74420000","symbol":"XRPBUSD"},"level":"info","message":"Latest price","service":"api-d27bc23-binance-XRPBUSD","timestamp":"2022-02-27T13:48:09.445Z"}
{"assetPair":"XRPBUSD","data":{"price":"0.74380000","symbol":"XRPBUSD"},"level":"info","message":"Latest price","service":"api-d27bc23-binance-XRPBUSD","timestamp":"2022-02-27T13:51:09.477Z"}
{"assetPair":"XRPBUSD","data":{"price":"0.74770000","symbol":"XRPBUSD"},"level":"info","message":"Latest price","service":"api-d27bc23-binance-XRPBUSD","timestamp":"2022-02-27T13:54:09.502Z"}
{"assetPair":"XRPBUSD","data":{"price":"0.74410000","symbol":"XRPBUSD"},"level":"info","message":"Latest price","service":"api-d27bc23-binance-XRPBUSD","timestamp":"2022-02-27T13:57:09.558Z"}
{"assetPair":"XRPBUSD","data":{"price":"0.74710000","symbol":"XRPBUSD"},"level":"info","message":"Latest price","service":"api-d27bc23-binance-XRPBUSD","timestamp":"2022-02-27T14:00:09.586Z"}
{"assetPair":"XRPBUSD","data":{"price":"0.74760000","symbol":"XRPBUSD"},"level":"info","message":"Latest price","service":"api-d27bc23-binance-XRPBUSD","timestamp":"2022-02-27T14:03:09.614Z"}
{"assetPair":"XRPBUSD","data":{"price":"0.74500000","symbol":"XRPBUSD"},"level":"info","message":"Latest price","service":"api-d27bc23-binance-XRPBUSD","timestamp":"2022-02-27T14:06:09.696Z"}
{"assetPair":"XRPBUSD","data":{"price":"0.74140000","symbol":"XRPBUSD"},"level":"info","message":"Latest price","service":"api-d27bc23-binance-XRPBUSD","timestamp":"2022-02-27T14:09:09.944Z"}
{"assetPair":"XRPBUSD","data":{"price":"0.74150000","symbol":"XRPBUSD"},"level":"info","message":"Latest price","service":"api-d27bc23-binance-XRPBUSD","timestamp":"2022-02-27T14:12:09.979Z"}
{"assetPair":"XRPBUSD","data":{"price":"0.74310000","symbol":"XRPBUSD"},"level":"info","message":"Latest price","service":"api-d27bc23-binance-XRPBUSD","timestamp":"2022-02-27T14:15:10.050Z"}
{"assetPair":"XRPBUSD","data":{"price":"0.74480000","symbol":"XRPBUSD"},"level":"info","message":"Latest price","service":"api-d27bc23-binance-XRPBUSD","timestamp":"2022-02-27T14:18:10.077Z"}
{"assetPair":"XRPBUSD","data":{"price":"0.74660000","symbol":"XRPBUSD"},"level":"info","message":"Latest price","service":"api-d27bc23-binance-XRPBUSD","timestamp":"2022-02-27T14:21:10.104Z"}
{"assetPair":"XRPBUSD","data":{"price":"0.74720000","symbol":"XRPBUSD"},"level":"info","message":"Latest price","service":"api-d27bc23-binance-XRPBUSD","timestamp":"2022-02-27T14:24:10.135Z"}
{"assetPair":"XRPBUSD","data":{"price":"0.74820000","symbol":"XRPBUSD"},"level":"info","message":"Latest price","service":"api-d27bc23-binance-XRPBUSD","timestamp":"2022-02-27T14:27:10.168Z"}
{"assetPair":"XRPBUSD","data":{"price":"0.74490000","symbol":"XRPBUSD"},"level":"info","message":"Latest price","service":"api-d27bc23-binance-XRPBUSD","timestamp":"2022-02-27T14:30:10.202Z"}
{"assetPair":"XRPBUSD","data":{"price":"0.74340000","symbol":"XRPBUSD"},"level":"info","message":"Latest price","service":"api-d27bc23-binance-XRPBUSD","timestamp":"2022-02-27T14:33:10.228Z"}
{"assetPair":"XRPBUSD","data":{"price":"0.74260000","symbol":"XRPBUSD"},"level":"info","message":"Latest price","service":"api-d27bc23-binance-XRPBUSD","timestamp":"2022-02-27T14:36:10.255Z"}
{"assetPair":"XRPBUSD","data":{"price":"0.74300000","symbol":"XRPBUSD"},"level":"info","message":"Latest price","service":"api-d27bc23-binance-XRPBUSD","timestamp":"2022-02-27T14:39:10.291Z"}
{"assetPair":"XRPBUSD","data":{"price":"0.74450000","symbol":"XRPBUSD"},"level":"info","message":"Latest price","service":"api-d27bc23-binance-XRPBUSD","timestamp":"2022-02-27T14:42:10.345Z"}
{"assetPair":"XRPBUSD","data":{"price":"0.74520000","symbol":"XRPBUSD"},"level":"info","message":"Latest price","service":"api-d27bc23-binance-XRPBUSD","timestamp":"2022-02-27T14:45:10.374Z"}
{"assetPair":"XRPBUSD","data":{"price":"0.74430000","symbol":"XRPBUSD"},"level":"info","message":"Latest price","service":"api-d27bc23-binance-XRPBUSD","timestamp":"2022-02-27T14:48:10.403Z"}
{"assetPair":"XRPBUSD","data":{"price":"0.74240000","symbol":"XRPBUSD"},"level":"info","message":"Latest price","service":"api-d27bc23-binance-XRPBUSD","timestamp":"2022-02-27T14:51:10.433Z"}
{"assetPair":"XRPBUSD","data":{"price":"0.74000000","symbol":"XRPBUSD"},"level":"info","message":"Latest price","service":"api-d27bc23-binance-XRPBUSD","timestamp":"2022-02-27T14:54:10.458Z"}
{"assetPair":"XRPBUSD","data":{"price":"0.74140000","symbol":"XRPBUSD"},"level":"info","message":"Latest price","service":"api-d27bc23-binance-XRPBUSD","timestamp":"2022-02-27T14:57:10.494Z"}
{"assetPair":"XRPBUSD","data":{"price":"0.74240000","symbol":"XRPBUSD"},"level":"info","message":"Latest price","service":"api-d27bc23-binance-XRPBUSD","timestamp":"2022-02-27T15:00:10.521Z"}
{"assetPair":"XRPBUSD","data":{"price":"0.74100000","symbol":"XRPBUSD"},"level":"info","message":"Latest price","service":"api-d27bc23-binance-XRPBUSD","timestamp":"2022-02-27T15:03:10.556Z"}
{"assetPair":"XRPBUSD","data":{"price":"0.74330000","symbol":"XRPBUSD"},"level":"info","message":"Latest price","service":"api-d27bc23-binance-XRPBUSD","timestamp":"2022-02-27T15:06:10.580Z"}
{"assetPair":"XRPBUSD","data":{"price":"0.74430000","symbol":"XRPBUSD"},"level":"info","message":"Latest price","service":"api-d27bc23-binance-XRPBUSD","timestamp":"2022-02-27T15:09:10.634Z"}
{"assetPair":"XRPBUSD","data":{"price":"0.74410000","symbol":"XRPBUSD"},"level":"info","message":"Latest price","service":"api-d27bc23-binance-XRPBUSD","timestamp":"2022-02-27T15:12:10.665Z"}
{"assetPair":"XRPBUSD","data":{"price":"0.74510000","symbol":"XRPBUSD"},"level":"info","message":"Latest price","service":"api-d27bc23-binance-XRPBUSD","timestamp":"2022-02-27T15:15:10.696Z"}
{"assetPair":"XRPBUSD","data":{"price":"0.74880000","symbol":"XRPBUSD"},"level":"info","message":"Latest price","service":"api-d27bc23-binance-XRPBUSD","timestamp":"2022-02-27T15:18:10.766Z"}
{"assetPair":"XRPBUSD","data":{"price":"0.74850000","symbol":"XRPBUSD"},"level":"info","message":"Latest price","service":"api-d27bc23-binance-XRPBUSD","timestamp":"2022-02-27T15:21:10.852Z"}
{"assetPair":"XRPBUSD","data":{"price":"0.75100000","symbol":"XRPBUSD"},"level":"info","message":"Latest price","service":"api-d27bc23-binance-XRPBUSD","timestamp":"2022-02-27T15:24:10.890Z"}
{"assetPair":"XRPBUSD","data":{"price":"0.75440000","symbol":"XRPBUSD"},"level":"info","message":"Latest price","service":"api-d27bc23-binance-XRPBUSD","timestamp":"2022-02-27T15:27:10.922Z"}
{"assetPair":"XRPBUSD","data":{"price":"0.75290000","symbol":"XRPBUSD"},"level":"info","message":"Latest price","service":"api-d27bc23-binance-XRPBUSD","timestamp":"2022-02-27T15:30:10.952Z"}
{"assetPair":"XRPBUSD","data":{"price":"0.75170000","symbol":"XRPBUSD"},"level":"info","message":"Latest price","service":"api-d27bc23-binance-XRPBUSD","timestamp":"2022-02-27T15:33:10.980Z"}
{"assetPair":"XRPBUSD","data":{"price":"0.75170000","symbol":"XRPBUSD"},"level":"info","message":"Latest price","service":"api-d27bc23-binance-XRPBUSD","timestamp":"2022-02-27T15:36:11.007Z"}
{"assetPair":"XRPBUSD","data":{"price":"0.74830000","symbol":"XRPBUSD"},"level":"info","message":"Latest price","service":"api-d27bc23-binance-XRPBUSD","timestamp":"2022-02-27T15:39:11.066Z"}
{"assetPair":"XRPBUSD","data":{"price":"0.74990000","symbol":"XRPBUSD"},"level":"info","message":"Latest price","service":"api-d27bc23-binance-XRPBUSD","timestamp":"2022-02-27T15:42:11.100Z"}
{"assetPair":"XRPBUSD","data":{"price":"0.75060000","symbol":"XRPBUSD"},"level":"info","message":"Latest price","service":"api-d27bc23-binance-XRPBUSD","timestamp":"2022-02-27T15:45:11.127Z"}
{"assetPair":"XRPBUSD","data":{"price":"0.75100000","symbol":"XRPBUSD"},"level":"info","message":"Latest price","service":"api-d27bc23-binance-XRPBUSD","timestamp":"2022-02-27T15:48:11.156Z"}
{"assetPair":"XRPBUSD","data":{"price":"0.75290000","symbol":"XRPBUSD"},"level":"info","message":"Latest price","service":"api-d27bc23-binance-XRPBUSD","timestamp":"2022-02-27T15:51:11.193Z"}
{"assetPair":"XRPBUSD","data":{"price":"0.75250000","symbol":"XRPBUSD"},"level":"info","message":"Latest price","service":"api-d27bc23-binance-XRPBUSD","timestamp":"2022-02-27T15:54:11.221Z"}
{"assetPair":"XRPBUSD","data":{"price":"0.75220000","symbol":"XRPBUSD"},"level":"info","message":"Latest price","service":"api-d27bc23-binance-XRPBUSD","timestamp":"2022-02-27T15:57:11.275Z"}
{"assetPair":"XRPBUSD","data":{"price":"0.75220000","symbol":"XRPBUSD"},"level":"info","message":"Latest price","service":"api-d27bc23-binance-XRPBUSD","timestamp":"2022-02-27T16:00:11.351Z"}
{"assetPair":"XRPBUSD","data":{"price":"0.75130000","symbol":"XRPBUSD"},"level":"info","message":"Latest price","service":"api-d27bc23-binance-XRPBUSD","timestamp":"2022-02-27T16:03:11.381Z"}
{"assetPair":"XRPBUSD","data":{"price":"0.74980000","symbol":"XRPBUSD"},"level":"info","message":"Latest price","service":"api-d27bc23-binance-XRPBUSD","timestamp":"2022-02-27T16:06:11.413Z"}
{"assetPair":"XRPBUSD","data":{"price":"0.74810000","symbol":"XRPBUSD"},"level":"info","message":"Latest price","service":"api-d27bc23-binance-XRPBUSD","timestamp":"2022-02-27T16:09:11.469Z"}
{"assetPair":"XRPBUSD","data":{"price":"0.74920000","symbol":"XRPBUSD"},"level":"info","message":"Latest price","service":"api-d27bc23-binance-XRPBUSD","timestamp":"2022-02-27T16:12:11.500Z"}
{"assetPair":"XRPBUSD","data":{"price":"0.74690000","symbol":"XRPBUSD"},"level":"info","message":"Latest price","service":"api-d27bc23-binance-XRPBUSD","timestamp":"2022-02-27T16:15:11.529Z"}
{"assetPair":"XRPBUSD","data":{"price":"0.74390000","symbol":"XRPBUSD"},"level":"info","message":"Latest price","service":"api-d27bc23-binance-XRPBUSD","timestamp":"2022-02-27T16:18:11.557Z"}
{"assetPair":"XRPBUSD","data":{"price":"0.74620000","symbol":"XRPBUSD"},"level":"info","message":"Latest price","service":"api-d27bc23-binance-XRPBUSD","timestamp":"2022-02-27T16:21:11.627Z"}
{"assetPair":"XRPBUSD","data":{"price":"0.74640000","symbol":"XRPBUSD"},"level":"info","message":"Latest price","service":"api-d27bc23-binance-XRPBUSD","timestamp":"2022-02-27T16:24:11.684Z"}
{"assetPair":"XRPBUSD","data":{"price":"0.74540000","symbol":"XRPBUSD"},"level":"info","message":"Latest price","service":"api-d27bc23-binance-XRPBUSD","timestamp":"2022-02-27T16:27:11.712Z"}
{"assetPair":"XRPBUSD","data":{"price":"0.74250000","symbol":"XRPBUSD"},"level":"info","message":"Latest price","service":"api-d27bc23-binance-XRPBUSD","timestamp":"2022-02-27T16:30:11.741Z"}
{"assetPair":"XRPBUSD","data":{"price":"0.74400000","symbol":"XRPBUSD"},"level":"info","message":"Latest price","service":"api-d27bc23-binance-XRPBUSD","timestamp":"2022-02-27T16:33:11.767Z"}
{"assetPair":"XRPBUSD","data":{"price":"0.74490000","symbol":"XRPBUSD"},"level":"info","message":"Latest price","service":"api-d27bc23-binance-XRPBUSD","timestamp":"2022-02-27T16:36:11.798Z"}
{"assetPair":"XRPBUSD","data":{"price":"0.74680000","symbol":"XRPBUSD"},"level":"info","message":"Latest price","service":"api-d27bc23-binance-XRPBUSD","timestamp":"2022-02-27T16:39:11.825Z"}
{"assetPair":"XRPBUSD","data":{"price":"0.74560000","symbol":"XRPBUSD"},"level":"info","message":"Latest price","service":"api-d27bc23-binance-XRPBUSD","timestamp":"2022-02-27T16:42:11.853Z"}
{"assetPair":"XRPBUSD","data":{"price":"0.74480000","symbol":"XRPBUSD"},"level":"info","message":"Latest price","service":"api-d27bc23-binance-XRPBUSD","timestamp":"2022-02-27T16:45:11.884Z"}
{"assetPair":"XRPBUSD","data":{"price":"0.74490000","symbol":"XRPBUSD"},"level":"info","message":"Latest price","service":"api-d27bc23-binance-XRPBUSD","timestamp":"2022-02-27T16:48:11.912Z"}
{"assetPair":"XRPBUSD","data":{"price":"0.74640000","symbol":"XRPBUSD"},"level":"info","message":"Latest price","service":"api-d27bc23-binance-XRPBUSD","timestamp":"2022-02-27T16:51:11.942Z"}
{"assetPair":"XRPBUSD","data":{"price":"0.74510000","symbol":"XRPBUSD"},"level":"info","message":"Latest price","service":"api-d27bc23-binance-XRPBUSD","timestamp":"2022-02-27T16:54:11.975Z"}
{"assetPair":"XRPBUSD","data":{"price":"0.74610000","symbol":"XRPBUSD"},"level":"info","message":"Latest price","service":"api-d27bc23-binance-XRPBUSD","timestamp":"2022-02-27T16:57:12.003Z"}
{"assetPair":"XRPBUSD","data":{"price":"0.74550000","symbol":"XRPBUSD"},"level":"info","message":"Latest price","service":"api-d27bc23-binance-XRPBUSD","timestamp":"2022-02-27T17:00:12.036Z"}
{"assetPair":"XRPBUSD","data":{"price":"0.74630000","symbol":"XRPBUSD"},"level":"info","message":"Latest price","service":"api-d27bc23-binance-XRPBUSD","timestamp":"2022-02-27T17:03:12.091Z"}
{"assetPair":"XRPBUSD","data":{"price":"0.74630000","symbol":"XRPBUSD"},"level":"info","message":"Latest price","service":"api-d27bc23-binance-XRPBUSD","timestamp":"2022-02-27T17:06:12.118Z"}
{"assetPair":"XRPBUSD","data":{"price":"0.74610000","symbol":"XRPBUSD"},"level":"info","message":"Latest price","service":"api-d27bc23-binance-XRPBUSD","timestamp":"2022-02-27T17:09:12.144Z"}
{"assetPair":"XRPBUSD","data":{"price":"0.74520000","symbol":"XRPBUSD"},"level":"info","message":"Latest price","service":"api-d27bc23-binance-XRPBUSD","timestamp":"2022-02-27T17:12:12.177Z"}
{"assetPair":"XRPBUSD","data":{"price":"0.74470000","symbol":"XRPBUSD"},"level":"info","message":"Latest price","service":"api-d27bc23-binance-XRPBUSD","timestamp":"2022-02-27T17:15:12.206Z"}
{"assetPair":"XRPBUSD","data":{"price":"0.74450000","symbol":"XRPBUSD"},"level":"info","message":"Latest price","service":"api-d27bc23-binance-XRPBUSD","timestamp":"2022-02-27T17:18:12.241Z"}
{"assetPair":"XRPBUSD","data":{"price":"0.74400000","symbol":"XRPBUSD"},"level":"info","message":"Latest price","service":"api-d27bc23-binance-XRPBUSD","timestamp":"2022-02-27T17:21:12.291Z"}
{"assetPair":"XRPBUSD","data":{"price":"0.74470000","symbol":"XRPBUSD"},"level":"info","message":"Latest price","service":"api-d27bc23-binance-XRPBUSD","timestamp":"2022-02-27T17:24:12.320Z"}
{"assetPair":"XRPBUSD","data":{"price":"0.74470000","symbol":"XRPBUSD"},"level":"info","message":"Latest price","service":"api-d27bc23-binance-XRPBUSD","timestamp":"2022-02-27T17:27:12.356Z"}
{"assetPair":"XRPBUSD","data":{"price":"0.74560000","symbol":"XRPBUSD"},"level":"info","message":"Latest price","service":"api-d27bc23-binance-XRPBUSD","timestamp":"2022-02-27T17:30:12.429Z"}
{"assetPair":"XRPBUSD","data":{"price":"0.74550000","symbol":"XRPBUSD"},"level":"info","message":"Latest price","service":"api-d27bc23-binance-XRPBUSD","timestamp":"2022-02-27T17:33:12.482Z"}
{"assetPair":"XRPBUSD","data":{"price":"0.74630000","symbol":"XRPBUSD"},"level":"info","message":"Latest price","service":"api-d27bc23-binance-XRPBUSD","timestamp":"2022-02-27T17:36:12.518Z"}
{"assetPair":"XRPBUSD","data":{"price":"0.74460000","symbol":"XRPBUSD"},"level":"info","message":"Latest price","service":"api-d27bc23-binance-XRPBUSD","timestamp":"2022-02-27T17:39:12.556Z"}
{"assetPair":"XRPBUSD","data":{"price":"0.74500000","symbol":"XRPBUSD"},"level":"info","message":"Latest price","service":"api-d27bc23-binance-XRPBUSD","timestamp":"2022-02-27T17:42:12.591Z"}
{"assetPair":"XRPBUSD","data":{"price":"0.74380000","symbol":"XRPBUSD"},"level":"info","message":"Latest price","service":"api-d27bc23-binance-XRPBUSD","timestamp":"2022-02-27T17:45:12.619Z"}
{"assetPair":"XRPBUSD","data":{"price":"0.74450000","symbol":"XRPBUSD"},"level":"info","message":"Latest price","service":"api-d27bc23-binance-XRPBUSD","timestamp":"2022-02-27T17:48:12.642Z"}
{"assetPair":"XRPBUSD","data":{"price":"0.74510000","symbol":"XRPBUSD"},"level":"info","message":"Latest price","service":"api-d27bc23-binance-XRPBUSD","timestamp":"2022-02-27T17:51:12.678Z"}
{"assetPair":"XRPBUSD","data":{"price":"0.74470000","symbol":"XRPBUSD"},"level":"info","message":"Latest price","service":"api-d27bc23-binance-XRPBUSD","timestamp":"2022-02-27T17:54:12.701Z"}
{"assetPair":"XRPBUSD","data":{"price":"0.74420000","symbol":"XRPBUSD"},"level":"info","message":"Latest price","service":"api-d27bc23-binance-XRPBUSD","timestamp":"2022-02-27T17:57:12.734Z"}
{"assetPair":"XRPBUSD","data":{"price":"0.74190000","symbol":"XRPBUSD"},"level":"info","message":"Latest price","service":"api-d27bc23-binance-XRPBUSD","timestamp":"2022-02-27T18:00:12.759Z"}
{"assetPair":"XRPBUSD","data":{"price":"0.74190000","symbol":"XRPBUSD"},"level":"info","message":"Latest price","service":"api-d27bc23-binance-XRPBUSD","timestamp":"2022-02-27T18:03:12.811Z"}
{"assetPair":"XRPBUSD","data":{"price":"0.74050000","symbol":"XRPBUSD"},"level":"info","message":"Latest price","service":"api-d27bc23-binance-XRPBUSD","timestamp":"2022-02-27T18:06:12.837Z"}
{"assetPair":"XRPBUSD","data":{"price":"0.74160000","symbol":"XRPBUSD"},"level":"info","message":"Latest price","service":"api-d27bc23-binance-XRPBUSD","timestamp":"2022-02-27T18:09:12.868Z"}
{"assetPair":"XRPBUSD","data":{"price":"0.74100000","symbol":"XRPBUSD"},"level":"info","message":"Latest price","service":"api-d27bc23-binance-XRPBUSD","timestamp":"2022-02-27T18:12:12.897Z"}
{"assetPair":"XRPBUSD","data":{"price":"0.74210000","symbol":"XRPBUSD"},"level":"info","message":"Latest price","service":"api-d27bc23-binance-XRPBUSD","timestamp":"2022-02-27T18:15:12.932Z"}
{"assetPair":"XRPBUSD","data":{"price":"0.74150000","symbol":"XRPBUSD"},"level":"info","message":"Latest price","service":"api-d27bc23-binance-XRPBUSD","timestamp":"2022-02-27T18:18:12.966Z"}
{"assetPair":"XRPBUSD","data":{"price":"0.74280000","symbol":"XRPBUSD"},"level":"info","message":"Latest price","service":"api-d27bc23-binance-XRPBUSD","timestamp":"2022-02-27T18:21:12.998Z"}
{"assetPair":"XRPBUSD","data":{"price":"0.74390000","symbol":"XRPBUSD"},"level":"info","message":"Latest price","service":"api-d27bc23-binance-XRPBUSD","timestamp":"2022-02-27T18:24:13.029Z"}
{"assetPair":"XRPBUSD","data":{"price":"0.74290000","symbol":"XRPBUSD"},"level":"info","message":"Latest price","service":"api-d27bc23-binance-XRPBUSD","timestamp":"2022-02-27T18:27:13.057Z"}
{"assetPair":"XRPBUSD","data":{"price":"0.74300000","symbol":"XRPBUSD"},"level":"info","message":"Latest price","service":"api-d27bc23-binance-XRPBUSD","timestamp":"2022-02-27T18:30:13.085Z"}
{"assetPair":"XRPBUSD","data":{"price":"0.74270000","symbol":"XRPBUSD"},"level":"info","message":"Latest price","service":"api-d27bc23-binance-XRPBUSD","timestamp":"2022-02-27T18:33:13.114Z"}
{"assetPair":"XRPBUSD","data":{"price":"0.74420000","symbol":"XRPBUSD"},"level":"info","message":"Latest price","service":"api-d27bc23-binance-XRPBUSD","timestamp":"2022-02-27T18:36:13.185Z"}
{"assetPair":"XRPBUSD","data":{"price":"0.74450000","symbol":"XRPBUSD"},"level":"info","message":"Latest price","service":"api-d27bc23-binance-XRPBUSD","timestamp":"2022-02-27T18:39:13.239Z"}
{"assetPair":"XRPBUSD","data":{"price":"0.74460000","symbol":"XRPBUSD"},"level":"info","message":"Latest price","service":"api-d27bc23-binance-XRPBUSD","timestamp":"2022-02-27T18:42:13.269Z"}
{"assetPair":"XRPBUSD","data":{"price":"0.74400000","symbol":"XRPBUSD"},"level":"info","message":"Latest price","service":"api-d27bc23-binance-XRPBUSD","timestamp":"2022-02-27T18:45:13.324Z"}
{"assetPair":"XRPBUSD","data":{"price":"0.74470000","symbol":"XRPBUSD"},"level":"info","message":"Latest price","service":"api-d27bc23-binance-XRPBUSD","timestamp":"2022-02-27T18:48:13.376Z"}
{"assetPair":"XRPBUSD","data":{"price":"0.74260000","symbol":"XRPBUSD"},"level":"info","message":"Latest price","service":"api-d27bc23-binance-XRPBUSD","timestamp":"2022-02-27T18:51:13.429Z"}
{"assetPair":"XRPBUSD","data":{"price":"0.74080000","symbol":"XRPBUSD"},"level":"info","message":"Latest price","service":"api-d27bc23-binance-XRPBUSD","timestamp":"2022-02-27T18:54:13.485Z"}
{"assetPair":"XRPBUSD","data":{"price":"0.74050000","symbol":"XRPBUSD"},"level":"info","message":"Latest price","service":"api-d27bc23-binance-XRPBUSD","timestamp":"2022-02-27T18:57:13.534Z"}
{"assetPair":"XRPBUSD","data":{"price":"0.74010000","symbol":"XRPBUSD"},"level":"info","message":"Latest price","service":"api-d27bc23-binance-XRPBUSD","timestamp":"2022-02-27T19:00:13.560Z"}
{"assetPair":"XRPBUSD","data":{"price":"0.74140000","symbol":"XRPBUSD"},"level":"info","message":"Latest price","service":"api-d27bc23-binance-XRPBUSD","timestamp":"2022-02-27T19:03:13.588Z"}
{"assetPair":"XRPBUSD","data":{"price":"0.74050000","symbol":"XRPBUSD"},"level":"info","message":"Latest price","service":"api-d27bc23-binance-XRPBUSD","timestamp":"2022-02-27T19:06:13.625Z"}
{"assetPair":"XRPBUSD","data":{"price":"0.74070000","symbol":"XRPBUSD"},"level":"info","message":"Latest price","service":"api-d27bc23-binance-XRPBUSD","timestamp":"2022-02-27T19:09:13.680Z"}
{"assetPair":"XRPBUSD","data":{"price":"0.74030000","symbol":"XRPBUSD"},"level":"info","message":"Latest price","service":"api-d27bc23-binance-XRPBUSD","timestamp":"2022-02-27T19:12:13.708Z"}
{"assetPair":"XRPBUSD","data":{"price":"0.73770000","symbol":"XRPBUSD"},"level":"info","message":"Latest price","service":"api-d27bc23-binance-XRPBUSD","timestamp":"2022-02-27T19:15:13.736Z"}
{"balance":{"asset":"XRP","free":"32.53800000","locked":"0.00000000"},"level":"info","message":"Binance balance","service":"api-d27bc23-binance-XRPBUSD","timestamp":"2022-02-27T19:15:13.757Z"}
{"correctedPrice":"0.7377","correctedQty":"32","forAsset":"BUSD","level":"info","message":"Initiating SELL","price":"0.73770000","quantity":"32.53800000","sellAsset":"XRP","service":"api-d27bc23-binance-XRPBUSD","timestamp":"2022-02-27T19:15:13.778Z"}
{"data":{"clientOrderId":"kcj7vluFG5sLToGJmoL3ri","cummulativeQuoteQty":"0.00000000","executedQty":"0.00000000","fills":[],"orderId":730009526,"orderListId":-1,"origQty":"32.00000000","price":"0.73770000","side":"SELL","status":"NEW","symbol":"XRPBUSD","timeInForce":"GTC","transactTime":1645989313800,"type":"LIMIT"},"level":"info","message":"SELL success","service":"api-d27bc23-binance-XRPBUSD","timestamp":"2022-02-27T19:15:13.805Z"}
{"level":"info","message":"Checking order status","origClientOrderId":"kcj7vluFG5sLToGJmoL3ri","service":"api-d27bc23-binance-XRPBUSD","symbol":"XRPBUSD","timestamp":"2022-02-27T19:18:13.809Z"}
{"data":{"clientOrderId":"kcj7vluFG5sLToGJmoL3ri","cummulativeQuoteQty":"23.60640000","executedQty":"32.00000000","icebergQty":"0.00000000","isWorking":true,"orderId":730009526,"orderListId":-1,"origQty":"32.00000000","origQuoteOrderQty":"0.00000000","price":"0.73770000","side":"SELL","status":"FILLED","stopPrice":"0.00000000","symbol":"XRPBUSD","time":1645989313800,"timeInForce":"GTC","type":"LIMIT","updateTime":1645989317924},"level":"info","message":"Order status","service":"api-d27bc23-binance-XRPBUSD","timestamp":"2022-02-27T19:18:13.837Z"}
{"assetPair":"XRPBUSD","data":{"price":"0.73390000","symbol":"XRPBUSD"},"level":"info","message":"Latest price","service":"api-d27bc23-binance-XRPBUSD","timestamp":"2022-02-27T19:18:13.859Z"}
{"assetPair":"XRPBUSD","data":{"price":"0.73330000","symbol":"XRPBUSD"},"level":"info","message":"Latest price","service":"api-d27bc23-binance-XRPBUSD","timestamp":"2022-02-27T19:21:13.919Z"}
{"assetPair":"XRPBUSD","data":{"price":"0.73250000","symbol":"XRPBUSD"},"level":"info","message":"Latest price","service":"api-d27bc23-binance-XRPBUSD","timestamp":"2022-02-27T19:24:13.950Z"}
{"assetPair":"XRPBUSD","data":{"price":"0.73310000","symbol":"XRPBUSD"},"level":"info","message":"Latest price","service":"api-d27bc23-binance-XRPBUSD","timestamp":"2022-02-27T19:27:13.974Z"}
{"assetPair":"XRPBUSD","data":{"price":"0.72830000","symbol":"XRPBUSD"},"level":"info","message":"Latest price","service":"api-d27bc23-binance-XRPBUSD","timestamp":"2022-02-27T19:30:14.050Z"}
{"assetPair":"XRPBUSD","data":{"price":"0.72490000","symbol":"XRPBUSD"},"level":"info","message":"Latest price","service":"api-d27bc23-binance-XRPBUSD","timestamp":"2022-02-27T19:33:14.080Z"}
{"assetPair":"XRPBUSD","data":{"price":"0.72160000","symbol":"XRPBUSD"},"level":"info","message":"Latest price","service":"api-d27bc23-binance-XRPBUSD","timestamp":"2022-02-27T19:36:14.109Z"}
{"assetPair":"XRPBUSD","data":{"price":"0.72470000","symbol":"XRPBUSD"},"level":"info","message":"Latest price","service":"api-d27bc23-binance-XRPBUSD","timestamp":"2022-02-27T19:39:14.140Z"}
{"assetPair":"XRPBUSD","data":{"price":"0.72500000","symbol":"XRPBUSD"},"level":"info","message":"Latest price","service":"api-d27bc23-binance-XRPBUSD","timestamp":"2022-02-27T19:42:14.168Z"}
{"assetPair":"XRPBUSD","data":{"price":"0.72250000","symbol":"XRPBUSD"},"level":"info","message":"Latest price","service":"api-d27bc23-binance-XRPBUSD","timestamp":"2022-02-27T19:45:14.194Z"}
{"assetPair":"XRPBUSD","data":{"price":"0.71700000","symbol":"XRPBUSD"},"level":"info","message":"Latest price","service":"api-d27bc23-binance-XRPBUSD","timestamp":"2022-02-27T19:48:14.230Z"}
{"assetPair":"XRPBUSD","data":{"price":"0.71490000","symbol":"XRPBUSD"},"level":"info","message":"Latest price","service":"api-d27bc23-binance-XRPBUSD","timestamp":"2022-02-27T19:51:14.262Z"}
{"assetPair":"XRPBUSD","data":{"price":"0.71720000","symbol":"XRPBUSD"},"level":"info","message":"Latest price","service":"api-d27bc23-binance-XRPBUSD","timestamp":"2022-02-27T19:54:14.288Z"}
{"assetPair":"XRPBUSD","data":{"price":"0.71460000","symbol":"XRPBUSD"},"level":"info","message":"Latest price","service":"api-d27bc23-binance-XRPBUSD","timestamp":"2022-02-27T19:57:14.317Z"}
{"assetPair":"XRPBUSD","data":{"price":"0.71370000","symbol":"XRPBUSD"},"level":"info","message":"Latest price","service":"api-d27bc23-binance-XRPBUSD","timestamp":"2022-02-27T20:00:14.350Z"}
{"assetPair":"XRPBUSD","data":{"price":"0.71670000","symbol":"XRPBUSD"},"level":"info","message":"Latest price","service":"api-d27bc23-binance-XRPBUSD","timestamp":"2022-02-27T20:03:14.385Z"}
{"assetPair":"XRPBUSD","data":{"price":"0.71290000","symbol":"XRPBUSD"},"level":"info","message":"Latest price","service":"api-d27bc23-binance-XRPBUSD","timestamp":"2022-02-27T20:06:14.414Z"}
{"assetPair":"XRPBUSD","data":{"price":"0.71650000","symbol":"XRPBUSD"},"level":"info","message":"Latest price","service":"api-d27bc23-binance-XRPBUSD","timestamp":"2022-02-27T20:09:14.450Z"}
{"assetPair":"XRPBUSD","data":{"price":"0.71680000","symbol":"XRPBUSD"},"level":"info","message":"Latest price","service":"api-d27bc23-binance-XRPBUSD","timestamp":"2022-02-27T20:12:14.478Z"}
{"assetPair":"XRPBUSD","data":{"price":"0.71620000","symbol":"XRPBUSD"},"level":"info","message":"Latest price","service":"api-d27bc23-binance-XRPBUSD","timestamp":"2022-02-27T20:15:14.529Z"}
{"assetPair":"XRPBUSD","data":{"price":"0.71700000","symbol":"XRPBUSD"},"level":"info","message":"Latest price","service":"api-d27bc23-binance-XRPBUSD","timestamp":"2022-02-27T20:18:14.557Z"}
{"assetPair":"XRPBUSD","data":{"price":"0.71470000","symbol":"XRPBUSD"},"level":"info","message":"Latest price","service":"api-d27bc23-binance-XRPBUSD","timestamp":"2022-02-27T20:21:14.609Z"}
{"assetPair":"XRPBUSD","data":{"price":"0.71500000","symbol":"XRPBUSD"},"level":"info","message":"Latest price","service":"api-d27bc23-binance-XRPBUSD","timestamp":"2022-02-27T20:24:14.646Z"}
{"assetPair":"XRPBUSD","data":{"price":"0.71440000","symbol":"XRPBUSD"},"level":"info","message":"Latest price","service":"api-d27bc23-binance-XRPBUSD","timestamp":"2022-02-27T20:27:14.675Z"}
{"assetPair":"XRPBUSD","data":{"price":"0.71630000","symbol":"XRPBUSD"},"level":"info","message":"Latest price","service":"api-d27bc23-binance-XRPBUSD","timestamp":"2022-02-27T20:30:14.704Z"}
{"assetPair":"XRPBUSD","data":{"price":"0.71820000","symbol":"XRPBUSD"},"level":"info","message":"Latest price","service":"api-d27bc23-binance-XRPBUSD","timestamp":"2022-02-27T20:33:14.775Z"}
{"balance":{"asset":"BUSD","free":"88.04754094","locked":"0.00000000"},"level":"info","message":"Binance balance","service":"api-d27bc23-binance-XRPBUSD","timestamp":"2022-02-27T20:33:14.863Z"}
{"buyAsset":"XRP","correctedPrice":"0.7182","correctedQty":"34","level":"info","message":"Initiating BUY","price":"0.7182","quantity":"34.46115288220551378446","service":"api-d27bc23-binance-XRPBUSD","timestamp":"2022-02-27T20:33:14.863Z","withAsset":"BUSD"}
{"data":{"clientOrderId":"fdt5Xap3hmMvtSM4hWJiJ9","cummulativeQuoteQty":"0.00000000","executedQty":"0.00000000","fills":[],"orderId":730133428,"orderListId":-1,"origQty":"34.00000000","price":"0.71820000","side":"BUY","status":"NEW","symbol":"XRPBUSD","timeInForce":"GTC","transactTime":1645993994918,"type":"LIMIT"},"level":"info","message":"BUY success","service":"api-d27bc23-binance-XRPBUSD","timestamp":"2022-02-27T20:33:14.928Z"}
{"level":"info","message":"Checking order status","origClientOrderId":"fdt5Xap3hmMvtSM4hWJiJ9","service":"api-d27bc23-binance-XRPBUSD","symbol":"XRPBUSD","timestamp":"2022-02-27T20:36:14.931Z"}
{"data":{"clientOrderId":"fdt5Xap3hmMvtSM4hWJiJ9","cummulativeQuoteQty":"24.41880000","executedQty":"34.00000000","icebergQty":"0.00000000","isWorking":true,"orderId":730133428,"orderListId":-1,"origQty":"34.00000000","origQuoteOrderQty":"0.00000000","price":"0.71820000","side":"BUY","status":"FILLED","stopPrice":"0.00000000","symbol":"XRPBUSD","time":1645993994918,"timeInForce":"GTC","type":"LIMIT","updateTime":1645993994927},"level":"info","message":"Order status","service":"api-d27bc23-binance-XRPBUSD","timestamp":"2022-02-27T20:36:14.957Z"}
{"assetPair":"XRPBUSD","data":{"price":"0.71970000","symbol":"XRPBUSD"},"level":"info","message":"Latest price","service":"api-d27bc23-binance-XRPBUSD","timestamp":"2022-02-27T20:36:14.981Z"}
{"assetPair":"XRPBUSD","data":{"price":"0.72250000","symbol":"XRPBUSD"},"level":"info","message":"Latest price","service":"api-d27bc23-binance-XRPBUSD","timestamp":"2022-02-27T20:39:15.006Z"}
{"assetPair":"XRPBUSD","data":{"price":"0.72130000","symbol":"XRPBUSD"},"level":"info","message":"Latest price","service":"api-d27bc23-binance-XRPBUSD","timestamp":"2022-02-27T20:42:15.059Z"}
{"assetPair":"XRPBUSD","data":{"price":"0.72250000","symbol":"XRPBUSD"},"level":"info","message":"Latest price","service":"api-d27bc23-binance-XRPBUSD","timestamp":"2022-02-27T20:45:15.111Z"}
{"assetPair":"XRPBUSD","data":{"price":"0.72680000","symbol":"XRPBUSD"},"level":"info","message":"Latest price","service":"api-d27bc23-binance-XRPBUSD","timestamp":"2022-02-27T20:48:15.138Z"}
{"assetPair":"XRPBUSD","data":{"price":"0.72660000","symbol":"XRPBUSD"},"level":"info","message":"Latest price","service":"api-d27bc23-binance-XRPBUSD","timestamp":"2022-02-27T20:51:15.163Z"}
{"assetPair":"XRPBUSD","data":{"price":"0.72470000","symbol":"XRPBUSD"},"level":"info","message":"Latest price","service":"api-d27bc23-binance-XRPBUSD","timestamp":"2022-02-27T20:54:15.195Z"}
{"assetPair":"XRPBUSD","data":{"price":"0.72440000","symbol":"XRPBUSD"},"level":"info","message":"Latest price","service":"api-d27bc23-binance-XRPBUSD","timestamp":"2022-02-27T20:57:15.220Z"}
{"assetPair":"XRPBUSD","data":{"price":"0.72000000","symbol":"XRPBUSD"},"level":"info","message":"Latest price","service":"api-d27bc23-binance-XRPBUSD","timestamp":"2022-02-27T21:00:15.281Z"}
{"assetPair":"XRPBUSD","data":{"price":"0.71940000","symbol":"XRPBUSD"},"level":"info","message":"Latest price","service":"api-d27bc23-binance-XRPBUSD","timestamp":"2022-02-27T21:03:15.303Z"}
{"assetPair":"XRPBUSD","data":{"price":"0.71770000","symbol":"XRPBUSD"},"level":"info","message":"Latest price","service":"api-d27bc23-binance-XRPBUSD","timestamp":"2022-02-27T21:06:15.332Z"}
{"assetPair":"XRPBUSD","data":{"price":"0.71570000","symbol":"XRPBUSD"},"level":"info","message":"Latest price","service":"api-d27bc23-binance-XRPBUSD","timestamp":"2022-02-27T21:09:15.357Z"}
{"assetPair":"XRPBUSD","data":{"price":"0.71730000","symbol":"XRPBUSD"},"level":"info","message":"Latest price","service":"api-d27bc23-binance-XRPBUSD","timestamp":"2022-02-27T21:12:15.383Z"}
{"assetPair":"XRPBUSD","data":{"price":"0.71270000","symbol":"XRPBUSD"},"level":"info","message":"Latest price","service":"api-d27bc23-binance-XRPBUSD","timestamp":"2022-02-27T21:15:15.412Z"}
{"assetPair":"XRPBUSD","data":{"price":"0.71180000","symbol":"XRPBUSD"},"level":"info","message":"Latest price","service":"api-d27bc23-binance-XRPBUSD","timestamp":"2022-02-27T21:18:15.441Z"}
{"assetPair":"XRPBUSD","data":{"price":"0.70890000","symbol":"XRPBUSD"},"level":"info","message":"Latest price","service":"api-d27bc23-binance-XRPBUSD","timestamp":"2022-02-27T21:21:15.471Z"}
{"assetPair":"XRPBUSD","data":{"price":"0.70730000","symbol":"XRPBUSD"},"level":"info","message":"Latest price","service":"api-d27bc23-binance-XRPBUSD","timestamp":"2022-02-27T21:24:15.500Z"}
{"assetPair":"XRPBUSD","data":{"price":"0.70980000","symbol":"XRPBUSD"},"level":"info","message":"Latest price","service":"api-d27bc23-binance-XRPBUSD","timestamp":"2022-02-27T21:27:15.528Z"}
{"assetPair":"XRPBUSD","data":{"price":"0.71200000","symbol":"XRPBUSD"},"level":"info","message":"Latest price","service":"api-d27bc23-binance-XRPBUSD","timestamp":"2022-02-27T21:30:15.564Z"}
{"assetPair":"XRPBUSD","data":{"price":"0.71430000","symbol":"XRPBUSD"},"level":"info","message":"Latest price","service":"api-d27bc23-binance-XRPBUSD","timestamp":"2022-02-27T21:33:15.602Z"}
{"assetPair":"XRPBUSD","data":{"price":"0.71250000","symbol":"XRPBUSD"},"level":"info","message":"Latest price","service":"api-d27bc23-binance-XRPBUSD","timestamp":"2022-02-27T21:36:15.652Z"}
{"assetPair":"XRPBUSD","data":{"price":"0.71350000","symbol":"XRPBUSD"},"level":"info","message":"Latest price","service":"api-d27bc23-binance-XRPBUSD","timestamp":"2022-02-27T21:39:15.681Z"}
{"assetPair":"XRPBUSD","data":{"price":"0.71500000","symbol":"XRPBUSD"},"level":"info","message":"Latest price","service":"api-d27bc23-binance-XRPBUSD","timestamp":"2022-02-27T21:42:15.741Z"}
{"assetPair":"XRPBUSD","data":{"price":"0.71530000","symbol":"XRPBUSD"},"level":"info","message":"Latest price","service":"api-d27bc23-binance-XRPBUSD","timestamp":"2022-02-27T21:45:15.805Z"}
{"assetPair":"XRPBUSD","data":{"price":"0.71720000","symbol":"XRPBUSD"},"level":"info","message":"Latest price","service":"api-d27bc23-binance-XRPBUSD","timestamp":"2022-02-27T21:48:15.834Z"}
{"assetPair":"XRPBUSD","data":{"price":"0.71770000","symbol":"XRPBUSD"},"level":"info","message":"Latest price","service":"api-d27bc23-binance-XRPBUSD","timestamp":"2022-02-27T21:51:15.863Z"}
{"assetPair":"XRPBUSD","data":{"price":"0.72200000","symbol":"XRPBUSD"},"level":"info","message":"Latest price","service":"api-d27bc23-binance-XRPBUSD","timestamp":"2022-02-27T21:54:15.887Z"}
{"assetPair":"XRPBUSD","data":{"price":"0.71940000","symbol":"XRPBUSD"},"level":"info","message":"Latest price","service":"api-d27bc23-binance-XRPBUSD","timestamp":"2022-02-27T21:57:15.919Z"}
{"assetPair":"XRPBUSD","data":{"price":"0.71770000","symbol":"XRPBUSD"},"level":"info","message":"Latest price","service":"api-d27bc23-binance-XRPBUSD","timestamp":"2022-02-27T22:00:15.989Z"}
{"assetPair":"XRPBUSD","data":{"price":"0.72110000","symbol":"XRPBUSD"},"level":"info","message":"Latest price","service":"api-d27bc23-binance-XRPBUSD","timestamp":"2022-02-27T22:03:16.025Z"}
{"assetPair":"XRPBUSD","data":{"price":"0.72150000","symbol":"XRPBUSD"},"level":"info","message":"Latest price","service":"api-d27bc23-binance-XRPBUSD","timestamp":"2022-02-27T22:06:16.061Z"}
{"assetPair":"XRPBUSD","data":{"price":"0.72180000","symbol":"XRPBUSD"},"level":"info","message":"Latest price","service":"api-d27bc23-binance-XRPBUSD","timestamp":"2022-02-27T22:09:16.085Z"}
{"assetPair":"XRPBUSD","data":{"price":"0.72140000","symbol":"XRPBUSD"},"level":"info","message":"Latest price","service":"api-d27bc23-binance-XRPBUSD","timestamp":"2022-02-27T22:12:16.116Z"}
{"assetPair":"XRPBUSD","data":{"price":"0.72280000","symbol":"XRPBUSD"},"level":"info","message":"Latest price","service":"api-d27bc23-binance-XRPBUSD","timestamp":"2022-02-27T22:15:16.145Z"}
{"assetPair":"XRPBUSD","data":{"price":"0.72150000","symbol":"XRPBUSD"},"level":"info","message":"Latest price","service":"api-d27bc23-binance-XRPBUSD","timestamp":"2022-02-27T22:18:16.181Z"}
{"assetPair":"XRPBUSD","data":{"price":"0.71940000","symbol":"XRPBUSD"},"level":"info","message":"Latest price","service":"api-d27bc23-binance-XRPBUSD","timestamp":"2022-02-27T22:21:16.239Z"}
{"assetPair":"XRPBUSD","data":{"price":"0.72070000","symbol":"XRPBUSD"},"level":"info","message":"Latest price","service":"api-d27bc23-binance-XRPBUSD","timestamp":"2022-02-27T22:24:16.266Z"}
{"assetPair":"XRPBUSD","data":{"price":"0.72230000","symbol":"XRPBUSD"},"level":"info","message":"Latest price","service":"api-d27bc23-binance-XRPBUSD","timestamp":"2022-02-27T22:27:16.295Z"}
{"assetPair":"XRPBUSD","data":{"price":"0.72160000","symbol":"XRPBUSD"},"level":"info","message":"Latest price","service":"api-d27bc23-binance-XRPBUSD","timestamp":"2022-02-27T22:30:16.320Z"}
{"assetPair":"XRPBUSD","data":{"price":"0.72210000","symbol":"XRPBUSD"},"level":"info","message":"Latest price","service":"api-d27bc23-binance-XRPBUSD","timestamp":"2022-02-27T22:33:16.353Z"}
{"assetPair":"XRPBUSD","data":{"price":"0.72270000","symbol":"XRPBUSD"},"level":"info","message":"Latest price","service":"api-d27bc23-binance-XRPBUSD","timestamp":"2022-02-27T22:36:16.385Z"}
{"assetPair":"XRPBUSD","data":{"price":"0.72310000","symbol":"XRPBUSD"},"level":"info","message":"Latest price","service":"api-d27bc23-binance-XRPBUSD","timestamp":"2022-02-27T22:39:16.414Z"}
{"assetPair":"XRPBUSD","data":{"price":"0.72320000","symbol":"XRPBUSD"},"level":"info","message":"Latest price","service":"api-d27bc23-binance-XRPBUSD","timestamp":"2022-02-27T22:42:16.440Z"}
{"assetPair":"XRPBUSD","data":{"price":"0.72120000","symbol":"XRPBUSD"},"level":"info","message":"Latest price","service":"api-d27bc23-binance-XRPBUSD","timestamp":"2022-02-27T22:45:16.473Z"}
{"assetPair":"XRPBUSD","data":{"price":"0.71860000","symbol":"XRPBUSD"},"level":"info","message":"Latest price","service":"api-d27bc23-binance-XRPBUSD","timestamp":"2022-02-27T22:48:16.503Z"}
{"assetPair":"XRPBUSD","data":{"price":"0.71710000","symbol":"XRPBUSD"},"level":"info","message":"Latest price","service":"api-d27bc23-binance-XRPBUSD","timestamp":"2022-02-27T22:51:16.530Z"}
{"assetPair":"XRPBUSD","data":{"price":"0.71740000","symbol":"XRPBUSD"},"level":"info","message":"Latest price","service":"api-d27bc23-binance-XRPBUSD","timestamp":"2022-02-27T22:54:16.566Z"}
{"assetPair":"XRPBUSD","data":{"price":"0.71930000","symbol":"XRPBUSD"},"level":"info","message":"Latest price","service":"api-d27bc23-binance-XRPBUSD","timestamp":"2022-02-27T22:57:16.600Z"}
{"assetPair":"XRPBUSD","data":{"price":"0.72090000","symbol":"XRPBUSD"},"level":"info","message":"Latest price","service":"api-d27bc23-binance-XRPBUSD","timestamp":"2022-02-27T23:00:16.627Z"}
{"assetPair":"XRPBUSD","data":{"price":"0.71720000","symbol":"XRPBUSD"},"level":"info","message":"Latest price","service":"api-d27bc23-binance-XRPBUSD","timestamp":"2022-02-27T23:03:16.700Z"}
{"assetPair":"XRPBUSD","data":{"price":"0.71380000","symbol":"XRPBUSD"},"level":"info","message":"Latest price","service":"api-d27bc23-binance-XRPBUSD","timestamp":"2022-02-27T23:06:16.728Z"}
{"assetPair":"XRPBUSD","data":{"price":"0.71470000","symbol":"XRPBUSD"},"level":"info","message":"Latest price","service":"api-d27bc23-binance-XRPBUSD","timestamp":"2022-02-27T23:09:16.757Z"}
{"assetPair":"XRPBUSD","data":{"price":"0.71540000","symbol":"XRPBUSD"},"level":"info","message":"Latest price","service":"api-d27bc23-binance-XRPBUSD","timestamp":"2022-02-27T23:12:16.792Z"}
{"assetPair":"XRPBUSD","data":{"price":"0.71440000","symbol":"XRPBUSD"},"level":"info","message":"Latest price","service":"api-d27bc23-binance-XRPBUSD","timestamp":"2022-02-27T23:15:16.845Z"}
{"assetPair":"XRPBUSD","data":{"price":"0.71750000","symbol":"XRPBUSD"},"level":"info","message":"Latest price","service":"api-d27bc23-binance-XRPBUSD","timestamp":"2022-02-27T23:18:16.872Z"}
{"assetPair":"XRPBUSD","data":{"price":"0.71560000","symbol":"XRPBUSD"},"level":"info","message":"Latest price","service":"api-d27bc23-binance-XRPBUSD","timestamp":"2022-02-27T23:21:16.911Z"}
{"assetPair":"XRPBUSD","data":{"price":"0.71300000","symbol":"XRPBUSD"},"level":"info","message":"Latest price","service":"api-d27bc23-binance-XRPBUSD","timestamp":"2022-02-27T23:24:16.938Z"}
{"assetPair":"XRPBUSD","data":{"price":"0.71210000","symbol":"XRPBUSD"},"level":"info","message":"Latest price","service":"api-d27bc23-binance-XRPBUSD","timestamp":"2022-02-27T23:27:16.964Z"}
{"assetPair":"XRPBUSD","data":{"price":"0.71730000","symbol":"XRPBUSD"},"level":"info","message":"Latest price","service":"api-d27bc23-binance-XRPBUSD","timestamp":"2022-02-27T23:30:16.988Z"}
{"assetPair":"XRPBUSD","data":{"price":"0.71720000","symbol":"XRPBUSD"},"level":"info","message":"Latest price","service":"api-d27bc23-binance-XRPBUSD","timestamp":"2022-02-27T23:33:17.014Z"}
{"assetPair":"XRPBUSD","data":{"price":"0.71740000","symbol":"XRPBUSD"},"level":"info","message":"Latest price","service":"api-d27bc23-binance-XRPBUSD","timestamp":"2022-02-27T23:36:17.046Z"}
{"assetPair":"XRPBUSD","data":{"price":"0.71770000","symbol":"XRPBUSD"},"level":"info","message":"Latest price","service":"api-d27bc23-binance-XRPBUSD","timestamp":"2022-02-27T23:39:17.099Z"}
{"assetPair":"XRPBUSD","data":{"price":"0.71820000","symbol":"XRPBUSD"},"level":"info","message":"Latest price","service":"api-d27bc23-binance-XRPBUSD","timestamp":"2022-02-27T23:42:17.127Z"}
{"assetPair":"XRPBUSD","data":{"price":"0.71830000","symbol":"XRPBUSD"},"level":"info","message":"Latest price","service":"api-d27bc23-binance-XRPBUSD","timestamp":"2022-02-27T23:45:17.168Z"}
{"assetPair":"XRPBUSD","data":{"price":"0.71930000","symbol":"XRPBUSD"},"level":"info","message":"Latest price","service":"api-d27bc23-binance-XRPBUSD","timestamp":"2022-02-27T23:48:17.198Z"}
{"assetPair":"XRPBUSD","data":{"price":"0.71920000","symbol":"XRPBUSD"},"level":"info","message":"Latest price","service":"api-d27bc23-binance-XRPBUSD","timestamp":"2022-02-27T23:51:17.223Z"}
{"assetPair":"XRPBUSD","data":{"price":"0.72310000","symbol":"XRPBUSD"},"level":"info","message":"Latest price","service":"api-d27bc23-binance-XRPBUSD","timestamp":"2022-02-27T23:54:17.260Z"}
{"assetPair":"XRPBUSD","data":{"price":"0.72140000","symbol":"XRPBUSD"},"level":"info","message":"Latest price","service":"api-d27bc23-binance-XRPBUSD","timestamp":"2022-02-27T23:57:17.289Z"}
{"assetPair":"XRPBUSD","data":{"price":"0.72150000","symbol":"XRPBUSD"},"level":"info","message":"Latest price","service":"api-d27bc23-binance-XRPBUSD","timestamp":"2022-02-28T00:00:17.319Z"}
{"assetPair":"XRPBUSD","data":{"price":"0.71780000","symbol":"XRPBUSD"},"level":"info","message":"Latest price","service":"api-d27bc23-binance-XRPBUSD","timestamp":"2022-02-28T00:03:17.349Z"}
{"assetPair":"XRPBUSD","data":{"price":"0.72180000","symbol":"XRPBUSD"},"level":"info","message":"Latest price","service":"api-d27bc23-binance-XRPBUSD","timestamp":"2022-02-28T00:06:17.382Z"}
{"assetPair":"XRPBUSD","data":{"price":"0.72040000","symbol":"XRPBUSD"},"level":"info","message":"Latest price","service":"api-d27bc23-binance-XRPBUSD","timestamp":"2022-02-28T00:09:17.414Z"}
{"assetPair":"XRPBUSD","data":{"price":"0.72020000","symbol":"XRPBUSD"},"level":"info","message":"Latest price","service":"api-d27bc23-binance-XRPBUSD","timestamp":"2022-02-28T00:12:17.442Z"}
{"assetPair":"XRPBUSD","data":{"price":"0.72330000","symbol":"XRPBUSD"},"level":"info","message":"Latest price","service":"api-d27bc23-binance-XRPBUSD","timestamp":"2022-02-28T00:15:17.469Z"}
{"assetPair":"XRPBUSD","data":{"price":"0.72320000","symbol":"XRPBUSD"},"level":"info","message":"Latest price","service":"api-d27bc23-binance-XRPBUSD","timestamp":"2022-02-28T00:18:17.494Z"}
{"assetPair":"XRPBUSD","data":{"price":"0.72070000","symbol":"XRPBUSD"},"level":"info","message":"Latest price","service":"api-d27bc23-binance-XRPBUSD","timestamp":"2022-02-28T00:21:17.527Z"}
{"assetPair":"XRPBUSD","data":{"price":"0.71990000","symbol":"XRPBUSD"},"level":"info","message":"Latest price","service":"api-d27bc23-binance-XRPBUSD","timestamp":"2022-02-28T00:24:17.560Z"}
{"assetPair":"XRPBUSD","data":{"price":"0.71730000","symbol":"XRPBUSD"},"level":"info","message":"Latest price","service":"api-d27bc23-binance-XRPBUSD","timestamp":"2022-02-28T00:27:17.590Z"}
{"assetPair":"XRPBUSD","data":{"price":"0.71470000","symbol":"XRPBUSD"},"level":"info","message":"Latest price","service":"api-d27bc23-binance-XRPBUSD","timestamp":"2022-02-28T00:30:17.630Z"}
{"assetPair":"XRPBUSD","data":{"price":"0.71540000","symbol":"XRPBUSD"},"level":"info","message":"Latest price","service":"api-d27bc23-binance-XRPBUSD","timestamp":"2022-02-28T00:33:17.682Z"}
{"assetPair":"XRPBUSD","data":{"price":"0.71200000","symbol":"XRPBUSD"},"level":"info","message":"Latest price","service":"api-d27bc23-binance-XRPBUSD","timestamp":"2022-02-28T00:36:17.716Z"}
{"assetPair":"XRPBUSD","data":{"price":"0.71360000","symbol":"XRPBUSD"},"level":"info","message":"Latest price","service":"api-d27bc23-binance-XRPBUSD","timestamp":"2022-02-28T00:39:17.742Z"}
{"assetPair":"XRPBUSD","data":{"price":"0.71420000","symbol":"XRPBUSD"},"level":"info","message":"Latest price","service":"api-d27bc23-binance-XRPBUSD","timestamp":"2022-02-28T00:42:17.772Z"}
{"assetPair":"XRPBUSD","data":{"price":"0.71960000","symbol":"XRPBUSD"},"level":"info","message":"Latest price","service":"api-d27bc23-binance-XRPBUSD","timestamp":"2022-02-28T00:45:17.798Z"}
{"assetPair":"XRPBUSD","data":{"price":"0.71760000","symbol":"XRPBUSD"},"level":"info","message":"Latest price","service":"api-d27bc23-binance-XRPBUSD","timestamp":"2022-02-28T00:48:17.852Z"}
{"assetPair":"XRPBUSD","data":{"price":"0.71860000","symbol":"XRPBUSD"},"level":"info","message":"Latest price","service":"api-d27bc23-binance-XRPBUSD","timestamp":"2022-02-28T00:51:17.894Z"}
{"assetPair":"XRPBUSD","data":{"price":"0.71760000","symbol":"XRPBUSD"},"level":"info","message":"Latest price","service":"api-d27bc23-binance-XRPBUSD","timestamp":"2022-02-28T00:54:17.929Z"}
{"assetPair":"XRPBUSD","data":{"price":"0.71520000","symbol":"XRPBUSD"},"level":"info","message":"Latest price","service":"api-d27bc23-binance-XRPBUSD","timestamp":"2022-02-28T00:57:17.959Z"}
{"assetPair":"XRPBUSD","data":{"price":"0.71640000","symbol":"XRPBUSD"},"level":"info","message":"Latest price","service":"api-d27bc23-binance-XRPBUSD","timestamp":"2022-02-28T01:00:17.986Z"}
{"assetPair":"XRPBUSD","data":{"price":"0.71930000","symbol":"XRPBUSD"},"level":"info","message":"Latest price","service":"api-d27bc23-binance-XRPBUSD","timestamp":"2022-02-28T01:03:18.012Z"}
{"assetPair":"XRPBUSD","data":{"price":"0.71980000","symbol":"XRPBUSD"},"level":"info","message":"Latest price","service":"api-d27bc23-binance-XRPBUSD","timestamp":"2022-02-28T01:06:18.068Z"}
{"assetPair":"XRPBUSD","data":{"price":"0.72080000","symbol":"XRPBUSD"},"level":"info","message":"Latest price","service":"api-d27bc23-binance-XRPBUSD","timestamp":"2022-02-28T01:09:18.095Z"}
{"assetPair":"XRPBUSD","data":{"price":"0.72340000","symbol":"XRPBUSD"},"level":"info","message":"Latest price","service":"api-d27bc23-binance-XRPBUSD","timestamp":"2022-02-28T01:12:18.123Z"}
{"assetPair":"XRPBUSD","data":{"price":"0.72530000","symbol":"XRPBUSD"},"level":"info","message":"Latest price","service":"api-d27bc23-binance-XRPBUSD","timestamp":"2022-02-28T01:15:18.153Z"}
{"assetPair":"XRPBUSD","data":{"price":"0.72650000","symbol":"XRPBUSD"},"level":"info","message":"Latest price","service":"api-d27bc23-binance-XRPBUSD","timestamp":"2022-02-28T01:18:18.180Z"}
{"assetPair":"XRPBUSD","data":{"price":"0.72850000","symbol":"XRPBUSD"},"level":"info","message":"Latest price","service":"api-d27bc23-binance-XRPBUSD","timestamp":"2022-02-28T01:21:18.231Z"}
{"assetPair":"XRPBUSD","data":{"price":"0.72940000","symbol":"XRPBUSD"},"level":"info","message":"Latest price","service":"api-d27bc23-binance-XRPBUSD","timestamp":"2022-02-28T01:24:18.260Z"}
{"assetPair":"XRPBUSD","data":{"price":"0.72840000","symbol":"XRPBUSD"},"level":"info","message":"Latest price","service":"api-d27bc23-binance-XRPBUSD","timestamp":"2022-02-28T01:27:18.289Z"}
{"assetPair":"XRPBUSD","data":{"price":"0.72830000","symbol":"XRPBUSD"},"level":"info","message":"Latest price","service":"api-d27bc23-binance-XRPBUSD","timestamp":"2022-02-28T01:30:18.315Z"}
{"assetPair":"XRPBUSD","data":{"price":"0.72960000","symbol":"XRPBUSD"},"level":"info","message":"Latest price","service":"api-d27bc23-binance-XRPBUSD","timestamp":"2022-02-28T01:33:18.343Z"}
{"assetPair":"XRPBUSD","data":{"price":"0.73120000","symbol":"XRPBUSD"},"level":"info","message":"Latest price","service":"api-d27bc23-binance-XRPBUSD","timestamp":"2022-02-28T01:36:18.374Z"}
{"assetPair":"XRPBUSD","data":{"price":"0.72920000","symbol":"XRPBUSD"},"level":"info","message":"Latest price","service":"api-d27bc23-binance-XRPBUSD","timestamp":"2022-02-28T01:39:18.403Z"}
{"assetPair":"XRPBUSD","data":{"price":"0.72860000","symbol":"XRPBUSD"},"level":"info","message":"Latest price","service":"api-d27bc23-binance-XRPBUSD","timestamp":"2022-02-28T01:42:18.437Z"}
{"assetPair":"XRPBUSD","data":{"price":"0.72770000","symbol":"XRPBUSD"},"level":"info","message":"Latest price","service":"api-d27bc23-binance-XRPBUSD","timestamp":"2022-02-28T01:45:18.467Z"}
{"assetPair":"XRPBUSD","data":{"price":"0.72810000","symbol":"XRPBUSD"},"level":"info","message":"Latest price","service":"api-d27bc23-binance-XRPBUSD","timestamp":"2022-02-28T01:48:18.499Z"}
{"assetPair":"XRPBUSD","data":{"price":"0.72850000","symbol":"XRPBUSD"},"level":"info","message":"Latest price","service":"api-d27bc23-binance-XRPBUSD","timestamp":"2022-02-28T01:51:18.523Z"}
{"assetPair":"XRPBUSD","data":{"price":"0.72680000","symbol":"XRPBUSD"},"level":"info","message":"Latest price","service":"api-d27bc23-binance-XRPBUSD","timestamp":"2022-02-28T01:54:18.557Z"}
{"assetPair":"XRPBUSD","data":{"price":"0.72550000","symbol":"XRPBUSD"},"level":"info","message":"Latest price","service":"api-d27bc23-binance-XRPBUSD","timestamp":"2022-02-28T01:57:18.585Z"}
{"assetPair":"XRPBUSD","data":{"price":"0.72450000","symbol":"XRPBUSD"},"level":"info","message":"Latest price","service":"api-d27bc23-binance-XRPBUSD","timestamp":"2022-02-28T02:00:18.613Z"}
{"assetPair":"XRPBUSD","data":{"price":"0.72640000","symbol":"XRPBUSD"},"level":"info","message":"Latest price","service":"api-d27bc23-binance-XRPBUSD","timestamp":"2022-02-28T02:03:18.641Z"}
{"assetPair":"XRPBUSD","data":{"price":"0.72790000","symbol":"XRPBUSD"},"level":"info","message":"Latest price","service":"api-d27bc23-binance-XRPBUSD","timestamp":"2022-02-28T02:06:18.693Z"}
{"assetPair":"XRPBUSD","data":{"price":"0.72700000","symbol":"XRPBUSD"},"level":"info","message":"Latest price","service":"api-d27bc23-binance-XRPBUSD","timestamp":"2022-02-28T02:09:18.744Z"}
{"assetPair":"XRPBUSD","data":{"price":"0.72490000","symbol":"XRPBUSD"},"level":"info","message":"Latest price","service":"api-d27bc23-binance-XRPBUSD","timestamp":"2022-02-28T02:12:18.777Z"}
{"assetPair":"XRPBUSD","data":{"price":"0.72430000","symbol":"XRPBUSD"},"level":"info","message":"Latest price","service":"api-d27bc23-binance-XRPBUSD","timestamp":"2022-02-28T02:15:18.805Z"}
{"assetPair":"XRPBUSD","data":{"price":"0.72580000","symbol":"XRPBUSD"},"level":"info","message":"Latest price","service":"api-d27bc23-binance-XRPBUSD","timestamp":"2022-02-28T02:18:18.835Z"}
{"assetPair":"XRPBUSD","data":{"price":"0.72610000","symbol":"XRPBUSD"},"level":"info","message":"Latest price","service":"api-d27bc23-binance-XRPBUSD","timestamp":"2022-02-28T02:21:18.863Z"}
{"assetPair":"XRPBUSD","data":{"price":"0.72650000","symbol":"XRPBUSD"},"level":"info","message":"Latest price","service":"api-d27bc23-binance-XRPBUSD","timestamp":"2022-02-28T02:24:18.891Z"}
{"assetPair":"XRPBUSD","data":{"price":"0.72540000","symbol":"XRPBUSD"},"level":"info","message":"Latest price","service":"api-d27bc23-binance-XRPBUSD","timestamp":"2022-02-28T02:27:18.981Z"}
{"assetPair":"XRPBUSD","data":{"price":"0.72510000","symbol":"XRPBUSD"},"level":"info","message":"Latest price","service":"api-d27bc23-binance-XRPBUSD","timestamp":"2022-02-28T02:30:19.006Z"}
{"assetPair":"XRPBUSD","data":{"price":"0.72310000","symbol":"XRPBUSD"},"level":"info","message":"Latest price","service":"api-d27bc23-binance-XRPBUSD","timestamp":"2022-02-28T02:33:19.033Z"}
{"assetPair":"XRPBUSD","data":{"price":"0.72300000","symbol":"XRPBUSD"},"level":"info","message":"Latest price","service":"api-d27bc23-binance-XRPBUSD","timestamp":"2022-02-28T02:36:19.058Z"}
{"assetPair":"XRPBUSD","data":{"price":"0.72350000","symbol":"XRPBUSD"},"level":"info","message":"Latest price","service":"api-d27bc23-binance-XRPBUSD","timestamp":"2022-02-28T02:39:19.082Z"}
{"assetPair":"XRPBUSD","data":{"price":"0.72310000","symbol":"XRPBUSD"},"level":"info","message":"Latest price","service":"api-d27bc23-binance-XRPBUSD","timestamp":"2022-02-28T02:42:19.110Z"}
{"assetPair":"XRPBUSD","data":{"price":"0.72270000","symbol":"XRPBUSD"},"level":"info","message":"Latest price","service":"api-d27bc23-binance-XRPBUSD","timestamp":"2022-02-28T02:45:19.147Z"}
{"assetPair":"XRPBUSD","data":{"price":"0.71850000","symbol":"XRPBUSD"},"level":"info","message":"Latest price","service":"api-d27bc23-binance-XRPBUSD","timestamp":"2022-02-28T02:48:19.181Z"}
{"assetPair":"XRPBUSD","data":{"price":"0.71840000","symbol":"XRPBUSD"},"level":"info","message":"Latest price","service":"api-d27bc23-binance-XRPBUSD","timestamp":"2022-02-28T02:51:19.208Z"}
{"assetPair":"XRPBUSD","data":{"price":"0.71840000","symbol":"XRPBUSD"},"level":"info","message":"Latest price","service":"api-d27bc23-binance-XRPBUSD","timestamp":"2022-02-28T02:54:19.233Z"}
{"assetPair":"XRPBUSD","data":{"price":"0.71790000","symbol":"XRPBUSD"},"level":"info","message":"Latest price","service":"api-d27bc23-binance-XRPBUSD","timestamp":"2022-02-28T02:57:19.294Z"}
{"assetPair":"XRPBUSD","data":{"price":"0.72050000","symbol":"XRPBUSD"},"level":"info","message":"Latest price","service":"api-d27bc23-binance-XRPBUSD","timestamp":"2022-02-28T03:00:19.323Z"}
{"assetPair":"XRPBUSD","data":{"price":"0.72070000","symbol":"XRPBUSD"},"level":"info","message":"Latest price","service":"api-d27bc23-binance-XRPBUSD","timestamp":"2022-02-28T03:03:19.382Z"}
{"assetPair":"XRPBUSD","data":{"price":"0.72140000","symbol":"XRPBUSD"},"level":"info","message":"Latest price","service":"api-d27bc23-binance-XRPBUSD","timestamp":"2022-02-28T03:06:19.411Z"}
{"assetPair":"XRPBUSD","data":{"price":"0.71970000","symbol":"XRPBUSD"},"level":"info","message":"Latest price","service":"api-d27bc23-binance-XRPBUSD","timestamp":"2022-02-28T03:09:19.439Z"}
{"assetPair":"XRPBUSD","data":{"price":"0.71880000","symbol":"XRPBUSD"},"level":"info","message":"Latest price","service":"api-d27bc23-binance-XRPBUSD","timestamp":"2022-02-28T03:12:19.474Z"}
{"assetPair":"XRPBUSD","data":{"price":"0.71910000","symbol":"XRPBUSD"},"level":"info","message":"Latest price","service":"api-d27bc23-binance-XRPBUSD","timestamp":"2022-02-28T03:15:19.533Z"}
{"assetPair":"XRPBUSD","data":{"price":"0.71820000","symbol":"XRPBUSD"},"level":"info","message":"Latest price","service":"api-d27bc23-binance-XRPBUSD","timestamp":"2022-02-28T03:18:19.569Z"}
{"assetPair":"XRPBUSD","data":{"price":"0.71710000","symbol":"XRPBUSD"},"level":"info","message":"Latest price","service":"api-d27bc23-binance-XRPBUSD","timestamp":"2022-02-28T03:21:19.596Z"}
{"assetPair":"XRPBUSD","data":{"price":"0.71890000","symbol":"XRPBUSD"},"level":"info","message":"Latest price","service":"api-d27bc23-binance-XRPBUSD","timestamp":"2022-02-28T03:24:19.622Z"}
{"assetPair":"XRPBUSD","data":{"price":"0.72090000","symbol":"XRPBUSD"},"level":"info","message":"Latest price","service":"api-d27bc23-binance-XRPBUSD","timestamp":"2022-02-28T03:27:19.665Z"}
{"assetPair":"XRPBUSD","data":{"price":"0.72030000","symbol":"XRPBUSD"},"level":"info","message":"Latest price","service":"api-d27bc23-binance-XRPBUSD","timestamp":"2022-02-28T03:30:19.719Z"}
{"assetPair":"XRPBUSD","data":{"price":"0.72200000","symbol":"XRPBUSD"},"level":"info","message":"Latest price","service":"api-d27bc23-binance-XRPBUSD","timestamp":"2022-02-28T03:33:19.772Z"}
{"assetPair":"XRPBUSD","data":{"price":"0.72170000","symbol":"XRPBUSD"},"level":"info","message":"Latest price","service":"api-d27bc23-binance-XRPBUSD","timestamp":"2022-02-28T03:36:19.833Z"}
{"assetPair":"XRPBUSD","data":{"price":"0.72220000","symbol":"XRPBUSD"},"level":"info","message":"Latest price","service":"api-d27bc23-binance-XRPBUSD","timestamp":"2022-02-28T03:39:19.889Z"}
{"assetPair":"XRPBUSD","data":{"price":"0.72220000","symbol":"XRPBUSD"},"level":"info","message":"Latest price","service":"api-d27bc23-binance-XRPBUSD","timestamp":"2022-02-28T03:42:19.927Z"}
{"assetPair":"XRPBUSD","data":{"price":"0.72280000","symbol":"XRPBUSD"},"level":"info","message":"Latest price","service":"api-d27bc23-binance-XRPBUSD","timestamp":"2022-02-28T03:45:19.956Z"}
{"assetPair":"XRPBUSD","data":{"price":"0.72180000","symbol":"XRPBUSD"},"level":"info","message":"Latest price","service":"api-d27bc23-binance-XRPBUSD","timestamp":"2022-02-28T03:48:19.981Z"}
{"assetPair":"XRPBUSD","data":{"price":"0.72260000","symbol":"XRPBUSD"},"level":"info","message":"Latest price","service":"api-d27bc23-binance-XRPBUSD","timestamp":"2022-02-28T03:51:20.014Z"}
{"assetPair":"XRPBUSD","data":{"price":"0.72130000","symbol":"XRPBUSD"},"level":"info","message":"Latest price","service":"api-d27bc23-binance-XRPBUSD","timestamp":"2022-02-28T03:54:20.046Z"}
{"assetPair":"XRPBUSD","data":{"price":"0.72090000","symbol":"XRPBUSD"},"level":"info","message":"Latest price","service":"api-d27bc23-binance-XRPBUSD","timestamp":"2022-02-28T03:57:20.073Z"}
{"assetPair":"XRPBUSD","data":{"price":"0.72090000","symbol":"XRPBUSD"},"level":"info","message":"Latest price","service":"api-d27bc23-binance-XRPBUSD","timestamp":"2022-02-28T04:00:20.103Z"}
{"assetPair":"XRPBUSD","data":{"price":"0.72250000","symbol":"XRPBUSD"},"level":"info","message":"Latest price","service":"api-d27bc23-binance-XRPBUSD","timestamp":"2022-02-28T04:03:20.160Z"}
{"assetPair":"XRPBUSD","data":{"price":"0.72080000","symbol":"XRPBUSD"},"level":"info","message":"Latest price","service":"api-d27bc23-binance-XRPBUSD","timestamp":"2022-02-28T04:06:20.219Z"}
{"assetPair":"XRPBUSD","data":{"price":"0.72200000","symbol":"XRPBUSD"},"level":"info","message":"Latest price","service":"api-d27bc23-binance-XRPBUSD","timestamp":"2022-02-28T04:09:20.253Z"}
{"assetPair":"XRPBUSD","data":{"price":"0.72360000","symbol":"XRPBUSD"},"level":"info","message":"Latest price","service":"api-d27bc23-binance-XRPBUSD","timestamp":"2022-02-28T04:12:20.281Z"}
{"assetPair":"XRPBUSD","data":{"price":"0.72340000","symbol":"XRPBUSD"},"level":"info","message":"Latest price","service":"api-d27bc23-binance-XRPBUSD","timestamp":"2022-02-28T04:15:20.308Z"}
{"assetPair":"XRPBUSD","data":{"price":"0.72230000","symbol":"XRPBUSD"},"level":"info","message":"Latest price","service":"api-d27bc23-binance-XRPBUSD","timestamp":"2022-02-28T04:18:20.336Z"}
{"assetPair":"XRPBUSD","data":{"price":"0.72080000","symbol":"XRPBUSD"},"level":"info","message":"Latest price","service":"api-d27bc23-binance-XRPBUSD","timestamp":"2022-02-28T04:21:20.362Z"}
{"assetPair":"XRPBUSD","data":{"price":"0.72100000","symbol":"XRPBUSD"},"level":"info","message":"Latest price","service":"api-d27bc23-binance-XRPBUSD","timestamp":"2022-02-28T04:24:20.414Z"}
{"assetPair":"XRPBUSD","data":{"price":"0.72140000","symbol":"XRPBUSD"},"level":"info","message":"Latest price","service":"api-d27bc23-binance-XRPBUSD","timestamp":"2022-02-28T04:27:20.450Z"}
{"assetPair":"XRPBUSD","data":{"price":"0.72050000","symbol":"XRPBUSD"},"level":"info","message":"Latest price","service":"api-d27bc23-binance-XRPBUSD","timestamp":"2022-02-28T04:30:20.479Z"}
{"assetPair":"XRPBUSD","data":{"price":"0.72010000","symbol":"XRPBUSD"},"level":"info","message":"Latest price","service":"api-d27bc23-binance-XRPBUSD","timestamp":"2022-02-28T04:33:20.510Z"}
{"assetPair":"XRPBUSD","data":{"price":"0.71870000","symbol":"XRPBUSD"},"level":"info","message":"Latest price","service":"api-d27bc23-binance-XRPBUSD","timestamp":"2022-02-28T04:36:20.543Z"}
{"assetPair":"XRPBUSD","data":{"price":"0.71900000","symbol":"XRPBUSD"},"level":"info","message":"Latest price","service":"api-d27bc23-binance-XRPBUSD","timestamp":"2022-02-28T04:39:20.615Z"}
{"assetPair":"XRPBUSD","data":{"price":"0.71930000","symbol":"XRPBUSD"},"level":"info","message":"Latest price","service":"api-d27bc23-binance-XRPBUSD","timestamp":"2022-02-28T04:42:20.658Z"}
{"assetPair":"XRPBUSD","data":{"price":"0.71940000","symbol":"XRPBUSD"},"level":"info","message":"Latest price","service":"api-d27bc23-binance-XRPBUSD","timestamp":"2022-02-28T04:45:20.690Z"}
{"assetPair":"XRPBUSD","data":{"price":"0.71960000","symbol":"XRPBUSD"},"level":"info","message":"Latest price","service":"api-d27bc23-binance-XRPBUSD","timestamp":"2022-02-28T04:48:20.728Z"}
{"assetPair":"XRPBUSD","data":{"price":"0.72090000","symbol":"XRPBUSD"},"level":"info","message":"Latest price","service":"api-d27bc23-binance-XRPBUSD","timestamp":"2022-02-28T04:51:20.755Z"}
{"assetPair":"XRPBUSD","data":{"price":"0.72060000","symbol":"XRPBUSD"},"level":"info","message":"Latest price","service":"api-d27bc23-binance-XRPBUSD","timestamp":"2022-02-28T04:54:20.779Z"}
{"assetPair":"XRPBUSD","data":{"price":"0.71990000","symbol":"XRPBUSD"},"level":"info","message":"Latest price","service":"api-d27bc23-binance-XRPBUSD","timestamp":"2022-02-28T04:57:20.814Z"}
{"assetPair":"XRPBUSD","data":{"price":"0.71960000","symbol":"XRPBUSD"},"level":"info","message":"Latest price","service":"api-d27bc23-binance-XRPBUSD","timestamp":"2022-02-28T05:00:20.844Z"}
{"assetPair":"XRPBUSD","data":{"price":"0.71950000","symbol":"XRPBUSD"},"level":"info","message":"Latest price","service":"api-d27bc23-binance-XRPBUSD","timestamp":"2022-02-28T05:03:20.878Z"}
{"assetPair":"XRPBUSD","data":{"price":"0.72140000","symbol":"XRPBUSD"},"level":"info","message":"Latest price","service":"api-d27bc23-binance-XRPBUSD","timestamp":"2022-02-28T05:06:20.950Z"}
{"assetPair":"XRPBUSD","data":{"price":"0.72000000","symbol":"XRPBUSD"},"level":"info","message":"Latest price","service":"api-d27bc23-binance-XRPBUSD","timestamp":"2022-02-28T05:09:20.979Z"}
{"assetPair":"XRPBUSD","data":{"price":"0.72080000","symbol":"XRPBUSD"},"level":"info","message":"Latest price","service":"api-d27bc23-binance-XRPBUSD","timestamp":"2022-02-28T05:12:21.019Z"}
{"assetPair":"XRPBUSD","data":{"price":"0.72110000","symbol":"XRPBUSD"},"level":"info","message":"Latest price","service":"api-d27bc23-binance-XRPBUSD","timestamp":"2022-02-28T05:15:21.059Z"}
{"assetPair":"XRPBUSD","data":{"price":"0.72140000","symbol":"XRPBUSD"},"level":"info","message":"Latest price","service":"api-d27bc23-binance-XRPBUSD","timestamp":"2022-02-28T05:18:21.118Z"}
{"assetPair":"XRPBUSD","data":{"price":"0.72070000","symbol":"XRPBUSD"},"level":"info","message":"Latest price","service":"api-d27bc23-binance-XRPBUSD","timestamp":"2022-02-28T05:21:21.148Z"}
{"assetPair":"XRPBUSD","data":{"price":"0.72120000","symbol":"XRPBUSD"},"level":"info","message":"Latest price","service":"api-d27bc23-binance-XRPBUSD","timestamp":"2022-02-28T05:24:21.176Z"}
{"assetPair":"XRPBUSD","data":{"price":"0.72090000","symbol":"XRPBUSD"},"level":"info","message":"Latest price","service":"api-d27bc23-binance-XRPBUSD","timestamp":"2022-02-28T05:27:21.254Z"}
{"assetPair":"XRPBUSD","data":{"price":"0.72130000","symbol":"XRPBUSD"},"level":"info","message":"Latest price","service":"api-d27bc23-binance-XRPBUSD","timestamp":"2022-02-28T05:30:21.329Z"}
{"assetPair":"XRPBUSD","data":{"price":"0.72000000","symbol":"XRPBUSD"},"level":"info","message":"Latest price","service":"api-d27bc23-binance-XRPBUSD","timestamp":"2022-02-28T05:33:21.357Z"}
{"assetPair":"XRPBUSD","data":{"price":"0.71920000","symbol":"XRPBUSD"},"level":"info","message":"Latest price","service":"api-d27bc23-binance-XRPBUSD","timestamp":"2022-02-28T05:36:21.379Z"}
{"assetPair":"XRPBUSD","data":{"price":"0.72020000","symbol":"XRPBUSD"},"level":"info","message":"Latest price","service":"api-d27bc23-binance-XRPBUSD","timestamp":"2022-02-28T05:39:21.435Z"}
{"assetPair":"XRPBUSD","data":{"price":"0.71990000","symbol":"XRPBUSD"},"level":"info","message":"Latest price","service":"api-d27bc23-binance-XRPBUSD","timestamp":"2022-02-28T05:42:21.461Z"}
{"assetPair":"XRPBUSD","data":{"price":"0.71990000","symbol":"XRPBUSD"},"level":"info","message":"Latest price","service":"api-d27bc23-binance-XRPBUSD","timestamp":"2022-02-28T05:45:21.490Z"}
{"assetPair":"XRPBUSD","data":{"price":"0.71920000","symbol":"XRPBUSD"},"level":"info","message":"Latest price","service":"api-d27bc23-binance-XRPBUSD","timestamp":"2022-02-28T05:48:21.517Z"}
{"assetPair":"XRPBUSD","data":{"price":"0.71910000","symbol":"XRPBUSD"},"level":"info","message":"Latest price","service":"api-d27bc23-binance-XRPBUSD","timestamp":"2022-02-28T05:51:21.542Z"}
{"assetPair":"XRPBUSD","data":{"price":"0.71910000","symbol":"XRPBUSD"},"level":"info","message":"Latest price","service":"api-d27bc23-binance-XRPBUSD","timestamp":"2022-02-28T05:54:21.567Z"}
{"assetPair":"XRPBUSD","data":{"price":"0.71900000","symbol":"XRPBUSD"},"level":"info","message":"Latest price","service":"api-d27bc23-binance-XRPBUSD","timestamp":"2022-02-28T05:57:21.599Z"}
{"assetPair":"XRPBUSD","data":{"price":"0.71980000","symbol":"XRPBUSD"},"level":"info","message":"Latest price","service":"api-d27bc23-binance-XRPBUSD","timestamp":"2022-02-28T06:00:21.624Z"}
{"assetPair":"XRPBUSD","data":{"price":"0.72000000","symbol":"XRPBUSD"},"level":"info","message":"Latest price","service":"api-d27bc23-binance-XRPBUSD","timestamp":"2022-02-28T06:03:21.656Z"}
{"assetPair":"XRPBUSD","data":{"price":"0.72090000","symbol":"XRPBUSD"},"level":"info","message":"Latest price","service":"api-d27bc23-binance-XRPBUSD","timestamp":"2022-02-28T06:06:21.712Z"}
{"assetPair":"XRPBUSD","data":{"price":"0.71820000","symbol":"XRPBUSD"},"level":"info","message":"Latest price","service":"api-d27bc23-binance-XRPBUSD","timestamp":"2022-02-28T06:09:21.739Z"}
{"assetPair":"XRPBUSD","data":{"price":"0.70960000","symbol":"XRPBUSD"},"level":"info","message":"Latest price","service":"api-d27bc23-binance-XRPBUSD","timestamp":"2022-02-28T06:12:21.762Z"}
{"assetPair":"XRPBUSD","data":{"price":"0.71880000","symbol":"XRPBUSD"},"level":"info","message":"Latest price","service":"api-d27bc23-binance-XRPBUSD","timestamp":"2022-02-28T06:15:21.792Z"}
{"assetPair":"XRPBUSD","data":{"price":"0.72000000","symbol":"XRPBUSD"},"level":"info","message":"Latest price","service":"api-d27bc23-binance-XRPBUSD","timestamp":"2022-02-28T06:18:21.847Z"}
{"assetPair":"XRPBUSD","data":{"price":"0.71450000","symbol":"XRPBUSD"},"level":"info","message":"Latest price","service":"api-d27bc23-binance-XRPBUSD","timestamp":"2022-02-28T06:21:21.917Z"}
{"assetPair":"XRPBUSD","data":{"price":"0.71660000","symbol":"XRPBUSD"},"level":"info","message":"Latest price","service":"api-d27bc23-binance-XRPBUSD","timestamp":"2022-02-28T06:24:21.993Z"}
{"assetPair":"XRPBUSD","data":{"price":"0.71580000","symbol":"XRPBUSD"},"level":"info","message":"Latest price","service":"api-d27bc23-binance-XRPBUSD","timestamp":"2022-02-28T06:27:22.063Z"}
{"assetPair":"XRPBUSD","data":{"price":"0.71800000","symbol":"XRPBUSD"},"level":"info","message":"Latest price","service":"api-d27bc23-binance-XRPBUSD","timestamp":"2022-02-28T06:30:22.087Z"}
{"assetPair":"XRPBUSD","data":{"price":"0.71670000","symbol":"XRPBUSD"},"level":"info","message":"Latest price","service":"api-d27bc23-binance-XRPBUSD","timestamp":"2022-02-28T06:33:22.117Z"}
{"assetPair":"XRPBUSD","data":{"price":"0.71900000","symbol":"XRPBUSD"},"level":"info","message":"Latest price","service":"api-d27bc23-binance-XRPBUSD","timestamp":"2022-02-28T06:36:22.152Z"}
{"assetPair":"XRPBUSD","data":{"price":"0.71960000","symbol":"XRPBUSD"},"level":"info","message":"Latest price","service":"api-d27bc23-binance-XRPBUSD","timestamp":"2022-02-28T06:39:22.182Z"}
{"assetPair":"XRPBUSD","data":{"price":"0.71930000","symbol":"XRPBUSD"},"level":"info","message":"Latest price","service":"api-d27bc23-binance-XRPBUSD","timestamp":"2022-02-28T06:42:22.211Z"}
{"assetPair":"XRPBUSD","data":{"price":"0.71840000","symbol":"XRPBUSD"},"level":"info","message":"Latest price","service":"api-d27bc23-binance-XRPBUSD","timestamp":"2022-02-28T06:45:22.244Z"}
{"assetPair":"XRPBUSD","data":{"price":"0.71960000","symbol":"XRPBUSD"},"level":"info","message":"Latest price","service":"api-d27bc23-binance-XRPBUSD","timestamp":"2022-02-28T06:48:22.276Z"}
{"assetPair":"XRPBUSD","data":{"price":"0.72030000","symbol":"XRPBUSD"},"level":"info","message":"Latest price","service":"api-d27bc23-binance-XRPBUSD","timestamp":"2022-02-28T06:51:22.303Z"}
{"assetPair":"XRPBUSD","data":{"price":"0.72190000","symbol":"XRPBUSD"},"level":"info","message":"Latest price","service":"api-d27bc23-binance-XRPBUSD","timestamp":"2022-02-28T06:54:22.356Z"}
{"assetPair":"XRPBUSD","data":{"price":"0.72250000","symbol":"XRPBUSD"},"level":"info","message":"Latest price","service":"api-d27bc23-binance-XRPBUSD","timestamp":"2022-02-28T06:57:22.412Z"}
{"assetPair":"XRPBUSD","data":{"price":"0.72170000","symbol":"XRPBUSD"},"level":"info","message":"Latest price","service":"api-d27bc23-binance-XRPBUSD","timestamp":"2022-02-28T07:00:22.452Z"}
{"assetPair":"XRPBUSD","data":{"price":"0.72090000","symbol":"XRPBUSD"},"level":"info","message":"Latest price","service":"api-d27bc23-binance-XRPBUSD","timestamp":"2022-02-28T07:03:22.487Z"}
{"assetPair":"XRPBUSD","data":{"price":"0.72410000","symbol":"XRPBUSD"},"level":"info","message":"Latest price","service":"api-d27bc23-binance-XRPBUSD","timestamp":"2022-02-28T07:06:22.513Z"}
{"assetPair":"XRPBUSD","data":{"price":"0.72390000","symbol":"XRPBUSD"},"level":"info","message":"Latest price","service":"api-d27bc23-binance-XRPBUSD","timestamp":"2022-02-28T07:09:22.543Z"}
{"assetPair":"XRPBUSD","data":{"price":"0.72130000","symbol":"XRPBUSD"},"level":"info","message":"Latest price","service":"api-d27bc23-binance-XRPBUSD","timestamp":"2022-02-28T07:12:22.569Z"}
{"assetPair":"XRPBUSD","data":{"price":"0.72200000","symbol":"XRPBUSD"},"level":"info","message":"Latest price","service":"api-d27bc23-binance-XRPBUSD","timestamp":"2022-02-28T07:15:22.597Z"}
{"assetPair":"XRPBUSD","data":{"price":"0.72280000","symbol":"XRPBUSD"},"level":"info","message":"Latest price","service":"api-d27bc23-binance-XRPBUSD","timestamp":"2022-02-28T07:18:22.625Z"}
{"assetPair":"XRPBUSD","data":{"price":"0.72300000","symbol":"XRPBUSD"},"level":"info","message":"Latest price","service":"api-d27bc23-binance-XRPBUSD","timestamp":"2022-02-28T07:21:22.697Z"}
{"assetPair":"XRPBUSD","data":{"price":"0.72520000","symbol":"XRPBUSD"},"level":"info","message":"Latest price","service":"api-d27bc23-binance-XRPBUSD","timestamp":"2022-02-28T07:24:22.723Z"}
{"assetPair":"XRPBUSD","data":{"price":"0.72350000","symbol":"XRPBUSD"},"level":"info","message":"Latest price","service":"api-d27bc23-binance-XRPBUSD","timestamp":"2022-02-28T07:27:22.748Z"}
{"assetPair":"XRPBUSD","data":{"price":"0.72490000","symbol":"XRPBUSD"},"level":"info","message":"Latest price","service":"api-d27bc23-binance-XRPBUSD","timestamp":"2022-02-28T07:30:22.779Z"}
{"assetPair":"XRPBUSD","data":{"price":"0.72470000","symbol":"XRPBUSD"},"level":"info","message":"Latest price","service":"api-d27bc23-binance-XRPBUSD","timestamp":"2022-02-28T07:33:22.808Z"}
{"assetPair":"XRPBUSD","data":{"price":"0.72680000","symbol":"XRPBUSD"},"level":"info","message":"Latest price","service":"api-d27bc23-binance-XRPBUSD","timestamp":"2022-02-28T07:36:22.837Z"}
{"assetPair":"XRPBUSD","data":{"price":"0.72570000","symbol":"XRPBUSD"},"level":"info","message":"Latest price","service":"api-d27bc23-binance-XRPBUSD","timestamp":"2022-02-28T07:39:22.888Z"}
{"assetPair":"XRPBUSD","data":{"price":"0.72570000","symbol":"XRPBUSD"},"level":"info","message":"Latest price","service":"api-d27bc23-binance-XRPBUSD","timestamp":"2022-02-28T07:42:22.916Z"}
{"assetPair":"XRPBUSD","data":{"price":"0.72520000","symbol":"XRPBUSD"},"level":"info","message":"Latest price","service":"api-d27bc23-binance-XRPBUSD","timestamp":"2022-02-28T07:45:22.959Z"}
{"assetPair":"XRPBUSD","data":{"price":"0.72420000","symbol":"XRPBUSD"},"level":"info","message":"Latest price","service":"api-d27bc23-binance-XRPBUSD","timestamp":"2022-02-28T07:48:22.990Z"}
{"assetPair":"XRPBUSD","data":{"price":"0.72310000","symbol":"XRPBUSD"},"level":"info","message":"Latest price","service":"api-d27bc23-binance-XRPBUSD","timestamp":"2022-02-28T07:51:23.026Z"}
{"assetPair":"XRPBUSD","data":{"price":"0.72200000","symbol":"XRPBUSD"},"level":"info","message":"Latest price","service":"api-d27bc23-binance-XRPBUSD","timestamp":"2022-02-28T07:54:23.061Z"}
{"assetPair":"XRPBUSD","data":{"price":"0.72300000","symbol":"XRPBUSD"},"level":"info","message":"Latest price","service":"api-d27bc23-binance-XRPBUSD","timestamp":"2022-02-28T07:57:23.097Z"}
{"assetPair":"XRPBUSD","data":{"price":"0.72330000","symbol":"XRPBUSD"},"level":"info","message":"Latest price","service":"api-d27bc23-binance-XRPBUSD","timestamp":"2022-02-28T08:00:23.123Z"}
{"assetPair":"XRPBUSD","data":{"price":"0.72380000","symbol":"XRPBUSD"},"level":"info","message":"Latest price","service":"api-d27bc23-binance-XRPBUSD","timestamp":"2022-02-28T08:03:23.156Z"}
{"assetPair":"XRPBUSD","data":{"price":"0.72490000","symbol":"XRPBUSD"},"level":"info","message":"Latest price","service":"api-d27bc23-binance-XRPBUSD","timestamp":"2022-02-28T08:06:23.180Z"}
{"assetPair":"XRPBUSD","data":{"price":"0.72740000","symbol":"XRPBUSD"},"level":"info","message":"Latest price","service":"api-d27bc23-binance-XRPBUSD","timestamp":"2022-02-28T08:09:23.207Z"}
{"assetPair":"XRPBUSD","data":{"price":"0.72640000","symbol":"XRPBUSD"},"level":"info","message":"Latest price","service":"api-d27bc23-binance-XRPBUSD","timestamp":"2022-02-28T08:12:23.266Z"}
{"assetPair":"XRPBUSD","data":{"price":"0.72530000","symbol":"XRPBUSD"},"level":"info","message":"Latest price","service":"api-d27bc23-binance-XRPBUSD","timestamp":"2022-02-28T08:15:23.372Z"}
{"assetPair":"XRPBUSD","data":{"price":"0.72520000","symbol":"XRPBUSD"},"level":"info","message":"Latest price","service":"api-d27bc23-binance-XRPBUSD","timestamp":"2022-02-28T08:18:23.468Z"}
{"assetPair":"XRPBUSD","data":{"price":"0.72450000","symbol":"XRPBUSD"},"level":"info","message":"Latest price","service":"api-d27bc23-binance-XRPBUSD","timestamp":"2022-02-28T08:21:23.491Z"}
{"assetPair":"XRPBUSD","data":{"price":"0.72420000","symbol":"XRPBUSD"},"level":"info","message":"Latest price","service":"api-d27bc23-binance-XRPBUSD","timestamp":"2022-02-28T08:24:23.525Z"}
{"assetPair":"XRPBUSD","data":{"price":"0.72560000","symbol":"XRPBUSD"},"level":"info","message":"Latest price","service":"api-d27bc23-binance-XRPBUSD","timestamp":"2022-02-28T08:27:23.557Z"}
{"assetPair":"XRPBUSD","data":{"price":"0.72600000","symbol":"XRPBUSD"},"level":"info","message":"Latest price","service":"api-d27bc23-binance-XRPBUSD","timestamp":"2022-02-28T08:30:23.585Z"}
{"assetPair":"XRPBUSD","data":{"price":"0.72520000","symbol":"XRPBUSD"},"level":"info","message":"Latest price","service":"api-d27bc23-binance-XRPBUSD","timestamp":"2022-02-28T08:33:23.614Z"}
{"assetPair":"XRPBUSD","data":{"price":"0.72490000","symbol":"XRPBUSD"},"level":"info","message":"Latest price","service":"api-d27bc23-binance-XRPBUSD","timestamp":"2022-02-28T08:36:23.678Z"}
{"assetPair":"XRPBUSD","data":{"price":"0.72360000","symbol":"XRPBUSD"},"level":"info","message":"Latest price","service":"api-d27bc23-binance-XRPBUSD","timestamp":"2022-02-28T08:39:23.705Z"}
{"assetPair":"XRPBUSD","data":{"price":"0.72160000","symbol":"XRPBUSD"},"level":"info","message":"Latest price","service":"api-d27bc23-binance-XRPBUSD","timestamp":"2022-02-28T08:42:23.765Z"}
{"assetPair":"XRPBUSD","data":{"price":"0.72110000","symbol":"XRPBUSD"},"level":"info","message":"Latest price","service":"api-d27bc23-binance-XRPBUSD","timestamp":"2022-02-28T08:45:23.788Z"}
{"assetPair":"XRPBUSD","data":{"price":"0.72190000","symbol":"XRPBUSD"},"level":"info","message":"Latest price","service":"api-d27bc23-binance-XRPBUSD","timestamp":"2022-02-28T08:48:23.815Z"}
{"assetPair":"XRPBUSD","data":{"price":"0.72230000","symbol":"XRPBUSD"},"level":"info","message":"Latest price","service":"api-d27bc23-binance-XRPBUSD","timestamp":"2022-02-28T08:51:23.844Z"}
{"assetPair":"XRPBUSD","data":{"price":"0.72240000","symbol":"XRPBUSD"},"level":"info","message":"Latest price","service":"api-d27bc23-binance-XRPBUSD","timestamp":"2022-02-28T08:54:23.897Z"}
{"assetPair":"XRPBUSD","data":{"price":"0.72400000","symbol":"XRPBUSD"},"level":"info","message":"Latest price","service":"api-d27bc23-binance-XRPBUSD","timestamp":"2022-02-28T08:57:23.933Z"}
{"assetPair":"XRPBUSD","data":{"price":"0.72380000","symbol":"XRPBUSD"},"level":"info","message":"Latest price","service":"api-d27bc23-binance-XRPBUSD","timestamp":"2022-02-28T09:00:23.990Z"}
{"assetPair":"XRPBUSD","data":{"price":"0.72550000","symbol":"XRPBUSD"},"level":"info","message":"Latest price","service":"api-d27bc23-binance-XRPBUSD","timestamp":"2022-02-28T09:03:24.032Z"}
{"assetPair":"XRPBUSD","data":{"price":"0.72730000","symbol":"XRPBUSD"},"level":"info","message":"Latest price","service":"api-d27bc23-binance-XRPBUSD","timestamp":"2022-02-28T09:06:24.086Z"}
{"assetPair":"XRPBUSD","data":{"price":"0.72710000","symbol":"XRPBUSD"},"level":"info","message":"Latest price","service":"api-d27bc23-binance-XRPBUSD","timestamp":"2022-02-28T09:09:24.109Z"}
{"assetPair":"XRPBUSD","data":{"price":"0.72580000","symbol":"XRPBUSD"},"level":"info","message":"Latest price","service":"api-d27bc23-binance-XRPBUSD","timestamp":"2022-02-28T09:12:24.140Z"}
{"assetPair":"XRPBUSD","data":{"price":"0.72590000","symbol":"XRPBUSD"},"level":"info","message":"Latest price","service":"api-d27bc23-binance-XRPBUSD","timestamp":"2022-02-28T09:15:24.194Z"}
{"assetPair":"XRPBUSD","data":{"price":"0.72490000","symbol":"XRPBUSD"},"level":"info","message":"Latest price","service":"api-d27bc23-binance-XRPBUSD","timestamp":"2022-02-28T09:18:24.225Z"}
{"assetPair":"XRPBUSD","data":{"price":"0.72530000","symbol":"XRPBUSD"},"level":"info","message":"Latest price","service":"api-d27bc23-binance-XRPBUSD","timestamp":"2022-02-28T09:21:24.281Z"}
{"assetPair":"XRPBUSD","data":{"price":"0.72490000","symbol":"XRPBUSD"},"level":"info","message":"Latest price","service":"api-d27bc23-binance-XRPBUSD","timestamp":"2022-02-28T09:24:24.311Z"}
{"assetPair":"XRPBUSD","data":{"price":"0.72410000","symbol":"XRPBUSD"},"level":"info","message":"Latest price","service":"api-d27bc23-binance-XRPBUSD","timestamp":"2022-02-28T09:27:24.339Z"}
{"assetPair":"XRPBUSD","data":{"price":"0.72380000","symbol":"XRPBUSD"},"level":"info","message":"Latest price","service":"api-d27bc23-binance-XRPBUSD","timestamp":"2022-02-28T09:30:24.363Z"}
{"assetPair":"XRPBUSD","data":{"price":"0.72450000","symbol":"XRPBUSD"},"level":"info","message":"Latest price","service":"api-d27bc23-binance-XRPBUSD","timestamp":"2022-02-28T09:33:24.420Z"}
{"assetPair":"XRPBUSD","data":{"price":"0.72530000","symbol":"XRPBUSD"},"level":"info","message":"Latest price","service":"api-d27bc23-binance-XRPBUSD","timestamp":"2022-02-28T09:36:24.458Z"}
{"assetPair":"XRPBUSD","data":{"price":"0.72350000","symbol":"XRPBUSD"},"level":"info","message":"Latest price","service":"api-d27bc23-binance-XRPBUSD","timestamp":"2022-02-28T09:39:24.486Z"}
{"assetPair":"XRPBUSD","data":{"price":"0.72330000","symbol":"XRPBUSD"},"level":"info","message":"Latest price","service":"api-d27bc23-binance-XRPBUSD","timestamp":"2022-02-28T09:42:24.544Z"}
{"assetPair":"XRPBUSD","data":{"price":"0.72320000","symbol":"XRPBUSD"},"level":"info","message":"Latest price","service":"api-d27bc23-binance-XRPBUSD","timestamp":"2022-02-28T09:45:24.577Z"}
{"assetPair":"XRPBUSD","data":{"price":"0.72370000","symbol":"XRPBUSD"},"level":"info","message":"Latest price","service":"api-d27bc23-binance-XRPBUSD","timestamp":"2022-02-28T09:48:24.630Z"}
{"assetPair":"XRPBUSD","data":{"price":"0.72300000","symbol":"XRPBUSD"},"level":"info","message":"Latest price","service":"api-d27bc23-binance-XRPBUSD","timestamp":"2022-02-28T09:51:24.662Z"}
{"assetPair":"XRPBUSD","data":{"price":"0.72390000","symbol":"XRPBUSD"},"level":"info","message":"Latest price","service":"api-d27bc23-binance-XRPBUSD","timestamp":"2022-02-28T09:54:24.691Z"}
{"assetPair":"XRPBUSD","data":{"price":"0.72430000","symbol":"XRPBUSD"},"level":"info","message":"Latest price","service":"api-d27bc23-binance-XRPBUSD","timestamp":"2022-02-28T09:57:24.718Z"}
{"assetPair":"XRPBUSD","data":{"price":"0.72070000","symbol":"XRPBUSD"},"level":"info","message":"Latest price","service":"api-d27bc23-binance-XRPBUSD","timestamp":"2022-02-28T10:00:24.746Z"}
{"assetPair":"XRPBUSD","data":{"price":"0.72130000","symbol":"XRPBUSD"},"level":"info","message":"Latest price","service":"api-d27bc23-binance-XRPBUSD","timestamp":"2022-02-28T10:03:24.786Z"}
{"assetPair":"XRPBUSD","data":{"price":"0.72150000","symbol":"XRPBUSD"},"level":"info","message":"Latest price","service":"api-d27bc23-binance-XRPBUSD","timestamp":"2022-02-28T10:06:24.823Z"}
{"assetPair":"XRPBUSD","data":{"price":"0.72050000","symbol":"XRPBUSD"},"level":"info","message":"Latest price","service":"api-d27bc23-binance-XRPBUSD","timestamp":"2022-02-28T10:09:24.874Z"}
{"assetPair":"XRPBUSD","data":{"price":"0.72220000","symbol":"XRPBUSD"},"level":"info","message":"Latest price","service":"api-d27bc23-binance-XRPBUSD","timestamp":"2022-02-28T10:12:24.902Z"}
{"assetPair":"XRPBUSD","data":{"price":"0.72180000","symbol":"XRPBUSD"},"level":"info","message":"Latest price","service":"api-d27bc23-binance-XRPBUSD","timestamp":"2022-02-28T10:15:24.975Z"}
{"assetPair":"XRPBUSD","data":{"price":"0.72360000","symbol":"XRPBUSD"},"level":"info","message":"Latest price","service":"api-d27bc23-binance-XRPBUSD","timestamp":"2022-02-28T10:18:25.004Z"}
{"assetPair":"XRPBUSD","data":{"price":"0.72490000","symbol":"XRPBUSD"},"level":"info","message":"Latest price","service":"api-d27bc23-binance-XRPBUSD","timestamp":"2022-02-28T10:21:25.073Z"}
{"assetPair":"XRPBUSD","data":{"price":"0.72440000","symbol":"XRPBUSD"},"level":"info","message":"Latest price","service":"api-d27bc23-binance-XRPBUSD","timestamp":"2022-02-28T10:24:25.102Z"}
{"assetPair":"XRPBUSD","data":{"price":"0.72480000","symbol":"XRPBUSD"},"level":"info","message":"Latest price","service":"api-d27bc23-binance-XRPBUSD","timestamp":"2022-02-28T10:27:25.134Z"}
{"assetPair":"XRPBUSD","data":{"price":"0.72370000","symbol":"XRPBUSD"},"level":"info","message":"Latest price","service":"api-d27bc23-binance-XRPBUSD","timestamp":"2022-02-28T10:30:25.205Z"}
{"assetPair":"XRPBUSD","data":{"price":"0.72620000","symbol":"XRPBUSD"},"level":"info","message":"Latest price","service":"api-d27bc23-binance-XRPBUSD","timestamp":"2022-02-28T10:33:25.240Z"}
{"assetPair":"XRPBUSD","data":{"price":"0.72580000","symbol":"XRPBUSD"},"level":"info","message":"Latest price","service":"api-d27bc23-binance-XRPBUSD","timestamp":"2022-02-28T10:36:25.269Z"}
{"assetPair":"XRPBUSD","data":{"price":"0.72690000","symbol":"XRPBUSD"},"level":"info","message":"Latest price","service":"api-d27bc23-binance-XRPBUSD","timestamp":"2022-02-28T10:39:25.301Z"}
{"assetPair":"XRPBUSD","data":{"price":"0.72600000","symbol":"XRPBUSD"},"level":"info","message":"Latest price","service":"api-d27bc23-binance-XRPBUSD","timestamp":"2022-02-28T10:42:25.358Z"}
{"assetPair":"XRPBUSD","data":{"price":"0.72600000","symbol":"XRPBUSD"},"level":"info","message":"Latest price","service":"api-d27bc23-binance-XRPBUSD","timestamp":"2022-02-28T10:45:25.397Z"}
{"assetPair":"XRPBUSD","data":{"price":"0.72570000","symbol":"XRPBUSD"},"level":"info","message":"Latest price","service":"api-d27bc23-binance-XRPBUSD","timestamp":"2022-02-28T10:48:25.451Z"}
{"assetPair":"XRPBUSD","data":{"price":"0.72470000","symbol":"XRPBUSD"},"level":"info","message":"Latest price","service":"api-d27bc23-binance-XRPBUSD","timestamp":"2022-02-28T10:51:25.478Z"}
{"assetPair":"XRPBUSD","data":{"price":"0.72530000","symbol":"XRPBUSD"},"level":"info","message":"Latest price","service":"api-d27bc23-binance-XRPBUSD","timestamp":"2022-02-28T10:54:25.536Z"}
{"assetPair":"XRPBUSD","data":{"price":"0.72550000","symbol":"XRPBUSD"},"level":"info","message":"Latest price","service":"api-d27bc23-binance-XRPBUSD","timestamp":"2022-02-28T10:57:25.574Z"}
{"assetPair":"XRPBUSD","data":{"price":"0.72720000","symbol":"XRPBUSD"},"level":"info","message":"Latest price","service":"api-d27bc23-binance-XRPBUSD","timestamp":"2022-02-28T11:00:25.638Z"}
{"assetPair":"XRPBUSD","data":{"price":"0.72700000","symbol":"XRPBUSD"},"level":"info","message":"Latest price","service":"api-d27bc23-binance-XRPBUSD","timestamp":"2022-02-28T11:03:25.674Z"}
{"assetPair":"XRPBUSD","data":{"price":"0.72580000","symbol":"XRPBUSD"},"level":"info","message":"Latest price","service":"api-d27bc23-binance-XRPBUSD","timestamp":"2022-02-28T11:06:25.704Z"}
{"assetPair":"XRPBUSD","data":{"price":"0.72600000","symbol":"XRPBUSD"},"level":"info","message":"Latest price","service":"api-d27bc23-binance-XRPBUSD","timestamp":"2022-02-28T11:09:25.730Z"}
{"assetPair":"XRPBUSD","data":{"price":"0.72600000","symbol":"XRPBUSD"},"level":"info","message":"Latest price","service":"api-d27bc23-binance-XRPBUSD","timestamp":"2022-02-28T11:12:25.758Z"}
{"assetPair":"XRPBUSD","data":{"price":"0.72480000","symbol":"XRPBUSD"},"level":"info","message":"Latest price","service":"api-d27bc23-binance-XRPBUSD","timestamp":"2022-02-28T11:15:25.811Z"}
{"assetPair":"XRPBUSD","data":{"price":"0.72690000","symbol":"XRPBUSD"},"level":"info","message":"Latest price","service":"api-d27bc23-binance-XRPBUSD","timestamp":"2022-02-28T11:18:25.836Z"}
{"assetPair":"XRPBUSD","data":{"price":"0.72500000","symbol":"XRPBUSD"},"level":"info","message":"Latest price","service":"api-d27bc23-binance-XRPBUSD","timestamp":"2022-02-28T11:21:25.868Z"}
{"assetPair":"XRPBUSD","data":{"price":"0.72600000","symbol":"XRPBUSD"},"level":"info","message":"Latest price","service":"api-d27bc23-binance-XRPBUSD","timestamp":"2022-02-28T11:24:25.922Z"}
{"assetPair":"XRPBUSD","data":{"price":"0.72700000","symbol":"XRPBUSD"},"level":"info","message":"Latest price","service":"api-d27bc23-binance-XRPBUSD","timestamp":"2022-02-28T11:27:25.980Z"}
{"assetPair":"XRPBUSD","data":{"price":"0.72670000","symbol":"XRPBUSD"},"level":"info","message":"Latest price","service":"api-d27bc23-binance-XRPBUSD","timestamp":"2022-02-28T11:30:26.037Z"}
{"assetPair":"XRPBUSD","data":{"price":"0.72580000","symbol":"XRPBUSD"},"level":"info","message":"Latest price","service":"api-d27bc23-binance-XRPBUSD","timestamp":"2022-02-28T11:33:26.066Z"}
{"assetPair":"XRPBUSD","data":{"price":"0.72690000","symbol":"XRPBUSD"},"level":"info","message":"Latest price","service":"api-d27bc23-binance-XRPBUSD","timestamp":"2022-02-28T11:36:26.096Z"}
{"assetPair":"XRPBUSD","data":{"price":"0.72880000","symbol":"XRPBUSD"},"level":"info","message":"Latest price","service":"api-d27bc23-binance-XRPBUSD","timestamp":"2022-02-28T11:39:26.124Z"}
{"assetPair":"XRPBUSD","data":{"price":"0.72880000","symbol":"XRPBUSD"},"level":"info","message":"Latest price","service":"api-d27bc23-binance-XRPBUSD","timestamp":"2022-02-28T11:42:26.156Z"}
{"assetPair":"XRPBUSD","data":{"price":"0.72910000","symbol":"XRPBUSD"},"level":"info","message":"Latest price","service":"api-d27bc23-binance-XRPBUSD","timestamp":"2022-02-28T11:45:26.183Z"}
{"assetPair":"XRPBUSD","data":{"price":"0.72830000","symbol":"XRPBUSD"},"level":"info","message":"Latest price","service":"api-d27bc23-binance-XRPBUSD","timestamp":"2022-02-28T11:48:26.213Z"}
{"assetPair":"XRPBUSD","data":{"price":"0.72740000","symbol":"XRPBUSD"},"level":"info","message":"Latest price","service":"api-d27bc23-binance-XRPBUSD","timestamp":"2022-02-28T11:51:26.243Z"}
{"assetPair":"XRPBUSD","data":{"price":"0.72770000","symbol":"XRPBUSD"},"level":"info","message":"Latest price","service":"api-d27bc23-binance-XRPBUSD","timestamp":"2022-02-28T11:54:26.283Z"}
{"assetPair":"XRPBUSD","data":{"price":"0.72830000","symbol":"XRPBUSD"},"level":"info","message":"Latest price","service":"api-d27bc23-binance-XRPBUSD","timestamp":"2022-02-28T11:57:26.322Z"}
{"assetPair":"XRPBUSD","data":{"price":"0.72800000","symbol":"XRPBUSD"},"level":"info","message":"Latest price","service":"api-d27bc23-binance-XRPBUSD","timestamp":"2022-02-28T12:00:26.359Z"}
{"assetPair":"XRPBUSD","data":{"price":"0.72520000","symbol":"XRPBUSD"},"level":"info","message":"Latest price","service":"api-d27bc23-binance-XRPBUSD","timestamp":"2022-02-28T12:03:26.390Z"}
{"assetPair":"XRPBUSD","data":{"price":"0.72710000","symbol":"XRPBUSD"},"level":"info","message":"Latest price","service":"api-d27bc23-binance-XRPBUSD","timestamp":"2022-02-28T12:06:26.422Z"}
{"assetPair":"XRPBUSD","data":{"price":"0.72540000","symbol":"XRPBUSD"},"level":"info","message":"Latest price","service":"api-d27bc23-binance-XRPBUSD","timestamp":"2022-02-28T12:09:26.479Z"}
{"assetPair":"XRPBUSD","data":{"price":"0.72440000","symbol":"XRPBUSD"},"level":"info","message":"Latest price","service":"api-d27bc23-binance-XRPBUSD","timestamp":"2022-02-28T12:12:26.518Z"}
{"assetPair":"XRPBUSD","data":{"price":"0.72430000","symbol":"XRPBUSD"},"level":"info","message":"Latest price","service":"api-d27bc23-binance-XRPBUSD","timestamp":"2022-02-28T12:15:26.551Z"}
{"assetPair":"XRPBUSD","data":{"price":"0.72510000","symbol":"XRPBUSD"},"level":"info","message":"Latest price","service":"api-d27bc23-binance-XRPBUSD","timestamp":"2022-02-28T12:18:26.585Z"}
{"assetPair":"XRPBUSD","data":{"price":"0.72760000","symbol":"XRPBUSD"},"level":"info","message":"Latest price","service":"api-d27bc23-binance-XRPBUSD","timestamp":"2022-02-28T12:21:26.609Z"}
{"assetPair":"XRPBUSD","data":{"price":"0.72870000","symbol":"XRPBUSD"},"level":"info","message":"Latest price","service":"api-d27bc23-binance-XRPBUSD","timestamp":"2022-02-28T12:24:26.632Z"}
{"assetPair":"XRPBUSD","data":{"price":"0.72840000","symbol":"XRPBUSD"},"level":"info","message":"Latest price","service":"api-d27bc23-binance-XRPBUSD","timestamp":"2022-02-28T12:27:26.666Z"}
{"assetPair":"XRPBUSD","data":{"price":"0.72940000","symbol":"XRPBUSD"},"level":"info","message":"Latest price","service":"api-d27bc23-binance-XRPBUSD","timestamp":"2022-02-28T12:30:26.693Z"}
{"assetPair":"XRPBUSD","data":{"price":"0.72950000","symbol":"XRPBUSD"},"level":"info","message":"Latest price","service":"api-d27bc23-binance-XRPBUSD","timestamp":"2022-02-28T12:33:26.725Z"}
{"assetPair":"XRPBUSD","data":{"price":"0.72930000","symbol":"XRPBUSD"},"level":"info","message":"Latest price","service":"api-d27bc23-binance-XRPBUSD","timestamp":"2022-02-28T12:36:26.756Z"}
{"assetPair":"XRPBUSD","data":{"price":"0.72950000","symbol":"XRPBUSD"},"level":"info","message":"Latest price","service":"api-d27bc23-binance-XRPBUSD","timestamp":"2022-02-28T12:39:26.810Z"}
{"assetPair":"XRPBUSD","data":{"price":"0.72880000","symbol":"XRPBUSD"},"level":"info","message":"Latest price","service":"api-d27bc23-binance-XRPBUSD","timestamp":"2022-02-28T12:42:26.838Z"}
{"assetPair":"XRPBUSD","data":{"price":"0.72810000","symbol":"XRPBUSD"},"level":"info","message":"Latest price","service":"api-d27bc23-binance-XRPBUSD","timestamp":"2022-02-28T12:45:26.870Z"}
{"assetPair":"XRPBUSD","data":{"price":"0.72850000","symbol":"XRPBUSD"},"level":"info","message":"Latest price","service":"api-d27bc23-binance-XRPBUSD","timestamp":"2022-02-28T12:48:26.892Z"}
{"assetPair":"XRPBUSD","data":{"price":"0.72800000","symbol":"XRPBUSD"},"level":"info","message":"Latest price","service":"api-d27bc23-binance-XRPBUSD","timestamp":"2022-02-28T12:51:26.922Z"}
{"assetPair":"XRPBUSD","data":{"price":"0.72710000","symbol":"XRPBUSD"},"level":"info","message":"Latest price","service":"api-d27bc23-binance-XRPBUSD","timestamp":"2022-02-28T12:54:26.954Z"}
{"assetPair":"XRPBUSD","data":{"price":"0.72640000","symbol":"XRPBUSD"},"level":"info","message":"Latest price","service":"api-d27bc23-binance-XRPBUSD","timestamp":"2022-02-28T12:57:26.983Z"}
