{"assetPair":"XRPBUSD","data":{"price":"0.76960000","symbol":"XRPBUSD"},"level":"info","message":"Latest price","service":"api-d27bc23-binance-XRPBUSD","timestamp":"2022-03-03T13:01:30.133Z"}
{"assetPair":"XRPBUSD","data":{"price":"0.76920000","symbol":"XRPBUSD"},"level":"info","message":"Latest price","service":"api-d27bc23-binance-XRPBUSD","timestamp":"2022-03-03T13:04:30.186Z"}
{"assetPair":"XRPBUSD","data":{"price":"0.76870000","symbol":"XRPBUSD"},"level":"info","message":"Latest price","service":"api-d27bc23-binance-XRPBUSD","timestamp":"2022-03-03T13:07:30.221Z"}
{"assetPair":"XRPBUSD","data":{"price":"0.76970000","symbol":"XRPBUSD"},"level":"info","message":"Latest price","service":"api-d27bc23-binance-XRPBUSD","timestamp":"2022-03-03T13:10:30.275Z"}
{"assetPair":"XRPBUSD","data":{"price":"0.76980000","symbol":"XRPBUSD"},"level":"info","message":"Latest price","service":"api-d27bc23-binance-XRPBUSD","timestamp":"2022-03-03T13:13:30.305Z"}
{"assetPair":"XRPBUSD","data":{"price":"0.76990000","symbol":"XRPBUSD"},"level":"info","message":"Latest price","service":"api-d27bc23-binance-XRPBUSD","timestamp":"2022-03-03T13:16:30.341Z"}
{"assetPair":"XRPBUSD","data":{"price":"0.76940000","symbol":"XRPBUSD"},"level":"info","message":"Latest price","service":"api-d27bc23-binance-XRPBUSD","timestamp":"2022-03-03T13:19:30.371Z"}
{"assetPair":"XRPBUSD","data":{"price":"0.76920000","symbol":"XRPBUSD"},"level":"info","message":"Latest price","service":"api-d27bc23-binance-XRPBUSD","timestamp":"2022-03-03T13:22:30.401Z"}
{"assetPair":"XRPBUSD","data":{"price":"0.76910000","symbol":"XRPBUSD"},"level":"info","message":"Latest price","service":"api-d27bc23-binance-XRPBUSD","timestamp":"2022-03-03T13:25:30.427Z"}
{"assetPair":"XRPBUSD","data":{"price":"0.76950000","symbol":"XRPBUSD"},"level":"info","message":"Latest price","service":"api-d27bc23-binance-XRPBUSD","timestamp":"2022-03-03T13:28:30.459Z"}
{"assetPair":"XRPBUSD","data":{"price":"0.76900000","symbol":"XRPBUSD"},"level":"info","message":"Latest price","service":"api-d27bc23-binance-XRPBUSD","timestamp":"2022-03-03T13:31:30.499Z"}
{"assetPair":"XRPBUSD","data":{"price":"0.76800000","symbol":"XRPBUSD"},"level":"info","message":"Latest price","service":"api-d27bc23-binance-XRPBUSD","timestamp":"2022-03-03T13:34:30.583Z"}
{"assetPair":"XRPBUSD","data":{"price":"0.76940000","symbol":"XRPBUSD"},"level":"info","message":"Latest price","service":"api-d27bc23-binance-XRPBUSD","timestamp":"2022-03-03T13:37:30.611Z"}
{"assetPair":"XRPBUSD","data":{"price":"0.76980000","symbol":"XRPBUSD"},"level":"info","message":"Latest price","service":"api-d27bc23-binance-XRPBUSD","timestamp":"2022-03-03T13:40:30.642Z"}
{"assetPair":"XRPBUSD","data":{"price":"0.77230000","symbol":"XRPBUSD"},"level":"info","message":"Latest price","service":"api-d27bc23-binance-XRPBUSD","timestamp":"2022-03-03T13:43:30.673Z"}
{"assetPair":"XRPBUSD","data":{"price":"0.77080000","symbol":"XRPBUSD"},"level":"info","message":"Latest price","service":"api-d27bc23-binance-XRPBUSD","timestamp":"2022-03-03T13:46:30.701Z"}
{"assetPair":"XRPBUSD","data":{"price":"0.77060000","symbol":"XRPBUSD"},"level":"info","message":"Latest price","service":"api-d27bc23-binance-XRPBUSD","timestamp":"2022-03-03T13:49:30.732Z"}
{"assetPair":"XRPBUSD","data":{"price":"0.77200000","symbol":"XRPBUSD"},"level":"info","message":"Latest price","service":"api-d27bc23-binance-XRPBUSD","timestamp":"2022-03-03T13:52:30.768Z"}
{"assetPair":"XRPBUSD","data":{"price":"0.77220000","symbol":"XRPBUSD"},"level":"info","message":"Latest price","service":"api-d27bc23-binance-XRPBUSD","timestamp":"2022-03-03T13:55:30.798Z"}
{"assetPair":"XRPBUSD","data":{"price":"0.77370000","symbol":"XRPBUSD"},"level":"info","message":"Latest price","service":"api-d27bc23-binance-XRPBUSD","timestamp":"2022-03-03T13:58:30.833Z"}
{"assetPair":"XRPBUSD","data":{"price":"0.77420000","symbol":"XRPBUSD"},"level":"info","message":"Latest price","service":"api-d27bc23-binance-XRPBUSD","timestamp":"2022-03-03T14:01:30.872Z"}
{"assetPair":"XRPBUSD","data":{"price":"0.77350000","symbol":"XRPBUSD"},"level":"info","message":"Latest price","service":"api-d27bc23-binance-XRPBUSD","timestamp":"2022-03-03T14:04:30.897Z"}
{"assetPair":"XRPBUSD","data":{"price":"0.77330000","symbol":"XRPBUSD"},"level":"info","message":"Latest price","service":"api-d27bc23-binance-XRPBUSD","timestamp":"2022-03-03T14:07:30.929Z"}
{"assetPair":"XRPBUSD","data":{"price":"0.77140000","symbol":"XRPBUSD"},"level":"info","message":"Latest price","service":"api-d27bc23-binance-XRPBUSD","timestamp":"2022-03-03T14:10:30.982Z"}
{"assetPair":"XRPBUSD","data":{"price":"0.77130000","symbol":"XRPBUSD"},"level":"info","message":"Latest price","service":"api-d27bc23-binance-XRPBUSD","timestamp":"2022-03-03T14:13:31.012Z"}
{"assetPair":"XRPBUSD","data":{"price":"0.77160000","symbol":"XRPBUSD"},"level":"info","message":"Latest price","service":"api-d27bc23-binance-XRPBUSD","timestamp":"2022-03-03T14:16:31.049Z"}
{"assetPair":"XRPBUSD","data":{"price":"0.77000000","symbol":"XRPBUSD"},"level":"info","message":"Latest price","service":"api-d27bc23-binance-XRPBUSD","timestamp":"2022-03-03T14:19:31.125Z"}
{"assetPair":"XRPBUSD","data":{"price":"0.76970000","symbol":"XRPBUSD"},"level":"info","message":"Latest price","service":"api-d27bc23-binance-XRPBUSD","timestamp":"2022-03-03T14:22:31.181Z"}
{"assetPair":"XRPBUSD","data":{"price":"0.76940000","symbol":"XRPBUSD"},"level":"info","message":"Latest price","service":"api-d27bc23-binance-XRPBUSD","timestamp":"2022-03-03T14:25:31.216Z"}
{"assetPair":"XRPBUSD","data":{"price":"0.77030000","symbol":"XRPBUSD"},"level":"info","message":"Latest price","service":"api-d27bc23-binance-XRPBUSD","timestamp":"2022-03-03T14:28:31.244Z"}
{"assetPair":"XRPBUSD","data":{"price":"0.77030000","symbol":"XRPBUSD"},"level":"info","message":"Latest price","service":"api-d27bc23-binance-XRPBUSD","timestamp":"2022-03-03T14:31:31.269Z"}
{"assetPair":"XRPBUSD","data":{"price":"0.76860000","symbol":"XRPBUSD"},"level":"info","message":"Latest price","service":"api-d27bc23-binance-XRPBUSD","timestamp":"2022-03-03T14:34:31.293Z"}
{"assetPair":"XRPBUSD","data":{"price":"0.76900000","symbol":"XRPBUSD"},"level":"info","message":"Latest price","service":"api-d27bc23-binance-XRPBUSD","timestamp":"2022-03-03T14:37:31.354Z"}
{"assetPair":"XRPBUSD","data":{"price":"0.76920000","symbol":"XRPBUSD"},"level":"info","message":"Latest price","service":"api-d27bc23-binance-XRPBUSD","timestamp":"2022-03-03T14:40:31.393Z"}
{"assetPair":"XRPBUSD","data":{"price":"0.76860000","symbol":"XRPBUSD"},"level":"info","message":"Latest price","service":"api-d27bc23-binance-XRPBUSD","timestamp":"2022-03-03T14:43:31.425Z"}
{"assetPair":"XRPBUSD","data":{"price":"0.76880000","symbol":"XRPBUSD"},"level":"info","message":"Latest price","service":"api-d27bc23-binance-XRPBUSD","timestamp":"2022-03-03T14:46:31.465Z"}
{"assetPair":"XRPBUSD","data":{"price":"0.76410000","symbol":"XRPBUSD"},"level":"info","message":"Latest price","service":"api-d27bc23-binance-XRPBUSD","timestamp":"2022-03-03T14:49:31.496Z"}
{"assetPair":"XRPBUSD","data":{"price":"0.76470000","symbol":"XRPBUSD"},"level":"info","message":"Latest price","service":"api-d27bc23-binance-XRPBUSD","timestamp":"2022-03-03T14:52:31.549Z"}
{"assetPair":"XRPBUSD","data":{"price":"0.76670000","symbol":"XRPBUSD"},"level":"info","message":"Latest price","service":"api-d27bc23-binance-XRPBUSD","timestamp":"2022-03-03T14:55:31.600Z"}
{"assetPair":"XRPBUSD","data":{"price":"0.76550000","symbol":"XRPBUSD"},"level":"info","message":"Latest price","service":"api-d27bc23-binance-XRPBUSD","timestamp":"2022-03-03T14:58:31.635Z"}
{"assetPair":"XRPBUSD","data":{"price":"0.76540000","symbol":"XRPBUSD"},"level":"info","message":"Latest price","service":"api-d27bc23-binance-XRPBUSD","timestamp":"2022-03-03T15:01:31.670Z"}
{"assetPair":"XRPBUSD","data":{"price":"0.76610000","symbol":"XRPBUSD"},"level":"info","message":"Latest price","service":"api-d27bc23-binance-XRPBUSD","timestamp":"2022-03-03T15:04:31.752Z"}
{"assetPair":"XRPBUSD","data":{"price":"0.76380000","symbol":"XRPBUSD"},"level":"info","message":"Latest price","service":"api-d27bc23-binance-XRPBUSD","timestamp":"2022-03-03T15:07:31.785Z"}
{"assetPair":"XRPBUSD","data":{"price":"0.76350000","symbol":"XRPBUSD"},"level":"info","message":"Latest price","service":"api-d27bc23-binance-XRPBUSD","timestamp":"2022-03-03T15:10:31.816Z"}
{"assetPair":"XRPBUSD","data":{"price":"0.76310000","symbol":"XRPBUSD"},"level":"info","message":"Latest price","service":"api-d27bc23-binance-XRPBUSD","timestamp":"2022-03-03T15:13:31.852Z"}
{"assetPair":"XRPBUSD","data":{"price":"0.76130000","symbol":"XRPBUSD"},"level":"info","message":"Latest price","service":"api-d27bc23-binance-XRPBUSD","timestamp":"2022-03-03T15:16:31.908Z"}
{"assetPair":"XRPBUSD","data":{"price":"0.76340000","symbol":"XRPBUSD"},"level":"info","message":"Latest price","service":"api-d27bc23-binance-XRPBUSD","timestamp":"2022-03-03T15:19:31.978Z"}
{"assetPair":"XRPBUSD","data":{"price":"0.76320000","symbol":"XRPBUSD"},"level":"info","message":"Latest price","service":"api-d27bc23-binance-XRPBUSD","timestamp":"2022-03-03T15:22:32.014Z"}
{"assetPair":"XRPBUSD","data":{"price":"0.76250000","symbol":"XRPBUSD"},"level":"info","message":"Latest price","service":"api-d27bc23-binance-XRPBUSD","timestamp":"2022-03-03T15:25:32.044Z"}
{"assetPair":"XRPBUSD","data":{"price":"0.76320000","symbol":"XRPBUSD"},"level":"info","message":"Latest price","service":"api-d27bc23-binance-XRPBUSD","timestamp":"2022-03-03T15:28:32.071Z"}
{"assetPair":"XRPBUSD","data":{"price":"0.76340000","symbol":"XRPBUSD"},"level":"info","message":"Latest price","service":"api-d27bc23-binance-XRPBUSD","timestamp":"2022-03-03T15:31:32.100Z"}
{"assetPair":"XRPBUSD","data":{"price":"0.76220000","symbol":"XRPBUSD"},"level":"info","message":"Latest price","service":"api-d27bc23-binance-XRPBUSD","timestamp":"2022-03-03T15:34:32.125Z"}
{"assetPair":"XRPBUSD","data":{"price":"0.75590000","symbol":"XRPBUSD"},"level":"info","message":"Latest price","service":"api-d27bc23-binance-XRPBUSD","timestamp":"2022-03-03T15:37:32.150Z"}
{"assetPair":"XRPBUSD","data":{"price":"0.75330000","symbol":"XRPBUSD"},"level":"info","message":"Latest price","service":"api-d27bc23-binance-XRPBUSD","timestamp":"2022-03-03T15:40:32.187Z"}
{"assetPair":"XRPBUSD","data":{"price":"0.74950000","symbol":"XRPBUSD"},"level":"info","message":"Latest price","service":"api-d27bc23-binance-XRPBUSD","timestamp":"2022-03-03T15:43:32.247Z"}
{"assetPair":"XRPBUSD","data":{"price":"0.74650000","symbol":"XRPBUSD"},"level":"info","message":"Latest price","service":"api-d27bc23-binance-XRPBUSD","timestamp":"2022-03-03T15:46:32.307Z"}
{"assetPair":"XRPBUSD","data":{"price":"0.75210000","symbol":"XRPBUSD"},"level":"info","message":"Latest price","service":"api-d27bc23-binance-XRPBUSD","timestamp":"2022-03-03T15:49:32.338Z"}
{"assetPair":"XRPBUSD","data":{"price":"0.75080000","symbol":"XRPBUSD"},"level":"info","message":"Latest price","service":"api-d27bc23-binance-XRPBUSD","timestamp":"2022-03-03T15:52:32.366Z"}
{"assetPair":"XRPBUSD","data":{"price":"0.75020000","symbol":"XRPBUSD"},"level":"info","message":"Latest price","service":"api-d27bc23-binance-XRPBUSD","timestamp":"2022-03-03T15:55:32.393Z"}
{"assetPair":"XRPBUSD","data":{"price":"0.75010000","symbol":"XRPBUSD"},"level":"info","message":"Latest price","service":"api-d27bc23-binance-XRPBUSD","timestamp":"2022-03-03T15:58:32.463Z"}
{"assetPair":"XRPBUSD","data":{"price":"0.74770000","symbol":"XRPBUSD"},"level":"info","message":"Latest price","service":"api-d27bc23-binance-XRPBUSD","timestamp":"2022-03-03T16:01:32.489Z"}
{"assetPair":"XRPBUSD","data":{"price":"0.74620000","symbol":"XRPBUSD"},"level":"info","message":"Latest price","service":"api-d27bc23-binance-XRPBUSD","timestamp":"2022-03-03T16:04:32.548Z"}
{"assetPair":"XRPBUSD","data":{"price":"0.74610000","symbol":"XRPBUSD"},"level":"info","message":"Latest price","service":"api-d27bc23-binance-XRPBUSD","timestamp":"2022-03-03T16:07:32.581Z"}
{"assetPair":"XRPBUSD","data":{"price":"0.74630000","symbol":"XRPBUSD"},"level":"info","message":"Latest price","service":"api-d27bc23-binance-XRPBUSD","timestamp":"2022-03-03T16:10:32.612Z"}
{"assetPair":"XRPBUSD","data":{"price":"0.74440000","symbol":"XRPBUSD"},"level":"info","message":"Latest price","service":"api-d27bc23-binance-XRPBUSD","timestamp":"2022-03-03T16:13:32.718Z"}
{"assetPair":"XRPBUSD","data":{"price":"0.74550000","symbol":"XRPBUSD"},"level":"info","message":"Latest price","service":"api-d27bc23-binance-XRPBUSD","timestamp":"2022-03-03T16:16:32.749Z"}
{"assetPair":"XRPBUSD","data":{"price":"0.74700000","symbol":"XRPBUSD"},"level":"info","message":"Latest price","service":"api-d27bc23-binance-XRPBUSD","timestamp":"2022-03-03T16:19:32.775Z"}
{"assetPair":"XRPBUSD","data":{"price":"0.74930000","symbol":"XRPBUSD"},"level":"info","message":"Latest price","service":"api-d27bc23-binance-XRPBUSD","timestamp":"2022-03-03T16:22:32.800Z"}
{"assetPair":"XRPBUSD","data":{"price":"0.74890000","symbol":"XRPBUSD"},"level":"info","message":"Latest price","service":"api-d27bc23-binance-XRPBUSD","timestamp":"2022-03-03T16:25:32.826Z"}
{"assetPair":"XRPBUSD","data":{"price":"0.75070000","symbol":"XRPBUSD"},"level":"info","message":"Latest price","service":"api-d27bc23-binance-XRPBUSD","timestamp":"2022-03-03T16:28:32.851Z"}
{"assetPair":"XRPBUSD","data":{"price":"0.74850000","symbol":"XRPBUSD"},"level":"info","message":"Latest price","service":"api-d27bc23-binance-XRPBUSD","timestamp":"2022-03-03T16:31:32.878Z"}
{"assetPair":"XRPBUSD","data":{"price":"0.74800000","symbol":"XRPBUSD"},"level":"info","message":"Latest price","service":"api-d27bc23-binance-XRPBUSD","timestamp":"2022-03-03T16:34:32.934Z"}
{"assetPair":"XRPBUSD","data":{"price":"0.74790000","symbol":"XRPBUSD"},"level":"info","message":"Latest price","service":"api-d27bc23-binance-XRPBUSD","timestamp":"2022-03-03T16:37:32.964Z"}
{"assetPair":"XRPBUSD","data":{"price":"0.74690000","symbol":"XRPBUSD"},"level":"info","message":"Latest price","service":"api-d27bc23-binance-XRPBUSD","timestamp":"2022-03-03T16:40:32.991Z"}
{"assetPair":"XRPBUSD","data":{"price":"0.74870000","symbol":"XRPBUSD"},"level":"info","message":"Latest price","service":"api-d27bc23-binance-XRPBUSD","timestamp":"2022-03-03T16:43:33.020Z"}
{"assetPair":"XRPBUSD","data":{"price":"0.74790000","symbol":"XRPBUSD"},"level":"info","message":"Latest price","service":"api-d27bc23-binance-XRPBUSD","timestamp":"2022-03-03T16:46:33.045Z"}
{"assetPair":"XRPBUSD","data":{"price":"0.74760000","symbol":"XRPBUSD"},"level":"info","message":"Latest price","service":"api-d27bc23-binance-XRPBUSD","timestamp":"2022-03-03T16:49:33.071Z"}
{"assetPair":"XRPBUSD","data":{"price":"0.74650000","symbol":"XRPBUSD"},"level":"info","message":"Latest price","service":"api-d27bc23-binance-XRPBUSD","timestamp":"2022-03-03T16:52:33.098Z"}
{"assetPair":"XRPBUSD","data":{"price":"0.74630000","symbol":"XRPBUSD"},"level":"info","message":"Latest price","service":"api-d27bc23-binance-XRPBUSD","timestamp":"2022-03-03T16:55:33.162Z"}
{"assetPair":"XRPBUSD","data":{"price":"0.74680000","symbol":"XRPBUSD"},"level":"info","message":"Latest price","service":"api-d27bc23-binance-XRPBUSD","timestamp":"2022-03-03T16:58:33.186Z"}
{"assetPair":"XRPBUSD","data":{"price":"0.74520000","symbol":"XRPBUSD"},"level":"info","message":"Latest price","service":"api-d27bc23-binance-XRPBUSD","timestamp":"2022-03-03T17:01:33.256Z"}
{"balance":{"asset":"XRP","free":"32.44400000","locked":"0.00000000"},"level":"info","message":"Binance balance","service":"api-d27bc23-binance-XRPBUSD","timestamp":"2022-03-03T17:01:33.352Z"}
{"correctedPrice":"0.7452","correctedQty":"32","forAsset":"BUSD","level":"info","message":"Initiating SELL","price":"0.74520000","quantity":"32.44400000","sellAsset":"XRP","service":"api-d27bc23-binance-XRPBUSD","timestamp":"2022-03-03T17:01:33.419Z"}
{"data":{"clientOrderId":"RFCDg7ZiL6t2igoI5Drxu0","cummulativeQuoteQty":"23.85280000","executedQty":"32.00000000","fills":[{"commission":"0.02385280","commissionAsset":"BUSD","price":"0.74540000","qty":"32.00000000","tradeId":54293059}],"orderId":734586457,"orderListId":-1,"origQty":"32.00000000","price":"0.74520000","side":"SELL","status":"FILLED","symbol":"XRPBUSD","timeInForce":"GTC","transactTime":1646326893478,"type":"LIMIT"},"level":"info","message":"SELL success","service":"api-d27bc23-binance-XRPBUSD","timestamp":"2022-03-03T17:01:33.488Z"}
{"level":"info","message":"Checking order status","origClientOrderId":"RFCDg7ZiL6t2igoI5Drxu0","service":"api-d27bc23-binance-XRPBUSD","symbol":"XRPBUSD","timestamp":"2022-03-03T17:04:33.526Z"}
{"data":{"clientOrderId":"RFCDg7ZiL6t2igoI5Drxu0","cummulativeQuoteQty":"23.85280000","executedQty":"32.00000000","icebergQty":"0.00000000","isWorking":true,"orderId":734586457,"orderListId":-1,"origQty":"32.00000000","origQuoteOrderQty":"0.00000000","price":"0.74520000","side":"SELL","status":"FILLED","stopPrice":"0.00000000","symbol":"XRPBUSD","time":1646326893478,"timeInForce":"GTC","type":"LIMIT","updateTime":1646326893478},"level":"info","message":"Order status","service":"api-d27bc23-binance-XRPBUSD","timestamp":"2022-03-03T17:04:33.594Z"}
{"assetPair":"XRPBUSD","data":{"price":"0.74640000","symbol":"XRPBUSD"},"level":"info","message":"Latest price","service":"api-d27bc23-binance-XRPBUSD","timestamp":"2022-03-03T17:04:33.662Z"}
{"assetPair":"XRPBUSD","data":{"price":"0.74430000","symbol":"XRPBUSD"},"level":"info","message":"Latest price","service":"api-d27bc23-binance-XRPBUSD","timestamp":"2022-03-03T17:07:33.701Z"}
{"assetPair":"XRPBUSD","data":{"price":"0.74580000","symbol":"XRPBUSD"},"level":"info","message":"Latest price","service":"api-d27bc23-binance-XRPBUSD","timestamp":"2022-03-03T17:10:33.730Z"}
{"assetPair":"XRPBUSD","data":{"price":"0.74600000","symbol":"XRPBUSD"},"level":"info","message":"Latest price","service":"api-d27bc23-binance-XRPBUSD","timestamp":"2022-03-03T17:13:33.757Z"}
{"assetPair":"XRPBUSD","data":{"price":"0.74560000","symbol":"XRPBUSD"},"level":"info","message":"Latest price","service":"api-d27bc23-binance-XRPBUSD","timestamp":"2022-03-03T17:16:33.787Z"}
{"assetPair":"XRPBUSD","data":{"price":"0.74590000","symbol":"XRPBUSD"},"level":"info","message":"Latest price","service":"api-d27bc23-binance-XRPBUSD","timestamp":"2022-03-03T17:19:33.849Z"}
{"assetPair":"XRPBUSD","data":{"price":"0.74360000","symbol":"XRPBUSD"},"level":"info","message":"Latest price","service":"api-d27bc23-binance-XRPBUSD","timestamp":"2022-03-03T17:22:33.884Z"}
{"assetPair":"XRPBUSD","data":{"price":"0.74130000","symbol":"XRPBUSD"},"level":"info","message":"Latest price","service":"api-d27bc23-binance-XRPBUSD","timestamp":"2022-03-03T17:25:33.921Z"}
{"assetPair":"XRPBUSD","data":{"price":"0.73740000","symbol":"XRPBUSD"},"level":"info","message":"Latest price","service":"api-d27bc23-binance-XRPBUSD","timestamp":"2022-03-03T17:28:33.955Z"}
{"assetPair":"XRPBUSD","data":{"price":"0.74000000","symbol":"XRPBUSD"},"level":"info","message":"Latest price","service":"api-d27bc23-binance-XRPBUSD","timestamp":"2022-03-03T17:31:34.008Z"}
{"assetPair":"XRPBUSD","data":{"price":"0.74300000","symbol":"XRPBUSD"},"level":"info","message":"Latest price","service":"api-d27bc23-binance-XRPBUSD","timestamp":"2022-03-03T17:34:34.057Z"}
{"balance":{"asset":"BUSD","free":"43.10331240","locked":"0.00000000"},"level":"info","message":"Binance balance","service":"api-d27bc23-binance-XRPBUSD","timestamp":"2022-03-03T17:34:34.121Z"}
{"buyAsset":"XRP","correctedPrice":"0.7430","correctedQty":"33","level":"info","message":"Initiating BUY","price":"0.743","quantity":"33.31090174966352624495","service":"api-d27bc23-binance-XRPBUSD","timestamp":"2022-03-03T17:34:34.122Z","withAsset":"BUSD"}
{"data":{"clientOrderId":"BPGvTOwwR6fxi3xYLiAB1S","cummulativeQuoteQty":"24.51900000","executedQty":"33.00000000","fills":[{"commission":"0.03300000","commissionAsset":"XRP","price":"0.74300000","qty":"33.00000000","tradeId":54295418}],"orderId":734620642,"orderListId":-1,"origQty":"33.00000000","price":"0.74300000","side":"BUY","status":"FILLED","symbol":"XRPBUSD","timeInForce":"GTC","transactTime":1646328874167,"type":"LIMIT"},"level":"info","message":"BUY success","service":"api-d27bc23-binance-XRPBUSD","timestamp":"2022-03-03T17:34:34.178Z"}
{"level":"info","message":"Checking order status","origClientOrderId":"BPGvTOwwR6fxi3xYLiAB1S","service":"api-d27bc23-binance-XRPBUSD","symbol":"XRPBUSD","timestamp":"2022-03-03T17:37:34.180Z"}
{"data":{"clientOrderId":"BPGvTOwwR6fxi3xYLiAB1S","cummulativeQuoteQty":"24.51900000","executedQty":"33.00000000","icebergQty":"0.00000000","isWorking":true,"orderId":734620642,"orderListId":-1,"origQty":"33.00000000","origQuoteOrderQty":"0.00000000","price":"0.74300000","side":"BUY","status":"FILLED","stopPrice":"0.00000000","symbol":"XRPBUSD","time":1646328874167,"timeInForce":"GTC","type":"LIMIT","updateTime":1646328874167},"level":"info","message":"Order status","service":"api-d27bc23-binance-XRPBUSD","timestamp":"2022-03-03T17:37:34.233Z"}
{"assetPair":"XRPBUSD","data":{"price":"0.74530000","symbol":"XRPBUSD"},"level":"info","message":"Latest price","service":"api-d27bc23-binance-XRPBUSD","timestamp":"2022-03-03T17:37:34.284Z"}
{"assetPair":"XRPBUSD","data":{"price":"0.74220000","symbol":"XRPBUSD"},"level":"info","message":"Latest price","service":"api-d27bc23-binance-XRPBUSD","timestamp":"2022-03-03T17:40:34.310Z"}
{"assetPair":"XRPBUSD","data":{"price":"0.74380000","symbol":"XRPBUSD"},"level":"info","message":"Latest price","service":"api-d27bc23-binance-XRPBUSD","timestamp":"2022-03-03T17:43:34.336Z"}
{"assetPair":"XRPBUSD","data":{"price":"0.74440000","symbol":"XRPBUSD"},"level":"info","message":"Latest price","service":"api-d27bc23-binance-XRPBUSD","timestamp":"2022-03-03T17:46:34.363Z"}
{"assetPair":"XRPBUSD","data":{"price":"0.74500000","symbol":"XRPBUSD"},"level":"info","message":"Latest price","service":"api-d27bc23-binance-XRPBUSD","timestamp":"2022-03-03T17:49:34.389Z"}
{"assetPair":"XRPBUSD","data":{"price":"0.74470000","symbol":"XRPBUSD"},"level":"info","message":"Latest price","service":"api-d27bc23-binance-XRPBUSD","timestamp":"2022-03-03T17:52:34.417Z"}
{"assetPair":"XRPBUSD","data":{"price":"0.74440000","symbol":"XRPBUSD"},"level":"info","message":"Latest price","service":"api-d27bc23-binance-XRPBUSD","timestamp":"2022-03-03T17:55:34.468Z"}
{"assetPair":"XRPBUSD","data":{"price":"0.74460000","symbol":"XRPBUSD"},"level":"info","message":"Latest price","service":"api-d27bc23-binance-XRPBUSD","timestamp":"2022-03-03T17:58:34.499Z"}
{"assetPair":"XRPBUSD","data":{"price":"0.74460000","symbol":"XRPBUSD"},"level":"info","message":"Latest price","service":"api-d27bc23-binance-XRPBUSD","timestamp":"2022-03-03T18:01:34.535Z"}
{"assetPair":"XRPBUSD","data":{"price":"0.74470000","symbol":"XRPBUSD"},"level":"info","message":"Latest price","service":"api-d27bc23-binance-XRPBUSD","timestamp":"2022-03-03T18:04:34.589Z"}
{"assetPair":"XRPBUSD","data":{"price":"0.74560000","symbol":"XRPBUSD"},"level":"info","message":"Latest price","service":"api-d27bc23-binance-XRPBUSD","timestamp":"2022-03-03T18:07:34.624Z"}
{"assetPair":"XRPBUSD","data":{"price":"0.74550000","symbol":"XRPBUSD"},"level":"info","message":"Latest price","service":"api-d27bc23-binance-XRPBUSD","timestamp":"2022-03-03T18:10:34.651Z"}
{"assetPair":"XRPBUSD","data":{"price":"0.74580000","symbol":"XRPBUSD"},"level":"info","message":"Latest price","service":"api-d27bc23-binance-XRPBUSD","timestamp":"2022-03-03T18:13:34.677Z"}
{"assetPair":"XRPBUSD","data":{"price":"0.74580000","symbol":"XRPBUSD"},"level":"info","message":"Latest price","service":"api-d27bc23-binance-XRPBUSD","timestamp":"2022-03-03T18:16:34.707Z"}
{"assetPair":"XRPBUSD","data":{"price":"0.74700000","symbol":"XRPBUSD"},"level":"info","message":"Latest price","service":"api-d27bc23-binance-XRPBUSD","timestamp":"2022-03-03T18:19:34.734Z"}
{"assetPair":"XRPBUSD","data":{"price":"0.74720000","symbol":"XRPBUSD"},"level":"info","message":"Latest price","service":"api-d27bc23-binance-XRPBUSD","timestamp":"2022-03-03T18:22:34.758Z"}
{"assetPair":"XRPBUSD","data":{"price":"0.74600000","symbol":"XRPBUSD"},"level":"info","message":"Latest price","service":"api-d27bc23-binance-XRPBUSD","timestamp":"2022-03-03T18:25:34.820Z"}
{"assetPair":"XRPBUSD","data":{"price":"0.74540000","symbol":"XRPBUSD"},"level":"info","message":"Latest price","service":"api-d27bc23-binance-XRPBUSD","timestamp":"2022-03-03T18:28:34.847Z"}
{"assetPair":"XRPBUSD","data":{"price":"0.74350000","symbol":"XRPBUSD"},"level":"info","message":"Latest price","service":"api-d27bc23-binance-XRPBUSD","timestamp":"2022-03-03T18:31:34.902Z"}
{"assetPair":"XRPBUSD","data":{"price":"0.74250000","symbol":"XRPBUSD"},"level":"info","message":"Latest price","service":"api-d27bc23-binance-XRPBUSD","timestamp":"2022-03-03T18:34:34.938Z"}
{"assetPair":"XRPBUSD","data":{"price":"0.74330000","symbol":"XRPBUSD"},"level":"info","message":"Latest price","service":"api-d27bc23-binance-XRPBUSD","timestamp":"2022-03-03T18:37:34.993Z"}
{"assetPair":"XRPBUSD","data":{"price":"0.74210000","symbol":"XRPBUSD"},"level":"info","message":"Latest price","service":"api-d27bc23-binance-XRPBUSD","timestamp":"2022-03-03T18:40:35.024Z"}
{"assetPair":"XRPBUSD","data":{"price":"0.74180000","symbol":"XRPBUSD"},"level":"info","message":"Latest price","service":"api-d27bc23-binance-XRPBUSD","timestamp":"2022-03-03T18:43:35.060Z"}
{"assetPair":"XRPBUSD","data":{"price":"0.74210000","symbol":"XRPBUSD"},"level":"info","message":"Latest price","service":"api-d27bc23-binance-XRPBUSD","timestamp":"2022-03-03T18:46:35.088Z"}
{"assetPair":"XRPBUSD","data":{"price":"0.74400000","symbol":"XRPBUSD"},"level":"info","message":"Latest price","service":"api-d27bc23-binance-XRPBUSD","timestamp":"2022-03-03T18:49:35.151Z"}
{"assetPair":"XRPBUSD","data":{"price":"0.74480000","symbol":"XRPBUSD"},"level":"info","message":"Latest price","service":"api-d27bc23-binance-XRPBUSD","timestamp":"2022-03-03T18:52:35.177Z"}
{"assetPair":"XRPBUSD","data":{"price":"0.74370000","symbol":"XRPBUSD"},"level":"info","message":"Latest price","service":"api-d27bc23-binance-XRPBUSD","timestamp":"2022-03-03T18:55:35.242Z"}
{"assetPair":"XRPBUSD","data":{"price":"0.74380000","symbol":"XRPBUSD"},"level":"info","message":"Latest price","service":"api-d27bc23-binance-XRPBUSD","timestamp":"2022-03-03T18:58:35.295Z"}
{"assetPair":"XRPBUSD","data":{"price":"0.74490000","symbol":"XRPBUSD"},"level":"info","message":"Latest price","service":"api-d27bc23-binance-XRPBUSD","timestamp":"2022-03-03T19:01:35.328Z"}
{"assetPair":"XRPBUSD","data":{"price":"0.74460000","symbol":"XRPBUSD"},"level":"info","message":"Latest price","service":"api-d27bc23-binance-XRPBUSD","timestamp":"2022-03-03T19:04:35.352Z"}
{"assetPair":"XRPBUSD","data":{"price":"0.74510000","symbol":"XRPBUSD"},"level":"info","message":"Latest price","service":"api-d27bc23-binance-XRPBUSD","timestamp":"2022-03-03T19:07:35.380Z"}
{"assetPair":"XRPBUSD","data":{"price":"0.74460000","symbol":"XRPBUSD"},"level":"info","message":"Latest price","service":"api-d27bc23-binance-XRPBUSD","timestamp":"2022-03-03T19:10:35.407Z"}
{"assetPair":"XRPBUSD","data":{"price":"0.74590000","symbol":"XRPBUSD"},"level":"info","message":"Latest price","service":"api-d27bc23-binance-XRPBUSD","timestamp":"2022-03-03T19:13:35.449Z"}
{"assetPair":"XRPBUSD","data":{"price":"0.74680000","symbol":"XRPBUSD"},"level":"info","message":"Latest price","service":"api-d27bc23-binance-XRPBUSD","timestamp":"2022-03-03T19:16:35.500Z"}
{"assetPair":"XRPBUSD","data":{"price":"0.74690000","symbol":"XRPBUSD"},"level":"info","message":"Latest price","service":"api-d27bc23-binance-XRPBUSD","timestamp":"2022-03-03T19:19:35.535Z"}
{"assetPair":"XRPBUSD","data":{"price":"0.74690000","symbol":"XRPBUSD"},"level":"info","message":"Latest price","service":"api-d27bc23-binance-XRPBUSD","timestamp":"2022-03-03T19:22:35.566Z"}
{"assetPair":"XRPBUSD","data":{"price":"0.74770000","symbol":"XRPBUSD"},"level":"info","message":"Latest price","service":"api-d27bc23-binance-XRPBUSD","timestamp":"2022-03-03T19:25:35.602Z"}
{"assetPair":"XRPBUSD","data":{"price":"0.74740000","symbol":"XRPBUSD"},"level":"info","message":"Latest price","service":"api-d27bc23-binance-XRPBUSD","timestamp":"2022-03-03T19:28:35.629Z"}
{"assetPair":"XRPBUSD","data":{"price":"0.74650000","symbol":"XRPBUSD"},"level":"info","message":"Latest price","service":"api-d27bc23-binance-XRPBUSD","timestamp":"2022-03-03T19:31:35.683Z"}
{"assetPair":"XRPBUSD","data":{"price":"0.74680000","symbol":"XRPBUSD"},"level":"info","message":"Latest price","service":"api-d27bc23-binance-XRPBUSD","timestamp":"2022-03-03T19:34:35.712Z"}
{"assetPair":"XRPBUSD","data":{"price":"0.74620000","symbol":"XRPBUSD"},"level":"info","message":"Latest price","service":"api-d27bc23-binance-XRPBUSD","timestamp":"2022-03-03T19:37:35.737Z"}
{"assetPair":"XRPBUSD","data":{"price":"0.74700000","symbol":"XRPBUSD"},"level":"info","message":"Latest price","service":"api-d27bc23-binance-XRPBUSD","timestamp":"2022-03-03T19:40:35.769Z"}
{"assetPair":"XRPBUSD","data":{"price":"0.74640000","symbol":"XRPBUSD"},"level":"info","message":"Latest price","service":"api-d27bc23-binance-XRPBUSD","timestamp":"2022-03-03T19:43:35.802Z"}
{"assetPair":"XRPBUSD","data":{"price":"0.74590000","symbol":"XRPBUSD"},"level":"info","message":"Latest price","service":"api-d27bc23-binance-XRPBUSD","timestamp":"2022-03-03T19:46:35.825Z"}
{"assetPair":"XRPBUSD","data":{"price":"0.74440000","symbol":"XRPBUSD"},"level":"info","message":"Latest price","service":"api-d27bc23-binance-XRPBUSD","timestamp":"2022-03-03T19:49:35.854Z"}
{"assetPair":"XRPBUSD","data":{"price":"0.74280000","symbol":"XRPBUSD"},"level":"info","message":"Latest price","service":"api-d27bc23-binance-XRPBUSD","timestamp":"2022-03-03T19:52:35.883Z"}
{"assetPair":"XRPBUSD","data":{"price":"0.74420000","symbol":"XRPBUSD"},"level":"info","message":"Latest price","service":"api-d27bc23-binance-XRPBUSD","timestamp":"2022-03-03T19:55:35.914Z"}
{"assetPair":"XRPBUSD","data":{"price":"0.74450000","symbol":"XRPBUSD"},"level":"info","message":"Latest price","service":"api-d27bc23-binance-XRPBUSD","timestamp":"2022-03-03T19:58:35.945Z"}
{"assetPair":"XRPBUSD","data":{"price":"0.74410000","symbol":"XRPBUSD"},"level":"info","message":"Latest price","service":"api-d27bc23-binance-XRPBUSD","timestamp":"2022-03-03T20:01:36.000Z"}
{"assetPair":"XRPBUSD","data":{"price":"0.74230000","symbol":"XRPBUSD"},"level":"info","message":"Latest price","service":"api-d27bc23-binance-XRPBUSD","timestamp":"2022-03-03T20:04:36.024Z"}
{"assetPair":"XRPBUSD","data":{"price":"0.74360000","symbol":"XRPBUSD"},"level":"info","message":"Latest price","service":"api-d27bc23-binance-XRPBUSD","timestamp":"2022-03-03T20:07:36.055Z"}
{"assetPair":"XRPBUSD","data":{"price":"0.74240000","symbol":"XRPBUSD"},"level":"info","message":"Latest price","service":"api-d27bc23-binance-XRPBUSD","timestamp":"2022-03-03T20:10:36.080Z"}
{"assetPair":"XRPBUSD","data":{"price":"0.74280000","symbol":"XRPBUSD"},"level":"info","message":"Latest price","service":"api-d27bc23-binance-XRPBUSD","timestamp":"2022-03-03T20:13:36.103Z"}
{"assetPair":"XRPBUSD","data":{"price":"0.74230000","symbol":"XRPBUSD"},"level":"info","message":"Latest price","service":"api-d27bc23-binance-XRPBUSD","timestamp":"2022-03-03T20:16:36.137Z"}
{"assetPair":"XRPBUSD","data":{"price":"0.74390000","symbol":"XRPBUSD"},"level":"info","message":"Latest price","service":"api-d27bc23-binance-XRPBUSD","timestamp":"2022-03-03T20:19:36.175Z"}
{"assetPair":"XRPBUSD","data":{"price":"0.74520000","symbol":"XRPBUSD"},"level":"info","message":"Latest price","service":"api-d27bc23-binance-XRPBUSD","timestamp":"2022-03-03T20:22:36.206Z"}
{"assetPair":"XRPBUSD","data":{"price":"0.74640000","symbol":"XRPBUSD"},"level":"info","message":"Latest price","service":"api-d27bc23-binance-XRPBUSD","timestamp":"2022-03-03T20:25:36.229Z"}
{"assetPair":"XRPBUSD","data":{"price":"0.74760000","symbol":"XRPBUSD"},"level":"info","message":"Latest price","service":"api-d27bc23-binance-XRPBUSD","timestamp":"2022-03-03T20:28:36.262Z"}
{"assetPair":"XRPBUSD","data":{"price":"0.74720000","symbol":"XRPBUSD"},"level":"info","message":"Latest price","service":"api-d27bc23-binance-XRPBUSD","timestamp":"2022-03-03T20:31:36.294Z"}
{"assetPair":"XRPBUSD","data":{"price":"0.74580000","symbol":"XRPBUSD"},"level":"info","message":"Latest price","service":"api-d27bc23-binance-XRPBUSD","timestamp":"2022-03-03T20:34:36.366Z"}
{"assetPair":"XRPBUSD","data":{"price":"0.74650000","symbol":"XRPBUSD"},"level":"info","message":"Latest price","service":"api-d27bc23-binance-XRPBUSD","timestamp":"2022-03-03T20:37:36.392Z"}
{"assetPair":"XRPBUSD","data":{"price":"0.74670000","symbol":"XRPBUSD"},"level":"info","message":"Latest price","service":"api-d27bc23-binance-XRPBUSD","timestamp":"2022-03-03T20:40:36.420Z"}
{"assetPair":"XRPBUSD","data":{"price":"0.74450000","symbol":"XRPBUSD"},"level":"info","message":"Latest price","service":"api-d27bc23-binance-XRPBUSD","timestamp":"2022-03-03T20:43:36.451Z"}
{"assetPair":"XRPBUSD","data":{"price":"0.74460000","symbol":"XRPBUSD"},"level":"info","message":"Latest price","service":"api-d27bc23-binance-XRPBUSD","timestamp":"2022-03-03T20:46:36.517Z"}
{"assetPair":"XRPBUSD","data":{"price":"0.74230000","symbol":"XRPBUSD"},"level":"info","message":"Latest price","service":"api-d27bc23-binance-XRPBUSD","timestamp":"2022-03-03T20:49:36.568Z"}
{"assetPair":"XRPBUSD","data":{"price":"0.74330000","symbol":"XRPBUSD"},"level":"info","message":"Latest price","service":"api-d27bc23-binance-XRPBUSD","timestamp":"2022-03-03T20:52:36.592Z"}
{"assetPair":"XRPBUSD","data":{"price":"0.74420000","symbol":"XRPBUSD"},"level":"info","message":"Latest price","service":"api-d27bc23-binance-XRPBUSD","timestamp":"2022-03-03T20:55:36.616Z"}
{"assetPair":"XRPBUSD","data":{"price":"0.74500000","symbol":"XRPBUSD"},"level":"info","message":"Latest price","service":"api-d27bc23-binance-XRPBUSD","timestamp":"2022-03-03T20:58:36.647Z"}
{"assetPair":"XRPBUSD","data":{"price":"0.74350000","symbol":"XRPBUSD"},"level":"info","message":"Latest price","service":"api-d27bc23-binance-XRPBUSD","timestamp":"2022-03-03T21:01:36.670Z"}
{"assetPair":"XRPBUSD","data":{"price":"0.74170000","symbol":"XRPBUSD"},"level":"info","message":"Latest price","service":"api-d27bc23-binance-XRPBUSD","timestamp":"2022-03-03T21:04:36.708Z"}
{"assetPair":"XRPBUSD","data":{"price":"0.74330000","symbol":"XRPBUSD"},"level":"info","message":"Latest price","service":"api-d27bc23-binance-XRPBUSD","timestamp":"2022-03-03T21:07:36.733Z"}
{"assetPair":"XRPBUSD","data":{"price":"0.74560000","symbol":"XRPBUSD"},"level":"info","message":"Latest price","service":"api-d27bc23-binance-XRPBUSD","timestamp":"2022-03-03T21:10:36.760Z"}
{"assetPair":"XRPBUSD","data":{"price":"0.74620000","symbol":"XRPBUSD"},"level":"info","message":"Latest price","service":"api-d27bc23-binance-XRPBUSD","timestamp":"2022-03-03T21:13:36.788Z"}
{"assetPair":"XRPBUSD","data":{"price":"0.74630000","symbol":"XRPBUSD"},"level":"info","message":"Latest price","service":"api-d27bc23-binance-XRPBUSD","timestamp":"2022-03-03T21:16:36.844Z"}
{"assetPair":"XRPBUSD","data":{"price":"0.74730000","symbol":"XRPBUSD"},"level":"info","message":"Latest price","service":"api-d27bc23-binance-XRPBUSD","timestamp":"2022-03-03T21:19:36.877Z"}
{"assetPair":"XRPBUSD","data":{"price":"0.74700000","symbol":"XRPBUSD"},"level":"info","message":"Latest price","service":"api-d27bc23-binance-XRPBUSD","timestamp":"2022-03-03T21:22:36.931Z"}
{"assetPair":"XRPBUSD","data":{"price":"0.74660000","symbol":"XRPBUSD"},"level":"info","message":"Latest price","service":"api-d27bc23-binance-XRPBUSD","timestamp":"2022-03-03T21:25:36.963Z"}
{"assetPair":"XRPBUSD","data":{"price":"0.74690000","symbol":"XRPBUSD"},"level":"info","message":"Latest price","service":"api-d27bc23-binance-XRPBUSD","timestamp":"2022-03-03T21:28:36.993Z"}
{"assetPair":"XRPBUSD","data":{"price":"0.74530000","symbol":"XRPBUSD"},"level":"info","message":"Latest price","service":"api-d27bc23-binance-XRPBUSD","timestamp":"2022-03-03T21:31:37.056Z"}
{"assetPair":"XRPBUSD","data":{"price":"0.74390000","symbol":"XRPBUSD"},"level":"info","message":"Latest price","service":"api-d27bc23-binance-XRPBUSD","timestamp":"2022-03-03T21:34:37.113Z"}
{"assetPair":"XRPBUSD","data":{"price":"0.74410000","symbol":"XRPBUSD"},"level":"info","message":"Latest price","service":"api-d27bc23-binance-XRPBUSD","timestamp":"2022-03-03T21:37:37.149Z"}
{"assetPair":"XRPBUSD","data":{"price":"0.74430000","symbol":"XRPBUSD"},"level":"info","message":"Latest price","service":"api-d27bc23-binance-XRPBUSD","timestamp":"2022-03-03T21:40:37.216Z"}
{"assetPair":"XRPBUSD","data":{"price":"0.74500000","symbol":"XRPBUSD"},"level":"info","message":"Latest price","service":"api-d27bc23-binance-XRPBUSD","timestamp":"2022-03-03T21:43:37.272Z"}
{"assetPair":"XRPBUSD","data":{"price":"0.74450000","symbol":"XRPBUSD"},"level":"info","message":"Latest price","service":"api-d27bc23-binance-XRPBUSD","timestamp":"2022-03-03T21:46:37.303Z"}
{"assetPair":"XRPBUSD","data":{"price":"0.74540000","symbol":"XRPBUSD"},"level":"info","message":"Latest price","service":"api-d27bc23-binance-XRPBUSD","timestamp":"2022-03-03T21:49:37.357Z"}
{"assetPair":"XRPBUSD","data":{"price":"0.74340000","symbol":"XRPBUSD"},"level":"info","message":"Latest price","service":"api-d27bc23-binance-XRPBUSD","timestamp":"2022-03-03T21:52:37.385Z"}
{"assetPair":"XRPBUSD","data":{"price":"0.74540000","symbol":"XRPBUSD"},"level":"info","message":"Latest price","service":"api-d27bc23-binance-XRPBUSD","timestamp":"2022-03-03T21:55:37.454Z"}
{"assetPair":"XRPBUSD","data":{"price":"0.74750000","symbol":"XRPBUSD"},"level":"info","message":"Latest price","service":"api-d27bc23-binance-XRPBUSD","timestamp":"2022-03-03T21:58:37.478Z"}
{"assetPair":"XRPBUSD","data":{"price":"0.74820000","symbol":"XRPBUSD"},"level":"info","message":"Latest price","service":"api-d27bc23-binance-XRPBUSD","timestamp":"2022-03-03T22:01:37.534Z"}
{"assetPair":"XRPBUSD","data":{"price":"0.75190000","symbol":"XRPBUSD"},"level":"info","message":"Latest price","service":"api-d27bc23-binance-XRPBUSD","timestamp":"2022-03-03T22:04:37.588Z"}
{"assetPair":"XRPBUSD","data":{"price":"0.75000000","symbol":"XRPBUSD"},"level":"info","message":"Latest price","service":"api-d27bc23-binance-XRPBUSD","timestamp":"2022-03-03T22:07:37.615Z"}
{"assetPair":"XRPBUSD","data":{"price":"0.75070000","symbol":"XRPBUSD"},"level":"info","message":"Latest price","service":"api-d27bc23-binance-XRPBUSD","timestamp":"2022-03-03T22:10:37.690Z"}
{"assetPair":"XRPBUSD","data":{"price":"0.74970000","symbol":"XRPBUSD"},"level":"info","message":"Latest price","service":"api-d27bc23-binance-XRPBUSD","timestamp":"2022-03-03T22:13:37.714Z"}
{"assetPair":"XRPBUSD","data":{"price":"0.75070000","symbol":"XRPBUSD"},"level":"info","message":"Latest price","service":"api-d27bc23-binance-XRPBUSD","timestamp":"2022-03-03T22:16:37.738Z"}
{"assetPair":"XRPBUSD","data":{"price":"0.75110000","symbol":"XRPBUSD"},"level":"info","message":"Latest price","service":"api-d27bc23-binance-XRPBUSD","timestamp":"2022-03-03T22:19:37.764Z"}
{"assetPair":"XRPBUSD","data":{"price":"0.75110000","symbol":"XRPBUSD"},"level":"info","message":"Latest price","service":"api-d27bc23-binance-XRPBUSD","timestamp":"2022-03-03T22:22:37.832Z"}
{"assetPair":"XRPBUSD","data":{"price":"0.75180000","symbol":"XRPBUSD"},"level":"info","message":"Latest price","service":"api-d27bc23-binance-XRPBUSD","timestamp":"2022-03-03T22:25:38.155Z"}
{"assetPair":"XRPBUSD","data":{"price":"0.75290000","symbol":"XRPBUSD"},"level":"info","message":"Latest price","service":"api-d27bc23-binance-XRPBUSD","timestamp":"2022-03-03T22:28:38.221Z"}
{"assetPair":"XRPBUSD","data":{"price":"0.75280000","symbol":"XRPBUSD"},"level":"info","message":"Latest price","service":"api-d27bc23-binance-XRPBUSD","timestamp":"2022-03-03T22:31:38.248Z"}
{"assetPair":"XRPBUSD","data":{"price":"0.75250000","symbol":"XRPBUSD"},"level":"info","message":"Latest price","service":"api-d27bc23-binance-XRPBUSD","timestamp":"2022-03-03T22:34:38.301Z"}
{"assetPair":"XRPBUSD","data":{"price":"0.75160000","symbol":"XRPBUSD"},"level":"info","message":"Latest price","service":"api-d27bc23-binance-XRPBUSD","timestamp":"2022-03-03T22:37:38.363Z"}
{"assetPair":"XRPBUSD","data":{"price":"0.75260000","symbol":"XRPBUSD"},"level":"info","message":"Latest price","service":"api-d27bc23-binance-XRPBUSD","timestamp":"2022-03-03T22:40:38.392Z"}
{"assetPair":"XRPBUSD","data":{"price":"0.75320000","symbol":"XRPBUSD"},"level":"info","message":"Latest price","service":"api-d27bc23-binance-XRPBUSD","timestamp":"2022-03-03T22:43:38.418Z"}
{"assetPair":"XRPBUSD","data":{"price":"0.75240000","symbol":"XRPBUSD"},"level":"info","message":"Latest price","service":"api-d27bc23-binance-XRPBUSD","timestamp":"2022-03-03T22:46:38.449Z"}
{"assetPair":"XRPBUSD","data":{"price":"0.75100000","symbol":"XRPBUSD"},"level":"info","message":"Latest price","service":"api-d27bc23-binance-XRPBUSD","timestamp":"2022-03-03T22:49:38.530Z"}
{"assetPair":"XRPBUSD","data":{"price":"0.75090000","symbol":"XRPBUSD"},"level":"info","message":"Latest price","service":"api-d27bc23-binance-XRPBUSD","timestamp":"2022-03-03T22:52:38.558Z"}
{"assetPair":"XRPBUSD","data":{"price":"0.75130000","symbol":"XRPBUSD"},"level":"info","message":"Latest price","service":"api-d27bc23-binance-XRPBUSD","timestamp":"2022-03-03T22:55:38.592Z"}
{"assetPair":"XRPBUSD","data":{"price":"0.75170000","symbol":"XRPBUSD"},"level":"info","message":"Latest price","service":"api-d27bc23-binance-XRPBUSD","timestamp":"2022-03-03T22:58:38.616Z"}
{"assetPair":"XRPBUSD","data":{"price":"0.75140000","symbol":"XRPBUSD"},"level":"info","message":"Latest price","service":"api-d27bc23-binance-XRPBUSD","timestamp":"2022-03-03T23:01:38.644Z"}
{"assetPair":"XRPBUSD","data":{"price":"0.75110000","symbol":"XRPBUSD"},"level":"info","message":"Latest price","service":"api-d27bc23-binance-XRPBUSD","timestamp":"2022-03-03T23:04:38.670Z"}
{"assetPair":"XRPBUSD","data":{"price":"0.75180000","symbol":"XRPBUSD"},"level":"info","message":"Latest price","service":"api-d27bc23-binance-XRPBUSD","timestamp":"2022-03-03T23:07:38.744Z"}
{"assetPair":"XRPBUSD","data":{"price":"0.75220000","symbol":"XRPBUSD"},"level":"info","message":"Latest price","service":"api-d27bc23-binance-XRPBUSD","timestamp":"2022-03-03T23:10:38.812Z"}
{"assetPair":"XRPBUSD","data":{"price":"0.75410000","symbol":"XRPBUSD"},"level":"info","message":"Latest price","service":"api-d27bc23-binance-XRPBUSD","timestamp":"2022-03-03T23:13:38.852Z"}
{"assetPair":"XRPBUSD","data":{"price":"0.75590000","symbol":"XRPBUSD"},"level":"info","message":"Latest price","service":"api-d27bc23-binance-XRPBUSD","timestamp":"2022-03-03T23:16:38.877Z"}
{"assetPair":"XRPBUSD","data":{"price":"0.75680000","symbol":"XRPBUSD"},"level":"info","message":"Latest price","service":"api-d27bc23-binance-XRPBUSD","timestamp":"2022-03-03T23:19:38.912Z"}
{"assetPair":"XRPBUSD","data":{"price":"0.75900000","symbol":"XRPBUSD"},"level":"info","message":"Latest price","service":"api-d27bc23-binance-XRPBUSD","timestamp":"2022-03-03T23:22:38.942Z"}
{"assetPair":"XRPBUSD","data":{"price":"0.75760000","symbol":"XRPBUSD"},"level":"info","message":"Latest price","service":"api-d27bc23-binance-XRPBUSD","timestamp":"2022-03-03T23:25:38.971Z"}
{"balance":{"asset":"XRP","free":"33.41100000","locked":"0.00000000"},"level":"info","message":"Binance balance","service":"api-d27bc23-binance-XRPBUSD","timestamp":"2022-03-03T23:25:39.007Z"}
{"correctedPrice":"0.7576","correctedQty":"33","forAsset":"BUSD","level":"info","message":"Initiating SELL","price":"0.75760000","quantity":"33.41100000","sellAsset":"XRP","service":"api-d27bc23-binance-XRPBUSD","timestamp":"2022-03-03T23:25:39.008Z"}
{"data":{"clientOrderId":"BBD9BsX7oWzVe7tiHUZx0E","cummulativeQuoteQty":"25.00080000","executedQty":"33.00000000","fills":[{"commission":"0.02500080","commissionAsset":"BUSD","price":"0.75760000","qty":"33.00000000","tradeId":54304360}],"orderId":734778310,"orderListId":-1,"origQty":"33.00000000","price":"0.75760000","side":"SELL","status":"FILLED","symbol":"XRPBUSD","timeInForce":"GTC","transactTime":1646349939033,"type":"LIMIT"},"level":"info","message":"SELL success","service":"api-d27bc23-binance-XRPBUSD","timestamp":"2022-03-03T23:25:39.036Z"}
{"level":"info","message":"Checking order status","origClientOrderId":"BBD9BsX7oWzVe7tiHUZx0E","service":"api-d27bc23-binance-XRPBUSD","symbol":"XRPBUSD","timestamp":"2022-03-03T23:28:39.039Z"}
{"data":{"clientOrderId":"BBD9BsX7oWzVe7tiHUZx0E","cummulativeQuoteQty":"25.00080000","executedQty":"33.00000000","icebergQty":"0.00000000","isWorking":true,"orderId":734778310,"orderListId":-1,"origQty":"33.00000000","origQuoteOrderQty":"0.00000000","price":"0.75760000","side":"SELL","status":"FILLED","stopPrice":"0.00000000","symbol":"XRPBUSD","time":1646349939033,"timeInForce":"GTC","type":"LIMIT","updateTime":1646349939033},"level":"info","message":"Order status","service":"api-d27bc23-binance-XRPBUSD","timestamp":"2022-03-03T23:28:39.073Z"}
{"assetPair":"XRPBUSD","data":{"price":"0.75670000","symbol":"XRPBUSD"},"level":"info","message":"Latest price","service":"api-d27bc23-binance-XRPBUSD","timestamp":"2022-03-03T23:28:39.110Z"}
{"assetPair":"XRPBUSD","data":{"price":"0.75390000","symbol":"XRPBUSD"},"level":"info","message":"Latest price","service":"api-d27bc23-binance-XRPBUSD","timestamp":"2022-03-03T23:31:39.165Z"}
{"assetPair":"XRPBUSD","data":{"price":"0.75410000","symbol":"XRPBUSD"},"level":"info","message":"Latest price","service":"api-d27bc23-binance-XRPBUSD","timestamp":"2022-03-03T23:34:39.194Z"}
{"assetPair":"XRPBUSD","data":{"price":"0.75340000","symbol":"XRPBUSD"},"level":"info","message":"Latest price","service":"api-d27bc23-binance-XRPBUSD","timestamp":"2022-03-03T23:37:39.222Z"}
{"assetPair":"XRPBUSD","data":{"price":"0.75450000","symbol":"XRPBUSD"},"level":"info","message":"Latest price","service":"api-d27bc23-binance-XRPBUSD","timestamp":"2022-03-03T23:40:39.249Z"}
{"assetPair":"XRPBUSD","data":{"price":"0.75440000","symbol":"XRPBUSD"},"level":"info","message":"Latest price","service":"api-d27bc23-binance-XRPBUSD","timestamp":"2022-03-03T23:43:39.277Z"}
{"assetPair":"XRPBUSD","data":{"price":"0.75430000","symbol":"XRPBUSD"},"level":"info","message":"Latest price","service":"api-d27bc23-binance-XRPBUSD","timestamp":"2022-03-03T23:46:39.302Z"}
{"assetPair":"XRPBUSD","data":{"price":"0.75360000","symbol":"XRPBUSD"},"level":"info","message":"Latest price","service":"api-d27bc23-binance-XRPBUSD","timestamp":"2022-03-03T23:49:39.373Z"}
{"assetPair":"XRPBUSD","data":{"price":"0.75210000","symbol":"XRPBUSD"},"level":"info","message":"Latest price","service":"api-d27bc23-binance-XRPBUSD","timestamp":"2022-03-03T23:52:39.402Z"}
{"assetPair":"XRPBUSD","data":{"price":"0.75100000","symbol":"XRPBUSD"},"level":"info","message":"Latest price","service":"api-d27bc23-binance-XRPBUSD","timestamp":"2022-03-03T23:55:39.426Z"}
{"assetPair":"XRPBUSD","data":{"price":"0.75220000","symbol":"XRPBUSD"},"level":"info","message":"Latest price","service":"api-d27bc23-binance-XRPBUSD","timestamp":"2022-03-03T23:58:39.455Z"}
{"assetPair":"XRPBUSD","data":{"price":"0.75100000","symbol":"XRPBUSD"},"level":"info","message":"Latest price","service":"api-d27bc23-binance-XRPBUSD","timestamp":"2022-03-04T00:01:39.510Z"}
{"assetPair":"XRPBUSD","data":{"price":"0.75350000","symbol":"XRPBUSD"},"level":"info","message":"Latest price","service":"api-d27bc23-binance-XRPBUSD","timestamp":"2022-03-04T00:04:39.535Z"}
{"assetPair":"XRPBUSD","data":{"price":"0.75140000","symbol":"XRPBUSD"},"level":"info","message":"Latest price","service":"api-d27bc23-binance-XRPBUSD","timestamp":"2022-03-04T00:07:39.573Z"}
{"assetPair":"XRPBUSD","data":{"price":"0.74810000","symbol":"XRPBUSD"},"level":"info","message":"Latest price","service":"api-d27bc23-binance-XRPBUSD","timestamp":"2022-03-04T00:10:39.607Z"}
{"assetPair":"XRPBUSD","data":{"price":"0.74790000","symbol":"XRPBUSD"},"level":"info","message":"Latest price","service":"api-d27bc23-binance-XRPBUSD","timestamp":"2022-03-04T00:13:39.639Z"}
{"assetPair":"XRPBUSD","data":{"price":"0.74800000","symbol":"XRPBUSD"},"level":"info","message":"Latest price","service":"api-d27bc23-binance-XRPBUSD","timestamp":"2022-03-04T00:16:39.680Z"}
{"assetPair":"XRPBUSD","data":{"price":"0.74820000","symbol":"XRPBUSD"},"level":"info","message":"Latest price","service":"api-d27bc23-binance-XRPBUSD","timestamp":"2022-03-04T00:19:39.715Z"}
{"assetPair":"XRPBUSD","data":{"price":"0.75030000","symbol":"XRPBUSD"},"level":"info","message":"Latest price","service":"api-d27bc23-binance-XRPBUSD","timestamp":"2022-03-04T00:22:39.745Z"}
{"assetPair":"XRPBUSD","data":{"price":"0.74910000","symbol":"XRPBUSD"},"level":"info","message":"Latest price","service":"api-d27bc23-binance-XRPBUSD","timestamp":"2022-03-04T00:25:39.778Z"}
{"assetPair":"XRPBUSD","data":{"price":"0.75010000","symbol":"XRPBUSD"},"level":"info","message":"Latest price","service":"api-d27bc23-binance-XRPBUSD","timestamp":"2022-03-04T00:28:39.807Z"}
{"assetPair":"XRPBUSD","data":{"price":"0.74900000","symbol":"XRPBUSD"},"level":"info","message":"Latest price","service":"api-d27bc23-binance-XRPBUSD","timestamp":"2022-03-04T00:31:39.844Z"}
{"assetPair":"XRPBUSD","data":{"price":"0.75000000","symbol":"XRPBUSD"},"level":"info","message":"Latest price","service":"api-d27bc23-binance-XRPBUSD","timestamp":"2022-03-04T00:34:39.871Z"}
{"assetPair":"XRPBUSD","data":{"price":"0.75090000","symbol":"XRPBUSD"},"level":"info","message":"Latest price","service":"api-d27bc23-binance-XRPBUSD","timestamp":"2022-03-04T00:37:39.899Z"}
{"assetPair":"XRPBUSD","data":{"price":"0.74960000","symbol":"XRPBUSD"},"level":"info","message":"Latest price","service":"api-d27bc23-binance-XRPBUSD","timestamp":"2022-03-04T00:40:39.968Z"}
{"assetPair":"XRPBUSD","data":{"price":"0.74710000","symbol":"XRPBUSD"},"level":"info","message":"Latest price","service":"api-d27bc23-binance-XRPBUSD","timestamp":"2022-03-04T00:43:39.993Z"}
{"assetPair":"XRPBUSD","data":{"price":"0.73810000","symbol":"XRPBUSD"},"level":"info","message":"Latest price","service":"api-d27bc23-binance-XRPBUSD","timestamp":"2022-03-04T00:46:40.024Z"}
{"assetPair":"XRPBUSD","data":{"price":"0.73290000","symbol":"XRPBUSD"},"level":"info","message":"Latest price","service":"api-d27bc23-binance-XRPBUSD","timestamp":"2022-03-04T00:49:40.059Z"}
{"assetPair":"XRPBUSD","data":{"price":"0.72990000","symbol":"XRPBUSD"},"level":"info","message":"Latest price","service":"api-d27bc23-binance-XRPBUSD","timestamp":"2022-03-04T00:52:40.088Z"}
{"assetPair":"XRPBUSD","data":{"price":"0.73140000","symbol":"XRPBUSD"},"level":"info","message":"Latest price","service":"api-d27bc23-binance-XRPBUSD","timestamp":"2022-03-04T00:55:40.124Z"}
{"assetPair":"XRPBUSD","data":{"price":"0.73070000","symbol":"XRPBUSD"},"level":"info","message":"Latest price","service":"api-d27bc23-binance-XRPBUSD","timestamp":"2022-03-04T00:58:40.161Z"}
{"assetPair":"XRPBUSD","data":{"price":"0.73010000","symbol":"XRPBUSD"},"level":"info","message":"Latest price","service":"api-d27bc23-binance-XRPBUSD","timestamp":"2022-03-04T01:01:40.236Z"}
{"assetPair":"XRPBUSD","data":{"price":"0.73360000","symbol":"XRPBUSD"},"level":"info","message":"Latest price","service":"api-d27bc23-binance-XRPBUSD","timestamp":"2022-03-04T01:04:40.261Z"}
{"balance":{"asset":"BUSD","free":"43.56011160","locked":"0.00000000"},"level":"info","message":"Binance balance","service":"api-d27bc23-binance-XRPBUSD","timestamp":"2022-03-04T01:04:40.291Z"}
{"buyAsset":"XRP","correctedPrice":"0.7336","correctedQty":"33","level":"info","message":"Initiating BUY","price":"0.7336","quantity":"33.73773173391494002181","service":"api-d27bc23-binance-XRPBUSD","timestamp":"2022-03-04T01:04:40.291Z","withAsset":"BUSD"}
{"data":{"clientOrderId":"R2Af2AX8dkshEUA9m4Ciy7","cummulativeQuoteQty":"0.00000000","executedQty":"0.00000000","fills":[],"orderId":734875057,"orderListId":-1,"origQty":"33.00000000","price":"0.73360000","side":"BUY","status":"NEW","symbol":"XRPBUSD","timeInForce":"GTC","transactTime":1646355880312,"type":"LIMIT"},"level":"info","message":"BUY success","service":"api-d27bc23-binance-XRPBUSD","timestamp":"2022-03-04T01:04:40.316Z"}
{"level":"info","message":"Checking order status","origClientOrderId":"R2Af2AX8dkshEUA9m4Ciy7","service":"api-d27bc23-binance-XRPBUSD","symbol":"XRPBUSD","timestamp":"2022-03-04T01:07:40.319Z"}
{"data":{"clientOrderId":"R2Af2AX8dkshEUA9m4Ciy7","cummulativeQuoteQty":"24.20880000","executedQty":"33.00000000","icebergQty":"0.00000000","isWorking":true,"orderId":734875057,"orderListId":-1,"origQty":"33.00000000","origQuoteOrderQty":"0.00000000","price":"0.73360000","side":"BUY","status":"FILLED","stopPrice":"0.00000000","symbol":"XRPBUSD","time":1646355880312,"timeInForce":"GTC","type":"LIMIT","updateTime":1646355886348},"level":"info","message":"Order status","service":"api-d27bc23-binance-XRPBUSD","timestamp":"2022-03-04T01:07:40.348Z"}
{"assetPair":"XRPBUSD","data":{"price":"0.73340000","symbol":"XRPBUSD"},"level":"info","message":"Latest price","service":"api-d27bc23-binance-XRPBUSD","timestamp":"2022-03-04T01:07:40.371Z"}
{"assetPair":"XRPBUSD","data":{"price":"0.72910000","symbol":"XRPBUSD"},"level":"info","message":"Latest price","service":"api-d27bc23-binance-XRPBUSD","timestamp":"2022-03-04T01:10:40.428Z"}
{"assetPair":"XRPBUSD","data":{"price":"0.72850000","symbol":"XRPBUSD"},"level":"info","message":"Latest price","service":"api-d27bc23-binance-XRPBUSD","timestamp":"2022-03-04T01:13:40.455Z"}
{"assetPair":"XRPBUSD","data":{"price":"0.73050000","symbol":"XRPBUSD"},"level":"info","message":"Latest price","service":"api-d27bc23-binance-XRPBUSD","timestamp":"2022-03-04T01:16:40.483Z"}
{"assetPair":"XRPBUSD","data":{"price":"0.72860000","symbol":"XRPBUSD"},"level":"info","message":"Latest price","service":"api-d27bc23-binance-XRPBUSD","timestamp":"2022-03-04T01:19:40.563Z"}
{"assetPair":"XRPBUSD","data":{"price":"0.73180000","symbol":"XRPBUSD"},"level":"info","message":"Latest price","service":"api-d27bc23-binance-XRPBUSD","timestamp":"2022-03-04T01:22:40.628Z"}
{"assetPair":"XRPBUSD","data":{"price":"0.73300000","symbol":"XRPBUSD"},"level":"info","message":"Latest price","service":"api-d27bc23-binance-XRPBUSD","timestamp":"2022-03-04T01:25:40.661Z"}
{"assetPair":"XRPBUSD","data":{"price":"0.73260000","symbol":"XRPBUSD"},"level":"info","message":"Latest price","service":"api-d27bc23-binance-XRPBUSD","timestamp":"2022-03-04T01:28:40.686Z"}
{"assetPair":"XRPBUSD","data":{"price":"0.73110000","symbol":"XRPBUSD"},"level":"info","message":"Latest price","service":"api-d27bc23-binance-XRPBUSD","timestamp":"2022-03-04T01:31:40.740Z"}
{"assetPair":"XRPBUSD","data":{"price":"0.73330000","symbol":"XRPBUSD"},"level":"info","message":"Latest price","service":"api-d27bc23-binance-XRPBUSD","timestamp":"2022-03-04T01:34:40.798Z"}
{"assetPair":"XRPBUSD","data":{"price":"0.73220000","symbol":"XRPBUSD"},"level":"info","message":"Latest price","service":"api-d27bc23-binance-XRPBUSD","timestamp":"2022-03-04T01:37:40.837Z"}
{"assetPair":"XRPBUSD","data":{"price":"0.73370000","symbol":"XRPBUSD"},"level":"info","message":"Latest price","service":"api-d27bc23-binance-XRPBUSD","timestamp":"2022-03-04T01:40:40.893Z"}
{"assetPair":"XRPBUSD","data":{"price":"0.73410000","symbol":"XRPBUSD"},"level":"info","message":"Latest price","service":"api-d27bc23-binance-XRPBUSD","timestamp":"2022-03-04T01:43:40.920Z"}
{"assetPair":"XRPBUSD","data":{"price":"0.73320000","symbol":"XRPBUSD"},"level":"info","message":"Latest price","service":"api-d27bc23-binance-XRPBUSD","timestamp":"2022-03-04T01:46:40.956Z"}
{"assetPair":"XRPBUSD","data":{"price":"0.73350000","symbol":"XRPBUSD"},"level":"info","message":"Latest price","service":"api-d27bc23-binance-XRPBUSD","timestamp":"2022-03-04T01:49:40.993Z"}
{"assetPair":"XRPBUSD","data":{"price":"0.73380000","symbol":"XRPBUSD"},"level":"info","message":"Latest price","service":"api-d27bc23-binance-XRPBUSD","timestamp":"2022-03-04T01:52:41.030Z"}
{"assetPair":"XRPBUSD","data":{"price":"0.73510000","symbol":"XRPBUSD"},"level":"info","message":"Latest price","service":"api-d27bc23-binance-XRPBUSD","timestamp":"2022-03-04T01:55:41.059Z"}
{"assetPair":"XRPBUSD","data":{"price":"0.73620000","symbol":"XRPBUSD"},"level":"info","message":"Latest price","service":"api-d27bc23-binance-XRPBUSD","timestamp":"2022-03-04T01:58:41.089Z"}
{"assetPair":"XRPBUSD","data":{"price":"0.73330000","symbol":"XRPBUSD"},"level":"info","message":"Latest price","service":"api-d27bc23-binance-XRPBUSD","timestamp":"2022-03-04T02:01:41.175Z"}
{"assetPair":"XRPBUSD","data":{"price":"0.73370000","symbol":"XRPBUSD"},"level":"info","message":"Latest price","service":"api-d27bc23-binance-XRPBUSD","timestamp":"2022-03-04T02:04:41.210Z"}
{"assetPair":"XRPBUSD","data":{"price":"0.73280000","symbol":"XRPBUSD"},"level":"info","message":"Latest price","service":"api-d27bc23-binance-XRPBUSD","timestamp":"2022-03-04T02:07:41.239Z"}
{"assetPair":"XRPBUSD","data":{"price":"0.73290000","symbol":"XRPBUSD"},"level":"info","message":"Latest price","service":"api-d27bc23-binance-XRPBUSD","timestamp":"2022-03-04T02:10:41.277Z"}
{"assetPair":"XRPBUSD","data":{"price":"0.73330000","symbol":"XRPBUSD"},"level":"info","message":"Latest price","service":"api-d27bc23-binance-XRPBUSD","timestamp":"2022-03-04T02:13:41.311Z"}
{"assetPair":"XRPBUSD","data":{"price":"0.73280000","symbol":"XRPBUSD"},"level":"info","message":"Latest price","service":"api-d27bc23-binance-XRPBUSD","timestamp":"2022-03-04T02:16:41.339Z"}
{"assetPair":"XRPBUSD","data":{"price":"0.73190000","symbol":"XRPBUSD"},"level":"info","message":"Latest price","service":"api-d27bc23-binance-XRPBUSD","timestamp":"2022-03-04T02:19:41.383Z"}
{"assetPair":"XRPBUSD","data":{"price":"0.73140000","symbol":"XRPBUSD"},"level":"info","message":"Latest price","service":"api-d27bc23-binance-XRPBUSD","timestamp":"2022-03-04T02:22:41.411Z"}
{"assetPair":"XRPBUSD","data":{"price":"0.73170000","symbol":"XRPBUSD"},"level":"info","message":"Latest price","service":"api-d27bc23-binance-XRPBUSD","timestamp":"2022-03-04T02:25:41.443Z"}
{"assetPair":"XRPBUSD","data":{"price":"0.73290000","symbol":"XRPBUSD"},"level":"info","message":"Latest price","service":"api-d27bc23-binance-XRPBUSD","timestamp":"2022-03-04T02:28:41.472Z"}
{"assetPair":"XRPBUSD","data":{"price":"0.73230000","symbol":"XRPBUSD"},"level":"info","message":"Latest price","service":"api-d27bc23-binance-XRPBUSD","timestamp":"2022-03-04T02:31:41.497Z"}
{"assetPair":"XRPBUSD","data":{"price":"0.73130000","symbol":"XRPBUSD"},"level":"info","message":"Latest price","service":"api-d27bc23-binance-XRPBUSD","timestamp":"2022-03-04T02:34:41.550Z"}
{"assetPair":"XRPBUSD","data":{"price":"0.73340000","symbol":"XRPBUSD"},"level":"info","message":"Latest price","service":"api-d27bc23-binance-XRPBUSD","timestamp":"2022-03-04T02:37:41.577Z"}
{"assetPair":"XRPBUSD","data":{"price":"0.73390000","symbol":"XRPBUSD"},"level":"info","message":"Latest price","service":"api-d27bc23-binance-XRPBUSD","timestamp":"2022-03-04T02:40:41.608Z"}
{"assetPair":"XRPBUSD","data":{"price":"0.73370000","symbol":"XRPBUSD"},"level":"info","message":"Latest price","service":"api-d27bc23-binance-XRPBUSD","timestamp":"2022-03-04T02:43:41.641Z"}
{"assetPair":"XRPBUSD","data":{"price":"0.73300000","symbol":"XRPBUSD"},"level":"info","message":"Latest price","service":"api-d27bc23-binance-XRPBUSD","timestamp":"2022-03-04T02:46:41.668Z"}
{"assetPair":"XRPBUSD","data":{"price":"0.73340000","symbol":"XRPBUSD"},"level":"info","message":"Latest price","service":"api-d27bc23-binance-XRPBUSD","timestamp":"2022-03-04T02:49:41.695Z"}
{"assetPair":"XRPBUSD","data":{"price":"0.73280000","symbol":"XRPBUSD"},"level":"info","message":"Latest price","service":"api-d27bc23-binance-XRPBUSD","timestamp":"2022-03-04T02:52:41.717Z"}
{"assetPair":"XRPBUSD","data":{"price":"0.73240000","symbol":"XRPBUSD"},"level":"info","message":"Latest price","service":"api-d27bc23-binance-XRPBUSD","timestamp":"2022-03-04T02:55:41.753Z"}
{"assetPair":"XRPBUSD","data":{"price":"0.73270000","symbol":"XRPBUSD"},"level":"info","message":"Latest price","service":"api-d27bc23-binance-XRPBUSD","timestamp":"2022-03-04T02:58:41.785Z"}
{"assetPair":"XRPBUSD","data":{"price":"0.73390000","symbol":"XRPBUSD"},"level":"info","message":"Latest price","service":"api-d27bc23-binance-XRPBUSD","timestamp":"2022-03-04T03:01:41.864Z"}
{"assetPair":"XRPBUSD","data":{"price":"0.73170000","symbol":"XRPBUSD"},"level":"info","message":"Latest price","service":"api-d27bc23-binance-XRPBUSD","timestamp":"2022-03-04T03:04:41.898Z"}
{"assetPair":"XRPBUSD","data":{"price":"0.73170000","symbol":"XRPBUSD"},"level":"info","message":"Latest price","service":"api-d27bc23-binance-XRPBUSD","timestamp":"2022-03-04T03:07:41.926Z"}
{"assetPair":"XRPBUSD","data":{"price":"0.73110000","symbol":"XRPBUSD"},"level":"info","message":"Latest price","service":"api-d27bc23-binance-XRPBUSD","timestamp":"2022-03-04T03:10:41.954Z"}
{"assetPair":"XRPBUSD","data":{"price":"0.73120000","symbol":"XRPBUSD"},"level":"info","message":"Latest price","service":"api-d27bc23-binance-XRPBUSD","timestamp":"2022-03-04T03:13:41.984Z"}
{"assetPair":"XRPBUSD","data":{"price":"0.73120000","symbol":"XRPBUSD"},"level":"info","message":"Latest price","service":"api-d27bc23-binance-XRPBUSD","timestamp":"2022-03-04T03:16:42.010Z"}
{"assetPair":"XRPBUSD","data":{"price":"0.72810000","symbol":"XRPBUSD"},"level":"info","message":"Latest price","service":"api-d27bc23-binance-XRPBUSD","timestamp":"2022-03-04T03:19:42.046Z"}
{"assetPair":"XRPBUSD","data":{"price":"0.72970000","symbol":"XRPBUSD"},"level":"info","message":"Latest price","service":"api-d27bc23-binance-XRPBUSD","timestamp":"2022-03-04T03:22:42.074Z"}
{"assetPair":"XRPBUSD","data":{"price":"0.73280000","symbol":"XRPBUSD"},"level":"info","message":"Latest price","service":"api-d27bc23-binance-XRPBUSD","timestamp":"2022-03-04T03:25:42.115Z"}
{"assetPair":"XRPBUSD","data":{"price":"0.73170000","symbol":"XRPBUSD"},"level":"info","message":"Latest price","service":"api-d27bc23-binance-XRPBUSD","timestamp":"2022-03-04T03:28:42.165Z"}
{"assetPair":"XRPBUSD","data":{"price":"0.73100000","symbol":"XRPBUSD"},"level":"info","message":"Latest price","service":"api-d27bc23-binance-XRPBUSD","timestamp":"2022-03-04T03:31:42.192Z"}
{"assetPair":"XRPBUSD","data":{"price":"0.72940000","symbol":"XRPBUSD"},"level":"info","message":"Latest price","service":"api-d27bc23-binance-XRPBUSD","timestamp":"2022-03-04T03:34:42.221Z"}
{"assetPair":"XRPBUSD","data":{"price":"0.73040000","symbol":"XRPBUSD"},"level":"info","message":"Latest price","service":"api-d27bc23-binance-XRPBUSD","timestamp":"2022-03-04T03:37:42.255Z"}
{"assetPair":"XRPBUSD","data":{"price":"0.72960000","symbol":"XRPBUSD"},"level":"info","message":"Latest price","service":"api-d27bc23-binance-XRPBUSD","timestamp":"2022-03-04T03:40:42.288Z"}
{"assetPair":"XRPBUSD","data":{"price":"0.73490000","symbol":"XRPBUSD"},"level":"info","message":"Latest price","service":"api-d27bc23-binance-XRPBUSD","timestamp":"2022-03-04T03:43:42.342Z"}
{"assetPair":"XRPBUSD","data":{"price":"0.73340000","symbol":"XRPBUSD"},"level":"info","message":"Latest price","service":"api-d27bc23-binance-XRPBUSD","timestamp":"2022-03-04T03:46:42.369Z"}
{"assetPair":"XRPBUSD","data":{"price":"0.73480000","symbol":"XRPBUSD"},"level":"info","message":"Latest price","service":"api-d27bc23-binance-XRPBUSD","timestamp":"2022-03-04T03:49:42.397Z"}
{"assetPair":"XRPBUSD","data":{"price":"0.73420000","symbol":"XRPBUSD"},"level":"info","message":"Latest price","service":"api-d27bc23-binance-XRPBUSD","timestamp":"2022-03-04T03:52:42.428Z"}
{"assetPair":"XRPBUSD","data":{"price":"0.73550000","symbol":"XRPBUSD"},"level":"info","message":"Latest price","service":"api-d27bc23-binance-XRPBUSD","timestamp":"2022-03-04T03:55:42.454Z"}
{"assetPair":"XRPBUSD","data":{"price":"0.73770000","symbol":"XRPBUSD"},"level":"info","message":"Latest price","service":"api-d27bc23-binance-XRPBUSD","timestamp":"2022-03-04T03:58:42.483Z"}
{"assetPair":"XRPBUSD","data":{"price":"0.73640000","symbol":"XRPBUSD"},"level":"info","message":"Latest price","service":"api-d27bc23-binance-XRPBUSD","timestamp":"2022-03-04T04:01:42.511Z"}
{"assetPair":"XRPBUSD","data":{"price":"0.73600000","symbol":"XRPBUSD"},"level":"info","message":"Latest price","service":"api-d27bc23-binance-XRPBUSD","timestamp":"2022-03-04T04:04:42.543Z"}
{"assetPair":"XRPBUSD","data":{"price":"0.73580000","symbol":"XRPBUSD"},"level":"info","message":"Latest price","service":"api-d27bc23-binance-XRPBUSD","timestamp":"2022-03-04T04:07:42.618Z"}
{"assetPair":"XRPBUSD","data":{"price":"0.73740000","symbol":"XRPBUSD"},"level":"info","message":"Latest price","service":"api-d27bc23-binance-XRPBUSD","timestamp":"2022-03-04T04:10:42.648Z"}
{"assetPair":"XRPBUSD","data":{"price":"0.73570000","symbol":"XRPBUSD"},"level":"info","message":"Latest price","service":"api-d27bc23-binance-XRPBUSD","timestamp":"2022-03-04T04:13:42.680Z"}
{"assetPair":"XRPBUSD","data":{"price":"0.73560000","symbol":"XRPBUSD"},"level":"info","message":"Latest price","service":"api-d27bc23-binance-XRPBUSD","timestamp":"2022-03-04T04:16:42.761Z"}
{"assetPair":"XRPBUSD","data":{"price":"0.73540000","symbol":"XRPBUSD"},"level":"info","message":"Latest price","service":"api-d27bc23-binance-XRPBUSD","timestamp":"2022-03-04T04:19:42.802Z"}
{"assetPair":"XRPBUSD","data":{"price":"0.73450000","symbol":"XRPBUSD"},"level":"info","message":"Latest price","service":"api-d27bc23-binance-XRPBUSD","timestamp":"2022-03-04T04:22:42.829Z"}
{"assetPair":"XRPBUSD","data":{"price":"0.73860000","symbol":"XRPBUSD"},"level":"info","message":"Latest price","service":"api-d27bc23-binance-XRPBUSD","timestamp":"2022-03-04T04:25:42.861Z"}
{"assetPair":"XRPBUSD","data":{"price":"0.73910000","symbol":"XRPBUSD"},"level":"info","message":"Latest price","service":"api-d27bc23-binance-XRPBUSD","timestamp":"2022-03-04T04:28:42.937Z"}
{"assetPair":"XRPBUSD","data":{"price":"0.73860000","symbol":"XRPBUSD"},"level":"info","message":"Latest price","service":"api-d27bc23-binance-XRPBUSD","timestamp":"2022-03-04T04:31:42.993Z"}
{"assetPair":"XRPBUSD","data":{"price":"0.73880000","symbol":"XRPBUSD"},"level":"info","message":"Latest price","service":"api-d27bc23-binance-XRPBUSD","timestamp":"2022-03-04T04:34:43.030Z"}
{"assetPair":"XRPBUSD","data":{"price":"0.73820000","symbol":"XRPBUSD"},"level":"info","message":"Latest price","service":"api-d27bc23-binance-XRPBUSD","timestamp":"2022-03-04T04:37:43.087Z"}
{"assetPair":"XRPBUSD","data":{"price":"0.73910000","symbol":"XRPBUSD"},"level":"info","message":"Latest price","service":"api-d27bc23-binance-XRPBUSD","timestamp":"2022-03-04T04:40:43.136Z"}
{"assetPair":"XRPBUSD","data":{"price":"0.74000000","symbol":"XRPBUSD"},"level":"info","message":"Latest price","service":"api-d27bc23-binance-XRPBUSD","timestamp":"2022-03-04T04:43:43.166Z"}
{"assetPair":"XRPBUSD","data":{"price":"0.74150000","symbol":"XRPBUSD"},"level":"info","message":"Latest price","service":"api-d27bc23-binance-XRPBUSD","timestamp":"2022-03-04T04:46:43.197Z"}
{"assetPair":"XRPBUSD","data":{"price":"0.74120000","symbol":"XRPBUSD"},"level":"info","message":"Latest price","service":"api-d27bc23-binance-XRPBUSD","timestamp":"2022-03-04T04:49:43.251Z"}
{"assetPair":"XRPBUSD","data":{"price":"0.74240000","symbol":"XRPBUSD"},"level":"info","message":"Latest price","service":"api-d27bc23-binance-XRPBUSD","timestamp":"2022-03-04T04:52:43.274Z"}
{"assetPair":"XRPBUSD","data":{"price":"0.74200000","symbol":"XRPBUSD"},"level":"info","message":"Latest price","service":"api-d27bc23-binance-XRPBUSD","timestamp":"2022-03-04T04:55:43.300Z"}
{"assetPair":"XRPBUSD","data":{"price":"0.74220000","symbol":"XRPBUSD"},"level":"info","message":"Latest price","service":"api-d27bc23-binance-XRPBUSD","timestamp":"2022-03-04T04:58:43.338Z"}
{"assetPair":"XRPBUSD","data":{"price":"0.74170000","symbol":"XRPBUSD"},"level":"info","message":"Latest price","service":"api-d27bc23-binance-XRPBUSD","timestamp":"2022-03-04T05:01:43.411Z"}
{"assetPair":"XRPBUSD","data":{"price":"0.74100000","symbol":"XRPBUSD"},"level":"info","message":"Latest price","service":"api-d27bc23-binance-XRPBUSD","timestamp":"2022-03-04T05:04:43.438Z"}
{"assetPair":"XRPBUSD","data":{"price":"0.74150000","symbol":"XRPBUSD"},"level":"info","message":"Latest price","service":"api-d27bc23-binance-XRPBUSD","timestamp":"2022-03-04T05:07:43.470Z"}
{"assetPair":"XRPBUSD","data":{"price":"0.74200000","symbol":"XRPBUSD"},"level":"info","message":"Latest price","service":"api-d27bc23-binance-XRPBUSD","timestamp":"2022-03-04T05:10:43.502Z"}
{"assetPair":"XRPBUSD","data":{"price":"0.74250000","symbol":"XRPBUSD"},"level":"info","message":"Latest price","service":"api-d27bc23-binance-XRPBUSD","timestamp":"2022-03-04T05:13:43.526Z"}
{"assetPair":"XRPBUSD","data":{"price":"0.74200000","symbol":"XRPBUSD"},"level":"info","message":"Latest price","service":"api-d27bc23-binance-XRPBUSD","timestamp":"2022-03-04T05:16:43.552Z"}
{"assetPair":"XRPBUSD","data":{"price":"0.74200000","symbol":"XRPBUSD"},"level":"info","message":"Latest price","service":"api-d27bc23-binance-XRPBUSD","timestamp":"2022-03-04T05:19:43.590Z"}
{"assetPair":"XRPBUSD","data":{"price":"0.74090000","symbol":"XRPBUSD"},"level":"info","message":"Latest price","service":"api-d27bc23-binance-XRPBUSD","timestamp":"2022-03-04T05:22:43.626Z"}
{"assetPair":"XRPBUSD","data":{"price":"0.73980000","symbol":"XRPBUSD"},"level":"info","message":"Latest price","service":"api-d27bc23-binance-XRPBUSD","timestamp":"2022-03-04T05:25:43.657Z"}
{"assetPair":"XRPBUSD","data":{"price":"0.73960000","symbol":"XRPBUSD"},"level":"info","message":"Latest price","service":"api-d27bc23-binance-XRPBUSD","timestamp":"2022-03-04T05:28:43.689Z"}
{"assetPair":"XRPBUSD","data":{"price":"0.73950000","symbol":"XRPBUSD"},"level":"info","message":"Latest price","service":"api-d27bc23-binance-XRPBUSD","timestamp":"2022-03-04T05:31:43.722Z"}
{"assetPair":"XRPBUSD","data":{"price":"0.74050000","symbol":"XRPBUSD"},"level":"info","message":"Latest price","service":"api-d27bc23-binance-XRPBUSD","timestamp":"2022-03-04T05:34:43.765Z"}
{"assetPair":"XRPBUSD","data":{"price":"0.74040000","symbol":"XRPBUSD"},"level":"info","message":"Latest price","service":"api-d27bc23-binance-XRPBUSD","timestamp":"2022-03-04T05:37:43.793Z"}
{"assetPair":"XRPBUSD","data":{"price":"0.73930000","symbol":"XRPBUSD"},"level":"info","message":"Latest price","service":"api-d27bc23-binance-XRPBUSD","timestamp":"2022-03-04T05:40:43.824Z"}
{"assetPair":"XRPBUSD","data":{"price":"0.74020000","symbol":"XRPBUSD"},"level":"info","message":"Latest price","service":"api-d27bc23-binance-XRPBUSD","timestamp":"2022-03-04T05:43:43.902Z"}
{"assetPair":"XRPBUSD","data":{"price":"0.74030000","symbol":"XRPBUSD"},"level":"info","message":"Latest price","service":"api-d27bc23-binance-XRPBUSD","timestamp":"2022-03-04T05:46:43.933Z"}
{"assetPair":"XRPBUSD","data":{"price":"0.73920000","symbol":"XRPBUSD"},"level":"info","message":"Latest price","service":"api-d27bc23-binance-XRPBUSD","timestamp":"2022-03-04T05:49:43.964Z"}
{"assetPair":"XRPBUSD","data":{"price":"0.73950000","symbol":"XRPBUSD"},"level":"info","message":"Latest price","service":"api-d27bc23-binance-XRPBUSD","timestamp":"2022-03-04T05:52:44.041Z"}
{"assetPair":"XRPBUSD","data":{"price":"0.73910000","symbol":"XRPBUSD"},"level":"info","message":"Latest price","service":"api-d27bc23-binance-XRPBUSD","timestamp":"2022-03-04T05:55:44.077Z"}
{"assetPair":"XRPBUSD","data":{"price":"0.73660000","symbol":"XRPBUSD"},"level":"info","message":"Latest price","service":"api-d27bc23-binance-XRPBUSD","timestamp":"2022-03-04T05:58:44.118Z"}
{"assetPair":"XRPBUSD","data":{"price":"0.73530000","symbol":"XRPBUSD"},"level":"info","message":"Latest price","service":"api-d27bc23-binance-XRPBUSD","timestamp":"2022-03-04T06:01:44.144Z"}
{"assetPair":"XRPBUSD","data":{"price":"0.73570000","symbol":"XRPBUSD"},"level":"info","message":"Latest price","service":"api-d27bc23-binance-XRPBUSD","timestamp":"2022-03-04T06:04:44.203Z"}
{"assetPair":"XRPBUSD","data":{"price":"0.73980000","symbol":"XRPBUSD"},"level":"info","message":"Latest price","service":"api-d27bc23-binance-XRPBUSD","timestamp":"2022-03-04T06:07:44.230Z"}
{"assetPair":"XRPBUSD","data":{"price":"0.74010000","symbol":"XRPBUSD"},"level":"info","message":"Latest price","service":"api-d27bc23-binance-XRPBUSD","timestamp":"2022-03-04T06:10:44.260Z"}
{"assetPair":"XRPBUSD","data":{"price":"0.73990000","symbol":"XRPBUSD"},"level":"info","message":"Latest price","service":"api-d27bc23-binance-XRPBUSD","timestamp":"2022-03-04T06:13:44.306Z"}
{"assetPair":"XRPBUSD","data":{"price":"0.73880000","symbol":"XRPBUSD"},"level":"info","message":"Latest price","service":"api-d27bc23-binance-XRPBUSD","timestamp":"2022-03-04T06:16:44.337Z"}
{"assetPair":"XRPBUSD","data":{"price":"0.73930000","symbol":"XRPBUSD"},"level":"info","message":"Latest price","service":"api-d27bc23-binance-XRPBUSD","timestamp":"2022-03-04T06:19:44.370Z"}
{"assetPair":"XRPBUSD","data":{"price":"0.73890000","symbol":"XRPBUSD"},"level":"info","message":"Latest price","service":"api-d27bc23-binance-XRPBUSD","timestamp":"2022-03-04T06:22:44.395Z"}
{"assetPair":"XRPBUSD","data":{"price":"0.73940000","symbol":"XRPBUSD"},"level":"info","message":"Latest price","service":"api-d27bc23-binance-XRPBUSD","timestamp":"2022-03-04T06:25:44.426Z"}
{"assetPair":"XRPBUSD","data":{"price":"0.73940000","symbol":"XRPBUSD"},"level":"info","message":"Latest price","service":"api-d27bc23-binance-XRPBUSD","timestamp":"2022-03-04T06:28:44.460Z"}
{"assetPair":"XRPBUSD","data":{"price":"0.73840000","symbol":"XRPBUSD"},"level":"info","message":"Latest price","service":"api-d27bc23-binance-XRPBUSD","timestamp":"2022-03-04T06:31:44.535Z"}
{"assetPair":"XRPBUSD","data":{"price":"0.73790000","symbol":"XRPBUSD"},"level":"info","message":"Latest price","service":"api-d27bc23-binance-XRPBUSD","timestamp":"2022-03-04T06:34:44.592Z"}
{"assetPair":"XRPBUSD","data":{"price":"0.73730000","symbol":"XRPBUSD"},"level":"info","message":"Latest price","service":"api-d27bc23-binance-XRPBUSD","timestamp":"2022-03-04T06:37:44.644Z"}
{"assetPair":"XRPBUSD","data":{"price":"0.73700000","symbol":"XRPBUSD"},"level":"info","message":"Latest price","service":"api-d27bc23-binance-XRPBUSD","timestamp":"2022-03-04T06:40:44.671Z"}
{"assetPair":"XRPBUSD","data":{"price":"0.73690000","symbol":"XRPBUSD"},"level":"info","message":"Latest price","service":"api-d27bc23-binance-XRPBUSD","timestamp":"2022-03-04T06:43:44.701Z"}
{"assetPair":"XRPBUSD","data":{"price":"0.73620000","symbol":"XRPBUSD"},"level":"info","message":"Latest price","service":"api-d27bc23-binance-XRPBUSD","timestamp":"2022-03-04T06:46:44.731Z"}
{"assetPair":"XRPBUSD","data":{"price":"0.73770000","symbol":"XRPBUSD"},"level":"info","message":"Latest price","service":"api-d27bc23-binance-XRPBUSD","timestamp":"2022-03-04T06:49:44.760Z"}
{"assetPair":"XRPBUSD","data":{"price":"0.73870000","symbol":"XRPBUSD"},"level":"info","message":"Latest price","service":"api-d27bc23-binance-XRPBUSD","timestamp":"2022-03-04T06:52:44.800Z"}
{"assetPair":"XRPBUSD","data":{"price":"0.73850000","symbol":"XRPBUSD"},"level":"info","message":"Latest price","service":"api-d27bc23-binance-XRPBUSD","timestamp":"2022-03-04T06:55:44.831Z"}
{"assetPair":"XRPBUSD","data":{"price":"0.73820000","symbol":"XRPBUSD"},"level":"info","message":"Latest price","service":"api-d27bc23-binance-XRPBUSD","timestamp":"2022-03-04T06:58:44.860Z"}
{"assetPair":"XRPBUSD","data":{"price":"0.73820000","symbol":"XRPBUSD"},"level":"info","message":"Latest price","service":"api-d27bc23-binance-XRPBUSD","timestamp":"2022-03-04T07:01:44.889Z"}
{"assetPair":"XRPBUSD","data":{"price":"0.73810000","symbol":"XRPBUSD"},"level":"info","message":"Latest price","service":"api-d27bc23-binance-XRPBUSD","timestamp":"2022-03-04T07:04:44.927Z"}
{"assetPair":"XRPBUSD","data":{"price":"0.73810000","symbol":"XRPBUSD"},"level":"info","message":"Latest price","service":"api-d27bc23-binance-XRPBUSD","timestamp":"2022-03-04T07:07:44.958Z"}
{"assetPair":"XRPBUSD","data":{"price":"0.73960000","symbol":"XRPBUSD"},"level":"info","message":"Latest price","service":"api-d27bc23-binance-XRPBUSD","timestamp":"2022-03-04T07:10:44.999Z"}
{"assetPair":"XRPBUSD","data":{"price":"0.73740000","symbol":"XRPBUSD"},"level":"info","message":"Latest price","service":"api-d27bc23-binance-XRPBUSD","timestamp":"2022-03-04T07:13:45.074Z"}
{"assetPair":"XRPBUSD","data":{"price":"0.73910000","symbol":"XRPBUSD"},"level":"info","message":"Latest price","service":"api-d27bc23-binance-XRPBUSD","timestamp":"2022-03-04T07:16:45.104Z"}
{"assetPair":"XRPBUSD","data":{"price":"0.73730000","symbol":"XRPBUSD"},"level":"info","message":"Latest price","service":"api-d27bc23-binance-XRPBUSD","timestamp":"2022-03-04T07:19:45.154Z"}
{"assetPair":"XRPBUSD","data":{"price":"0.73750000","symbol":"XRPBUSD"},"level":"info","message":"Latest price","service":"api-d27bc23-binance-XRPBUSD","timestamp":"2022-03-04T07:22:45.183Z"}
{"assetPair":"XRPBUSD","data":{"price":"0.73810000","symbol":"XRPBUSD"},"level":"info","message":"Latest price","service":"api-d27bc23-binance-XRPBUSD","timestamp":"2022-03-04T07:25:45.211Z"}
{"assetPair":"XRPBUSD","data":{"price":"0.73720000","symbol":"XRPBUSD"},"level":"info","message":"Latest price","service":"api-d27bc23-binance-XRPBUSD","timestamp":"2022-03-04T07:28:45.244Z"}
{"assetPair":"XRPBUSD","data":{"price":"0.73750000","symbol":"XRPBUSD"},"level":"info","message":"Latest price","service":"api-d27bc23-binance-XRPBUSD","timestamp":"2022-03-04T07:31:45.298Z"}
{"assetPair":"XRPBUSD","data":{"price":"0.73730000","symbol":"XRPBUSD"},"level":"info","message":"Latest price","service":"api-d27bc23-binance-XRPBUSD","timestamp":"2022-03-04T07:34:45.324Z"}
{"assetPair":"XRPBUSD","data":{"price":"0.73730000","symbol":"XRPBUSD"},"level":"info","message":"Latest price","service":"api-d27bc23-binance-XRPBUSD","timestamp":"2022-03-04T07:37:45.357Z"}
{"assetPair":"XRPBUSD","data":{"price":"0.73660000","symbol":"XRPBUSD"},"level":"info","message":"Latest price","service":"api-d27bc23-binance-XRPBUSD","timestamp":"2022-03-04T07:40:45.395Z"}
{"assetPair":"XRPBUSD","data":{"price":"0.73630000","symbol":"XRPBUSD"},"level":"info","message":"Latest price","service":"api-d27bc23-binance-XRPBUSD","timestamp":"2022-03-04T07:43:45.423Z"}
{"assetPair":"XRPBUSD","data":{"price":"0.73650000","symbol":"XRPBUSD"},"level":"info","message":"Latest price","service":"api-d27bc23-binance-XRPBUSD","timestamp":"2022-03-04T07:46:45.455Z"}
{"assetPair":"XRPBUSD","data":{"price":"0.73650000","symbol":"XRPBUSD"},"level":"info","message":"Latest price","service":"api-d27bc23-binance-XRPBUSD","timestamp":"2022-03-04T07:49:45.481Z"}
{"assetPair":"XRPBUSD","data":{"price":"0.73700000","symbol":"XRPBUSD"},"level":"info","message":"Latest price","service":"api-d27bc23-binance-XRPBUSD","timestamp":"2022-03-04T07:52:45.511Z"}
{"assetPair":"XRPBUSD","data":{"price":"0.73700000","symbol":"XRPBUSD"},"level":"info","message":"Latest price","service":"api-d27bc23-binance-XRPBUSD","timestamp":"2022-03-04T07:55:45.543Z"}
{"assetPair":"XRPBUSD","data":{"price":"0.73780000","symbol":"XRPBUSD"},"level":"info","message":"Latest price","service":"api-d27bc23-binance-XRPBUSD","timestamp":"2022-03-04T07:58:45.580Z"}
{"assetPair":"XRPBUSD","data":{"price":"0.73820000","symbol":"XRPBUSD"},"level":"info","message":"Latest price","service":"api-d27bc23-binance-XRPBUSD","timestamp":"2022-03-04T08:01:45.606Z"}
{"assetPair":"XRPBUSD","data":{"price":"0.73810000","symbol":"XRPBUSD"},"level":"info","message":"Latest price","service":"api-d27bc23-binance-XRPBUSD","timestamp":"2022-03-04T08:04:45.664Z"}
{"assetPair":"XRPBUSD","data":{"price":"0.73860000","symbol":"XRPBUSD"},"level":"info","message":"Latest price","service":"api-d27bc23-binance-XRPBUSD","timestamp":"2022-03-04T08:07:45.698Z"}
{"assetPair":"XRPBUSD","data":{"price":"0.74150000","symbol":"XRPBUSD"},"level":"info","message":"Latest price","service":"api-d27bc23-binance-XRPBUSD","timestamp":"2022-03-04T08:10:45.736Z"}
{"assetPair":"XRPBUSD","data":{"price":"0.74160000","symbol":"XRPBUSD"},"level":"info","message":"Latest price","service":"api-d27bc23-binance-XRPBUSD","timestamp":"2022-03-04T08:13:45.800Z"}
{"assetPair":"XRPBUSD","data":{"price":"0.74000000","symbol":"XRPBUSD"},"level":"info","message":"Latest price","service":"api-d27bc23-binance-XRPBUSD","timestamp":"2022-03-04T08:16:45.857Z"}
{"assetPair":"XRPBUSD","data":{"price":"0.73960000","symbol":"XRPBUSD"},"level":"info","message":"Latest price","service":"api-d27bc23-binance-XRPBUSD","timestamp":"2022-03-04T08:19:45.885Z"}
{"assetPair":"XRPBUSD","data":{"price":"0.73880000","symbol":"XRPBUSD"},"level":"info","message":"Latest price","service":"api-d27bc23-binance-XRPBUSD","timestamp":"2022-03-04T08:22:45.917Z"}
{"assetPair":"XRPBUSD","data":{"price":"0.73800000","symbol":"XRPBUSD"},"level":"info","message":"Latest price","service":"api-d27bc23-binance-XRPBUSD","timestamp":"2022-03-04T08:25:45.951Z"}
{"assetPair":"XRPBUSD","data":{"price":"0.73400000","symbol":"XRPBUSD"},"level":"info","message":"Latest price","service":"api-d27bc23-binance-XRPBUSD","timestamp":"2022-03-04T08:28:45.979Z"}
{"assetPair":"XRPBUSD","data":{"price":"0.72680000","symbol":"XRPBUSD"},"level":"info","message":"Latest price","service":"api-d27bc23-binance-XRPBUSD","timestamp":"2022-03-04T08:31:46.009Z"}
{"assetPair":"XRPBUSD","data":{"price":"0.72800000","symbol":"XRPBUSD"},"level":"info","message":"Latest price","service":"api-d27bc23-binance-XRPBUSD","timestamp":"2022-03-04T08:34:46.036Z"}
{"assetPair":"XRPBUSD","data":{"price":"0.73070000","symbol":"XRPBUSD"},"level":"info","message":"Latest price","service":"api-d27bc23-binance-XRPBUSD","timestamp":"2022-03-04T08:37:46.093Z"}
{"assetPair":"XRPBUSD","data":{"price":"0.73310000","symbol":"XRPBUSD"},"level":"info","message":"Latest price","service":"api-d27bc23-binance-XRPBUSD","timestamp":"2022-03-04T08:40:46.124Z"}
{"assetPair":"XRPBUSD","data":{"price":"0.73390000","symbol":"XRPBUSD"},"level":"info","message":"Latest price","service":"api-d27bc23-binance-XRPBUSD","timestamp":"2022-03-04T08:43:46.195Z"}
{"assetPair":"XRPBUSD","data":{"price":"0.73540000","symbol":"XRPBUSD"},"level":"info","message":"Latest price","service":"api-d27bc23-binance-XRPBUSD","timestamp":"2022-03-04T08:46:46.225Z"}
{"assetPair":"XRPBUSD","data":{"price":"0.73590000","symbol":"XRPBUSD"},"level":"info","message":"Latest price","service":"api-d27bc23-binance-XRPBUSD","timestamp":"2022-03-04T08:49:46.257Z"}
{"assetPair":"XRPBUSD","data":{"price":"0.73380000","symbol":"XRPBUSD"},"level":"info","message":"Latest price","service":"api-d27bc23-binance-XRPBUSD","timestamp":"2022-03-04T08:52:46.286Z"}
{"assetPair":"XRPBUSD","data":{"price":"0.73470000","symbol":"XRPBUSD"},"level":"info","message":"Latest price","service":"api-d27bc23-binance-XRPBUSD","timestamp":"2022-03-04T08:55:46.314Z"}
{"assetPair":"XRPBUSD","data":{"price":"0.73590000","symbol":"XRPBUSD"},"level":"info","message":"Latest price","service":"api-d27bc23-binance-XRPBUSD","timestamp":"2022-03-04T08:58:46.365Z"}
{"assetPair":"XRPBUSD","data":{"price":"0.73730000","symbol":"XRPBUSD"},"level":"info","message":"Latest price","service":"api-d27bc23-binance-XRPBUSD","timestamp":"2022-03-04T09:01:46.432Z"}
{"assetPair":"XRPBUSD","data":{"price":"0.73830000","symbol":"XRPBUSD"},"level":"info","message":"Latest price","service":"api-d27bc23-binance-XRPBUSD","timestamp":"2022-03-04T09:04:46.458Z"}
{"assetPair":"XRPBUSD","data":{"price":"0.73750000","symbol":"XRPBUSD"},"level":"info","message":"Latest price","service":"api-d27bc23-binance-XRPBUSD","timestamp":"2022-03-04T09:07:46.491Z"}
{"assetPair":"XRPBUSD","data":{"price":"0.73640000","symbol":"XRPBUSD"},"level":"info","message":"Latest price","service":"api-d27bc23-binance-XRPBUSD","timestamp":"2022-03-04T09:10:46.527Z"}
{"assetPair":"XRPBUSD","data":{"price":"0.73620000","symbol":"XRPBUSD"},"level":"info","message":"Latest price","service":"api-d27bc23-binance-XRPBUSD","timestamp":"2022-03-04T09:13:46.562Z"}
{"assetPair":"XRPBUSD","data":{"price":"0.73400000","symbol":"XRPBUSD"},"level":"info","message":"Latest price","service":"api-d27bc23-binance-XRPBUSD","timestamp":"2022-03-04T09:16:46.603Z"}
{"assetPair":"XRPBUSD","data":{"price":"0.73430000","symbol":"XRPBUSD"},"level":"info","message":"Latest price","service":"api-d27bc23-binance-XRPBUSD","timestamp":"2022-03-04T09:19:46.636Z"}
{"assetPair":"XRPBUSD","data":{"price":"0.73710000","symbol":"XRPBUSD"},"level":"info","message":"Latest price","service":"api-d27bc23-binance-XRPBUSD","timestamp":"2022-03-04T09:22:46.663Z"}
{"assetPair":"XRPBUSD","data":{"price":"0.73850000","symbol":"XRPBUSD"},"level":"info","message":"Latest price","service":"api-d27bc23-binance-XRPBUSD","timestamp":"2022-03-04T09:25:46.718Z"}
{"assetPair":"XRPBUSD","data":{"price":"0.73890000","symbol":"XRPBUSD"},"level":"info","message":"Latest price","service":"api-d27bc23-binance-XRPBUSD","timestamp":"2022-03-04T09:28:46.752Z"}
{"assetPair":"XRPBUSD","data":{"price":"0.73900000","symbol":"XRPBUSD"},"level":"info","message":"Latest price","service":"api-d27bc23-binance-XRPBUSD","timestamp":"2022-03-04T09:31:46.802Z"}
{"assetPair":"XRPBUSD","data":{"price":"0.73800000","symbol":"XRPBUSD"},"level":"info","message":"Latest price","service":"api-d27bc23-binance-XRPBUSD","timestamp":"2022-03-04T09:34:46.841Z"}
{"assetPair":"XRPBUSD","data":{"price":"0.73920000","symbol":"XRPBUSD"},"level":"info","message":"Latest price","service":"api-d27bc23-binance-XRPBUSD","timestamp":"2022-03-04T09:37:46.894Z"}
{"assetPair":"XRPBUSD","data":{"price":"0.73820000","symbol":"XRPBUSD"},"level":"info","message":"Latest price","service":"api-d27bc23-binance-XRPBUSD","timestamp":"2022-03-04T09:40:46.947Z"}
{"assetPair":"XRPBUSD","data":{"price":"0.73870000","symbol":"XRPBUSD"},"level":"info","message":"Latest price","service":"api-d27bc23-binance-XRPBUSD","timestamp":"2022-03-04T09:43:47.021Z"}
{"assetPair":"XRPBUSD","data":{"price":"0.73860000","symbol":"XRPBUSD"},"level":"info","message":"Latest price","service":"api-d27bc23-binance-XRPBUSD","timestamp":"2022-03-04T09:46:47.097Z"}
{"assetPair":"XRPBUSD","data":{"price":"0.73780000","symbol":"XRPBUSD"},"level":"info","message":"Latest price","service":"api-d27bc23-binance-XRPBUSD","timestamp":"2022-03-04T09:49:47.156Z"}
{"assetPair":"XRPBUSD","data":{"price":"0.73860000","symbol":"XRPBUSD"},"level":"info","message":"Latest price","service":"api-d27bc23-binance-XRPBUSD","timestamp":"2022-03-04T09:52:47.230Z"}
{"assetPair":"XRPBUSD","data":{"price":"0.73800000","symbol":"XRPBUSD"},"level":"info","message":"Latest price","service":"api-d27bc23-binance-XRPBUSD","timestamp":"2022-03-04T09:55:47.266Z"}
{"assetPair":"XRPBUSD","data":{"price":"0.73740000","symbol":"XRPBUSD"},"level":"info","message":"Latest price","service":"api-d27bc23-binance-XRPBUSD","timestamp":"2022-03-04T09:58:47.291Z"}
{"assetPair":"XRPBUSD","data":{"price":"0.73810000","symbol":"XRPBUSD"},"level":"info","message":"Latest price","service":"api-d27bc23-binance-XRPBUSD","timestamp":"2022-03-04T10:01:47.321Z"}
{"assetPair":"XRPBUSD","data":{"price":"0.73870000","symbol":"XRPBUSD"},"level":"info","message":"Latest price","service":"api-d27bc23-binance-XRPBUSD","timestamp":"2022-03-04T10:04:47.357Z"}
{"assetPair":"XRPBUSD","data":{"price":"0.73950000","symbol":"XRPBUSD"},"level":"info","message":"Latest price","service":"api-d27bc23-binance-XRPBUSD","timestamp":"2022-03-04T10:07:47.395Z"}
{"assetPair":"XRPBUSD","data":{"price":"0.73850000","symbol":"XRPBUSD"},"level":"info","message":"Latest price","service":"api-d27bc23-binance-XRPBUSD","timestamp":"2022-03-04T10:10:47.428Z"}
{"assetPair":"XRPBUSD","data":{"price":"0.74040000","symbol":"XRPBUSD"},"level":"info","message":"Latest price","service":"api-d27bc23-binance-XRPBUSD","timestamp":"2022-03-04T10:13:47.480Z"}
{"assetPair":"XRPBUSD","data":{"price":"0.74020000","symbol":"XRPBUSD"},"level":"info","message":"Latest price","service":"api-d27bc23-binance-XRPBUSD","timestamp":"2022-03-04T10:16:47.518Z"}
{"assetPair":"XRPBUSD","data":{"price":"0.74040000","symbol":"XRPBUSD"},"level":"info","message":"Latest price","service":"api-d27bc23-binance-XRPBUSD","timestamp":"2022-03-04T10:19:47.556Z"}
{"assetPair":"XRPBUSD","data":{"price":"0.74090000","symbol":"XRPBUSD"},"level":"info","message":"Latest price","service":"api-d27bc23-binance-XRPBUSD","timestamp":"2022-03-04T10:22:47.583Z"}
{"assetPair":"XRPBUSD","data":{"price":"0.74090000","symbol":"XRPBUSD"},"level":"info","message":"Latest price","service":"api-d27bc23-binance-XRPBUSD","timestamp":"2022-03-04T10:25:47.611Z"}
{"assetPair":"XRPBUSD","data":{"price":"0.74100000","symbol":"XRPBUSD"},"level":"info","message":"Latest price","service":"api-d27bc23-binance-XRPBUSD","timestamp":"2022-03-04T10:28:47.645Z"}
{"assetPair":"XRPBUSD","data":{"price":"0.74100000","symbol":"XRPBUSD"},"level":"info","message":"Latest price","service":"api-d27bc23-binance-XRPBUSD","timestamp":"2022-03-04T10:31:47.684Z"}
{"assetPair":"XRPBUSD","data":{"price":"0.74140000","symbol":"XRPBUSD"},"level":"info","message":"Latest price","service":"api-d27bc23-binance-XRPBUSD","timestamp":"2022-03-04T10:34:47.717Z"}
{"assetPair":"XRPBUSD","data":{"price":"0.74230000","symbol":"XRPBUSD"},"level":"info","message":"Latest price","service":"api-d27bc23-binance-XRPBUSD","timestamp":"2022-03-04T10:37:47.745Z"}
{"assetPair":"XRPBUSD","data":{"price":"0.74180000","symbol":"XRPBUSD"},"level":"info","message":"Latest price","service":"api-d27bc23-binance-XRPBUSD","timestamp":"2022-03-04T10:40:47.780Z"}
{"assetPair":"XRPBUSD","data":{"price":"0.74230000","symbol":"XRPBUSD"},"level":"info","message":"Latest price","service":"api-d27bc23-binance-XRPBUSD","timestamp":"2022-03-04T10:43:47.809Z"}
{"assetPair":"XRPBUSD","data":{"price":"0.74070000","symbol":"XRPBUSD"},"level":"info","message":"Latest price","service":"api-d27bc23-binance-XRPBUSD","timestamp":"2022-03-04T10:46:47.863Z"}
{"assetPair":"XRPBUSD","data":{"price":"0.73990000","symbol":"XRPBUSD"},"level":"info","message":"Latest price","service":"api-d27bc23-binance-XRPBUSD","timestamp":"2022-03-04T10:49:47.894Z"}
{"assetPair":"XRPBUSD","data":{"price":"0.74380000","symbol":"XRPBUSD"},"level":"info","message":"Latest price","service":"api-d27bc23-binance-XRPBUSD","timestamp":"2022-03-04T10:52:47.925Z"}
{"assetPair":"XRPBUSD","data":{"price":"0.74170000","symbol":"XRPBUSD"},"level":"info","message":"Latest price","service":"api-d27bc23-binance-XRPBUSD","timestamp":"2022-03-04T10:55:47.948Z"}
{"assetPair":"XRPBUSD","data":{"price":"0.74120000","symbol":"XRPBUSD"},"level":"info","message":"Latest price","service":"api-d27bc23-binance-XRPBUSD","timestamp":"2022-03-04T10:58:47.971Z"}
{"assetPair":"XRPBUSD","data":{"price":"0.74080000","symbol":"XRPBUSD"},"level":"info","message":"Latest price","service":"api-d27bc23-binance-XRPBUSD","timestamp":"2022-03-04T11:01:47.999Z"}
{"assetPair":"XRPBUSD","data":{"price":"0.74220000","symbol":"XRPBUSD"},"level":"info","message":"Latest price","service":"api-d27bc23-binance-XRPBUSD","timestamp":"2022-03-04T11:04:48.035Z"}
{"assetPair":"XRPBUSD","data":{"price":"0.74300000","symbol":"XRPBUSD"},"level":"info","message":"Latest price","service":"api-d27bc23-binance-XRPBUSD","timestamp":"2022-03-04T11:07:48.062Z"}
{"assetPair":"XRPBUSD","data":{"price":"0.74270000","symbol":"XRPBUSD"},"level":"info","message":"Latest price","service":"api-d27bc23-binance-XRPBUSD","timestamp":"2022-03-04T11:10:48.094Z"}
{"assetPair":"XRPBUSD","data":{"price":"0.74270000","symbol":"XRPBUSD"},"level":"info","message":"Latest price","service":"api-d27bc23-binance-XRPBUSD","timestamp":"2022-03-04T11:13:48.126Z"}
{"assetPair":"XRPBUSD","data":{"price":"0.74250000","symbol":"XRPBUSD"},"level":"info","message":"Latest price","service":"api-d27bc23-binance-XRPBUSD","timestamp":"2022-03-04T11:16:48.156Z"}
{"assetPair":"XRPBUSD","data":{"price":"0.74260000","symbol":"XRPBUSD"},"level":"info","message":"Latest price","service":"api-d27bc23-binance-XRPBUSD","timestamp":"2022-03-04T11:19:48.209Z"}
{"assetPair":"XRPBUSD","data":{"price":"0.74290000","symbol":"XRPBUSD"},"level":"info","message":"Latest price","service":"api-d27bc23-binance-XRPBUSD","timestamp":"2022-03-04T11:22:48.284Z"}
{"assetPair":"XRPBUSD","data":{"price":"0.74510000","symbol":"XRPBUSD"},"level":"info","message":"Latest price","service":"api-d27bc23-binance-XRPBUSD","timestamp":"2022-03-04T11:25:48.315Z"}
{"assetPair":"XRPBUSD","data":{"price":"0.74360000","symbol":"XRPBUSD"},"level":"info","message":"Latest price","service":"api-d27bc23-binance-XRPBUSD","timestamp":"2022-03-04T11:28:48.371Z"}
{"assetPair":"XRPBUSD","data":{"price":"0.74480000","symbol":"XRPBUSD"},"level":"info","message":"Latest price","service":"api-d27bc23-binance-XRPBUSD","timestamp":"2022-03-04T11:31:48.403Z"}
{"assetPair":"XRPBUSD","data":{"price":"0.74430000","symbol":"XRPBUSD"},"level":"info","message":"Latest price","service":"api-d27bc23-binance-XRPBUSD","timestamp":"2022-03-04T11:34:48.432Z"}
{"assetPair":"XRPBUSD","data":{"price":"0.74380000","symbol":"XRPBUSD"},"level":"info","message":"Latest price","service":"api-d27bc23-binance-XRPBUSD","timestamp":"2022-03-04T11:37:48.457Z"}
{"assetPair":"XRPBUSD","data":{"price":"0.74320000","symbol":"XRPBUSD"},"level":"info","message":"Latest price","service":"api-d27bc23-binance-XRPBUSD","timestamp":"2022-03-04T11:40:48.494Z"}
{"assetPair":"XRPBUSD","data":{"price":"0.74390000","symbol":"XRPBUSD"},"level":"info","message":"Latest price","service":"api-d27bc23-binance-XRPBUSD","timestamp":"2022-03-04T11:43:48.522Z"}
{"assetPair":"XRPBUSD","data":{"price":"0.74270000","symbol":"XRPBUSD"},"level":"info","message":"Latest price","service":"api-d27bc23-binance-XRPBUSD","timestamp":"2022-03-04T11:46:48.553Z"}
{"assetPair":"XRPBUSD","data":{"price":"0.74450000","symbol":"XRPBUSD"},"level":"info","message":"Latest price","service":"api-d27bc23-binance-XRPBUSD","timestamp":"2022-03-04T11:49:48.583Z"}
{"assetPair":"XRPBUSD","data":{"price":"0.74440000","symbol":"XRPBUSD"},"level":"info","message":"Latest price","service":"api-d27bc23-binance-XRPBUSD","timestamp":"2022-03-04T11:52:48.664Z"}
{"assetPair":"XRPBUSD","data":{"price":"0.74490000","symbol":"XRPBUSD"},"level":"info","message":"Latest price","service":"api-d27bc23-binance-XRPBUSD","timestamp":"2022-03-04T11:55:48.694Z"}
{"assetPair":"XRPBUSD","data":{"price":"0.74150000","symbol":"XRPBUSD"},"level":"info","message":"Latest price","service":"api-d27bc23-binance-XRPBUSD","timestamp":"2022-03-04T11:58:48.722Z"}
{"assetPair":"XRPBUSD","data":{"price":"0.74240000","symbol":"XRPBUSD"},"level":"info","message":"Latest price","service":"api-d27bc23-binance-XRPBUSD","timestamp":"2022-03-04T12:01:48.753Z"}
{"assetPair":"XRPBUSD","data":{"price":"0.74270000","symbol":"XRPBUSD"},"level":"info","message":"Latest price","service":"api-d27bc23-binance-XRPBUSD","timestamp":"2022-03-04T12:04:48.808Z"}
{"assetPair":"XRPBUSD","data":{"price":"0.74140000","symbol":"XRPBUSD"},"level":"info","message":"Latest price","service":"api-d27bc23-binance-XRPBUSD","timestamp":"2022-03-04T12:07:48.844Z"}
{"assetPair":"XRPBUSD","data":{"price":"0.73980000","symbol":"XRPBUSD"},"level":"info","message":"Latest price","service":"api-d27bc23-binance-XRPBUSD","timestamp":"2022-03-04T12:10:48.876Z"}
{"assetPair":"XRPBUSD","data":{"price":"0.73960000","symbol":"XRPBUSD"},"level":"info","message":"Latest price","service":"api-d27bc23-binance-XRPBUSD","timestamp":"2022-03-04T12:13:48.927Z"}
{"assetPair":"XRPBUSD","data":{"price":"0.73980000","symbol":"XRPBUSD"},"level":"info","message":"Latest price","service":"api-d27bc23-binance-XRPBUSD","timestamp":"2022-03-04T12:16:48.954Z"}
{"assetPair":"XRPBUSD","data":{"price":"0.74020000","symbol":"XRPBUSD"},"level":"info","message":"Latest price","service":"api-d27bc23-binance-XRPBUSD","timestamp":"2022-03-04T12:19:48.987Z"}
{"assetPair":"XRPBUSD","data":{"price":"0.73910000","symbol":"XRPBUSD"},"level":"info","message":"Latest price","service":"api-d27bc23-binance-XRPBUSD","timestamp":"2022-03-04T12:22:49.019Z"}
{"assetPair":"XRPBUSD","data":{"price":"0.73770000","symbol":"XRPBUSD"},"level":"info","message":"Latest price","service":"api-d27bc23-binance-XRPBUSD","timestamp":"2022-03-04T12:25:49.053Z"}
{"assetPair":"XRPBUSD","data":{"price":"0.73730000","symbol":"XRPBUSD"},"level":"info","message":"Latest price","service":"api-d27bc23-binance-XRPBUSD","timestamp":"2022-03-04T12:28:49.076Z"}
{"assetPair":"XRPBUSD","data":{"price":"0.73790000","symbol":"XRPBUSD"},"level":"info","message":"Latest price","service":"api-d27bc23-binance-XRPBUSD","timestamp":"2022-03-04T12:31:49.126Z"}
{"assetPair":"XRPBUSD","data":{"price":"0.73780000","symbol":"XRPBUSD"},"level":"info","message":"Latest price","service":"api-d27bc23-binance-XRPBUSD","timestamp":"2022-03-04T12:34:49.159Z"}
{"assetPair":"XRPBUSD","data":{"price":"0.73990000","symbol":"XRPBUSD"},"level":"info","message":"Latest price","service":"api-d27bc23-binance-XRPBUSD","timestamp":"2022-03-04T12:37:49.195Z"}
{"assetPair":"XRPBUSD","data":{"price":"0.74240000","symbol":"XRPBUSD"},"level":"info","message":"Latest price","service":"api-d27bc23-binance-XRPBUSD","timestamp":"2022-03-04T12:40:49.288Z"}
{"assetPair":"XRPBUSD","data":{"price":"0.74090000","symbol":"XRPBUSD"},"level":"info","message":"Latest price","service":"api-d27bc23-binance-XRPBUSD","timestamp":"2022-03-04T12:43:49.319Z"}
{"assetPair":"XRPBUSD","data":{"price":"0.74180000","symbol":"XRPBUSD"},"level":"info","message":"Latest price","service":"api-d27bc23-binance-XRPBUSD","timestamp":"2022-03-04T12:46:49.347Z"}
{"assetPair":"XRPBUSD","data":{"price":"0.73860000","symbol":"XRPBUSD"},"level":"info","message":"Latest price","service":"api-d27bc23-binance-XRPBUSD","timestamp":"2022-03-04T12:49:49.384Z"}
{"assetPair":"XRPBUSD","data":{"price":"0.73780000","symbol":"XRPBUSD"},"level":"info","message":"Latest price","service":"api-d27bc23-binance-XRPBUSD","timestamp":"2022-03-04T12:52:49.457Z"}
{"assetPair":"XRPBUSD","data":{"price":"0.73890000","symbol":"XRPBUSD"},"level":"info","message":"Latest price","service":"api-d27bc23-binance-XRPBUSD","timestamp":"2022-03-04T12:55:49.534Z"}
{"assetPair":"XRPBUSD","data":{"price":"0.73710000","symbol":"XRPBUSD"},"level":"info","message":"Latest price","service":"api-d27bc23-binance-XRPBUSD","timestamp":"2022-03-04T12:58:49.584Z"}
