{"assetPair":"XRPBUSD","data":{"price":"0.81750000","symbol":"XRPBUSD"},"level":"info","message":"Latest price","service":"api-c4eeb68-binance-XRPBUSD","timestamp":"2022-02-19T15:01:22.200Z"}
{"assetPair":"XRPBUSD","data":{"price":"0.81750000","symbol":"XRPBUSD"},"level":"info","message":"Latest price","service":"api-c4eeb68-binance-XRPBUSD","timestamp":"2022-02-19T15:04:22.330Z"}
{"assetPair":"XRPBUSD","data":{"price":"0.83570000","symbol":"XRPBUSD"},"level":"info","message":"Latest price","service":"api-c4eeb68-binance-XRPBUSD","timestamp":"2022-02-19T15:42:09.231Z"}
{"assetPair":"XRPBUSD","data":{"price":"0.83430000","symbol":"XRPBUSD"},"level":"info","message":"Latest price","service":"api-c4eeb68-binance-XRPBUSD","timestamp":"2022-02-19T15:45:09.419Z"}
{"assetPair":"XRPBUSD","data":{"price":"0.83250000","symbol":"XRPBUSD"},"level":"info","message":"Latest price","service":"api-c4eeb68-binance-XRPBUSD","timestamp":"2022-02-19T16:00:14.132Z"}
{"assetPair":"XRPBUSD","data":{"price":"0.82870000","symbol":"XRPBUSD"},"level":"info","message":"Latest price","service":"api-c4eeb68-binance-XRPBUSD","timestamp":"2022-02-19T16:03:14.299Z"}
{"assetPair":"XRPBUSD","data":{"price":"0.83680000","symbol":"XRPBUSD"},"level":"info","message":"Latest price","service":"api-c4eeb68-binance-XRPBUSD","timestamp":"2022-02-19T16:06:14.428Z"}
{"assetPair":"XRPBUSD","data":{"price":"0.84490000","symbol":"XRPBUSD"},"level":"info","message":"Latest price","service":"api-c4eeb68-binance-XRPBUSD","timestamp":"2022-02-19T16:09:14.604Z"}
{"balance":{"asset":"BUSD","free":"57.51814594","locked":"0.00000000"},"level":"info","message":"Binance balance","service":"api-c4eeb68-binance-XRPBUSD","timestamp":"2022-02-19T16:09:14.636Z"}
{"buyAsset":"XRP","correctedPrice":"0.8449","correctedQty":"29","level":"info","message":"Initiating BUY","price":"0.8449","quantity":"29.29340750384660906616","service":"api-c4eeb68-binance-XRPBUSD","timestamp":"2022-02-19T16:09:14.655Z","withAsset":"BUSD"}
{"data":{"clientOrderId":"ufWlWtzRuLiH0VwNcoX0fb","cummulativeQuoteQty":"0.00000000","executedQty":"0.00000000","fills":[],"orderId":718897693,"orderListId":-1,"origQty":"29.00000000","price":"0.84490000","side":"BUY","status":"NEW","symbol":"XRPBUSD","timeInForce":"GTC","transactTime":1645286954674,"type":"LIMIT"},"level":"info","message":"BUY success","service":"api-c4eeb68-binance-XRPBUSD","timestamp":"2022-02-19T16:09:14.678Z"}
{"assetPair":"XRPBUSD","data":{"price":"0.83480000","symbol":"XRPBUSD"},"level":"info","message":"Latest price","service":"api-c4eeb68-binance-XRPBUSD","timestamp":"2022-02-19T17:00:10.208Z"}
{"assetPair":"XRPBUSD","data":{"price":"0.83820000","symbol":"XRPBUSD"},"level":"info","message":"Latest price","service":"api-c4eeb68-binance-XRPBUSD","timestamp":"2022-02-19T17:03:10.307Z"}
{"assetPair":"XRPBUSD","data":{"price":"0.83970000","symbol":"XRPBUSD"},"level":"info","message":"Latest price","service":"api-c4eeb68-binance-XRPBUSD","timestamp":"2022-02-19T17:06:10.436Z"}
{"balance":{"asset":"BUSD","free":"8.42685894","locked":"0.00000000"},"level":"info","message":"Binance balance","service":"api-c4eeb68-binance-XRPBUSD","timestamp":"2022-02-19T17:06:10.466Z"}
{"assetPair":"XRPBUSD","data":{"price":"0.81130000","symbol":"XRPBUSD"},"level":"info","message":"Latest price","service":"api-c4eeb68-binance-XRPBUSD","timestamp":"2022-02-20T00:20:10.011Z"}
{"assetPair":"XRPBUSD","data":{"price":"0.81010000","symbol":"XRPBUSD"},"level":"info","message":"Latest price","service":"api-c4eeb68-binance-XRPBUSD","timestamp":"2022-02-20T00:23:10.148Z"}
{"assetPair":"XRPBUSD","data":{"price":"0.80970000","symbol":"XRPBUSD"},"level":"info","message":"Latest price","service":"api-c4eeb68-binance-XRPBUSD","timestamp":"2022-02-20T00:26:10.285Z"}
{"assetPair":"XRPBUSD","data":{"price":"0.80910000","symbol":"XRPBUSD"},"level":"info","message":"Latest price","service":"api-c4eeb68-binance-XRPBUSD","timestamp":"2022-02-20T00:29:10.417Z"}
{"assetPair":"XRPBUSD","data":{"price":"0.80900000","symbol":"XRPBUSD"},"level":"info","message":"Latest price","service":"api-c4eeb68-binance-XRPBUSD","timestamp":"2022-02-20T00:32:10.471Z"}
{"assetPair":"XRPBUSD","data":{"price":"0.80930000","symbol":"XRPBUSD"},"level":"info","message":"Latest price","service":"api-c4eeb68-binance-XRPBUSD","timestamp":"2022-02-20T00:35:10.630Z"}
{"assetPair":"XRPBUSD","data":{"price":"0.80870000","symbol":"XRPBUSD"},"level":"info","message":"Latest price","service":"api-c4eeb68-binance-XRPBUSD","timestamp":"2022-02-20T00:38:10.767Z"}
{"assetPair":"XRPBUSD","data":{"price":"0.80470000","symbol":"XRPBUSD"},"level":"info","message":"Latest price","service":"api-c4eeb68-binance-XRPBUSD","timestamp":"2022-02-20T00:41:10.842Z"}
{"assetPair":"XRPBUSD","data":{"price":"0.80420000","symbol":"XRPBUSD"},"level":"info","message":"Latest price","service":"api-c4eeb68-binance-XRPBUSD","timestamp":"2022-02-20T00:44:10.978Z"}
{"assetPair":"XRPBUSD","data":{"price":"0.80490000","symbol":"XRPBUSD"},"level":"info","message":"Latest price","service":"api-c4eeb68-binance-XRPBUSD","timestamp":"2022-02-20T00:47:11.060Z"}
{"assetPair":"XRPBUSD","data":{"price":"0.80280000","symbol":"XRPBUSD"},"level":"info","message":"Latest price","service":"api-c4eeb68-binance-XRPBUSD","timestamp":"2022-02-20T00:50:11.240Z"}
{"assetPair":"XRPBUSD","data":{"price":"0.80310000","symbol":"XRPBUSD"},"level":"info","message":"Latest price","service":"api-c4eeb68-binance-XRPBUSD","timestamp":"2022-02-20T00:53:11.382Z"}
{"assetPair":"XRPBUSD","data":{"price":"0.80380000","symbol":"XRPBUSD"},"level":"info","message":"Latest price","service":"api-c4eeb68-binance-XRPBUSD","timestamp":"2022-02-20T00:56:11.484Z"}
{"assetPair":"XRPBUSD","data":{"price":"0.80190000","symbol":"XRPBUSD"},"level":"info","message":"Latest price","service":"api-c4eeb68-binance-XRPBUSD","timestamp":"2022-02-20T00:59:11.575Z"}
{"assetPair":"XRPBUSD","data":{"price":"0.80300000","symbol":"XRPBUSD"},"level":"info","message":"Latest price","service":"api-c4eeb68-binance-XRPBUSD","timestamp":"2022-02-20T01:02:11.693Z"}
{"assetPair":"XRPBUSD","data":{"price":"0.80070000","symbol":"XRPBUSD"},"level":"info","message":"Latest price","service":"api-c4eeb68-binance-XRPBUSD","timestamp":"2022-02-20T01:05:11.829Z"}
{"assetPair":"XRPBUSD","data":{"price":"0.79850000","symbol":"XRPBUSD"},"level":"info","message":"Latest price","service":"api-c4eeb68-binance-XRPBUSD","timestamp":"2022-02-20T01:08:11.970Z"}
{"assetPair":"XRPBUSD","data":{"price":"0.79850000","symbol":"XRPBUSD"},"level":"info","message":"Latest price","service":"api-c4eeb68-binance-XRPBUSD","timestamp":"2022-02-20T01:11:12.107Z"}
{"assetPair":"XRPBUSD","data":{"price":"0.79750000","symbol":"XRPBUSD"},"level":"info","message":"Latest price","service":"api-c4eeb68-binance-XRPBUSD","timestamp":"2022-02-20T01:14:12.242Z"}
{"assetPair":"XRPBUSD","data":{"price":"0.79740000","symbol":"XRPBUSD"},"level":"info","message":"Latest price","service":"api-c4eeb68-binance-XRPBUSD","timestamp":"2022-02-20T01:17:12.385Z"}
{"assetPair":"XRPBUSD","data":{"price":"0.79520000","symbol":"XRPBUSD"},"level":"info","message":"Latest price","service":"api-c4eeb68-binance-XRPBUSD","timestamp":"2022-02-20T01:20:12.487Z"}
{"assetPair":"XRPBUSD","data":{"price":"0.79650000","symbol":"XRPBUSD"},"level":"info","message":"Latest price","service":"api-c4eeb68-binance-XRPBUSD","timestamp":"2022-02-20T01:23:12.553Z"}
{"assetPair":"XRPBUSD","data":{"price":"0.79750000","symbol":"XRPBUSD"},"level":"info","message":"Latest price","service":"api-c4eeb68-binance-XRPBUSD","timestamp":"2022-02-20T01:26:12.689Z"}
{"assetPair":"XRPBUSD","data":{"price":"0.79660000","symbol":"XRPBUSD"},"level":"info","message":"Latest price","service":"api-c4eeb68-binance-XRPBUSD","timestamp":"2022-02-20T01:29:12.759Z"}
{"assetPair":"XRPBUSD","data":{"price":"0.79770000","symbol":"XRPBUSD"},"level":"info","message":"Latest price","service":"api-c4eeb68-binance-XRPBUSD","timestamp":"2022-02-20T01:32:12.898Z"}
{"assetPair":"XRPBUSD","data":{"price":"0.79850000","symbol":"XRPBUSD"},"level":"info","message":"Latest price","service":"api-c4eeb68-binance-XRPBUSD","timestamp":"2022-02-20T01:35:13.031Z"}
{"assetPair":"XRPBUSD","data":{"price":"0.79800000","symbol":"XRPBUSD"},"level":"info","message":"Latest price","service":"api-c4eeb68-binance-XRPBUSD","timestamp":"2022-02-20T01:38:13.090Z"}
{"assetPair":"XRPBUSD","data":{"price":"0.79730000","symbol":"XRPBUSD"},"level":"info","message":"Latest price","service":"api-c4eeb68-binance-XRPBUSD","timestamp":"2022-02-20T01:41:13.233Z"}
{"assetPair":"XRPBUSD","data":{"price":"0.79840000","symbol":"XRPBUSD"},"level":"info","message":"Latest price","service":"api-c4eeb68-binance-XRPBUSD","timestamp":"2022-02-20T01:44:13.329Z"}
{"assetPair":"XRPBUSD","data":{"price":"0.79880000","symbol":"XRPBUSD"},"level":"info","message":"Latest price","service":"api-c4eeb68-binance-XRPBUSD","timestamp":"2022-02-20T01:47:13.470Z"}
{"assetPair":"XRPBUSD","data":{"price":"0.79810000","symbol":"XRPBUSD"},"level":"info","message":"Latest price","service":"api-c4eeb68-binance-XRPBUSD","timestamp":"2022-02-20T01:50:13.617Z"}
{"assetPair":"XRPBUSD","data":{"price":"0.79850000","symbol":"XRPBUSD"},"level":"info","message":"Latest price","service":"api-c4eeb68-binance-XRPBUSD","timestamp":"2022-02-20T01:53:13.807Z"}
{"assetPair":"XRPBUSD","data":{"price":"0.79860000","symbol":"XRPBUSD"},"level":"info","message":"Latest price","service":"api-c4eeb68-binance-XRPBUSD","timestamp":"2022-02-20T01:56:13.941Z"}
{"assetPair":"XRPBUSD","data":{"price":"0.79760000","symbol":"XRPBUSD"},"level":"info","message":"Latest price","service":"api-c4eeb68-binance-XRPBUSD","timestamp":"2022-02-20T01:59:14.054Z"}
{"assetPair":"XRPBUSD","data":{"price":"0.79800000","symbol":"XRPBUSD"},"level":"info","message":"Latest price","service":"api-c4eeb68-binance-XRPBUSD","timestamp":"2022-02-20T02:02:14.196Z"}
{"assetPair":"XRPBUSD","data":{"price":"0.79900000","symbol":"XRPBUSD"},"level":"info","message":"Latest price","service":"api-c4eeb68-binance-XRPBUSD","timestamp":"2022-02-20T02:05:14.327Z"}
{"assetPair":"XRPBUSD","data":{"price":"0.79800000","symbol":"XRPBUSD"},"level":"info","message":"Latest price","service":"api-c4eeb68-binance-XRPBUSD","timestamp":"2022-02-20T02:08:14.469Z"}
{"assetPair":"XRPBUSD","data":{"price":"0.79980000","symbol":"XRPBUSD"},"level":"info","message":"Latest price","service":"api-c4eeb68-binance-XRPBUSD","timestamp":"2022-02-20T02:11:14.559Z"}
{"balance":{"asset":"XRP","free":"29.00000000","locked":"0.00000000"},"level":"info","message":"Binance balance","service":"api-c4eeb68-binance-XRPBUSD","timestamp":"2022-02-20T02:11:14.595Z"}
{"correctedPrice":"0.7998","correctedQty":"29","forAsset":"BUSD","level":"info","message":"Initiating SELL","price":"0.79980000","quantity":"29.00000000","sellAsset":"XRP","service":"api-c4eeb68-binance-XRPBUSD","timestamp":"2022-02-20T02:11:14.618Z"}
{"data":{"clientOrderId":"XNbBT5b8Sfc1v5BWOR3FVF","cummulativeQuoteQty":"23.19420000","executedQty":"29.00000000","fills":[{"commission":"0.02319420","commissionAsset":"BUSD","price":"0.79980000","qty":"29.00000000","tradeId":53498190}],"orderId":719370731,"orderListId":-1,"origQty":"29.00000000","price":"0.79980000","side":"SELL","status":"FILLED","symbol":"XRPBUSD","timeInForce":"GTC","transactTime":1645323074640,"type":"LIMIT"},"level":"info","message":"SELL success","service":"api-c4eeb68-binance-XRPBUSD","timestamp":"2022-02-20T02:11:14.644Z"}
{"level":"info","message":"Checking order status","origClientOrderId":"XNbBT5b8Sfc1v5BWOR3FVF","service":"api-c4eeb68-binance-XRPBUSD","symbol":"XRPBUSD","timestamp":"2022-02-20T02:14:14.712Z"}
{"data":{"clientOrderId":"XNbBT5b8Sfc1v5BWOR3FVF","cummulativeQuoteQty":"23.19420000","executedQty":"29.00000000","icebergQty":"0.00000000","isWorking":true,"orderId":719370731,"orderListId":-1,"origQty":"29.00000000","origQuoteOrderQty":"0.00000000","price":"0.79980000","side":"SELL","status":"FILLED","stopPrice":"0.00000000","symbol":"XRPBUSD","time":1645323074640,"timeInForce":"GTC","type":"LIMIT","updateTime":1645323074640},"level":"info","message":"Order status","service":"api-c4eeb68-binance-XRPBUSD","timestamp":"2022-02-20T02:14:14.761Z"}
{"assetPair":"XRPBUSD","data":{"price":"0.79980000","symbol":"XRPBUSD"},"level":"info","message":"Latest price","service":"api-c4eeb68-binance-XRPBUSD","timestamp":"2022-02-20T02:14:14.788Z"}
{"assetPair":"XRPBUSD","data":{"price":"0.79940000","symbol":"XRPBUSD"},"level":"info","message":"Latest price","service":"api-c4eeb68-binance-XRPBUSD","timestamp":"2022-02-20T02:17:14.920Z"}
{"assetPair":"XRPBUSD","data":{"price":"0.80090000","symbol":"XRPBUSD"},"level":"info","message":"Latest price","service":"api-c4eeb68-binance-XRPBUSD","timestamp":"2022-02-20T02:20:15.056Z"}
{"balance":{"asset":"BUSD","free":"31.59786474","locked":"0.00000000"},"level":"info","message":"Binance balance","service":"api-c4eeb68-binance-XRPBUSD","timestamp":"2022-02-20T02:20:15.093Z"}
{"buyAsset":"XRP","correctedPrice":"0.8009","correctedQty":"30","level":"info","message":"Initiating BUY","price":"0.8009","quantity":"30.90273442377325508803","service":"api-c4eeb68-binance-XRPBUSD","timestamp":"2022-02-20T02:20:15.094Z","withAsset":"BUSD"}
{"data":{"clientOrderId":"cIY6A50jiHvGr13SoTacU0","cummulativeQuoteQty":"24.02700000","executedQty":"30.00000000","fills":[{"commission":"0.03000000","commissionAsset":"XRP","price":"0.80090000","qty":"30.00000000","tradeId":53498310}],"orderId":719374733,"orderListId":-1,"origQty":"30.00000000","price":"0.80090000","side":"BUY","status":"FILLED","symbol":"XRPBUSD","timeInForce":"GTC","transactTime":1645323615121,"type":"LIMIT"},"level":"info","message":"BUY success","service":"api-c4eeb68-binance-XRPBUSD","timestamp":"2022-02-20T02:20:15.125Z"}
{"level":"info","message":"Checking order status","origClientOrderId":"cIY6A50jiHvGr13SoTacU0","service":"api-c4eeb68-binance-XRPBUSD","symbol":"XRPBUSD","timestamp":"2022-02-20T02:23:15.228Z"}
{"data":{"clientOrderId":"cIY6A50jiHvGr13SoTacU0","cummulativeQuoteQty":"24.02700000","executedQty":"30.00000000","icebergQty":"0.00000000","isWorking":true,"orderId":719374733,"orderListId":-1,"origQty":"30.00000000","origQuoteOrderQty":"0.00000000","price":"0.80090000","side":"BUY","status":"FILLED","stopPrice":"0.00000000","symbol":"XRPBUSD","time":1645323615121,"timeInForce":"GTC","type":"LIMIT","updateTime":1645323615121},"level":"info","message":"Order status","service":"api-c4eeb68-binance-XRPBUSD","timestamp":"2022-02-20T02:23:15.267Z"}
{"assetPair":"XRPBUSD","data":{"price":"0.80000000","symbol":"XRPBUSD"},"level":"info","message":"Latest price","service":"api-c4eeb68-binance-XRPBUSD","timestamp":"2022-02-20T02:23:15.293Z"}
{"assetPair":"XRPBUSD","data":{"price":"0.80200000","symbol":"XRPBUSD"},"level":"info","message":"Latest price","service":"api-c4eeb68-binance-XRPBUSD","timestamp":"2022-02-20T02:26:15.426Z"}
{"assetPair":"XRPBUSD","data":{"price":"0.80170000","symbol":"XRPBUSD"},"level":"info","message":"Latest price","service":"api-c4eeb68-binance-XRPBUSD","timestamp":"2022-02-20T02:29:15.588Z"}
{"assetPair":"XRPBUSD","data":{"price":"0.79990000","symbol":"XRPBUSD"},"level":"info","message":"Latest price","service":"api-c4eeb68-binance-XRPBUSD","timestamp":"2022-02-20T02:32:15.684Z"}
{"assetPair":"XRPBUSD","data":{"price":"0.79900000","symbol":"XRPBUSD"},"level":"info","message":"Latest price","service":"api-c4eeb68-binance-XRPBUSD","timestamp":"2022-02-20T02:35:15.821Z"}
{"assetPair":"XRPBUSD","data":{"price":"0.79700000","symbol":"XRPBUSD"},"level":"info","message":"Latest price","service":"api-c4eeb68-binance-XRPBUSD","timestamp":"2022-02-20T02:38:15.961Z"}
{"assetPair":"XRPBUSD","data":{"price":"0.79480000","symbol":"XRPBUSD"},"level":"info","message":"Latest price","service":"api-c4eeb68-binance-XRPBUSD","timestamp":"2022-02-20T02:41:16.097Z"}
{"assetPair":"XRPBUSD","data":{"price":"0.79600000","symbol":"XRPBUSD"},"level":"info","message":"Latest price","service":"api-c4eeb68-binance-XRPBUSD","timestamp":"2022-02-20T02:44:16.158Z"}
{"assetPair":"XRPBUSD","data":{"price":"0.79610000","symbol":"XRPBUSD"},"level":"info","message":"Latest price","service":"api-c4eeb68-binance-XRPBUSD","timestamp":"2022-02-20T02:47:16.333Z"}
{"assetPair":"XRPBUSD","data":{"price":"0.79630000","symbol":"XRPBUSD"},"level":"info","message":"Latest price","service":"api-c4eeb68-binance-XRPBUSD","timestamp":"2022-02-20T02:50:16.385Z"}
{"assetPair":"XRPBUSD","data":{"price":"0.79610000","symbol":"XRPBUSD"},"level":"info","message":"Latest price","service":"api-c4eeb68-binance-XRPBUSD","timestamp":"2022-02-20T02:53:16.470Z"}
{"assetPair":"XRPBUSD","data":{"price":"0.79140000","symbol":"XRPBUSD"},"level":"info","message":"Latest price","service":"api-c4eeb68-binance-XRPBUSD","timestamp":"2022-02-20T02:56:16.602Z"}
{"assetPair":"XRPBUSD","data":{"price":"0.79140000","symbol":"XRPBUSD"},"level":"info","message":"Latest price","service":"api-c4eeb68-binance-XRPBUSD","timestamp":"2022-02-20T02:59:16.703Z"}
{"assetPair":"XRPBUSD","data":{"price":"0.79270000","symbol":"XRPBUSD"},"level":"info","message":"Latest price","service":"api-c4eeb68-binance-XRPBUSD","timestamp":"2022-02-20T03:02:16.832Z"}
{"assetPair":"XRPBUSD","data":{"price":"0.79660000","symbol":"XRPBUSD"},"level":"info","message":"Latest price","service":"api-c4eeb68-binance-XRPBUSD","timestamp":"2022-02-20T03:05:16.990Z"}
{"assetPair":"XRPBUSD","data":{"price":"0.79450000","symbol":"XRPBUSD"},"level":"info","message":"Latest price","service":"api-c4eeb68-binance-XRPBUSD","timestamp":"2022-02-20T03:08:17.108Z"}
{"assetPair":"XRPBUSD","data":{"price":"0.79480000","symbol":"XRPBUSD"},"level":"info","message":"Latest price","service":"api-c4eeb68-binance-XRPBUSD","timestamp":"2022-02-20T03:11:17.247Z"}
{"assetPair":"XRPBUSD","data":{"price":"0.79730000","symbol":"XRPBUSD"},"level":"info","message":"Latest price","service":"api-c4eeb68-binance-XRPBUSD","timestamp":"2022-02-20T03:14:17.368Z"}
{"assetPair":"XRPBUSD","data":{"price":"0.79670000","symbol":"XRPBUSD"},"level":"info","message":"Latest price","service":"api-c4eeb68-binance-XRPBUSD","timestamp":"2022-02-20T03:17:17.505Z"}
{"assetPair":"XRPBUSD","data":{"price":"0.79730000","symbol":"XRPBUSD"},"level":"info","message":"Latest price","service":"api-c4eeb68-binance-XRPBUSD","timestamp":"2022-02-20T03:20:17.717Z"}
{"assetPair":"XRPBUSD","data":{"price":"0.79690000","symbol":"XRPBUSD"},"level":"info","message":"Latest price","service":"api-c4eeb68-binance-XRPBUSD","timestamp":"2022-02-20T03:23:17.888Z"}
{"assetPair":"XRPBUSD","data":{"price":"0.79400000","symbol":"XRPBUSD"},"level":"info","message":"Latest price","service":"api-c4eeb68-binance-XRPBUSD","timestamp":"2022-02-20T03:26:17.938Z"}
{"assetPair":"XRPBUSD","data":{"price":"0.79560000","symbol":"XRPBUSD"},"level":"info","message":"Latest price","service":"api-c4eeb68-binance-XRPBUSD","timestamp":"2022-02-20T03:29:18.096Z"}
{"assetPair":"XRPBUSD","data":{"price":"0.79640000","symbol":"XRPBUSD"},"level":"info","message":"Latest price","service":"api-c4eeb68-binance-XRPBUSD","timestamp":"2022-02-20T03:32:18.147Z"}
{"assetPair":"XRPBUSD","data":{"price":"0.79500000","symbol":"XRPBUSD"},"level":"info","message":"Latest price","service":"api-c4eeb68-binance-XRPBUSD","timestamp":"2022-02-20T03:35:18.318Z"}
{"assetPair":"XRPBUSD","data":{"price":"0.79850000","symbol":"XRPBUSD"},"level":"info","message":"Latest price","service":"api-c4eeb68-binance-XRPBUSD","timestamp":"2022-02-20T03:38:18.458Z"}
{"assetPair":"XRPBUSD","data":{"price":"0.79710000","symbol":"XRPBUSD"},"level":"info","message":"Latest price","service":"api-c4eeb68-binance-XRPBUSD","timestamp":"2022-02-20T03:41:18.590Z"}
{"assetPair":"XRPBUSD","data":{"price":"0.79480000","symbol":"XRPBUSD"},"level":"info","message":"Latest price","service":"api-c4eeb68-binance-XRPBUSD","timestamp":"2022-02-20T03:44:18.725Z"}
{"assetPair":"XRPBUSD","data":{"price":"0.79800000","symbol":"XRPBUSD"},"level":"info","message":"Latest price","service":"api-c4eeb68-binance-XRPBUSD","timestamp":"2022-02-20T03:47:18.806Z"}
{"assetPair":"XRPBUSD","data":{"price":"0.79770000","symbol":"XRPBUSD"},"level":"info","message":"Latest price","service":"api-c4eeb68-binance-XRPBUSD","timestamp":"2022-02-20T03:50:18.942Z"}
{"assetPair":"XRPBUSD","data":{"price":"0.79770000","symbol":"XRPBUSD"},"level":"info","message":"Latest price","service":"api-c4eeb68-binance-XRPBUSD","timestamp":"2022-02-20T03:53:19.066Z"}
{"assetPair":"XRPBUSD","data":{"price":"0.79850000","symbol":"XRPBUSD"},"level":"info","message":"Latest price","service":"api-c4eeb68-binance-XRPBUSD","timestamp":"2022-02-20T03:56:19.229Z"}
{"assetPair":"XRPBUSD","data":{"price":"0.79890000","symbol":"XRPBUSD"},"level":"info","message":"Latest price","service":"api-c4eeb68-binance-XRPBUSD","timestamp":"2022-02-20T03:59:19.328Z"}
{"assetPair":"XRPBUSD","data":{"price":"0.80030000","symbol":"XRPBUSD"},"level":"info","message":"Latest price","service":"api-c4eeb68-binance-XRPBUSD","timestamp":"2022-02-20T04:02:19.420Z"}
{"assetPair":"XRPBUSD","data":{"price":"0.79820000","symbol":"XRPBUSD"},"level":"info","message":"Latest price","service":"api-c4eeb68-binance-XRPBUSD","timestamp":"2022-02-20T04:05:19.478Z"}
{"assetPair":"XRPBUSD","data":{"price":"0.79640000","symbol":"XRPBUSD"},"level":"info","message":"Latest price","service":"api-c4eeb68-binance-XRPBUSD","timestamp":"2022-02-20T04:08:19.623Z"}
{"assetPair":"XRPBUSD","data":{"price":"0.79660000","symbol":"XRPBUSD"},"level":"info","message":"Latest price","service":"api-c4eeb68-binance-XRPBUSD","timestamp":"2022-02-20T04:11:19.701Z"}
{"assetPair":"XRPBUSD","data":{"price":"0.79710000","symbol":"XRPBUSD"},"level":"info","message":"Latest price","service":"api-c4eeb68-binance-XRPBUSD","timestamp":"2022-02-20T04:14:19.870Z"}
{"assetPair":"XRPBUSD","data":{"price":"0.79990000","symbol":"XRPBUSD"},"level":"info","message":"Latest price","service":"api-c4eeb68-binance-XRPBUSD","timestamp":"2022-02-20T04:17:20.007Z"}
{"assetPair":"XRPBUSD","data":{"price":"0.80120000","symbol":"XRPBUSD"},"level":"info","message":"Latest price","service":"api-c4eeb68-binance-XRPBUSD","timestamp":"2022-02-20T04:20:20.122Z"}
{"assetPair":"XRPBUSD","data":{"price":"0.79990000","symbol":"XRPBUSD"},"level":"info","message":"Latest price","service":"api-c4eeb68-binance-XRPBUSD","timestamp":"2022-02-20T04:23:20.258Z"}
{"assetPair":"XRPBUSD","data":{"price":"0.79890000","symbol":"XRPBUSD"},"level":"info","message":"Latest price","service":"api-c4eeb68-binance-XRPBUSD","timestamp":"2022-02-20T04:26:20.375Z"}
{"assetPair":"XRPBUSD","data":{"price":"0.79730000","symbol":"XRPBUSD"},"level":"info","message":"Latest price","service":"api-c4eeb68-binance-XRPBUSD","timestamp":"2022-02-20T04:29:20.533Z"}
{"assetPair":"XRPBUSD","data":{"price":"0.79670000","symbol":"XRPBUSD"},"level":"info","message":"Latest price","service":"api-c4eeb68-binance-XRPBUSD","timestamp":"2022-02-20T04:32:20.644Z"}
{"assetPair":"XRPBUSD","data":{"price":"0.79410000","symbol":"XRPBUSD"},"level":"info","message":"Latest price","service":"api-c4eeb68-binance-XRPBUSD","timestamp":"2022-02-20T04:35:20.764Z"}
{"assetPair":"XRPBUSD","data":{"price":"0.79280000","symbol":"XRPBUSD"},"level":"info","message":"Latest price","service":"api-c4eeb68-binance-XRPBUSD","timestamp":"2022-02-20T04:38:20.944Z"}
{"assetPair":"XRPBUSD","data":{"price":"0.79370000","symbol":"XRPBUSD"},"level":"info","message":"Latest price","service":"api-c4eeb68-binance-XRPBUSD","timestamp":"2022-02-20T04:41:21.126Z"}
{"assetPair":"XRPBUSD","data":{"price":"0.79440000","symbol":"XRPBUSD"},"level":"info","message":"Latest price","service":"api-c4eeb68-binance-XRPBUSD","timestamp":"2022-02-20T04:44:21.250Z"}
{"assetPair":"XRPBUSD","data":{"price":"0.79340000","symbol":"XRPBUSD"},"level":"info","message":"Latest price","service":"api-c4eeb68-binance-XRPBUSD","timestamp":"2022-02-20T04:47:21.394Z"}
{"assetPair":"XRPBUSD","data":{"price":"0.79460000","symbol":"XRPBUSD"},"level":"info","message":"Latest price","service":"api-c4eeb68-binance-XRPBUSD","timestamp":"2022-02-20T04:50:21.471Z"}
{"assetPair":"XRPBUSD","data":{"price":"0.79250000","symbol":"XRPBUSD"},"level":"info","message":"Latest price","service":"api-c4eeb68-binance-XRPBUSD","timestamp":"2022-02-20T04:53:21.560Z"}
{"assetPair":"XRPBUSD","data":{"price":"0.79360000","symbol":"XRPBUSD"},"level":"info","message":"Latest price","service":"api-c4eeb68-binance-XRPBUSD","timestamp":"2022-02-20T04:56:21.718Z"}
{"assetPair":"XRPBUSD","data":{"price":"0.79220000","symbol":"XRPBUSD"},"level":"info","message":"Latest price","service":"api-c4eeb68-binance-XRPBUSD","timestamp":"2022-02-20T04:59:21.858Z"}
{"assetPair":"XRPBUSD","data":{"price":"0.79220000","symbol":"XRPBUSD"},"level":"info","message":"Latest price","service":"api-c4eeb68-binance-XRPBUSD","timestamp":"2022-02-20T05:02:22.001Z"}
{"assetPair":"XRPBUSD","data":{"price":"0.79380000","symbol":"XRPBUSD"},"level":"info","message":"Latest price","service":"api-c4eeb68-binance-XRPBUSD","timestamp":"2022-02-20T05:05:22.146Z"}
{"assetPair":"XRPBUSD","data":{"price":"0.79420000","symbol":"XRPBUSD"},"level":"info","message":"Latest price","service":"api-c4eeb68-binance-XRPBUSD","timestamp":"2022-02-20T05:08:22.326Z"}
{"assetPair":"XRPBUSD","data":{"price":"0.79730000","symbol":"XRPBUSD"},"level":"info","message":"Latest price","service":"api-c4eeb68-binance-XRPBUSD","timestamp":"2022-02-20T05:11:22.499Z"}
{"assetPair":"XRPBUSD","data":{"price":"0.79820000","symbol":"XRPBUSD"},"level":"info","message":"Latest price","service":"api-c4eeb68-binance-XRPBUSD","timestamp":"2022-02-20T05:14:22.590Z"}
{"assetPair":"XRPBUSD","data":{"price":"0.79700000","symbol":"XRPBUSD"},"level":"info","message":"Latest price","service":"api-c4eeb68-binance-XRPBUSD","timestamp":"2022-02-20T05:17:22.663Z"}
{"assetPair":"XRPBUSD","data":{"price":"0.79680000","symbol":"XRPBUSD"},"level":"info","message":"Latest price","service":"api-c4eeb68-binance-XRPBUSD","timestamp":"2022-02-20T05:20:22.835Z"}
{"assetPair":"XRPBUSD","data":{"price":"0.79550000","symbol":"XRPBUSD"},"level":"info","message":"Latest price","service":"api-c4eeb68-binance-XRPBUSD","timestamp":"2022-02-20T05:23:22.931Z"}
{"assetPair":"XRPBUSD","data":{"price":"0.79510000","symbol":"XRPBUSD"},"level":"info","message":"Latest price","service":"api-c4eeb68-binance-XRPBUSD","timestamp":"2022-02-20T05:26:23.069Z"}
{"assetPair":"XRPBUSD","data":{"price":"0.79440000","symbol":"XRPBUSD"},"level":"info","message":"Latest price","service":"api-c4eeb68-binance-XRPBUSD","timestamp":"2022-02-20T05:29:23.133Z"}
{"assetPair":"XRPBUSD","data":{"price":"0.79420000","symbol":"XRPBUSD"},"level":"info","message":"Latest price","service":"api-c4eeb68-binance-XRPBUSD","timestamp":"2022-02-20T05:32:23.193Z"}
{"assetPair":"XRPBUSD","data":{"price":"0.79280000","symbol":"XRPBUSD"},"level":"info","message":"Latest price","service":"api-c4eeb68-binance-XRPBUSD","timestamp":"2022-02-20T05:35:23.328Z"}
{"assetPair":"XRPBUSD","data":{"price":"0.79260000","symbol":"XRPBUSD"},"level":"info","message":"Latest price","service":"api-c4eeb68-binance-XRPBUSD","timestamp":"2022-02-20T05:38:23.489Z"}
{"assetPair":"XRPBUSD","data":{"price":"0.79440000","symbol":"XRPBUSD"},"level":"info","message":"Latest price","service":"api-c4eeb68-binance-XRPBUSD","timestamp":"2022-02-20T05:41:23.577Z"}
{"assetPair":"XRPBUSD","data":{"price":"0.79450000","symbol":"XRPBUSD"},"level":"info","message":"Latest price","service":"api-c4eeb68-binance-XRPBUSD","timestamp":"2022-02-20T05:44:23.723Z"}
{"assetPair":"XRPBUSD","data":{"price":"0.79570000","symbol":"XRPBUSD"},"level":"info","message":"Latest price","service":"api-c4eeb68-binance-XRPBUSD","timestamp":"2022-02-20T05:47:23.916Z"}
{"assetPair":"XRPBUSD","data":{"price":"0.79160000","symbol":"XRPBUSD"},"level":"info","message":"Latest price","service":"api-c4eeb68-binance-XRPBUSD","timestamp":"2022-02-20T05:50:24.051Z"}
{"assetPair":"XRPBUSD","data":{"price":"0.78920000","symbol":"XRPBUSD"},"level":"info","message":"Latest price","service":"api-c4eeb68-binance-XRPBUSD","timestamp":"2022-02-20T05:53:24.199Z"}
{"assetPair":"XRPBUSD","data":{"price":"0.78590000","symbol":"XRPBUSD"},"level":"info","message":"Latest price","service":"api-c4eeb68-binance-XRPBUSD","timestamp":"2022-02-20T05:56:24.336Z"}
{"assetPair":"XRPBUSD","data":{"price":"0.78330000","symbol":"XRPBUSD"},"level":"info","message":"Latest price","service":"api-c4eeb68-binance-XRPBUSD","timestamp":"2022-02-20T05:59:24.521Z"}
{"assetPair":"XRPBUSD","data":{"price":"0.78520000","symbol":"XRPBUSD"},"level":"info","message":"Latest price","service":"api-c4eeb68-binance-XRPBUSD","timestamp":"2022-02-20T06:02:24.660Z"}
{"assetPair":"XRPBUSD","data":{"price":"0.78530000","symbol":"XRPBUSD"},"level":"info","message":"Latest price","service":"api-c4eeb68-binance-XRPBUSD","timestamp":"2022-02-20T06:05:24.753Z"}
{"assetPair":"XRPBUSD","data":{"price":"0.78510000","symbol":"XRPBUSD"},"level":"info","message":"Latest price","service":"api-c4eeb68-binance-XRPBUSD","timestamp":"2022-02-20T06:08:24.892Z"}
{"assetPair":"XRPBUSD","data":{"price":"0.77860000","symbol":"XRPBUSD"},"level":"info","message":"Latest price","service":"api-c4eeb68-binance-XRPBUSD","timestamp":"2022-02-20T06:11:24.955Z"}
{"assetPair":"XRPBUSD","data":{"price":"0.78070000","symbol":"XRPBUSD"},"level":"info","message":"Latest price","service":"api-c4eeb68-binance-XRPBUSD","timestamp":"2022-02-20T06:14:25.091Z"}
{"assetPair":"XRPBUSD","data":{"price":"0.78180000","symbol":"XRPBUSD"},"level":"info","message":"Latest price","service":"api-c4eeb68-binance-XRPBUSD","timestamp":"2022-02-20T06:17:25.269Z"}
{"assetPair":"XRPBUSD","data":{"price":"0.78550000","symbol":"XRPBUSD"},"level":"info","message":"Latest price","service":"api-c4eeb68-binance-XRPBUSD","timestamp":"2022-02-20T06:20:25.404Z"}
{"assetPair":"XRPBUSD","data":{"price":"0.79090000","symbol":"XRPBUSD"},"level":"info","message":"Latest price","service":"api-c4eeb68-binance-XRPBUSD","timestamp":"2022-02-20T06:23:25.542Z"}
{"assetPair":"XRPBUSD","data":{"price":"0.79000000","symbol":"XRPBUSD"},"level":"info","message":"Latest price","service":"api-c4eeb68-binance-XRPBUSD","timestamp":"2022-02-20T06:26:25.649Z"}
{"assetPair":"XRPBUSD","data":{"price":"0.78940000","symbol":"XRPBUSD"},"level":"info","message":"Latest price","service":"api-c4eeb68-binance-XRPBUSD","timestamp":"2022-02-20T06:29:25.786Z"}
{"assetPair":"XRPBUSD","data":{"price":"0.78950000","symbol":"XRPBUSD"},"level":"info","message":"Latest price","service":"api-c4eeb68-binance-XRPBUSD","timestamp":"2022-02-20T06:32:25.945Z"}
{"assetPair":"XRPBUSD","data":{"price":"0.78710000","symbol":"XRPBUSD"},"level":"info","message":"Latest price","service":"api-c4eeb68-binance-XRPBUSD","timestamp":"2022-02-20T06:35:26.056Z"}
{"assetPair":"XRPBUSD","data":{"price":"0.78490000","symbol":"XRPBUSD"},"level":"info","message":"Latest price","service":"api-c4eeb68-binance-XRPBUSD","timestamp":"2022-02-20T06:38:26.166Z"}
{"assetPair":"XRPBUSD","data":{"price":"0.79230000","symbol":"XRPBUSD"},"level":"info","message":"Latest price","service":"api-c4eeb68-binance-XRPBUSD","timestamp":"2022-02-20T06:41:26.301Z"}
{"assetPair":"XRPBUSD","data":{"price":"0.80040000","symbol":"XRPBUSD"},"level":"info","message":"Latest price","service":"api-c4eeb68-binance-XRPBUSD","timestamp":"2022-02-20T06:44:26.348Z"}
{"assetPair":"XRPBUSD","data":{"price":"0.79930000","symbol":"XRPBUSD"},"level":"info","message":"Latest price","service":"api-c4eeb68-binance-XRPBUSD","timestamp":"2022-02-20T06:47:26.474Z"}
{"assetPair":"XRPBUSD","data":{"price":"0.80500000","symbol":"XRPBUSD"},"level":"info","message":"Latest price","service":"api-c4eeb68-binance-XRPBUSD","timestamp":"2022-02-20T06:50:26.602Z"}
{"assetPair":"XRPBUSD","data":{"price":"0.79630000","symbol":"XRPBUSD"},"level":"info","message":"Latest price","service":"api-c4eeb68-binance-XRPBUSD","timestamp":"2022-02-20T06:53:26.762Z"}
{"assetPair":"XRPBUSD","data":{"price":"0.79430000","symbol":"XRPBUSD"},"level":"info","message":"Latest price","service":"api-c4eeb68-binance-XRPBUSD","timestamp":"2022-02-20T06:56:26.900Z"}
{"assetPair":"XRPBUSD","data":{"price":"0.79450000","symbol":"XRPBUSD"},"level":"info","message":"Latest price","service":"api-c4eeb68-binance-XRPBUSD","timestamp":"2022-02-20T06:59:27.082Z"}
{"assetPair":"XRPBUSD","data":{"price":"0.79460000","symbol":"XRPBUSD"},"level":"info","message":"Latest price","service":"api-c4eeb68-binance-XRPBUSD","timestamp":"2022-02-20T07:02:27.176Z"}
{"assetPair":"XRPBUSD","data":{"price":"0.79580000","symbol":"XRPBUSD"},"level":"info","message":"Latest price","service":"api-c4eeb68-binance-XRPBUSD","timestamp":"2022-02-20T07:05:27.344Z"}
{"assetPair":"XRPBUSD","data":{"price":"0.79070000","symbol":"XRPBUSD"},"level":"info","message":"Latest price","service":"api-c4eeb68-binance-XRPBUSD","timestamp":"2022-02-20T07:08:27.536Z"}
{"assetPair":"XRPBUSD","data":{"price":"0.78990000","symbol":"XRPBUSD"},"level":"info","message":"Latest price","service":"api-c4eeb68-binance-XRPBUSD","timestamp":"2022-02-20T07:11:27.675Z"}
{"assetPair":"XRPBUSD","data":{"price":"0.79110000","symbol":"XRPBUSD"},"level":"info","message":"Latest price","service":"api-c4eeb68-binance-XRPBUSD","timestamp":"2022-02-20T07:14:27.824Z"}
{"assetPair":"XRPBUSD","data":{"price":"0.78970000","symbol":"XRPBUSD"},"level":"info","message":"Latest price","service":"api-c4eeb68-binance-XRPBUSD","timestamp":"2022-02-20T07:17:27.935Z"}
{"assetPair":"XRPBUSD","data":{"price":"0.78780000","symbol":"XRPBUSD"},"level":"info","message":"Latest price","service":"api-c4eeb68-binance-XRPBUSD","timestamp":"2022-02-20T07:20:28.040Z"}
{"assetPair":"XRPBUSD","data":{"price":"0.78810000","symbol":"XRPBUSD"},"level":"info","message":"Latest price","service":"api-c4eeb68-binance-XRPBUSD","timestamp":"2022-02-20T07:23:28.172Z"}
{"assetPair":"XRPBUSD","data":{"price":"0.79170000","symbol":"XRPBUSD"},"level":"info","message":"Latest price","service":"api-c4eeb68-binance-XRPBUSD","timestamp":"2022-02-20T07:26:28.232Z"}
{"assetPair":"XRPBUSD","data":{"price":"0.79310000","symbol":"XRPBUSD"},"level":"info","message":"Latest price","service":"api-c4eeb68-binance-XRPBUSD","timestamp":"2022-02-20T07:29:28.264Z"}
{"assetPair":"XRPBUSD","data":{"price":"0.79410000","symbol":"XRPBUSD"},"level":"info","message":"Latest price","service":"api-c4eeb68-binance-XRPBUSD","timestamp":"2022-02-20T07:32:28.298Z"}
{"assetPair":"XRPBUSD","data":{"price":"0.79420000","symbol":"XRPBUSD"},"level":"info","message":"Latest price","service":"api-c4eeb68-binance-XRPBUSD","timestamp":"2022-02-20T07:35:28.459Z"}
{"assetPair":"XRPBUSD","data":{"price":"0.79010000","symbol":"XRPBUSD"},"level":"info","message":"Latest price","service":"api-c4eeb68-binance-XRPBUSD","timestamp":"2022-02-20T07:38:28.610Z"}
{"assetPair":"XRPBUSD","data":{"price":"0.78630000","symbol":"XRPBUSD"},"level":"info","message":"Latest price","service":"api-c4eeb68-binance-XRPBUSD","timestamp":"2022-02-20T07:41:28.753Z"}
{"assetPair":"XRPBUSD","data":{"price":"0.78740000","symbol":"XRPBUSD"},"level":"info","message":"Latest price","service":"api-c4eeb68-binance-XRPBUSD","timestamp":"2022-02-20T07:44:28.821Z"}
{"assetPair":"XRPBUSD","data":{"price":"0.78820000","symbol":"XRPBUSD"},"level":"info","message":"Latest price","service":"api-c4eeb68-binance-XRPBUSD","timestamp":"2022-02-20T07:47:28.888Z"}
{"assetPair":"XRPBUSD","data":{"price":"0.79020000","symbol":"XRPBUSD"},"level":"info","message":"Latest price","service":"api-c4eeb68-binance-XRPBUSD","timestamp":"2022-02-20T07:50:29.025Z"}
{"assetPair":"XRPBUSD","data":{"price":"0.79040000","symbol":"XRPBUSD"},"level":"info","message":"Latest price","service":"api-c4eeb68-binance-XRPBUSD","timestamp":"2022-02-20T07:53:29.163Z"}
{"assetPair":"XRPBUSD","data":{"price":"0.78880000","symbol":"XRPBUSD"},"level":"info","message":"Latest price","service":"api-c4eeb68-binance-XRPBUSD","timestamp":"2022-02-20T07:56:29.336Z"}
{"assetPair":"XRPBUSD","data":{"price":"0.79040000","symbol":"XRPBUSD"},"level":"info","message":"Latest price","service":"api-c4eeb68-binance-XRPBUSD","timestamp":"2022-02-20T07:59:29.381Z"}
{"assetPair":"XRPBUSD","data":{"price":"0.78960000","symbol":"XRPBUSD"},"level":"info","message":"Latest price","service":"api-c4eeb68-binance-XRPBUSD","timestamp":"2022-02-20T08:02:29.493Z"}
{"assetPair":"XRPBUSD","data":{"price":"0.78940000","symbol":"XRPBUSD"},"level":"info","message":"Latest price","service":"api-c4eeb68-binance-XRPBUSD","timestamp":"2022-02-20T08:05:29.531Z"}
{"assetPair":"XRPBUSD","data":{"price":"0.79040000","symbol":"XRPBUSD"},"level":"info","message":"Latest price","service":"api-c4eeb68-binance-XRPBUSD","timestamp":"2022-02-20T08:08:29.639Z"}
{"assetPair":"XRPBUSD","data":{"price":"0.78980000","symbol":"XRPBUSD"},"level":"info","message":"Latest price","service":"api-c4eeb68-binance-XRPBUSD","timestamp":"2022-02-20T08:11:29.717Z"}
{"assetPair":"XRPBUSD","data":{"price":"0.78690000","symbol":"XRPBUSD"},"level":"info","message":"Latest price","service":"api-c4eeb68-binance-XRPBUSD","timestamp":"2022-02-20T08:14:29.849Z"}
{"assetPair":"XRPBUSD","data":{"price":"0.78840000","symbol":"XRPBUSD"},"level":"info","message":"Latest price","service":"api-c4eeb68-binance-XRPBUSD","timestamp":"2022-02-20T08:17:29.987Z"}
{"assetPair":"XRPBUSD","data":{"price":"0.78960000","symbol":"XRPBUSD"},"level":"info","message":"Latest price","service":"api-c4eeb68-binance-XRPBUSD","timestamp":"2022-02-20T08:20:30.138Z"}
{"assetPair":"XRPBUSD","data":{"price":"0.78650000","symbol":"XRPBUSD"},"level":"info","message":"Latest price","service":"api-c4eeb68-binance-XRPBUSD","timestamp":"2022-02-20T08:23:30.193Z"}
{"assetPair":"XRPBUSD","data":{"price":"0.78610000","symbol":"XRPBUSD"},"level":"info","message":"Latest price","service":"api-c4eeb68-binance-XRPBUSD","timestamp":"2022-02-20T08:26:30.366Z"}
{"assetPair":"XRPBUSD","data":{"price":"0.78590000","symbol":"XRPBUSD"},"level":"info","message":"Latest price","service":"api-c4eeb68-binance-XRPBUSD","timestamp":"2022-02-20T08:29:30.513Z"}
{"assetPair":"XRPBUSD","data":{"price":"0.78710000","symbol":"XRPBUSD"},"level":"info","message":"Latest price","service":"api-c4eeb68-binance-XRPBUSD","timestamp":"2022-02-20T08:32:30.555Z"}
{"assetPair":"XRPBUSD","data":{"price":"0.78800000","symbol":"XRPBUSD"},"level":"info","message":"Latest price","service":"api-c4eeb68-binance-XRPBUSD","timestamp":"2022-02-20T08:35:30.697Z"}
{"assetPair":"XRPBUSD","data":{"price":"0.78640000","symbol":"XRPBUSD"},"level":"info","message":"Latest price","service":"api-c4eeb68-binance-XRPBUSD","timestamp":"2022-02-20T08:38:30.807Z"}
{"assetPair":"XRPBUSD","data":{"price":"0.78310000","symbol":"XRPBUSD"},"level":"info","message":"Latest price","service":"api-c4eeb68-binance-XRPBUSD","timestamp":"2022-02-20T08:41:30.941Z"}
{"assetPair":"XRPBUSD","data":{"price":"0.78520000","symbol":"XRPBUSD"},"level":"info","message":"Latest price","service":"api-c4eeb68-binance-XRPBUSD","timestamp":"2022-02-20T08:44:31.072Z"}
{"assetPair":"XRPBUSD","data":{"price":"0.78330000","symbol":"XRPBUSD"},"level":"info","message":"Latest price","service":"api-c4eeb68-binance-XRPBUSD","timestamp":"2022-02-20T08:47:31.213Z"}
{"assetPair":"XRPBUSD","data":{"price":"0.78420000","symbol":"XRPBUSD"},"level":"info","message":"Latest price","service":"api-c4eeb68-binance-XRPBUSD","timestamp":"2022-02-20T08:50:31.356Z"}
{"assetPair":"XRPBUSD","data":{"price":"0.78570000","symbol":"XRPBUSD"},"level":"info","message":"Latest price","service":"api-c4eeb68-binance-XRPBUSD","timestamp":"2022-02-20T08:53:31.424Z"}
{"assetPair":"XRPBUSD","data":{"price":"0.78620000","symbol":"XRPBUSD"},"level":"info","message":"Latest price","service":"api-c4eeb68-binance-XRPBUSD","timestamp":"2022-02-20T08:56:31.565Z"}
{"assetPair":"XRPBUSD","data":{"price":"0.78450000","symbol":"XRPBUSD"},"level":"info","message":"Latest price","service":"api-c4eeb68-binance-XRPBUSD","timestamp":"2022-02-20T08:59:31.697Z"}
{"assetPair":"XRPBUSD","data":{"price":"0.79070000","symbol":"XRPBUSD"},"level":"info","message":"Latest price","service":"api-c4eeb68-binance-XRPBUSD","timestamp":"2022-02-20T09:02:31.869Z"}
{"assetPair":"XRPBUSD","data":{"price":"0.78500000","symbol":"XRPBUSD"},"level":"info","message":"Latest price","service":"api-c4eeb68-binance-XRPBUSD","timestamp":"2022-02-20T09:05:32.031Z"}
{"assetPair":"XRPBUSD","data":{"price":"0.79220000","symbol":"XRPBUSD"},"level":"info","message":"Latest price","service":"api-c4eeb68-binance-XRPBUSD","timestamp":"2022-02-20T09:08:32.197Z"}
{"assetPair":"XRPBUSD","data":{"price":"0.79630000","symbol":"XRPBUSD"},"level":"info","message":"Latest price","service":"api-c4eeb68-binance-XRPBUSD","timestamp":"2022-02-20T09:11:32.335Z"}
{"assetPair":"XRPBUSD","data":{"price":"0.79530000","symbol":"XRPBUSD"},"level":"info","message":"Latest price","service":"api-c4eeb68-binance-XRPBUSD","timestamp":"2022-02-20T09:14:32.406Z"}
{"assetPair":"XRPBUSD","data":{"price":"0.79360000","symbol":"XRPBUSD"},"level":"info","message":"Latest price","service":"api-c4eeb68-binance-XRPBUSD","timestamp":"2022-02-20T09:17:32.537Z"}
{"assetPair":"XRPBUSD","data":{"price":"0.79390000","symbol":"XRPBUSD"},"level":"info","message":"Latest price","service":"api-c4eeb68-binance-XRPBUSD","timestamp":"2022-02-20T09:20:32.670Z"}
{"assetPair":"XRPBUSD","data":{"price":"0.79200000","symbol":"XRPBUSD"},"level":"info","message":"Latest price","service":"api-c4eeb68-binance-XRPBUSD","timestamp":"2022-02-20T09:23:32.814Z"}
{"assetPair":"XRPBUSD","data":{"price":"0.78940000","symbol":"XRPBUSD"},"level":"info","message":"Latest price","service":"api-c4eeb68-binance-XRPBUSD","timestamp":"2022-02-20T09:26:32.981Z"}
{"assetPair":"XRPBUSD","data":{"price":"0.79070000","symbol":"XRPBUSD"},"level":"info","message":"Latest price","service":"api-c4eeb68-binance-XRPBUSD","timestamp":"2022-02-20T09:29:33.086Z"}
{"assetPair":"XRPBUSD","data":{"price":"0.78920000","symbol":"XRPBUSD"},"level":"info","message":"Latest price","service":"api-c4eeb68-binance-XRPBUSD","timestamp":"2022-02-20T09:32:33.228Z"}
{"assetPair":"XRPBUSD","data":{"price":"0.79020000","symbol":"XRPBUSD"},"level":"info","message":"Latest price","service":"api-c4eeb68-binance-XRPBUSD","timestamp":"2022-02-20T09:35:33.308Z"}
{"assetPair":"XRPBUSD","data":{"price":"0.79270000","symbol":"XRPBUSD"},"level":"info","message":"Latest price","service":"api-c4eeb68-binance-XRPBUSD","timestamp":"2022-02-20T09:38:33.453Z"}
{"assetPair":"XRPBUSD","data":{"price":"0.79300000","symbol":"XRPBUSD"},"level":"info","message":"Latest price","service":"api-c4eeb68-binance-XRPBUSD","timestamp":"2022-02-20T09:41:33.561Z"}
{"assetPair":"XRPBUSD","data":{"price":"0.79300000","symbol":"XRPBUSD"},"level":"info","message":"Latest price","service":"api-c4eeb68-binance-XRPBUSD","timestamp":"2022-02-20T09:44:33.687Z"}
{"assetPair":"XRPBUSD","data":{"price":"0.79350000","symbol":"XRPBUSD"},"level":"info","message":"Latest price","service":"api-c4eeb68-binance-XRPBUSD","timestamp":"2022-02-20T09:47:33.762Z"}
{"assetPair":"XRPBUSD","data":{"price":"0.79300000","symbol":"XRPBUSD"},"level":"info","message":"Latest price","service":"api-c4eeb68-binance-XRPBUSD","timestamp":"2022-02-20T09:50:33.903Z"}
{"assetPair":"XRPBUSD","data":{"price":"0.79040000","symbol":"XRPBUSD"},"level":"info","message":"Latest price","service":"api-c4eeb68-binance-XRPBUSD","timestamp":"2022-02-20T09:53:34.060Z"}
{"assetPair":"XRPBUSD","data":{"price":"0.79190000","symbol":"XRPBUSD"},"level":"info","message":"Latest price","service":"api-c4eeb68-binance-XRPBUSD","timestamp":"2022-02-20T09:56:34.101Z"}
{"assetPair":"XRPBUSD","data":{"price":"0.78980000","symbol":"XRPBUSD"},"level":"info","message":"Latest price","service":"api-c4eeb68-binance-XRPBUSD","timestamp":"2022-02-20T09:59:34.238Z"}
{"assetPair":"XRPBUSD","data":{"price":"0.79270000","symbol":"XRPBUSD"},"level":"info","message":"Latest price","service":"api-c4eeb68-binance-XRPBUSD","timestamp":"2022-02-20T10:02:34.380Z"}
{"assetPair":"XRPBUSD","data":{"price":"0.79410000","symbol":"XRPBUSD"},"level":"info","message":"Latest price","service":"api-c4eeb68-binance-XRPBUSD","timestamp":"2022-02-20T10:05:34.512Z"}
{"assetPair":"XRPBUSD","data":{"price":"0.79520000","symbol":"XRPBUSD"},"level":"info","message":"Latest price","service":"api-c4eeb68-binance-XRPBUSD","timestamp":"2022-02-20T10:08:34.640Z"}
{"assetPair":"XRPBUSD","data":{"price":"0.79560000","symbol":"XRPBUSD"},"level":"info","message":"Latest price","service":"api-c4eeb68-binance-XRPBUSD","timestamp":"2022-02-20T10:11:34.683Z"}
{"assetPair":"XRPBUSD","data":{"price":"0.79530000","symbol":"XRPBUSD"},"level":"info","message":"Latest price","service":"api-c4eeb68-binance-XRPBUSD","timestamp":"2022-02-20T10:14:34.827Z"}
{"assetPair":"XRPBUSD","data":{"price":"0.79570000","symbol":"XRPBUSD"},"level":"info","message":"Latest price","service":"api-c4eeb68-binance-XRPBUSD","timestamp":"2022-02-20T10:17:34.971Z"}
{"assetPair":"XRPBUSD","data":{"price":"0.79580000","symbol":"XRPBUSD"},"level":"info","message":"Latest price","service":"api-c4eeb68-binance-XRPBUSD","timestamp":"2022-02-20T10:20:35.054Z"}
{"assetPair":"XRPBUSD","data":{"price":"0.79610000","symbol":"XRPBUSD"},"level":"info","message":"Latest price","service":"api-c4eeb68-binance-XRPBUSD","timestamp":"2022-02-20T10:23:35.128Z"}
{"assetPair":"XRPBUSD","data":{"price":"0.79560000","symbol":"XRPBUSD"},"level":"info","message":"Latest price","service":"api-c4eeb68-binance-XRPBUSD","timestamp":"2022-02-20T10:26:35.259Z"}
{"assetPair":"XRPBUSD","data":{"price":"0.79320000","symbol":"XRPBUSD"},"level":"info","message":"Latest price","service":"api-c4eeb68-binance-XRPBUSD","timestamp":"2022-02-20T10:29:35.411Z"}
{"assetPair":"XRPBUSD","data":{"price":"0.79460000","symbol":"XRPBUSD"},"level":"info","message":"Latest price","service":"api-c4eeb68-binance-XRPBUSD","timestamp":"2022-02-20T10:32:35.507Z"}
{"assetPair":"XRPBUSD","data":{"price":"0.79430000","symbol":"XRPBUSD"},"level":"info","message":"Latest price","service":"api-c4eeb68-binance-XRPBUSD","timestamp":"2022-02-20T10:35:35.550Z"}
{"assetPair":"XRPBUSD","data":{"price":"0.79210000","symbol":"XRPBUSD"},"level":"info","message":"Latest price","service":"api-c4eeb68-binance-XRPBUSD","timestamp":"2022-02-20T10:38:35.689Z"}
{"assetPair":"XRPBUSD","data":{"price":"0.79200000","symbol":"XRPBUSD"},"level":"info","message":"Latest price","service":"api-c4eeb68-binance-XRPBUSD","timestamp":"2022-02-20T10:41:35.871Z"}
{"assetPair":"XRPBUSD","data":{"price":"0.78860000","symbol":"XRPBUSD"},"level":"info","message":"Latest price","service":"api-c4eeb68-binance-XRPBUSD","timestamp":"2022-02-20T10:44:35.981Z"}
{"assetPair":"XRPBUSD","data":{"price":"0.78800000","symbol":"XRPBUSD"},"level":"info","message":"Latest price","service":"api-c4eeb68-binance-XRPBUSD","timestamp":"2022-02-20T10:47:36.090Z"}
{"assetPair":"XRPBUSD","data":{"price":"0.78760000","symbol":"XRPBUSD"},"level":"info","message":"Latest price","service":"api-c4eeb68-binance-XRPBUSD","timestamp":"2022-02-20T10:50:36.212Z"}
{"assetPair":"XRPBUSD","data":{"price":"0.78800000","symbol":"XRPBUSD"},"level":"info","message":"Latest price","service":"api-c4eeb68-binance-XRPBUSD","timestamp":"2022-02-20T10:53:36.283Z"}
{"assetPair":"XRPBUSD","data":{"price":"0.78900000","symbol":"XRPBUSD"},"level":"info","message":"Latest price","service":"api-c4eeb68-binance-XRPBUSD","timestamp":"2022-02-20T10:56:36.426Z"}
{"assetPair":"XRPBUSD","data":{"price":"0.78850000","symbol":"XRPBUSD"},"level":"info","message":"Latest price","service":"api-c4eeb68-binance-XRPBUSD","timestamp":"2022-02-20T10:59:36.557Z"}
{"assetPair":"XRPBUSD","data":{"price":"0.78830000","symbol":"XRPBUSD"},"level":"info","message":"Latest price","service":"api-c4eeb68-binance-XRPBUSD","timestamp":"2022-02-20T11:02:36.632Z"}
{"assetPair":"XRPBUSD","data":{"price":"0.78450000","symbol":"XRPBUSD"},"level":"info","message":"Latest price","service":"api-c4eeb68-binance-XRPBUSD","timestamp":"2022-02-20T11:05:36.768Z"}
{"assetPair":"XRPBUSD","data":{"price":"0.78630000","symbol":"XRPBUSD"},"level":"info","message":"Latest price","service":"api-c4eeb68-binance-XRPBUSD","timestamp":"2022-02-20T11:08:36.924Z"}
{"assetPair":"XRPBUSD","data":{"price":"0.78580000","symbol":"XRPBUSD"},"level":"info","message":"Latest price","service":"api-c4eeb68-binance-XRPBUSD","timestamp":"2022-02-20T11:11:37.065Z"}
{"assetPair":"XRPBUSD","data":{"price":"0.78670000","symbol":"XRPBUSD"},"level":"info","message":"Latest price","service":"api-c4eeb68-binance-XRPBUSD","timestamp":"2022-02-20T11:14:37.114Z"}
{"assetPair":"XRPBUSD","data":{"price":"0.78700000","symbol":"XRPBUSD"},"level":"info","message":"Latest price","service":"api-c4eeb68-binance-XRPBUSD","timestamp":"2022-02-20T11:17:37.185Z"}
{"assetPair":"XRPBUSD","data":{"price":"0.78720000","symbol":"XRPBUSD"},"level":"info","message":"Latest price","service":"api-c4eeb68-binance-XRPBUSD","timestamp":"2022-02-20T11:20:37.297Z"}
{"assetPair":"XRPBUSD","data":{"price":"0.78970000","symbol":"XRPBUSD"},"level":"info","message":"Latest price","service":"api-c4eeb68-binance-XRPBUSD","timestamp":"2022-02-20T11:23:37.380Z"}
{"assetPair":"XRPBUSD","data":{"price":"0.78870000","symbol":"XRPBUSD"},"level":"info","message":"Latest price","service":"api-c4eeb68-binance-XRPBUSD","timestamp":"2022-02-20T11:26:37.515Z"}
{"assetPair":"XRPBUSD","data":{"price":"0.78630000","symbol":"XRPBUSD"},"level":"info","message":"Latest price","service":"api-c4eeb68-binance-XRPBUSD","timestamp":"2022-02-20T11:29:37.620Z"}
{"assetPair":"XRPBUSD","data":{"price":"0.78720000","symbol":"XRPBUSD"},"level":"info","message":"Latest price","service":"api-c4eeb68-binance-XRPBUSD","timestamp":"2022-02-20T11:32:37.660Z"}
{"assetPair":"XRPBUSD","data":{"price":"0.78880000","symbol":"XRPBUSD"},"level":"info","message":"Latest price","service":"api-c4eeb68-binance-XRPBUSD","timestamp":"2022-02-20T11:35:37.791Z"}
{"assetPair":"XRPBUSD","data":{"price":"0.78880000","symbol":"XRPBUSD"},"level":"info","message":"Latest price","service":"api-c4eeb68-binance-XRPBUSD","timestamp":"2022-02-20T11:38:37.929Z"}
{"assetPair":"XRPBUSD","data":{"price":"0.78950000","symbol":"XRPBUSD"},"level":"info","message":"Latest price","service":"api-c4eeb68-binance-XRPBUSD","timestamp":"2022-02-20T11:41:38.061Z"}
{"assetPair":"XRPBUSD","data":{"price":"0.78990000","symbol":"XRPBUSD"},"level":"info","message":"Latest price","service":"api-c4eeb68-binance-XRPBUSD","timestamp":"2022-02-20T11:44:38.135Z"}
{"assetPair":"XRPBUSD","data":{"price":"0.79140000","symbol":"XRPBUSD"},"level":"info","message":"Latest price","service":"api-c4eeb68-binance-XRPBUSD","timestamp":"2022-02-20T11:47:38.267Z"}
{"assetPair":"XRPBUSD","data":{"price":"0.79290000","symbol":"XRPBUSD"},"level":"info","message":"Latest price","service":"api-c4eeb68-binance-XRPBUSD","timestamp":"2022-02-20T11:50:38.402Z"}
{"assetPair":"XRPBUSD","data":{"price":"0.79070000","symbol":"XRPBUSD"},"level":"info","message":"Latest price","service":"api-c4eeb68-binance-XRPBUSD","timestamp":"2022-02-20T11:53:38.544Z"}
{"assetPair":"XRPBUSD","data":{"price":"0.79150000","symbol":"XRPBUSD"},"level":"info","message":"Latest price","service":"api-c4eeb68-binance-XRPBUSD","timestamp":"2022-02-20T11:56:38.674Z"}
{"assetPair":"XRPBUSD","data":{"price":"0.79100000","symbol":"XRPBUSD"},"level":"info","message":"Latest price","service":"api-c4eeb68-binance-XRPBUSD","timestamp":"2022-02-20T11:59:38.737Z"}
{"assetPair":"XRPBUSD","data":{"price":"0.78970000","symbol":"XRPBUSD"},"level":"info","message":"Latest price","service":"api-c4eeb68-binance-XRPBUSD","timestamp":"2022-02-20T12:02:38.809Z"}
{"assetPair":"XRPBUSD","data":{"price":"0.78900000","symbol":"XRPBUSD"},"level":"info","message":"Latest price","service":"api-c4eeb68-binance-XRPBUSD","timestamp":"2022-02-20T12:05:38.867Z"}
{"assetPair":"XRPBUSD","data":{"price":"0.79050000","symbol":"XRPBUSD"},"level":"info","message":"Latest price","service":"api-c4eeb68-binance-XRPBUSD","timestamp":"2022-02-20T12:08:38.999Z"}
{"assetPair":"XRPBUSD","data":{"price":"0.79780000","symbol":"XRPBUSD"},"level":"info","message":"Latest price","service":"api-6ab7524-binance-XRPBUSD","timestamp":"2022-02-20T12:19:25.021Z"}
{"assetPair":"XRPBUSD","data":{"price":"0.79750000","symbol":"XRPBUSD"},"level":"info","message":"Latest price","service":"api-6ab7524-binance-XRPBUSD","timestamp":"2022-02-20T12:22:25.058Z"}
{"assetPair":"XRPBUSD","data":{"price":"0.79480000","symbol":"XRPBUSD"},"level":"info","message":"Latest price","service":"api-6ab7524-binance-XRPBUSD","timestamp":"2022-02-20T12:25:25.089Z"}
{"assetPair":"XRPBUSD","data":{"price":"0.79240000","symbol":"XRPBUSD"},"level":"info","message":"Latest price","service":"api-6ab7524-binance-XRPBUSD","timestamp":"2022-02-20T12:28:25.124Z"}
{"assetPair":"XRPBUSD","data":{"price":"0.79350000","symbol":"XRPBUSD"},"level":"info","message":"Latest price","service":"api-6ab7524-binance-XRPBUSD","timestamp":"2022-02-20T12:31:25.159Z"}
{"assetPair":"XRPBUSD","data":{"price":"0.79510000","symbol":"XRPBUSD"},"level":"info","message":"Latest price","service":"api-6ab7524-binance-XRPBUSD","timestamp":"2022-02-20T12:34:25.198Z"}
{"assetPair":"XRPBUSD","data":{"price":"0.79520000","symbol":"XRPBUSD"},"level":"info","message":"Latest price","service":"api-6ab7524-binance-XRPBUSD","timestamp":"2022-02-20T12:37:25.227Z"}
{"assetPair":"XRPBUSD","data":{"price":"0.79440000","symbol":"XRPBUSD"},"level":"info","message":"Latest price","service":"api-6ab7524-binance-XRPBUSD","timestamp":"2022-02-20T12:40:25.264Z"}
{"assetPair":"XRPBUSD","data":{"price":"0.79500000","symbol":"XRPBUSD"},"level":"info","message":"Latest price","service":"api-6ab7524-binance-XRPBUSD","timestamp":"2022-02-20T12:43:25.295Z"}
{"assetPair":"XRPBUSD","data":{"price":"0.79390000","symbol":"XRPBUSD"},"level":"info","message":"Latest price","service":"api-6ab7524-binance-XRPBUSD","timestamp":"2022-02-20T12:46:25.374Z"}
{"assetPair":"XRPBUSD","data":{"price":"0.79410000","symbol":"XRPBUSD"},"level":"info","message":"Latest price","service":"api-6ab7524-binance-XRPBUSD","timestamp":"2022-02-20T12:49:25.405Z"}
{"assetPair":"XRPBUSD","data":{"price":"0.79430000","symbol":"XRPBUSD"},"level":"info","message":"Latest price","service":"api-6ab7524-binance-XRPBUSD","timestamp":"2022-02-20T12:52:25.491Z"}
{"assetPair":"XRPBUSD","data":{"price":"0.79080000","symbol":"XRPBUSD"},"level":"info","message":"Latest price","service":"api-6ab7524-binance-XRPBUSD","timestamp":"2022-02-20T12:55:25.533Z"}
{"assetPair":"XRPBUSD","data":{"price":"0.79160000","symbol":"XRPBUSD"},"level":"info","message":"Latest price","service":"api-6ab7524-binance-XRPBUSD","timestamp":"2022-02-20T12:58:25.565Z"}
