{"assetPair":"XRPBUSD","data":{"price":"0.73670000","symbol":"XRPBUSD"},"level":"info","message":"Latest price","service":"api-d27bc23-binance-XRPBUSD","timestamp":"2022-03-04T13:01:49.654Z"}
{"assetPair":"XRPBUSD","data":{"price":"0.73680000","symbol":"XRPBUSD"},"level":"info","message":"Latest price","service":"api-d27bc23-binance-XRPBUSD","timestamp":"2022-03-04T13:04:49.694Z"}
{"assetPair":"XRPBUSD","data":{"price":"0.73760000","symbol":"XRPBUSD"},"level":"info","message":"Latest price","service":"api-d27bc23-binance-XRPBUSD","timestamp":"2022-03-04T13:07:49.722Z"}
{"assetPair":"XRPBUSD","data":{"price":"0.73780000","symbol":"XRPBUSD"},"level":"info","message":"Latest price","service":"api-d27bc23-binance-XRPBUSD","timestamp":"2022-03-04T13:10:49.755Z"}
{"assetPair":"XRPBUSD","data":{"price":"0.73740000","symbol":"XRPBUSD"},"level":"info","message":"Latest price","service":"api-d27bc23-binance-XRPBUSD","timestamp":"2022-03-04T13:13:49.787Z"}
{"assetPair":"XRPBUSD","data":{"price":"0.73710000","symbol":"XRPBUSD"},"level":"info","message":"Latest price","service":"api-d27bc23-binance-XRPBUSD","timestamp":"2022-03-04T13:16:49.814Z"}
{"assetPair":"XRPBUSD","data":{"price":"0.73700000","symbol":"XRPBUSD"},"level":"info","message":"Latest price","service":"api-d27bc23-binance-XRPBUSD","timestamp":"2022-03-04T13:19:49.848Z"}
{"assetPair":"XRPBUSD","data":{"price":"0.73760000","symbol":"XRPBUSD"},"level":"info","message":"Latest price","service":"api-d27bc23-binance-XRPBUSD","timestamp":"2022-03-04T13:22:49.873Z"}
{"assetPair":"XRPBUSD","data":{"price":"0.73780000","symbol":"XRPBUSD"},"level":"info","message":"Latest price","service":"api-d27bc23-binance-XRPBUSD","timestamp":"2022-03-04T13:25:49.905Z"}
{"assetPair":"XRPBUSD","data":{"price":"0.73860000","symbol":"XRPBUSD"},"level":"info","message":"Latest price","service":"api-d27bc23-binance-XRPBUSD","timestamp":"2022-03-04T13:28:49.940Z"}
{"assetPair":"XRPBUSD","data":{"price":"0.74200000","symbol":"XRPBUSD"},"level":"info","message":"Latest price","service":"api-d27bc23-binance-XRPBUSD","timestamp":"2022-03-04T13:31:50.032Z"}
{"assetPair":"XRPBUSD","data":{"price":"0.74020000","symbol":"XRPBUSD"},"level":"info","message":"Latest price","service":"api-d27bc23-binance-XRPBUSD","timestamp":"2022-03-04T13:34:50.086Z"}
{"assetPair":"XRPBUSD","data":{"price":"0.73820000","symbol":"XRPBUSD"},"level":"info","message":"Latest price","service":"api-d27bc23-binance-XRPBUSD","timestamp":"2022-03-04T13:37:50.116Z"}
{"assetPair":"XRPBUSD","data":{"price":"0.73980000","symbol":"XRPBUSD"},"level":"info","message":"Latest price","service":"api-d27bc23-binance-XRPBUSD","timestamp":"2022-03-04T13:40:50.181Z"}
{"assetPair":"XRPBUSD","data":{"price":"0.73860000","symbol":"XRPBUSD"},"level":"info","message":"Latest price","service":"api-d27bc23-binance-XRPBUSD","timestamp":"2022-03-04T13:43:50.217Z"}
{"assetPair":"XRPBUSD","data":{"price":"0.73890000","symbol":"XRPBUSD"},"level":"info","message":"Latest price","service":"api-d27bc23-binance-XRPBUSD","timestamp":"2022-03-04T13:46:50.277Z"}
{"assetPair":"XRPBUSD","data":{"price":"0.73860000","symbol":"XRPBUSD"},"level":"info","message":"Latest price","service":"api-d27bc23-binance-XRPBUSD","timestamp":"2022-03-04T13:49:50.311Z"}
{"assetPair":"XRPBUSD","data":{"price":"0.73860000","symbol":"XRPBUSD"},"level":"info","message":"Latest price","service":"api-d27bc23-binance-XRPBUSD","timestamp":"2022-03-04T13:52:50.340Z"}
{"assetPair":"XRPBUSD","data":{"price":"0.73700000","symbol":"XRPBUSD"},"level":"info","message":"Latest price","service":"api-d27bc23-binance-XRPBUSD","timestamp":"2022-03-04T13:55:50.368Z"}
{"assetPair":"XRPBUSD","data":{"price":"0.73650000","symbol":"XRPBUSD"},"level":"info","message":"Latest price","service":"api-d27bc23-binance-XRPBUSD","timestamp":"2022-03-04T13:58:50.426Z"}
{"assetPair":"XRPBUSD","data":{"price":"0.73750000","symbol":"XRPBUSD"},"level":"info","message":"Latest price","service":"api-d27bc23-binance-XRPBUSD","timestamp":"2022-03-04T14:01:50.456Z"}
{"assetPair":"XRPBUSD","data":{"price":"0.73820000","symbol":"XRPBUSD"},"level":"info","message":"Latest price","service":"api-d27bc23-binance-XRPBUSD","timestamp":"2022-03-04T14:04:50.529Z"}
{"assetPair":"XRPBUSD","data":{"price":"0.73490000","symbol":"XRPBUSD"},"level":"info","message":"Latest price","service":"api-d27bc23-binance-XRPBUSD","timestamp":"2022-03-04T14:07:50.562Z"}
{"assetPair":"XRPBUSD","data":{"price":"0.73500000","symbol":"XRPBUSD"},"level":"info","message":"Latest price","service":"api-d27bc23-binance-XRPBUSD","timestamp":"2022-03-04T14:10:50.594Z"}
{"assetPair":"XRPBUSD","data":{"price":"0.73470000","symbol":"XRPBUSD"},"level":"info","message":"Latest price","service":"api-d27bc23-binance-XRPBUSD","timestamp":"2022-03-04T14:13:50.626Z"}
{"assetPair":"XRPBUSD","data":{"price":"0.73000000","symbol":"XRPBUSD"},"level":"info","message":"Latest price","service":"api-d27bc23-binance-XRPBUSD","timestamp":"2022-03-04T14:16:50.660Z"}
{"assetPair":"XRPBUSD","data":{"price":"0.73270000","symbol":"XRPBUSD"},"level":"info","message":"Latest price","service":"api-d27bc23-binance-XRPBUSD","timestamp":"2022-03-04T14:19:50.689Z"}
{"assetPair":"XRPBUSD","data":{"price":"0.73580000","symbol":"XRPBUSD"},"level":"info","message":"Latest price","service":"api-d27bc23-binance-XRPBUSD","timestamp":"2022-03-04T14:22:50.724Z"}
{"assetPair":"XRPBUSD","data":{"price":"0.73630000","symbol":"XRPBUSD"},"level":"info","message":"Latest price","service":"api-d27bc23-binance-XRPBUSD","timestamp":"2022-03-04T14:25:50.754Z"}
{"assetPair":"XRPBUSD","data":{"price":"0.73630000","symbol":"XRPBUSD"},"level":"info","message":"Latest price","service":"api-d27bc23-binance-XRPBUSD","timestamp":"2022-03-04T14:28:50.786Z"}
{"assetPair":"XRPBUSD","data":{"price":"0.73640000","symbol":"XRPBUSD"},"level":"info","message":"Latest price","service":"api-d27bc23-binance-XRPBUSD","timestamp":"2022-03-04T14:31:50.823Z"}
{"assetPair":"XRPBUSD","data":{"price":"0.73520000","symbol":"XRPBUSD"},"level":"info","message":"Latest price","service":"api-d27bc23-binance-XRPBUSD","timestamp":"2022-03-04T14:34:50.856Z"}
{"assetPair":"XRPBUSD","data":{"price":"0.73810000","symbol":"XRPBUSD"},"level":"info","message":"Latest price","service":"api-d27bc23-binance-XRPBUSD","timestamp":"2022-03-04T14:37:50.927Z"}
{"assetPair":"XRPBUSD","data":{"price":"0.73640000","symbol":"XRPBUSD"},"level":"info","message":"Latest price","service":"api-d27bc23-binance-XRPBUSD","timestamp":"2022-03-04T14:40:50.957Z"}
{"assetPair":"XRPBUSD","data":{"price":"0.73510000","symbol":"XRPBUSD"},"level":"info","message":"Latest price","service":"api-d27bc23-binance-XRPBUSD","timestamp":"2022-03-04T14:43:50.991Z"}
{"assetPair":"XRPBUSD","data":{"price":"0.73120000","symbol":"XRPBUSD"},"level":"info","message":"Latest price","service":"api-d27bc23-binance-XRPBUSD","timestamp":"2022-03-04T14:46:51.027Z"}
{"assetPair":"XRPBUSD","data":{"price":"0.72900000","symbol":"XRPBUSD"},"level":"info","message":"Latest price","service":"api-d27bc23-binance-XRPBUSD","timestamp":"2022-03-04T14:49:51.067Z"}
{"assetPair":"XRPBUSD","data":{"price":"0.72950000","symbol":"XRPBUSD"},"level":"info","message":"Latest price","service":"api-d27bc23-binance-XRPBUSD","timestamp":"2022-03-04T14:52:51.101Z"}
{"assetPair":"XRPBUSD","data":{"price":"0.73010000","symbol":"XRPBUSD"},"level":"info","message":"Latest price","service":"api-d27bc23-binance-XRPBUSD","timestamp":"2022-03-04T14:55:51.127Z"}
{"assetPair":"XRPBUSD","data":{"price":"0.73280000","symbol":"XRPBUSD"},"level":"info","message":"Latest price","service":"api-d27bc23-binance-XRPBUSD","timestamp":"2022-03-04T14:58:51.154Z"}
{"assetPair":"XRPBUSD","data":{"price":"0.73310000","symbol":"XRPBUSD"},"level":"info","message":"Latest price","service":"api-d27bc23-binance-XRPBUSD","timestamp":"2022-03-04T15:01:51.182Z"}
{"assetPair":"XRPBUSD","data":{"price":"0.73200000","symbol":"XRPBUSD"},"level":"info","message":"Latest price","service":"api-d27bc23-binance-XRPBUSD","timestamp":"2022-03-04T15:04:51.212Z"}
{"assetPair":"XRPBUSD","data":{"price":"0.73120000","symbol":"XRPBUSD"},"level":"info","message":"Latest price","service":"api-d27bc23-binance-XRPBUSD","timestamp":"2022-03-04T15:07:51.237Z"}
{"assetPair":"XRPBUSD","data":{"price":"0.73040000","symbol":"XRPBUSD"},"level":"info","message":"Latest price","service":"api-d27bc23-binance-XRPBUSD","timestamp":"2022-03-04T15:10:51.268Z"}
{"assetPair":"XRPBUSD","data":{"price":"0.73050000","symbol":"XRPBUSD"},"level":"info","message":"Latest price","service":"api-d27bc23-binance-XRPBUSD","timestamp":"2022-03-04T15:13:51.294Z"}
{"assetPair":"XRPBUSD","data":{"price":"0.73140000","symbol":"XRPBUSD"},"level":"info","message":"Latest price","service":"api-d27bc23-binance-XRPBUSD","timestamp":"2022-03-04T15:16:51.346Z"}
{"assetPair":"XRPBUSD","data":{"price":"0.72920000","symbol":"XRPBUSD"},"level":"info","message":"Latest price","service":"api-d27bc23-binance-XRPBUSD","timestamp":"2022-03-04T15:19:51.372Z"}
{"assetPair":"XRPBUSD","data":{"price":"0.73190000","symbol":"XRPBUSD"},"level":"info","message":"Latest price","service":"api-d27bc23-binance-XRPBUSD","timestamp":"2022-03-04T15:22:51.405Z"}
{"assetPair":"XRPBUSD","data":{"price":"0.73220000","symbol":"XRPBUSD"},"level":"info","message":"Latest price","service":"api-d27bc23-binance-XRPBUSD","timestamp":"2022-03-04T15:25:51.437Z"}
{"assetPair":"XRPBUSD","data":{"price":"0.73300000","symbol":"XRPBUSD"},"level":"info","message":"Latest price","service":"api-d27bc23-binance-XRPBUSD","timestamp":"2022-03-04T15:28:51.468Z"}
{"assetPair":"XRPBUSD","data":{"price":"0.73070000","symbol":"XRPBUSD"},"level":"info","message":"Latest price","service":"api-d27bc23-binance-XRPBUSD","timestamp":"2022-03-04T15:31:51.507Z"}
{"assetPair":"XRPBUSD","data":{"price":"0.73020000","symbol":"XRPBUSD"},"level":"info","message":"Latest price","service":"api-d27bc23-binance-XRPBUSD","timestamp":"2022-03-04T15:34:51.545Z"}
{"assetPair":"XRPBUSD","data":{"price":"0.73190000","symbol":"XRPBUSD"},"level":"info","message":"Latest price","service":"api-d27bc23-binance-XRPBUSD","timestamp":"2022-03-04T15:37:51.606Z"}
{"assetPair":"XRPBUSD","data":{"price":"0.73040000","symbol":"XRPBUSD"},"level":"info","message":"Latest price","service":"api-d27bc23-binance-XRPBUSD","timestamp":"2022-03-04T15:40:51.661Z"}
{"assetPair":"XRPBUSD","data":{"price":"0.72950000","symbol":"XRPBUSD"},"level":"info","message":"Latest price","service":"api-d27bc23-binance-XRPBUSD","timestamp":"2022-03-04T15:43:51.694Z"}
{"assetPair":"XRPBUSD","data":{"price":"0.73040000","symbol":"XRPBUSD"},"level":"info","message":"Latest price","service":"api-d27bc23-binance-XRPBUSD","timestamp":"2022-03-04T15:46:51.719Z"}
{"assetPair":"XRPBUSD","data":{"price":"0.73120000","symbol":"XRPBUSD"},"level":"info","message":"Latest price","service":"api-d27bc23-binance-XRPBUSD","timestamp":"2022-03-04T15:49:51.773Z"}
{"assetPair":"XRPBUSD","data":{"price":"0.73300000","symbol":"XRPBUSD"},"level":"info","message":"Latest price","service":"api-d27bc23-binance-XRPBUSD","timestamp":"2022-03-04T15:52:51.807Z"}
{"assetPair":"XRPBUSD","data":{"price":"0.73340000","symbol":"XRPBUSD"},"level":"info","message":"Latest price","service":"api-d27bc23-binance-XRPBUSD","timestamp":"2022-03-04T15:55:51.841Z"}
{"assetPair":"XRPBUSD","data":{"price":"0.73320000","symbol":"XRPBUSD"},"level":"info","message":"Latest price","service":"api-d27bc23-binance-XRPBUSD","timestamp":"2022-03-04T15:58:51.870Z"}
{"assetPair":"XRPBUSD","data":{"price":"0.73280000","symbol":"XRPBUSD"},"level":"info","message":"Latest price","service":"api-d27bc23-binance-XRPBUSD","timestamp":"2022-03-04T16:01:51.893Z"}
{"assetPair":"XRPBUSD","data":{"price":"0.72950000","symbol":"XRPBUSD"},"level":"info","message":"Latest price","service":"api-d27bc23-binance-XRPBUSD","timestamp":"2022-03-04T16:04:51.948Z"}
{"assetPair":"XRPBUSD","data":{"price":"0.73160000","symbol":"XRPBUSD"},"level":"info","message":"Latest price","service":"api-d27bc23-binance-XRPBUSD","timestamp":"2022-03-04T16:07:52.025Z"}
{"assetPair":"XRPBUSD","data":{"price":"0.73120000","symbol":"XRPBUSD"},"level":"info","message":"Latest price","service":"api-d27bc23-binance-XRPBUSD","timestamp":"2022-03-04T16:10:52.059Z"}
{"assetPair":"XRPBUSD","data":{"price":"0.73350000","symbol":"XRPBUSD"},"level":"info","message":"Latest price","service":"api-d27bc23-binance-XRPBUSD","timestamp":"2022-03-04T16:13:52.127Z"}
{"assetPair":"XRPBUSD","data":{"price":"0.73680000","symbol":"XRPBUSD"},"level":"info","message":"Latest price","service":"api-d27bc23-binance-XRPBUSD","timestamp":"2022-03-04T16:16:52.191Z"}
{"assetPair":"XRPBUSD","data":{"price":"0.73620000","symbol":"XRPBUSD"},"level":"info","message":"Latest price","service":"api-d27bc23-binance-XRPBUSD","timestamp":"2022-03-04T16:19:52.271Z"}
{"assetPair":"XRPBUSD","data":{"price":"0.73530000","symbol":"XRPBUSD"},"level":"info","message":"Latest price","service":"api-d27bc23-binance-XRPBUSD","timestamp":"2022-03-04T16:22:52.303Z"}
{"assetPair":"XRPBUSD","data":{"price":"0.73500000","symbol":"XRPBUSD"},"level":"info","message":"Latest price","service":"api-d27bc23-binance-XRPBUSD","timestamp":"2022-03-04T16:25:52.377Z"}
{"assetPair":"XRPBUSD","data":{"price":"0.73580000","symbol":"XRPBUSD"},"level":"info","message":"Latest price","service":"api-d27bc23-binance-XRPBUSD","timestamp":"2022-03-04T16:28:52.435Z"}
{"assetPair":"XRPBUSD","data":{"price":"0.73480000","symbol":"XRPBUSD"},"level":"info","message":"Latest price","service":"api-d27bc23-binance-XRPBUSD","timestamp":"2022-03-04T16:31:52.466Z"}
{"assetPair":"XRPBUSD","data":{"price":"0.73420000","symbol":"XRPBUSD"},"level":"info","message":"Latest price","service":"api-d27bc23-binance-XRPBUSD","timestamp":"2022-03-04T16:34:52.503Z"}
{"assetPair":"XRPBUSD","data":{"price":"0.73800000","symbol":"XRPBUSD"},"level":"info","message":"Latest price","service":"api-d27bc23-binance-XRPBUSD","timestamp":"2022-03-04T16:37:52.530Z"}
{"assetPair":"XRPBUSD","data":{"price":"0.73980000","symbol":"XRPBUSD"},"level":"info","message":"Latest price","service":"api-d27bc23-binance-XRPBUSD","timestamp":"2022-03-04T16:40:52.555Z"}
{"assetPair":"XRPBUSD","data":{"price":"0.73810000","symbol":"XRPBUSD"},"level":"info","message":"Latest price","service":"api-d27bc23-binance-XRPBUSD","timestamp":"2022-03-04T16:43:52.586Z"}
{"assetPair":"XRPBUSD","data":{"price":"0.73900000","symbol":"XRPBUSD"},"level":"info","message":"Latest price","service":"api-d27bc23-binance-XRPBUSD","timestamp":"2022-03-04T16:46:52.614Z"}
{"assetPair":"XRPBUSD","data":{"price":"0.73810000","symbol":"XRPBUSD"},"level":"info","message":"Latest price","service":"api-d27bc23-binance-XRPBUSD","timestamp":"2022-03-04T16:49:52.668Z"}
{"assetPair":"XRPBUSD","data":{"price":"0.73700000","symbol":"XRPBUSD"},"level":"info","message":"Latest price","service":"api-d27bc23-binance-XRPBUSD","timestamp":"2022-03-04T16:52:52.696Z"}
{"assetPair":"XRPBUSD","data":{"price":"0.73860000","symbol":"XRPBUSD"},"level":"info","message":"Latest price","service":"api-d27bc23-binance-XRPBUSD","timestamp":"2022-03-04T16:55:52.725Z"}
{"assetPair":"XRPBUSD","data":{"price":"0.73830000","symbol":"XRPBUSD"},"level":"info","message":"Latest price","service":"api-d27bc23-binance-XRPBUSD","timestamp":"2022-03-04T16:58:52.779Z"}
{"assetPair":"XRPBUSD","data":{"price":"0.73630000","symbol":"XRPBUSD"},"level":"info","message":"Latest price","service":"api-d27bc23-binance-XRPBUSD","timestamp":"2022-03-04T17:01:52.806Z"}
{"assetPair":"XRPBUSD","data":{"price":"0.73820000","symbol":"XRPBUSD"},"level":"info","message":"Latest price","service":"api-d27bc23-binance-XRPBUSD","timestamp":"2022-03-04T17:04:52.835Z"}
{"assetPair":"XRPBUSD","data":{"price":"0.73950000","symbol":"XRPBUSD"},"level":"info","message":"Latest price","service":"api-d27bc23-binance-XRPBUSD","timestamp":"2022-03-04T17:07:52.871Z"}
{"assetPair":"XRPBUSD","data":{"price":"0.73990000","symbol":"XRPBUSD"},"level":"info","message":"Latest price","service":"api-d27bc23-binance-XRPBUSD","timestamp":"2022-03-04T17:10:52.929Z"}
{"assetPair":"XRPBUSD","data":{"price":"0.74080000","symbol":"XRPBUSD"},"level":"info","message":"Latest price","service":"api-d27bc23-binance-XRPBUSD","timestamp":"2022-03-04T17:13:52.961Z"}
{"assetPair":"XRPBUSD","data":{"price":"0.74210000","symbol":"XRPBUSD"},"level":"info","message":"Latest price","service":"api-d27bc23-binance-XRPBUSD","timestamp":"2022-03-04T17:16:52.998Z"}
{"assetPair":"XRPBUSD","data":{"price":"0.73990000","symbol":"XRPBUSD"},"level":"info","message":"Latest price","service":"api-d27bc23-binance-XRPBUSD","timestamp":"2022-03-04T17:19:53.058Z"}
{"assetPair":"XRPBUSD","data":{"price":"0.74110000","symbol":"XRPBUSD"},"level":"info","message":"Latest price","service":"api-d27bc23-binance-XRPBUSD","timestamp":"2022-03-04T17:22:53.088Z"}
{"assetPair":"XRPBUSD","data":{"price":"0.74140000","symbol":"XRPBUSD"},"level":"info","message":"Latest price","service":"api-d27bc23-binance-XRPBUSD","timestamp":"2022-03-04T17:25:53.117Z"}
{"assetPair":"XRPBUSD","data":{"price":"0.74110000","symbol":"XRPBUSD"},"level":"info","message":"Latest price","service":"api-d27bc23-binance-XRPBUSD","timestamp":"2022-03-04T17:28:53.150Z"}
{"assetPair":"XRPBUSD","data":{"price":"0.74120000","symbol":"XRPBUSD"},"level":"info","message":"Latest price","service":"api-d27bc23-binance-XRPBUSD","timestamp":"2022-03-04T17:31:53.204Z"}
{"assetPair":"XRPBUSD","data":{"price":"0.73990000","symbol":"XRPBUSD"},"level":"info","message":"Latest price","service":"api-d27bc23-binance-XRPBUSD","timestamp":"2022-03-04T17:34:53.264Z"}
{"assetPair":"XRPBUSD","data":{"price":"0.74030000","symbol":"XRPBUSD"},"level":"info","message":"Latest price","service":"api-d27bc23-binance-XRPBUSD","timestamp":"2022-03-04T17:37:53.296Z"}
{"assetPair":"XRPBUSD","data":{"price":"0.73970000","symbol":"XRPBUSD"},"level":"info","message":"Latest price","service":"api-d27bc23-binance-XRPBUSD","timestamp":"2022-03-04T17:40:53.368Z"}
{"assetPair":"XRPBUSD","data":{"price":"0.73720000","symbol":"XRPBUSD"},"level":"info","message":"Latest price","service":"api-d27bc23-binance-XRPBUSD","timestamp":"2022-03-04T17:43:53.435Z"}
{"assetPair":"XRPBUSD","data":{"price":"0.73750000","symbol":"XRPBUSD"},"level":"info","message":"Latest price","service":"api-d27bc23-binance-XRPBUSD","timestamp":"2022-03-04T17:46:53.462Z"}
{"assetPair":"XRPBUSD","data":{"price":"0.73820000","symbol":"XRPBUSD"},"level":"info","message":"Latest price","service":"api-d27bc23-binance-XRPBUSD","timestamp":"2022-03-04T17:49:53.495Z"}
{"assetPair":"XRPBUSD","data":{"price":"0.73810000","symbol":"XRPBUSD"},"level":"info","message":"Latest price","service":"api-d27bc23-binance-XRPBUSD","timestamp":"2022-03-04T17:52:53.552Z"}
{"assetPair":"XRPBUSD","data":{"price":"0.73880000","symbol":"XRPBUSD"},"level":"info","message":"Latest price","service":"api-d27bc23-binance-XRPBUSD","timestamp":"2022-03-04T17:55:53.580Z"}
{"assetPair":"XRPBUSD","data":{"price":"0.73900000","symbol":"XRPBUSD"},"level":"info","message":"Latest price","service":"api-d27bc23-binance-XRPBUSD","timestamp":"2022-03-04T17:58:53.616Z"}
{"assetPair":"XRPBUSD","data":{"price":"0.73820000","symbol":"XRPBUSD"},"level":"info","message":"Latest price","service":"api-d27bc23-binance-XRPBUSD","timestamp":"2022-03-04T18:01:53.650Z"}
{"assetPair":"XRPBUSD","data":{"price":"0.73850000","symbol":"XRPBUSD"},"level":"info","message":"Latest price","service":"api-d27bc23-binance-XRPBUSD","timestamp":"2022-03-04T18:04:53.679Z"}
{"assetPair":"XRPBUSD","data":{"price":"0.73890000","symbol":"XRPBUSD"},"level":"info","message":"Latest price","service":"api-d27bc23-binance-XRPBUSD","timestamp":"2022-03-04T18:07:53.711Z"}
{"assetPair":"XRPBUSD","data":{"price":"0.73880000","symbol":"XRPBUSD"},"level":"info","message":"Latest price","service":"api-d27bc23-binance-XRPBUSD","timestamp":"2022-03-04T18:10:53.740Z"}
{"assetPair":"XRPBUSD","data":{"price":"0.73790000","symbol":"XRPBUSD"},"level":"info","message":"Latest price","service":"api-d27bc23-binance-XRPBUSD","timestamp":"2022-03-04T18:13:53.774Z"}
{"assetPair":"XRPBUSD","data":{"price":"0.73710000","symbol":"XRPBUSD"},"level":"info","message":"Latest price","service":"api-d27bc23-binance-XRPBUSD","timestamp":"2022-03-04T18:16:53.798Z"}
{"assetPair":"XRPBUSD","data":{"price":"0.73680000","symbol":"XRPBUSD"},"level":"info","message":"Latest price","service":"api-d27bc23-binance-XRPBUSD","timestamp":"2022-03-04T18:19:53.824Z"}
{"assetPair":"XRPBUSD","data":{"price":"0.73720000","symbol":"XRPBUSD"},"level":"info","message":"Latest price","service":"api-d27bc23-binance-XRPBUSD","timestamp":"2022-03-04T18:22:53.849Z"}
{"assetPair":"XRPBUSD","data":{"price":"0.73660000","symbol":"XRPBUSD"},"level":"info","message":"Latest price","service":"api-d27bc23-binance-XRPBUSD","timestamp":"2022-03-04T18:25:53.892Z"}
{"assetPair":"XRPBUSD","data":{"price":"0.73690000","symbol":"XRPBUSD"},"level":"info","message":"Latest price","service":"api-d27bc23-binance-XRPBUSD","timestamp":"2022-03-04T18:28:53.929Z"}
{"assetPair":"XRPBUSD","data":{"price":"0.73700000","symbol":"XRPBUSD"},"level":"info","message":"Latest price","service":"api-d27bc23-binance-XRPBUSD","timestamp":"2022-03-04T18:31:54.002Z"}
{"assetPair":"XRPBUSD","data":{"price":"0.73730000","symbol":"XRPBUSD"},"level":"info","message":"Latest price","service":"api-d27bc23-binance-XRPBUSD","timestamp":"2022-03-04T18:34:54.030Z"}
{"assetPair":"XRPBUSD","data":{"price":"0.73680000","symbol":"XRPBUSD"},"level":"info","message":"Latest price","service":"api-d27bc23-binance-XRPBUSD","timestamp":"2022-03-04T18:37:54.059Z"}
{"assetPair":"XRPBUSD","data":{"price":"0.73780000","symbol":"XRPBUSD"},"level":"info","message":"Latest price","service":"api-d27bc23-binance-XRPBUSD","timestamp":"2022-03-04T18:40:54.089Z"}
{"assetPair":"XRPBUSD","data":{"price":"0.73560000","symbol":"XRPBUSD"},"level":"info","message":"Latest price","service":"api-d27bc23-binance-XRPBUSD","timestamp":"2022-03-04T18:43:54.143Z"}
{"assetPair":"XRPBUSD","data":{"price":"0.73600000","symbol":"XRPBUSD"},"level":"info","message":"Latest price","service":"api-d27bc23-binance-XRPBUSD","timestamp":"2022-03-04T18:46:54.173Z"}
{"assetPair":"XRPBUSD","data":{"price":"0.73350000","symbol":"XRPBUSD"},"level":"info","message":"Latest price","service":"api-d27bc23-binance-XRPBUSD","timestamp":"2022-03-04T18:49:54.204Z"}
{"assetPair":"XRPBUSD","data":{"price":"0.73390000","symbol":"XRPBUSD"},"level":"info","message":"Latest price","service":"api-d27bc23-binance-XRPBUSD","timestamp":"2022-03-04T18:52:54.238Z"}
{"assetPair":"XRPBUSD","data":{"price":"0.73400000","symbol":"XRPBUSD"},"level":"info","message":"Latest price","service":"api-d27bc23-binance-XRPBUSD","timestamp":"2022-03-04T18:55:54.275Z"}
{"assetPair":"XRPBUSD","data":{"price":"0.73160000","symbol":"XRPBUSD"},"level":"info","message":"Latest price","service":"api-d27bc23-binance-XRPBUSD","timestamp":"2022-03-04T18:58:54.307Z"}
{"assetPair":"XRPBUSD","data":{"price":"0.73020000","symbol":"XRPBUSD"},"level":"info","message":"Latest price","service":"api-d27bc23-binance-XRPBUSD","timestamp":"2022-03-04T19:01:54.339Z"}
{"assetPair":"XRPBUSD","data":{"price":"0.72910000","symbol":"XRPBUSD"},"level":"info","message":"Latest price","service":"api-d27bc23-binance-XRPBUSD","timestamp":"2022-03-04T19:04:54.410Z"}
{"assetPair":"XRPBUSD","data":{"price":"0.72980000","symbol":"XRPBUSD"},"level":"info","message":"Latest price","service":"api-d27bc23-binance-XRPBUSD","timestamp":"2022-03-04T19:07:54.464Z"}
{"assetPair":"XRPBUSD","data":{"price":"0.72510000","symbol":"XRPBUSD"},"level":"info","message":"Latest price","service":"api-d27bc23-binance-XRPBUSD","timestamp":"2022-03-04T19:10:54.514Z"}
{"assetPair":"XRPBUSD","data":{"price":"0.72260000","symbol":"XRPBUSD"},"level":"info","message":"Latest price","service":"api-d27bc23-binance-XRPBUSD","timestamp":"2022-03-04T19:13:54.539Z"}
{"assetPair":"XRPBUSD","data":{"price":"0.72260000","symbol":"XRPBUSD"},"level":"info","message":"Latest price","service":"api-d27bc23-binance-XRPBUSD","timestamp":"2022-03-04T19:16:54.573Z"}
{"assetPair":"XRPBUSD","data":{"price":"0.72160000","symbol":"XRPBUSD"},"level":"info","message":"Latest price","service":"api-d27bc23-binance-XRPBUSD","timestamp":"2022-03-04T19:19:54.608Z"}
{"assetPair":"XRPBUSD","data":{"price":"0.72080000","symbol":"XRPBUSD"},"level":"info","message":"Latest price","service":"api-d27bc23-binance-XRPBUSD","timestamp":"2022-03-04T19:22:54.635Z"}
{"assetPair":"XRPBUSD","data":{"price":"0.72190000","symbol":"XRPBUSD"},"level":"info","message":"Latest price","service":"api-d27bc23-binance-XRPBUSD","timestamp":"2022-03-04T19:25:54.737Z"}
{"assetPair":"XRPBUSD","data":{"price":"0.72040000","symbol":"XRPBUSD"},"level":"info","message":"Latest price","service":"api-d27bc23-binance-XRPBUSD","timestamp":"2022-03-04T19:28:54.766Z"}
{"assetPair":"XRPBUSD","data":{"price":"0.72210000","symbol":"XRPBUSD"},"level":"info","message":"Latest price","service":"api-d27bc23-binance-XRPBUSD","timestamp":"2022-03-04T19:31:54.797Z"}
{"assetPair":"XRPBUSD","data":{"price":"0.72070000","symbol":"XRPBUSD"},"level":"info","message":"Latest price","service":"api-d27bc23-binance-XRPBUSD","timestamp":"2022-03-04T19:34:54.829Z"}
{"assetPair":"XRPBUSD","data":{"price":"0.71620000","symbol":"XRPBUSD"},"level":"info","message":"Latest price","service":"api-d27bc23-binance-XRPBUSD","timestamp":"2022-03-04T19:37:54.895Z"}
{"assetPair":"XRPBUSD","data":{"price":"0.71700000","symbol":"XRPBUSD"},"level":"info","message":"Latest price","service":"api-d27bc23-binance-XRPBUSD","timestamp":"2022-03-04T19:40:54.923Z"}
{"assetPair":"XRPBUSD","data":{"price":"0.71610000","symbol":"XRPBUSD"},"level":"info","message":"Latest price","service":"api-d27bc23-binance-XRPBUSD","timestamp":"2022-03-04T19:43:54.975Z"}
{"assetPair":"XRPBUSD","data":{"price":"0.71650000","symbol":"XRPBUSD"},"level":"info","message":"Latest price","service":"api-d27bc23-binance-XRPBUSD","timestamp":"2022-03-04T19:46:55.006Z"}
{"assetPair":"XRPBUSD","data":{"price":"0.71550000","symbol":"XRPBUSD"},"level":"info","message":"Latest price","service":"api-d27bc23-binance-XRPBUSD","timestamp":"2022-03-04T19:49:55.082Z"}
{"assetPair":"XRPBUSD","data":{"price":"0.71490000","symbol":"XRPBUSD"},"level":"info","message":"Latest price","service":"api-d27bc23-binance-XRPBUSD","timestamp":"2022-03-04T19:52:55.110Z"}
{"assetPair":"XRPBUSD","data":{"price":"0.71510000","symbol":"XRPBUSD"},"level":"info","message":"Latest price","service":"api-d27bc23-binance-XRPBUSD","timestamp":"2022-03-04T19:55:55.177Z"}
{"assetPair":"XRPBUSD","data":{"price":"0.71380000","symbol":"XRPBUSD"},"level":"info","message":"Latest price","service":"api-d27bc23-binance-XRPBUSD","timestamp":"2022-03-04T19:58:55.202Z"}
{"assetPair":"XRPBUSD","data":{"price":"0.71350000","symbol":"XRPBUSD"},"level":"info","message":"Latest price","service":"api-d27bc23-binance-XRPBUSD","timestamp":"2022-03-04T20:01:55.284Z"}
{"assetPair":"XRPBUSD","data":{"price":"0.71640000","symbol":"XRPBUSD"},"level":"info","message":"Latest price","service":"api-d27bc23-binance-XRPBUSD","timestamp":"2022-03-04T20:04:55.314Z"}
{"assetPair":"XRPBUSD","data":{"price":"0.71650000","symbol":"XRPBUSD"},"level":"info","message":"Latest price","service":"api-d27bc23-binance-XRPBUSD","timestamp":"2022-03-04T20:07:55.341Z"}
{"assetPair":"XRPBUSD","data":{"price":"0.71690000","symbol":"XRPBUSD"},"level":"info","message":"Latest price","service":"api-d27bc23-binance-XRPBUSD","timestamp":"2022-03-04T20:10:55.369Z"}
{"assetPair":"XRPBUSD","data":{"price":"0.71500000","symbol":"XRPBUSD"},"level":"info","message":"Latest price","service":"api-d27bc23-binance-XRPBUSD","timestamp":"2022-03-04T20:13:55.403Z"}
{"assetPair":"XRPBUSD","data":{"price":"0.71040000","symbol":"XRPBUSD"},"level":"info","message":"Latest price","service":"api-d27bc23-binance-XRPBUSD","timestamp":"2022-03-04T20:16:55.433Z"}
{"assetPair":"XRPBUSD","data":{"price":"0.71100000","symbol":"XRPBUSD"},"level":"info","message":"Latest price","service":"api-d27bc23-binance-XRPBUSD","timestamp":"2022-03-04T20:19:55.460Z"}
{"assetPair":"XRPBUSD","data":{"price":"0.71250000","symbol":"XRPBUSD"},"level":"info","message":"Latest price","service":"api-d27bc23-binance-XRPBUSD","timestamp":"2022-03-04T20:22:55.488Z"}
{"assetPair":"XRPBUSD","data":{"price":"0.71040000","symbol":"XRPBUSD"},"level":"info","message":"Latest price","service":"api-d27bc23-binance-XRPBUSD","timestamp":"2022-03-04T20:25:55.527Z"}
{"balance":{"asset":"XRP","free":"33.41100000","locked":"0.00000000"},"level":"info","message":"Binance balance","service":"api-d27bc23-binance-XRPBUSD","timestamp":"2022-03-04T20:25:55.566Z"}
{"correctedPrice":"0.7104","correctedQty":"33","forAsset":"BUSD","level":"info","message":"Initiating SELL","price":"0.71040000","quantity":"33.41100000","sellAsset":"XRP","service":"api-d27bc23-binance-XRPBUSD","timestamp":"2022-03-04T20:25:55.591Z"}
{"data":{"clientOrderId":"JpI69DRxbyUkh7jCqJp1WR","cummulativeQuoteQty":"23.44650000","executedQty":"33.00000000","fills":[{"commission":"0.02344650","commissionAsset":"BUSD","price":"0.71050000","qty":"33.00000000","tradeId":54347962}],"orderId":735708591,"orderListId":-1,"origQty":"33.00000000","price":"0.71040000","side":"SELL","status":"FILLED","symbol":"XRPBUSD","timeInForce":"GTC","transactTime":1646425555612,"type":"LIMIT"},"level":"info","message":"SELL success","service":"api-d27bc23-binance-XRPBUSD","timestamp":"2022-03-04T20:25:55.616Z"}
{"level":"info","message":"Checking order status","origClientOrderId":"JpI69DRxbyUkh7jCqJp1WR","service":"api-d27bc23-binance-XRPBUSD","symbol":"XRPBUSD","timestamp":"2022-03-04T20:28:55.629Z"}
{"data":{"clientOrderId":"JpI69DRxbyUkh7jCqJp1WR","cummulativeQuoteQty":"23.44650000","executedQty":"33.00000000","icebergQty":"0.00000000","isWorking":true,"orderId":735708591,"orderListId":-1,"origQty":"33.00000000","origQuoteOrderQty":"0.00000000","price":"0.71040000","side":"SELL","status":"FILLED","stopPrice":"0.00000000","symbol":"XRPBUSD","time":1646425555612,"timeInForce":"GTC","type":"LIMIT","updateTime":1646425555612},"level":"info","message":"Order status","service":"api-d27bc23-binance-XRPBUSD","timestamp":"2022-03-04T20:28:55.658Z"}
{"assetPair":"XRPBUSD","data":{"price":"0.71520000","symbol":"XRPBUSD"},"level":"info","message":"Latest price","service":"api-d27bc23-binance-XRPBUSD","timestamp":"2022-03-04T20:28:55.682Z"}
{"assetPair":"XRPBUSD","data":{"price":"0.71340000","symbol":"XRPBUSD"},"level":"info","message":"Latest price","service":"api-d27bc23-binance-XRPBUSD","timestamp":"2022-03-04T20:31:55.786Z"}
{"assetPair":"XRPBUSD","data":{"price":"0.71440000","symbol":"XRPBUSD"},"level":"info","message":"Latest price","service":"api-d27bc23-binance-XRPBUSD","timestamp":"2022-03-04T20:34:55.815Z"}
{"assetPair":"XRPBUSD","data":{"price":"0.71470000","symbol":"XRPBUSD"},"level":"info","message":"Latest price","service":"api-d27bc23-binance-XRPBUSD","timestamp":"2022-03-04T20:37:55.857Z"}
{"assetPair":"XRPBUSD","data":{"price":"0.71480000","symbol":"XRPBUSD"},"level":"info","message":"Latest price","service":"api-d27bc23-binance-XRPBUSD","timestamp":"2022-03-04T20:40:55.891Z"}
{"assetPair":"XRPBUSD","data":{"price":"0.71730000","symbol":"XRPBUSD"},"level":"info","message":"Latest price","service":"api-d27bc23-binance-XRPBUSD","timestamp":"2022-03-04T20:43:55.955Z"}
{"assetPair":"XRPBUSD","data":{"price":"0.71730000","symbol":"XRPBUSD"},"level":"info","message":"Latest price","service":"api-d27bc23-binance-XRPBUSD","timestamp":"2022-03-04T20:46:55.984Z"}
{"assetPair":"XRPBUSD","data":{"price":"0.71640000","symbol":"XRPBUSD"},"level":"info","message":"Latest price","service":"api-d27bc23-binance-XRPBUSD","timestamp":"2022-03-04T20:49:56.014Z"}
{"assetPair":"XRPBUSD","data":{"price":"0.71900000","symbol":"XRPBUSD"},"level":"info","message":"Latest price","service":"api-d27bc23-binance-XRPBUSD","timestamp":"2022-03-04T20:52:56.090Z"}
{"balance":{"asset":"BUSD","free":"87.48802110","locked":"0.00000000"},"level":"info","message":"Binance balance","service":"api-d27bc23-binance-XRPBUSD","timestamp":"2022-03-04T20:52:56.161Z"}
{"buyAsset":"XRP","correctedPrice":"0.7190","correctedQty":"34","level":"info","message":"Initiating BUY","price":"0.719","quantity":"34.42280945757997218359","service":"api-d27bc23-binance-XRPBUSD","timestamp":"2022-03-04T20:52:56.162Z","withAsset":"BUSD"}
{"data":{"clientOrderId":"B6f63IcqmMIpeLjyDPkud9","cummulativeQuoteQty":"24.44260000","executedQty":"34.00000000","fills":[{"commission":"0.03400000","commissionAsset":"XRP","price":"0.71890000","qty":"34.00000000","tradeId":54349671}],"orderId":735731641,"orderListId":-1,"origQty":"34.00000000","price":"0.71900000","side":"BUY","status":"FILLED","symbol":"XRPBUSD","timeInForce":"GTC","transactTime":1646427176217,"type":"LIMIT"},"level":"info","message":"BUY success","service":"api-d27bc23-binance-XRPBUSD","timestamp":"2022-03-04T20:52:56.226Z"}
{"level":"info","message":"Checking order status","origClientOrderId":"B6f63IcqmMIpeLjyDPkud9","service":"api-d27bc23-binance-XRPBUSD","symbol":"XRPBUSD","timestamp":"2022-03-04T20:55:56.230Z"}
{"data":{"clientOrderId":"B6f63IcqmMIpeLjyDPkud9","cummulativeQuoteQty":"24.44260000","executedQty":"34.00000000","icebergQty":"0.00000000","isWorking":true,"orderId":735731641,"orderListId":-1,"origQty":"34.00000000","origQuoteOrderQty":"0.00000000","price":"0.71900000","side":"BUY","status":"FILLED","stopPrice":"0.00000000","symbol":"XRPBUSD","time":1646427176217,"timeInForce":"GTC","type":"LIMIT","updateTime":1646427176217},"level":"info","message":"Order status","service":"api-d27bc23-binance-XRPBUSD","timestamp":"2022-03-04T20:55:56.285Z"}
{"assetPair":"XRPBUSD","data":{"price":"0.71930000","symbol":"XRPBUSD"},"level":"info","message":"Latest price","service":"api-d27bc23-binance-XRPBUSD","timestamp":"2022-03-04T20:55:56.363Z"}
{"assetPair":"XRPBUSD","data":{"price":"0.71780000","symbol":"XRPBUSD"},"level":"info","message":"Latest price","service":"api-d27bc23-binance-XRPBUSD","timestamp":"2022-03-04T20:58:56.390Z"}
{"assetPair":"XRPBUSD","data":{"price":"0.71830000","symbol":"XRPBUSD"},"level":"info","message":"Latest price","service":"api-d27bc23-binance-XRPBUSD","timestamp":"2022-03-04T21:01:56.420Z"}
{"assetPair":"XRPBUSD","data":{"price":"0.71690000","symbol":"XRPBUSD"},"level":"info","message":"Latest price","service":"api-d27bc23-binance-XRPBUSD","timestamp":"2022-03-04T21:04:56.449Z"}
{"assetPair":"XRPBUSD","data":{"price":"0.71720000","symbol":"XRPBUSD"},"level":"info","message":"Latest price","service":"api-d27bc23-binance-XRPBUSD","timestamp":"2022-03-04T21:07:56.477Z"}
{"assetPair":"XRPBUSD","data":{"price":"0.71700000","symbol":"XRPBUSD"},"level":"info","message":"Latest price","service":"api-d27bc23-binance-XRPBUSD","timestamp":"2022-03-04T21:10:56.537Z"}
{"assetPair":"XRPBUSD","data":{"price":"0.71610000","symbol":"XRPBUSD"},"level":"info","message":"Latest price","service":"api-d27bc23-binance-XRPBUSD","timestamp":"2022-03-04T21:13:56.572Z"}
{"assetPair":"XRPBUSD","data":{"price":"0.71420000","symbol":"XRPBUSD"},"level":"info","message":"Latest price","service":"api-d27bc23-binance-XRPBUSD","timestamp":"2022-03-04T21:16:56.603Z"}
{"assetPair":"XRPBUSD","data":{"price":"0.71360000","symbol":"XRPBUSD"},"level":"info","message":"Latest price","service":"api-d27bc23-binance-XRPBUSD","timestamp":"2022-03-04T21:19:56.637Z"}
{"assetPair":"XRPBUSD","data":{"price":"0.71470000","symbol":"XRPBUSD"},"level":"info","message":"Latest price","service":"api-d27bc23-binance-XRPBUSD","timestamp":"2022-03-04T21:22:56.663Z"}
{"assetPair":"XRPBUSD","data":{"price":"0.71560000","symbol":"XRPBUSD"},"level":"info","message":"Latest price","service":"api-d27bc23-binance-XRPBUSD","timestamp":"2022-03-04T21:25:56.718Z"}
{"assetPair":"XRPBUSD","data":{"price":"0.71480000","symbol":"XRPBUSD"},"level":"info","message":"Latest price","service":"api-d27bc23-binance-XRPBUSD","timestamp":"2022-03-04T21:28:56.750Z"}
{"assetPair":"XRPBUSD","data":{"price":"0.71560000","symbol":"XRPBUSD"},"level":"info","message":"Latest price","service":"api-d27bc23-binance-XRPBUSD","timestamp":"2022-03-04T21:31:56.780Z"}
{"assetPair":"XRPBUSD","data":{"price":"0.71190000","symbol":"XRPBUSD"},"level":"info","message":"Latest price","service":"api-d27bc23-binance-XRPBUSD","timestamp":"2022-03-04T21:34:56.813Z"}
{"assetPair":"XRPBUSD","data":{"price":"0.71200000","symbol":"XRPBUSD"},"level":"info","message":"Latest price","service":"api-d27bc23-binance-XRPBUSD","timestamp":"2022-03-04T21:37:56.842Z"}
{"assetPair":"XRPBUSD","data":{"price":"0.71500000","symbol":"XRPBUSD"},"level":"info","message":"Latest price","service":"api-d27bc23-binance-XRPBUSD","timestamp":"2022-03-04T21:40:56.876Z"}
{"assetPair":"XRPBUSD","data":{"price":"0.71610000","symbol":"XRPBUSD"},"level":"info","message":"Latest price","service":"api-d27bc23-binance-XRPBUSD","timestamp":"2022-03-04T21:43:56.915Z"}
{"assetPair":"XRPBUSD","data":{"price":"0.71550000","symbol":"XRPBUSD"},"level":"info","message":"Latest price","service":"api-d27bc23-binance-XRPBUSD","timestamp":"2022-03-04T21:46:56.969Z"}
{"assetPair":"XRPBUSD","data":{"price":"0.71610000","symbol":"XRPBUSD"},"level":"info","message":"Latest price","service":"api-d27bc23-binance-XRPBUSD","timestamp":"2022-03-04T21:49:57.004Z"}
{"assetPair":"XRPBUSD","data":{"price":"0.71540000","symbol":"XRPBUSD"},"level":"info","message":"Latest price","service":"api-d27bc23-binance-XRPBUSD","timestamp":"2022-03-04T21:52:57.082Z"}
{"assetPair":"XRPBUSD","data":{"price":"0.71590000","symbol":"XRPBUSD"},"level":"info","message":"Latest price","service":"api-d27bc23-binance-XRPBUSD","timestamp":"2022-03-04T21:55:57.107Z"}
{"assetPair":"XRPBUSD","data":{"price":"0.71800000","symbol":"XRPBUSD"},"level":"info","message":"Latest price","service":"api-d27bc23-binance-XRPBUSD","timestamp":"2022-03-04T21:58:57.135Z"}
{"assetPair":"XRPBUSD","data":{"price":"0.71770000","symbol":"XRPBUSD"},"level":"info","message":"Latest price","service":"api-d27bc23-binance-XRPBUSD","timestamp":"2022-03-04T22:01:57.165Z"}
{"assetPair":"XRPBUSD","data":{"price":"0.71740000","symbol":"XRPBUSD"},"level":"info","message":"Latest price","service":"api-d27bc23-binance-XRPBUSD","timestamp":"2022-03-04T22:04:57.195Z"}
{"assetPair":"XRPBUSD","data":{"price":"0.71670000","symbol":"XRPBUSD"},"level":"info","message":"Latest price","service":"api-d27bc23-binance-XRPBUSD","timestamp":"2022-03-04T22:07:57.215Z"}
{"assetPair":"XRPBUSD","data":{"price":"0.71590000","symbol":"XRPBUSD"},"level":"info","message":"Latest price","service":"api-d27bc23-binance-XRPBUSD","timestamp":"2022-03-04T22:10:57.265Z"}
{"assetPair":"XRPBUSD","data":{"price":"0.71580000","symbol":"XRPBUSD"},"level":"info","message":"Latest price","service":"api-d27bc23-binance-XRPBUSD","timestamp":"2022-03-04T22:13:57.291Z"}
{"assetPair":"XRPBUSD","data":{"price":"0.71460000","symbol":"XRPBUSD"},"level":"info","message":"Latest price","service":"api-d27bc23-binance-XRPBUSD","timestamp":"2022-03-04T22:16:57.362Z"}
{"assetPair":"XRPBUSD","data":{"price":"0.71300000","symbol":"XRPBUSD"},"level":"info","message":"Latest price","service":"api-d27bc23-binance-XRPBUSD","timestamp":"2022-03-04T22:19:57.391Z"}
{"assetPair":"XRPBUSD","data":{"price":"0.71230000","symbol":"XRPBUSD"},"level":"info","message":"Latest price","service":"api-d27bc23-binance-XRPBUSD","timestamp":"2022-03-04T22:22:57.425Z"}
{"assetPair":"XRPBUSD","data":{"price":"0.71200000","symbol":"XRPBUSD"},"level":"info","message":"Latest price","service":"api-d27bc23-binance-XRPBUSD","timestamp":"2022-03-04T22:25:57.451Z"}
{"assetPair":"XRPBUSD","data":{"price":"0.71090000","symbol":"XRPBUSD"},"level":"info","message":"Latest price","service":"api-d27bc23-binance-XRPBUSD","timestamp":"2022-03-04T22:28:57.479Z"}
{"assetPair":"XRPBUSD","data":{"price":"0.70060000","symbol":"XRPBUSD"},"level":"info","message":"Latest price","service":"api-d27bc23-binance-XRPBUSD","timestamp":"2022-03-04T22:31:57.510Z"}
{"assetPair":"XRPBUSD","data":{"price":"0.70510000","symbol":"XRPBUSD"},"level":"info","message":"Latest price","service":"api-d27bc23-binance-XRPBUSD","timestamp":"2022-03-04T22:34:57.564Z"}
{"assetPair":"XRPBUSD","data":{"price":"0.70690000","symbol":"XRPBUSD"},"level":"info","message":"Latest price","service":"api-d27bc23-binance-XRPBUSD","timestamp":"2022-03-04T22:37:57.620Z"}
{"assetPair":"XRPBUSD","data":{"price":"0.70560000","symbol":"XRPBUSD"},"level":"info","message":"Latest price","service":"api-d27bc23-binance-XRPBUSD","timestamp":"2022-03-04T22:40:57.675Z"}
{"assetPair":"XRPBUSD","data":{"price":"0.70780000","symbol":"XRPBUSD"},"level":"info","message":"Latest price","service":"api-d27bc23-binance-XRPBUSD","timestamp":"2022-03-04T22:43:57.713Z"}
{"assetPair":"XRPBUSD","data":{"price":"0.70890000","symbol":"XRPBUSD"},"level":"info","message":"Latest price","service":"api-d27bc23-binance-XRPBUSD","timestamp":"2022-03-04T22:46:57.745Z"}
{"assetPair":"XRPBUSD","data":{"price":"0.70710000","symbol":"XRPBUSD"},"level":"info","message":"Latest price","service":"api-d27bc23-binance-XRPBUSD","timestamp":"2022-03-04T22:49:57.774Z"}
{"assetPair":"XRPBUSD","data":{"price":"0.71210000","symbol":"XRPBUSD"},"level":"info","message":"Latest price","service":"api-d27bc23-binance-XRPBUSD","timestamp":"2022-03-04T22:52:57.842Z"}
{"assetPair":"XRPBUSD","data":{"price":"0.71290000","symbol":"XRPBUSD"},"level":"info","message":"Latest price","service":"api-d27bc23-binance-XRPBUSD","timestamp":"2022-03-04T22:55:57.872Z"}
{"assetPair":"XRPBUSD","data":{"price":"0.71410000","symbol":"XRPBUSD"},"level":"info","message":"Latest price","service":"api-d27bc23-binance-XRPBUSD","timestamp":"2022-03-04T22:58:57.916Z"}
{"assetPair":"XRPBUSD","data":{"price":"0.71350000","symbol":"XRPBUSD"},"level":"info","message":"Latest price","service":"api-d27bc23-binance-XRPBUSD","timestamp":"2022-03-04T23:01:57.948Z"}
{"assetPair":"XRPBUSD","data":{"price":"0.71200000","symbol":"XRPBUSD"},"level":"info","message":"Latest price","service":"api-d27bc23-binance-XRPBUSD","timestamp":"2022-03-04T23:04:57.977Z"}
{"assetPair":"XRPBUSD","data":{"price":"0.71300000","symbol":"XRPBUSD"},"level":"info","message":"Latest price","service":"api-d27bc23-binance-XRPBUSD","timestamp":"2022-03-04T23:07:58.076Z"}
{"assetPair":"XRPBUSD","data":{"price":"0.71240000","symbol":"XRPBUSD"},"level":"info","message":"Latest price","service":"api-d27bc23-binance-XRPBUSD","timestamp":"2022-03-04T23:10:58.111Z"}
{"assetPair":"XRPBUSD","data":{"price":"0.71140000","symbol":"XRPBUSD"},"level":"info","message":"Latest price","service":"api-d27bc23-binance-XRPBUSD","timestamp":"2022-03-04T23:13:58.229Z"}
{"assetPair":"XRPBUSD","data":{"price":"0.71200000","symbol":"XRPBUSD"},"level":"info","message":"Latest price","service":"api-d27bc23-binance-XRPBUSD","timestamp":"2022-03-04T23:16:58.257Z"}
{"assetPair":"XRPBUSD","data":{"price":"0.70710000","symbol":"XRPBUSD"},"level":"info","message":"Latest price","service":"api-d27bc23-binance-XRPBUSD","timestamp":"2022-03-04T23:19:58.331Z"}
{"assetPair":"XRPBUSD","data":{"price":"0.70950000","symbol":"XRPBUSD"},"level":"info","message":"Latest price","service":"api-d27bc23-binance-XRPBUSD","timestamp":"2022-03-04T23:22:58.423Z"}
{"assetPair":"XRPBUSD","data":{"price":"0.71150000","symbol":"XRPBUSD"},"level":"info","message":"Latest price","service":"api-d27bc23-binance-XRPBUSD","timestamp":"2022-03-04T23:25:58.451Z"}
{"assetPair":"XRPBUSD","data":{"price":"0.71070000","symbol":"XRPBUSD"},"level":"info","message":"Latest price","service":"api-d27bc23-binance-XRPBUSD","timestamp":"2022-03-04T23:28:58.481Z"}
{"assetPair":"XRPBUSD","data":{"price":"0.70990000","symbol":"XRPBUSD"},"level":"info","message":"Latest price","service":"api-d27bc23-binance-XRPBUSD","timestamp":"2022-03-04T23:31:58.545Z"}
{"assetPair":"XRPBUSD","data":{"price":"0.71270000","symbol":"XRPBUSD"},"level":"info","message":"Latest price","service":"api-d27bc23-binance-XRPBUSD","timestamp":"2022-03-04T23:34:58.576Z"}
{"assetPair":"XRPBUSD","data":{"price":"0.71210000","symbol":"XRPBUSD"},"level":"info","message":"Latest price","service":"api-d27bc23-binance-XRPBUSD","timestamp":"2022-03-04T23:37:58.605Z"}
{"assetPair":"XRPBUSD","data":{"price":"0.71200000","symbol":"XRPBUSD"},"level":"info","message":"Latest price","service":"api-d27bc23-binance-XRPBUSD","timestamp":"2022-03-04T23:40:58.636Z"}
{"assetPair":"XRPBUSD","data":{"price":"0.71420000","symbol":"XRPBUSD"},"level":"info","message":"Latest price","service":"api-d27bc23-binance-XRPBUSD","timestamp":"2022-03-04T23:43:58.669Z"}
{"assetPair":"XRPBUSD","data":{"price":"0.71200000","symbol":"XRPBUSD"},"level":"info","message":"Latest price","service":"api-d27bc23-binance-XRPBUSD","timestamp":"2022-03-04T23:46:58.693Z"}
{"assetPair":"XRPBUSD","data":{"price":"0.71100000","symbol":"XRPBUSD"},"level":"info","message":"Latest price","service":"api-d27bc23-binance-XRPBUSD","timestamp":"2022-03-04T23:49:58.723Z"}
{"assetPair":"XRPBUSD","data":{"price":"0.71180000","symbol":"XRPBUSD"},"level":"info","message":"Latest price","service":"api-d27bc23-binance-XRPBUSD","timestamp":"2022-03-04T23:52:58.757Z"}
{"assetPair":"XRPBUSD","data":{"price":"0.71140000","symbol":"XRPBUSD"},"level":"info","message":"Latest price","service":"api-d27bc23-binance-XRPBUSD","timestamp":"2022-03-04T23:55:58.785Z"}
{"assetPair":"XRPBUSD","data":{"price":"0.71290000","symbol":"XRPBUSD"},"level":"info","message":"Latest price","service":"api-d27bc23-binance-XRPBUSD","timestamp":"2022-03-04T23:58:58.813Z"}
{"assetPair":"XRPBUSD","data":{"price":"0.71070000","symbol":"XRPBUSD"},"level":"info","message":"Latest price","service":"api-d27bc23-binance-XRPBUSD","timestamp":"2022-03-05T00:01:58.838Z"}
{"assetPair":"XRPBUSD","data":{"price":"0.71030000","symbol":"XRPBUSD"},"level":"info","message":"Latest price","service":"api-d27bc23-binance-XRPBUSD","timestamp":"2022-03-05T00:04:58.869Z"}
{"assetPair":"XRPBUSD","data":{"price":"0.70920000","symbol":"XRPBUSD"},"level":"info","message":"Latest price","service":"api-d27bc23-binance-XRPBUSD","timestamp":"2022-03-05T00:07:58.937Z"}
{"assetPair":"XRPBUSD","data":{"price":"0.71100000","symbol":"XRPBUSD"},"level":"info","message":"Latest price","service":"api-d27bc23-binance-XRPBUSD","timestamp":"2022-03-05T00:10:58.965Z"}
{"assetPair":"XRPBUSD","data":{"price":"0.71120000","symbol":"XRPBUSD"},"level":"info","message":"Latest price","service":"api-d27bc23-binance-XRPBUSD","timestamp":"2022-03-05T00:13:58.993Z"}
{"assetPair":"XRPBUSD","data":{"price":"0.70830000","symbol":"XRPBUSD"},"level":"info","message":"Latest price","service":"api-d27bc23-binance-XRPBUSD","timestamp":"2022-03-05T00:16:59.022Z"}
{"assetPair":"XRPBUSD","data":{"price":"0.70940000","symbol":"XRPBUSD"},"level":"info","message":"Latest price","service":"api-d27bc23-binance-XRPBUSD","timestamp":"2022-03-05T00:19:59.082Z"}
{"assetPair":"XRPBUSD","data":{"price":"0.70970000","symbol":"XRPBUSD"},"level":"info","message":"Latest price","service":"api-d27bc23-binance-XRPBUSD","timestamp":"2022-03-05T00:22:59.112Z"}
{"assetPair":"XRPBUSD","data":{"price":"0.71040000","symbol":"XRPBUSD"},"level":"info","message":"Latest price","service":"api-d27bc23-binance-XRPBUSD","timestamp":"2022-03-05T00:25:59.147Z"}
{"assetPair":"XRPBUSD","data":{"price":"0.71100000","symbol":"XRPBUSD"},"level":"info","message":"Latest price","service":"api-d27bc23-binance-XRPBUSD","timestamp":"2022-03-05T00:28:59.204Z"}
{"assetPair":"XRPBUSD","data":{"price":"0.70970000","symbol":"XRPBUSD"},"level":"info","message":"Latest price","service":"api-d27bc23-binance-XRPBUSD","timestamp":"2022-03-05T00:31:59.273Z"}
{"assetPair":"XRPBUSD","data":{"price":"0.70720000","symbol":"XRPBUSD"},"level":"info","message":"Latest price","service":"api-d27bc23-binance-XRPBUSD","timestamp":"2022-03-05T00:34:59.300Z"}
{"assetPair":"XRPBUSD","data":{"price":"0.70860000","symbol":"XRPBUSD"},"level":"info","message":"Latest price","service":"api-d27bc23-binance-XRPBUSD","timestamp":"2022-03-05T00:37:59.337Z"}
{"assetPair":"XRPBUSD","data":{"price":"0.70660000","symbol":"XRPBUSD"},"level":"info","message":"Latest price","service":"api-d27bc23-binance-XRPBUSD","timestamp":"2022-03-05T00:40:59.361Z"}
{"assetPair":"XRPBUSD","data":{"price":"0.70730000","symbol":"XRPBUSD"},"level":"info","message":"Latest price","service":"api-d27bc23-binance-XRPBUSD","timestamp":"2022-03-05T00:43:59.410Z"}
{"assetPair":"XRPBUSD","data":{"price":"0.70740000","symbol":"XRPBUSD"},"level":"info","message":"Latest price","service":"api-d27bc23-binance-XRPBUSD","timestamp":"2022-03-05T00:46:59.464Z"}
{"assetPair":"XRPBUSD","data":{"price":"0.70810000","symbol":"XRPBUSD"},"level":"info","message":"Latest price","service":"api-d27bc23-binance-XRPBUSD","timestamp":"2022-03-05T00:49:59.517Z"}
{"assetPair":"XRPBUSD","data":{"price":"0.70820000","symbol":"XRPBUSD"},"level":"info","message":"Latest price","service":"api-d27bc23-binance-XRPBUSD","timestamp":"2022-03-05T00:52:59.545Z"}
{"assetPair":"XRPBUSD","data":{"price":"0.70810000","symbol":"XRPBUSD"},"level":"info","message":"Latest price","service":"api-d27bc23-binance-XRPBUSD","timestamp":"2022-03-05T00:55:59.598Z"}
{"assetPair":"XRPBUSD","data":{"price":"0.70720000","symbol":"XRPBUSD"},"level":"info","message":"Latest price","service":"api-d27bc23-binance-XRPBUSD","timestamp":"2022-03-05T00:58:59.633Z"}
{"assetPair":"XRPBUSD","data":{"price":"0.71010000","symbol":"XRPBUSD"},"level":"info","message":"Latest price","service":"api-d27bc23-binance-XRPBUSD","timestamp":"2022-03-05T01:01:59.664Z"}
{"assetPair":"XRPBUSD","data":{"price":"0.71230000","symbol":"XRPBUSD"},"level":"info","message":"Latest price","service":"api-d27bc23-binance-XRPBUSD","timestamp":"2022-03-05T01:04:59.766Z"}
{"assetPair":"XRPBUSD","data":{"price":"0.71210000","symbol":"XRPBUSD"},"level":"info","message":"Latest price","service":"api-d27bc23-binance-XRPBUSD","timestamp":"2022-03-05T01:07:59.794Z"}
{"assetPair":"XRPBUSD","data":{"price":"0.71250000","symbol":"XRPBUSD"},"level":"info","message":"Latest price","service":"api-d27bc23-binance-XRPBUSD","timestamp":"2022-03-05T01:10:59.820Z"}
{"assetPair":"XRPBUSD","data":{"price":"0.71400000","symbol":"XRPBUSD"},"level":"info","message":"Latest price","service":"api-d27bc23-binance-XRPBUSD","timestamp":"2022-03-05T01:13:59.847Z"}
{"assetPair":"XRPBUSD","data":{"price":"0.71360000","symbol":"XRPBUSD"},"level":"info","message":"Latest price","service":"api-d27bc23-binance-XRPBUSD","timestamp":"2022-03-05T01:16:59.870Z"}
{"assetPair":"XRPBUSD","data":{"price":"0.71270000","symbol":"XRPBUSD"},"level":"info","message":"Latest price","service":"api-d27bc23-binance-XRPBUSD","timestamp":"2022-03-05T01:19:59.907Z"}
{"assetPair":"XRPBUSD","data":{"price":"0.71410000","symbol":"XRPBUSD"},"level":"info","message":"Latest price","service":"api-d27bc23-binance-XRPBUSD","timestamp":"2022-03-05T01:22:59.933Z"}
{"assetPair":"XRPBUSD","data":{"price":"0.71350000","symbol":"XRPBUSD"},"level":"info","message":"Latest price","service":"api-d27bc23-binance-XRPBUSD","timestamp":"2022-03-05T01:25:59.986Z"}
{"assetPair":"XRPBUSD","data":{"price":"0.71260000","symbol":"XRPBUSD"},"level":"info","message":"Latest price","service":"api-d27bc23-binance-XRPBUSD","timestamp":"2022-03-05T01:29:00.014Z"}
{"assetPair":"XRPBUSD","data":{"price":"0.71130000","symbol":"XRPBUSD"},"level":"info","message":"Latest price","service":"api-d27bc23-binance-XRPBUSD","timestamp":"2022-03-05T01:32:00.041Z"}
{"assetPair":"XRPBUSD","data":{"price":"0.71150000","symbol":"XRPBUSD"},"level":"info","message":"Latest price","service":"api-d27bc23-binance-XRPBUSD","timestamp":"2022-03-05T01:35:00.065Z"}
{"assetPair":"XRPBUSD","data":{"price":"0.70960000","symbol":"XRPBUSD"},"level":"info","message":"Latest price","service":"api-d27bc23-binance-XRPBUSD","timestamp":"2022-03-05T01:38:00.094Z"}
{"assetPair":"XRPBUSD","data":{"price":"0.71190000","symbol":"XRPBUSD"},"level":"info","message":"Latest price","service":"api-d27bc23-binance-XRPBUSD","timestamp":"2022-03-05T01:41:00.127Z"}
{"assetPair":"XRPBUSD","data":{"price":"0.71300000","symbol":"XRPBUSD"},"level":"info","message":"Latest price","service":"api-d27bc23-binance-XRPBUSD","timestamp":"2022-03-05T01:44:00.155Z"}
{"assetPair":"XRPBUSD","data":{"price":"0.71270000","symbol":"XRPBUSD"},"level":"info","message":"Latest price","service":"api-d27bc23-binance-XRPBUSD","timestamp":"2022-03-05T01:47:00.179Z"}
{"assetPair":"XRPBUSD","data":{"price":"0.71240000","symbol":"XRPBUSD"},"level":"info","message":"Latest price","service":"api-d27bc23-binance-XRPBUSD","timestamp":"2022-03-05T01:50:00.205Z"}
{"assetPair":"XRPBUSD","data":{"price":"0.71210000","symbol":"XRPBUSD"},"level":"info","message":"Latest price","service":"api-d27bc23-binance-XRPBUSD","timestamp":"2022-03-05T01:53:00.237Z"}
{"assetPair":"XRPBUSD","data":{"price":"0.71170000","symbol":"XRPBUSD"},"level":"info","message":"Latest price","service":"api-d27bc23-binance-XRPBUSD","timestamp":"2022-03-05T01:56:00.270Z"}
{"assetPair":"XRPBUSD","data":{"price":"0.71250000","symbol":"XRPBUSD"},"level":"info","message":"Latest price","service":"api-d27bc23-binance-XRPBUSD","timestamp":"2022-03-05T01:59:00.322Z"}
{"assetPair":"XRPBUSD","data":{"price":"0.71310000","symbol":"XRPBUSD"},"level":"info","message":"Latest price","service":"api-d27bc23-binance-XRPBUSD","timestamp":"2022-03-05T02:02:00.361Z"}
{"assetPair":"XRPBUSD","data":{"price":"0.71230000","symbol":"XRPBUSD"},"level":"info","message":"Latest price","service":"api-d27bc23-binance-XRPBUSD","timestamp":"2022-03-05T02:05:00.390Z"}
{"assetPair":"XRPBUSD","data":{"price":"0.71370000","symbol":"XRPBUSD"},"level":"info","message":"Latest price","service":"api-d27bc23-binance-XRPBUSD","timestamp":"2022-03-05T02:08:00.429Z"}
{"assetPair":"XRPBUSD","data":{"price":"0.71470000","symbol":"XRPBUSD"},"level":"info","message":"Latest price","service":"api-d27bc23-binance-XRPBUSD","timestamp":"2022-03-05T02:11:00.457Z"}
{"assetPair":"XRPBUSD","data":{"price":"0.71480000","symbol":"XRPBUSD"},"level":"info","message":"Latest price","service":"api-d27bc23-binance-XRPBUSD","timestamp":"2022-03-05T02:14:00.527Z"}
{"assetPair":"XRPBUSD","data":{"price":"0.71600000","symbol":"XRPBUSD"},"level":"info","message":"Latest price","service":"api-d27bc23-binance-XRPBUSD","timestamp":"2022-03-05T02:17:00.559Z"}
{"assetPair":"XRPBUSD","data":{"price":"0.71670000","symbol":"XRPBUSD"},"level":"info","message":"Latest price","service":"api-d27bc23-binance-XRPBUSD","timestamp":"2022-03-05T02:20:00.590Z"}
{"assetPair":"XRPBUSD","data":{"price":"0.71480000","symbol":"XRPBUSD"},"level":"info","message":"Latest price","service":"api-d27bc23-binance-XRPBUSD","timestamp":"2022-03-05T02:23:00.619Z"}
{"assetPair":"XRPBUSD","data":{"price":"0.71490000","symbol":"XRPBUSD"},"level":"info","message":"Latest price","service":"api-d27bc23-binance-XRPBUSD","timestamp":"2022-03-05T02:26:00.649Z"}
{"assetPair":"XRPBUSD","data":{"price":"0.71620000","symbol":"XRPBUSD"},"level":"info","message":"Latest price","service":"api-d27bc23-binance-XRPBUSD","timestamp":"2022-03-05T02:29:00.685Z"}
{"assetPair":"XRPBUSD","data":{"price":"0.71620000","symbol":"XRPBUSD"},"level":"info","message":"Latest price","service":"api-d27bc23-binance-XRPBUSD","timestamp":"2022-03-05T02:32:00.764Z"}
{"assetPair":"XRPBUSD","data":{"price":"0.71650000","symbol":"XRPBUSD"},"level":"info","message":"Latest price","service":"api-d27bc23-binance-XRPBUSD","timestamp":"2022-03-05T02:35:00.800Z"}
{"assetPair":"XRPBUSD","data":{"price":"0.71750000","symbol":"XRPBUSD"},"level":"info","message":"Latest price","service":"api-d27bc23-binance-XRPBUSD","timestamp":"2022-03-05T02:38:00.873Z"}
{"assetPair":"XRPBUSD","data":{"price":"0.71650000","symbol":"XRPBUSD"},"level":"info","message":"Latest price","service":"api-d27bc23-binance-XRPBUSD","timestamp":"2022-03-05T02:41:00.899Z"}
{"assetPair":"XRPBUSD","data":{"price":"0.71730000","symbol":"XRPBUSD"},"level":"info","message":"Latest price","service":"api-d27bc23-binance-XRPBUSD","timestamp":"2022-03-05T02:44:00.962Z"}
{"assetPair":"XRPBUSD","data":{"price":"0.71760000","symbol":"XRPBUSD"},"level":"info","message":"Latest price","service":"api-d27bc23-binance-XRPBUSD","timestamp":"2022-03-05T02:47:00.989Z"}
{"assetPair":"XRPBUSD","data":{"price":"0.71880000","symbol":"XRPBUSD"},"level":"info","message":"Latest price","service":"api-d27bc23-binance-XRPBUSD","timestamp":"2022-03-05T02:50:01.107Z"}
{"assetPair":"XRPBUSD","data":{"price":"0.71960000","symbol":"XRPBUSD"},"level":"info","message":"Latest price","service":"api-d27bc23-binance-XRPBUSD","timestamp":"2022-03-05T02:53:01.134Z"}
{"assetPair":"XRPBUSD","data":{"price":"0.72050000","symbol":"XRPBUSD"},"level":"info","message":"Latest price","service":"api-d27bc23-binance-XRPBUSD","timestamp":"2022-03-05T02:56:01.160Z"}
{"assetPair":"XRPBUSD","data":{"price":"0.72070000","symbol":"XRPBUSD"},"level":"info","message":"Latest price","service":"api-d27bc23-binance-XRPBUSD","timestamp":"2022-03-05T02:59:01.191Z"}
{"assetPair":"XRPBUSD","data":{"price":"0.72150000","symbol":"XRPBUSD"},"level":"info","message":"Latest price","service":"api-d27bc23-binance-XRPBUSD","timestamp":"2022-03-05T03:02:01.223Z"}
{"assetPair":"XRPBUSD","data":{"price":"0.72060000","symbol":"XRPBUSD"},"level":"info","message":"Latest price","service":"api-d27bc23-binance-XRPBUSD","timestamp":"2022-03-05T03:05:01.257Z"}
{"assetPair":"XRPBUSD","data":{"price":"0.71980000","symbol":"XRPBUSD"},"level":"info","message":"Latest price","service":"api-d27bc23-binance-XRPBUSD","timestamp":"2022-03-05T03:08:01.283Z"}
{"assetPair":"XRPBUSD","data":{"price":"0.71870000","symbol":"XRPBUSD"},"level":"info","message":"Latest price","service":"api-d27bc23-binance-XRPBUSD","timestamp":"2022-03-05T03:11:01.315Z"}
{"assetPair":"XRPBUSD","data":{"price":"0.71790000","symbol":"XRPBUSD"},"level":"info","message":"Latest price","service":"api-d27bc23-binance-XRPBUSD","timestamp":"2022-03-05T03:14:01.346Z"}
{"assetPair":"XRPBUSD","data":{"price":"0.71950000","symbol":"XRPBUSD"},"level":"info","message":"Latest price","service":"api-d27bc23-binance-XRPBUSD","timestamp":"2022-03-05T03:17:01.374Z"}
{"assetPair":"XRPBUSD","data":{"price":"0.72020000","symbol":"XRPBUSD"},"level":"info","message":"Latest price","service":"api-d27bc23-binance-XRPBUSD","timestamp":"2022-03-05T03:20:01.408Z"}
{"assetPair":"XRPBUSD","data":{"price":"0.72020000","symbol":"XRPBUSD"},"level":"info","message":"Latest price","service":"api-d27bc23-binance-XRPBUSD","timestamp":"2022-03-05T03:23:01.466Z"}
{"assetPair":"XRPBUSD","data":{"price":"0.72080000","symbol":"XRPBUSD"},"level":"info","message":"Latest price","service":"api-d27bc23-binance-XRPBUSD","timestamp":"2022-03-05T03:26:01.492Z"}
{"assetPair":"XRPBUSD","data":{"price":"0.72130000","symbol":"XRPBUSD"},"level":"info","message":"Latest price","service":"api-d27bc23-binance-XRPBUSD","timestamp":"2022-03-05T03:29:01.526Z"}
{"assetPair":"XRPBUSD","data":{"price":"0.72100000","symbol":"XRPBUSD"},"level":"info","message":"Latest price","service":"api-d27bc23-binance-XRPBUSD","timestamp":"2022-03-05T03:32:01.562Z"}
{"assetPair":"XRPBUSD","data":{"price":"0.72220000","symbol":"XRPBUSD"},"level":"info","message":"Latest price","service":"api-d27bc23-binance-XRPBUSD","timestamp":"2022-03-05T03:35:01.611Z"}
{"assetPair":"XRPBUSD","data":{"price":"0.72230000","symbol":"XRPBUSD"},"level":"info","message":"Latest price","service":"api-d27bc23-binance-XRPBUSD","timestamp":"2022-03-05T03:38:01.663Z"}
{"assetPair":"XRPBUSD","data":{"price":"0.72230000","symbol":"XRPBUSD"},"level":"info","message":"Latest price","service":"api-d27bc23-binance-XRPBUSD","timestamp":"2022-03-05T03:41:01.688Z"}
{"assetPair":"XRPBUSD","data":{"price":"0.72210000","symbol":"XRPBUSD"},"level":"info","message":"Latest price","service":"api-d27bc23-binance-XRPBUSD","timestamp":"2022-03-05T03:44:01.725Z"}
{"assetPair":"XRPBUSD","data":{"price":"0.72230000","symbol":"XRPBUSD"},"level":"info","message":"Latest price","service":"api-d27bc23-binance-XRPBUSD","timestamp":"2022-03-05T03:47:01.777Z"}
{"assetPair":"XRPBUSD","data":{"price":"0.72110000","symbol":"XRPBUSD"},"level":"info","message":"Latest price","service":"api-d27bc23-binance-XRPBUSD","timestamp":"2022-03-05T03:50:01.814Z"}
{"assetPair":"XRPBUSD","data":{"price":"0.72120000","symbol":"XRPBUSD"},"level":"info","message":"Latest price","service":"api-d27bc23-binance-XRPBUSD","timestamp":"2022-03-05T03:53:01.844Z"}
{"assetPair":"XRPBUSD","data":{"price":"0.72090000","symbol":"XRPBUSD"},"level":"info","message":"Latest price","service":"api-d27bc23-binance-XRPBUSD","timestamp":"2022-03-05T03:56:01.896Z"}
{"assetPair":"XRPBUSD","data":{"price":"0.72090000","symbol":"XRPBUSD"},"level":"info","message":"Latest price","service":"api-d27bc23-binance-XRPBUSD","timestamp":"2022-03-05T03:59:01.921Z"}
{"assetPair":"XRPBUSD","data":{"price":"0.72110000","symbol":"XRPBUSD"},"level":"info","message":"Latest price","service":"api-d27bc23-binance-XRPBUSD","timestamp":"2022-03-05T04:02:01.953Z"}
{"assetPair":"XRPBUSD","data":{"price":"0.72000000","symbol":"XRPBUSD"},"level":"info","message":"Latest price","service":"api-d27bc23-binance-XRPBUSD","timestamp":"2022-03-05T04:05:02.029Z"}
{"assetPair":"XRPBUSD","data":{"price":"0.72000000","symbol":"XRPBUSD"},"level":"info","message":"Latest price","service":"api-d27bc23-binance-XRPBUSD","timestamp":"2022-03-05T04:08:02.059Z"}
{"assetPair":"XRPBUSD","data":{"price":"0.71930000","symbol":"XRPBUSD"},"level":"info","message":"Latest price","service":"api-d27bc23-binance-XRPBUSD","timestamp":"2022-03-05T04:11:02.090Z"}
{"assetPair":"XRPBUSD","data":{"price":"0.71840000","symbol":"XRPBUSD"},"level":"info","message":"Latest price","service":"api-d27bc23-binance-XRPBUSD","timestamp":"2022-03-05T04:14:02.116Z"}
{"assetPair":"XRPBUSD","data":{"price":"0.71840000","symbol":"XRPBUSD"},"level":"info","message":"Latest price","service":"api-d27bc23-binance-XRPBUSD","timestamp":"2022-03-05T04:17:02.141Z"}
{"assetPair":"XRPBUSD","data":{"price":"0.71830000","symbol":"XRPBUSD"},"level":"info","message":"Latest price","service":"api-d27bc23-binance-XRPBUSD","timestamp":"2022-03-05T04:20:02.173Z"}
{"assetPair":"XRPBUSD","data":{"price":"0.71870000","symbol":"XRPBUSD"},"level":"info","message":"Latest price","service":"api-d27bc23-binance-XRPBUSD","timestamp":"2022-03-05T04:23:02.211Z"}
{"assetPair":"XRPBUSD","data":{"price":"0.71850000","symbol":"XRPBUSD"},"level":"info","message":"Latest price","service":"api-d27bc23-binance-XRPBUSD","timestamp":"2022-03-05T04:26:02.242Z"}
{"assetPair":"XRPBUSD","data":{"price":"0.71810000","symbol":"XRPBUSD"},"level":"info","message":"Latest price","service":"api-d27bc23-binance-XRPBUSD","timestamp":"2022-03-05T04:29:02.266Z"}
{"assetPair":"XRPBUSD","data":{"price":"0.71850000","symbol":"XRPBUSD"},"level":"info","message":"Latest price","service":"api-d27bc23-binance-XRPBUSD","timestamp":"2022-03-05T04:32:02.297Z"}
{"assetPair":"XRPBUSD","data":{"price":"0.71780000","symbol":"XRPBUSD"},"level":"info","message":"Latest price","service":"api-d27bc23-binance-XRPBUSD","timestamp":"2022-03-05T04:35:02.323Z"}
{"assetPair":"XRPBUSD","data":{"price":"0.71800000","symbol":"XRPBUSD"},"level":"info","message":"Latest price","service":"api-d27bc23-binance-XRPBUSD","timestamp":"2022-03-05T04:38:02.355Z"}
{"assetPair":"XRPBUSD","data":{"price":"0.71990000","symbol":"XRPBUSD"},"level":"info","message":"Latest price","service":"api-d27bc23-binance-XRPBUSD","timestamp":"2022-03-05T04:41:02.386Z"}
{"assetPair":"XRPBUSD","data":{"price":"0.71960000","symbol":"XRPBUSD"},"level":"info","message":"Latest price","service":"api-d27bc23-binance-XRPBUSD","timestamp":"2022-03-05T04:44:02.414Z"}
{"assetPair":"XRPBUSD","data":{"price":"0.71880000","symbol":"XRPBUSD"},"level":"info","message":"Latest price","service":"api-d27bc23-binance-XRPBUSD","timestamp":"2022-03-05T04:47:02.449Z"}
{"assetPair":"XRPBUSD","data":{"price":"0.71880000","symbol":"XRPBUSD"},"level":"info","message":"Latest price","service":"api-d27bc23-binance-XRPBUSD","timestamp":"2022-03-05T04:50:02.480Z"}
{"assetPair":"XRPBUSD","data":{"price":"0.71950000","symbol":"XRPBUSD"},"level":"info","message":"Latest price","service":"api-d27bc23-binance-XRPBUSD","timestamp":"2022-03-05T04:53:02.521Z"}
{"assetPair":"XRPBUSD","data":{"price":"0.71910000","symbol":"XRPBUSD"},"level":"info","message":"Latest price","service":"api-d27bc23-binance-XRPBUSD","timestamp":"2022-03-05T04:56:02.551Z"}
{"assetPair":"XRPBUSD","data":{"price":"0.71970000","symbol":"XRPBUSD"},"level":"info","message":"Latest price","service":"api-d27bc23-binance-XRPBUSD","timestamp":"2022-03-05T04:59:02.633Z"}
{"assetPair":"XRPBUSD","data":{"price":"0.71980000","symbol":"XRPBUSD"},"level":"info","message":"Latest price","service":"api-d27bc23-binance-XRPBUSD","timestamp":"2022-03-05T05:02:02.663Z"}
{"assetPair":"XRPBUSD","data":{"price":"0.71960000","symbol":"XRPBUSD"},"level":"info","message":"Latest price","service":"api-d27bc23-binance-XRPBUSD","timestamp":"2022-03-05T05:05:02.702Z"}
{"assetPair":"XRPBUSD","data":{"price":"0.72050000","symbol":"XRPBUSD"},"level":"info","message":"Latest price","service":"api-d27bc23-binance-XRPBUSD","timestamp":"2022-03-05T05:08:02.737Z"}
{"assetPair":"XRPBUSD","data":{"price":"0.72070000","symbol":"XRPBUSD"},"level":"info","message":"Latest price","service":"api-d27bc23-binance-XRPBUSD","timestamp":"2022-03-05T05:11:02.760Z"}
{"assetPair":"XRPBUSD","data":{"price":"0.72140000","symbol":"XRPBUSD"},"level":"info","message":"Latest price","service":"api-d27bc23-binance-XRPBUSD","timestamp":"2022-03-05T05:14:02.791Z"}
{"assetPair":"XRPBUSD","data":{"price":"0.72060000","symbol":"XRPBUSD"},"level":"info","message":"Latest price","service":"api-d27bc23-binance-XRPBUSD","timestamp":"2022-03-05T05:17:02.823Z"}
{"assetPair":"XRPBUSD","data":{"price":"0.72190000","symbol":"XRPBUSD"},"level":"info","message":"Latest price","service":"api-d27bc23-binance-XRPBUSD","timestamp":"2022-03-05T05:20:02.856Z"}
{"assetPair":"XRPBUSD","data":{"price":"0.72170000","symbol":"XRPBUSD"},"level":"info","message":"Latest price","service":"api-d27bc23-binance-XRPBUSD","timestamp":"2022-03-05T05:23:02.887Z"}
{"assetPair":"XRPBUSD","data":{"price":"0.72200000","symbol":"XRPBUSD"},"level":"info","message":"Latest price","service":"api-d27bc23-binance-XRPBUSD","timestamp":"2022-03-05T05:26:02.918Z"}
{"assetPair":"XRPBUSD","data":{"price":"0.72190000","symbol":"XRPBUSD"},"level":"info","message":"Latest price","service":"api-d27bc23-binance-XRPBUSD","timestamp":"2022-03-05T05:29:02.944Z"}
{"assetPair":"XRPBUSD","data":{"price":"0.72160000","symbol":"XRPBUSD"},"level":"info","message":"Latest price","service":"api-d27bc23-binance-XRPBUSD","timestamp":"2022-03-05T05:32:03.003Z"}
{"assetPair":"XRPBUSD","data":{"price":"0.72200000","symbol":"XRPBUSD"},"level":"info","message":"Latest price","service":"api-d27bc23-binance-XRPBUSD","timestamp":"2022-03-05T05:35:03.033Z"}
{"assetPair":"XRPBUSD","data":{"price":"0.72190000","symbol":"XRPBUSD"},"level":"info","message":"Latest price","service":"api-d27bc23-binance-XRPBUSD","timestamp":"2022-03-05T05:38:03.059Z"}
{"assetPair":"XRPBUSD","data":{"price":"0.72140000","symbol":"XRPBUSD"},"level":"info","message":"Latest price","service":"api-d27bc23-binance-XRPBUSD","timestamp":"2022-03-05T05:41:03.090Z"}
{"assetPair":"XRPBUSD","data":{"price":"0.72030000","symbol":"XRPBUSD"},"level":"info","message":"Latest price","service":"api-d27bc23-binance-XRPBUSD","timestamp":"2022-03-05T05:44:03.125Z"}
{"assetPair":"XRPBUSD","data":{"price":"0.72060000","symbol":"XRPBUSD"},"level":"info","message":"Latest price","service":"api-d27bc23-binance-XRPBUSD","timestamp":"2022-03-05T05:47:03.157Z"}
{"assetPair":"XRPBUSD","data":{"price":"0.72120000","symbol":"XRPBUSD"},"level":"info","message":"Latest price","service":"api-d27bc23-binance-XRPBUSD","timestamp":"2022-03-05T05:50:03.183Z"}
{"assetPair":"XRPBUSD","data":{"price":"0.72030000","symbol":"XRPBUSD"},"level":"info","message":"Latest price","service":"api-d27bc23-binance-XRPBUSD","timestamp":"2022-03-05T05:53:03.258Z"}
{"assetPair":"XRPBUSD","data":{"price":"0.72020000","symbol":"XRPBUSD"},"level":"info","message":"Latest price","service":"api-d27bc23-binance-XRPBUSD","timestamp":"2022-03-05T05:56:03.330Z"}
{"assetPair":"XRPBUSD","data":{"price":"0.71990000","symbol":"XRPBUSD"},"level":"info","message":"Latest price","service":"api-d27bc23-binance-XRPBUSD","timestamp":"2022-03-05T05:59:03.354Z"}
{"assetPair":"XRPBUSD","data":{"price":"0.71920000","symbol":"XRPBUSD"},"level":"info","message":"Latest price","service":"api-d27bc23-binance-XRPBUSD","timestamp":"2022-03-05T06:02:03.387Z"}
{"assetPair":"XRPBUSD","data":{"price":"0.71870000","symbol":"XRPBUSD"},"level":"info","message":"Latest price","service":"api-d27bc23-binance-XRPBUSD","timestamp":"2022-03-05T06:05:03.459Z"}
{"assetPair":"XRPBUSD","data":{"price":"0.71890000","symbol":"XRPBUSD"},"level":"info","message":"Latest price","service":"api-d27bc23-binance-XRPBUSD","timestamp":"2022-03-05T06:08:03.527Z"}
{"assetPair":"XRPBUSD","data":{"price":"0.71920000","symbol":"XRPBUSD"},"level":"info","message":"Latest price","service":"api-d27bc23-binance-XRPBUSD","timestamp":"2022-03-05T06:11:03.554Z"}
{"assetPair":"XRPBUSD","data":{"price":"0.72010000","symbol":"XRPBUSD"},"level":"info","message":"Latest price","service":"api-d27bc23-binance-XRPBUSD","timestamp":"2022-03-05T06:14:03.596Z"}
{"assetPair":"XRPBUSD","data":{"price":"0.71980000","symbol":"XRPBUSD"},"level":"info","message":"Latest price","service":"api-d27bc23-binance-XRPBUSD","timestamp":"2022-03-05T06:17:03.621Z"}
{"assetPair":"XRPBUSD","data":{"price":"0.72040000","symbol":"XRPBUSD"},"level":"info","message":"Latest price","service":"api-d27bc23-binance-XRPBUSD","timestamp":"2022-03-05T06:20:03.656Z"}
{"assetPair":"XRPBUSD","data":{"price":"0.71930000","symbol":"XRPBUSD"},"level":"info","message":"Latest price","service":"api-d27bc23-binance-XRPBUSD","timestamp":"2022-03-05T06:23:03.716Z"}
{"assetPair":"XRPBUSD","data":{"price":"0.72030000","symbol":"XRPBUSD"},"level":"info","message":"Latest price","service":"api-d27bc23-binance-XRPBUSD","timestamp":"2022-03-05T06:26:03.768Z"}
{"assetPair":"XRPBUSD","data":{"price":"0.72010000","symbol":"XRPBUSD"},"level":"info","message":"Latest price","service":"api-d27bc23-binance-XRPBUSD","timestamp":"2022-03-05T06:29:03.797Z"}
{"assetPair":"XRPBUSD","data":{"price":"0.72030000","symbol":"XRPBUSD"},"level":"info","message":"Latest price","service":"api-d27bc23-binance-XRPBUSD","timestamp":"2022-03-05T06:32:03.826Z"}
{"assetPair":"XRPBUSD","data":{"price":"0.72030000","symbol":"XRPBUSD"},"level":"info","message":"Latest price","service":"api-d27bc23-binance-XRPBUSD","timestamp":"2022-03-05T06:35:03.858Z"}
{"assetPair":"XRPBUSD","data":{"price":"0.72120000","symbol":"XRPBUSD"},"level":"info","message":"Latest price","service":"api-d27bc23-binance-XRPBUSD","timestamp":"2022-03-05T06:38:03.887Z"}
{"assetPair":"XRPBUSD","data":{"price":"0.72090000","symbol":"XRPBUSD"},"level":"info","message":"Latest price","service":"api-d27bc23-binance-XRPBUSD","timestamp":"2022-03-05T06:41:03.913Z"}
{"assetPair":"XRPBUSD","data":{"price":"0.72110000","symbol":"XRPBUSD"},"level":"info","message":"Latest price","service":"api-d27bc23-binance-XRPBUSD","timestamp":"2022-03-05T06:44:03.941Z"}
{"assetPair":"XRPBUSD","data":{"price":"0.72080000","symbol":"XRPBUSD"},"level":"info","message":"Latest price","service":"api-d27bc23-binance-XRPBUSD","timestamp":"2022-03-05T06:47:03.975Z"}
{"assetPair":"XRPBUSD","data":{"price":"0.72070000","symbol":"XRPBUSD"},"level":"info","message":"Latest price","service":"api-d27bc23-binance-XRPBUSD","timestamp":"2022-03-05T06:50:04.008Z"}
{"assetPair":"XRPBUSD","data":{"price":"0.71960000","symbol":"XRPBUSD"},"level":"info","message":"Latest price","service":"api-d27bc23-binance-XRPBUSD","timestamp":"2022-03-05T06:53:04.045Z"}
{"assetPair":"XRPBUSD","data":{"price":"0.72020000","symbol":"XRPBUSD"},"level":"info","message":"Latest price","service":"api-d27bc23-binance-XRPBUSD","timestamp":"2022-03-05T06:56:04.073Z"}
{"assetPair":"XRPBUSD","data":{"price":"0.72030000","symbol":"XRPBUSD"},"level":"info","message":"Latest price","service":"api-d27bc23-binance-XRPBUSD","timestamp":"2022-03-05T06:59:04.101Z"}
{"assetPair":"XRPBUSD","data":{"price":"0.72060000","symbol":"XRPBUSD"},"level":"info","message":"Latest price","service":"api-d27bc23-binance-XRPBUSD","timestamp":"2022-03-05T07:02:04.126Z"}
{"assetPair":"XRPBUSD","data":{"price":"0.72110000","symbol":"XRPBUSD"},"level":"info","message":"Latest price","service":"api-d27bc23-binance-XRPBUSD","timestamp":"2022-03-05T07:05:04.155Z"}
{"assetPair":"XRPBUSD","data":{"price":"0.72140000","symbol":"XRPBUSD"},"level":"info","message":"Latest price","service":"api-d27bc23-binance-XRPBUSD","timestamp":"2022-03-05T07:08:04.182Z"}
{"assetPair":"XRPBUSD","data":{"price":"0.72220000","symbol":"XRPBUSD"},"level":"info","message":"Latest price","service":"api-d27bc23-binance-XRPBUSD","timestamp":"2022-03-05T07:11:04.240Z"}
{"assetPair":"XRPBUSD","data":{"price":"0.72310000","symbol":"XRPBUSD"},"level":"info","message":"Latest price","service":"api-d27bc23-binance-XRPBUSD","timestamp":"2022-03-05T07:14:04.321Z"}
{"assetPair":"XRPBUSD","data":{"price":"0.72260000","symbol":"XRPBUSD"},"level":"info","message":"Latest price","service":"api-d27bc23-binance-XRPBUSD","timestamp":"2022-03-05T07:17:04.346Z"}
{"assetPair":"XRPBUSD","data":{"price":"0.72400000","symbol":"XRPBUSD"},"level":"info","message":"Latest price","service":"api-d27bc23-binance-XRPBUSD","timestamp":"2022-03-05T07:20:04.374Z"}
{"assetPair":"XRPBUSD","data":{"price":"0.72400000","symbol":"XRPBUSD"},"level":"info","message":"Latest price","service":"api-d27bc23-binance-XRPBUSD","timestamp":"2022-03-05T07:23:04.403Z"}
{"assetPair":"XRPBUSD","data":{"price":"0.72450000","symbol":"XRPBUSD"},"level":"info","message":"Latest price","service":"api-d27bc23-binance-XRPBUSD","timestamp":"2022-03-05T07:26:04.453Z"}
{"assetPair":"XRPBUSD","data":{"price":"0.72530000","symbol":"XRPBUSD"},"level":"info","message":"Latest price","service":"api-d27bc23-binance-XRPBUSD","timestamp":"2022-03-05T07:29:04.519Z"}
{"assetPair":"XRPBUSD","data":{"price":"0.72420000","symbol":"XRPBUSD"},"level":"info","message":"Latest price","service":"api-d27bc23-binance-XRPBUSD","timestamp":"2022-03-05T07:32:04.546Z"}
{"assetPair":"XRPBUSD","data":{"price":"0.72420000","symbol":"XRPBUSD"},"level":"info","message":"Latest price","service":"api-d27bc23-binance-XRPBUSD","timestamp":"2022-03-05T07:35:04.577Z"}
{"assetPair":"XRPBUSD","data":{"price":"0.72430000","symbol":"XRPBUSD"},"level":"info","message":"Latest price","service":"api-d27bc23-binance-XRPBUSD","timestamp":"2022-03-05T07:38:04.601Z"}
{"assetPair":"XRPBUSD","data":{"price":"0.72460000","symbol":"XRPBUSD"},"level":"info","message":"Latest price","service":"api-d27bc23-binance-XRPBUSD","timestamp":"2022-03-05T07:41:04.627Z"}
{"assetPair":"XRPBUSD","data":{"price":"0.72470000","symbol":"XRPBUSD"},"level":"info","message":"Latest price","service":"api-d27bc23-binance-XRPBUSD","timestamp":"2022-03-05T07:44:04.660Z"}
{"assetPair":"XRPBUSD","data":{"price":"0.72520000","symbol":"XRPBUSD"},"level":"info","message":"Latest price","service":"api-d27bc23-binance-XRPBUSD","timestamp":"2022-03-05T07:47:04.693Z"}
{"assetPair":"XRPBUSD","data":{"price":"0.72540000","symbol":"XRPBUSD"},"level":"info","message":"Latest price","service":"api-d27bc23-binance-XRPBUSD","timestamp":"2022-03-05T07:50:04.726Z"}
{"assetPair":"XRPBUSD","data":{"price":"0.72430000","symbol":"XRPBUSD"},"level":"info","message":"Latest price","service":"api-d27bc23-binance-XRPBUSD","timestamp":"2022-03-05T07:53:04.751Z"}
{"assetPair":"XRPBUSD","data":{"price":"0.72360000","symbol":"XRPBUSD"},"level":"info","message":"Latest price","service":"api-d27bc23-binance-XRPBUSD","timestamp":"2022-03-05T07:56:04.793Z"}
{"assetPair":"XRPBUSD","data":{"price":"0.72410000","symbol":"XRPBUSD"},"level":"info","message":"Latest price","service":"api-d27bc23-binance-XRPBUSD","timestamp":"2022-03-05T07:59:04.822Z"}
{"assetPair":"XRPBUSD","data":{"price":"0.72410000","symbol":"XRPBUSD"},"level":"info","message":"Latest price","service":"api-d27bc23-binance-XRPBUSD","timestamp":"2022-03-05T08:02:04.852Z"}
{"assetPair":"XRPBUSD","data":{"price":"0.72460000","symbol":"XRPBUSD"},"level":"info","message":"Latest price","service":"api-d27bc23-binance-XRPBUSD","timestamp":"2022-03-05T08:05:04.890Z"}
{"assetPair":"XRPBUSD","data":{"price":"0.72560000","symbol":"XRPBUSD"},"level":"info","message":"Latest price","service":"api-d27bc23-binance-XRPBUSD","timestamp":"2022-03-05T08:08:04.921Z"}
{"assetPair":"XRPBUSD","data":{"price":"0.72520000","symbol":"XRPBUSD"},"level":"info","message":"Latest price","service":"api-d27bc23-binance-XRPBUSD","timestamp":"2022-03-05T08:11:04.949Z"}
{"assetPair":"XRPBUSD","data":{"price":"0.72540000","symbol":"XRPBUSD"},"level":"info","message":"Latest price","service":"api-d27bc23-binance-XRPBUSD","timestamp":"2022-03-05T08:14:05.004Z"}
{"assetPair":"XRPBUSD","data":{"price":"0.72510000","symbol":"XRPBUSD"},"level":"info","message":"Latest price","service":"api-d27bc23-binance-XRPBUSD","timestamp":"2022-03-05T08:17:05.035Z"}
{"assetPair":"XRPBUSD","data":{"price":"0.72570000","symbol":"XRPBUSD"},"level":"info","message":"Latest price","service":"api-d27bc23-binance-XRPBUSD","timestamp":"2022-03-05T08:20:05.092Z"}
{"assetPair":"XRPBUSD","data":{"price":"0.72610000","symbol":"XRPBUSD"},"level":"info","message":"Latest price","service":"api-d27bc23-binance-XRPBUSD","timestamp":"2022-03-05T08:23:05.149Z"}
{"assetPair":"XRPBUSD","data":{"price":"0.72610000","symbol":"XRPBUSD"},"level":"info","message":"Latest price","service":"api-d27bc23-binance-XRPBUSD","timestamp":"2022-03-05T08:26:05.191Z"}
{"assetPair":"XRPBUSD","data":{"price":"0.72570000","symbol":"XRPBUSD"},"level":"info","message":"Latest price","service":"api-d27bc23-binance-XRPBUSD","timestamp":"2022-03-05T08:29:05.246Z"}
{"assetPair":"XRPBUSD","data":{"price":"0.72720000","symbol":"XRPBUSD"},"level":"info","message":"Latest price","service":"api-d27bc23-binance-XRPBUSD","timestamp":"2022-03-05T08:32:05.312Z"}
{"assetPair":"XRPBUSD","data":{"price":"0.73510000","symbol":"XRPBUSD"},"level":"info","message":"Latest price","service":"api-d27bc23-binance-XRPBUSD","timestamp":"2022-03-05T08:35:05.339Z"}
{"assetPair":"XRPBUSD","data":{"price":"0.73190000","symbol":"XRPBUSD"},"level":"info","message":"Latest price","service":"api-d27bc23-binance-XRPBUSD","timestamp":"2022-03-05T08:38:05.366Z"}
{"balance":{"asset":"XRP","free":"34.37700000","locked":"0.00000000"},"level":"info","message":"Binance balance","service":"api-d27bc23-binance-XRPBUSD","timestamp":"2022-03-05T08:38:05.402Z"}
{"correctedPrice":"0.7319","correctedQty":"34","forAsset":"BUSD","level":"info","message":"Initiating SELL","price":"0.73190000","quantity":"34.37700000","sellAsset":"XRP","service":"api-d27bc23-binance-XRPBUSD","timestamp":"2022-03-05T08:38:05.403Z"}
{"data":{"clientOrderId":"RlUG8GXps7BdS4dBQ6FJVL","cummulativeQuoteQty":"24.89480000","executedQty":"34.00000000","fills":[{"commission":"0.02489480","commissionAsset":"BUSD","price":"0.73220000","qty":"34.00000000","tradeId":54369319}],"orderId":736143476,"orderListId":-1,"origQty":"34.00000000","price":"0.73190000","side":"SELL","status":"FILLED","symbol":"XRPBUSD","timeInForce":"GTC","transactTime":1646469485431,"type":"LIMIT"},"level":"info","message":"SELL success","service":"api-d27bc23-binance-XRPBUSD","timestamp":"2022-03-05T08:38:05.437Z"}
{"level":"info","message":"Checking order status","origClientOrderId":"RlUG8GXps7BdS4dBQ6FJVL","service":"api-d27bc23-binance-XRPBUSD","symbol":"XRPBUSD","timestamp":"2022-03-05T08:41:05.444Z"}
{"data":{"clientOrderId":"RlUG8GXps7BdS4dBQ6FJVL","cummulativeQuoteQty":"24.89480000","executedQty":"34.00000000","icebergQty":"0.00000000","isWorking":true,"orderId":736143476,"orderListId":-1,"origQty":"34.00000000","origQuoteOrderQty":"0.00000000","price":"0.73190000","side":"SELL","status":"FILLED","stopPrice":"0.00000000","symbol":"XRPBUSD","time":1646469485431,"timeInForce":"GTC","type":"LIMIT","updateTime":1646469485431},"level":"info","message":"Order status","service":"api-d27bc23-binance-XRPBUSD","timestamp":"2022-03-05T08:41:05.472Z"}
{"assetPair":"XRPBUSD","data":{"price":"0.73260000","symbol":"XRPBUSD"},"level":"info","message":"Latest price","service":"api-d27bc23-binance-XRPBUSD","timestamp":"2022-03-05T08:41:05.499Z"}
{"assetPair":"XRPBUSD","data":{"price":"0.73320000","symbol":"XRPBUSD"},"level":"info","message":"Latest price","service":"api-d27bc23-binance-XRPBUSD","timestamp":"2022-03-05T08:44:05.528Z"}
{"assetPair":"XRPBUSD","data":{"price":"0.73390000","symbol":"XRPBUSD"},"level":"info","message":"Latest price","service":"api-d27bc23-binance-XRPBUSD","timestamp":"2022-03-05T08:47:05.563Z"}
{"assetPair":"XRPBUSD","data":{"price":"0.73290000","symbol":"XRPBUSD"},"level":"info","message":"Latest price","service":"api-d27bc23-binance-XRPBUSD","timestamp":"2022-03-05T08:50:05.596Z"}
{"assetPair":"XRPBUSD","data":{"price":"0.73220000","symbol":"XRPBUSD"},"level":"info","message":"Latest price","service":"api-d27bc23-binance-XRPBUSD","timestamp":"2022-03-05T08:53:05.630Z"}
{"assetPair":"XRPBUSD","data":{"price":"0.73150000","symbol":"XRPBUSD"},"level":"info","message":"Latest price","service":"api-d27bc23-binance-XRPBUSD","timestamp":"2022-03-05T08:56:05.658Z"}
{"assetPair":"XRPBUSD","data":{"price":"0.73200000","symbol":"XRPBUSD"},"level":"info","message":"Latest price","service":"api-d27bc23-binance-XRPBUSD","timestamp":"2022-03-05T08:59:05.685Z"}
{"assetPair":"XRPBUSD","data":{"price":"0.73210000","symbol":"XRPBUSD"},"level":"info","message":"Latest price","service":"api-d27bc23-binance-XRPBUSD","timestamp":"2022-03-05T09:02:05.712Z"}
{"assetPair":"XRPBUSD","data":{"price":"0.72990000","symbol":"XRPBUSD"},"level":"info","message":"Latest price","service":"api-d27bc23-binance-XRPBUSD","timestamp":"2022-03-05T09:05:05.741Z"}
{"assetPair":"XRPBUSD","data":{"price":"0.73050000","symbol":"XRPBUSD"},"level":"info","message":"Latest price","service":"api-d27bc23-binance-XRPBUSD","timestamp":"2022-03-05T09:08:05.770Z"}
{"assetPair":"XRPBUSD","data":{"price":"0.73140000","symbol":"XRPBUSD"},"level":"info","message":"Latest price","service":"api-d27bc23-binance-XRPBUSD","timestamp":"2022-03-05T09:11:05.799Z"}
{"assetPair":"XRPBUSD","data":{"price":"0.73150000","symbol":"XRPBUSD"},"level":"info","message":"Latest price","service":"api-d27bc23-binance-XRPBUSD","timestamp":"2022-03-05T09:14:05.857Z"}
{"assetPair":"XRPBUSD","data":{"price":"0.73200000","symbol":"XRPBUSD"},"level":"info","message":"Latest price","service":"api-d27bc23-binance-XRPBUSD","timestamp":"2022-03-05T09:17:05.889Z"}
{"assetPair":"XRPBUSD","data":{"price":"0.73120000","symbol":"XRPBUSD"},"level":"info","message":"Latest price","service":"api-d27bc23-binance-XRPBUSD","timestamp":"2022-03-05T09:20:05.928Z"}
{"assetPair":"XRPBUSD","data":{"price":"0.73050000","symbol":"XRPBUSD"},"level":"info","message":"Latest price","service":"api-d27bc23-binance-XRPBUSD","timestamp":"2022-03-05T09:23:05.965Z"}
{"assetPair":"XRPBUSD","data":{"price":"0.73230000","symbol":"XRPBUSD"},"level":"info","message":"Latest price","service":"api-d27bc23-binance-XRPBUSD","timestamp":"2022-03-05T09:26:06.023Z"}
{"assetPair":"XRPBUSD","data":{"price":"0.73210000","symbol":"XRPBUSD"},"level":"info","message":"Latest price","service":"api-d27bc23-binance-XRPBUSD","timestamp":"2022-03-05T09:29:06.135Z"}
{"assetPair":"XRPBUSD","data":{"price":"0.73110000","symbol":"XRPBUSD"},"level":"info","message":"Latest price","service":"api-d27bc23-binance-XRPBUSD","timestamp":"2022-03-05T09:32:06.168Z"}
{"assetPair":"XRPBUSD","data":{"price":"0.73140000","symbol":"XRPBUSD"},"level":"info","message":"Latest price","service":"api-d27bc23-binance-XRPBUSD","timestamp":"2022-03-05T09:35:06.192Z"}
{"assetPair":"XRPBUSD","data":{"price":"0.73120000","symbol":"XRPBUSD"},"level":"info","message":"Latest price","service":"api-d27bc23-binance-XRPBUSD","timestamp":"2022-03-05T09:38:06.262Z"}
{"assetPair":"XRPBUSD","data":{"price":"0.73130000","symbol":"XRPBUSD"},"level":"info","message":"Latest price","service":"api-d27bc23-binance-XRPBUSD","timestamp":"2022-03-05T09:41:06.289Z"}
{"assetPair":"XRPBUSD","data":{"price":"0.73350000","symbol":"XRPBUSD"},"level":"info","message":"Latest price","service":"api-d27bc23-binance-XRPBUSD","timestamp":"2022-03-05T09:44:06.321Z"}
{"balance":{"asset":"BUSD","free":"37.40632890","locked":"0.00000000"},"level":"info","message":"Binance balance","service":"api-d27bc23-binance-XRPBUSD","timestamp":"2022-03-05T09:44:06.356Z"}
{"buyAsset":"XRP","correctedPrice":"0.7335","correctedQty":"33","level":"info","message":"Initiating BUY","price":"0.7335","quantity":"33.74233128834355828221","service":"api-d27bc23-binance-XRPBUSD","timestamp":"2022-03-05T09:44:06.357Z","withAsset":"BUSD"}
{"data":{"clientOrderId":"e3LZ9SQ2aLsdUMHM67IP4E","cummulativeQuoteQty":"0.00000000","executedQty":"0.00000000","fills":[],"orderId":736182454,"orderListId":-1,"origQty":"33.00000000","price":"0.73350000","side":"BUY","status":"NEW","symbol":"XRPBUSD","timeInForce":"GTC","transactTime":1646473446383,"type":"LIMIT"},"level":"info","message":"BUY success","service":"api-d27bc23-binance-XRPBUSD","timestamp":"2022-03-05T09:44:06.386Z"}
{"level":"info","message":"Checking order status","origClientOrderId":"e3LZ9SQ2aLsdUMHM67IP4E","service":"api-d27bc23-binance-XRPBUSD","symbol":"XRPBUSD","timestamp":"2022-03-05T09:47:06.390Z"}
{"data":{"clientOrderId":"e3LZ9SQ2aLsdUMHM67IP4E","cummulativeQuoteQty":"24.20550000","executedQty":"33.00000000","icebergQty":"0.00000000","isWorking":true,"orderId":736182454,"orderListId":-1,"origQty":"33.00000000","origQuoteOrderQty":"0.00000000","price":"0.73350000","side":"BUY","status":"FILLED","stopPrice":"0.00000000","symbol":"XRPBUSD","time":1646473446383,"timeInForce":"GTC","type":"LIMIT","updateTime":1646473468012},"level":"info","message":"Order status","service":"api-d27bc23-binance-XRPBUSD","timestamp":"2022-03-05T09:47:06.458Z"}
{"assetPair":"XRPBUSD","data":{"price":"0.73250000","symbol":"XRPBUSD"},"level":"info","message":"Latest price","service":"api-d27bc23-binance-XRPBUSD","timestamp":"2022-03-05T09:47:06.478Z"}
{"assetPair":"XRPBUSD","data":{"price":"0.73290000","symbol":"XRPBUSD"},"level":"info","message":"Latest price","service":"api-d27bc23-binance-XRPBUSD","timestamp":"2022-03-05T09:50:06.516Z"}
{"assetPair":"XRPBUSD","data":{"price":"0.73370000","symbol":"XRPBUSD"},"level":"info","message":"Latest price","service":"api-d27bc23-binance-XRPBUSD","timestamp":"2022-03-05T09:53:06.540Z"}
{"assetPair":"XRPBUSD","data":{"price":"0.73350000","symbol":"XRPBUSD"},"level":"info","message":"Latest price","service":"api-d27bc23-binance-XRPBUSD","timestamp":"2022-03-05T09:56:06.591Z"}
{"assetPair":"XRPBUSD","data":{"price":"0.73360000","symbol":"XRPBUSD"},"level":"info","message":"Latest price","service":"api-d27bc23-binance-XRPBUSD","timestamp":"2022-03-05T09:59:06.625Z"}
{"assetPair":"XRPBUSD","data":{"price":"0.73390000","symbol":"XRPBUSD"},"level":"info","message":"Latest price","service":"api-d27bc23-binance-XRPBUSD","timestamp":"2022-03-05T10:02:06.679Z"}
{"assetPair":"XRPBUSD","data":{"price":"0.73410000","symbol":"XRPBUSD"},"level":"info","message":"Latest price","service":"api-d27bc23-binance-XRPBUSD","timestamp":"2022-03-05T10:05:06.709Z"}
{"assetPair":"XRPBUSD","data":{"price":"0.72940000","symbol":"XRPBUSD"},"level":"info","message":"Latest price","service":"api-d27bc23-binance-XRPBUSD","timestamp":"2022-03-05T10:08:06.737Z"}
{"assetPair":"XRPBUSD","data":{"price":"0.72960000","symbol":"XRPBUSD"},"level":"info","message":"Latest price","service":"api-d27bc23-binance-XRPBUSD","timestamp":"2022-03-05T10:11:06.764Z"}
{"assetPair":"XRPBUSD","data":{"price":"0.73180000","symbol":"XRPBUSD"},"level":"info","message":"Latest price","service":"api-d27bc23-binance-XRPBUSD","timestamp":"2022-03-05T10:14:06.797Z"}
{"assetPair":"XRPBUSD","data":{"price":"0.73050000","symbol":"XRPBUSD"},"level":"info","message":"Latest price","service":"api-d27bc23-binance-XRPBUSD","timestamp":"2022-03-05T10:17:06.835Z"}
{"assetPair":"XRPBUSD","data":{"price":"0.73160000","symbol":"XRPBUSD"},"level":"info","message":"Latest price","service":"api-d27bc23-binance-XRPBUSD","timestamp":"2022-03-05T10:20:06.865Z"}
{"assetPair":"XRPBUSD","data":{"price":"0.73050000","symbol":"XRPBUSD"},"level":"info","message":"Latest price","service":"api-d27bc23-binance-XRPBUSD","timestamp":"2022-03-05T10:23:06.897Z"}
{"assetPair":"XRPBUSD","data":{"price":"0.72770000","symbol":"XRPBUSD"},"level":"info","message":"Latest price","service":"api-d27bc23-binance-XRPBUSD","timestamp":"2022-03-05T10:26:06.934Z"}
{"assetPair":"XRPBUSD","data":{"price":"0.72900000","symbol":"XRPBUSD"},"level":"info","message":"Latest price","service":"api-d27bc23-binance-XRPBUSD","timestamp":"2022-03-05T10:29:07.003Z"}
{"assetPair":"XRPBUSD","data":{"price":"0.73050000","symbol":"XRPBUSD"},"level":"info","message":"Latest price","service":"api-d27bc23-binance-XRPBUSD","timestamp":"2022-03-05T10:32:07.033Z"}
{"assetPair":"XRPBUSD","data":{"price":"0.73170000","symbol":"XRPBUSD"},"level":"info","message":"Latest price","service":"api-d27bc23-binance-XRPBUSD","timestamp":"2022-03-05T10:35:07.062Z"}
{"assetPair":"XRPBUSD","data":{"price":"0.73220000","symbol":"XRPBUSD"},"level":"info","message":"Latest price","service":"api-d27bc23-binance-XRPBUSD","timestamp":"2022-03-05T10:38:07.141Z"}
{"assetPair":"XRPBUSD","data":{"price":"0.73230000","symbol":"XRPBUSD"},"level":"info","message":"Latest price","service":"api-d27bc23-binance-XRPBUSD","timestamp":"2022-03-05T10:41:07.181Z"}
{"assetPair":"XRPBUSD","data":{"price":"0.73190000","symbol":"XRPBUSD"},"level":"info","message":"Latest price","service":"api-d27bc23-binance-XRPBUSD","timestamp":"2022-03-05T10:44:07.235Z"}
{"assetPair":"XRPBUSD","data":{"price":"0.73260000","symbol":"XRPBUSD"},"level":"info","message":"Latest price","service":"api-d27bc23-binance-XRPBUSD","timestamp":"2022-03-05T10:47:07.267Z"}
{"assetPair":"XRPBUSD","data":{"price":"0.73340000","symbol":"XRPBUSD"},"level":"info","message":"Latest price","service":"api-d27bc23-binance-XRPBUSD","timestamp":"2022-03-05T10:50:07.297Z"}
{"assetPair":"XRPBUSD","data":{"price":"0.73500000","symbol":"XRPBUSD"},"level":"info","message":"Latest price","service":"api-d27bc23-binance-XRPBUSD","timestamp":"2022-03-05T10:53:07.329Z"}
{"assetPair":"XRPBUSD","data":{"price":"0.73480000","symbol":"XRPBUSD"},"level":"info","message":"Latest price","service":"api-d27bc23-binance-XRPBUSD","timestamp":"2022-03-05T10:56:07.355Z"}
{"assetPair":"XRPBUSD","data":{"price":"0.73700000","symbol":"XRPBUSD"},"level":"info","message":"Latest price","service":"api-d27bc23-binance-XRPBUSD","timestamp":"2022-03-05T10:59:07.383Z"}
{"assetPair":"XRPBUSD","data":{"price":"0.73500000","symbol":"XRPBUSD"},"level":"info","message":"Latest price","service":"api-d27bc23-binance-XRPBUSD","timestamp":"2022-03-05T11:02:07.472Z"}
{"assetPair":"XRPBUSD","data":{"price":"0.73650000","symbol":"XRPBUSD"},"level":"info","message":"Latest price","service":"api-d27bc23-binance-XRPBUSD","timestamp":"2022-03-05T11:05:07.512Z"}
{"assetPair":"XRPBUSD","data":{"price":"0.73740000","symbol":"XRPBUSD"},"level":"info","message":"Latest price","service":"api-d27bc23-binance-XRPBUSD","timestamp":"2022-03-05T11:08:07.563Z"}
{"assetPair":"XRPBUSD","data":{"price":"0.73760000","symbol":"XRPBUSD"},"level":"info","message":"Latest price","service":"api-d27bc23-binance-XRPBUSD","timestamp":"2022-03-05T11:11:07.600Z"}
{"assetPair":"XRPBUSD","data":{"price":"0.73650000","symbol":"XRPBUSD"},"level":"info","message":"Latest price","service":"api-d27bc23-binance-XRPBUSD","timestamp":"2022-03-05T11:14:07.635Z"}
{"assetPair":"XRPBUSD","data":{"price":"0.73510000","symbol":"XRPBUSD"},"level":"info","message":"Latest price","service":"api-d27bc23-binance-XRPBUSD","timestamp":"2022-03-05T11:17:07.668Z"}
{"assetPair":"XRPBUSD","data":{"price":"0.73620000","symbol":"XRPBUSD"},"level":"info","message":"Latest price","service":"api-d27bc23-binance-XRPBUSD","timestamp":"2022-03-05T11:20:07.694Z"}
{"assetPair":"XRPBUSD","data":{"price":"0.73710000","symbol":"XRPBUSD"},"level":"info","message":"Latest price","service":"api-d27bc23-binance-XRPBUSD","timestamp":"2022-03-05T11:23:07.726Z"}
{"assetPair":"XRPBUSD","data":{"price":"0.73630000","symbol":"XRPBUSD"},"level":"info","message":"Latest price","service":"api-d27bc23-binance-XRPBUSD","timestamp":"2022-03-05T11:26:07.754Z"}
{"assetPair":"XRPBUSD","data":{"price":"0.73550000","symbol":"XRPBUSD"},"level":"info","message":"Latest price","service":"api-d27bc23-binance-XRPBUSD","timestamp":"2022-03-05T11:29:07.791Z"}
{"assetPair":"XRPBUSD","data":{"price":"0.73460000","symbol":"XRPBUSD"},"level":"info","message":"Latest price","service":"api-d27bc23-binance-XRPBUSD","timestamp":"2022-03-05T11:32:07.830Z"}
{"assetPair":"XRPBUSD","data":{"price":"0.73240000","symbol":"XRPBUSD"},"level":"info","message":"Latest price","service":"api-d27bc23-binance-XRPBUSD","timestamp":"2022-03-05T11:35:07.857Z"}
{"assetPair":"XRPBUSD","data":{"price":"0.73320000","symbol":"XRPBUSD"},"level":"info","message":"Latest price","service":"api-d27bc23-binance-XRPBUSD","timestamp":"2022-03-05T11:38:07.887Z"}
{"assetPair":"XRPBUSD","data":{"price":"0.73310000","symbol":"XRPBUSD"},"level":"info","message":"Latest price","service":"api-d27bc23-binance-XRPBUSD","timestamp":"2022-03-05T11:41:07.965Z"}
{"assetPair":"XRPBUSD","data":{"price":"0.73380000","symbol":"XRPBUSD"},"level":"info","message":"Latest price","service":"api-d27bc23-binance-XRPBUSD","timestamp":"2022-03-05T11:44:08.019Z"}
{"assetPair":"XRPBUSD","data":{"price":"0.73330000","symbol":"XRPBUSD"},"level":"info","message":"Latest price","service":"api-d27bc23-binance-XRPBUSD","timestamp":"2022-03-05T11:47:08.057Z"}
{"assetPair":"XRPBUSD","data":{"price":"0.73380000","symbol":"XRPBUSD"},"level":"info","message":"Latest price","service":"api-d27bc23-binance-XRPBUSD","timestamp":"2022-03-05T11:50:08.082Z"}
{"assetPair":"XRPBUSD","data":{"price":"0.73420000","symbol":"XRPBUSD"},"level":"info","message":"Latest price","service":"api-d27bc23-binance-XRPBUSD","timestamp":"2022-03-05T11:53:08.150Z"}
{"assetPair":"XRPBUSD","data":{"price":"0.73510000","symbol":"XRPBUSD"},"level":"info","message":"Latest price","service":"api-d27bc23-binance-XRPBUSD","timestamp":"2022-03-05T11:56:08.203Z"}
{"assetPair":"XRPBUSD","data":{"price":"0.73460000","symbol":"XRPBUSD"},"level":"info","message":"Latest price","service":"api-d27bc23-binance-XRPBUSD","timestamp":"2022-03-05T11:59:08.243Z"}
{"assetPair":"XRPBUSD","data":{"price":"0.73500000","symbol":"XRPBUSD"},"level":"info","message":"Latest price","service":"api-d27bc23-binance-XRPBUSD","timestamp":"2022-03-05T12:02:08.270Z"}
{"assetPair":"XRPBUSD","data":{"price":"0.73700000","symbol":"XRPBUSD"},"level":"info","message":"Latest price","service":"api-d27bc23-binance-XRPBUSD","timestamp":"2022-03-05T12:05:08.304Z"}
{"assetPair":"XRPBUSD","data":{"price":"0.74070000","symbol":"XRPBUSD"},"level":"info","message":"Latest price","service":"api-d27bc23-binance-XRPBUSD","timestamp":"2022-03-05T12:08:08.425Z"}
{"assetPair":"XRPBUSD","data":{"price":"0.73690000","symbol":"XRPBUSD"},"level":"info","message":"Latest price","service":"api-d27bc23-binance-XRPBUSD","timestamp":"2022-03-05T12:11:08.452Z"}
{"assetPair":"XRPBUSD","data":{"price":"0.73780000","symbol":"XRPBUSD"},"level":"info","message":"Latest price","service":"api-d27bc23-binance-XRPBUSD","timestamp":"2022-03-05T12:14:08.509Z"}
{"assetPair":"XRPBUSD","data":{"price":"0.73910000","symbol":"XRPBUSD"},"level":"info","message":"Latest price","service":"api-d27bc23-binance-XRPBUSD","timestamp":"2022-03-05T12:17:08.561Z"}
{"assetPair":"XRPBUSD","data":{"price":"0.74070000","symbol":"XRPBUSD"},"level":"info","message":"Latest price","service":"api-d27bc23-binance-XRPBUSD","timestamp":"2022-03-05T12:20:08.588Z"}
{"assetPair":"XRPBUSD","data":{"price":"0.74100000","symbol":"XRPBUSD"},"level":"info","message":"Latest price","service":"api-d27bc23-binance-XRPBUSD","timestamp":"2022-03-05T12:23:08.619Z"}
{"assetPair":"XRPBUSD","data":{"price":"0.73990000","symbol":"XRPBUSD"},"level":"info","message":"Latest price","service":"api-d27bc23-binance-XRPBUSD","timestamp":"2022-03-05T12:26:08.654Z"}
{"assetPair":"XRPBUSD","data":{"price":"0.74010000","symbol":"XRPBUSD"},"level":"info","message":"Latest price","service":"api-d27bc23-binance-XRPBUSD","timestamp":"2022-03-05T12:29:08.691Z"}
{"assetPair":"XRPBUSD","data":{"price":"0.74100000","symbol":"XRPBUSD"},"level":"info","message":"Latest price","service":"api-d27bc23-binance-XRPBUSD","timestamp":"2022-03-05T12:32:08.720Z"}
{"assetPair":"XRPBUSD","data":{"price":"0.74120000","symbol":"XRPBUSD"},"level":"info","message":"Latest price","service":"api-d27bc23-binance-XRPBUSD","timestamp":"2022-03-05T12:35:08.755Z"}
{"assetPair":"XRPBUSD","data":{"price":"0.74310000","symbol":"XRPBUSD"},"level":"info","message":"Latest price","service":"api-d27bc23-binance-XRPBUSD","timestamp":"2022-03-05T12:38:08.808Z"}
{"assetPair":"XRPBUSD","data":{"price":"0.74350000","symbol":"XRPBUSD"},"level":"info","message":"Latest price","service":"api-d27bc23-binance-XRPBUSD","timestamp":"2022-03-05T12:41:08.837Z"}
{"assetPair":"XRPBUSD","data":{"price":"0.74280000","symbol":"XRPBUSD"},"level":"info","message":"Latest price","service":"api-d27bc23-binance-XRPBUSD","timestamp":"2022-03-05T12:44:08.862Z"}
{"assetPair":"XRPBUSD","data":{"price":"0.74400000","symbol":"XRPBUSD"},"level":"info","message":"Latest price","service":"api-d27bc23-binance-XRPBUSD","timestamp":"2022-03-05T12:47:08.899Z"}
{"assetPair":"XRPBUSD","data":{"price":"0.74600000","symbol":"XRPBUSD"},"level":"info","message":"Latest price","service":"api-d27bc23-binance-XRPBUSD","timestamp":"2022-03-05T12:50:08.932Z"}
{"assetPair":"XRPBUSD","data":{"price":"0.74540000","symbol":"XRPBUSD"},"level":"info","message":"Latest price","service":"api-d27bc23-binance-XRPBUSD","timestamp":"2022-03-05T12:53:08.969Z"}
{"assetPair":"XRPBUSD","data":{"price":"0.74720000","symbol":"XRPBUSD"},"level":"info","message":"Latest price","service":"api-d27bc23-binance-XRPBUSD","timestamp":"2022-03-05T12:56:09.006Z"}
{"assetPair":"XRPBUSD","data":{"price":"0.74440000","symbol":"XRPBUSD"},"level":"info","message":"Latest price","service":"api-d27bc23-binance-XRPBUSD","timestamp":"2022-03-05T12:59:09.039Z"}
