{"assetPair":"XRPBUSD","data":{"price":"0.75040000","symbol":"XRPBUSD"},"level":"info","message":"Latest price","service":"api-45b60a3-binance-XRPBUSD","timestamp":"2022-03-09T13:00:42.404Z"}
{"assetPair":"XRPBUSD","data":{"price":"0.74810000","symbol":"XRPBUSD"},"level":"info","message":"Latest price","service":"api-45b60a3-binance-XRPBUSD","timestamp":"2022-03-09T13:03:42.541Z"}
{"assetPair":"XRPBUSD","data":{"price":"0.74750000","symbol":"XRPBUSD"},"level":"info","message":"Latest price","service":"api-45b60a3-binance-XRPBUSD","timestamp":"2022-03-09T13:06:42.598Z"}
{"assetPair":"XRPBUSD","data":{"price":"0.74850000","symbol":"XRPBUSD"},"level":"info","message":"Latest price","service":"api-45b60a3-binance-XRPBUSD","timestamp":"2022-03-09T13:09:42.661Z"}
{"assetPair":"XRPBUSD","data":{"price":"0.74920000","symbol":"XRPBUSD"},"level":"info","message":"Latest price","service":"api-45b60a3-binance-XRPBUSD","timestamp":"2022-03-09T13:12:42.753Z"}
{"assetPair":"XRPBUSD","data":{"price":"0.75010000","symbol":"XRPBUSD"},"level":"info","message":"Latest price","service":"api-45b60a3-binance-XRPBUSD","timestamp":"2022-03-09T13:15:42.882Z"}
{"assetPair":"XRPBUSD","data":{"price":"0.75100000","symbol":"XRPBUSD"},"level":"info","message":"Latest price","service":"api-45b60a3-binance-XRPBUSD","timestamp":"2022-03-09T13:18:42.925Z"}
{"assetPair":"XRPBUSD","data":{"price":"0.75140000","symbol":"XRPBUSD"},"level":"info","message":"Latest price","service":"api-45b60a3-binance-XRPBUSD","timestamp":"2022-03-09T13:21:43.062Z"}
{"assetPair":"XRPBUSD","data":{"price":"0.75160000","symbol":"XRPBUSD"},"level":"info","message":"Latest price","service":"api-45b60a3-binance-XRPBUSD","timestamp":"2022-03-09T13:24:43.145Z"}
{"assetPair":"XRPBUSD","data":{"price":"0.75260000","symbol":"XRPBUSD"},"level":"info","message":"Latest price","service":"api-45b60a3-binance-XRPBUSD","timestamp":"2022-03-09T13:27:43.292Z"}
{"assetPair":"XRPBUSD","data":{"price":"0.75220000","symbol":"XRPBUSD"},"level":"info","message":"Latest price","service":"api-45b60a3-binance-XRPBUSD","timestamp":"2022-03-09T13:30:43.404Z"}
{"assetPair":"XRPBUSD","data":{"price":"0.75150000","symbol":"XRPBUSD"},"level":"info","message":"Latest price","service":"api-45b60a3-binance-XRPBUSD","timestamp":"2022-03-09T13:33:43.544Z"}
{"assetPair":"XRPBUSD","data":{"price":"0.75160000","symbol":"XRPBUSD"},"level":"info","message":"Latest price","service":"api-45b60a3-binance-XRPBUSD","timestamp":"2022-03-09T13:36:43.626Z"}
{"assetPair":"XRPBUSD","data":{"price":"0.75160000","symbol":"XRPBUSD"},"level":"info","message":"Latest price","service":"api-45b60a3-binance-XRPBUSD","timestamp":"2022-03-09T13:39:43.691Z"}
{"assetPair":"XRPBUSD","data":{"price":"0.75030000","symbol":"XRPBUSD"},"level":"info","message":"Latest price","service":"api-45b60a3-binance-XRPBUSD","timestamp":"2022-03-09T13:42:43.755Z"}
{"assetPair":"XRPBUSD","data":{"price":"0.74910000","symbol":"XRPBUSD"},"level":"info","message":"Latest price","service":"api-45b60a3-binance-XRPBUSD","timestamp":"2022-03-09T13:45:43.815Z"}
{"assetPair":"XRPBUSD","data":{"price":"0.75000000","symbol":"XRPBUSD"},"level":"info","message":"Latest price","service":"api-45b60a3-binance-XRPBUSD","timestamp":"2022-03-09T13:48:43.988Z"}
{"assetPair":"XRPBUSD","data":{"price":"0.74860000","symbol":"XRPBUSD"},"level":"info","message":"Latest price","service":"api-45b60a3-binance-XRPBUSD","timestamp":"2022-03-09T13:51:44.125Z"}
{"assetPair":"XRPBUSD","data":{"price":"0.74880000","symbol":"XRPBUSD"},"level":"info","message":"Latest price","service":"api-45b60a3-binance-XRPBUSD","timestamp":"2022-03-09T13:54:44.266Z"}
{"assetPair":"XRPBUSD","data":{"price":"0.74930000","symbol":"XRPBUSD"},"level":"info","message":"Latest price","service":"api-45b60a3-binance-XRPBUSD","timestamp":"2022-03-09T13:57:44.408Z"}
{"assetPair":"XRPBUSD","data":{"price":"0.74970000","symbol":"XRPBUSD"},"level":"info","message":"Latest price","service":"api-45b60a3-binance-XRPBUSD","timestamp":"2022-03-09T14:00:44.539Z"}
{"assetPair":"XRPBUSD","data":{"price":"0.75040000","symbol":"XRPBUSD"},"level":"info","message":"Latest price","service":"api-45b60a3-binance-XRPBUSD","timestamp":"2022-03-09T14:03:44.682Z"}
{"assetPair":"XRPBUSD","data":{"price":"0.75200000","symbol":"XRPBUSD"},"level":"info","message":"Latest price","service":"api-45b60a3-binance-XRPBUSD","timestamp":"2022-03-09T14:06:44.775Z"}
{"assetPair":"XRPBUSD","data":{"price":"0.75490000","symbol":"XRPBUSD"},"level":"info","message":"Latest price","service":"api-45b60a3-binance-XRPBUSD","timestamp":"2022-03-09T14:09:44.836Z"}
{"assetPair":"XRPBUSD","data":{"price":"0.75420000","symbol":"XRPBUSD"},"level":"info","message":"Latest price","service":"api-45b60a3-binance-XRPBUSD","timestamp":"2022-03-09T14:12:44.952Z"}
{"assetPair":"XRPBUSD","data":{"price":"0.75260000","symbol":"XRPBUSD"},"level":"info","message":"Latest price","service":"api-45b60a3-binance-XRPBUSD","timestamp":"2022-03-09T14:15:45.071Z"}
{"assetPair":"XRPBUSD","data":{"price":"0.75260000","symbol":"XRPBUSD"},"level":"info","message":"Latest price","service":"api-45b60a3-binance-XRPBUSD","timestamp":"2022-03-09T14:18:45.202Z"}
{"assetPair":"XRPBUSD","data":{"price":"0.75350000","symbol":"XRPBUSD"},"level":"info","message":"Latest price","service":"api-45b60a3-binance-XRPBUSD","timestamp":"2022-03-09T14:21:45.335Z"}
{"assetPair":"XRPBUSD","data":{"price":"0.75300000","symbol":"XRPBUSD"},"level":"info","message":"Latest price","service":"api-45b60a3-binance-XRPBUSD","timestamp":"2022-03-09T14:24:45.517Z"}
{"assetPair":"XRPBUSD","data":{"price":"0.75450000","symbol":"XRPBUSD"},"level":"info","message":"Latest price","service":"api-45b60a3-binance-XRPBUSD","timestamp":"2022-03-09T14:27:45.564Z"}
{"assetPair":"XRPBUSD","data":{"price":"0.75400000","symbol":"XRPBUSD"},"level":"info","message":"Latest price","service":"api-45b60a3-binance-XRPBUSD","timestamp":"2022-03-09T14:30:45.677Z"}
{"assetPair":"XRPBUSD","data":{"price":"0.75470000","symbol":"XRPBUSD"},"level":"info","message":"Latest price","service":"api-45b60a3-binance-XRPBUSD","timestamp":"2022-03-09T14:33:45.801Z"}
{"assetPair":"XRPBUSD","data":{"price":"0.75520000","symbol":"XRPBUSD"},"level":"info","message":"Latest price","service":"api-45b60a3-binance-XRPBUSD","timestamp":"2022-03-09T14:36:45.935Z"}
{"assetPair":"XRPBUSD","data":{"price":"0.75680000","symbol":"XRPBUSD"},"level":"info","message":"Latest price","service":"api-45b60a3-binance-XRPBUSD","timestamp":"2022-03-09T14:39:46.061Z"}
{"assetPair":"XRPBUSD","data":{"price":"0.75830000","symbol":"XRPBUSD"},"level":"info","message":"Latest price","service":"api-45b60a3-binance-XRPBUSD","timestamp":"2022-03-09T14:42:46.187Z"}
{"assetPair":"XRPBUSD","data":{"price":"0.75760000","symbol":"XRPBUSD"},"level":"info","message":"Latest price","service":"api-45b60a3-binance-XRPBUSD","timestamp":"2022-03-09T14:45:46.244Z"}
{"assetPair":"XRPBUSD","data":{"price":"0.75690000","symbol":"XRPBUSD"},"level":"info","message":"Latest price","service":"api-45b60a3-binance-XRPBUSD","timestamp":"2022-03-09T14:48:46.322Z"}
{"assetPair":"XRPBUSD","data":{"price":"0.75570000","symbol":"XRPBUSD"},"level":"info","message":"Latest price","service":"api-45b60a3-binance-XRPBUSD","timestamp":"2022-03-09T14:51:46.449Z"}
{"assetPair":"XRPBUSD","data":{"price":"0.75520000","symbol":"XRPBUSD"},"level":"info","message":"Latest price","service":"api-45b60a3-binance-XRPBUSD","timestamp":"2022-03-09T14:54:46.573Z"}
{"assetPair":"XRPBUSD","data":{"price":"0.75620000","symbol":"XRPBUSD"},"level":"info","message":"Latest price","service":"api-45b60a3-binance-XRPBUSD","timestamp":"2022-03-09T14:57:46.672Z"}
{"assetPair":"XRPBUSD","data":{"price":"0.75510000","symbol":"XRPBUSD"},"level":"info","message":"Latest price","service":"api-45b60a3-binance-XRPBUSD","timestamp":"2022-03-09T15:00:46.800Z"}
{"assetPair":"XRPBUSD","data":{"price":"0.75660000","symbol":"XRPBUSD"},"level":"info","message":"Latest price","service":"api-45b60a3-binance-XRPBUSD","timestamp":"2022-03-09T15:03:46.860Z"}
{"assetPair":"XRPBUSD","data":{"price":"0.75590000","symbol":"XRPBUSD"},"level":"info","message":"Latest price","service":"api-45b60a3-binance-XRPBUSD","timestamp":"2022-03-09T15:06:46.998Z"}
{"assetPair":"XRPBUSD","data":{"price":"0.75580000","symbol":"XRPBUSD"},"level":"info","message":"Latest price","service":"api-45b60a3-binance-XRPBUSD","timestamp":"2022-03-09T15:09:47.159Z"}
{"assetPair":"XRPBUSD","data":{"price":"0.75680000","symbol":"XRPBUSD"},"level":"info","message":"Latest price","service":"api-45b60a3-binance-XRPBUSD","timestamp":"2022-03-09T15:12:47.278Z"}
{"assetPair":"XRPBUSD","data":{"price":"0.75550000","symbol":"XRPBUSD"},"level":"info","message":"Latest price","service":"api-45b60a3-binance-XRPBUSD","timestamp":"2022-03-09T15:15:47.409Z"}
{"assetPair":"XRPBUSD","data":{"price":"0.75590000","symbol":"XRPBUSD"},"level":"info","message":"Latest price","service":"api-45b60a3-binance-XRPBUSD","timestamp":"2022-03-09T15:18:47.538Z"}
{"assetPair":"XRPBUSD","data":{"price":"0.75510000","symbol":"XRPBUSD"},"level":"info","message":"Latest price","service":"api-45b60a3-binance-XRPBUSD","timestamp":"2022-03-09T15:21:47.670Z"}
{"assetPair":"XRPBUSD","data":{"price":"0.75580000","symbol":"XRPBUSD"},"level":"info","message":"Latest price","service":"api-45b60a3-binance-XRPBUSD","timestamp":"2022-03-09T15:24:47.798Z"}
{"assetPair":"XRPBUSD","data":{"price":"0.75630000","symbol":"XRPBUSD"},"level":"info","message":"Latest price","service":"api-45b60a3-binance-XRPBUSD","timestamp":"2022-03-09T15:27:47.922Z"}
{"assetPair":"XRPBUSD","data":{"price":"0.75670000","symbol":"XRPBUSD"},"level":"info","message":"Latest price","service":"api-45b60a3-binance-XRPBUSD","timestamp":"2022-03-09T15:30:48.050Z"}
{"assetPair":"XRPBUSD","data":{"price":"0.75730000","symbol":"XRPBUSD"},"level":"info","message":"Latest price","service":"api-45b60a3-binance-XRPBUSD","timestamp":"2022-03-09T15:33:48.125Z"}
{"assetPair":"XRPBUSD","data":{"price":"0.75810000","symbol":"XRPBUSD"},"level":"info","message":"Latest price","service":"api-45b60a3-binance-XRPBUSD","timestamp":"2022-03-09T15:36:48.227Z"}
{"assetPair":"XRPBUSD","data":{"price":"0.75870000","symbol":"XRPBUSD"},"level":"info","message":"Latest price","service":"api-45b60a3-binance-XRPBUSD","timestamp":"2022-03-09T15:39:48.316Z"}
{"assetPair":"XRPBUSD","data":{"price":"0.76710000","symbol":"XRPBUSD"},"level":"info","message":"Latest price","service":"api-45b60a3-binance-XRPBUSD","timestamp":"2022-03-09T15:42:48.425Z"}
{"assetPair":"XRPBUSD","data":{"price":"0.76520000","symbol":"XRPBUSD"},"level":"info","message":"Latest price","service":"api-45b60a3-binance-XRPBUSD","timestamp":"2022-03-09T15:45:48.611Z"}
{"balance":{"asset":"XRP","free":"33.27800000","locked":"0.00000000"},"level":"info","message":"Binance balance","service":"api-45b60a3-binance-XRPBUSD","timestamp":"2022-03-09T15:45:48.725Z"}
{"correctedPrice":"0.7652","correctedQty":"33","forAsset":"BUSD","level":"info","message":"Initiating SELL","price":"0.76520000","quantity":"33.27800000","sellAsset":"XRP","service":"api-45b60a3-binance-XRPBUSD","timestamp":"2022-03-09T15:45:48.726Z"}
{"data":{"clientOrderId":"HwKppfIyJ05KH98hjgsv62","cummulativeQuoteQty":"0.00000000","executedQty":"0.00000000","fills":[],"orderId":739882464,"orderListId":-1,"origQty":"33.00000000","price":"0.76520000","side":"SELL","status":"NEW","symbol":"XRPBUSD","timeInForce":"GTC","transactTime":1646840748789,"type":"LIMIT"},"level":"info","message":"SELL success","service":"api-45b60a3-binance-XRPBUSD","timestamp":"2022-03-09T15:45:48.799Z"}
{"level":"info","message":"Checking order status","origClientOrderId":"HwKppfIyJ05KH98hjgsv62","service":"api-45b60a3-binance-XRPBUSD","symbol":"XRPBUSD","timestamp":"2022-03-09T15:48:48.838Z"}
{"data":{"clientOrderId":"HwKppfIyJ05KH98hjgsv62","cummulativeQuoteQty":"25.25160000","executedQty":"33.00000000","icebergQty":"0.00000000","isWorking":true,"orderId":739882464,"orderListId":-1,"origQty":"33.00000000","origQuoteOrderQty":"0.00000000","price":"0.76520000","side":"SELL","status":"FILLED","stopPrice":"0.00000000","symbol":"XRPBUSD","time":1646840748789,"timeInForce":"GTC","type":"LIMIT","updateTime":1646840750607},"level":"info","message":"Order status","service":"api-45b60a3-binance-XRPBUSD","timestamp":"2022-03-09T15:48:48.867Z"}
{"assetPair":"XRPBUSD","data":{"price":"0.76580000","symbol":"XRPBUSD"},"level":"info","message":"Latest price","service":"api-45b60a3-binance-XRPBUSD","timestamp":"2022-03-09T15:48:48.891Z"}
{"assetPair":"XRPBUSD","data":{"price":"0.76570000","symbol":"XRPBUSD"},"level":"info","message":"Latest price","service":"api-45b60a3-binance-XRPBUSD","timestamp":"2022-03-09T15:51:49.020Z"}
{"assetPair":"XRPBUSD","data":{"price":"0.76490000","symbol":"XRPBUSD"},"level":"info","message":"Latest price","service":"api-45b60a3-binance-XRPBUSD","timestamp":"2022-03-09T15:54:49.142Z"}
{"assetPair":"XRPBUSD","data":{"price":"0.76670000","symbol":"XRPBUSD"},"level":"info","message":"Latest price","service":"api-45b60a3-binance-XRPBUSD","timestamp":"2022-03-09T15:57:49.184Z"}
{"assetPair":"XRPBUSD","data":{"price":"0.77280000","symbol":"XRPBUSD"},"level":"info","message":"Latest price","service":"api-45b60a3-binance-XRPBUSD","timestamp":"2022-03-09T16:00:49.307Z"}
{"balance":{"asset":"BUSD","free":"39.74589534","locked":"0.00000000"},"level":"info","message":"Binance balance","service":"api-45b60a3-binance-XRPBUSD","timestamp":"2022-03-09T16:00:49.331Z"}
{"buyAsset":"XRP","correctedPrice":"0.7728","correctedQty":"32","level":"info","message":"Initiating BUY","price":"0.7728","quantity":"32.02639751552795031056","service":"api-45b60a3-binance-XRPBUSD","timestamp":"2022-03-09T16:00:49.332Z","withAsset":"BUSD"}
{"data":{"clientOrderId":"n8mNVj7kPS8uV84WBhlKm7","cummulativeQuoteQty":"0.00000000","executedQty":"0.00000000","fills":[],"orderId":739900329,"orderListId":-1,"origQty":"32.00000000","price":"0.77280000","side":"BUY","status":"NEW","symbol":"XRPBUSD","timeInForce":"GTC","transactTime":1646841649357,"type":"LIMIT"},"level":"info","message":"BUY success","service":"api-45b60a3-binance-XRPBUSD","timestamp":"2022-03-09T16:00:49.360Z"}
{"level":"info","message":"Checking order status","origClientOrderId":"n8mNVj7kPS8uV84WBhlKm7","service":"api-45b60a3-binance-XRPBUSD","symbol":"XRPBUSD","timestamp":"2022-03-09T16:03:49.465Z"}
{"data":{"clientOrderId":"n8mNVj7kPS8uV84WBhlKm7","cummulativeQuoteQty":"24.72960000","executedQty":"32.00000000","icebergQty":"0.00000000","isWorking":true,"orderId":739900329,"orderListId":-1,"origQty":"32.00000000","origQuoteOrderQty":"0.00000000","price":"0.77280000","side":"BUY","status":"FILLED","stopPrice":"0.00000000","symbol":"XRPBUSD","time":1646841649357,"timeInForce":"GTC","type":"LIMIT","updateTime":1646841649361},"level":"info","message":"Order status","service":"api-45b60a3-binance-XRPBUSD","timestamp":"2022-03-09T16:03:49.492Z"}
{"assetPair":"XRPBUSD","data":{"price":"0.76950000","symbol":"XRPBUSD"},"level":"info","message":"Latest price","service":"api-45b60a3-binance-XRPBUSD","timestamp":"2022-03-09T16:03:49.511Z"}
{"assetPair":"XRPBUSD","data":{"price":"0.76870000","symbol":"XRPBUSD"},"level":"info","message":"Latest price","service":"api-45b60a3-binance-XRPBUSD","timestamp":"2022-03-09T16:06:49.626Z"}
{"assetPair":"XRPBUSD","data":{"price":"0.76680000","symbol":"XRPBUSD"},"level":"info","message":"Latest price","service":"api-45b60a3-binance-XRPBUSD","timestamp":"2022-03-09T16:09:49.792Z"}
{"assetPair":"XRPBUSD","data":{"price":"0.76550000","symbol":"XRPBUSD"},"level":"info","message":"Latest price","service":"api-45b60a3-binance-XRPBUSD","timestamp":"2022-03-09T16:12:49.872Z"}
{"assetPair":"XRPBUSD","data":{"price":"0.76600000","symbol":"XRPBUSD"},"level":"info","message":"Latest price","service":"api-45b60a3-binance-XRPBUSD","timestamp":"2022-03-09T16:15:49.996Z"}
{"assetPair":"XRPBUSD","data":{"price":"0.76710000","symbol":"XRPBUSD"},"level":"info","message":"Latest price","service":"api-45b60a3-binance-XRPBUSD","timestamp":"2022-03-09T16:18:50.159Z"}
{"assetPair":"XRPBUSD","data":{"price":"0.76670000","symbol":"XRPBUSD"},"level":"info","message":"Latest price","service":"api-45b60a3-binance-XRPBUSD","timestamp":"2022-03-09T16:21:50.274Z"}
{"assetPair":"XRPBUSD","data":{"price":"0.76570000","symbol":"XRPBUSD"},"level":"info","message":"Latest price","service":"api-45b60a3-binance-XRPBUSD","timestamp":"2022-03-09T16:24:50.307Z"}
{"assetPair":"XRPBUSD","data":{"price":"0.76600000","symbol":"XRPBUSD"},"level":"info","message":"Latest price","service":"api-45b60a3-binance-XRPBUSD","timestamp":"2022-03-09T16:27:50.434Z"}
{"assetPair":"XRPBUSD","data":{"price":"0.76380000","symbol":"XRPBUSD"},"level":"info","message":"Latest price","service":"api-45b60a3-binance-XRPBUSD","timestamp":"2022-03-09T16:30:50.599Z"}
{"assetPair":"XRPBUSD","data":{"price":"0.76480000","symbol":"XRPBUSD"},"level":"info","message":"Latest price","service":"api-45b60a3-binance-XRPBUSD","timestamp":"2022-03-09T16:33:50.651Z"}
{"assetPair":"XRPBUSD","data":{"price":"0.76690000","symbol":"XRPBUSD"},"level":"info","message":"Latest price","service":"api-45b60a3-binance-XRPBUSD","timestamp":"2022-03-09T16:36:50.818Z"}
{"assetPair":"XRPBUSD","data":{"price":"0.76550000","symbol":"XRPBUSD"},"level":"info","message":"Latest price","service":"api-45b60a3-binance-XRPBUSD","timestamp":"2022-03-09T16:39:50.911Z"}
{"assetPair":"XRPBUSD","data":{"price":"0.76530000","symbol":"XRPBUSD"},"level":"info","message":"Latest price","service":"api-45b60a3-binance-XRPBUSD","timestamp":"2022-03-09T16:42:51.033Z"}
{"assetPair":"XRPBUSD","data":{"price":"0.76410000","symbol":"XRPBUSD"},"level":"info","message":"Latest price","service":"api-45b60a3-binance-XRPBUSD","timestamp":"2022-03-09T16:45:51.068Z"}
{"assetPair":"XRPBUSD","data":{"price":"0.76390000","symbol":"XRPBUSD"},"level":"info","message":"Latest price","service":"api-45b60a3-binance-XRPBUSD","timestamp":"2022-03-09T16:48:51.132Z"}
{"assetPair":"XRPBUSD","data":{"price":"0.76300000","symbol":"XRPBUSD"},"level":"info","message":"Latest price","service":"api-45b60a3-binance-XRPBUSD","timestamp":"2022-03-09T16:51:51.243Z"}
{"assetPair":"XRPBUSD","data":{"price":"0.76200000","symbol":"XRPBUSD"},"level":"info","message":"Latest price","service":"api-45b60a3-binance-XRPBUSD","timestamp":"2022-03-09T16:54:51.344Z"}
{"assetPair":"XRPBUSD","data":{"price":"0.76240000","symbol":"XRPBUSD"},"level":"info","message":"Latest price","service":"api-45b60a3-binance-XRPBUSD","timestamp":"2022-03-09T16:57:51.419Z"}
{"assetPair":"XRPBUSD","data":{"price":"0.76220000","symbol":"XRPBUSD"},"level":"info","message":"Latest price","service":"api-45b60a3-binance-XRPBUSD","timestamp":"2022-03-09T17:00:51.468Z"}
{"assetPair":"XRPBUSD","data":{"price":"0.76450000","symbol":"XRPBUSD"},"level":"info","message":"Latest price","service":"api-45b60a3-binance-XRPBUSD","timestamp":"2022-03-09T17:03:51.602Z"}
{"assetPair":"XRPBUSD","data":{"price":"0.76650000","symbol":"XRPBUSD"},"level":"info","message":"Latest price","service":"api-45b60a3-binance-XRPBUSD","timestamp":"2022-03-09T17:06:51.758Z"}
{"assetPair":"XRPBUSD","data":{"price":"0.76650000","symbol":"XRPBUSD"},"level":"info","message":"Latest price","service":"api-45b60a3-binance-XRPBUSD","timestamp":"2022-03-09T17:09:51.846Z"}
{"assetPair":"XRPBUSD","data":{"price":"0.76550000","symbol":"XRPBUSD"},"level":"info","message":"Latest price","service":"api-45b60a3-binance-XRPBUSD","timestamp":"2022-03-09T17:12:51.967Z"}
{"assetPair":"XRPBUSD","data":{"price":"0.76820000","symbol":"XRPBUSD"},"level":"info","message":"Latest price","service":"api-45b60a3-binance-XRPBUSD","timestamp":"2022-03-09T17:15:52.099Z"}
{"assetPair":"XRPBUSD","data":{"price":"0.76660000","symbol":"XRPBUSD"},"level":"info","message":"Latest price","service":"api-45b60a3-binance-XRPBUSD","timestamp":"2022-03-09T17:18:52.159Z"}
{"assetPair":"XRPBUSD","data":{"price":"0.76370000","symbol":"XRPBUSD"},"level":"info","message":"Latest price","service":"api-45b60a3-binance-XRPBUSD","timestamp":"2022-03-09T17:21:52.295Z"}
{"assetPair":"XRPBUSD","data":{"price":"0.76570000","symbol":"XRPBUSD"},"level":"info","message":"Latest price","service":"api-45b60a3-binance-XRPBUSD","timestamp":"2022-03-09T17:24:52.395Z"}
{"assetPair":"XRPBUSD","data":{"price":"0.76480000","symbol":"XRPBUSD"},"level":"info","message":"Latest price","service":"api-45b60a3-binance-XRPBUSD","timestamp":"2022-03-09T17:27:52.532Z"}
{"assetPair":"XRPBUSD","data":{"price":"0.76550000","symbol":"XRPBUSD"},"level":"info","message":"Latest price","service":"api-45b60a3-binance-XRPBUSD","timestamp":"2022-03-09T17:30:52.642Z"}
{"assetPair":"XRPBUSD","data":{"price":"0.76520000","symbol":"XRPBUSD"},"level":"info","message":"Latest price","service":"api-45b60a3-binance-XRPBUSD","timestamp":"2022-03-09T17:33:52.765Z"}
{"assetPair":"XRPBUSD","data":{"price":"0.76640000","symbol":"XRPBUSD"},"level":"info","message":"Latest price","service":"api-45b60a3-binance-XRPBUSD","timestamp":"2022-03-09T17:36:52.905Z"}
{"assetPair":"XRPBUSD","data":{"price":"0.76740000","symbol":"XRPBUSD"},"level":"info","message":"Latest price","service":"api-45b60a3-binance-XRPBUSD","timestamp":"2022-03-09T17:39:53.091Z"}
{"assetPair":"XRPBUSD","data":{"price":"0.76910000","symbol":"XRPBUSD"},"level":"info","message":"Latest price","service":"api-45b60a3-binance-XRPBUSD","timestamp":"2022-03-09T17:42:53.159Z"}
{"assetPair":"XRPBUSD","data":{"price":"0.76840000","symbol":"XRPBUSD"},"level":"info","message":"Latest price","service":"api-45b60a3-binance-XRPBUSD","timestamp":"2022-03-09T17:45:53.289Z"}
{"assetPair":"XRPBUSD","data":{"price":"0.76960000","symbol":"XRPBUSD"},"level":"info","message":"Latest price","service":"api-45b60a3-binance-XRPBUSD","timestamp":"2022-03-09T17:48:53.420Z"}
{"assetPair":"XRPBUSD","data":{"price":"0.77150000","symbol":"XRPBUSD"},"level":"info","message":"Latest price","service":"api-45b60a3-binance-XRPBUSD","timestamp":"2022-03-09T17:51:53.561Z"}
{"assetPair":"XRPBUSD","data":{"price":"0.77010000","symbol":"XRPBUSD"},"level":"info","message":"Latest price","service":"api-45b60a3-binance-XRPBUSD","timestamp":"2022-03-09T17:54:53.668Z"}
{"assetPair":"XRPBUSD","data":{"price":"0.77000000","symbol":"XRPBUSD"},"level":"info","message":"Latest price","service":"api-45b60a3-binance-XRPBUSD","timestamp":"2022-03-09T17:57:53.809Z"}
{"assetPair":"XRPBUSD","data":{"price":"0.77020000","symbol":"XRPBUSD"},"level":"info","message":"Latest price","service":"api-45b60a3-binance-XRPBUSD","timestamp":"2022-03-09T18:00:53.926Z"}
{"assetPair":"XRPBUSD","data":{"price":"0.76730000","symbol":"XRPBUSD"},"level":"info","message":"Latest price","service":"api-45b60a3-binance-XRPBUSD","timestamp":"2022-03-09T18:03:54.057Z"}
{"assetPair":"XRPBUSD","data":{"price":"0.76790000","symbol":"XRPBUSD"},"level":"info","message":"Latest price","service":"api-45b60a3-binance-XRPBUSD","timestamp":"2022-03-09T18:06:54.226Z"}
{"assetPair":"XRPBUSD","data":{"price":"0.76680000","symbol":"XRPBUSD"},"level":"info","message":"Latest price","service":"api-45b60a3-binance-XRPBUSD","timestamp":"2022-03-09T18:09:54.277Z"}
{"assetPair":"XRPBUSD","data":{"price":"0.76650000","symbol":"XRPBUSD"},"level":"info","message":"Latest price","service":"api-45b60a3-binance-XRPBUSD","timestamp":"2022-03-09T18:12:54.347Z"}
{"assetPair":"XRPBUSD","data":{"price":"0.76650000","symbol":"XRPBUSD"},"level":"info","message":"Latest price","service":"api-45b60a3-binance-XRPBUSD","timestamp":"2022-03-09T18:15:54.482Z"}
{"assetPair":"XRPBUSD","data":{"price":"0.76370000","symbol":"XRPBUSD"},"level":"info","message":"Latest price","service":"api-45b60a3-binance-XRPBUSD","timestamp":"2022-03-09T18:18:54.635Z"}
{"assetPair":"XRPBUSD","data":{"price":"0.76080000","symbol":"XRPBUSD"},"level":"info","message":"Latest price","service":"api-45b60a3-binance-XRPBUSD","timestamp":"2022-03-09T18:21:54.789Z"}
{"assetPair":"XRPBUSD","data":{"price":"0.76220000","symbol":"XRPBUSD"},"level":"info","message":"Latest price","service":"api-45b60a3-binance-XRPBUSD","timestamp":"2022-03-09T18:24:54.914Z"}
{"assetPair":"XRPBUSD","data":{"price":"0.76190000","symbol":"XRPBUSD"},"level":"info","message":"Latest price","service":"api-45b60a3-binance-XRPBUSD","timestamp":"2022-03-09T18:27:55.027Z"}
{"assetPair":"XRPBUSD","data":{"price":"0.76320000","symbol":"XRPBUSD"},"level":"info","message":"Latest price","service":"api-45b60a3-binance-XRPBUSD","timestamp":"2022-03-09T18:30:55.110Z"}
{"assetPair":"XRPBUSD","data":{"price":"0.76270000","symbol":"XRPBUSD"},"level":"info","message":"Latest price","service":"api-45b60a3-binance-XRPBUSD","timestamp":"2022-03-09T18:33:55.232Z"}
{"assetPair":"XRPBUSD","data":{"price":"0.76360000","symbol":"XRPBUSD"},"level":"info","message":"Latest price","service":"api-45b60a3-binance-XRPBUSD","timestamp":"2022-03-09T18:36:55.293Z"}
{"assetPair":"XRPBUSD","data":{"price":"0.75950000","symbol":"XRPBUSD"},"level":"info","message":"Latest price","service":"api-45b60a3-binance-XRPBUSD","timestamp":"2022-03-09T18:39:55.363Z"}
{"assetPair":"XRPBUSD","data":{"price":"0.75960000","symbol":"XRPBUSD"},"level":"info","message":"Latest price","service":"api-45b60a3-binance-XRPBUSD","timestamp":"2022-03-09T18:42:55.532Z"}
{"assetPair":"XRPBUSD","data":{"price":"0.76120000","symbol":"XRPBUSD"},"level":"info","message":"Latest price","service":"api-45b60a3-binance-XRPBUSD","timestamp":"2022-03-09T18:45:55.642Z"}
{"assetPair":"XRPBUSD","data":{"price":"0.75880000","symbol":"XRPBUSD"},"level":"info","message":"Latest price","service":"api-45b60a3-binance-XRPBUSD","timestamp":"2022-03-09T18:48:55.764Z"}
{"assetPair":"XRPBUSD","data":{"price":"0.76070000","symbol":"XRPBUSD"},"level":"info","message":"Latest price","service":"api-45b60a3-binance-XRPBUSD","timestamp":"2022-03-09T18:51:55.831Z"}
{"assetPair":"XRPBUSD","data":{"price":"0.76210000","symbol":"XRPBUSD"},"level":"info","message":"Latest price","service":"api-45b60a3-binance-XRPBUSD","timestamp":"2022-03-09T18:54:56.009Z"}
{"assetPair":"XRPBUSD","data":{"price":"0.76230000","symbol":"XRPBUSD"},"level":"info","message":"Latest price","service":"api-45b60a3-binance-XRPBUSD","timestamp":"2022-03-09T18:57:56.126Z"}
{"assetPair":"XRPBUSD","data":{"price":"0.76200000","symbol":"XRPBUSD"},"level":"info","message":"Latest price","service":"api-45b60a3-binance-XRPBUSD","timestamp":"2022-03-09T19:00:56.267Z"}
{"assetPair":"XRPBUSD","data":{"price":"0.76110000","symbol":"XRPBUSD"},"level":"info","message":"Latest price","service":"api-45b60a3-binance-XRPBUSD","timestamp":"2022-03-09T19:03:56.390Z"}
{"assetPair":"XRPBUSD","data":{"price":"0.76190000","symbol":"XRPBUSD"},"level":"info","message":"Latest price","service":"api-45b60a3-binance-XRPBUSD","timestamp":"2022-03-09T19:06:56.444Z"}
{"assetPair":"XRPBUSD","data":{"price":"0.76210000","symbol":"XRPBUSD"},"level":"info","message":"Latest price","service":"api-45b60a3-binance-XRPBUSD","timestamp":"2022-03-09T19:09:56.567Z"}
{"assetPair":"XRPBUSD","data":{"price":"0.76160000","symbol":"XRPBUSD"},"level":"info","message":"Latest price","service":"api-45b60a3-binance-XRPBUSD","timestamp":"2022-03-09T19:12:56.632Z"}
{"assetPair":"XRPBUSD","data":{"price":"0.75930000","symbol":"XRPBUSD"},"level":"info","message":"Latest price","service":"api-45b60a3-binance-XRPBUSD","timestamp":"2022-03-09T19:15:56.755Z"}
{"assetPair":"XRPBUSD","data":{"price":"0.75800000","symbol":"XRPBUSD"},"level":"info","message":"Latest price","service":"api-45b60a3-binance-XRPBUSD","timestamp":"2022-03-09T19:18:56.883Z"}
{"assetPair":"XRPBUSD","data":{"price":"0.75970000","symbol":"XRPBUSD"},"level":"info","message":"Latest price","service":"api-45b60a3-binance-XRPBUSD","timestamp":"2022-03-09T19:21:57.009Z"}
{"assetPair":"XRPBUSD","data":{"price":"0.76010000","symbol":"XRPBUSD"},"level":"info","message":"Latest price","service":"api-45b60a3-binance-XRPBUSD","timestamp":"2022-03-09T19:24:57.121Z"}
{"assetPair":"XRPBUSD","data":{"price":"0.75900000","symbol":"XRPBUSD"},"level":"info","message":"Latest price","service":"api-45b60a3-binance-XRPBUSD","timestamp":"2022-03-09T19:27:57.241Z"}
{"assetPair":"XRPBUSD","data":{"price":"0.76080000","symbol":"XRPBUSD"},"level":"info","message":"Latest price","service":"api-45b60a3-binance-XRPBUSD","timestamp":"2022-03-09T19:30:57.281Z"}
{"assetPair":"XRPBUSD","data":{"price":"0.76230000","symbol":"XRPBUSD"},"level":"info","message":"Latest price","service":"api-45b60a3-binance-XRPBUSD","timestamp":"2022-03-09T19:33:57.445Z"}
{"assetPair":"XRPBUSD","data":{"price":"0.76300000","symbol":"XRPBUSD"},"level":"info","message":"Latest price","service":"api-45b60a3-binance-XRPBUSD","timestamp":"2022-03-09T19:36:57.506Z"}
{"assetPair":"XRPBUSD","data":{"price":"0.76310000","symbol":"XRPBUSD"},"level":"info","message":"Latest price","service":"api-45b60a3-binance-XRPBUSD","timestamp":"2022-03-09T19:39:57.662Z"}
{"assetPair":"XRPBUSD","data":{"price":"0.76310000","symbol":"XRPBUSD"},"level":"info","message":"Latest price","service":"api-45b60a3-binance-XRPBUSD","timestamp":"2022-03-09T19:42:57.832Z"}
{"assetPair":"XRPBUSD","data":{"price":"0.76340000","symbol":"XRPBUSD"},"level":"info","message":"Latest price","service":"api-45b60a3-binance-XRPBUSD","timestamp":"2022-03-09T19:45:57.905Z"}
{"assetPair":"XRPBUSD","data":{"price":"0.76380000","symbol":"XRPBUSD"},"level":"info","message":"Latest price","service":"api-45b60a3-binance-XRPBUSD","timestamp":"2022-03-09T19:48:58.060Z"}
{"assetPair":"XRPBUSD","data":{"price":"0.76490000","symbol":"XRPBUSD"},"level":"info","message":"Latest price","service":"api-45b60a3-binance-XRPBUSD","timestamp":"2022-03-09T19:51:58.172Z"}
{"assetPair":"XRPBUSD","data":{"price":"0.76370000","symbol":"XRPBUSD"},"level":"info","message":"Latest price","service":"api-45b60a3-binance-XRPBUSD","timestamp":"2022-03-09T19:54:58.308Z"}
{"assetPair":"XRPBUSD","data":{"price":"0.76380000","symbol":"XRPBUSD"},"level":"info","message":"Latest price","service":"api-45b60a3-binance-XRPBUSD","timestamp":"2022-03-09T19:57:58.447Z"}
{"assetPair":"XRPBUSD","data":{"price":"0.76340000","symbol":"XRPBUSD"},"level":"info","message":"Latest price","service":"api-45b60a3-binance-XRPBUSD","timestamp":"2022-03-09T20:00:58.572Z"}
{"assetPair":"XRPBUSD","data":{"price":"0.76360000","symbol":"XRPBUSD"},"level":"info","message":"Latest price","service":"api-45b60a3-binance-XRPBUSD","timestamp":"2022-03-09T20:03:58.676Z"}
{"assetPair":"XRPBUSD","data":{"price":"0.76540000","symbol":"XRPBUSD"},"level":"info","message":"Latest price","service":"api-45b60a3-binance-XRPBUSD","timestamp":"2022-03-09T20:06:58.817Z"}
{"assetPair":"XRPBUSD","data":{"price":"0.76410000","symbol":"XRPBUSD"},"level":"info","message":"Latest price","service":"api-45b60a3-binance-XRPBUSD","timestamp":"2022-03-09T20:09:58.954Z"}
{"assetPair":"XRPBUSD","data":{"price":"0.76390000","symbol":"XRPBUSD"},"level":"info","message":"Latest price","service":"api-45b60a3-binance-XRPBUSD","timestamp":"2022-03-09T20:12:59.093Z"}
{"assetPair":"XRPBUSD","data":{"price":"0.76310000","symbol":"XRPBUSD"},"level":"info","message":"Latest price","service":"api-45b60a3-binance-XRPBUSD","timestamp":"2022-03-09T20:15:59.247Z"}
{"assetPair":"XRPBUSD","data":{"price":"0.76280000","symbol":"XRPBUSD"},"level":"info","message":"Latest price","service":"api-45b60a3-binance-XRPBUSD","timestamp":"2022-03-09T20:18:59.407Z"}
{"assetPair":"XRPBUSD","data":{"price":"0.76240000","symbol":"XRPBUSD"},"level":"info","message":"Latest price","service":"api-45b60a3-binance-XRPBUSD","timestamp":"2022-03-09T20:21:59.521Z"}
{"assetPair":"XRPBUSD","data":{"price":"0.76230000","symbol":"XRPBUSD"},"level":"info","message":"Latest price","service":"api-45b60a3-binance-XRPBUSD","timestamp":"2022-03-09T20:24:59.646Z"}
{"assetPair":"XRPBUSD","data":{"price":"0.76270000","symbol":"XRPBUSD"},"level":"info","message":"Latest price","service":"api-45b60a3-binance-XRPBUSD","timestamp":"2022-03-09T20:27:59.735Z"}
{"assetPair":"XRPBUSD","data":{"price":"0.76320000","symbol":"XRPBUSD"},"level":"info","message":"Latest price","service":"api-45b60a3-binance-XRPBUSD","timestamp":"2022-03-09T20:30:59.861Z"}
{"assetPair":"XRPBUSD","data":{"price":"0.76260000","symbol":"XRPBUSD"},"level":"info","message":"Latest price","service":"api-45b60a3-binance-XRPBUSD","timestamp":"2022-03-09T20:33:59.938Z"}
{"assetPair":"XRPBUSD","data":{"price":"0.76010000","symbol":"XRPBUSD"},"level":"info","message":"Latest price","service":"api-45b60a3-binance-XRPBUSD","timestamp":"2022-03-09T20:37:00.062Z"}
{"assetPair":"XRPBUSD","data":{"price":"0.76010000","symbol":"XRPBUSD"},"level":"info","message":"Latest price","service":"api-45b60a3-binance-XRPBUSD","timestamp":"2022-03-09T20:40:00.132Z"}
{"assetPair":"XRPBUSD","data":{"price":"0.75980000","symbol":"XRPBUSD"},"level":"info","message":"Latest price","service":"api-45b60a3-binance-XRPBUSD","timestamp":"2022-03-09T20:43:00.285Z"}
{"assetPair":"XRPBUSD","data":{"price":"0.76160000","symbol":"XRPBUSD"},"level":"info","message":"Latest price","service":"api-45b60a3-binance-XRPBUSD","timestamp":"2022-03-09T20:46:00.327Z"}
{"assetPair":"XRPBUSD","data":{"price":"0.76000000","symbol":"XRPBUSD"},"level":"info","message":"Latest price","service":"api-45b60a3-binance-XRPBUSD","timestamp":"2022-03-09T20:49:00.480Z"}
{"assetPair":"XRPBUSD","data":{"price":"0.75830000","symbol":"XRPBUSD"},"level":"info","message":"Latest price","service":"api-45b60a3-binance-XRPBUSD","timestamp":"2022-03-09T20:52:00.611Z"}
{"assetPair":"XRPBUSD","data":{"price":"0.76150000","symbol":"XRPBUSD"},"level":"info","message":"Latest price","service":"api-45b60a3-binance-XRPBUSD","timestamp":"2022-03-09T20:55:00.646Z"}
{"assetPair":"XRPBUSD","data":{"price":"0.76070000","symbol":"XRPBUSD"},"level":"info","message":"Latest price","service":"api-45b60a3-binance-XRPBUSD","timestamp":"2022-03-09T20:58:00.804Z"}
{"assetPair":"XRPBUSD","data":{"price":"0.76040000","symbol":"XRPBUSD"},"level":"info","message":"Latest price","service":"api-45b60a3-binance-XRPBUSD","timestamp":"2022-03-09T21:01:00.935Z"}
{"assetPair":"XRPBUSD","data":{"price":"0.76160000","symbol":"XRPBUSD"},"level":"info","message":"Latest price","service":"api-45b60a3-binance-XRPBUSD","timestamp":"2022-03-09T21:04:01.046Z"}
{"assetPair":"XRPBUSD","data":{"price":"0.76240000","symbol":"XRPBUSD"},"level":"info","message":"Latest price","service":"api-45b60a3-binance-XRPBUSD","timestamp":"2022-03-09T21:07:01.087Z"}
{"assetPair":"XRPBUSD","data":{"price":"0.76070000","symbol":"XRPBUSD"},"level":"info","message":"Latest price","service":"api-45b60a3-binance-XRPBUSD","timestamp":"2022-03-09T21:10:01.224Z"}
{"assetPair":"XRPBUSD","data":{"price":"0.75990000","symbol":"XRPBUSD"},"level":"info","message":"Latest price","service":"api-45b60a3-binance-XRPBUSD","timestamp":"2022-03-09T21:13:01.324Z"}
{"assetPair":"XRPBUSD","data":{"price":"0.76090000","symbol":"XRPBUSD"},"level":"info","message":"Latest price","service":"api-45b60a3-binance-XRPBUSD","timestamp":"2022-03-09T21:16:01.467Z"}
{"assetPair":"XRPBUSD","data":{"price":"0.75970000","symbol":"XRPBUSD"},"level":"info","message":"Latest price","service":"api-45b60a3-binance-XRPBUSD","timestamp":"2022-03-09T21:19:01.597Z"}
