{"assetPair":"XRPBUSD","data":{"price":"0.77880000","symbol":"XRPBUSD"},"level":"info","message":"Latest price","service":"api-a614e51-binance-not-set","timestamp":"2022-02-19T10:43:05.792Z"}
{"assetPair":"XRPBUSD","data":{"price":"0.77880000","symbol":"XRPBUSD"},"level":"info","message":"Latest price","service":"api-a614e51-binance-not-set","timestamp":"2022-02-19T10:43:05.822Z"}
{"assetPair":"XRPBUSD","data":{"price":"0.77940000","symbol":"XRPBUSD"},"level":"info","message":"Latest price","service":"api-a614e51-binance-not-set","timestamp":"2022-02-19T10:46:05.980Z"}
{"assetPair":"XRPBUSD","data":{"price":"0.78080000","symbol":"XRPBUSD"},"level":"info","message":"Latest price","service":"api-a614e51-binance-not-set","timestamp":"2022-02-19T10:49:06.106Z"}
{"assetPair":"XRPBUSD","data":{"price":"0.78270000","symbol":"XRPBUSD"},"level":"info","message":"Latest price","service":"api-a614e51-binance-not-set","timestamp":"2022-02-19T10:57:47.264Z"}
{"assetPair":"XRPBUSD","data":{"price":"0.78380000","symbol":"XRPBUSD"},"level":"info","message":"Latest price","service":"api-a614e51-binance-not-set","timestamp":"2022-02-19T11:00:47.404Z"}
{"assetPair":"XRPBUSD","data":{"price":"0.78300000","symbol":"XRPBUSD"},"level":"info","message":"Latest price","service":"api-a614e51-binance-not-set","timestamp":"2022-02-19T11:04:47.588Z"}
{"assetPair":"XRPBUSD","data":{"price":"0.78310000","symbol":"XRPBUSD"},"level":"info","message":"Latest price","service":"api-a614e51-binance-not-set","timestamp":"2022-02-19T11:07:47.645Z"}
{"assetPair":"XRPBUSD","data":{"price":"0.78360000","symbol":"XRPBUSD"},"level":"info","message":"Latest price","service":"api-a614e51-binance-not-set","timestamp":"2022-02-19T11:10:47.786Z"}
{"assetPair":"XRPBUSD","data":{"price":"0.78230000","symbol":"XRPBUSD"},"level":"info","message":"Latest price","service":"api-a614e51-binance-not-set","timestamp":"2022-02-19T11:13:47.855Z"}
{"assetPair":"XRPBUSD","data":{"price":"0.78320000","symbol":"XRPBUSD"},"level":"info","message":"Latest price","service":"api-a614e51-binance-not-set","timestamp":"2022-02-19T11:16:47.997Z"}
{"assetPair":"XRPBUSD","data":{"price":"0.78060000","symbol":"XRPBUSD"},"level":"info","message":"Latest price","service":"api-a614e51-binance-not-set","timestamp":"2022-02-19T11:19:48.125Z"}
{"assetPair":"XRPBUSD","data":{"price":"0.78040000","symbol":"XRPBUSD"},"level":"info","message":"Latest price","service":"api-a614e51-binance-not-set","timestamp":"2022-02-19T11:22:48.259Z"}
{"assetPair":"XRPBUSD","data":{"price":"0.78050000","symbol":"XRPBUSD"},"level":"info","message":"Latest price","service":"api-a614e51-binance-not-set","timestamp":"2022-02-19T11:25:48.406Z"}
{"assetPair":"XRPBUSD","data":{"price":"0.77890000","symbol":"XRPBUSD"},"level":"info","message":"Latest price","service":"api-a614e51-binance-not-set","timestamp":"2022-02-19T11:28:48.546Z"}
{"assetPair":"XRPBUSD","data":{"price":"0.77830000","symbol":"XRPBUSD"},"level":"info","message":"Latest price","service":"api-a614e51-binance-not-set","timestamp":"2022-02-19T11:31:48.668Z"}
{"assetPair":"XRPBUSD","data":{"price":"0.77170000","symbol":"XRPBUSD"},"level":"info","message":"Latest price","service":"api-a614e51-binance-not-set","timestamp":"2022-02-19T11:34:48.800Z"}
{"assetPair":"XRPBUSD","data":{"price":"0.77360000","symbol":"XRPBUSD"},"level":"info","message":"Latest price","service":"api-a614e51-binance-not-set","timestamp":"2022-02-19T11:37:48.934Z"}
{"assetPair":"XRPBUSD","data":{"price":"0.77310000","symbol":"XRPBUSD"},"level":"info","message":"Latest price","service":"api-a614e51-binance-not-set","timestamp":"2022-02-19T11:40:49.033Z"}
{"assetPair":"XRPBUSD","data":{"price":"0.77330000","symbol":"XRPBUSD"},"level":"info","message":"Latest price","service":"api-a614e51-binance-not-set","timestamp":"2022-02-19T11:43:49.169Z"}
{"assetPair":"XRPBUSD","data":{"price":"0.77330000","symbol":"XRPBUSD"},"level":"info","message":"Latest price","service":"api-a614e51-binance-not-set","timestamp":"2022-02-19T11:46:49.322Z"}
{"assetPair":"XRPBUSD","data":{"price":"0.77430000","symbol":"XRPBUSD"},"level":"info","message":"Latest price","service":"api-a614e51-binance-not-set","timestamp":"2022-02-19T11:49:49.463Z"}
{"assetPair":"XRPBUSD","data":{"price":"0.77390000","symbol":"XRPBUSD"},"level":"info","message":"Latest price","service":"api-a614e51-binance-not-set","timestamp":"2022-02-19T11:52:49.573Z"}
{"assetPair":"XRPBUSD","data":{"price":"0.77540000","symbol":"XRPBUSD"},"level":"info","message":"Latest price","service":"api-a614e51-binance-not-set","timestamp":"2022-02-19T11:55:49.665Z"}
{"balance":{"asset":"BUSD","free":"84.92174594","locked":"0.00000000"},"level":"info","message":"Binance balance","service":"api-a614e51-binance-not-set","timestamp":"2022-02-19T11:55:49.692Z"}
{"buyAsset":"XRP","level":"info","message":"Initiating BUY","price":"0.775","quantity":"31.9190","service":"api-a614e51-binance-not-set","timestamp":"2022-02-19T11:55:49.693Z","withAsset":"BUSD"}
{"errorData":{"code":-1013,"msg":"Filter failure: LOT_SIZE"},"level":"error","message":"BUY failed","request":{"url":"/api/v3/order?price=0.775&quantity=31.9190&timeInForce=GTC&symbol=XRPBUSD&side=BUY&type=LIMIT&timestamp=1645271749693&signature=88d40915403cf09c401b2f76f061edd68292864eb9d2e249b02c98beb1b1c58c"},"service":"api-a614e51-binance-not-set","status":400,"statusText":"Bad Request","timestamp":"2022-02-19T11:55:49.729Z"}
{"buyAsset":"XRP","level":"info","message":"Initiating BUY","price":"0.77","quantity":"31.919","service":"api-a614e51-binance-not-set","timestamp":"2022-02-19T11:55:49.731Z","withAsset":"BUSD"}
{"errorData":{"code":-1013,"msg":"Filter failure: LOT_SIZE"},"level":"error","message":"BUY failed","request":{"url":"/api/v3/order?price=0.77&quantity=31.919&timeInForce=GTC&symbol=XRPBUSD&side=BUY&type=LIMIT&timestamp=1645271749731&signature=d939f6c9cb3d8c2f3f808e3f930d721f6adfa4f2c8492e22a05d6359b464fa26"},"service":"api-a614e51-binance-not-set","status":400,"statusText":"Bad Request","timestamp":"2022-02-19T11:55:49.750Z"}
{"buyAsset":"XRP","level":"info","message":"Initiating BUY","price":"0.7","quantity":"31.92","service":"api-a614e51-binance-not-set","timestamp":"2022-02-19T11:55:49.751Z","withAsset":"BUSD"}
{"errorData":{"code":-1013,"msg":"Filter failure: LOT_SIZE"},"level":"error","message":"BUY failed","request":{"url":"/api/v3/order?price=0.7&quantity=31.92&timeInForce=GTC&symbol=XRPBUSD&side=BUY&type=LIMIT&timestamp=1645271749751&signature=33b9271047e7153268fbef6ae2f3acf4e874e5a67559271b5c3fd1d5da37b6f2"},"service":"api-a614e51-binance-not-set","status":400,"statusText":"Bad Request","timestamp":"2022-02-19T11:55:49.776Z"}
{"buyAsset":"XRP","level":"info","message":"Initiating BUY","price":"0","quantity":"31.9","service":"api-a614e51-binance-not-set","timestamp":"2022-02-19T11:55:49.777Z","withAsset":"BUSD"}
{"errorData":{"code":-1013,"msg":"Invalid price."},"level":"error","message":"BUY failed","request":{"url":"/api/v3/order?price=0&quantity=31.9&timeInForce=GTC&symbol=XRPBUSD&side=BUY&type=LIMIT&timestamp=1645271749778&signature=d128ebfd0a46ce2537b927ea31c0b67a6730561c61141081c54ef2c07002f2ba"},"service":"api-a614e51-binance-not-set","status":400,"statusText":"Bad Request","timestamp":"2022-02-19T11:55:49.809Z"}
{"buyAsset":"XRP","level":"info","message":"Initiating BUY","price":"0","quantity":"32","service":"api-a614e51-binance-not-set","timestamp":"2022-02-19T11:55:49.810Z","withAsset":"BUSD"}
{"errorData":{"code":-1013,"msg":"Invalid price."},"level":"error","message":"BUY failed","request":{"url":"/api/v3/order?price=0&quantity=32&timeInForce=GTC&symbol=XRPBUSD&side=BUY&type=LIMIT&timestamp=1645271749810&signature=67702b886622f509f53fa9a5c68e5a0aab4df316c9b762b3cd8a228e02111147"},"service":"api-a614e51-binance-not-set","status":400,"statusText":"Bad Request","timestamp":"2022-02-19T11:55:49.830Z"}
{"assetPair":"XRPBUSD","data":{"price":"0.77390000","symbol":"XRPBUSD"},"level":"info","message":"Latest price","service":"api-a614e51-binance-not-set","timestamp":"2022-02-19T11:56:49.885Z"}
{"assetPair":"XRPBUSD","data":{"price":"0.77490000","symbol":"XRPBUSD"},"level":"info","message":"Latest price","service":"api-a614e51-binance-not-set","timestamp":"2022-02-19T11:59:50.008Z"}
{"assetPair":"XRPBUSD","data":{"price":"0.77490000","symbol":"XRPBUSD"},"level":"info","message":"Latest price","service":"api-a614e51-binance-not-set","timestamp":"2022-02-19T12:02:50.082Z"}
{"assetPair":"XRPBUSD","data":{"price":"0.77370000","symbol":"XRPBUSD"},"level":"info","message":"Latest price","service":"api-a614e51-binance-not-set","timestamp":"2022-02-19T12:05:50.137Z"}
{"assetPair":"XRPBUSD","data":{"price":"0.77250000","symbol":"XRPBUSD"},"level":"info","message":"Latest price","service":"api-a614e51-binance-not-set","timestamp":"2022-02-19T12:08:50.277Z"}
{"assetPair":"XRPBUSD","data":{"price":"0.77710000","symbol":"XRPBUSD"},"level":"info","message":"Latest price","service":"api-a614e51-binance-not-set","timestamp":"2022-02-19T12:11:50.367Z"}
{"balance":{"asset":"BUSD","free":"84.92174594","locked":"0.00000000"},"level":"info","message":"Binance balance","service":"api-a614e51-binance-not-set","timestamp":"2022-02-19T12:11:50.395Z"}
{"buyAsset":"XRP","level":"info","message":"Initiating BUY","price":"0.777","quantity":"31.8491","service":"api-a614e51-binance-not-set","timestamp":"2022-02-19T12:11:50.395Z","withAsset":"BUSD"}
{"errorData":{"code":-1013,"msg":"Filter failure: LOT_SIZE"},"level":"error","message":"BUY failed","request":{"url":"/api/v3/order?price=0.777&quantity=31.8491&timeInForce=GTC&symbol=XRPBUSD&side=BUY&type=LIMIT&timestamp=1645272710396&signature=b4fe4cdd4d362170ea3bafacf888f37022b9115d47643742b1b40d75611fda21"},"service":"api-a614e51-binance-not-set","status":400,"statusText":"Bad Request","timestamp":"2022-02-19T12:11:50.467Z"}
{"buyAsset":"XRP","level":"info","message":"Initiating BUY","price":"0.77","quantity":"31.849","service":"api-a614e51-binance-not-set","timestamp":"2022-02-19T12:11:50.469Z","withAsset":"BUSD"}
{"errorData":{"code":-1013,"msg":"Filter failure: LOT_SIZE"},"level":"error","message":"BUY failed","request":{"url":"/api/v3/order?price=0.77&quantity=31.849&timeInForce=GTC&symbol=XRPBUSD&side=BUY&type=LIMIT&timestamp=1645272710470&signature=edb29b0260bf0fdc730cd915c858d20f85bd0209f9923c890766fb32fd7e13fa"},"service":"api-a614e51-binance-not-set","status":400,"statusText":"Bad Request","timestamp":"2022-02-19T12:11:50.504Z"}
{"buyAsset":"XRP","level":"info","message":"Initiating BUY","price":"0.7","quantity":"31.85","service":"api-a614e51-binance-not-set","timestamp":"2022-02-19T12:11:50.505Z","withAsset":"BUSD"}
{"errorData":{"code":-1013,"msg":"Filter failure: LOT_SIZE"},"level":"error","message":"BUY failed","request":{"url":"/api/v3/order?price=0.7&quantity=31.85&timeInForce=GTC&symbol=XRPBUSD&side=BUY&type=LIMIT&timestamp=1645272710505&signature=bc17026bd181d0d81b2a260e7538940c0f1798683a0673e7937cfccc329262c5"},"service":"api-a614e51-binance-not-set","status":400,"statusText":"Bad Request","timestamp":"2022-02-19T12:11:50.527Z"}
{"buyAsset":"XRP","level":"info","message":"Initiating BUY","price":"0","quantity":"31.8","service":"api-a614e51-binance-not-set","timestamp":"2022-02-19T12:11:50.527Z","withAsset":"BUSD"}
{"errorData":{"code":-1013,"msg":"Invalid price."},"level":"error","message":"BUY failed","request":{"url":"/api/v3/order?price=0&quantity=31.8&timeInForce=GTC&symbol=XRPBUSD&side=BUY&type=LIMIT&timestamp=1645272710527&signature=0a5ba1eb5dd0f27669b1bd59c3b16a3fcd7148e253834eab5c3ec85ef39e0e81"},"service":"api-a614e51-binance-not-set","status":400,"statusText":"Bad Request","timestamp":"2022-02-19T12:11:50.549Z"}
{"buyAsset":"XRP","level":"info","message":"Initiating BUY","price":"0","quantity":"32","service":"api-a614e51-binance-not-set","timestamp":"2022-02-19T12:11:50.550Z","withAsset":"BUSD"}
{"errorData":{"code":-1013,"msg":"Invalid price."},"level":"error","message":"BUY failed","request":{"url":"/api/v3/order?price=0&quantity=32&timeInForce=GTC&symbol=XRPBUSD&side=BUY&type=LIMIT&timestamp=1645272710550&signature=f194dc8ce3f0dae53405b0e90d37aa87a74ac326af64f5599c98f420e6c7c5ac"},"service":"api-a614e51-binance-not-set","status":400,"statusText":"Bad Request","timestamp":"2022-02-19T12:11:50.572Z"}
{"assetPair":"XRPBUSD","data":{"price":"0.77660000","symbol":"XRPBUSD"},"level":"info","message":"Latest price","service":"api-a614e51-binance-not-set","timestamp":"2022-02-19T12:12:50.651Z"}
{"balance":{"asset":"BUSD","free":"84.92174594","locked":"0.00000000"},"level":"info","message":"Binance balance","service":"api-a614e51-binance-not-set","timestamp":"2022-02-19T12:12:50.675Z"}
{"buyAsset":"XRP","level":"info","message":"Initiating BUY","price":"0.776","quantity":"31.8696","service":"api-a614e51-binance-not-set","timestamp":"2022-02-19T12:12:50.675Z","withAsset":"BUSD"}
{"errorData":{"code":-1013,"msg":"Filter failure: LOT_SIZE"},"level":"error","message":"BUY failed","request":{"url":"/api/v3/order?price=0.776&quantity=31.8696&timeInForce=GTC&symbol=XRPBUSD&side=BUY&type=LIMIT&timestamp=1645272770676&signature=989cb85477e8e9dc9e972bb481bb3ddb8ed9fa1858117234a74aeb4fec972433"},"service":"api-a614e51-binance-not-set","status":400,"statusText":"Bad Request","timestamp":"2022-02-19T12:12:50.710Z"}
{"buyAsset":"XRP","level":"info","message":"Initiating BUY","price":"0.77","quantity":"31.869","service":"api-a614e51-binance-not-set","timestamp":"2022-02-19T12:12:50.711Z","withAsset":"BUSD"}
{"errorData":{"code":-1013,"msg":"Filter failure: LOT_SIZE"},"level":"error","message":"BUY failed","request":{"url":"/api/v3/order?price=0.77&quantity=31.869&timeInForce=GTC&symbol=XRPBUSD&side=BUY&type=LIMIT&timestamp=1645272770711&signature=29fa491adcbc066ab554c96590343b356b43af3f3435d0b0fe654e971937f030"},"service":"api-a614e51-binance-not-set","status":400,"statusText":"Bad Request","timestamp":"2022-02-19T12:12:50.757Z"}
{"buyAsset":"XRP","level":"info","message":"Initiating BUY","price":"0.7","quantity":"31.87","service":"api-a614e51-binance-not-set","timestamp":"2022-02-19T12:12:50.758Z","withAsset":"BUSD"}
{"errorData":{"code":-1013,"msg":"Filter failure: LOT_SIZE"},"level":"error","message":"BUY failed","request":{"url":"/api/v3/order?price=0.7&quantity=31.87&timeInForce=GTC&symbol=XRPBUSD&side=BUY&type=LIMIT&timestamp=1645272770758&signature=66b3a7a9dbdea40af24b4133096d00824d17b21b6776b13b7828dd4e1b1846a0"},"service":"api-a614e51-binance-not-set","status":400,"statusText":"Bad Request","timestamp":"2022-02-19T12:12:50.789Z"}
{"buyAsset":"XRP","level":"info","message":"Initiating BUY","price":"0","quantity":"31.9","service":"api-a614e51-binance-not-set","timestamp":"2022-02-19T12:12:50.790Z","withAsset":"BUSD"}
{"errorData":{"code":-1013,"msg":"Invalid price."},"level":"error","message":"BUY failed","request":{"url":"/api/v3/order?price=0&quantity=31.9&timeInForce=GTC&symbol=XRPBUSD&side=BUY&type=LIMIT&timestamp=1645272770790&signature=d74470e1e160e1e7cb53b02a0b9db536d6e38304807832d8851ebd4c74b856f2"},"service":"api-a614e51-binance-not-set","status":400,"statusText":"Bad Request","timestamp":"2022-02-19T12:12:50.816Z"}
{"buyAsset":"XRP","level":"info","message":"Initiating BUY","price":"0","quantity":"32","service":"api-a614e51-binance-not-set","timestamp":"2022-02-19T12:12:50.816Z","withAsset":"BUSD"}
{"errorData":{"code":-1013,"msg":"Invalid price."},"level":"error","message":"BUY failed","request":{"url":"/api/v3/order?price=0&quantity=32&timeInForce=GTC&symbol=XRPBUSD&side=BUY&type=LIMIT&timestamp=1645272770817&signature=8dd4a8f2670c76499acabed09a9e89f9b907b31aca2b019894c73fc8d76fa84b"},"service":"api-a614e51-binance-not-set","status":400,"statusText":"Bad Request","timestamp":"2022-02-19T12:12:50.840Z"}
{"assetPair":"XRPBUSD","data":{"price":"0.77750000","symbol":"XRPBUSD"},"level":"info","message":"Latest price","service":"api-a614e51-binance-not-set","timestamp":"2022-02-19T12:13:50.928Z"}
{"balance":{"asset":"BUSD","free":"84.92174594","locked":"0.00000000"},"level":"info","message":"Binance balance","service":"api-a614e51-binance-not-set","timestamp":"2022-02-19T12:13:50.975Z"}
{"buyAsset":"XRP","level":"info","message":"Initiating BUY","price":"0.777","quantity":"31.8327","service":"api-a614e51-binance-not-set","timestamp":"2022-02-19T12:13:50.976Z","withAsset":"BUSD"}
{"errorData":{"code":-1013,"msg":"Filter failure: LOT_SIZE"},"level":"error","message":"BUY failed","request":{"url":"/api/v3/order?price=0.777&quantity=31.8327&timeInForce=GTC&symbol=XRPBUSD&side=BUY&type=LIMIT&timestamp=1645272830976&signature=326ce7c988c1f7e5a2058f343d1f166e30071ba8bfc5e593b008e1e21ab4c1db"},"service":"api-a614e51-binance-not-set","status":400,"statusText":"Bad Request","timestamp":"2022-02-19T12:13:51.005Z"}
{"buyAsset":"XRP","level":"info","message":"Initiating BUY","price":"0.77","quantity":"31.832","service":"api-a614e51-binance-not-set","timestamp":"2022-02-19T12:13:51.006Z","withAsset":"BUSD"}
{"errorData":{"code":-1013,"msg":"Filter failure: LOT_SIZE"},"level":"error","message":"BUY failed","request":{"url":"/api/v3/order?price=0.77&quantity=31.832&timeInForce=GTC&symbol=XRPBUSD&side=BUY&type=LIMIT&timestamp=1645272831006&signature=0cfc00c2fd60c82bb9746b92e6a37bf4f47d4096b8fc9792d59b9fcc15ebc577"},"service":"api-a614e51-binance-not-set","status":400,"statusText":"Bad Request","timestamp":"2022-02-19T12:13:51.036Z"}
{"buyAsset":"XRP","level":"info","message":"Initiating BUY","price":"0.7","quantity":"31.83","service":"api-a614e51-binance-not-set","timestamp":"2022-02-19T12:13:51.037Z","withAsset":"BUSD"}
{"errorData":{"code":-1013,"msg":"Filter failure: LOT_SIZE"},"level":"error","message":"BUY failed","request":{"url":"/api/v3/order?price=0.7&quantity=31.83&timeInForce=GTC&symbol=XRPBUSD&side=BUY&type=LIMIT&timestamp=1645272831037&signature=ecf242f1a35bedc396fc7d875b2d304a4954b575beb3de6e2847809dcd5578c6"},"service":"api-a614e51-binance-not-set","status":400,"statusText":"Bad Request","timestamp":"2022-02-19T12:13:51.064Z"}
{"buyAsset":"XRP","level":"info","message":"Initiating BUY","price":"0","quantity":"31.8","service":"api-a614e51-binance-not-set","timestamp":"2022-02-19T12:13:51.064Z","withAsset":"BUSD"}
{"errorData":{"code":-1013,"msg":"Invalid price."},"level":"error","message":"BUY failed","request":{"url":"/api/v3/order?price=0&quantity=31.8&timeInForce=GTC&symbol=XRPBUSD&side=BUY&type=LIMIT&timestamp=1645272831065&signature=d2611c839fcc9909e4f2ac04aeea70e658f6ae5fb34ceec156e6ba38211b8c7f"},"service":"api-a614e51-binance-not-set","status":400,"statusText":"Bad Request","timestamp":"2022-02-19T12:13:51.090Z"}
{"buyAsset":"XRP","level":"info","message":"Initiating BUY","price":"0","quantity":"32","service":"api-a614e51-binance-not-set","timestamp":"2022-02-19T12:13:51.091Z","withAsset":"BUSD"}
{"errorData":{"code":-1013,"msg":"Invalid price."},"level":"error","message":"BUY failed","request":{"url":"/api/v3/order?price=0&quantity=32&timeInForce=GTC&symbol=XRPBUSD&side=BUY&type=LIMIT&timestamp=1645272831091&signature=ce23fe94eeb17cb5e7d8eefeb6dea98315c0e478b03a4fd6d145d28991bdd09e"},"service":"api-a614e51-binance-not-set","status":400,"statusText":"Bad Request","timestamp":"2022-02-19T12:13:51.118Z"}
{"assetPair":"XRPBUSD","data":{"price":"0.77680000","symbol":"XRPBUSD"},"level":"info","message":"Latest price","service":"api-a614e51-binance-not-set","timestamp":"2022-02-19T12:14:51.205Z"}
{"balance":{"asset":"BUSD","free":"62.33174594","locked":"22.59000000"},"level":"info","message":"Binance balance","service":"api-a614e51-binance-not-set","timestamp":"2022-02-19T12:14:51.242Z"}
{"buyAsset":"XRP","level":"info","message":"Initiating BUY","price":"0.776","quantity":"31.8614","service":"api-a614e51-binance-not-set","timestamp":"2022-02-19T12:14:51.243Z","withAsset":"BUSD"}
{"errorData":{"code":-1013,"msg":"Filter failure: LOT_SIZE"},"level":"error","message":"BUY failed","request":{"url":"/api/v3/order?price=0.776&quantity=31.8614&timeInForce=GTC&symbol=XRPBUSD&side=BUY&type=LIMIT&timestamp=1645272891243&signature=8181e13ab29ef7059bcba763b8461d75dab5a3b1947256e9da1e07f98d76cdd8"},"service":"api-a614e51-binance-not-set","status":400,"statusText":"Bad Request","timestamp":"2022-02-19T12:14:51.304Z"}
{"buyAsset":"XRP","level":"info","message":"Initiating BUY","price":"0.77","quantity":"31.861","service":"api-a614e51-binance-not-set","timestamp":"2022-02-19T12:14:51.305Z","withAsset":"BUSD"}
{"errorData":{"code":-1013,"msg":"Filter failure: LOT_SIZE"},"level":"error","message":"BUY failed","request":{"url":"/api/v3/order?price=0.77&quantity=31.861&timeInForce=GTC&symbol=XRPBUSD&side=BUY&type=LIMIT&timestamp=1645272891305&signature=a6243a9d096b271daa20fec205727fd1ff7c193d7c48140b1b47b316647b7e28"},"service":"api-a614e51-binance-not-set","status":400,"statusText":"Bad Request","timestamp":"2022-02-19T12:14:51.328Z"}
{"buyAsset":"XRP","level":"info","message":"Initiating BUY","price":"0.7","quantity":"31.86","service":"api-a614e51-binance-not-set","timestamp":"2022-02-19T12:14:51.329Z","withAsset":"BUSD"}
{"errorData":{"code":-1013,"msg":"Filter failure: LOT_SIZE"},"level":"error","message":"BUY failed","request":{"url":"/api/v3/order?price=0.7&quantity=31.86&timeInForce=GTC&symbol=XRPBUSD&side=BUY&type=LIMIT&timestamp=1645272891329&signature=b3ccb3c4f0eff75e2dceeb4e7310938e34c1ced280bb100197763384735b3315"},"service":"api-a614e51-binance-not-set","status":400,"statusText":"Bad Request","timestamp":"2022-02-19T12:14:51.362Z"}
{"buyAsset":"XRP","level":"info","message":"Initiating BUY","price":"0","quantity":"31.9","service":"api-a614e51-binance-not-set","timestamp":"2022-02-19T12:14:51.363Z","withAsset":"BUSD"}
{"errorData":{"code":-1013,"msg":"Invalid price."},"level":"error","message":"BUY failed","request":{"url":"/api/v3/order?price=0&quantity=31.9&timeInForce=GTC&symbol=XRPBUSD&side=BUY&type=LIMIT&timestamp=1645272891363&signature=ce0162f04160683f5cc67bbcb634cf889a744cea759129329b7cd366f22e2597"},"service":"api-a614e51-binance-not-set","status":400,"statusText":"Bad Request","timestamp":"2022-02-19T12:14:51.396Z"}
{"buyAsset":"XRP","level":"info","message":"Initiating BUY","price":"0","quantity":"32","service":"api-a614e51-binance-not-set","timestamp":"2022-02-19T12:14:51.396Z","withAsset":"BUSD"}
{"errorData":{"code":-1013,"msg":"Invalid price."},"level":"error","message":"BUY failed","request":{"url":"/api/v3/order?price=0&quantity=32&timeInForce=GTC&symbol=XRPBUSD&side=BUY&type=LIMIT&timestamp=1645272891397&signature=b5adb55e231618ea5d9f16bd9a7c75ae56a1f756c1e36debb710610188056235"},"service":"api-a614e51-binance-not-set","status":400,"statusText":"Bad Request","timestamp":"2022-02-19T12:14:51.425Z"}
{"assetPair":"XRPBUSD","data":{"price":"0.77640000","symbol":"XRPBUSD"},"level":"info","message":"Latest price","service":"api-a614e51-binance-not-set","timestamp":"2022-02-19T12:15:51.586Z"}
{"balance":{"asset":"BUSD","free":"62.33174594","locked":"22.59000000"},"level":"info","message":"Binance balance","service":"api-a614e51-binance-not-set","timestamp":"2022-02-19T12:15:51.653Z"}
{"buyAsset":"XRP","level":"info","message":"Initiating BUY","price":"0.776","quantity":"31.8778","service":"api-a614e51-binance-not-set","timestamp":"2022-02-19T12:15:51.654Z","withAsset":"BUSD"}
{"errorData":{"code":-1013,"msg":"Filter failure: LOT_SIZE"},"level":"error","message":"BUY failed","request":{"url":"/api/v3/order?price=0.776&quantity=31.8778&timeInForce=GTC&symbol=XRPBUSD&side=BUY&type=LIMIT&timestamp=1645272951654&signature=52a9c0237314686c49c212347f0805c9dcda7c01938e41a61d8a39501cf3d444"},"service":"api-a614e51-binance-not-set","status":400,"statusText":"Bad Request","timestamp":"2022-02-19T12:15:51.710Z"}
{"buyAsset":"XRP","level":"info","message":"Initiating BUY","price":"0.77","quantity":"31.877","service":"api-a614e51-binance-not-set","timestamp":"2022-02-19T12:15:51.711Z","withAsset":"BUSD"}
{"errorData":{"code":-1013,"msg":"Filter failure: LOT_SIZE"},"level":"error","message":"BUY failed","request":{"url":"/api/v3/order?price=0.77&quantity=31.877&timeInForce=GTC&symbol=XRPBUSD&side=BUY&type=LIMIT&timestamp=1645272951711&signature=03ea51da369da2f90eaea6bba78021f7615fdb6c2a9cadf5512a8c3676cc32dd"},"service":"api-a614e51-binance-not-set","status":400,"statusText":"Bad Request","timestamp":"2022-02-19T12:15:51.765Z"}
{"buyAsset":"XRP","level":"info","message":"Initiating BUY","price":"0.7","quantity":"31.88","service":"api-a614e51-binance-not-set","timestamp":"2022-02-19T12:15:51.766Z","withAsset":"BUSD"}
{"errorData":{"code":-1013,"msg":"Filter failure: LOT_SIZE"},"level":"error","message":"BUY failed","request":{"url":"/api/v3/order?price=0.7&quantity=31.88&timeInForce=GTC&symbol=XRPBUSD&side=BUY&type=LIMIT&timestamp=1645272951766&signature=43b86efb6d499dce7afdb438f625dc8a8be7611ccdbcfbac81e01c6adc1bec9f"},"service":"api-a614e51-binance-not-set","status":400,"statusText":"Bad Request","timestamp":"2022-02-19T12:15:51.825Z"}
{"buyAsset":"XRP","level":"info","message":"Initiating BUY","price":"0","quantity":"31.9","service":"api-a614e51-binance-not-set","timestamp":"2022-02-19T12:15:51.826Z","withAsset":"BUSD"}
{"errorData":{"code":-1013,"msg":"Invalid price."},"level":"error","message":"BUY failed","request":{"url":"/api/v3/order?price=0&quantity=31.9&timeInForce=GTC&symbol=XRPBUSD&side=BUY&type=LIMIT&timestamp=1645272951826&signature=04890d82f50c84d750a29a8fbbfbde05652ccaa67e3fb70ebbf89be7b107a4f5"},"service":"api-a614e51-binance-not-set","status":400,"statusText":"Bad Request","timestamp":"2022-02-19T12:15:51.886Z"}
{"buyAsset":"XRP","level":"info","message":"Initiating BUY","price":"0","quantity":"32","service":"api-a614e51-binance-not-set","timestamp":"2022-02-19T12:15:51.887Z","withAsset":"BUSD"}
{"errorData":{"code":-1013,"msg":"Invalid price."},"level":"error","message":"BUY failed","request":{"url":"/api/v3/order?price=0&quantity=32&timeInForce=GTC&symbol=XRPBUSD&side=BUY&type=LIMIT&timestamp=1645272951887&signature=46284bfdf24e6fe5bc215a6d798ef8e574082443a4dbc128e67f2903d9325047"},"service":"api-a614e51-binance-not-set","status":400,"statusText":"Bad Request","timestamp":"2022-02-19T12:15:51.940Z"}
{"assetPair":"XRPBUSD","data":{"price":"0.77780000","symbol":"XRPBUSD"},"level":"info","message":"Latest price","service":"api-a614e51-binance-not-set","timestamp":"2022-02-19T12:16:52.027Z"}
{"balance":{"asset":"BUSD","free":"62.33174594","locked":"22.59000000"},"level":"info","message":"Binance balance","service":"api-a614e51-binance-not-set","timestamp":"2022-02-19T12:16:52.063Z"}
{"buyAsset":"XRP","level":"info","message":"Initiating BUY","price":"0.777","quantity":"31.8205","service":"api-a614e51-binance-not-set","timestamp":"2022-02-19T12:16:52.064Z","withAsset":"BUSD"}
{"errorData":{"code":-1013,"msg":"Filter failure: LOT_SIZE"},"level":"error","message":"BUY failed","request":{"url":"/api/v3/order?price=0.777&quantity=31.8205&timeInForce=GTC&symbol=XRPBUSD&side=BUY&type=LIMIT&timestamp=1645273012064&signature=b2a6ef4aad3575c5074de8f2b25d1afafbbfa99ad68f77959193f289957bc4f0"},"service":"api-a614e51-binance-not-set","status":400,"statusText":"Bad Request","timestamp":"2022-02-19T12:16:52.095Z"}
{"buyAsset":"XRP","level":"info","message":"Initiating BUY","price":"0.77","quantity":"31.820","service":"api-a614e51-binance-not-set","timestamp":"2022-02-19T12:16:52.096Z","withAsset":"BUSD"}
{"errorData":{"code":-1013,"msg":"Filter failure: LOT_SIZE"},"level":"error","message":"BUY failed","request":{"url":"/api/v3/order?price=0.77&quantity=31.820&timeInForce=GTC&symbol=XRPBUSD&side=BUY&type=LIMIT&timestamp=1645273012096&signature=fcfcc1c3fbfcbba3e2986293f9867706b16d68d9cc2e178b235b34b48ba69738"},"service":"api-a614e51-binance-not-set","status":400,"statusText":"Bad Request","timestamp":"2022-02-19T12:16:52.136Z"}
{"buyAsset":"XRP","level":"info","message":"Initiating BUY","price":"0.7","quantity":"31.82","service":"api-a614e51-binance-not-set","timestamp":"2022-02-19T12:16:52.137Z","withAsset":"BUSD"}
{"errorData":{"code":-1013,"msg":"Filter failure: LOT_SIZE"},"level":"error","message":"BUY failed","request":{"url":"/api/v3/order?price=0.7&quantity=31.82&timeInForce=GTC&symbol=XRPBUSD&side=BUY&type=LIMIT&timestamp=1645273012137&signature=725dc7e196d23807d21c9b255c522758c2b02bd8df5e5fabd6bbf2713b18c7a3"},"service":"api-a614e51-binance-not-set","status":400,"statusText":"Bad Request","timestamp":"2022-02-19T12:16:52.162Z"}
{"buyAsset":"XRP","level":"info","message":"Initiating BUY","price":"0","quantity":"31.8","service":"api-a614e51-binance-not-set","timestamp":"2022-02-19T12:16:52.163Z","withAsset":"BUSD"}
{"errorData":{"code":-1013,"msg":"Invalid price."},"level":"error","message":"BUY failed","request":{"url":"/api/v3/order?price=0&quantity=31.8&timeInForce=GTC&symbol=XRPBUSD&side=BUY&type=LIMIT&timestamp=1645273012163&signature=37ac7918ea96dbf27bfa876bd591e6d86d32b9168b9f4c49600a75cd24f7d501"},"service":"api-a614e51-binance-not-set","status":400,"statusText":"Bad Request","timestamp":"2022-02-19T12:16:52.183Z"}
{"buyAsset":"XRP","level":"info","message":"Initiating BUY","price":"0","quantity":"32","service":"api-a614e51-binance-not-set","timestamp":"2022-02-19T12:16:52.184Z","withAsset":"BUSD"}
{"errorData":{"code":-1013,"msg":"Invalid price."},"level":"error","message":"BUY failed","request":{"url":"/api/v3/order?price=0&quantity=32&timeInForce=GTC&symbol=XRPBUSD&side=BUY&type=LIMIT&timestamp=1645273012184&signature=2249d7a31f52a20903824226d642fce7d5f45c15f066559571aff8d1809e3a71"},"service":"api-a614e51-binance-not-set","status":400,"statusText":"Bad Request","timestamp":"2022-02-19T12:16:52.205Z"}
{"assetPair":"XRPBUSD","data":{"price":"0.77800000","symbol":"XRPBUSD"},"level":"info","message":"Latest price","service":"api-a614e51-binance-not-set","timestamp":"2022-02-19T12:17:52.342Z"}
{"balance":{"asset":"BUSD","free":"62.33174594","locked":"22.59000000"},"level":"info","message":"Binance balance","service":"api-a614e51-binance-not-set","timestamp":"2022-02-19T12:17:52.419Z"}
{"buyAsset":"XRP","level":"info","message":"Initiating BUY","price":"0.778","quantity":"31.8123","service":"api-a614e51-binance-not-set","timestamp":"2022-02-19T12:17:52.420Z","withAsset":"BUSD"}
{"errorData":{"code":-1013,"msg":"Filter failure: LOT_SIZE"},"level":"error","message":"BUY failed","request":{"url":"/api/v3/order?price=0.778&quantity=31.8123&timeInForce=GTC&symbol=XRPBUSD&side=BUY&type=LIMIT&timestamp=1645273072420&signature=9ca1b27a09b98e9e95612c0da7bd6e425685af9902c2dafab77486e514057ff9"},"service":"api-a614e51-binance-not-set","status":400,"statusText":"Bad Request","timestamp":"2022-02-19T12:17:52.479Z"}
{"buyAsset":"XRP","level":"info","message":"Initiating BUY","price":"0.77","quantity":"31.812","service":"api-a614e51-binance-not-set","timestamp":"2022-02-19T12:17:52.480Z","withAsset":"BUSD"}
{"errorData":{"code":-1013,"msg":"Filter failure: LOT_SIZE"},"level":"error","message":"BUY failed","request":{"url":"/api/v3/order?price=0.77&quantity=31.812&timeInForce=GTC&symbol=XRPBUSD&side=BUY&type=LIMIT&timestamp=1645273072480&signature=b263bea3322bd38348a8889f116ff9319b2f81272bfd71a96bc75fd92fcc5051"},"service":"api-a614e51-binance-not-set","status":400,"statusText":"Bad Request","timestamp":"2022-02-19T12:17:52.531Z"}
{"buyAsset":"XRP","level":"info","message":"Initiating BUY","price":"0.7","quantity":"31.81","service":"api-a614e51-binance-not-set","timestamp":"2022-02-19T12:17:52.532Z","withAsset":"BUSD"}
{"errorData":{"code":-1013,"msg":"Filter failure: LOT_SIZE"},"level":"error","message":"BUY failed","request":{"url":"/api/v3/order?price=0.7&quantity=31.81&timeInForce=GTC&symbol=XRPBUSD&side=BUY&type=LIMIT&timestamp=1645273072532&signature=875ada1e34f4d48f4e534ac504a8da88564979f36c2da8a53fb32478cd4a695a"},"service":"api-a614e51-binance-not-set","status":400,"statusText":"Bad Request","timestamp":"2022-02-19T12:17:52.603Z"}
{"buyAsset":"XRP","level":"info","message":"Initiating BUY","price":"0","quantity":"31.8","service":"api-a614e51-binance-not-set","timestamp":"2022-02-19T12:17:52.605Z","withAsset":"BUSD"}
{"errorData":{"code":-1013,"msg":"Invalid price."},"level":"error","message":"BUY failed","request":{"url":"/api/v3/order?price=0&quantity=31.8&timeInForce=GTC&symbol=XRPBUSD&side=BUY&type=LIMIT&timestamp=1645273072605&signature=763ff54359e8543127839ff8a113afb17702c429f324189817b238dcc9b8b906"},"service":"api-a614e51-binance-not-set","status":400,"statusText":"Bad Request","timestamp":"2022-02-19T12:17:52.675Z"}
{"buyAsset":"XRP","level":"info","message":"Initiating BUY","price":"0","quantity":"32","service":"api-a614e51-binance-not-set","timestamp":"2022-02-19T12:17:52.676Z","withAsset":"BUSD"}
{"errorData":{"code":-1013,"msg":"Invalid price."},"level":"error","message":"BUY failed","request":{"url":"/api/v3/order?price=0&quantity=32&timeInForce=GTC&symbol=XRPBUSD&side=BUY&type=LIMIT&timestamp=1645273072677&signature=2b415c9cabe211bc6583e0183a6e461849560a37afa46b75538d1d69f6df9975"},"service":"api-a614e51-binance-not-set","status":400,"statusText":"Bad Request","timestamp":"2022-02-19T12:17:52.730Z"}
{"assetPair":"XRPBUSD","data":{"price":"0.77700000","symbol":"XRPBUSD"},"level":"info","message":"Latest price","service":"api-a614e51-binance-not-set","timestamp":"2022-02-19T12:18:52.848Z"}
{"balance":{"asset":"BUSD","free":"62.33174594","locked":"22.59000000"},"level":"info","message":"Binance balance","service":"api-a614e51-binance-not-set","timestamp":"2022-02-19T12:18:52.954Z"}
{"buyAsset":"XRP","level":"info","message":"Initiating BUY","price":"0.777","quantity":"31.8532","service":"api-a614e51-binance-not-set","timestamp":"2022-02-19T12:18:52.955Z","withAsset":"BUSD"}
{"errorData":{"code":-1013,"msg":"Filter failure: LOT_SIZE"},"level":"error","message":"BUY failed","request":{"url":"/api/v3/order?price=0.777&quantity=31.8532&timeInForce=GTC&symbol=XRPBUSD&side=BUY&type=LIMIT&timestamp=1645273132955&signature=e59ff0b6ea8741142a069a35c011818b195d2a2e392925cfbe2b8128cefe7ef0"},"service":"api-a614e51-binance-not-set","status":400,"statusText":"Bad Request","timestamp":"2022-02-19T12:18:53.006Z"}
{"buyAsset":"XRP","level":"info","message":"Initiating BUY","price":"0.77","quantity":"31.853","service":"api-a614e51-binance-not-set","timestamp":"2022-02-19T12:18:53.008Z","withAsset":"BUSD"}
{"errorData":{"code":-1013,"msg":"Filter failure: LOT_SIZE"},"level":"error","message":"BUY failed","request":{"url":"/api/v3/order?price=0.77&quantity=31.853&timeInForce=GTC&symbol=XRPBUSD&side=BUY&type=LIMIT&timestamp=1645273133008&signature=d279cc9ad4a5fca9a3bfc9749f5095b92ceb4bb7cd8f2e6bfcfa92cc5de349e5"},"service":"api-a614e51-binance-not-set","status":400,"statusText":"Bad Request","timestamp":"2022-02-19T12:18:53.076Z"}
{"buyAsset":"XRP","level":"info","message":"Initiating BUY","price":"0.7","quantity":"31.85","service":"api-a614e51-binance-not-set","timestamp":"2022-02-19T12:18:53.077Z","withAsset":"BUSD"}
{"errorData":{"code":-1013,"msg":"Filter failure: LOT_SIZE"},"level":"error","message":"BUY failed","request":{"url":"/api/v3/order?price=0.7&quantity=31.85&timeInForce=GTC&symbol=XRPBUSD&side=BUY&type=LIMIT&timestamp=1645273133077&signature=b467fdb14745b745d4561946d5f9ed53435d3f21ff8ef112a50132e01bc6055f"},"service":"api-a614e51-binance-not-set","status":400,"statusText":"Bad Request","timestamp":"2022-02-19T12:18:53.128Z"}
{"buyAsset":"XRP","level":"info","message":"Initiating BUY","price":"0","quantity":"31.9","service":"api-a614e51-binance-not-set","timestamp":"2022-02-19T12:18:53.129Z","withAsset":"BUSD"}
{"errorData":{"code":-1013,"msg":"Invalid price."},"level":"error","message":"BUY failed","request":{"url":"/api/v3/order?price=0&quantity=31.9&timeInForce=GTC&symbol=XRPBUSD&side=BUY&type=LIMIT&timestamp=1645273133129&signature=4c5a035801e1ad977ea2ca80626896b7342f0f9f3816d4f249d651645e04837b"},"service":"api-a614e51-binance-not-set","status":400,"statusText":"Bad Request","timestamp":"2022-02-19T12:18:53.182Z"}
{"buyAsset":"XRP","level":"info","message":"Initiating BUY","price":"0","quantity":"32","service":"api-a614e51-binance-not-set","timestamp":"2022-02-19T12:18:53.183Z","withAsset":"BUSD"}
{"errorData":{"code":-1013,"msg":"Invalid price."},"level":"error","message":"BUY failed","request":{"url":"/api/v3/order?price=0&quantity=32&timeInForce=GTC&symbol=XRPBUSD&side=BUY&type=LIMIT&timestamp=1645273133183&signature=f9ddf69d75c981e10929e28fce8bf75325e402c0a7a453ac78b61f18b321c6bb"},"service":"api-a614e51-binance-not-set","status":400,"statusText":"Bad Request","timestamp":"2022-02-19T12:18:53.230Z"}
{"assetPair":"XRPBUSD","data":{"price":"0.77720000","symbol":"XRPBUSD"},"level":"info","message":"Latest price","service":"api-a614e51-binance-not-set","timestamp":"2022-02-19T12:21:53.525Z"}
{"balance":{"asset":"BUSD","free":"62.33174594","locked":"22.59000000"},"level":"info","message":"Binance balance","service":"api-a614e51-binance-not-set","timestamp":"2022-02-19T12:21:53.559Z"}
{"buyAsset":"XRP","level":"info","message":"Initiating BUY","price":"0.777","quantity":"31.8450","service":"api-a614e51-binance-not-set","timestamp":"2022-02-19T12:21:53.560Z","withAsset":"BUSD"}
{"errorData":{"code":-1013,"msg":"Filter failure: LOT_SIZE"},"level":"error","message":"BUY failed","request":{"url":"/api/v3/order?price=0.777&quantity=31.8450&timeInForce=GTC&symbol=XRPBUSD&side=BUY&type=LIMIT&timestamp=1645273313560&signature=e90fbee2d7ba25a9bcb493353859fb35ef1729faf6153332e25f58be50389cb8"},"service":"api-a614e51-binance-not-set","status":400,"statusText":"Bad Request","timestamp":"2022-02-19T12:21:53.588Z"}
{"buyAsset":"XRP","level":"info","message":"Initiating BUY","price":"0.77","quantity":"31.845","service":"api-a614e51-binance-not-set","timestamp":"2022-02-19T12:21:53.589Z","withAsset":"BUSD"}
{"errorData":{"code":-1013,"msg":"Filter failure: LOT_SIZE"},"level":"error","message":"BUY failed","request":{"url":"/api/v3/order?price=0.77&quantity=31.845&timeInForce=GTC&symbol=XRPBUSD&side=BUY&type=LIMIT&timestamp=1645273313589&signature=2108378739adab3379391eac202f8de698892a7233feaac0c7ba4bc288cf4b44"},"service":"api-a614e51-binance-not-set","status":400,"statusText":"Bad Request","timestamp":"2022-02-19T12:21:53.616Z"}
{"buyAsset":"XRP","level":"info","message":"Initiating BUY","price":"0.7","quantity":"31.85","service":"api-a614e51-binance-not-set","timestamp":"2022-02-19T12:21:53.617Z","withAsset":"BUSD"}
{"errorData":{"code":-1013,"msg":"Filter failure: LOT_SIZE"},"level":"error","message":"BUY failed","request":{"url":"/api/v3/order?price=0.7&quantity=31.85&timeInForce=GTC&symbol=XRPBUSD&side=BUY&type=LIMIT&timestamp=1645273313617&signature=3c1f1f796064368dc85b59e82e15af3b8cfb71dd94a6fe69786ad359acd1b789"},"service":"api-a614e51-binance-not-set","status":400,"statusText":"Bad Request","timestamp":"2022-02-19T12:21:53.658Z"}
{"buyAsset":"XRP","level":"info","message":"Initiating BUY","price":"0","quantity":"31.8","service":"api-a614e51-binance-not-set","timestamp":"2022-02-19T12:21:53.661Z","withAsset":"BUSD"}
{"errorData":{"code":-1013,"msg":"Invalid price."},"level":"error","message":"BUY failed","request":{"url":"/api/v3/order?price=0&quantity=31.8&timeInForce=GTC&symbol=XRPBUSD&side=BUY&type=LIMIT&timestamp=1645273313661&signature=c9b5e31030199d96153ae0ca15a1f86316fbe846a82569b94e726ea3c28e3a91"},"service":"api-a614e51-binance-not-set","status":400,"statusText":"Bad Request","timestamp":"2022-02-19T12:21:53.698Z"}
{"buyAsset":"XRP","level":"info","message":"Initiating BUY","price":"0","quantity":"32","service":"api-a614e51-binance-not-set","timestamp":"2022-02-19T12:21:53.699Z","withAsset":"BUSD"}
{"errorData":{"code":-1013,"msg":"Invalid price."},"level":"error","message":"BUY failed","request":{"url":"/api/v3/order?price=0&quantity=32&timeInForce=GTC&symbol=XRPBUSD&side=BUY&type=LIMIT&timestamp=1645273313699&signature=7d03efb56771e3c248457c8ff55cb2a49b9777a430b2c591ae6f5976ec6ec22b"},"service":"api-a614e51-binance-not-set","status":400,"statusText":"Bad Request","timestamp":"2022-02-19T12:21:53.725Z"}
