{"assetPair":"XRPBUSD","data":{"price":"0.77160000","symbol":"XRPBUSD"},"level":"info","message":"Latest price","service":"api-d27bc23-binance-XRPBUSD","timestamp":"2022-03-02T13:01:08.437Z"}
{"assetPair":"XRPBUSD","data":{"price":"0.77100000","symbol":"XRPBUSD"},"level":"info","message":"Latest price","service":"api-d27bc23-binance-XRPBUSD","timestamp":"2022-03-02T13:04:08.535Z"}
{"assetPair":"XRPBUSD","data":{"price":"0.77140000","symbol":"XRPBUSD"},"level":"info","message":"Latest price","service":"api-d27bc23-binance-XRPBUSD","timestamp":"2022-03-02T13:07:08.560Z"}
{"assetPair":"XRPBUSD","data":{"price":"0.76920000","symbol":"XRPBUSD"},"level":"info","message":"Latest price","service":"api-d27bc23-binance-XRPBUSD","timestamp":"2022-03-02T13:10:08.618Z"}
{"assetPair":"XRPBUSD","data":{"price":"0.76860000","symbol":"XRPBUSD"},"level":"info","message":"Latest price","service":"api-d27bc23-binance-XRPBUSD","timestamp":"2022-03-02T13:13:08.662Z"}
{"assetPair":"XRPBUSD","data":{"price":"0.76640000","symbol":"XRPBUSD"},"level":"info","message":"Latest price","service":"api-d27bc23-binance-XRPBUSD","timestamp":"2022-03-02T13:16:08.699Z"}
{"assetPair":"XRPBUSD","data":{"price":"0.76310000","symbol":"XRPBUSD"},"level":"info","message":"Latest price","service":"api-d27bc23-binance-XRPBUSD","timestamp":"2022-03-02T13:19:08.735Z"}
{"assetPair":"XRPBUSD","data":{"price":"0.76400000","symbol":"XRPBUSD"},"level":"info","message":"Latest price","service":"api-d27bc23-binance-XRPBUSD","timestamp":"2022-03-02T13:22:08.786Z"}
{"assetPair":"XRPBUSD","data":{"price":"0.76300000","symbol":"XRPBUSD"},"level":"info","message":"Latest price","service":"api-d27bc23-binance-XRPBUSD","timestamp":"2022-03-02T13:25:08.817Z"}
{"assetPair":"XRPBUSD","data":{"price":"0.76460000","symbol":"XRPBUSD"},"level":"info","message":"Latest price","service":"api-d27bc23-binance-XRPBUSD","timestamp":"2022-03-02T13:28:08.859Z"}
{"assetPair":"XRPBUSD","data":{"price":"0.76610000","symbol":"XRPBUSD"},"level":"info","message":"Latest price","service":"api-d27bc23-binance-XRPBUSD","timestamp":"2022-03-02T13:31:08.896Z"}
{"assetPair":"XRPBUSD","data":{"price":"0.76230000","symbol":"XRPBUSD"},"level":"info","message":"Latest price","service":"api-d27bc23-binance-XRPBUSD","timestamp":"2022-03-02T13:34:08.926Z"}
{"balance":{"asset":"XRP","free":"31.47600000","locked":"0.00000000"},"level":"info","message":"Binance balance","service":"api-d27bc23-binance-XRPBUSD","timestamp":"2022-03-02T13:34:08.960Z"}
{"correctedPrice":"0.7623","correctedQty":"31","forAsset":"BUSD","level":"info","message":"Initiating SELL","price":"0.76230000","quantity":"31.47600000","sellAsset":"XRP","service":"api-d27bc23-binance-XRPBUSD","timestamp":"2022-03-02T13:34:08.994Z"}
{"data":{"clientOrderId":"qGuojQtdreHk4vonPOlqnI","cummulativeQuoteQty":"0.00000000","executedQty":"0.00000000","fills":[],"orderId":733486811,"orderListId":-1,"origQty":"31.00000000","price":"0.76230000","side":"SELL","status":"NEW","symbol":"XRPBUSD","timeInForce":"GTC","transactTime":1646228049023,"type":"LIMIT"},"level":"info","message":"SELL success","service":"api-d27bc23-binance-XRPBUSD","timestamp":"2022-03-02T13:34:09.028Z"}
{"level":"info","message":"Checking order status","origClientOrderId":"qGuojQtdreHk4vonPOlqnI","service":"api-d27bc23-binance-XRPBUSD","symbol":"XRPBUSD","timestamp":"2022-03-02T13:37:09.061Z"}
{"data":{"clientOrderId":"qGuojQtdreHk4vonPOlqnI","cummulativeQuoteQty":"23.63130000","executedQty":"31.00000000","icebergQty":"0.00000000","isWorking":true,"orderId":733486811,"orderListId":-1,"origQty":"31.00000000","origQuoteOrderQty":"0.00000000","price":"0.76230000","side":"SELL","status":"FILLED","stopPrice":"0.00000000","symbol":"XRPBUSD","time":1646228049023,"timeInForce":"GTC","type":"LIMIT","updateTime":1646228049136},"level":"info","message":"Order status","service":"api-d27bc23-binance-XRPBUSD","timestamp":"2022-03-02T13:37:09.122Z"}
{"assetPair":"XRPBUSD","data":{"price":"0.76150000","symbol":"XRPBUSD"},"level":"info","message":"Latest price","service":"api-d27bc23-binance-XRPBUSD","timestamp":"2022-03-02T13:37:09.174Z"}
{"assetPair":"XRPBUSD","data":{"price":"0.75960000","symbol":"XRPBUSD"},"level":"info","message":"Latest price","service":"api-d27bc23-binance-XRPBUSD","timestamp":"2022-03-02T13:40:09.254Z"}
{"assetPair":"XRPBUSD","data":{"price":"0.75870000","symbol":"XRPBUSD"},"level":"info","message":"Latest price","service":"api-d27bc23-binance-XRPBUSD","timestamp":"2022-03-02T13:43:09.329Z"}
{"assetPair":"XRPBUSD","data":{"price":"0.75960000","symbol":"XRPBUSD"},"level":"info","message":"Latest price","service":"api-d27bc23-binance-XRPBUSD","timestamp":"2022-03-02T13:46:09.368Z"}
{"assetPair":"XRPBUSD","data":{"price":"0.76120000","symbol":"XRPBUSD"},"level":"info","message":"Latest price","service":"api-d27bc23-binance-XRPBUSD","timestamp":"2022-03-02T13:49:09.407Z"}
{"assetPair":"XRPBUSD","data":{"price":"0.76110000","symbol":"XRPBUSD"},"level":"info","message":"Latest price","service":"api-d27bc23-binance-XRPBUSD","timestamp":"2022-03-02T13:52:09.439Z"}
{"assetPair":"XRPBUSD","data":{"price":"0.76140000","symbol":"XRPBUSD"},"level":"info","message":"Latest price","service":"api-d27bc23-binance-XRPBUSD","timestamp":"2022-03-02T13:55:09.471Z"}
{"assetPair":"XRPBUSD","data":{"price":"0.76090000","symbol":"XRPBUSD"},"level":"info","message":"Latest price","service":"api-d27bc23-binance-XRPBUSD","timestamp":"2022-03-02T13:58:09.514Z"}
{"assetPair":"XRPBUSD","data":{"price":"0.76260000","symbol":"XRPBUSD"},"level":"info","message":"Latest price","service":"api-d27bc23-binance-XRPBUSD","timestamp":"2022-03-02T14:01:09.550Z"}
{"balance":{"asset":"BUSD","free":"48.21046518","locked":"0.00000000"},"level":"info","message":"Binance balance","service":"api-d27bc23-binance-XRPBUSD","timestamp":"2022-03-02T14:01:09.577Z"}
{"buyAsset":"XRP","correctedPrice":"0.7626","correctedQty":"32","level":"info","message":"Initiating BUY","price":"0.7626","quantity":"32.45476003147128245476","service":"api-d27bc23-binance-XRPBUSD","timestamp":"2022-03-02T14:01:09.578Z","withAsset":"BUSD"}
{"data":{"clientOrderId":"7KX376dbcfeT10WAhk1eyx","cummulativeQuoteQty":"0.00000000","executedQty":"0.00000000","fills":[],"orderId":733514990,"orderListId":-1,"origQty":"32.00000000","price":"0.76260000","side":"BUY","status":"NEW","symbol":"XRPBUSD","timeInForce":"GTC","transactTime":1646229669602,"type":"LIMIT"},"level":"info","message":"BUY success","service":"api-d27bc23-binance-XRPBUSD","timestamp":"2022-03-02T14:01:09.607Z"}
{"level":"info","message":"Checking order status","origClientOrderId":"7KX376dbcfeT10WAhk1eyx","service":"api-d27bc23-binance-XRPBUSD","symbol":"XRPBUSD","timestamp":"2022-03-02T14:04:09.611Z"}
{"data":{"clientOrderId":"7KX376dbcfeT10WAhk1eyx","cummulativeQuoteQty":"24.40320000","executedQty":"32.00000000","icebergQty":"0.00000000","isWorking":true,"orderId":733514990,"orderListId":-1,"origQty":"32.00000000","origQuoteOrderQty":"0.00000000","price":"0.76260000","side":"BUY","status":"FILLED","stopPrice":"0.00000000","symbol":"XRPBUSD","time":1646229669602,"timeInForce":"GTC","type":"LIMIT","updateTime":1646229671967},"level":"info","message":"Order status","service":"api-d27bc23-binance-XRPBUSD","timestamp":"2022-03-02T14:04:09.650Z"}
{"assetPair":"XRPBUSD","data":{"price":"0.76410000","symbol":"XRPBUSD"},"level":"info","message":"Latest price","service":"api-d27bc23-binance-XRPBUSD","timestamp":"2022-03-02T14:04:09.679Z"}
{"assetPair":"XRPBUSD","data":{"price":"0.76380000","symbol":"XRPBUSD"},"level":"info","message":"Latest price","service":"api-d27bc23-binance-XRPBUSD","timestamp":"2022-03-02T14:07:09.734Z"}
{"assetPair":"XRPBUSD","data":{"price":"0.76240000","symbol":"XRPBUSD"},"level":"info","message":"Latest price","service":"api-d27bc23-binance-XRPBUSD","timestamp":"2022-03-02T14:10:09.778Z"}
{"assetPair":"XRPBUSD","data":{"price":"0.76260000","symbol":"XRPBUSD"},"level":"info","message":"Latest price","service":"api-d27bc23-binance-XRPBUSD","timestamp":"2022-03-02T14:13:09.807Z"}
{"assetPair":"XRPBUSD","data":{"price":"0.76220000","symbol":"XRPBUSD"},"level":"info","message":"Latest price","service":"api-d27bc23-binance-XRPBUSD","timestamp":"2022-03-02T14:16:09.843Z"}
{"assetPair":"XRPBUSD","data":{"price":"0.76370000","symbol":"XRPBUSD"},"level":"info","message":"Latest price","service":"api-d27bc23-binance-XRPBUSD","timestamp":"2022-03-02T14:19:09.873Z"}
{"assetPair":"XRPBUSD","data":{"price":"0.76270000","symbol":"XRPBUSD"},"level":"info","message":"Latest price","service":"api-d27bc23-binance-XRPBUSD","timestamp":"2022-03-02T14:22:09.936Z"}
{"assetPair":"XRPBUSD","data":{"price":"0.76350000","symbol":"XRPBUSD"},"level":"info","message":"Latest price","service":"api-d27bc23-binance-XRPBUSD","timestamp":"2022-03-02T14:25:09.970Z"}
{"assetPair":"XRPBUSD","data":{"price":"0.76380000","symbol":"XRPBUSD"},"level":"info","message":"Latest price","service":"api-d27bc23-binance-XRPBUSD","timestamp":"2022-03-02T14:28:10.008Z"}
{"assetPair":"XRPBUSD","data":{"price":"0.76400000","symbol":"XRPBUSD"},"level":"info","message":"Latest price","service":"api-d27bc23-binance-XRPBUSD","timestamp":"2022-03-02T14:31:10.045Z"}
{"assetPair":"XRPBUSD","data":{"price":"0.76410000","symbol":"XRPBUSD"},"level":"info","message":"Latest price","service":"api-d27bc23-binance-XRPBUSD","timestamp":"2022-03-02T14:34:10.077Z"}
{"assetPair":"XRPBUSD","data":{"price":"0.76400000","symbol":"XRPBUSD"},"level":"info","message":"Latest price","service":"api-d27bc23-binance-XRPBUSD","timestamp":"2022-03-02T14:37:10.161Z"}
{"assetPair":"XRPBUSD","data":{"price":"0.76640000","symbol":"XRPBUSD"},"level":"info","message":"Latest price","service":"api-d27bc23-binance-XRPBUSD","timestamp":"2022-03-02T14:40:10.199Z"}
{"assetPair":"XRPBUSD","data":{"price":"0.77140000","symbol":"XRPBUSD"},"level":"info","message":"Latest price","service":"api-d27bc23-binance-XRPBUSD","timestamp":"2022-03-02T14:43:10.236Z"}
{"assetPair":"XRPBUSD","data":{"price":"0.77450000","symbol":"XRPBUSD"},"level":"info","message":"Latest price","service":"api-d27bc23-binance-XRPBUSD","timestamp":"2022-03-02T14:46:10.268Z"}
{"assetPair":"XRPBUSD","data":{"price":"0.77410000","symbol":"XRPBUSD"},"level":"info","message":"Latest price","service":"api-d27bc23-binance-XRPBUSD","timestamp":"2022-03-02T14:49:10.310Z"}
{"assetPair":"XRPBUSD","data":{"price":"0.77260000","symbol":"XRPBUSD"},"level":"info","message":"Latest price","service":"api-d27bc23-binance-XRPBUSD","timestamp":"2022-03-02T14:52:10.391Z"}
{"assetPair":"XRPBUSD","data":{"price":"0.77470000","symbol":"XRPBUSD"},"level":"info","message":"Latest price","service":"api-d27bc23-binance-XRPBUSD","timestamp":"2022-03-02T14:55:10.427Z"}
{"assetPair":"XRPBUSD","data":{"price":"0.77420000","symbol":"XRPBUSD"},"level":"info","message":"Latest price","service":"api-d27bc23-binance-XRPBUSD","timestamp":"2022-03-02T14:58:10.466Z"}
{"assetPair":"XRPBUSD","data":{"price":"0.78020000","symbol":"XRPBUSD"},"level":"info","message":"Latest price","service":"api-d27bc23-binance-XRPBUSD","timestamp":"2022-03-02T15:01:10.500Z"}
{"assetPair":"XRPBUSD","data":{"price":"0.78070000","symbol":"XRPBUSD"},"level":"info","message":"Latest price","service":"api-d27bc23-binance-XRPBUSD","timestamp":"2022-03-02T15:04:10.542Z"}
{"assetPair":"XRPBUSD","data":{"price":"0.77600000","symbol":"XRPBUSD"},"level":"info","message":"Latest price","service":"api-d27bc23-binance-XRPBUSD","timestamp":"2022-03-02T15:07:10.603Z"}
{"balance":{"asset":"XRP","free":"32.47600000","locked":"0.00000000"},"level":"info","message":"Binance balance","service":"api-d27bc23-binance-XRPBUSD","timestamp":"2022-03-02T15:07:10.658Z"}
{"correctedPrice":"0.7760","correctedQty":"32","forAsset":"BUSD","level":"info","message":"Initiating SELL","price":"0.77600000","quantity":"32.47600000","sellAsset":"XRP","service":"api-d27bc23-binance-XRPBUSD","timestamp":"2022-03-02T15:07:10.659Z"}
{"data":{"clientOrderId":"KyS6eiqtaMy8PHmApRur5u","cummulativeQuoteQty":"0.00000000","executedQty":"0.00000000","fills":[],"orderId":733578203,"orderListId":-1,"origQty":"32.00000000","price":"0.77600000","side":"SELL","status":"NEW","symbol":"XRPBUSD","timeInForce":"GTC","transactTime":1646233630703,"type":"LIMIT"},"level":"info","message":"SELL success","service":"api-d27bc23-binance-XRPBUSD","timestamp":"2022-03-02T15:07:11.110Z"}
{"level":"info","message":"Checking order status","origClientOrderId":"KyS6eiqtaMy8PHmApRur5u","service":"api-d27bc23-binance-XRPBUSD","symbol":"XRPBUSD","timestamp":"2022-03-02T15:10:11.114Z"}
{"data":{"clientOrderId":"KyS6eiqtaMy8PHmApRur5u","cummulativeQuoteQty":"24.83200000","executedQty":"32.00000000","icebergQty":"0.00000000","isWorking":true,"orderId":733578203,"orderListId":-1,"origQty":"32.00000000","origQuoteOrderQty":"0.00000000","price":"0.77600000","side":"SELL","status":"FILLED","stopPrice":"0.00000000","symbol":"XRPBUSD","time":1646233630703,"timeInForce":"GTC","type":"LIMIT","updateTime":1646233646451},"level":"info","message":"Order status","service":"api-d27bc23-binance-XRPBUSD","timestamp":"2022-03-02T15:10:11.150Z"}
{"assetPair":"XRPBUSD","data":{"price":"0.76890000","symbol":"XRPBUSD"},"level":"info","message":"Latest price","service":"api-d27bc23-binance-XRPBUSD","timestamp":"2022-03-02T15:10:11.181Z"}
{"assetPair":"XRPBUSD","data":{"price":"0.76860000","symbol":"XRPBUSD"},"level":"info","message":"Latest price","service":"api-d27bc23-binance-XRPBUSD","timestamp":"2022-03-02T15:13:11.251Z"}
{"assetPair":"XRPBUSD","data":{"price":"0.76860000","symbol":"XRPBUSD"},"level":"info","message":"Latest price","service":"api-d27bc23-binance-XRPBUSD","timestamp":"2022-03-02T15:16:11.299Z"}
{"assetPair":"XRPBUSD","data":{"price":"0.76640000","symbol":"XRPBUSD"},"level":"info","message":"Latest price","service":"api-d27bc23-binance-XRPBUSD","timestamp":"2022-03-02T15:19:11.328Z"}
{"assetPair":"XRPBUSD","data":{"price":"0.76910000","symbol":"XRPBUSD"},"level":"info","message":"Latest price","service":"api-d27bc23-binance-XRPBUSD","timestamp":"2022-03-02T15:22:11.369Z"}
{"assetPair":"XRPBUSD","data":{"price":"0.76780000","symbol":"XRPBUSD"},"level":"info","message":"Latest price","service":"api-d27bc23-binance-XRPBUSD","timestamp":"2022-03-02T15:25:11.399Z"}
{"assetPair":"XRPBUSD","data":{"price":"0.76520000","symbol":"XRPBUSD"},"level":"info","message":"Latest price","service":"api-d27bc23-binance-XRPBUSD","timestamp":"2022-03-02T15:28:11.957Z"}
{"assetPair":"XRPBUSD","data":{"price":"0.77020000","symbol":"XRPBUSD"},"level":"info","message":"Latest price","service":"api-d27bc23-binance-XRPBUSD","timestamp":"2022-03-02T15:31:11.996Z"}
{"assetPair":"XRPBUSD","data":{"price":"0.77070000","symbol":"XRPBUSD"},"level":"info","message":"Latest price","service":"api-d27bc23-binance-XRPBUSD","timestamp":"2022-03-02T15:34:12.070Z"}
{"assetPair":"XRPBUSD","data":{"price":"0.76960000","symbol":"XRPBUSD"},"level":"info","message":"Latest price","service":"api-d27bc23-binance-XRPBUSD","timestamp":"2022-03-02T15:37:12.113Z"}
{"assetPair":"XRPBUSD","data":{"price":"0.77090000","symbol":"XRPBUSD"},"level":"info","message":"Latest price","service":"api-d27bc23-binance-XRPBUSD","timestamp":"2022-03-02T15:40:12.175Z"}
{"assetPair":"XRPBUSD","data":{"price":"0.76830000","symbol":"XRPBUSD"},"level":"info","message":"Latest price","service":"api-d27bc23-binance-XRPBUSD","timestamp":"2022-03-02T15:43:12.208Z"}
{"assetPair":"XRPBUSD","data":{"price":"0.76650000","symbol":"XRPBUSD"},"level":"info","message":"Latest price","service":"api-d27bc23-binance-XRPBUSD","timestamp":"2022-03-02T15:46:12.244Z"}
{"assetPair":"XRPBUSD","data":{"price":"0.76860000","symbol":"XRPBUSD"},"level":"info","message":"Latest price","service":"api-d27bc23-binance-XRPBUSD","timestamp":"2022-03-02T15:49:12.283Z"}
{"assetPair":"XRPBUSD","data":{"price":"0.76720000","symbol":"XRPBUSD"},"level":"info","message":"Latest price","service":"api-d27bc23-binance-XRPBUSD","timestamp":"2022-03-02T15:52:12.354Z"}
{"assetPair":"XRPBUSD","data":{"price":"0.76540000","symbol":"XRPBUSD"},"level":"info","message":"Latest price","service":"api-d27bc23-binance-XRPBUSD","timestamp":"2022-03-02T15:55:12.389Z"}
{"assetPair":"XRPBUSD","data":{"price":"0.76650000","symbol":"XRPBUSD"},"level":"info","message":"Latest price","service":"api-d27bc23-binance-XRPBUSD","timestamp":"2022-03-02T15:58:12.429Z"}
{"assetPair":"XRPBUSD","data":{"price":"0.76470000","symbol":"XRPBUSD"},"level":"info","message":"Latest price","service":"api-d27bc23-binance-XRPBUSD","timestamp":"2022-03-02T16:01:12.504Z"}
{"assetPair":"XRPBUSD","data":{"price":"0.76790000","symbol":"XRPBUSD"},"level":"info","message":"Latest price","service":"api-d27bc23-binance-XRPBUSD","timestamp":"2022-03-02T16:04:12.546Z"}
{"assetPair":"XRPBUSD","data":{"price":"0.76870000","symbol":"XRPBUSD"},"level":"info","message":"Latest price","service":"api-d27bc23-binance-XRPBUSD","timestamp":"2022-03-02T16:07:12.586Z"}
{"assetPair":"XRPBUSD","data":{"price":"0.77080000","symbol":"XRPBUSD"},"level":"info","message":"Latest price","service":"api-d27bc23-binance-XRPBUSD","timestamp":"2022-03-02T16:10:12.659Z"}
{"balance":{"asset":"BUSD","free":"48.70886518","locked":"0.00000000"},"level":"info","message":"Binance balance","service":"api-d27bc23-binance-XRPBUSD","timestamp":"2022-03-02T16:10:12.725Z"}
{"buyAsset":"XRP","correctedPrice":"0.7708","correctedQty":"32","level":"info","message":"Initiating BUY","price":"0.7708","quantity":"32.10949662688116242865","service":"api-d27bc23-binance-XRPBUSD","timestamp":"2022-03-02T16:10:12.726Z","withAsset":"BUSD"}
{"data":{"clientOrderId":"tprjyeUYN5IuUDtomUEKm9","cummulativeQuoteQty":"24.66560000","executedQty":"32.00000000","fills":[{"commission":"0.03200000","commissionAsset":"XRP","price":"0.77080000","qty":"32.00000000","tradeId":54241750}],"orderId":733653649,"orderListId":-1,"origQty":"32.00000000","price":"0.77080000","side":"BUY","status":"FILLED","symbol":"XRPBUSD","timeInForce":"GTC","transactTime":1646237412783,"type":"LIMIT"},"level":"info","message":"BUY success","service":"api-d27bc23-binance-XRPBUSD","timestamp":"2022-03-02T16:10:12.793Z"}
{"level":"info","message":"Checking order status","origClientOrderId":"tprjyeUYN5IuUDtomUEKm9","service":"api-d27bc23-binance-XRPBUSD","symbol":"XRPBUSD","timestamp":"2022-03-02T16:13:12.797Z"}
{"data":{"clientOrderId":"tprjyeUYN5IuUDtomUEKm9","cummulativeQuoteQty":"24.66560000","executedQty":"32.00000000","icebergQty":"0.00000000","isWorking":true,"orderId":733653649,"orderListId":-1,"origQty":"32.00000000","origQuoteOrderQty":"0.00000000","price":"0.77080000","side":"BUY","status":"FILLED","stopPrice":"0.00000000","symbol":"XRPBUSD","time":1646237412783,"timeInForce":"GTC","type":"LIMIT","updateTime":1646237412783},"level":"info","message":"Order status","service":"api-d27bc23-binance-XRPBUSD","timestamp":"2022-03-02T16:13:12.829Z"}
{"assetPair":"XRPBUSD","data":{"price":"0.77070000","symbol":"XRPBUSD"},"level":"info","message":"Latest price","service":"api-d27bc23-binance-XRPBUSD","timestamp":"2022-03-02T16:13:12.856Z"}
{"assetPair":"XRPBUSD","data":{"price":"0.77190000","symbol":"XRPBUSD"},"level":"info","message":"Latest price","service":"api-d27bc23-binance-XRPBUSD","timestamp":"2022-03-02T16:16:12.934Z"}
{"assetPair":"XRPBUSD","data":{"price":"0.77030000","symbol":"XRPBUSD"},"level":"info","message":"Latest price","service":"api-d27bc23-binance-XRPBUSD","timestamp":"2022-03-02T16:19:12.963Z"}
{"assetPair":"XRPBUSD","data":{"price":"0.77120000","symbol":"XRPBUSD"},"level":"info","message":"Latest price","service":"api-d27bc23-binance-XRPBUSD","timestamp":"2022-03-02T16:22:12.994Z"}
{"assetPair":"XRPBUSD","data":{"price":"0.77000000","symbol":"XRPBUSD"},"level":"info","message":"Latest price","service":"api-d27bc23-binance-XRPBUSD","timestamp":"2022-03-02T16:25:13.034Z"}
{"assetPair":"XRPBUSD","data":{"price":"0.77090000","symbol":"XRPBUSD"},"level":"info","message":"Latest price","service":"api-d27bc23-binance-XRPBUSD","timestamp":"2022-03-02T16:28:13.065Z"}
{"assetPair":"XRPBUSD","data":{"price":"0.77250000","symbol":"XRPBUSD"},"level":"info","message":"Latest price","service":"api-d27bc23-binance-XRPBUSD","timestamp":"2022-03-02T16:31:13.102Z"}
{"assetPair":"XRPBUSD","data":{"price":"0.77400000","symbol":"XRPBUSD"},"level":"info","message":"Latest price","service":"api-d27bc23-binance-XRPBUSD","timestamp":"2022-03-02T16:34:13.143Z"}
{"assetPair":"XRPBUSD","data":{"price":"0.77260000","symbol":"XRPBUSD"},"level":"info","message":"Latest price","service":"api-d27bc23-binance-XRPBUSD","timestamp":"2022-03-02T16:37:13.175Z"}
{"assetPair":"XRPBUSD","data":{"price":"0.77240000","symbol":"XRPBUSD"},"level":"info","message":"Latest price","service":"api-d27bc23-binance-XRPBUSD","timestamp":"2022-03-02T16:40:13.208Z"}
{"assetPair":"XRPBUSD","data":{"price":"0.77130000","symbol":"XRPBUSD"},"level":"info","message":"Latest price","service":"api-d27bc23-binance-XRPBUSD","timestamp":"2022-03-02T16:43:13.245Z"}
{"assetPair":"XRPBUSD","data":{"price":"0.77140000","symbol":"XRPBUSD"},"level":"info","message":"Latest price","service":"api-d27bc23-binance-XRPBUSD","timestamp":"2022-03-02T16:46:13.282Z"}
{"assetPair":"XRPBUSD","data":{"price":"0.77170000","symbol":"XRPBUSD"},"level":"info","message":"Latest price","service":"api-d27bc23-binance-XRPBUSD","timestamp":"2022-03-02T16:49:13.318Z"}
{"assetPair":"XRPBUSD","data":{"price":"0.77080000","symbol":"XRPBUSD"},"level":"info","message":"Latest price","service":"api-d27bc23-binance-XRPBUSD","timestamp":"2022-03-02T16:52:13.355Z"}
{"assetPair":"XRPBUSD","data":{"price":"0.77070000","symbol":"XRPBUSD"},"level":"info","message":"Latest price","service":"api-d27bc23-binance-XRPBUSD","timestamp":"2022-03-02T16:55:13.392Z"}
{"assetPair":"XRPBUSD","data":{"price":"0.77180000","symbol":"XRPBUSD"},"level":"info","message":"Latest price","service":"api-d27bc23-binance-XRPBUSD","timestamp":"2022-03-02T16:58:13.431Z"}
{"assetPair":"XRPBUSD","data":{"price":"0.77050000","symbol":"XRPBUSD"},"level":"info","message":"Latest price","service":"api-d27bc23-binance-XRPBUSD","timestamp":"2022-03-02T17:01:13.462Z"}
{"assetPair":"XRPBUSD","data":{"price":"0.77170000","symbol":"XRPBUSD"},"level":"info","message":"Latest price","service":"api-d27bc23-binance-XRPBUSD","timestamp":"2022-03-02T17:04:13.504Z"}
{"assetPair":"XRPBUSD","data":{"price":"0.77340000","symbol":"XRPBUSD"},"level":"info","message":"Latest price","service":"api-d27bc23-binance-XRPBUSD","timestamp":"2022-03-02T17:07:13.535Z"}
{"assetPair":"XRPBUSD","data":{"price":"0.77380000","symbol":"XRPBUSD"},"level":"info","message":"Latest price","service":"api-d27bc23-binance-XRPBUSD","timestamp":"2022-03-02T17:10:13.571Z"}
{"assetPair":"XRPBUSD","data":{"price":"0.77310000","symbol":"XRPBUSD"},"level":"info","message":"Latest price","service":"api-d27bc23-binance-XRPBUSD","timestamp":"2022-03-02T17:13:13.607Z"}
{"assetPair":"XRPBUSD","data":{"price":"0.77370000","symbol":"XRPBUSD"},"level":"info","message":"Latest price","service":"api-d27bc23-binance-XRPBUSD","timestamp":"2022-03-02T17:16:13.669Z"}
{"assetPair":"XRPBUSD","data":{"price":"0.77270000","symbol":"XRPBUSD"},"level":"info","message":"Latest price","service":"api-d27bc23-binance-XRPBUSD","timestamp":"2022-03-02T17:19:13.704Z"}
{"assetPair":"XRPBUSD","data":{"price":"0.77240000","symbol":"XRPBUSD"},"level":"info","message":"Latest price","service":"api-d27bc23-binance-XRPBUSD","timestamp":"2022-03-02T17:22:13.756Z"}
{"assetPair":"XRPBUSD","data":{"price":"0.77190000","symbol":"XRPBUSD"},"level":"info","message":"Latest price","service":"api-d27bc23-binance-XRPBUSD","timestamp":"2022-03-02T17:25:13.785Z"}
{"assetPair":"XRPBUSD","data":{"price":"0.77110000","symbol":"XRPBUSD"},"level":"info","message":"Latest price","service":"api-d27bc23-binance-XRPBUSD","timestamp":"2022-03-02T17:28:13.817Z"}
{"assetPair":"XRPBUSD","data":{"price":"0.77130000","symbol":"XRPBUSD"},"level":"info","message":"Latest price","service":"api-d27bc23-binance-XRPBUSD","timestamp":"2022-03-02T17:31:13.889Z"}
{"assetPair":"XRPBUSD","data":{"price":"0.77050000","symbol":"XRPBUSD"},"level":"info","message":"Latest price","service":"api-d27bc23-binance-XRPBUSD","timestamp":"2022-03-02T17:34:13.927Z"}
{"assetPair":"XRPBUSD","data":{"price":"0.76900000","symbol":"XRPBUSD"},"level":"info","message":"Latest price","service":"api-d27bc23-binance-XRPBUSD","timestamp":"2022-03-02T17:37:13.987Z"}
{"assetPair":"XRPBUSD","data":{"price":"0.76830000","symbol":"XRPBUSD"},"level":"info","message":"Latest price","service":"api-d27bc23-binance-XRPBUSD","timestamp":"2022-03-02T17:40:14.017Z"}
{"assetPair":"XRPBUSD","data":{"price":"0.76800000","symbol":"XRPBUSD"},"level":"info","message":"Latest price","service":"api-d27bc23-binance-XRPBUSD","timestamp":"2022-03-02T17:43:14.069Z"}
{"assetPair":"XRPBUSD","data":{"price":"0.76910000","symbol":"XRPBUSD"},"level":"info","message":"Latest price","service":"api-d27bc23-binance-XRPBUSD","timestamp":"2022-03-02T17:46:14.106Z"}
{"assetPair":"XRPBUSD","data":{"price":"0.76420000","symbol":"XRPBUSD"},"level":"info","message":"Latest price","service":"api-d27bc23-binance-XRPBUSD","timestamp":"2022-03-02T17:49:14.177Z"}
{"assetPair":"XRPBUSD","data":{"price":"0.76310000","symbol":"XRPBUSD"},"level":"info","message":"Latest price","service":"api-d27bc23-binance-XRPBUSD","timestamp":"2022-03-02T17:52:14.212Z"}
{"assetPair":"XRPBUSD","data":{"price":"0.76230000","symbol":"XRPBUSD"},"level":"info","message":"Latest price","service":"api-d27bc23-binance-XRPBUSD","timestamp":"2022-03-02T17:55:14.244Z"}
{"assetPair":"XRPBUSD","data":{"price":"0.76310000","symbol":"XRPBUSD"},"level":"info","message":"Latest price","service":"api-d27bc23-binance-XRPBUSD","timestamp":"2022-03-02T17:58:14.282Z"}
{"assetPair":"XRPBUSD","data":{"price":"0.76380000","symbol":"XRPBUSD"},"level":"info","message":"Latest price","service":"api-d27bc23-binance-XRPBUSD","timestamp":"2022-03-02T18:01:14.338Z"}
{"assetPair":"XRPBUSD","data":{"price":"0.76370000","symbol":"XRPBUSD"},"level":"info","message":"Latest price","service":"api-d27bc23-binance-XRPBUSD","timestamp":"2022-03-02T18:04:14.370Z"}
{"assetPair":"XRPBUSD","data":{"price":"0.76460000","symbol":"XRPBUSD"},"level":"info","message":"Latest price","service":"api-d27bc23-binance-XRPBUSD","timestamp":"2022-03-02T18:07:14.397Z"}
{"assetPair":"XRPBUSD","data":{"price":"0.76460000","symbol":"XRPBUSD"},"level":"info","message":"Latest price","service":"api-d27bc23-binance-XRPBUSD","timestamp":"2022-03-02T18:10:14.426Z"}
{"assetPair":"XRPBUSD","data":{"price":"0.76470000","symbol":"XRPBUSD"},"level":"info","message":"Latest price","service":"api-d27bc23-binance-XRPBUSD","timestamp":"2022-03-02T18:13:14.467Z"}
{"assetPair":"XRPBUSD","data":{"price":"0.76450000","symbol":"XRPBUSD"},"level":"info","message":"Latest price","service":"api-d27bc23-binance-XRPBUSD","timestamp":"2022-03-02T18:16:14.521Z"}
{"assetPair":"XRPBUSD","data":{"price":"0.76400000","symbol":"XRPBUSD"},"level":"info","message":"Latest price","service":"api-d27bc23-binance-XRPBUSD","timestamp":"2022-03-02T18:19:14.554Z"}
{"assetPair":"XRPBUSD","data":{"price":"0.76420000","symbol":"XRPBUSD"},"level":"info","message":"Latest price","service":"api-d27bc23-binance-XRPBUSD","timestamp":"2022-03-02T18:22:14.591Z"}
{"assetPair":"XRPBUSD","data":{"price":"0.76280000","symbol":"XRPBUSD"},"level":"info","message":"Latest price","service":"api-d27bc23-binance-XRPBUSD","timestamp":"2022-03-02T18:25:14.681Z"}
{"assetPair":"XRPBUSD","data":{"price":"0.76300000","symbol":"XRPBUSD"},"level":"info","message":"Latest price","service":"api-d27bc23-binance-XRPBUSD","timestamp":"2022-03-02T18:28:14.708Z"}
{"assetPair":"XRPBUSD","data":{"price":"0.76500000","symbol":"XRPBUSD"},"level":"info","message":"Latest price","service":"api-d27bc23-binance-XRPBUSD","timestamp":"2022-03-02T18:31:14.744Z"}
{"assetPair":"XRPBUSD","data":{"price":"0.76530000","symbol":"XRPBUSD"},"level":"info","message":"Latest price","service":"api-d27bc23-binance-XRPBUSD","timestamp":"2022-03-02T18:34:14.785Z"}
{"assetPair":"XRPBUSD","data":{"price":"0.76490000","symbol":"XRPBUSD"},"level":"info","message":"Latest price","service":"api-d27bc23-binance-XRPBUSD","timestamp":"2022-03-02T18:37:14.844Z"}
{"assetPair":"XRPBUSD","data":{"price":"0.76290000","symbol":"XRPBUSD"},"level":"info","message":"Latest price","service":"api-d27bc23-binance-XRPBUSD","timestamp":"2022-03-02T18:40:14.878Z"}
{"assetPair":"XRPBUSD","data":{"price":"0.76160000","symbol":"XRPBUSD"},"level":"info","message":"Latest price","service":"api-d27bc23-binance-XRPBUSD","timestamp":"2022-03-02T18:43:14.906Z"}
{"assetPair":"XRPBUSD","data":{"price":"0.76130000","symbol":"XRPBUSD"},"level":"info","message":"Latest price","service":"api-d27bc23-binance-XRPBUSD","timestamp":"2022-03-02T18:46:14.944Z"}
{"assetPair":"XRPBUSD","data":{"price":"0.76100000","symbol":"XRPBUSD"},"level":"info","message":"Latest price","service":"api-d27bc23-binance-XRPBUSD","timestamp":"2022-03-02T18:49:14.974Z"}
{"assetPair":"XRPBUSD","data":{"price":"0.76100000","symbol":"XRPBUSD"},"level":"info","message":"Latest price","service":"api-d27bc23-binance-XRPBUSD","timestamp":"2022-03-02T18:52:15.056Z"}
{"assetPair":"XRPBUSD","data":{"price":"0.76060000","symbol":"XRPBUSD"},"level":"info","message":"Latest price","service":"api-d27bc23-binance-XRPBUSD","timestamp":"2022-03-02T18:55:15.092Z"}
{"assetPair":"XRPBUSD","data":{"price":"0.76140000","symbol":"XRPBUSD"},"level":"info","message":"Latest price","service":"api-d27bc23-binance-XRPBUSD","timestamp":"2022-03-02T18:58:15.135Z"}
{"assetPair":"XRPBUSD","data":{"price":"0.76170000","symbol":"XRPBUSD"},"level":"info","message":"Latest price","service":"api-d27bc23-binance-XRPBUSD","timestamp":"2022-03-02T19:01:15.174Z"}
{"assetPair":"XRPBUSD","data":{"price":"0.76300000","symbol":"XRPBUSD"},"level":"info","message":"Latest price","service":"api-d27bc23-binance-XRPBUSD","timestamp":"2022-03-02T19:04:15.210Z"}
{"assetPair":"XRPBUSD","data":{"price":"0.76370000","symbol":"XRPBUSD"},"level":"info","message":"Latest price","service":"api-d27bc23-binance-XRPBUSD","timestamp":"2022-03-02T19:07:15.238Z"}
{"assetPair":"XRPBUSD","data":{"price":"0.76270000","symbol":"XRPBUSD"},"level":"info","message":"Latest price","service":"api-d27bc23-binance-XRPBUSD","timestamp":"2022-03-02T19:10:15.270Z"}
{"assetPair":"XRPBUSD","data":{"price":"0.76230000","symbol":"XRPBUSD"},"level":"info","message":"Latest price","service":"api-d27bc23-binance-XRPBUSD","timestamp":"2022-03-02T19:13:15.301Z"}
{"assetPair":"XRPBUSD","data":{"price":"0.76190000","symbol":"XRPBUSD"},"level":"info","message":"Latest price","service":"api-d27bc23-binance-XRPBUSD","timestamp":"2022-03-02T19:16:15.331Z"}
{"assetPair":"XRPBUSD","data":{"price":"0.76200000","symbol":"XRPBUSD"},"level":"info","message":"Latest price","service":"api-d27bc23-binance-XRPBUSD","timestamp":"2022-03-02T19:19:15.364Z"}
{"assetPair":"XRPBUSD","data":{"price":"0.76200000","symbol":"XRPBUSD"},"level":"info","message":"Latest price","service":"api-d27bc23-binance-XRPBUSD","timestamp":"2022-03-02T19:22:15.399Z"}
{"assetPair":"XRPBUSD","data":{"price":"0.76250000","symbol":"XRPBUSD"},"level":"info","message":"Latest price","service":"api-d27bc23-binance-XRPBUSD","timestamp":"2022-03-02T19:25:15.447Z"}
{"assetPair":"XRPBUSD","data":{"price":"0.76080000","symbol":"XRPBUSD"},"level":"info","message":"Latest price","service":"api-d27bc23-binance-XRPBUSD","timestamp":"2022-03-02T19:28:15.510Z"}
{"assetPair":"XRPBUSD","data":{"price":"0.76160000","symbol":"XRPBUSD"},"level":"info","message":"Latest price","service":"api-d27bc23-binance-XRPBUSD","timestamp":"2022-03-02T19:31:15.585Z"}
{"assetPair":"XRPBUSD","data":{"price":"0.76210000","symbol":"XRPBUSD"},"level":"info","message":"Latest price","service":"api-d27bc23-binance-XRPBUSD","timestamp":"2022-03-02T19:34:15.642Z"}
{"assetPair":"XRPBUSD","data":{"price":"0.76430000","symbol":"XRPBUSD"},"level":"info","message":"Latest price","service":"api-d27bc23-binance-XRPBUSD","timestamp":"2022-03-02T19:37:15.680Z"}
{"assetPair":"XRPBUSD","data":{"price":"0.76590000","symbol":"XRPBUSD"},"level":"info","message":"Latest price","service":"api-d27bc23-binance-XRPBUSD","timestamp":"2022-03-02T19:40:15.716Z"}
{"assetPair":"XRPBUSD","data":{"price":"0.76680000","symbol":"XRPBUSD"},"level":"info","message":"Latest price","service":"api-d27bc23-binance-XRPBUSD","timestamp":"2022-03-02T19:43:15.775Z"}
{"assetPair":"XRPBUSD","data":{"price":"0.76740000","symbol":"XRPBUSD"},"level":"info","message":"Latest price","service":"api-d27bc23-binance-XRPBUSD","timestamp":"2022-03-02T19:46:15.811Z"}
{"assetPair":"XRPBUSD","data":{"price":"0.76690000","symbol":"XRPBUSD"},"level":"info","message":"Latest price","service":"api-d27bc23-binance-XRPBUSD","timestamp":"2022-03-02T19:49:15.851Z"}
{"assetPair":"XRPBUSD","data":{"price":"0.76800000","symbol":"XRPBUSD"},"level":"info","message":"Latest price","service":"api-d27bc23-binance-XRPBUSD","timestamp":"2022-03-02T19:52:15.889Z"}
{"assetPair":"XRPBUSD","data":{"price":"0.76850000","symbol":"XRPBUSD"},"level":"info","message":"Latest price","service":"api-d27bc23-binance-XRPBUSD","timestamp":"2022-03-02T19:55:15.917Z"}
{"assetPair":"XRPBUSD","data":{"price":"0.76740000","symbol":"XRPBUSD"},"level":"info","message":"Latest price","service":"api-d27bc23-binance-XRPBUSD","timestamp":"2022-03-02T19:58:16.035Z"}
{"assetPair":"XRPBUSD","data":{"price":"0.76680000","symbol":"XRPBUSD"},"level":"info","message":"Latest price","service":"api-d27bc23-binance-XRPBUSD","timestamp":"2022-03-02T20:01:16.067Z"}
{"assetPair":"XRPBUSD","data":{"price":"0.76790000","symbol":"XRPBUSD"},"level":"info","message":"Latest price","service":"api-d27bc23-binance-XRPBUSD","timestamp":"2022-03-02T20:04:16.119Z"}
{"assetPair":"XRPBUSD","data":{"price":"0.76740000","symbol":"XRPBUSD"},"level":"info","message":"Latest price","service":"api-d27bc23-binance-XRPBUSD","timestamp":"2022-03-02T20:07:16.150Z"}
{"assetPair":"XRPBUSD","data":{"price":"0.76670000","symbol":"XRPBUSD"},"level":"info","message":"Latest price","service":"api-d27bc23-binance-XRPBUSD","timestamp":"2022-03-02T20:10:16.186Z"}
{"assetPair":"XRPBUSD","data":{"price":"0.76660000","symbol":"XRPBUSD"},"level":"info","message":"Latest price","service":"api-d27bc23-binance-XRPBUSD","timestamp":"2022-03-02T20:13:16.224Z"}
{"assetPair":"XRPBUSD","data":{"price":"0.76580000","symbol":"XRPBUSD"},"level":"info","message":"Latest price","service":"api-d27bc23-binance-XRPBUSD","timestamp":"2022-03-02T20:16:16.248Z"}
{"assetPair":"XRPBUSD","data":{"price":"0.76630000","symbol":"XRPBUSD"},"level":"info","message":"Latest price","service":"api-d27bc23-binance-XRPBUSD","timestamp":"2022-03-02T20:19:16.280Z"}
{"assetPair":"XRPBUSD","data":{"price":"0.76630000","symbol":"XRPBUSD"},"level":"info","message":"Latest price","service":"api-d27bc23-binance-XRPBUSD","timestamp":"2022-03-02T20:22:16.311Z"}
{"assetPair":"XRPBUSD","data":{"price":"0.76640000","symbol":"XRPBUSD"},"level":"info","message":"Latest price","service":"api-d27bc23-binance-XRPBUSD","timestamp":"2022-03-02T20:25:16.369Z"}
{"assetPair":"XRPBUSD","data":{"price":"0.76660000","symbol":"XRPBUSD"},"level":"info","message":"Latest price","service":"api-d27bc23-binance-XRPBUSD","timestamp":"2022-03-02T20:28:16.396Z"}
{"assetPair":"XRPBUSD","data":{"price":"0.76680000","symbol":"XRPBUSD"},"level":"info","message":"Latest price","service":"api-d27bc23-binance-XRPBUSD","timestamp":"2022-03-02T20:31:16.427Z"}
{"assetPair":"XRPBUSD","data":{"price":"0.76880000","symbol":"XRPBUSD"},"level":"info","message":"Latest price","service":"api-d27bc23-binance-XRPBUSD","timestamp":"2022-03-02T20:34:16.456Z"}
{"assetPair":"XRPBUSD","data":{"price":"0.76910000","symbol":"XRPBUSD"},"level":"info","message":"Latest price","service":"api-d27bc23-binance-XRPBUSD","timestamp":"2022-03-02T20:37:16.481Z"}
{"assetPair":"XRPBUSD","data":{"price":"0.76870000","symbol":"XRPBUSD"},"level":"info","message":"Latest price","service":"api-d27bc23-binance-XRPBUSD","timestamp":"2022-03-02T20:40:16.509Z"}
{"assetPair":"XRPBUSD","data":{"price":"0.76870000","symbol":"XRPBUSD"},"level":"info","message":"Latest price","service":"api-d27bc23-binance-XRPBUSD","timestamp":"2022-03-02T20:43:16.561Z"}
{"assetPair":"XRPBUSD","data":{"price":"0.76950000","symbol":"XRPBUSD"},"level":"info","message":"Latest price","service":"api-d27bc23-binance-XRPBUSD","timestamp":"2022-03-02T20:46:16.597Z"}
{"assetPair":"XRPBUSD","data":{"price":"0.77020000","symbol":"XRPBUSD"},"level":"info","message":"Latest price","service":"api-d27bc23-binance-XRPBUSD","timestamp":"2022-03-02T20:49:16.632Z"}
{"assetPair":"XRPBUSD","data":{"price":"0.77070000","symbol":"XRPBUSD"},"level":"info","message":"Latest price","service":"api-d27bc23-binance-XRPBUSD","timestamp":"2022-03-02T20:52:16.663Z"}
{"assetPair":"XRPBUSD","data":{"price":"0.76950000","symbol":"XRPBUSD"},"level":"info","message":"Latest price","service":"api-d27bc23-binance-XRPBUSD","timestamp":"2022-03-02T20:55:16.695Z"}
{"assetPair":"XRPBUSD","data":{"price":"0.76930000","symbol":"XRPBUSD"},"level":"info","message":"Latest price","service":"api-d27bc23-binance-XRPBUSD","timestamp":"2022-03-02T20:58:16.733Z"}
{"assetPair":"XRPBUSD","data":{"price":"0.76920000","symbol":"XRPBUSD"},"level":"info","message":"Latest price","service":"api-d27bc23-binance-XRPBUSD","timestamp":"2022-03-02T21:01:16.802Z"}
{"assetPair":"XRPBUSD","data":{"price":"0.76860000","symbol":"XRPBUSD"},"level":"info","message":"Latest price","service":"api-d27bc23-binance-XRPBUSD","timestamp":"2022-03-02T21:04:16.832Z"}
{"assetPair":"XRPBUSD","data":{"price":"0.76780000","symbol":"XRPBUSD"},"level":"info","message":"Latest price","service":"api-d27bc23-binance-XRPBUSD","timestamp":"2022-03-02T21:07:16.858Z"}
{"assetPair":"XRPBUSD","data":{"price":"0.76820000","symbol":"XRPBUSD"},"level":"info","message":"Latest price","service":"api-d27bc23-binance-XRPBUSD","timestamp":"2022-03-02T21:10:16.894Z"}
{"assetPair":"XRPBUSD","data":{"price":"0.76830000","symbol":"XRPBUSD"},"level":"info","message":"Latest price","service":"api-d27bc23-binance-XRPBUSD","timestamp":"2022-03-02T21:13:16.927Z"}
{"assetPair":"XRPBUSD","data":{"price":"0.76830000","symbol":"XRPBUSD"},"level":"info","message":"Latest price","service":"api-d27bc23-binance-XRPBUSD","timestamp":"2022-03-02T21:16:16.961Z"}
{"assetPair":"XRPBUSD","data":{"price":"0.76980000","symbol":"XRPBUSD"},"level":"info","message":"Latest price","service":"api-d27bc23-binance-XRPBUSD","timestamp":"2022-03-02T21:19:16.988Z"}
{"assetPair":"XRPBUSD","data":{"price":"0.77020000","symbol":"XRPBUSD"},"level":"info","message":"Latest price","service":"api-d27bc23-binance-XRPBUSD","timestamp":"2022-03-02T21:22:17.080Z"}
{"assetPair":"XRPBUSD","data":{"price":"0.77030000","symbol":"XRPBUSD"},"level":"info","message":"Latest price","service":"api-d27bc23-binance-XRPBUSD","timestamp":"2022-03-02T21:25:17.109Z"}
{"assetPair":"XRPBUSD","data":{"price":"0.77020000","symbol":"XRPBUSD"},"level":"info","message":"Latest price","service":"api-d27bc23-binance-XRPBUSD","timestamp":"2022-03-02T21:28:17.137Z"}
{"assetPair":"XRPBUSD","data":{"price":"0.77050000","symbol":"XRPBUSD"},"level":"info","message":"Latest price","service":"api-d27bc23-binance-XRPBUSD","timestamp":"2022-03-02T21:31:17.162Z"}
{"assetPair":"XRPBUSD","data":{"price":"0.77060000","symbol":"XRPBUSD"},"level":"info","message":"Latest price","service":"api-d27bc23-binance-XRPBUSD","timestamp":"2022-03-02T21:34:17.191Z"}
{"assetPair":"XRPBUSD","data":{"price":"0.77130000","symbol":"XRPBUSD"},"level":"info","message":"Latest price","service":"api-d27bc23-binance-XRPBUSD","timestamp":"2022-03-02T21:37:17.222Z"}
{"assetPair":"XRPBUSD","data":{"price":"0.77120000","symbol":"XRPBUSD"},"level":"info","message":"Latest price","service":"api-d27bc23-binance-XRPBUSD","timestamp":"2022-03-02T21:40:17.267Z"}
{"assetPair":"XRPBUSD","data":{"price":"0.77160000","symbol":"XRPBUSD"},"level":"info","message":"Latest price","service":"api-d27bc23-binance-XRPBUSD","timestamp":"2022-03-02T21:43:17.296Z"}
{"assetPair":"XRPBUSD","data":{"price":"0.77230000","symbol":"XRPBUSD"},"level":"info","message":"Latest price","service":"api-d27bc23-binance-XRPBUSD","timestamp":"2022-03-02T21:46:17.355Z"}
{"assetPair":"XRPBUSD","data":{"price":"0.77180000","symbol":"XRPBUSD"},"level":"info","message":"Latest price","service":"api-d27bc23-binance-XRPBUSD","timestamp":"2022-03-02T21:49:17.391Z"}
{"assetPair":"XRPBUSD","data":{"price":"0.77340000","symbol":"XRPBUSD"},"level":"info","message":"Latest price","service":"api-d27bc23-binance-XRPBUSD","timestamp":"2022-03-02T21:52:17.420Z"}
{"assetPair":"XRPBUSD","data":{"price":"0.77310000","symbol":"XRPBUSD"},"level":"info","message":"Latest price","service":"api-d27bc23-binance-XRPBUSD","timestamp":"2022-03-02T21:55:17.450Z"}
{"assetPair":"XRPBUSD","data":{"price":"0.77200000","symbol":"XRPBUSD"},"level":"info","message":"Latest price","service":"api-d27bc23-binance-XRPBUSD","timestamp":"2022-03-02T21:58:17.505Z"}
{"assetPair":"XRPBUSD","data":{"price":"0.77610000","symbol":"XRPBUSD"},"level":"info","message":"Latest price","service":"api-d27bc23-binance-XRPBUSD","timestamp":"2022-03-02T22:01:17.534Z"}
{"assetPair":"XRPBUSD","data":{"price":"0.77650000","symbol":"XRPBUSD"},"level":"info","message":"Latest price","service":"api-d27bc23-binance-XRPBUSD","timestamp":"2022-03-02T22:04:17.575Z"}
{"assetPair":"XRPBUSD","data":{"price":"0.77610000","symbol":"XRPBUSD"},"level":"info","message":"Latest price","service":"api-d27bc23-binance-XRPBUSD","timestamp":"2022-03-02T22:07:17.607Z"}
{"assetPair":"XRPBUSD","data":{"price":"0.77190000","symbol":"XRPBUSD"},"level":"info","message":"Latest price","service":"api-d27bc23-binance-XRPBUSD","timestamp":"2022-03-02T22:10:17.646Z"}
{"assetPair":"XRPBUSD","data":{"price":"0.77270000","symbol":"XRPBUSD"},"level":"info","message":"Latest price","service":"api-d27bc23-binance-XRPBUSD","timestamp":"2022-03-02T22:13:17.682Z"}
{"assetPair":"XRPBUSD","data":{"price":"0.77160000","symbol":"XRPBUSD"},"level":"info","message":"Latest price","service":"api-d27bc23-binance-XRPBUSD","timestamp":"2022-03-02T22:16:17.712Z"}
{"assetPair":"XRPBUSD","data":{"price":"0.77170000","symbol":"XRPBUSD"},"level":"info","message":"Latest price","service":"api-d27bc23-binance-XRPBUSD","timestamp":"2022-03-02T22:19:17.739Z"}
{"assetPair":"XRPBUSD","data":{"price":"0.77270000","symbol":"XRPBUSD"},"level":"info","message":"Latest price","service":"api-d27bc23-binance-XRPBUSD","timestamp":"2022-03-02T22:22:17.772Z"}
{"assetPair":"XRPBUSD","data":{"price":"0.77330000","symbol":"XRPBUSD"},"level":"info","message":"Latest price","service":"api-d27bc23-binance-XRPBUSD","timestamp":"2022-03-02T22:25:17.823Z"}
{"assetPair":"XRPBUSD","data":{"price":"0.77310000","symbol":"XRPBUSD"},"level":"info","message":"Latest price","service":"api-d27bc23-binance-XRPBUSD","timestamp":"2022-03-02T22:28:17.898Z"}
{"assetPair":"XRPBUSD","data":{"price":"0.77280000","symbol":"XRPBUSD"},"level":"info","message":"Latest price","service":"api-d27bc23-binance-XRPBUSD","timestamp":"2022-03-02T22:31:17.975Z"}
{"assetPair":"XRPBUSD","data":{"price":"0.77240000","symbol":"XRPBUSD"},"level":"info","message":"Latest price","service":"api-d27bc23-binance-XRPBUSD","timestamp":"2022-03-02T22:34:18.031Z"}
{"assetPair":"XRPBUSD","data":{"price":"0.77160000","symbol":"XRPBUSD"},"level":"info","message":"Latest price","service":"api-d27bc23-binance-XRPBUSD","timestamp":"2022-03-02T22:37:18.068Z"}
{"assetPair":"XRPBUSD","data":{"price":"0.77170000","symbol":"XRPBUSD"},"level":"info","message":"Latest price","service":"api-d27bc23-binance-XRPBUSD","timestamp":"2022-03-02T22:40:18.099Z"}
{"assetPair":"XRPBUSD","data":{"price":"0.77140000","symbol":"XRPBUSD"},"level":"info","message":"Latest price","service":"api-d27bc23-binance-XRPBUSD","timestamp":"2022-03-02T22:43:18.133Z"}
{"assetPair":"XRPBUSD","data":{"price":"0.77120000","symbol":"XRPBUSD"},"level":"info","message":"Latest price","service":"api-d27bc23-binance-XRPBUSD","timestamp":"2022-03-02T22:46:18.162Z"}
{"assetPair":"XRPBUSD","data":{"price":"0.77070000","symbol":"XRPBUSD"},"level":"info","message":"Latest price","service":"api-d27bc23-binance-XRPBUSD","timestamp":"2022-03-02T22:49:18.190Z"}
{"assetPair":"XRPBUSD","data":{"price":"0.76890000","symbol":"XRPBUSD"},"level":"info","message":"Latest price","service":"api-d27bc23-binance-XRPBUSD","timestamp":"2022-03-02T22:52:18.245Z"}
{"assetPair":"XRPBUSD","data":{"price":"0.76980000","symbol":"XRPBUSD"},"level":"info","message":"Latest price","service":"api-d27bc23-binance-XRPBUSD","timestamp":"2022-03-02T22:55:18.272Z"}
{"assetPair":"XRPBUSD","data":{"price":"0.76980000","symbol":"XRPBUSD"},"level":"info","message":"Latest price","service":"api-d27bc23-binance-XRPBUSD","timestamp":"2022-03-02T22:58:18.306Z"}
{"assetPair":"XRPBUSD","data":{"price":"0.77120000","symbol":"XRPBUSD"},"level":"info","message":"Latest price","service":"api-d27bc23-binance-XRPBUSD","timestamp":"2022-03-02T23:01:18.341Z"}
{"assetPair":"XRPBUSD","data":{"price":"0.77070000","symbol":"XRPBUSD"},"level":"info","message":"Latest price","service":"api-d27bc23-binance-XRPBUSD","timestamp":"2022-03-02T23:04:18.370Z"}
{"assetPair":"XRPBUSD","data":{"price":"0.77220000","symbol":"XRPBUSD"},"level":"info","message":"Latest price","service":"api-d27bc23-binance-XRPBUSD","timestamp":"2022-03-02T23:07:18.408Z"}
{"assetPair":"XRPBUSD","data":{"price":"0.77120000","symbol":"XRPBUSD"},"level":"info","message":"Latest price","service":"api-d27bc23-binance-XRPBUSD","timestamp":"2022-03-02T23:10:18.462Z"}
{"assetPair":"XRPBUSD","data":{"price":"0.77160000","symbol":"XRPBUSD"},"level":"info","message":"Latest price","service":"api-d27bc23-binance-XRPBUSD","timestamp":"2022-03-02T23:13:18.536Z"}
{"assetPair":"XRPBUSD","data":{"price":"0.77230000","symbol":"XRPBUSD"},"level":"info","message":"Latest price","service":"api-d27bc23-binance-XRPBUSD","timestamp":"2022-03-02T23:16:18.570Z"}
{"assetPair":"XRPBUSD","data":{"price":"0.77270000","symbol":"XRPBUSD"},"level":"info","message":"Latest price","service":"api-d27bc23-binance-XRPBUSD","timestamp":"2022-03-02T23:19:18.644Z"}
{"assetPair":"XRPBUSD","data":{"price":"0.77150000","symbol":"XRPBUSD"},"level":"info","message":"Latest price","service":"api-d27bc23-binance-XRPBUSD","timestamp":"2022-03-02T23:22:18.678Z"}
{"assetPair":"XRPBUSD","data":{"price":"0.77190000","symbol":"XRPBUSD"},"level":"info","message":"Latest price","service":"api-d27bc23-binance-XRPBUSD","timestamp":"2022-03-02T23:25:18.702Z"}
{"assetPair":"XRPBUSD","data":{"price":"0.77180000","symbol":"XRPBUSD"},"level":"info","message":"Latest price","service":"api-d27bc23-binance-XRPBUSD","timestamp":"2022-03-02T23:28:18.732Z"}
{"assetPair":"XRPBUSD","data":{"price":"0.76930000","symbol":"XRPBUSD"},"level":"info","message":"Latest price","service":"api-d27bc23-binance-XRPBUSD","timestamp":"2022-03-02T23:31:18.763Z"}
{"assetPair":"XRPBUSD","data":{"price":"0.76940000","symbol":"XRPBUSD"},"level":"info","message":"Latest price","service":"api-d27bc23-binance-XRPBUSD","timestamp":"2022-03-02T23:34:18.820Z"}
{"assetPair":"XRPBUSD","data":{"price":"0.76910000","symbol":"XRPBUSD"},"level":"info","message":"Latest price","service":"api-d27bc23-binance-XRPBUSD","timestamp":"2022-03-02T23:37:18.848Z"}
{"assetPair":"XRPBUSD","data":{"price":"0.76900000","symbol":"XRPBUSD"},"level":"info","message":"Latest price","service":"api-d27bc23-binance-XRPBUSD","timestamp":"2022-03-02T23:40:18.927Z"}
{"assetPair":"XRPBUSD","data":{"price":"0.76800000","symbol":"XRPBUSD"},"level":"info","message":"Latest price","service":"api-d27bc23-binance-XRPBUSD","timestamp":"2022-03-02T23:43:18.957Z"}
{"assetPair":"XRPBUSD","data":{"price":"0.76850000","symbol":"XRPBUSD"},"level":"info","message":"Latest price","service":"api-d27bc23-binance-XRPBUSD","timestamp":"2022-03-02T23:46:18.982Z"}
{"assetPair":"XRPBUSD","data":{"price":"0.76690000","symbol":"XRPBUSD"},"level":"info","message":"Latest price","service":"api-d27bc23-binance-XRPBUSD","timestamp":"2022-03-02T23:49:19.036Z"}
{"assetPair":"XRPBUSD","data":{"price":"0.76730000","symbol":"XRPBUSD"},"level":"info","message":"Latest price","service":"api-d27bc23-binance-XRPBUSD","timestamp":"2022-03-02T23:52:19.089Z"}
{"assetPair":"XRPBUSD","data":{"price":"0.76830000","symbol":"XRPBUSD"},"level":"info","message":"Latest price","service":"api-d27bc23-binance-XRPBUSD","timestamp":"2022-03-02T23:55:19.115Z"}
{"assetPair":"XRPBUSD","data":{"price":"0.76900000","symbol":"XRPBUSD"},"level":"info","message":"Latest price","service":"api-d27bc23-binance-XRPBUSD","timestamp":"2022-03-02T23:58:19.146Z"}
{"assetPair":"XRPBUSD","data":{"price":"0.76820000","symbol":"XRPBUSD"},"level":"info","message":"Latest price","service":"api-d27bc23-binance-XRPBUSD","timestamp":"2022-03-03T00:01:19.180Z"}
{"assetPair":"XRPBUSD","data":{"price":"0.76720000","symbol":"XRPBUSD"},"level":"info","message":"Latest price","service":"api-d27bc23-binance-XRPBUSD","timestamp":"2022-03-03T00:04:19.249Z"}
{"assetPair":"XRPBUSD","data":{"price":"0.76780000","symbol":"XRPBUSD"},"level":"info","message":"Latest price","service":"api-d27bc23-binance-XRPBUSD","timestamp":"2022-03-03T00:07:19.300Z"}
{"assetPair":"XRPBUSD","data":{"price":"0.76660000","symbol":"XRPBUSD"},"level":"info","message":"Latest price","service":"api-d27bc23-binance-XRPBUSD","timestamp":"2022-03-03T00:10:19.327Z"}
{"assetPair":"XRPBUSD","data":{"price":"0.76590000","symbol":"XRPBUSD"},"level":"info","message":"Latest price","service":"api-d27bc23-binance-XRPBUSD","timestamp":"2022-03-03T00:13:19.355Z"}
{"assetPair":"XRPBUSD","data":{"price":"0.76600000","symbol":"XRPBUSD"},"level":"info","message":"Latest price","service":"api-d27bc23-binance-XRPBUSD","timestamp":"2022-03-03T00:16:19.383Z"}
{"assetPair":"XRPBUSD","data":{"price":"0.76790000","symbol":"XRPBUSD"},"level":"info","message":"Latest price","service":"api-d27bc23-binance-XRPBUSD","timestamp":"2022-03-03T00:19:19.420Z"}
{"assetPair":"XRPBUSD","data":{"price":"0.76900000","symbol":"XRPBUSD"},"level":"info","message":"Latest price","service":"api-d27bc23-binance-XRPBUSD","timestamp":"2022-03-03T00:22:19.460Z"}
{"assetPair":"XRPBUSD","data":{"price":"0.76810000","symbol":"XRPBUSD"},"level":"info","message":"Latest price","service":"api-d27bc23-binance-XRPBUSD","timestamp":"2022-03-03T00:25:19.538Z"}
{"assetPair":"XRPBUSD","data":{"price":"0.76860000","symbol":"XRPBUSD"},"level":"info","message":"Latest price","service":"api-d27bc23-binance-XRPBUSD","timestamp":"2022-03-03T00:28:19.599Z"}
{"assetPair":"XRPBUSD","data":{"price":"0.77010000","symbol":"XRPBUSD"},"level":"info","message":"Latest price","service":"api-d27bc23-binance-XRPBUSD","timestamp":"2022-03-03T00:31:19.626Z"}
{"assetPair":"XRPBUSD","data":{"price":"0.77010000","symbol":"XRPBUSD"},"level":"info","message":"Latest price","service":"api-d27bc23-binance-XRPBUSD","timestamp":"2022-03-03T00:34:19.682Z"}
{"assetPair":"XRPBUSD","data":{"price":"0.76840000","symbol":"XRPBUSD"},"level":"info","message":"Latest price","service":"api-d27bc23-binance-XRPBUSD","timestamp":"2022-03-03T00:37:19.709Z"}
{"assetPair":"XRPBUSD","data":{"price":"0.76780000","symbol":"XRPBUSD"},"level":"info","message":"Latest price","service":"api-d27bc23-binance-XRPBUSD","timestamp":"2022-03-03T00:40:19.769Z"}
{"assetPair":"XRPBUSD","data":{"price":"0.76870000","symbol":"XRPBUSD"},"level":"info","message":"Latest price","service":"api-d27bc23-binance-XRPBUSD","timestamp":"2022-03-03T00:43:19.798Z"}
{"assetPair":"XRPBUSD","data":{"price":"0.76950000","symbol":"XRPBUSD"},"level":"info","message":"Latest price","service":"api-d27bc23-binance-XRPBUSD","timestamp":"2022-03-03T00:46:19.874Z"}
{"assetPair":"XRPBUSD","data":{"price":"0.76940000","symbol":"XRPBUSD"},"level":"info","message":"Latest price","service":"api-d27bc23-binance-XRPBUSD","timestamp":"2022-03-03T00:49:19.900Z"}
{"assetPair":"XRPBUSD","data":{"price":"0.76890000","symbol":"XRPBUSD"},"level":"info","message":"Latest price","service":"api-d27bc23-binance-XRPBUSD","timestamp":"2022-03-03T00:52:19.938Z"}
{"assetPair":"XRPBUSD","data":{"price":"0.76920000","symbol":"XRPBUSD"},"level":"info","message":"Latest price","service":"api-d27bc23-binance-XRPBUSD","timestamp":"2022-03-03T00:55:19.968Z"}
{"assetPair":"XRPBUSD","data":{"price":"0.76840000","symbol":"XRPBUSD"},"level":"info","message":"Latest price","service":"api-d27bc23-binance-XRPBUSD","timestamp":"2022-03-03T00:58:20.035Z"}
{"assetPair":"XRPBUSD","data":{"price":"0.76830000","symbol":"XRPBUSD"},"level":"info","message":"Latest price","service":"api-d27bc23-binance-XRPBUSD","timestamp":"2022-03-03T01:01:20.071Z"}
{"assetPair":"XRPBUSD","data":{"price":"0.76790000","symbol":"XRPBUSD"},"level":"info","message":"Latest price","service":"api-d27bc23-binance-XRPBUSD","timestamp":"2022-03-03T01:04:20.101Z"}
{"assetPair":"XRPBUSD","data":{"price":"0.76720000","symbol":"XRPBUSD"},"level":"info","message":"Latest price","service":"api-d27bc23-binance-XRPBUSD","timestamp":"2022-03-03T01:07:20.131Z"}
{"assetPair":"XRPBUSD","data":{"price":"0.76500000","symbol":"XRPBUSD"},"level":"info","message":"Latest price","service":"api-d27bc23-binance-XRPBUSD","timestamp":"2022-03-03T01:10:20.162Z"}
{"assetPair":"XRPBUSD","data":{"price":"0.76280000","symbol":"XRPBUSD"},"level":"info","message":"Latest price","service":"api-d27bc23-binance-XRPBUSD","timestamp":"2022-03-03T01:13:20.196Z"}
{"assetPair":"XRPBUSD","data":{"price":"0.76440000","symbol":"XRPBUSD"},"level":"info","message":"Latest price","service":"api-d27bc23-binance-XRPBUSD","timestamp":"2022-03-03T01:16:20.269Z"}
{"assetPair":"XRPBUSD","data":{"price":"0.76420000","symbol":"XRPBUSD"},"level":"info","message":"Latest price","service":"api-d27bc23-binance-XRPBUSD","timestamp":"2022-03-03T01:19:20.302Z"}
{"assetPair":"XRPBUSD","data":{"price":"0.76510000","symbol":"XRPBUSD"},"level":"info","message":"Latest price","service":"api-d27bc23-binance-XRPBUSD","timestamp":"2022-03-03T01:22:20.356Z"}
{"assetPair":"XRPBUSD","data":{"price":"0.76610000","symbol":"XRPBUSD"},"level":"info","message":"Latest price","service":"api-d27bc23-binance-XRPBUSD","timestamp":"2022-03-03T01:25:20.396Z"}
{"assetPair":"XRPBUSD","data":{"price":"0.76620000","symbol":"XRPBUSD"},"level":"info","message":"Latest price","service":"api-d27bc23-binance-XRPBUSD","timestamp":"2022-03-03T01:28:20.430Z"}
{"assetPair":"XRPBUSD","data":{"price":"0.76760000","symbol":"XRPBUSD"},"level":"info","message":"Latest price","service":"api-d27bc23-binance-XRPBUSD","timestamp":"2022-03-03T01:31:20.461Z"}
{"assetPair":"XRPBUSD","data":{"price":"0.76750000","symbol":"XRPBUSD"},"level":"info","message":"Latest price","service":"api-d27bc23-binance-XRPBUSD","timestamp":"2022-03-03T01:34:20.491Z"}
{"assetPair":"XRPBUSD","data":{"price":"0.76720000","symbol":"XRPBUSD"},"level":"info","message":"Latest price","service":"api-d27bc23-binance-XRPBUSD","timestamp":"2022-03-03T01:37:20.524Z"}
{"assetPair":"XRPBUSD","data":{"price":"0.76590000","symbol":"XRPBUSD"},"level":"info","message":"Latest price","service":"api-d27bc23-binance-XRPBUSD","timestamp":"2022-03-03T01:40:20.581Z"}
{"assetPair":"XRPBUSD","data":{"price":"0.76570000","symbol":"XRPBUSD"},"level":"info","message":"Latest price","service":"api-d27bc23-binance-XRPBUSD","timestamp":"2022-03-03T01:43:20.632Z"}
{"assetPair":"XRPBUSD","data":{"price":"0.76480000","symbol":"XRPBUSD"},"level":"info","message":"Latest price","service":"api-d27bc23-binance-XRPBUSD","timestamp":"2022-03-03T01:46:20.666Z"}
{"assetPair":"XRPBUSD","data":{"price":"0.76440000","symbol":"XRPBUSD"},"level":"info","message":"Latest price","service":"api-d27bc23-binance-XRPBUSD","timestamp":"2022-03-03T01:49:20.701Z"}
{"assetPair":"XRPBUSD","data":{"price":"0.76430000","symbol":"XRPBUSD"},"level":"info","message":"Latest price","service":"api-d27bc23-binance-XRPBUSD","timestamp":"2022-03-03T01:52:20.759Z"}
{"assetPair":"XRPBUSD","data":{"price":"0.76430000","symbol":"XRPBUSD"},"level":"info","message":"Latest price","service":"api-d27bc23-binance-XRPBUSD","timestamp":"2022-03-03T01:55:20.795Z"}
{"assetPair":"XRPBUSD","data":{"price":"0.76590000","symbol":"XRPBUSD"},"level":"info","message":"Latest price","service":"api-d27bc23-binance-XRPBUSD","timestamp":"2022-03-03T01:58:20.824Z"}
{"assetPair":"XRPBUSD","data":{"price":"0.76460000","symbol":"XRPBUSD"},"level":"info","message":"Latest price","service":"api-d27bc23-binance-XRPBUSD","timestamp":"2022-03-03T02:01:20.851Z"}
{"assetPair":"XRPBUSD","data":{"price":"0.76430000","symbol":"XRPBUSD"},"level":"info","message":"Latest price","service":"api-d27bc23-binance-XRPBUSD","timestamp":"2022-03-03T02:04:20.888Z"}
{"assetPair":"XRPBUSD","data":{"price":"0.76380000","symbol":"XRPBUSD"},"level":"info","message":"Latest price","service":"api-d27bc23-binance-XRPBUSD","timestamp":"2022-03-03T02:07:20.917Z"}
{"assetPair":"XRPBUSD","data":{"price":"0.76250000","symbol":"XRPBUSD"},"level":"info","message":"Latest price","service":"api-d27bc23-binance-XRPBUSD","timestamp":"2022-03-03T02:10:20.948Z"}
{"assetPair":"XRPBUSD","data":{"price":"0.76270000","symbol":"XRPBUSD"},"level":"info","message":"Latest price","service":"api-d27bc23-binance-XRPBUSD","timestamp":"2022-03-03T02:13:20.981Z"}
{"assetPair":"XRPBUSD","data":{"price":"0.76350000","symbol":"XRPBUSD"},"level":"info","message":"Latest price","service":"api-d27bc23-binance-XRPBUSD","timestamp":"2022-03-03T02:16:21.009Z"}
{"assetPair":"XRPBUSD","data":{"price":"0.76330000","symbol":"XRPBUSD"},"level":"info","message":"Latest price","service":"api-d27bc23-binance-XRPBUSD","timestamp":"2022-03-03T02:19:21.037Z"}
{"assetPair":"XRPBUSD","data":{"price":"0.76360000","symbol":"XRPBUSD"},"level":"info","message":"Latest price","service":"api-d27bc23-binance-XRPBUSD","timestamp":"2022-03-03T02:22:21.071Z"}
{"assetPair":"XRPBUSD","data":{"price":"0.76390000","symbol":"XRPBUSD"},"level":"info","message":"Latest price","service":"api-d27bc23-binance-XRPBUSD","timestamp":"2022-03-03T02:25:21.141Z"}
{"assetPair":"XRPBUSD","data":{"price":"0.76370000","symbol":"XRPBUSD"},"level":"info","message":"Latest price","service":"api-d27bc23-binance-XRPBUSD","timestamp":"2022-03-03T02:28:21.204Z"}
{"assetPair":"XRPBUSD","data":{"price":"0.76280000","symbol":"XRPBUSD"},"level":"info","message":"Latest price","service":"api-d27bc23-binance-XRPBUSD","timestamp":"2022-03-03T02:31:21.262Z"}
{"assetPair":"XRPBUSD","data":{"price":"0.76190000","symbol":"XRPBUSD"},"level":"info","message":"Latest price","service":"api-d27bc23-binance-XRPBUSD","timestamp":"2022-03-03T02:34:21.289Z"}
{"assetPair":"XRPBUSD","data":{"price":"0.76180000","symbol":"XRPBUSD"},"level":"info","message":"Latest price","service":"api-d27bc23-binance-XRPBUSD","timestamp":"2022-03-03T02:37:21.363Z"}
{"assetPair":"XRPBUSD","data":{"price":"0.76300000","symbol":"XRPBUSD"},"level":"info","message":"Latest price","service":"api-d27bc23-binance-XRPBUSD","timestamp":"2022-03-03T02:40:21.394Z"}
{"assetPair":"XRPBUSD","data":{"price":"0.76290000","symbol":"XRPBUSD"},"level":"info","message":"Latest price","service":"api-d27bc23-binance-XRPBUSD","timestamp":"2022-03-03T02:43:21.424Z"}
{"assetPair":"XRPBUSD","data":{"price":"0.76220000","symbol":"XRPBUSD"},"level":"info","message":"Latest price","service":"api-d27bc23-binance-XRPBUSD","timestamp":"2022-03-03T02:46:21.503Z"}
{"assetPair":"XRPBUSD","data":{"price":"0.76350000","symbol":"XRPBUSD"},"level":"info","message":"Latest price","service":"api-d27bc23-binance-XRPBUSD","timestamp":"2022-03-03T02:49:21.541Z"}
{"assetPair":"XRPBUSD","data":{"price":"0.76280000","symbol":"XRPBUSD"},"level":"info","message":"Latest price","service":"api-d27bc23-binance-XRPBUSD","timestamp":"2022-03-03T02:52:21.572Z"}
{"assetPair":"XRPBUSD","data":{"price":"0.76270000","symbol":"XRPBUSD"},"level":"info","message":"Latest price","service":"api-d27bc23-binance-XRPBUSD","timestamp":"2022-03-03T02:55:21.603Z"}
{"assetPair":"XRPBUSD","data":{"price":"0.76420000","symbol":"XRPBUSD"},"level":"info","message":"Latest price","service":"api-d27bc23-binance-XRPBUSD","timestamp":"2022-03-03T02:58:21.660Z"}
{"assetPair":"XRPBUSD","data":{"price":"0.76370000","symbol":"XRPBUSD"},"level":"info","message":"Latest price","service":"api-d27bc23-binance-XRPBUSD","timestamp":"2022-03-03T03:01:21.695Z"}
{"assetPair":"XRPBUSD","data":{"price":"0.76450000","symbol":"XRPBUSD"},"level":"info","message":"Latest price","service":"api-d27bc23-binance-XRPBUSD","timestamp":"2022-03-03T03:04:21.726Z"}
{"assetPair":"XRPBUSD","data":{"price":"0.76360000","symbol":"XRPBUSD"},"level":"info","message":"Latest price","service":"api-d27bc23-binance-XRPBUSD","timestamp":"2022-03-03T03:07:21.755Z"}
{"assetPair":"XRPBUSD","data":{"price":"0.76360000","symbol":"XRPBUSD"},"level":"info","message":"Latest price","service":"api-d27bc23-binance-XRPBUSD","timestamp":"2022-03-03T03:10:21.783Z"}
{"assetPair":"XRPBUSD","data":{"price":"0.76320000","symbol":"XRPBUSD"},"level":"info","message":"Latest price","service":"api-d27bc23-binance-XRPBUSD","timestamp":"2022-03-03T03:13:21.820Z"}
{"assetPair":"XRPBUSD","data":{"price":"0.76320000","symbol":"XRPBUSD"},"level":"info","message":"Latest price","service":"api-d27bc23-binance-XRPBUSD","timestamp":"2022-03-03T03:16:21.853Z"}
{"assetPair":"XRPBUSD","data":{"price":"0.76370000","symbol":"XRPBUSD"},"level":"info","message":"Latest price","service":"api-d27bc23-binance-XRPBUSD","timestamp":"2022-03-03T03:19:21.913Z"}
{"assetPair":"XRPBUSD","data":{"price":"0.76400000","symbol":"XRPBUSD"},"level":"info","message":"Latest price","service":"api-d27bc23-binance-XRPBUSD","timestamp":"2022-03-03T03:22:21.944Z"}
{"assetPair":"XRPBUSD","data":{"price":"0.76510000","symbol":"XRPBUSD"},"level":"info","message":"Latest price","service":"api-d27bc23-binance-XRPBUSD","timestamp":"2022-03-03T03:25:21.970Z"}
{"assetPair":"XRPBUSD","data":{"price":"0.76570000","symbol":"XRPBUSD"},"level":"info","message":"Latest price","service":"api-d27bc23-binance-XRPBUSD","timestamp":"2022-03-03T03:28:21.998Z"}
{"assetPair":"XRPBUSD","data":{"price":"0.76560000","symbol":"XRPBUSD"},"level":"info","message":"Latest price","service":"api-d27bc23-binance-XRPBUSD","timestamp":"2022-03-03T03:31:22.034Z"}
{"assetPair":"XRPBUSD","data":{"price":"0.76490000","symbol":"XRPBUSD"},"level":"info","message":"Latest price","service":"api-d27bc23-binance-XRPBUSD","timestamp":"2022-03-03T03:34:22.066Z"}
{"assetPair":"XRPBUSD","data":{"price":"0.76480000","symbol":"XRPBUSD"},"level":"info","message":"Latest price","service":"api-d27bc23-binance-XRPBUSD","timestamp":"2022-03-03T03:37:22.094Z"}
{"assetPair":"XRPBUSD","data":{"price":"0.76200000","symbol":"XRPBUSD"},"level":"info","message":"Latest price","service":"api-d27bc23-binance-XRPBUSD","timestamp":"2022-03-03T03:40:22.125Z"}
{"assetPair":"XRPBUSD","data":{"price":"0.76260000","symbol":"XRPBUSD"},"level":"info","message":"Latest price","service":"api-d27bc23-binance-XRPBUSD","timestamp":"2022-03-03T03:43:22.157Z"}
{"assetPair":"XRPBUSD","data":{"price":"0.76170000","symbol":"XRPBUSD"},"level":"info","message":"Latest price","service":"api-d27bc23-binance-XRPBUSD","timestamp":"2022-03-03T03:46:22.191Z"}
{"assetPair":"XRPBUSD","data":{"price":"0.76190000","symbol":"XRPBUSD"},"level":"info","message":"Latest price","service":"api-d27bc23-binance-XRPBUSD","timestamp":"2022-03-03T03:49:22.228Z"}
{"assetPair":"XRPBUSD","data":{"price":"0.76160000","symbol":"XRPBUSD"},"level":"info","message":"Latest price","service":"api-d27bc23-binance-XRPBUSD","timestamp":"2022-03-03T03:52:22.264Z"}
{"assetPair":"XRPBUSD","data":{"price":"0.76470000","symbol":"XRPBUSD"},"level":"info","message":"Latest price","service":"api-d27bc23-binance-XRPBUSD","timestamp":"2022-03-03T03:55:22.295Z"}
{"assetPair":"XRPBUSD","data":{"price":"0.76640000","symbol":"XRPBUSD"},"level":"info","message":"Latest price","service":"api-d27bc23-binance-XRPBUSD","timestamp":"2022-03-03T03:58:22.328Z"}
{"assetPair":"XRPBUSD","data":{"price":"0.76900000","symbol":"XRPBUSD"},"level":"info","message":"Latest price","service":"api-d27bc23-binance-XRPBUSD","timestamp":"2022-03-03T04:01:22.363Z"}
{"assetPair":"XRPBUSD","data":{"price":"0.78020000","symbol":"XRPBUSD"},"level":"info","message":"Latest price","service":"api-d27bc23-binance-XRPBUSD","timestamp":"2022-03-03T04:04:22.398Z"}
{"assetPair":"XRPBUSD","data":{"price":"0.78490000","symbol":"XRPBUSD"},"level":"info","message":"Latest price","service":"api-d27bc23-binance-XRPBUSD","timestamp":"2022-03-03T04:07:22.437Z"}
{"assetPair":"XRPBUSD","data":{"price":"0.78530000","symbol":"XRPBUSD"},"level":"info","message":"Latest price","service":"api-d27bc23-binance-XRPBUSD","timestamp":"2022-03-03T04:10:22.470Z"}
{"assetPair":"XRPBUSD","data":{"price":"0.78170000","symbol":"XRPBUSD"},"level":"info","message":"Latest price","service":"api-d27bc23-binance-XRPBUSD","timestamp":"2022-03-03T04:13:22.507Z"}
{"assetPair":"XRPBUSD","data":{"price":"0.78090000","symbol":"XRPBUSD"},"level":"info","message":"Latest price","service":"api-d27bc23-binance-XRPBUSD","timestamp":"2022-03-03T04:16:22.536Z"}
{"assetPair":"XRPBUSD","data":{"price":"0.77710000","symbol":"XRPBUSD"},"level":"info","message":"Latest price","service":"api-d27bc23-binance-XRPBUSD","timestamp":"2022-03-03T04:19:22.615Z"}
{"assetPair":"XRPBUSD","data":{"price":"0.77430000","symbol":"XRPBUSD"},"level":"info","message":"Latest price","service":"api-d27bc23-binance-XRPBUSD","timestamp":"2022-03-03T04:22:22.689Z"}
{"assetPair":"XRPBUSD","data":{"price":"0.77510000","symbol":"XRPBUSD"},"level":"info","message":"Latest price","service":"api-d27bc23-binance-XRPBUSD","timestamp":"2022-03-03T04:25:22.741Z"}
{"assetPair":"XRPBUSD","data":{"price":"0.77510000","symbol":"XRPBUSD"},"level":"info","message":"Latest price","service":"api-d27bc23-binance-XRPBUSD","timestamp":"2022-03-03T04:28:22.798Z"}
{"assetPair":"XRPBUSD","data":{"price":"0.77680000","symbol":"XRPBUSD"},"level":"info","message":"Latest price","service":"api-d27bc23-binance-XRPBUSD","timestamp":"2022-03-03T04:31:22.826Z"}
{"assetPair":"XRPBUSD","data":{"price":"0.77460000","symbol":"XRPBUSD"},"level":"info","message":"Latest price","service":"api-d27bc23-binance-XRPBUSD","timestamp":"2022-03-03T04:34:22.883Z"}
{"assetPair":"XRPBUSD","data":{"price":"0.77350000","symbol":"XRPBUSD"},"level":"info","message":"Latest price","service":"api-d27bc23-binance-XRPBUSD","timestamp":"2022-03-03T04:37:22.938Z"}
{"assetPair":"XRPBUSD","data":{"price":"0.77310000","symbol":"XRPBUSD"},"level":"info","message":"Latest price","service":"api-d27bc23-binance-XRPBUSD","timestamp":"2022-03-03T04:40:22.967Z"}
{"assetPair":"XRPBUSD","data":{"price":"0.77390000","symbol":"XRPBUSD"},"level":"info","message":"Latest price","service":"api-d27bc23-binance-XRPBUSD","timestamp":"2022-03-03T04:43:23.004Z"}
{"assetPair":"XRPBUSD","data":{"price":"0.77170000","symbol":"XRPBUSD"},"level":"info","message":"Latest price","service":"api-d27bc23-binance-XRPBUSD","timestamp":"2022-03-03T04:46:23.032Z"}
{"assetPair":"XRPBUSD","data":{"price":"0.77020000","symbol":"XRPBUSD"},"level":"info","message":"Latest price","service":"api-d27bc23-binance-XRPBUSD","timestamp":"2022-03-03T04:49:23.107Z"}
{"assetPair":"XRPBUSD","data":{"price":"0.76900000","symbol":"XRPBUSD"},"level":"info","message":"Latest price","service":"api-d27bc23-binance-XRPBUSD","timestamp":"2022-03-03T04:52:23.195Z"}
{"assetPair":"XRPBUSD","data":{"price":"0.76890000","symbol":"XRPBUSD"},"level":"info","message":"Latest price","service":"api-d27bc23-binance-XRPBUSD","timestamp":"2022-03-03T04:55:23.226Z"}
{"assetPair":"XRPBUSD","data":{"price":"0.76980000","symbol":"XRPBUSD"},"level":"info","message":"Latest price","service":"api-d27bc23-binance-XRPBUSD","timestamp":"2022-03-03T04:58:23.283Z"}
{"assetPair":"XRPBUSD","data":{"price":"0.77060000","symbol":"XRPBUSD"},"level":"info","message":"Latest price","service":"api-d27bc23-binance-XRPBUSD","timestamp":"2022-03-03T05:01:23.338Z"}
{"assetPair":"XRPBUSD","data":{"price":"0.76970000","symbol":"XRPBUSD"},"level":"info","message":"Latest price","service":"api-d27bc23-binance-XRPBUSD","timestamp":"2022-03-03T05:04:23.373Z"}
{"assetPair":"XRPBUSD","data":{"price":"0.76980000","symbol":"XRPBUSD"},"level":"info","message":"Latest price","service":"api-d27bc23-binance-XRPBUSD","timestamp":"2022-03-03T05:07:23.405Z"}
{"assetPair":"XRPBUSD","data":{"price":"0.77070000","symbol":"XRPBUSD"},"level":"info","message":"Latest price","service":"api-d27bc23-binance-XRPBUSD","timestamp":"2022-03-03T05:10:23.437Z"}
{"assetPair":"XRPBUSD","data":{"price":"0.77020000","symbol":"XRPBUSD"},"level":"info","message":"Latest price","service":"api-d27bc23-binance-XRPBUSD","timestamp":"2022-03-03T05:13:23.494Z"}
{"assetPair":"XRPBUSD","data":{"price":"0.77180000","symbol":"XRPBUSD"},"level":"info","message":"Latest price","service":"api-d27bc23-binance-XRPBUSD","timestamp":"2022-03-03T05:16:23.524Z"}
{"assetPair":"XRPBUSD","data":{"price":"0.77140000","symbol":"XRPBUSD"},"level":"info","message":"Latest price","service":"api-d27bc23-binance-XRPBUSD","timestamp":"2022-03-03T05:19:23.561Z"}
{"assetPair":"XRPBUSD","data":{"price":"0.77050000","symbol":"XRPBUSD"},"level":"info","message":"Latest price","service":"api-d27bc23-binance-XRPBUSD","timestamp":"2022-03-03T05:22:23.602Z"}
{"assetPair":"XRPBUSD","data":{"price":"0.77240000","symbol":"XRPBUSD"},"level":"info","message":"Latest price","service":"api-d27bc23-binance-XRPBUSD","timestamp":"2022-03-03T05:25:23.634Z"}
{"assetPair":"XRPBUSD","data":{"price":"0.77100000","symbol":"XRPBUSD"},"level":"info","message":"Latest price","service":"api-d27bc23-binance-XRPBUSD","timestamp":"2022-03-03T05:28:23.669Z"}
{"assetPair":"XRPBUSD","data":{"price":"0.76820000","symbol":"XRPBUSD"},"level":"info","message":"Latest price","service":"api-d27bc23-binance-XRPBUSD","timestamp":"2022-03-03T05:31:23.698Z"}
{"assetPair":"XRPBUSD","data":{"price":"0.76800000","symbol":"XRPBUSD"},"level":"info","message":"Latest price","service":"api-d27bc23-binance-XRPBUSD","timestamp":"2022-03-03T05:34:23.731Z"}
{"assetPair":"XRPBUSD","data":{"price":"0.76840000","symbol":"XRPBUSD"},"level":"info","message":"Latest price","service":"api-d27bc23-binance-XRPBUSD","timestamp":"2022-03-03T05:37:23.765Z"}
{"assetPair":"XRPBUSD","data":{"price":"0.76820000","symbol":"XRPBUSD"},"level":"info","message":"Latest price","service":"api-d27bc23-binance-XRPBUSD","timestamp":"2022-03-03T05:40:23.793Z"}
{"assetPair":"XRPBUSD","data":{"price":"0.76750000","symbol":"XRPBUSD"},"level":"info","message":"Latest price","service":"api-d27bc23-binance-XRPBUSD","timestamp":"2022-03-03T05:43:23.826Z"}
{"assetPair":"XRPBUSD","data":{"price":"0.76680000","symbol":"XRPBUSD"},"level":"info","message":"Latest price","service":"api-d27bc23-binance-XRPBUSD","timestamp":"2022-03-03T05:46:23.849Z"}
{"assetPair":"XRPBUSD","data":{"price":"0.76600000","symbol":"XRPBUSD"},"level":"info","message":"Latest price","service":"api-d27bc23-binance-XRPBUSD","timestamp":"2022-03-03T05:49:23.875Z"}
{"assetPair":"XRPBUSD","data":{"price":"0.76640000","symbol":"XRPBUSD"},"level":"info","message":"Latest price","service":"api-d27bc23-binance-XRPBUSD","timestamp":"2022-03-03T05:52:23.910Z"}
{"assetPair":"XRPBUSD","data":{"price":"0.76690000","symbol":"XRPBUSD"},"level":"info","message":"Latest price","service":"api-d27bc23-binance-XRPBUSD","timestamp":"2022-03-03T05:55:23.944Z"}
{"assetPair":"XRPBUSD","data":{"price":"0.76650000","symbol":"XRPBUSD"},"level":"info","message":"Latest price","service":"api-d27bc23-binance-XRPBUSD","timestamp":"2022-03-03T05:58:23.970Z"}
{"assetPair":"XRPBUSD","data":{"price":"0.76570000","symbol":"XRPBUSD"},"level":"info","message":"Latest price","service":"api-d27bc23-binance-XRPBUSD","timestamp":"2022-03-03T06:01:24.051Z"}
{"assetPair":"XRPBUSD","data":{"price":"0.76560000","symbol":"XRPBUSD"},"level":"info","message":"Latest price","service":"api-d27bc23-binance-XRPBUSD","timestamp":"2022-03-03T06:04:24.079Z"}
{"assetPair":"XRPBUSD","data":{"price":"0.76400000","symbol":"XRPBUSD"},"level":"info","message":"Latest price","service":"api-d27bc23-binance-XRPBUSD","timestamp":"2022-03-03T06:07:24.143Z"}
{"assetPair":"XRPBUSD","data":{"price":"0.76270000","symbol":"XRPBUSD"},"level":"info","message":"Latest price","service":"api-d27bc23-binance-XRPBUSD","timestamp":"2022-03-03T06:10:24.167Z"}
{"assetPair":"XRPBUSD","data":{"price":"0.76140000","symbol":"XRPBUSD"},"level":"info","message":"Latest price","service":"api-d27bc23-binance-XRPBUSD","timestamp":"2022-03-03T06:13:24.239Z"}
{"assetPair":"XRPBUSD","data":{"price":"0.76080000","symbol":"XRPBUSD"},"level":"info","message":"Latest price","service":"api-d27bc23-binance-XRPBUSD","timestamp":"2022-03-03T06:16:24.297Z"}
{"assetPair":"XRPBUSD","data":{"price":"0.76260000","symbol":"XRPBUSD"},"level":"info","message":"Latest price","service":"api-d27bc23-binance-XRPBUSD","timestamp":"2022-03-03T06:19:24.331Z"}
{"assetPair":"XRPBUSD","data":{"price":"0.76290000","symbol":"XRPBUSD"},"level":"info","message":"Latest price","service":"api-d27bc23-binance-XRPBUSD","timestamp":"2022-03-03T06:22:24.364Z"}
{"assetPair":"XRPBUSD","data":{"price":"0.76200000","symbol":"XRPBUSD"},"level":"info","message":"Latest price","service":"api-d27bc23-binance-XRPBUSD","timestamp":"2022-03-03T06:25:24.395Z"}
{"assetPair":"XRPBUSD","data":{"price":"0.76130000","symbol":"XRPBUSD"},"level":"info","message":"Latest price","service":"api-d27bc23-binance-XRPBUSD","timestamp":"2022-03-03T06:28:24.430Z"}
{"assetPair":"XRPBUSD","data":{"price":"0.76280000","symbol":"XRPBUSD"},"level":"info","message":"Latest price","service":"api-d27bc23-binance-XRPBUSD","timestamp":"2022-03-03T06:31:24.457Z"}
{"assetPair":"XRPBUSD","data":{"price":"0.76470000","symbol":"XRPBUSD"},"level":"info","message":"Latest price","service":"api-d27bc23-binance-XRPBUSD","timestamp":"2022-03-03T06:34:24.487Z"}
{"assetPair":"XRPBUSD","data":{"price":"0.76600000","symbol":"XRPBUSD"},"level":"info","message":"Latest price","service":"api-d27bc23-binance-XRPBUSD","timestamp":"2022-03-03T06:37:24.561Z"}
{"assetPair":"XRPBUSD","data":{"price":"0.76500000","symbol":"XRPBUSD"},"level":"info","message":"Latest price","service":"api-d27bc23-binance-XRPBUSD","timestamp":"2022-03-03T06:40:24.620Z"}
{"assetPair":"XRPBUSD","data":{"price":"0.76560000","symbol":"XRPBUSD"},"level":"info","message":"Latest price","service":"api-d27bc23-binance-XRPBUSD","timestamp":"2022-03-03T06:43:24.679Z"}
{"assetPair":"XRPBUSD","data":{"price":"0.76590000","symbol":"XRPBUSD"},"level":"info","message":"Latest price","service":"api-d27bc23-binance-XRPBUSD","timestamp":"2022-03-03T06:46:24.710Z"}
{"assetPair":"XRPBUSD","data":{"price":"0.76600000","symbol":"XRPBUSD"},"level":"info","message":"Latest price","service":"api-d27bc23-binance-XRPBUSD","timestamp":"2022-03-03T06:49:24.737Z"}
{"assetPair":"XRPBUSD","data":{"price":"0.76490000","symbol":"XRPBUSD"},"level":"info","message":"Latest price","service":"api-d27bc23-binance-XRPBUSD","timestamp":"2022-03-03T06:52:24.773Z"}
{"assetPair":"XRPBUSD","data":{"price":"0.76510000","symbol":"XRPBUSD"},"level":"info","message":"Latest price","service":"api-d27bc23-binance-XRPBUSD","timestamp":"2022-03-03T06:55:24.807Z"}
{"assetPair":"XRPBUSD","data":{"price":"0.76540000","symbol":"XRPBUSD"},"level":"info","message":"Latest price","service":"api-d27bc23-binance-XRPBUSD","timestamp":"2022-03-03T06:58:24.840Z"}
{"assetPair":"XRPBUSD","data":{"price":"0.76600000","symbol":"XRPBUSD"},"level":"info","message":"Latest price","service":"api-d27bc23-binance-XRPBUSD","timestamp":"2022-03-03T07:01:24.917Z"}
{"assetPair":"XRPBUSD","data":{"price":"0.76610000","symbol":"XRPBUSD"},"level":"info","message":"Latest price","service":"api-d27bc23-binance-XRPBUSD","timestamp":"2022-03-03T07:04:24.946Z"}
{"assetPair":"XRPBUSD","data":{"price":"0.76630000","symbol":"XRPBUSD"},"level":"info","message":"Latest price","service":"api-d27bc23-binance-XRPBUSD","timestamp":"2022-03-03T07:07:24.980Z"}
{"assetPair":"XRPBUSD","data":{"price":"0.76840000","symbol":"XRPBUSD"},"level":"info","message":"Latest price","service":"api-d27bc23-binance-XRPBUSD","timestamp":"2022-03-03T07:10:25.010Z"}
{"assetPair":"XRPBUSD","data":{"price":"0.76700000","symbol":"XRPBUSD"},"level":"info","message":"Latest price","service":"api-d27bc23-binance-XRPBUSD","timestamp":"2022-03-03T07:13:25.045Z"}
{"assetPair":"XRPBUSD","data":{"price":"0.76490000","symbol":"XRPBUSD"},"level":"info","message":"Latest price","service":"api-d27bc23-binance-XRPBUSD","timestamp":"2022-03-03T07:16:25.109Z"}
{"assetPair":"XRPBUSD","data":{"price":"0.76350000","symbol":"XRPBUSD"},"level":"info","message":"Latest price","service":"api-d27bc23-binance-XRPBUSD","timestamp":"2022-03-03T07:19:25.230Z"}
{"assetPair":"XRPBUSD","data":{"price":"0.76340000","symbol":"XRPBUSD"},"level":"info","message":"Latest price","service":"api-d27bc23-binance-XRPBUSD","timestamp":"2022-03-03T07:22:25.259Z"}
{"assetPair":"XRPBUSD","data":{"price":"0.76400000","symbol":"XRPBUSD"},"level":"info","message":"Latest price","service":"api-d27bc23-binance-XRPBUSD","timestamp":"2022-03-03T07:25:25.293Z"}
{"assetPair":"XRPBUSD","data":{"price":"0.76560000","symbol":"XRPBUSD"},"level":"info","message":"Latest price","service":"api-d27bc23-binance-XRPBUSD","timestamp":"2022-03-03T07:28:25.328Z"}
{"assetPair":"XRPBUSD","data":{"price":"0.76640000","symbol":"XRPBUSD"},"level":"info","message":"Latest price","service":"api-d27bc23-binance-XRPBUSD","timestamp":"2022-03-03T07:31:25.362Z"}
{"assetPair":"XRPBUSD","data":{"price":"0.76650000","symbol":"XRPBUSD"},"level":"info","message":"Latest price","service":"api-d27bc23-binance-XRPBUSD","timestamp":"2022-03-03T07:34:25.393Z"}
{"assetPair":"XRPBUSD","data":{"price":"0.76640000","symbol":"XRPBUSD"},"level":"info","message":"Latest price","service":"api-d27bc23-binance-XRPBUSD","timestamp":"2022-03-03T07:37:25.426Z"}
{"assetPair":"XRPBUSD","data":{"price":"0.76580000","symbol":"XRPBUSD"},"level":"info","message":"Latest price","service":"api-d27bc23-binance-XRPBUSD","timestamp":"2022-03-03T07:40:25.457Z"}
{"assetPair":"XRPBUSD","data":{"price":"0.76520000","symbol":"XRPBUSD"},"level":"info","message":"Latest price","service":"api-d27bc23-binance-XRPBUSD","timestamp":"2022-03-03T07:43:25.513Z"}
{"assetPair":"XRPBUSD","data":{"price":"0.76600000","symbol":"XRPBUSD"},"level":"info","message":"Latest price","service":"api-d27bc23-binance-XRPBUSD","timestamp":"2022-03-03T07:46:25.544Z"}
{"assetPair":"XRPBUSD","data":{"price":"0.76610000","symbol":"XRPBUSD"},"level":"info","message":"Latest price","service":"api-d27bc23-binance-XRPBUSD","timestamp":"2022-03-03T07:49:25.576Z"}
{"assetPair":"XRPBUSD","data":{"price":"0.76640000","symbol":"XRPBUSD"},"level":"info","message":"Latest price","service":"api-d27bc23-binance-XRPBUSD","timestamp":"2022-03-03T07:52:25.614Z"}
{"assetPair":"XRPBUSD","data":{"price":"0.76670000","symbol":"XRPBUSD"},"level":"info","message":"Latest price","service":"api-d27bc23-binance-XRPBUSD","timestamp":"2022-03-03T07:55:25.648Z"}
{"assetPair":"XRPBUSD","data":{"price":"0.76500000","symbol":"XRPBUSD"},"level":"info","message":"Latest price","service":"api-d27bc23-binance-XRPBUSD","timestamp":"2022-03-03T07:58:25.679Z"}
{"assetPair":"XRPBUSD","data":{"price":"0.76730000","symbol":"XRPBUSD"},"level":"info","message":"Latest price","service":"api-d27bc23-binance-XRPBUSD","timestamp":"2022-03-03T08:01:25.712Z"}
{"assetPair":"XRPBUSD","data":{"price":"0.76770000","symbol":"XRPBUSD"},"level":"info","message":"Latest price","service":"api-d27bc23-binance-XRPBUSD","timestamp":"2022-03-03T08:04:25.741Z"}
{"assetPair":"XRPBUSD","data":{"price":"0.76740000","symbol":"XRPBUSD"},"level":"info","message":"Latest price","service":"api-d27bc23-binance-XRPBUSD","timestamp":"2022-03-03T08:07:25.797Z"}
{"assetPair":"XRPBUSD","data":{"price":"0.77130000","symbol":"XRPBUSD"},"level":"info","message":"Latest price","service":"api-d27bc23-binance-XRPBUSD","timestamp":"2022-03-03T08:10:25.833Z"}
{"assetPair":"XRPBUSD","data":{"price":"0.76980000","symbol":"XRPBUSD"},"level":"info","message":"Latest price","service":"api-d27bc23-binance-XRPBUSD","timestamp":"2022-03-03T08:13:25.869Z"}
{"assetPair":"XRPBUSD","data":{"price":"0.77090000","symbol":"XRPBUSD"},"level":"info","message":"Latest price","service":"api-d27bc23-binance-XRPBUSD","timestamp":"2022-03-03T08:16:25.900Z"}
{"assetPair":"XRPBUSD","data":{"price":"0.76990000","symbol":"XRPBUSD"},"level":"info","message":"Latest price","service":"api-d27bc23-binance-XRPBUSD","timestamp":"2022-03-03T08:19:25.961Z"}
{"assetPair":"XRPBUSD","data":{"price":"0.76920000","symbol":"XRPBUSD"},"level":"info","message":"Latest price","service":"api-d27bc23-binance-XRPBUSD","timestamp":"2022-03-03T08:22:25.991Z"}
{"assetPair":"XRPBUSD","data":{"price":"0.76920000","symbol":"XRPBUSD"},"level":"info","message":"Latest price","service":"api-d27bc23-binance-XRPBUSD","timestamp":"2022-03-03T08:25:26.065Z"}
{"assetPair":"XRPBUSD","data":{"price":"0.76880000","symbol":"XRPBUSD"},"level":"info","message":"Latest price","service":"api-d27bc23-binance-XRPBUSD","timestamp":"2022-03-03T08:28:26.099Z"}
{"assetPair":"XRPBUSD","data":{"price":"0.76810000","symbol":"XRPBUSD"},"level":"info","message":"Latest price","service":"api-d27bc23-binance-XRPBUSD","timestamp":"2022-03-03T08:31:26.125Z"}
{"assetPair":"XRPBUSD","data":{"price":"0.76770000","symbol":"XRPBUSD"},"level":"info","message":"Latest price","service":"api-d27bc23-binance-XRPBUSD","timestamp":"2022-03-03T08:34:26.161Z"}
{"assetPair":"XRPBUSD","data":{"price":"0.76660000","symbol":"XRPBUSD"},"level":"info","message":"Latest price","service":"api-d27bc23-binance-XRPBUSD","timestamp":"2022-03-03T08:37:26.226Z"}
{"assetPair":"XRPBUSD","data":{"price":"0.76510000","symbol":"XRPBUSD"},"level":"info","message":"Latest price","service":"api-d27bc23-binance-XRPBUSD","timestamp":"2022-03-03T08:40:26.256Z"}
{"assetPair":"XRPBUSD","data":{"price":"0.76620000","symbol":"XRPBUSD"},"level":"info","message":"Latest price","service":"api-d27bc23-binance-XRPBUSD","timestamp":"2022-03-03T08:43:26.336Z"}
{"assetPair":"XRPBUSD","data":{"price":"0.76680000","symbol":"XRPBUSD"},"level":"info","message":"Latest price","service":"api-d27bc23-binance-XRPBUSD","timestamp":"2022-03-03T08:46:26.367Z"}
{"assetPair":"XRPBUSD","data":{"price":"0.76570000","symbol":"XRPBUSD"},"level":"info","message":"Latest price","service":"api-d27bc23-binance-XRPBUSD","timestamp":"2022-03-03T08:49:26.402Z"}
{"assetPair":"XRPBUSD","data":{"price":"0.76590000","symbol":"XRPBUSD"},"level":"info","message":"Latest price","service":"api-d27bc23-binance-XRPBUSD","timestamp":"2022-03-03T08:52:26.458Z"}
{"assetPair":"XRPBUSD","data":{"price":"0.76590000","symbol":"XRPBUSD"},"level":"info","message":"Latest price","service":"api-d27bc23-binance-XRPBUSD","timestamp":"2022-03-03T08:55:26.491Z"}
{"assetPair":"XRPBUSD","data":{"price":"0.76610000","symbol":"XRPBUSD"},"level":"info","message":"Latest price","service":"api-d27bc23-binance-XRPBUSD","timestamp":"2022-03-03T08:58:26.518Z"}
{"assetPair":"XRPBUSD","data":{"price":"0.76710000","symbol":"XRPBUSD"},"level":"info","message":"Latest price","service":"api-d27bc23-binance-XRPBUSD","timestamp":"2022-03-03T09:01:26.584Z"}
{"assetPair":"XRPBUSD","data":{"price":"0.76660000","symbol":"XRPBUSD"},"level":"info","message":"Latest price","service":"api-d27bc23-binance-XRPBUSD","timestamp":"2022-03-03T09:04:26.659Z"}
{"assetPair":"XRPBUSD","data":{"price":"0.76630000","symbol":"XRPBUSD"},"level":"info","message":"Latest price","service":"api-d27bc23-binance-XRPBUSD","timestamp":"2022-03-03T09:07:26.689Z"}
{"assetPair":"XRPBUSD","data":{"price":"0.76510000","symbol":"XRPBUSD"},"level":"info","message":"Latest price","service":"api-d27bc23-binance-XRPBUSD","timestamp":"2022-03-03T09:10:26.722Z"}
{"assetPair":"XRPBUSD","data":{"price":"0.76530000","symbol":"XRPBUSD"},"level":"info","message":"Latest price","service":"api-d27bc23-binance-XRPBUSD","timestamp":"2022-03-03T09:13:26.752Z"}
{"assetPair":"XRPBUSD","data":{"price":"0.76580000","symbol":"XRPBUSD"},"level":"info","message":"Latest price","service":"api-d27bc23-binance-XRPBUSD","timestamp":"2022-03-03T09:16:26.784Z"}
{"assetPair":"XRPBUSD","data":{"price":"0.76550000","symbol":"XRPBUSD"},"level":"info","message":"Latest price","service":"api-d27bc23-binance-XRPBUSD","timestamp":"2022-03-03T09:19:26.814Z"}
{"assetPair":"XRPBUSD","data":{"price":"0.76500000","symbol":"XRPBUSD"},"level":"info","message":"Latest price","service":"api-d27bc23-binance-XRPBUSD","timestamp":"2022-03-03T09:22:26.844Z"}
{"assetPair":"XRPBUSD","data":{"price":"0.76510000","symbol":"XRPBUSD"},"level":"info","message":"Latest price","service":"api-d27bc23-binance-XRPBUSD","timestamp":"2022-03-03T09:25:26.929Z"}
{"assetPair":"XRPBUSD","data":{"price":"0.76550000","symbol":"XRPBUSD"},"level":"info","message":"Latest price","service":"api-d27bc23-binance-XRPBUSD","timestamp":"2022-03-03T09:28:26.957Z"}
{"assetPair":"XRPBUSD","data":{"price":"0.76310000","symbol":"XRPBUSD"},"level":"info","message":"Latest price","service":"api-d27bc23-binance-XRPBUSD","timestamp":"2022-03-03T09:31:26.983Z"}
{"assetPair":"XRPBUSD","data":{"price":"0.76500000","symbol":"XRPBUSD"},"level":"info","message":"Latest price","service":"api-d27bc23-binance-XRPBUSD","timestamp":"2022-03-03T09:34:27.022Z"}
{"assetPair":"XRPBUSD","data":{"price":"0.76110000","symbol":"XRPBUSD"},"level":"info","message":"Latest price","service":"api-d27bc23-binance-XRPBUSD","timestamp":"2022-03-03T09:37:27.099Z"}
{"assetPair":"XRPBUSD","data":{"price":"0.76180000","symbol":"XRPBUSD"},"level":"info","message":"Latest price","service":"api-d27bc23-binance-XRPBUSD","timestamp":"2022-03-03T09:40:27.154Z"}
{"assetPair":"XRPBUSD","data":{"price":"0.76280000","symbol":"XRPBUSD"},"level":"info","message":"Latest price","service":"api-d27bc23-binance-XRPBUSD","timestamp":"2022-03-03T09:43:27.223Z"}
{"assetPair":"XRPBUSD","data":{"price":"0.76310000","symbol":"XRPBUSD"},"level":"info","message":"Latest price","service":"api-d27bc23-binance-XRPBUSD","timestamp":"2022-03-03T09:46:27.254Z"}
{"assetPair":"XRPBUSD","data":{"price":"0.76360000","symbol":"XRPBUSD"},"level":"info","message":"Latest price","service":"api-d27bc23-binance-XRPBUSD","timestamp":"2022-03-03T09:49:27.291Z"}
{"assetPair":"XRPBUSD","data":{"price":"0.76330000","symbol":"XRPBUSD"},"level":"info","message":"Latest price","service":"api-d27bc23-binance-XRPBUSD","timestamp":"2022-03-03T09:52:27.325Z"}
{"assetPair":"XRPBUSD","data":{"price":"0.76300000","symbol":"XRPBUSD"},"level":"info","message":"Latest price","service":"api-d27bc23-binance-XRPBUSD","timestamp":"2022-03-03T09:55:27.356Z"}
{"assetPair":"XRPBUSD","data":{"price":"0.76340000","symbol":"XRPBUSD"},"level":"info","message":"Latest price","service":"api-d27bc23-binance-XRPBUSD","timestamp":"2022-03-03T09:58:27.394Z"}
{"assetPair":"XRPBUSD","data":{"price":"0.76490000","symbol":"XRPBUSD"},"level":"info","message":"Latest price","service":"api-d27bc23-binance-XRPBUSD","timestamp":"2022-03-03T10:01:27.446Z"}
{"assetPair":"XRPBUSD","data":{"price":"0.76470000","symbol":"XRPBUSD"},"level":"info","message":"Latest price","service":"api-d27bc23-binance-XRPBUSD","timestamp":"2022-03-03T10:04:27.506Z"}
{"assetPair":"XRPBUSD","data":{"price":"0.76310000","symbol":"XRPBUSD"},"level":"info","message":"Latest price","service":"api-d27bc23-binance-XRPBUSD","timestamp":"2022-03-03T10:07:27.536Z"}
{"assetPair":"XRPBUSD","data":{"price":"0.76290000","symbol":"XRPBUSD"},"level":"info","message":"Latest price","service":"api-d27bc23-binance-XRPBUSD","timestamp":"2022-03-03T10:10:27.583Z"}
{"assetPair":"XRPBUSD","data":{"price":"0.76290000","symbol":"XRPBUSD"},"level":"info","message":"Latest price","service":"api-d27bc23-binance-XRPBUSD","timestamp":"2022-03-03T10:13:27.613Z"}
{"assetPair":"XRPBUSD","data":{"price":"0.76410000","symbol":"XRPBUSD"},"level":"info","message":"Latest price","service":"api-d27bc23-binance-XRPBUSD","timestamp":"2022-03-03T10:16:27.704Z"}
{"assetPair":"XRPBUSD","data":{"price":"0.76430000","symbol":"XRPBUSD"},"level":"info","message":"Latest price","service":"api-d27bc23-binance-XRPBUSD","timestamp":"2022-03-03T10:19:27.741Z"}
{"assetPair":"XRPBUSD","data":{"price":"0.76420000","symbol":"XRPBUSD"},"level":"info","message":"Latest price","service":"api-d27bc23-binance-XRPBUSD","timestamp":"2022-03-03T10:22:27.767Z"}
{"assetPair":"XRPBUSD","data":{"price":"0.76400000","symbol":"XRPBUSD"},"level":"info","message":"Latest price","service":"api-d27bc23-binance-XRPBUSD","timestamp":"2022-03-03T10:25:27.829Z"}
{"assetPair":"XRPBUSD","data":{"price":"0.76330000","symbol":"XRPBUSD"},"level":"info","message":"Latest price","service":"api-d27bc23-binance-XRPBUSD","timestamp":"2022-03-03T10:28:27.867Z"}
{"assetPair":"XRPBUSD","data":{"price":"0.76330000","symbol":"XRPBUSD"},"level":"info","message":"Latest price","service":"api-d27bc23-binance-XRPBUSD","timestamp":"2022-03-03T10:31:27.901Z"}
{"assetPair":"XRPBUSD","data":{"price":"0.76460000","symbol":"XRPBUSD"},"level":"info","message":"Latest price","service":"api-d27bc23-binance-XRPBUSD","timestamp":"2022-03-03T10:34:27.935Z"}
{"assetPair":"XRPBUSD","data":{"price":"0.76240000","symbol":"XRPBUSD"},"level":"info","message":"Latest price","service":"api-d27bc23-binance-XRPBUSD","timestamp":"2022-03-03T10:37:27.969Z"}
{"assetPair":"XRPBUSD","data":{"price":"0.76330000","symbol":"XRPBUSD"},"level":"info","message":"Latest price","service":"api-d27bc23-binance-XRPBUSD","timestamp":"2022-03-03T10:40:28.022Z"}
{"assetPair":"XRPBUSD","data":{"price":"0.76310000","symbol":"XRPBUSD"},"level":"info","message":"Latest price","service":"api-d27bc23-binance-XRPBUSD","timestamp":"2022-03-03T10:43:28.052Z"}
{"assetPair":"XRPBUSD","data":{"price":"0.76550000","symbol":"XRPBUSD"},"level":"info","message":"Latest price","service":"api-d27bc23-binance-XRPBUSD","timestamp":"2022-03-03T10:46:28.085Z"}
{"assetPair":"XRPBUSD","data":{"price":"0.76560000","symbol":"XRPBUSD"},"level":"info","message":"Latest price","service":"api-d27bc23-binance-XRPBUSD","timestamp":"2022-03-03T10:49:28.112Z"}
{"assetPair":"XRPBUSD","data":{"price":"0.76540000","symbol":"XRPBUSD"},"level":"info","message":"Latest price","service":"api-d27bc23-binance-XRPBUSD","timestamp":"2022-03-03T10:52:28.143Z"}
{"assetPair":"XRPBUSD","data":{"price":"0.76520000","symbol":"XRPBUSD"},"level":"info","message":"Latest price","service":"api-d27bc23-binance-XRPBUSD","timestamp":"2022-03-03T10:55:28.172Z"}
{"assetPair":"XRPBUSD","data":{"price":"0.76520000","symbol":"XRPBUSD"},"level":"info","message":"Latest price","service":"api-d27bc23-binance-XRPBUSD","timestamp":"2022-03-03T10:58:28.231Z"}
{"assetPair":"XRPBUSD","data":{"price":"0.76520000","symbol":"XRPBUSD"},"level":"info","message":"Latest price","service":"api-d27bc23-binance-XRPBUSD","timestamp":"2022-03-03T11:01:28.261Z"}
{"assetPair":"XRPBUSD","data":{"price":"0.76540000","symbol":"XRPBUSD"},"level":"info","message":"Latest price","service":"api-d27bc23-binance-XRPBUSD","timestamp":"2022-03-03T11:04:28.298Z"}
{"assetPair":"XRPBUSD","data":{"price":"0.76400000","symbol":"XRPBUSD"},"level":"info","message":"Latest price","service":"api-d27bc23-binance-XRPBUSD","timestamp":"2022-03-03T11:07:28.330Z"}
{"assetPair":"XRPBUSD","data":{"price":"0.76590000","symbol":"XRPBUSD"},"level":"info","message":"Latest price","service":"api-d27bc23-binance-XRPBUSD","timestamp":"2022-03-03T11:10:28.371Z"}
{"assetPair":"XRPBUSD","data":{"price":"0.76590000","symbol":"XRPBUSD"},"level":"info","message":"Latest price","service":"api-d27bc23-binance-XRPBUSD","timestamp":"2022-03-03T11:13:28.407Z"}
{"assetPair":"XRPBUSD","data":{"price":"0.76600000","symbol":"XRPBUSD"},"level":"info","message":"Latest price","service":"api-d27bc23-binance-XRPBUSD","timestamp":"2022-03-03T11:16:28.440Z"}
{"assetPair":"XRPBUSD","data":{"price":"0.76750000","symbol":"XRPBUSD"},"level":"info","message":"Latest price","service":"api-d27bc23-binance-XRPBUSD","timestamp":"2022-03-03T11:19:28.468Z"}
{"assetPair":"XRPBUSD","data":{"price":"0.76790000","symbol":"XRPBUSD"},"level":"info","message":"Latest price","service":"api-d27bc23-binance-XRPBUSD","timestamp":"2022-03-03T11:22:28.552Z"}
{"assetPair":"XRPBUSD","data":{"price":"0.76800000","symbol":"XRPBUSD"},"level":"info","message":"Latest price","service":"api-d27bc23-binance-XRPBUSD","timestamp":"2022-03-03T11:25:28.611Z"}
{"assetPair":"XRPBUSD","data":{"price":"0.76830000","symbol":"XRPBUSD"},"level":"info","message":"Latest price","service":"api-d27bc23-binance-XRPBUSD","timestamp":"2022-03-03T11:28:28.666Z"}
{"assetPair":"XRPBUSD","data":{"price":"0.76860000","symbol":"XRPBUSD"},"level":"info","message":"Latest price","service":"api-d27bc23-binance-XRPBUSD","timestamp":"2022-03-03T11:31:28.747Z"}
{"assetPair":"XRPBUSD","data":{"price":"0.76790000","symbol":"XRPBUSD"},"level":"info","message":"Latest price","service":"api-d27bc23-binance-XRPBUSD","timestamp":"2022-03-03T11:34:28.819Z"}
{"assetPair":"XRPBUSD","data":{"price":"0.76820000","symbol":"XRPBUSD"},"level":"info","message":"Latest price","service":"api-d27bc23-binance-XRPBUSD","timestamp":"2022-03-03T11:37:28.888Z"}
{"assetPair":"XRPBUSD","data":{"price":"0.76850000","symbol":"XRPBUSD"},"level":"info","message":"Latest price","service":"api-d27bc23-binance-XRPBUSD","timestamp":"2022-03-03T11:40:28.915Z"}
{"assetPair":"XRPBUSD","data":{"price":"0.76750000","symbol":"XRPBUSD"},"level":"info","message":"Latest price","service":"api-d27bc23-binance-XRPBUSD","timestamp":"2022-03-03T11:43:28.941Z"}
{"assetPair":"XRPBUSD","data":{"price":"0.76700000","symbol":"XRPBUSD"},"level":"info","message":"Latest price","service":"api-d27bc23-binance-XRPBUSD","timestamp":"2022-03-03T11:46:29.015Z"}
{"assetPair":"XRPBUSD","data":{"price":"0.76690000","symbol":"XRPBUSD"},"level":"info","message":"Latest price","service":"api-d27bc23-binance-XRPBUSD","timestamp":"2022-03-03T11:49:29.048Z"}
{"assetPair":"XRPBUSD","data":{"price":"0.76720000","symbol":"XRPBUSD"},"level":"info","message":"Latest price","service":"api-d27bc23-binance-XRPBUSD","timestamp":"2022-03-03T11:52:29.079Z"}
{"assetPair":"XRPBUSD","data":{"price":"0.76650000","symbol":"XRPBUSD"},"level":"info","message":"Latest price","service":"api-d27bc23-binance-XRPBUSD","timestamp":"2022-03-03T11:55:29.155Z"}
{"assetPair":"XRPBUSD","data":{"price":"0.76620000","symbol":"XRPBUSD"},"level":"info","message":"Latest price","service":"api-d27bc23-binance-XRPBUSD","timestamp":"2022-03-03T11:58:29.185Z"}
{"assetPair":"XRPBUSD","data":{"price":"0.76590000","symbol":"XRPBUSD"},"level":"info","message":"Latest price","service":"api-d27bc23-binance-XRPBUSD","timestamp":"2022-03-03T12:01:29.263Z"}
{"assetPair":"XRPBUSD","data":{"price":"0.76740000","symbol":"XRPBUSD"},"level":"info","message":"Latest price","service":"api-d27bc23-binance-XRPBUSD","timestamp":"2022-03-03T12:04:29.294Z"}
{"assetPair":"XRPBUSD","data":{"price":"0.76470000","symbol":"XRPBUSD"},"level":"info","message":"Latest price","service":"api-d27bc23-binance-XRPBUSD","timestamp":"2022-03-03T12:07:29.337Z"}
{"assetPair":"XRPBUSD","data":{"price":"0.76630000","symbol":"XRPBUSD"},"level":"info","message":"Latest price","service":"api-d27bc23-binance-XRPBUSD","timestamp":"2022-03-03T12:10:29.373Z"}
{"assetPair":"XRPBUSD","data":{"price":"0.76630000","symbol":"XRPBUSD"},"level":"info","message":"Latest price","service":"api-d27bc23-binance-XRPBUSD","timestamp":"2022-03-03T12:13:29.448Z"}
{"assetPair":"XRPBUSD","data":{"price":"0.76680000","symbol":"XRPBUSD"},"level":"info","message":"Latest price","service":"api-d27bc23-binance-XRPBUSD","timestamp":"2022-03-03T12:16:29.486Z"}
{"assetPair":"XRPBUSD","data":{"price":"0.76790000","symbol":"XRPBUSD"},"level":"info","message":"Latest price","service":"api-d27bc23-binance-XRPBUSD","timestamp":"2022-03-03T12:19:29.524Z"}
{"assetPair":"XRPBUSD","data":{"price":"0.76840000","symbol":"XRPBUSD"},"level":"info","message":"Latest price","service":"api-d27bc23-binance-XRPBUSD","timestamp":"2022-03-03T12:22:29.563Z"}
{"assetPair":"XRPBUSD","data":{"price":"0.76930000","symbol":"XRPBUSD"},"level":"info","message":"Latest price","service":"api-d27bc23-binance-XRPBUSD","timestamp":"2022-03-03T12:25:29.687Z"}
{"assetPair":"XRPBUSD","data":{"price":"0.77020000","symbol":"XRPBUSD"},"level":"info","message":"Latest price","service":"api-d27bc23-binance-XRPBUSD","timestamp":"2022-03-03T12:28:29.726Z"}
{"assetPair":"XRPBUSD","data":{"price":"0.76890000","symbol":"XRPBUSD"},"level":"info","message":"Latest price","service":"api-d27bc23-binance-XRPBUSD","timestamp":"2022-03-03T12:31:29.754Z"}
{"assetPair":"XRPBUSD","data":{"price":"0.76850000","symbol":"XRPBUSD"},"level":"info","message":"Latest price","service":"api-d27bc23-binance-XRPBUSD","timestamp":"2022-03-03T12:34:29.807Z"}
{"assetPair":"XRPBUSD","data":{"price":"0.76800000","symbol":"XRPBUSD"},"level":"info","message":"Latest price","service":"api-d27bc23-binance-XRPBUSD","timestamp":"2022-03-03T12:37:29.836Z"}
{"assetPair":"XRPBUSD","data":{"price":"0.76810000","symbol":"XRPBUSD"},"level":"info","message":"Latest price","service":"api-d27bc23-binance-XRPBUSD","timestamp":"2022-03-03T12:40:29.865Z"}
{"assetPair":"XRPBUSD","data":{"price":"0.76800000","symbol":"XRPBUSD"},"level":"info","message":"Latest price","service":"api-d27bc23-binance-XRPBUSD","timestamp":"2022-03-03T12:43:29.902Z"}
{"assetPair":"XRPBUSD","data":{"price":"0.76780000","symbol":"XRPBUSD"},"level":"info","message":"Latest price","service":"api-d27bc23-binance-XRPBUSD","timestamp":"2022-03-03T12:46:29.935Z"}
{"assetPair":"XRPBUSD","data":{"price":"0.76650000","symbol":"XRPBUSD"},"level":"info","message":"Latest price","service":"api-d27bc23-binance-XRPBUSD","timestamp":"2022-03-03T12:49:29.962Z"}
{"assetPair":"XRPBUSD","data":{"price":"0.76760000","symbol":"XRPBUSD"},"level":"info","message":"Latest price","service":"api-d27bc23-binance-XRPBUSD","timestamp":"2022-03-03T12:52:30.007Z"}
{"assetPair":"XRPBUSD","data":{"price":"0.76850000","symbol":"XRPBUSD"},"level":"info","message":"Latest price","service":"api-d27bc23-binance-XRPBUSD","timestamp":"2022-03-03T12:55:30.035Z"}
{"assetPair":"XRPBUSD","data":{"price":"0.76950000","symbol":"XRPBUSD"},"level":"info","message":"Latest price","service":"api-d27bc23-binance-XRPBUSD","timestamp":"2022-03-03T12:58:30.069Z"}
